[2025-06-20T12:58:52.526+0000] {processor.py:153} INFO - Started process (PID=49) to work on /home/airflow/.local/lib/python3.7/site-packages/airflow/example_dags/example_xcom.py
[2025-06-20T12:58:52.527+0000] {processor.py:640} INFO - Processing file /home/airflow/.local/lib/python3.7/site-packages/airflow/example_dags/example_xcom.py for tasks to queue
[2025-06-20T12:58:52.528+0000] {logging_mixin.py:115} INFO - [2025-06-20T12:58:52.528+0000] {dagbag.py:508} INFO - Filling up the DagBag from /home/airflow/.local/lib/python3.7/site-packages/airflow/example_dags/example_xcom.py
[2025-06-20T12:58:52.544+0000] {processor.py:650} INFO - DAG(s) dict_keys(['example_xcom']) retrieved from /home/airflow/.local/lib/python3.7/site-packages/airflow/example_dags/example_xcom.py
[2025-06-20T12:58:52.612+0000] {logging_mixin.py:115} INFO - [2025-06-20T12:58:52.612+0000] {manager.py:508} INFO - Created Permission View: can read on DAG:example_xcom
[2025-06-20T12:58:52.621+0000] {logging_mixin.py:115} INFO - [2025-06-20T12:58:52.621+0000] {manager.py:508} INFO - Created Permission View: can delete on DAG:example_xcom
[2025-06-20T12:58:52.627+0000] {logging_mixin.py:115} INFO - [2025-06-20T12:58:52.627+0000] {manager.py:508} INFO - Created Permission View: can edit on DAG:example_xcom
[2025-06-20T12:58:52.627+0000] {logging_mixin.py:115} INFO - [2025-06-20T12:58:52.627+0000] {dag.py:2429} INFO - Sync 1 DAGs
[2025-06-20T12:58:52.632+0000] {logging_mixin.py:115} INFO - [2025-06-20T12:58:52.632+0000] {dag.py:2448} INFO - Creating ORM DAG for example_xcom
[2025-06-20T12:58:52.639+0000] {logging_mixin.py:115} INFO - [2025-06-20T12:58:52.639+0000] {dag.py:2981} INFO - Setting next_dagrun for example_xcom to 2021-01-01T00:00:00+00:00, run_after=2021-01-01T00:00:00+00:00
[2025-06-20T12:58:52.647+0000] {processor.py:161} INFO - Processing /home/airflow/.local/lib/python3.7/site-packages/airflow/example_dags/example_xcom.py took 0.124 seconds
[2025-06-20T12:59:22.656+0000] {processor.py:153} INFO - Started process (PID=109) to work on /home/airflow/.local/lib/python3.7/site-packages/airflow/example_dags/example_xcom.py
[2025-06-20T12:59:22.657+0000] {processor.py:640} INFO - Processing file /home/airflow/.local/lib/python3.7/site-packages/airflow/example_dags/example_xcom.py for tasks to queue
[2025-06-20T12:59:22.657+0000] {logging_mixin.py:115} INFO - [2025-06-20T12:59:22.657+0000] {dagbag.py:508} INFO - Filling up the DagBag from /home/airflow/.local/lib/python3.7/site-packages/airflow/example_dags/example_xcom.py
[2025-06-20T12:59:22.664+0000] {processor.py:650} INFO - DAG(s) dict_keys(['example_xcom']) retrieved from /home/airflow/.local/lib/python3.7/site-packages/airflow/example_dags/example_xcom.py
[2025-06-20T12:59:22.689+0000] {logging_mixin.py:115} INFO - [2025-06-20T12:59:22.689+0000] {dag.py:2429} INFO - Sync 1 DAGs
[2025-06-20T12:59:22.696+0000] {logging_mixin.py:115} INFO - [2025-06-20T12:59:22.696+0000] {dag.py:2981} INFO - Setting next_dagrun for example_xcom to 2021-01-01T00:00:00+00:00, run_after=2021-01-01T00:00:00+00:00
[2025-06-20T12:59:22.701+0000] {processor.py:161} INFO - Processing /home/airflow/.local/lib/python3.7/site-packages/airflow/example_dags/example_xcom.py took 0.046 seconds
[2025-06-20T12:59:52.734+0000] {processor.py:153} INFO - Started process (PID=170) to work on /home/airflow/.local/lib/python3.7/site-packages/airflow/example_dags/example_xcom.py
[2025-06-20T12:59:52.734+0000] {processor.py:640} INFO - Processing file /home/airflow/.local/lib/python3.7/site-packages/airflow/example_dags/example_xcom.py for tasks to queue
[2025-06-20T12:59:52.736+0000] {logging_mixin.py:115} INFO - [2025-06-20T12:59:52.736+0000] {dagbag.py:508} INFO - Filling up the DagBag from /home/airflow/.local/lib/python3.7/site-packages/airflow/example_dags/example_xcom.py
[2025-06-20T12:59:52.743+0000] {processor.py:650} INFO - DAG(s) dict_keys(['example_xcom']) retrieved from /home/airflow/.local/lib/python3.7/site-packages/airflow/example_dags/example_xcom.py
[2025-06-20T12:59:52.769+0000] {logging_mixin.py:115} INFO - [2025-06-20T12:59:52.769+0000] {dag.py:2429} INFO - Sync 1 DAGs
[2025-06-20T12:59:52.776+0000] {logging_mixin.py:115} INFO - [2025-06-20T12:59:52.776+0000] {dag.py:2981} INFO - Setting next_dagrun for example_xcom to 2021-01-01T00:00:00+00:00, run_after=2021-01-01T00:00:00+00:00
[2025-06-20T12:59:52.780+0000] {processor.py:161} INFO - Processing /home/airflow/.local/lib/python3.7/site-packages/airflow/example_dags/example_xcom.py took 0.048 seconds
[2025-06-20T13:03:47.264+0000] {processor.py:153} INFO - Started process (PID=48) to work on /home/airflow/.local/lib/python3.7/site-packages/airflow/example_dags/example_xcom.py
[2025-06-20T13:03:47.265+0000] {processor.py:640} INFO - Processing file /home/airflow/.local/lib/python3.7/site-packages/airflow/example_dags/example_xcom.py for tasks to queue
[2025-06-20T13:03:47.265+0000] {logging_mixin.py:115} INFO - [2025-06-20T13:03:47.265+0000] {dagbag.py:508} INFO - Filling up the DagBag from /home/airflow/.local/lib/python3.7/site-packages/airflow/example_dags/example_xcom.py
[2025-06-20T13:03:47.286+0000] {processor.py:650} INFO - DAG(s) dict_keys(['example_xcom']) retrieved from /home/airflow/.local/lib/python3.7/site-packages/airflow/example_dags/example_xcom.py
[2025-06-20T13:03:47.334+0000] {logging_mixin.py:115} INFO - [2025-06-20T13:03:47.333+0000] {manager.py:508} INFO - Created Permission View: can delete on DAG:example_xcom
[2025-06-20T13:03:47.341+0000] {logging_mixin.py:115} INFO - [2025-06-20T13:03:47.341+0000] {manager.py:508} INFO - Created Permission View: can edit on DAG:example_xcom
[2025-06-20T13:03:47.346+0000] {logging_mixin.py:115} INFO - [2025-06-20T13:03:47.346+0000] {manager.py:508} INFO - Created Permission View: can read on DAG:example_xcom
[2025-06-20T13:03:47.347+0000] {logging_mixin.py:115} INFO - [2025-06-20T13:03:47.346+0000] {dag.py:2429} INFO - Sync 1 DAGs
[2025-06-20T13:03:47.356+0000] {logging_mixin.py:115} INFO - [2025-06-20T13:03:47.355+0000] {dag.py:2448} INFO - Creating ORM DAG for example_xcom
[2025-06-20T13:03:47.365+0000] {logging_mixin.py:115} INFO - [2025-06-20T13:03:47.365+0000] {dag.py:2981} INFO - Setting next_dagrun for example_xcom to 2021-01-01T00:00:00+00:00, run_after=2021-01-01T00:00:00+00:00
[2025-06-20T13:03:47.376+0000] {processor.py:161} INFO - Processing /home/airflow/.local/lib/python3.7/site-packages/airflow/example_dags/example_xcom.py took 0.115 seconds
[2025-06-20T13:04:17.435+0000] {processor.py:153} INFO - Started process (PID=109) to work on /home/airflow/.local/lib/python3.7/site-packages/airflow/example_dags/example_xcom.py
[2025-06-20T13:04:17.436+0000] {processor.py:640} INFO - Processing file /home/airflow/.local/lib/python3.7/site-packages/airflow/example_dags/example_xcom.py for tasks to queue
[2025-06-20T13:04:17.436+0000] {logging_mixin.py:115} INFO - [2025-06-20T13:04:17.436+0000] {dagbag.py:508} INFO - Filling up the DagBag from /home/airflow/.local/lib/python3.7/site-packages/airflow/example_dags/example_xcom.py
[2025-06-20T13:04:17.444+0000] {processor.py:650} INFO - DAG(s) dict_keys(['example_xcom']) retrieved from /home/airflow/.local/lib/python3.7/site-packages/airflow/example_dags/example_xcom.py
[2025-06-20T13:04:17.475+0000] {logging_mixin.py:115} INFO - [2025-06-20T13:04:17.475+0000] {dag.py:2429} INFO - Sync 1 DAGs
[2025-06-20T13:04:17.485+0000] {logging_mixin.py:115} INFO - [2025-06-20T13:04:17.485+0000] {dag.py:2981} INFO - Setting next_dagrun for example_xcom to 2021-01-01T00:00:00+00:00, run_after=2021-01-01T00:00:00+00:00
[2025-06-20T13:04:17.491+0000] {processor.py:161} INFO - Processing /home/airflow/.local/lib/python3.7/site-packages/airflow/example_dags/example_xcom.py took 0.057 seconds
[2025-06-20T13:04:47.645+0000] {processor.py:153} INFO - Started process (PID=170) to work on /home/airflow/.local/lib/python3.7/site-packages/airflow/example_dags/example_xcom.py
[2025-06-20T13:04:47.646+0000] {processor.py:640} INFO - Processing file /home/airflow/.local/lib/python3.7/site-packages/airflow/example_dags/example_xcom.py for tasks to queue
[2025-06-20T13:04:47.647+0000] {logging_mixin.py:115} INFO - [2025-06-20T13:04:47.647+0000] {dagbag.py:508} INFO - Filling up the DagBag from /home/airflow/.local/lib/python3.7/site-packages/airflow/example_dags/example_xcom.py
[2025-06-20T13:04:47.656+0000] {processor.py:650} INFO - DAG(s) dict_keys(['example_xcom']) retrieved from /home/airflow/.local/lib/python3.7/site-packages/airflow/example_dags/example_xcom.py
[2025-06-20T13:04:47.689+0000] {logging_mixin.py:115} INFO - [2025-06-20T13:04:47.688+0000] {dag.py:2429} INFO - Sync 1 DAGs
[2025-06-20T13:04:47.698+0000] {logging_mixin.py:115} INFO - [2025-06-20T13:04:47.698+0000] {dag.py:2981} INFO - Setting next_dagrun for example_xcom to 2021-01-01T00:00:00+00:00, run_after=2021-01-01T00:00:00+00:00
[2025-06-20T13:04:47.705+0000] {processor.py:161} INFO - Processing /home/airflow/.local/lib/python3.7/site-packages/airflow/example_dags/example_xcom.py took 0.061 seconds
[2025-06-20T13:05:17.866+0000] {processor.py:153} INFO - Started process (PID=230) to work on /home/airflow/.local/lib/python3.7/site-packages/airflow/example_dags/example_xcom.py
[2025-06-20T13:05:17.869+0000] {processor.py:640} INFO - Processing file /home/airflow/.local/lib/python3.7/site-packages/airflow/example_dags/example_xcom.py for tasks to queue
[2025-06-20T13:05:17.869+0000] {logging_mixin.py:115} INFO - [2025-06-20T13:05:17.869+0000] {dagbag.py:508} INFO - Filling up the DagBag from /home/airflow/.local/lib/python3.7/site-packages/airflow/example_dags/example_xcom.py
[2025-06-20T13:05:17.883+0000] {processor.py:650} INFO - DAG(s) dict_keys(['example_xcom']) retrieved from /home/airflow/.local/lib/python3.7/site-packages/airflow/example_dags/example_xcom.py
[2025-06-20T13:05:17.915+0000] {logging_mixin.py:115} INFO - [2025-06-20T13:05:17.915+0000] {dag.py:2429} INFO - Sync 1 DAGs
[2025-06-20T13:05:17.925+0000] {logging_mixin.py:115} INFO - [2025-06-20T13:05:17.925+0000] {dag.py:2981} INFO - Setting next_dagrun for example_xcom to 2021-01-01T00:00:00+00:00, run_after=2021-01-01T00:00:00+00:00
[2025-06-20T13:05:17.930+0000] {processor.py:161} INFO - Processing /home/airflow/.local/lib/python3.7/site-packages/airflow/example_dags/example_xcom.py took 0.066 seconds
[2025-06-20T13:05:48.027+0000] {processor.py:153} INFO - Started process (PID=282) to work on /home/airflow/.local/lib/python3.7/site-packages/airflow/example_dags/example_xcom.py
[2025-06-20T13:05:48.027+0000] {processor.py:640} INFO - Processing file /home/airflow/.local/lib/python3.7/site-packages/airflow/example_dags/example_xcom.py for tasks to queue
[2025-06-20T13:05:48.028+0000] {logging_mixin.py:115} INFO - [2025-06-20T13:05:48.028+0000] {dagbag.py:508} INFO - Filling up the DagBag from /home/airflow/.local/lib/python3.7/site-packages/airflow/example_dags/example_xcom.py
[2025-06-20T13:05:48.038+0000] {processor.py:650} INFO - DAG(s) dict_keys(['example_xcom']) retrieved from /home/airflow/.local/lib/python3.7/site-packages/airflow/example_dags/example_xcom.py
[2025-06-20T13:05:48.067+0000] {logging_mixin.py:115} INFO - [2025-06-20T13:05:48.067+0000] {dag.py:2429} INFO - Sync 1 DAGs
[2025-06-20T13:05:48.075+0000] {logging_mixin.py:115} INFO - [2025-06-20T13:05:48.075+0000] {dag.py:2981} INFO - Setting next_dagrun for example_xcom to 2021-01-01T00:00:00+00:00, run_after=2021-01-01T00:00:00+00:00
[2025-06-20T13:05:48.082+0000] {processor.py:161} INFO - Processing /home/airflow/.local/lib/python3.7/site-packages/airflow/example_dags/example_xcom.py took 0.056 seconds
[2025-06-20T13:06:18.406+0000] {processor.py:153} INFO - Started process (PID=343) to work on /home/airflow/.local/lib/python3.7/site-packages/airflow/example_dags/example_xcom.py
[2025-06-20T13:06:18.407+0000] {processor.py:640} INFO - Processing file /home/airflow/.local/lib/python3.7/site-packages/airflow/example_dags/example_xcom.py for tasks to queue
[2025-06-20T13:06:18.407+0000] {logging_mixin.py:115} INFO - [2025-06-20T13:06:18.407+0000] {dagbag.py:508} INFO - Filling up the DagBag from /home/airflow/.local/lib/python3.7/site-packages/airflow/example_dags/example_xcom.py
[2025-06-20T13:06:18.414+0000] {processor.py:650} INFO - DAG(s) dict_keys(['example_xcom']) retrieved from /home/airflow/.local/lib/python3.7/site-packages/airflow/example_dags/example_xcom.py
[2025-06-20T13:06:18.431+0000] {logging_mixin.py:115} INFO - [2025-06-20T13:06:18.431+0000] {dag.py:2429} INFO - Sync 1 DAGs
[2025-06-20T13:06:18.441+0000] {logging_mixin.py:115} INFO - [2025-06-20T13:06:18.441+0000] {dag.py:2981} INFO - Setting next_dagrun for example_xcom to 2021-01-01T00:00:00+00:00, run_after=2021-01-01T00:00:00+00:00
[2025-06-20T13:06:18.446+0000] {processor.py:161} INFO - Processing /home/airflow/.local/lib/python3.7/site-packages/airflow/example_dags/example_xcom.py took 0.042 seconds
[2025-06-20T13:06:48.599+0000] {processor.py:153} INFO - Started process (PID=403) to work on /home/airflow/.local/lib/python3.7/site-packages/airflow/example_dags/example_xcom.py
[2025-06-20T13:06:48.600+0000] {processor.py:640} INFO - Processing file /home/airflow/.local/lib/python3.7/site-packages/airflow/example_dags/example_xcom.py for tasks to queue
[2025-06-20T13:06:48.600+0000] {logging_mixin.py:115} INFO - [2025-06-20T13:06:48.600+0000] {dagbag.py:508} INFO - Filling up the DagBag from /home/airflow/.local/lib/python3.7/site-packages/airflow/example_dags/example_xcom.py
[2025-06-20T13:06:48.608+0000] {processor.py:650} INFO - DAG(s) dict_keys(['example_xcom']) retrieved from /home/airflow/.local/lib/python3.7/site-packages/airflow/example_dags/example_xcom.py
[2025-06-20T13:06:48.620+0000] {logging_mixin.py:115} INFO - [2025-06-20T13:06:48.620+0000] {dag.py:2429} INFO - Sync 1 DAGs
[2025-06-20T13:06:48.629+0000] {logging_mixin.py:115} INFO - [2025-06-20T13:06:48.629+0000] {dag.py:2981} INFO - Setting next_dagrun for example_xcom to 2021-01-01T00:00:00+00:00, run_after=2021-01-01T00:00:00+00:00
[2025-06-20T13:06:48.635+0000] {processor.py:161} INFO - Processing /home/airflow/.local/lib/python3.7/site-packages/airflow/example_dags/example_xcom.py took 0.037 seconds
[2025-06-20T13:07:18.676+0000] {processor.py:153} INFO - Started process (PID=464) to work on /home/airflow/.local/lib/python3.7/site-packages/airflow/example_dags/example_xcom.py
[2025-06-20T13:07:18.676+0000] {processor.py:640} INFO - Processing file /home/airflow/.local/lib/python3.7/site-packages/airflow/example_dags/example_xcom.py for tasks to queue
[2025-06-20T13:07:18.676+0000] {logging_mixin.py:115} INFO - [2025-06-20T13:07:18.676+0000] {dagbag.py:508} INFO - Filling up the DagBag from /home/airflow/.local/lib/python3.7/site-packages/airflow/example_dags/example_xcom.py
[2025-06-20T13:07:18.683+0000] {processor.py:650} INFO - DAG(s) dict_keys(['example_xcom']) retrieved from /home/airflow/.local/lib/python3.7/site-packages/airflow/example_dags/example_xcom.py
[2025-06-20T13:07:18.693+0000] {logging_mixin.py:115} INFO - [2025-06-20T13:07:18.693+0000] {dag.py:2429} INFO - Sync 1 DAGs
[2025-06-20T13:07:18.702+0000] {logging_mixin.py:115} INFO - [2025-06-20T13:07:18.702+0000] {dag.py:2981} INFO - Setting next_dagrun for example_xcom to 2021-01-01T00:00:00+00:00, run_after=2021-01-01T00:00:00+00:00
[2025-06-20T13:07:18.707+0000] {processor.py:161} INFO - Processing /home/airflow/.local/lib/python3.7/site-packages/airflow/example_dags/example_xcom.py took 0.032 seconds
[2025-06-20T13:07:48.787+0000] {processor.py:153} INFO - Started process (PID=525) to work on /home/airflow/.local/lib/python3.7/site-packages/airflow/example_dags/example_xcom.py
[2025-06-20T13:07:48.787+0000] {processor.py:640} INFO - Processing file /home/airflow/.local/lib/python3.7/site-packages/airflow/example_dags/example_xcom.py for tasks to queue
[2025-06-20T13:07:48.788+0000] {logging_mixin.py:115} INFO - [2025-06-20T13:07:48.788+0000] {dagbag.py:508} INFO - Filling up the DagBag from /home/airflow/.local/lib/python3.7/site-packages/airflow/example_dags/example_xcom.py
[2025-06-20T13:07:48.795+0000] {processor.py:650} INFO - DAG(s) dict_keys(['example_xcom']) retrieved from /home/airflow/.local/lib/python3.7/site-packages/airflow/example_dags/example_xcom.py
[2025-06-20T13:07:48.806+0000] {logging_mixin.py:115} INFO - [2025-06-20T13:07:48.806+0000] {dag.py:2429} INFO - Sync 1 DAGs
[2025-06-20T13:07:48.816+0000] {logging_mixin.py:115} INFO - [2025-06-20T13:07:48.816+0000] {dag.py:2981} INFO - Setting next_dagrun for example_xcom to 2021-01-01T00:00:00+00:00, run_after=2021-01-01T00:00:00+00:00
[2025-06-20T13:07:48.821+0000] {processor.py:161} INFO - Processing /home/airflow/.local/lib/python3.7/site-packages/airflow/example_dags/example_xcom.py took 0.036 seconds
[2025-06-20T13:08:18.832+0000] {processor.py:153} INFO - Started process (PID=576) to work on /home/airflow/.local/lib/python3.7/site-packages/airflow/example_dags/example_xcom.py
[2025-06-20T13:08:18.833+0000] {processor.py:640} INFO - Processing file /home/airflow/.local/lib/python3.7/site-packages/airflow/example_dags/example_xcom.py for tasks to queue
[2025-06-20T13:08:18.834+0000] {logging_mixin.py:115} INFO - [2025-06-20T13:08:18.834+0000] {dagbag.py:508} INFO - Filling up the DagBag from /home/airflow/.local/lib/python3.7/site-packages/airflow/example_dags/example_xcom.py
[2025-06-20T13:08:18.842+0000] {processor.py:650} INFO - DAG(s) dict_keys(['example_xcom']) retrieved from /home/airflow/.local/lib/python3.7/site-packages/airflow/example_dags/example_xcom.py
[2025-06-20T13:08:18.853+0000] {logging_mixin.py:115} INFO - [2025-06-20T13:08:18.853+0000] {dag.py:2429} INFO - Sync 1 DAGs
[2025-06-20T13:08:18.862+0000] {logging_mixin.py:115} INFO - [2025-06-20T13:08:18.862+0000] {dag.py:2981} INFO - Setting next_dagrun for example_xcom to 2021-01-01T00:00:00+00:00, run_after=2021-01-01T00:00:00+00:00
[2025-06-20T13:08:18.868+0000] {processor.py:161} INFO - Processing /home/airflow/.local/lib/python3.7/site-packages/airflow/example_dags/example_xcom.py took 0.037 seconds
[2025-06-20T13:08:48.962+0000] {processor.py:153} INFO - Started process (PID=637) to work on /home/airflow/.local/lib/python3.7/site-packages/airflow/example_dags/example_xcom.py
[2025-06-20T13:08:48.963+0000] {processor.py:640} INFO - Processing file /home/airflow/.local/lib/python3.7/site-packages/airflow/example_dags/example_xcom.py for tasks to queue
[2025-06-20T13:08:48.963+0000] {logging_mixin.py:115} INFO - [2025-06-20T13:08:48.963+0000] {dagbag.py:508} INFO - Filling up the DagBag from /home/airflow/.local/lib/python3.7/site-packages/airflow/example_dags/example_xcom.py
[2025-06-20T13:08:48.971+0000] {processor.py:650} INFO - DAG(s) dict_keys(['example_xcom']) retrieved from /home/airflow/.local/lib/python3.7/site-packages/airflow/example_dags/example_xcom.py
[2025-06-20T13:08:48.998+0000] {logging_mixin.py:115} INFO - [2025-06-20T13:08:48.998+0000] {dag.py:2429} INFO - Sync 1 DAGs
[2025-06-20T13:08:49.006+0000] {logging_mixin.py:115} INFO - [2025-06-20T13:08:49.006+0000] {dag.py:2981} INFO - Setting next_dagrun for example_xcom to 2021-01-01T00:00:00+00:00, run_after=2021-01-01T00:00:00+00:00
[2025-06-20T13:08:49.011+0000] {processor.py:161} INFO - Processing /home/airflow/.local/lib/python3.7/site-packages/airflow/example_dags/example_xcom.py took 0.050 seconds
[2025-06-20T13:09:19.094+0000] {processor.py:153} INFO - Started process (PID=698) to work on /home/airflow/.local/lib/python3.7/site-packages/airflow/example_dags/example_xcom.py
[2025-06-20T13:09:19.095+0000] {processor.py:640} INFO - Processing file /home/airflow/.local/lib/python3.7/site-packages/airflow/example_dags/example_xcom.py for tasks to queue
[2025-06-20T13:09:19.095+0000] {logging_mixin.py:115} INFO - [2025-06-20T13:09:19.095+0000] {dagbag.py:508} INFO - Filling up the DagBag from /home/airflow/.local/lib/python3.7/site-packages/airflow/example_dags/example_xcom.py
[2025-06-20T13:09:19.102+0000] {processor.py:650} INFO - DAG(s) dict_keys(['example_xcom']) retrieved from /home/airflow/.local/lib/python3.7/site-packages/airflow/example_dags/example_xcom.py
[2025-06-20T13:09:19.132+0000] {logging_mixin.py:115} INFO - [2025-06-20T13:09:19.132+0000] {dag.py:2429} INFO - Sync 1 DAGs
[2025-06-20T13:09:19.141+0000] {logging_mixin.py:115} INFO - [2025-06-20T13:09:19.141+0000] {dag.py:2981} INFO - Setting next_dagrun for example_xcom to 2021-01-01T00:00:00+00:00, run_after=2021-01-01T00:00:00+00:00
[2025-06-20T13:09:19.147+0000] {processor.py:161} INFO - Processing /home/airflow/.local/lib/python3.7/site-packages/airflow/example_dags/example_xcom.py took 0.054 seconds
[2025-06-20T13:09:49.188+0000] {processor.py:153} INFO - Started process (PID=760) to work on /home/airflow/.local/lib/python3.7/site-packages/airflow/example_dags/example_xcom.py
[2025-06-20T13:09:49.188+0000] {processor.py:640} INFO - Processing file /home/airflow/.local/lib/python3.7/site-packages/airflow/example_dags/example_xcom.py for tasks to queue
[2025-06-20T13:09:49.188+0000] {logging_mixin.py:115} INFO - [2025-06-20T13:09:49.188+0000] {dagbag.py:508} INFO - Filling up the DagBag from /home/airflow/.local/lib/python3.7/site-packages/airflow/example_dags/example_xcom.py
[2025-06-20T13:09:49.195+0000] {processor.py:650} INFO - DAG(s) dict_keys(['example_xcom']) retrieved from /home/airflow/.local/lib/python3.7/site-packages/airflow/example_dags/example_xcom.py
[2025-06-20T13:09:49.224+0000] {logging_mixin.py:115} INFO - [2025-06-20T13:09:49.224+0000] {dag.py:2429} INFO - Sync 1 DAGs
[2025-06-20T13:09:49.233+0000] {logging_mixin.py:115} INFO - [2025-06-20T13:09:49.232+0000] {dag.py:2981} INFO - Setting next_dagrun for example_xcom to 2021-01-01T00:00:00+00:00, run_after=2021-01-01T00:00:00+00:00
[2025-06-20T13:09:49.238+0000] {processor.py:161} INFO - Processing /home/airflow/.local/lib/python3.7/site-packages/airflow/example_dags/example_xcom.py took 0.052 seconds
[2025-06-20T13:10:19.277+0000] {processor.py:153} INFO - Started process (PID=821) to work on /home/airflow/.local/lib/python3.7/site-packages/airflow/example_dags/example_xcom.py
[2025-06-20T13:10:19.277+0000] {processor.py:640} INFO - Processing file /home/airflow/.local/lib/python3.7/site-packages/airflow/example_dags/example_xcom.py for tasks to queue
[2025-06-20T13:10:19.277+0000] {logging_mixin.py:115} INFO - [2025-06-20T13:10:19.277+0000] {dagbag.py:508} INFO - Filling up the DagBag from /home/airflow/.local/lib/python3.7/site-packages/airflow/example_dags/example_xcom.py
[2025-06-20T13:10:19.285+0000] {processor.py:650} INFO - DAG(s) dict_keys(['example_xcom']) retrieved from /home/airflow/.local/lib/python3.7/site-packages/airflow/example_dags/example_xcom.py
[2025-06-20T13:10:19.295+0000] {logging_mixin.py:115} INFO - [2025-06-20T13:10:19.295+0000] {dag.py:2429} INFO - Sync 1 DAGs
[2025-06-20T13:10:19.304+0000] {logging_mixin.py:115} INFO - [2025-06-20T13:10:19.304+0000] {dag.py:2981} INFO - Setting next_dagrun for example_xcom to 2021-01-01T00:00:00+00:00, run_after=2021-01-01T00:00:00+00:00
[2025-06-20T13:10:19.308+0000] {processor.py:161} INFO - Processing /home/airflow/.local/lib/python3.7/site-packages/airflow/example_dags/example_xcom.py took 0.033 seconds
[2025-06-20T13:10:49.387+0000] {processor.py:153} INFO - Started process (PID=881) to work on /home/airflow/.local/lib/python3.7/site-packages/airflow/example_dags/example_xcom.py
[2025-06-20T13:10:49.387+0000] {processor.py:640} INFO - Processing file /home/airflow/.local/lib/python3.7/site-packages/airflow/example_dags/example_xcom.py for tasks to queue
[2025-06-20T13:10:49.388+0000] {logging_mixin.py:115} INFO - [2025-06-20T13:10:49.388+0000] {dagbag.py:508} INFO - Filling up the DagBag from /home/airflow/.local/lib/python3.7/site-packages/airflow/example_dags/example_xcom.py
[2025-06-20T13:10:49.395+0000] {processor.py:650} INFO - DAG(s) dict_keys(['example_xcom']) retrieved from /home/airflow/.local/lib/python3.7/site-packages/airflow/example_dags/example_xcom.py
[2025-06-20T13:10:49.423+0000] {logging_mixin.py:115} INFO - [2025-06-20T13:10:49.423+0000] {dag.py:2429} INFO - Sync 1 DAGs
[2025-06-20T13:10:49.431+0000] {logging_mixin.py:115} INFO - [2025-06-20T13:10:49.431+0000] {dag.py:2981} INFO - Setting next_dagrun for example_xcom to 2021-01-01T00:00:00+00:00, run_after=2021-01-01T00:00:00+00:00
[2025-06-20T13:10:49.437+0000] {processor.py:161} INFO - Processing /home/airflow/.local/lib/python3.7/site-packages/airflow/example_dags/example_xcom.py took 0.051 seconds
[2025-06-20T13:11:19.505+0000] {processor.py:153} INFO - Started process (PID=933) to work on /home/airflow/.local/lib/python3.7/site-packages/airflow/example_dags/example_xcom.py
[2025-06-20T13:11:19.508+0000] {processor.py:640} INFO - Processing file /home/airflow/.local/lib/python3.7/site-packages/airflow/example_dags/example_xcom.py for tasks to queue
[2025-06-20T13:11:19.510+0000] {logging_mixin.py:115} INFO - [2025-06-20T13:11:19.509+0000] {dagbag.py:508} INFO - Filling up the DagBag from /home/airflow/.local/lib/python3.7/site-packages/airflow/example_dags/example_xcom.py
[2025-06-20T13:11:19.517+0000] {processor.py:650} INFO - DAG(s) dict_keys(['example_xcom']) retrieved from /home/airflow/.local/lib/python3.7/site-packages/airflow/example_dags/example_xcom.py
[2025-06-20T13:11:19.527+0000] {logging_mixin.py:115} INFO - [2025-06-20T13:11:19.527+0000] {dag.py:2429} INFO - Sync 1 DAGs
[2025-06-20T13:11:19.539+0000] {logging_mixin.py:115} INFO - [2025-06-20T13:11:19.539+0000] {dag.py:2981} INFO - Setting next_dagrun for example_xcom to 2021-01-01T00:00:00+00:00, run_after=2021-01-01T00:00:00+00:00
[2025-06-20T13:11:19.543+0000] {processor.py:161} INFO - Processing /home/airflow/.local/lib/python3.7/site-packages/airflow/example_dags/example_xcom.py took 0.040 seconds
[2025-06-20T13:11:49.683+0000] {processor.py:153} INFO - Started process (PID=994) to work on /home/airflow/.local/lib/python3.7/site-packages/airflow/example_dags/example_xcom.py
[2025-06-20T13:11:49.684+0000] {processor.py:640} INFO - Processing file /home/airflow/.local/lib/python3.7/site-packages/airflow/example_dags/example_xcom.py for tasks to queue
[2025-06-20T13:11:49.684+0000] {logging_mixin.py:115} INFO - [2025-06-20T13:11:49.684+0000] {dagbag.py:508} INFO - Filling up the DagBag from /home/airflow/.local/lib/python3.7/site-packages/airflow/example_dags/example_xcom.py
[2025-06-20T13:11:49.691+0000] {processor.py:650} INFO - DAG(s) dict_keys(['example_xcom']) retrieved from /home/airflow/.local/lib/python3.7/site-packages/airflow/example_dags/example_xcom.py
[2025-06-20T13:11:49.702+0000] {logging_mixin.py:115} INFO - [2025-06-20T13:11:49.702+0000] {dag.py:2429} INFO - Sync 1 DAGs
[2025-06-20T13:11:49.712+0000] {logging_mixin.py:115} INFO - [2025-06-20T13:11:49.711+0000] {dag.py:2981} INFO - Setting next_dagrun for example_xcom to 2021-01-01T00:00:00+00:00, run_after=2021-01-01T00:00:00+00:00
[2025-06-20T13:11:49.717+0000] {processor.py:161} INFO - Processing /home/airflow/.local/lib/python3.7/site-packages/airflow/example_dags/example_xcom.py took 0.035 seconds
[2025-06-20T13:12:19.857+0000] {processor.py:153} INFO - Started process (PID=1055) to work on /home/airflow/.local/lib/python3.7/site-packages/airflow/example_dags/example_xcom.py
[2025-06-20T13:12:19.857+0000] {processor.py:640} INFO - Processing file /home/airflow/.local/lib/python3.7/site-packages/airflow/example_dags/example_xcom.py for tasks to queue
[2025-06-20T13:12:19.857+0000] {logging_mixin.py:115} INFO - [2025-06-20T13:12:19.857+0000] {dagbag.py:508} INFO - Filling up the DagBag from /home/airflow/.local/lib/python3.7/site-packages/airflow/example_dags/example_xcom.py
[2025-06-20T13:12:19.865+0000] {processor.py:650} INFO - DAG(s) dict_keys(['example_xcom']) retrieved from /home/airflow/.local/lib/python3.7/site-packages/airflow/example_dags/example_xcom.py
[2025-06-20T13:12:19.876+0000] {logging_mixin.py:115} INFO - [2025-06-20T13:12:19.876+0000] {dag.py:2429} INFO - Sync 1 DAGs
[2025-06-20T13:12:19.887+0000] {logging_mixin.py:115} INFO - [2025-06-20T13:12:19.887+0000] {dag.py:2981} INFO - Setting next_dagrun for example_xcom to 2021-01-01T00:00:00+00:00, run_after=2021-01-01T00:00:00+00:00
[2025-06-20T13:12:19.891+0000] {processor.py:161} INFO - Processing /home/airflow/.local/lib/python3.7/site-packages/airflow/example_dags/example_xcom.py took 0.036 seconds
[2025-06-20T13:12:49.984+0000] {processor.py:153} INFO - Started process (PID=1116) to work on /home/airflow/.local/lib/python3.7/site-packages/airflow/example_dags/example_xcom.py
[2025-06-20T13:12:49.984+0000] {processor.py:640} INFO - Processing file /home/airflow/.local/lib/python3.7/site-packages/airflow/example_dags/example_xcom.py for tasks to queue
[2025-06-20T13:12:49.984+0000] {logging_mixin.py:115} INFO - [2025-06-20T13:12:49.984+0000] {dagbag.py:508} INFO - Filling up the DagBag from /home/airflow/.local/lib/python3.7/site-packages/airflow/example_dags/example_xcom.py
[2025-06-20T13:12:49.992+0000] {processor.py:650} INFO - DAG(s) dict_keys(['example_xcom']) retrieved from /home/airflow/.local/lib/python3.7/site-packages/airflow/example_dags/example_xcom.py
[2025-06-20T13:12:50.002+0000] {logging_mixin.py:115} INFO - [2025-06-20T13:12:50.002+0000] {dag.py:2429} INFO - Sync 1 DAGs
[2025-06-20T13:12:50.014+0000] {logging_mixin.py:115} INFO - [2025-06-20T13:12:50.013+0000] {dag.py:2981} INFO - Setting next_dagrun for example_xcom to 2021-01-01T00:00:00+00:00, run_after=2021-01-01T00:00:00+00:00
[2025-06-20T13:12:50.018+0000] {processor.py:161} INFO - Processing /home/airflow/.local/lib/python3.7/site-packages/airflow/example_dags/example_xcom.py took 0.036 seconds
[2025-06-20T13:13:20.095+0000] {processor.py:153} INFO - Started process (PID=1177) to work on /home/airflow/.local/lib/python3.7/site-packages/airflow/example_dags/example_xcom.py
[2025-06-20T13:13:20.095+0000] {processor.py:640} INFO - Processing file /home/airflow/.local/lib/python3.7/site-packages/airflow/example_dags/example_xcom.py for tasks to queue
[2025-06-20T13:13:20.097+0000] {logging_mixin.py:115} INFO - [2025-06-20T13:13:20.097+0000] {dagbag.py:508} INFO - Filling up the DagBag from /home/airflow/.local/lib/python3.7/site-packages/airflow/example_dags/example_xcom.py
[2025-06-20T13:13:20.106+0000] {processor.py:650} INFO - DAG(s) dict_keys(['example_xcom']) retrieved from /home/airflow/.local/lib/python3.7/site-packages/airflow/example_dags/example_xcom.py
[2025-06-20T13:13:20.135+0000] {logging_mixin.py:115} INFO - [2025-06-20T13:13:20.135+0000] {dag.py:2429} INFO - Sync 1 DAGs
[2025-06-20T13:13:20.142+0000] {logging_mixin.py:115} INFO - [2025-06-20T13:13:20.142+0000] {dag.py:2981} INFO - Setting next_dagrun for example_xcom to 2021-01-01T00:00:00+00:00, run_after=2021-01-01T00:00:00+00:00
[2025-06-20T13:13:20.147+0000] {processor.py:161} INFO - Processing /home/airflow/.local/lib/python3.7/site-packages/airflow/example_dags/example_xcom.py took 0.054 seconds
[2025-06-20T13:13:50.303+0000] {processor.py:153} INFO - Started process (PID=1229) to work on /home/airflow/.local/lib/python3.7/site-packages/airflow/example_dags/example_xcom.py
[2025-06-20T13:13:50.303+0000] {processor.py:640} INFO - Processing file /home/airflow/.local/lib/python3.7/site-packages/airflow/example_dags/example_xcom.py for tasks to queue
[2025-06-20T13:13:50.304+0000] {logging_mixin.py:115} INFO - [2025-06-20T13:13:50.304+0000] {dagbag.py:508} INFO - Filling up the DagBag from /home/airflow/.local/lib/python3.7/site-packages/airflow/example_dags/example_xcom.py
[2025-06-20T13:13:50.312+0000] {processor.py:650} INFO - DAG(s) dict_keys(['example_xcom']) retrieved from /home/airflow/.local/lib/python3.7/site-packages/airflow/example_dags/example_xcom.py
[2025-06-20T13:13:50.344+0000] {logging_mixin.py:115} INFO - [2025-06-20T13:13:50.344+0000] {dag.py:2429} INFO - Sync 1 DAGs
[2025-06-20T13:13:50.354+0000] {logging_mixin.py:115} INFO - [2025-06-20T13:13:50.354+0000] {dag.py:2981} INFO - Setting next_dagrun for example_xcom to 2021-01-01T00:00:00+00:00, run_after=2021-01-01T00:00:00+00:00
[2025-06-20T13:13:50.359+0000] {processor.py:161} INFO - Processing /home/airflow/.local/lib/python3.7/site-packages/airflow/example_dags/example_xcom.py took 0.058 seconds
[2025-06-20T13:14:20.581+0000] {processor.py:153} INFO - Started process (PID=1290) to work on /home/airflow/.local/lib/python3.7/site-packages/airflow/example_dags/example_xcom.py
[2025-06-20T13:14:20.581+0000] {processor.py:640} INFO - Processing file /home/airflow/.local/lib/python3.7/site-packages/airflow/example_dags/example_xcom.py for tasks to queue
[2025-06-20T13:14:20.582+0000] {logging_mixin.py:115} INFO - [2025-06-20T13:14:20.582+0000] {dagbag.py:508} INFO - Filling up the DagBag from /home/airflow/.local/lib/python3.7/site-packages/airflow/example_dags/example_xcom.py
[2025-06-20T13:14:20.592+0000] {processor.py:650} INFO - DAG(s) dict_keys(['example_xcom']) retrieved from /home/airflow/.local/lib/python3.7/site-packages/airflow/example_dags/example_xcom.py
[2025-06-20T13:14:20.607+0000] {logging_mixin.py:115} INFO - [2025-06-20T13:14:20.607+0000] {dag.py:2429} INFO - Sync 1 DAGs
[2025-06-20T13:14:20.620+0000] {logging_mixin.py:115} INFO - [2025-06-20T13:14:20.620+0000] {dag.py:2981} INFO - Setting next_dagrun for example_xcom to 2021-01-01T00:00:00+00:00, run_after=2021-01-01T00:00:00+00:00
[2025-06-20T13:14:20.625+0000] {processor.py:161} INFO - Processing /home/airflow/.local/lib/python3.7/site-packages/airflow/example_dags/example_xcom.py took 0.046 seconds
[2025-06-20T13:14:50.658+0000] {processor.py:153} INFO - Started process (PID=1351) to work on /home/airflow/.local/lib/python3.7/site-packages/airflow/example_dags/example_xcom.py
[2025-06-20T13:14:50.659+0000] {processor.py:640} INFO - Processing file /home/airflow/.local/lib/python3.7/site-packages/airflow/example_dags/example_xcom.py for tasks to queue
[2025-06-20T13:14:50.659+0000] {logging_mixin.py:115} INFO - [2025-06-20T13:14:50.659+0000] {dagbag.py:508} INFO - Filling up the DagBag from /home/airflow/.local/lib/python3.7/site-packages/airflow/example_dags/example_xcom.py
[2025-06-20T13:14:50.666+0000] {processor.py:650} INFO - DAG(s) dict_keys(['example_xcom']) retrieved from /home/airflow/.local/lib/python3.7/site-packages/airflow/example_dags/example_xcom.py
[2025-06-20T13:14:50.676+0000] {logging_mixin.py:115} INFO - [2025-06-20T13:14:50.676+0000] {dag.py:2429} INFO - Sync 1 DAGs
[2025-06-20T13:14:50.685+0000] {logging_mixin.py:115} INFO - [2025-06-20T13:14:50.685+0000] {dag.py:2981} INFO - Setting next_dagrun for example_xcom to 2021-01-01T00:00:00+00:00, run_after=2021-01-01T00:00:00+00:00
[2025-06-20T13:14:50.690+0000] {processor.py:161} INFO - Processing /home/airflow/.local/lib/python3.7/site-packages/airflow/example_dags/example_xcom.py took 0.034 seconds
[2025-06-20T13:15:20.727+0000] {processor.py:153} INFO - Started process (PID=1412) to work on /home/airflow/.local/lib/python3.7/site-packages/airflow/example_dags/example_xcom.py
[2025-06-20T13:15:20.731+0000] {processor.py:640} INFO - Processing file /home/airflow/.local/lib/python3.7/site-packages/airflow/example_dags/example_xcom.py for tasks to queue
[2025-06-20T13:15:20.732+0000] {logging_mixin.py:115} INFO - [2025-06-20T13:15:20.732+0000] {dagbag.py:508} INFO - Filling up the DagBag from /home/airflow/.local/lib/python3.7/site-packages/airflow/example_dags/example_xcom.py
[2025-06-20T13:15:20.740+0000] {processor.py:650} INFO - DAG(s) dict_keys(['example_xcom']) retrieved from /home/airflow/.local/lib/python3.7/site-packages/airflow/example_dags/example_xcom.py
[2025-06-20T13:15:20.770+0000] {logging_mixin.py:115} INFO - [2025-06-20T13:15:20.770+0000] {dag.py:2429} INFO - Sync 1 DAGs
[2025-06-20T13:15:20.778+0000] {logging_mixin.py:115} INFO - [2025-06-20T13:15:20.778+0000] {dag.py:2981} INFO - Setting next_dagrun for example_xcom to 2021-01-01T00:00:00+00:00, run_after=2021-01-01T00:00:00+00:00
[2025-06-20T13:15:20.785+0000] {processor.py:161} INFO - Processing /home/airflow/.local/lib/python3.7/site-packages/airflow/example_dags/example_xcom.py took 0.059 seconds
[2025-06-20T13:15:50.850+0000] {processor.py:153} INFO - Started process (PID=1473) to work on /home/airflow/.local/lib/python3.7/site-packages/airflow/example_dags/example_xcom.py
[2025-06-20T13:15:50.851+0000] {processor.py:640} INFO - Processing file /home/airflow/.local/lib/python3.7/site-packages/airflow/example_dags/example_xcom.py for tasks to queue
[2025-06-20T13:15:50.851+0000] {logging_mixin.py:115} INFO - [2025-06-20T13:15:50.851+0000] {dagbag.py:508} INFO - Filling up the DagBag from /home/airflow/.local/lib/python3.7/site-packages/airflow/example_dags/example_xcom.py
[2025-06-20T13:15:50.861+0000] {processor.py:650} INFO - DAG(s) dict_keys(['example_xcom']) retrieved from /home/airflow/.local/lib/python3.7/site-packages/airflow/example_dags/example_xcom.py
[2025-06-20T13:15:50.892+0000] {logging_mixin.py:115} INFO - [2025-06-20T13:15:50.892+0000] {dag.py:2429} INFO - Sync 1 DAGs
[2025-06-20T13:15:50.902+0000] {logging_mixin.py:115} INFO - [2025-06-20T13:15:50.902+0000] {dag.py:2981} INFO - Setting next_dagrun for example_xcom to 2021-01-01T00:00:00+00:00, run_after=2021-01-01T00:00:00+00:00
[2025-06-20T13:15:50.908+0000] {processor.py:161} INFO - Processing /home/airflow/.local/lib/python3.7/site-packages/airflow/example_dags/example_xcom.py took 0.059 seconds
[2025-06-20T13:16:21.040+0000] {processor.py:153} INFO - Started process (PID=1534) to work on /home/airflow/.local/lib/python3.7/site-packages/airflow/example_dags/example_xcom.py
[2025-06-20T13:16:21.042+0000] {processor.py:640} INFO - Processing file /home/airflow/.local/lib/python3.7/site-packages/airflow/example_dags/example_xcom.py for tasks to queue
[2025-06-20T13:16:21.043+0000] {logging_mixin.py:115} INFO - [2025-06-20T13:16:21.043+0000] {dagbag.py:508} INFO - Filling up the DagBag from /home/airflow/.local/lib/python3.7/site-packages/airflow/example_dags/example_xcom.py
[2025-06-20T13:16:21.059+0000] {processor.py:650} INFO - DAG(s) dict_keys(['example_xcom']) retrieved from /home/airflow/.local/lib/python3.7/site-packages/airflow/example_dags/example_xcom.py
[2025-06-20T13:16:21.083+0000] {logging_mixin.py:115} INFO - [2025-06-20T13:16:21.083+0000] {dag.py:2429} INFO - Sync 1 DAGs
[2025-06-20T13:16:21.101+0000] {logging_mixin.py:115} INFO - [2025-06-20T13:16:21.101+0000] {dag.py:2981} INFO - Setting next_dagrun for example_xcom to 2021-01-01T00:00:00+00:00, run_after=2021-01-01T00:00:00+00:00
[2025-06-20T13:16:21.110+0000] {processor.py:161} INFO - Processing /home/airflow/.local/lib/python3.7/site-packages/airflow/example_dags/example_xcom.py took 0.072 seconds
[2025-06-20T13:16:51.328+0000] {processor.py:153} INFO - Started process (PID=1586) to work on /home/airflow/.local/lib/python3.7/site-packages/airflow/example_dags/example_xcom.py
[2025-06-20T13:16:51.328+0000] {processor.py:640} INFO - Processing file /home/airflow/.local/lib/python3.7/site-packages/airflow/example_dags/example_xcom.py for tasks to queue
[2025-06-20T13:16:51.329+0000] {logging_mixin.py:115} INFO - [2025-06-20T13:16:51.329+0000] {dagbag.py:508} INFO - Filling up the DagBag from /home/airflow/.local/lib/python3.7/site-packages/airflow/example_dags/example_xcom.py
[2025-06-20T13:16:51.338+0000] {processor.py:650} INFO - DAG(s) dict_keys(['example_xcom']) retrieved from /home/airflow/.local/lib/python3.7/site-packages/airflow/example_dags/example_xcom.py
[2025-06-20T13:16:51.368+0000] {logging_mixin.py:115} INFO - [2025-06-20T13:16:51.368+0000] {dag.py:2429} INFO - Sync 1 DAGs
[2025-06-20T13:16:51.376+0000] {logging_mixin.py:115} INFO - [2025-06-20T13:16:51.376+0000] {dag.py:2981} INFO - Setting next_dagrun for example_xcom to 2021-01-01T00:00:00+00:00, run_after=2021-01-01T00:00:00+00:00
[2025-06-20T13:16:51.381+0000] {processor.py:161} INFO - Processing /home/airflow/.local/lib/python3.7/site-packages/airflow/example_dags/example_xcom.py took 0.055 seconds
[2025-06-20T13:17:21.417+0000] {processor.py:153} INFO - Started process (PID=1647) to work on /home/airflow/.local/lib/python3.7/site-packages/airflow/example_dags/example_xcom.py
[2025-06-20T13:17:21.417+0000] {processor.py:640} INFO - Processing file /home/airflow/.local/lib/python3.7/site-packages/airflow/example_dags/example_xcom.py for tasks to queue
[2025-06-20T13:17:21.417+0000] {logging_mixin.py:115} INFO - [2025-06-20T13:17:21.417+0000] {dagbag.py:508} INFO - Filling up the DagBag from /home/airflow/.local/lib/python3.7/site-packages/airflow/example_dags/example_xcom.py
[2025-06-20T13:17:21.425+0000] {processor.py:650} INFO - DAG(s) dict_keys(['example_xcom']) retrieved from /home/airflow/.local/lib/python3.7/site-packages/airflow/example_dags/example_xcom.py
[2025-06-20T13:17:21.452+0000] {logging_mixin.py:115} INFO - [2025-06-20T13:17:21.452+0000] {dag.py:2429} INFO - Sync 1 DAGs
[2025-06-20T13:17:21.461+0000] {logging_mixin.py:115} INFO - [2025-06-20T13:17:21.461+0000] {dag.py:2981} INFO - Setting next_dagrun for example_xcom to 2021-01-01T00:00:00+00:00, run_after=2021-01-01T00:00:00+00:00
[2025-06-20T13:17:21.466+0000] {processor.py:161} INFO - Processing /home/airflow/.local/lib/python3.7/site-packages/airflow/example_dags/example_xcom.py took 0.051 seconds
[2025-06-20T13:17:51.550+0000] {processor.py:153} INFO - Started process (PID=1708) to work on /home/airflow/.local/lib/python3.7/site-packages/airflow/example_dags/example_xcom.py
[2025-06-20T13:17:51.551+0000] {processor.py:640} INFO - Processing file /home/airflow/.local/lib/python3.7/site-packages/airflow/example_dags/example_xcom.py for tasks to queue
[2025-06-20T13:17:51.551+0000] {logging_mixin.py:115} INFO - [2025-06-20T13:17:51.551+0000] {dagbag.py:508} INFO - Filling up the DagBag from /home/airflow/.local/lib/python3.7/site-packages/airflow/example_dags/example_xcom.py
[2025-06-20T13:17:51.559+0000] {processor.py:650} INFO - DAG(s) dict_keys(['example_xcom']) retrieved from /home/airflow/.local/lib/python3.7/site-packages/airflow/example_dags/example_xcom.py
[2025-06-20T13:17:51.569+0000] {logging_mixin.py:115} INFO - [2025-06-20T13:17:51.569+0000] {dag.py:2429} INFO - Sync 1 DAGs
[2025-06-20T13:17:51.579+0000] {logging_mixin.py:115} INFO - [2025-06-20T13:17:51.579+0000] {dag.py:2981} INFO - Setting next_dagrun for example_xcom to 2021-01-01T00:00:00+00:00, run_after=2021-01-01T00:00:00+00:00
[2025-06-20T13:17:51.584+0000] {processor.py:161} INFO - Processing /home/airflow/.local/lib/python3.7/site-packages/airflow/example_dags/example_xcom.py took 0.035 seconds
[2025-06-20T13:18:21.633+0000] {processor.py:153} INFO - Started process (PID=1769) to work on /home/airflow/.local/lib/python3.7/site-packages/airflow/example_dags/example_xcom.py
[2025-06-20T13:18:21.633+0000] {processor.py:640} INFO - Processing file /home/airflow/.local/lib/python3.7/site-packages/airflow/example_dags/example_xcom.py for tasks to queue
[2025-06-20T13:18:21.634+0000] {logging_mixin.py:115} INFO - [2025-06-20T13:18:21.634+0000] {dagbag.py:508} INFO - Filling up the DagBag from /home/airflow/.local/lib/python3.7/site-packages/airflow/example_dags/example_xcom.py
[2025-06-20T13:18:21.641+0000] {processor.py:650} INFO - DAG(s) dict_keys(['example_xcom']) retrieved from /home/airflow/.local/lib/python3.7/site-packages/airflow/example_dags/example_xcom.py
[2025-06-20T13:18:21.651+0000] {logging_mixin.py:115} INFO - [2025-06-20T13:18:21.651+0000] {dag.py:2429} INFO - Sync 1 DAGs
[2025-06-20T13:18:21.661+0000] {logging_mixin.py:115} INFO - [2025-06-20T13:18:21.661+0000] {dag.py:2981} INFO - Setting next_dagrun for example_xcom to 2021-01-01T00:00:00+00:00, run_after=2021-01-01T00:00:00+00:00
[2025-06-20T13:18:21.666+0000] {processor.py:161} INFO - Processing /home/airflow/.local/lib/python3.7/site-packages/airflow/example_dags/example_xcom.py took 0.035 seconds
[2025-06-20T13:18:51.884+0000] {processor.py:153} INFO - Started process (PID=1830) to work on /home/airflow/.local/lib/python3.7/site-packages/airflow/example_dags/example_xcom.py
[2025-06-20T13:18:51.886+0000] {processor.py:640} INFO - Processing file /home/airflow/.local/lib/python3.7/site-packages/airflow/example_dags/example_xcom.py for tasks to queue
[2025-06-20T13:18:51.888+0000] {logging_mixin.py:115} INFO - [2025-06-20T13:18:51.888+0000] {dagbag.py:508} INFO - Filling up the DagBag from /home/airflow/.local/lib/python3.7/site-packages/airflow/example_dags/example_xcom.py
[2025-06-20T13:18:51.896+0000] {processor.py:650} INFO - DAG(s) dict_keys(['example_xcom']) retrieved from /home/airflow/.local/lib/python3.7/site-packages/airflow/example_dags/example_xcom.py
[2025-06-20T13:18:51.924+0000] {logging_mixin.py:115} INFO - [2025-06-20T13:18:51.924+0000] {dag.py:2429} INFO - Sync 1 DAGs
[2025-06-20T13:18:51.932+0000] {logging_mixin.py:115} INFO - [2025-06-20T13:18:51.932+0000] {dag.py:2981} INFO - Setting next_dagrun for example_xcom to 2021-01-01T00:00:00+00:00, run_after=2021-01-01T00:00:00+00:00
[2025-06-20T13:18:51.937+0000] {processor.py:161} INFO - Processing /home/airflow/.local/lib/python3.7/site-packages/airflow/example_dags/example_xcom.py took 0.055 seconds
[2025-06-20T13:19:22.016+0000] {processor.py:153} INFO - Started process (PID=1891) to work on /home/airflow/.local/lib/python3.7/site-packages/airflow/example_dags/example_xcom.py
[2025-06-20T13:19:22.018+0000] {processor.py:640} INFO - Processing file /home/airflow/.local/lib/python3.7/site-packages/airflow/example_dags/example_xcom.py for tasks to queue
[2025-06-20T13:19:22.018+0000] {logging_mixin.py:115} INFO - [2025-06-20T13:19:22.018+0000] {dagbag.py:508} INFO - Filling up the DagBag from /home/airflow/.local/lib/python3.7/site-packages/airflow/example_dags/example_xcom.py
[2025-06-20T13:19:22.026+0000] {processor.py:650} INFO - DAG(s) dict_keys(['example_xcom']) retrieved from /home/airflow/.local/lib/python3.7/site-packages/airflow/example_dags/example_xcom.py
[2025-06-20T13:19:22.061+0000] {logging_mixin.py:115} INFO - [2025-06-20T13:19:22.060+0000] {dag.py:2429} INFO - Sync 1 DAGs
[2025-06-20T13:19:22.071+0000] {logging_mixin.py:115} INFO - [2025-06-20T13:19:22.071+0000] {dag.py:2981} INFO - Setting next_dagrun for example_xcom to 2021-01-01T00:00:00+00:00, run_after=2021-01-01T00:00:00+00:00
[2025-06-20T13:19:22.077+0000] {processor.py:161} INFO - Processing /home/airflow/.local/lib/python3.7/site-packages/airflow/example_dags/example_xcom.py took 0.062 seconds
[2025-06-20T13:19:52.158+0000] {processor.py:153} INFO - Started process (PID=1943) to work on /home/airflow/.local/lib/python3.7/site-packages/airflow/example_dags/example_xcom.py
[2025-06-20T13:19:52.159+0000] {processor.py:640} INFO - Processing file /home/airflow/.local/lib/python3.7/site-packages/airflow/example_dags/example_xcom.py for tasks to queue
[2025-06-20T13:19:52.160+0000] {logging_mixin.py:115} INFO - [2025-06-20T13:19:52.160+0000] {dagbag.py:508} INFO - Filling up the DagBag from /home/airflow/.local/lib/python3.7/site-packages/airflow/example_dags/example_xcom.py
[2025-06-20T13:19:52.168+0000] {processor.py:650} INFO - DAG(s) dict_keys(['example_xcom']) retrieved from /home/airflow/.local/lib/python3.7/site-packages/airflow/example_dags/example_xcom.py
[2025-06-20T13:19:52.197+0000] {logging_mixin.py:115} INFO - [2025-06-20T13:19:52.197+0000] {dag.py:2429} INFO - Sync 1 DAGs
[2025-06-20T13:19:52.205+0000] {logging_mixin.py:115} INFO - [2025-06-20T13:19:52.205+0000] {dag.py:2981} INFO - Setting next_dagrun for example_xcom to 2021-01-01T00:00:00+00:00, run_after=2021-01-01T00:00:00+00:00
[2025-06-20T13:19:52.210+0000] {processor.py:161} INFO - Processing /home/airflow/.local/lib/python3.7/site-packages/airflow/example_dags/example_xcom.py took 0.053 seconds
[2025-06-20T13:20:22.242+0000] {processor.py:153} INFO - Started process (PID=2005) to work on /home/airflow/.local/lib/python3.7/site-packages/airflow/example_dags/example_xcom.py
[2025-06-20T13:20:22.243+0000] {processor.py:640} INFO - Processing file /home/airflow/.local/lib/python3.7/site-packages/airflow/example_dags/example_xcom.py for tasks to queue
[2025-06-20T13:20:22.244+0000] {logging_mixin.py:115} INFO - [2025-06-20T13:20:22.244+0000] {dagbag.py:508} INFO - Filling up the DagBag from /home/airflow/.local/lib/python3.7/site-packages/airflow/example_dags/example_xcom.py
[2025-06-20T13:20:22.250+0000] {processor.py:650} INFO - DAG(s) dict_keys(['example_xcom']) retrieved from /home/airflow/.local/lib/python3.7/site-packages/airflow/example_dags/example_xcom.py
[2025-06-20T13:20:22.276+0000] {logging_mixin.py:115} INFO - [2025-06-20T13:20:22.275+0000] {dag.py:2429} INFO - Sync 1 DAGs
[2025-06-20T13:20:22.283+0000] {logging_mixin.py:115} INFO - [2025-06-20T13:20:22.282+0000] {dag.py:2981} INFO - Setting next_dagrun for example_xcom to 2021-01-01T00:00:00+00:00, run_after=2021-01-01T00:00:00+00:00
[2025-06-20T13:20:22.287+0000] {processor.py:161} INFO - Processing /home/airflow/.local/lib/python3.7/site-packages/airflow/example_dags/example_xcom.py took 0.047 seconds
[2025-06-20T13:20:52.432+0000] {processor.py:153} INFO - Started process (PID=2065) to work on /home/airflow/.local/lib/python3.7/site-packages/airflow/example_dags/example_xcom.py
[2025-06-20T13:20:52.433+0000] {processor.py:640} INFO - Processing file /home/airflow/.local/lib/python3.7/site-packages/airflow/example_dags/example_xcom.py for tasks to queue
[2025-06-20T13:20:52.433+0000] {logging_mixin.py:115} INFO - [2025-06-20T13:20:52.433+0000] {dagbag.py:508} INFO - Filling up the DagBag from /home/airflow/.local/lib/python3.7/site-packages/airflow/example_dags/example_xcom.py
[2025-06-20T13:20:52.441+0000] {processor.py:650} INFO - DAG(s) dict_keys(['example_xcom']) retrieved from /home/airflow/.local/lib/python3.7/site-packages/airflow/example_dags/example_xcom.py
[2025-06-20T13:20:52.473+0000] {logging_mixin.py:115} INFO - [2025-06-20T13:20:52.473+0000] {dag.py:2429} INFO - Sync 1 DAGs
[2025-06-20T13:20:52.481+0000] {logging_mixin.py:115} INFO - [2025-06-20T13:20:52.481+0000] {dag.py:2981} INFO - Setting next_dagrun for example_xcom to 2021-01-01T00:00:00+00:00, run_after=2021-01-01T00:00:00+00:00
[2025-06-20T13:20:52.486+0000] {processor.py:161} INFO - Processing /home/airflow/.local/lib/python3.7/site-packages/airflow/example_dags/example_xcom.py took 0.055 seconds
[2025-06-20T13:21:22.583+0000] {processor.py:153} INFO - Started process (PID=2127) to work on /home/airflow/.local/lib/python3.7/site-packages/airflow/example_dags/example_xcom.py
[2025-06-20T13:21:22.586+0000] {processor.py:640} INFO - Processing file /home/airflow/.local/lib/python3.7/site-packages/airflow/example_dags/example_xcom.py for tasks to queue
[2025-06-20T13:21:22.586+0000] {logging_mixin.py:115} INFO - [2025-06-20T13:21:22.586+0000] {dagbag.py:508} INFO - Filling up the DagBag from /home/airflow/.local/lib/python3.7/site-packages/airflow/example_dags/example_xcom.py
[2025-06-20T13:21:22.595+0000] {processor.py:650} INFO - DAG(s) dict_keys(['example_xcom']) retrieved from /home/airflow/.local/lib/python3.7/site-packages/airflow/example_dags/example_xcom.py
[2025-06-20T13:21:22.625+0000] {logging_mixin.py:115} INFO - [2025-06-20T13:21:22.625+0000] {dag.py:2429} INFO - Sync 1 DAGs
[2025-06-20T13:21:22.633+0000] {logging_mixin.py:115} INFO - [2025-06-20T13:21:22.633+0000] {dag.py:2981} INFO - Setting next_dagrun for example_xcom to 2021-01-01T00:00:00+00:00, run_after=2021-01-01T00:00:00+00:00
[2025-06-20T13:21:22.639+0000] {processor.py:161} INFO - Processing /home/airflow/.local/lib/python3.7/site-packages/airflow/example_dags/example_xcom.py took 0.057 seconds
[2025-06-20T13:21:52.706+0000] {processor.py:153} INFO - Started process (PID=2188) to work on /home/airflow/.local/lib/python3.7/site-packages/airflow/example_dags/example_xcom.py
[2025-06-20T13:21:52.706+0000] {processor.py:640} INFO - Processing file /home/airflow/.local/lib/python3.7/site-packages/airflow/example_dags/example_xcom.py for tasks to queue
[2025-06-20T13:21:52.706+0000] {logging_mixin.py:115} INFO - [2025-06-20T13:21:52.706+0000] {dagbag.py:508} INFO - Filling up the DagBag from /home/airflow/.local/lib/python3.7/site-packages/airflow/example_dags/example_xcom.py
[2025-06-20T13:21:52.713+0000] {processor.py:650} INFO - DAG(s) dict_keys(['example_xcom']) retrieved from /home/airflow/.local/lib/python3.7/site-packages/airflow/example_dags/example_xcom.py
[2025-06-20T13:21:52.723+0000] {logging_mixin.py:115} INFO - [2025-06-20T13:21:52.723+0000] {dag.py:2429} INFO - Sync 1 DAGs
[2025-06-20T13:21:52.732+0000] {logging_mixin.py:115} INFO - [2025-06-20T13:21:52.732+0000] {dag.py:2981} INFO - Setting next_dagrun for example_xcom to 2021-01-01T00:00:00+00:00, run_after=2021-01-01T00:00:00+00:00
[2025-06-20T13:21:52.736+0000] {processor.py:161} INFO - Processing /home/airflow/.local/lib/python3.7/site-packages/airflow/example_dags/example_xcom.py took 0.031 seconds
[2025-06-20T13:22:22.800+0000] {processor.py:153} INFO - Started process (PID=2239) to work on /home/airflow/.local/lib/python3.7/site-packages/airflow/example_dags/example_xcom.py
[2025-06-20T13:22:22.802+0000] {processor.py:640} INFO - Processing file /home/airflow/.local/lib/python3.7/site-packages/airflow/example_dags/example_xcom.py for tasks to queue
[2025-06-20T13:22:22.802+0000] {logging_mixin.py:115} INFO - [2025-06-20T13:22:22.802+0000] {dagbag.py:508} INFO - Filling up the DagBag from /home/airflow/.local/lib/python3.7/site-packages/airflow/example_dags/example_xcom.py
[2025-06-20T13:22:22.813+0000] {processor.py:650} INFO - DAG(s) dict_keys(['example_xcom']) retrieved from /home/airflow/.local/lib/python3.7/site-packages/airflow/example_dags/example_xcom.py
[2025-06-20T13:22:22.842+0000] {logging_mixin.py:115} INFO - [2025-06-20T13:22:22.842+0000] {dag.py:2429} INFO - Sync 1 DAGs
[2025-06-20T13:22:22.850+0000] {logging_mixin.py:115} INFO - [2025-06-20T13:22:22.850+0000] {dag.py:2981} INFO - Setting next_dagrun for example_xcom to 2021-01-01T00:00:00+00:00, run_after=2021-01-01T00:00:00+00:00
[2025-06-20T13:22:22.856+0000] {processor.py:161} INFO - Processing /home/airflow/.local/lib/python3.7/site-packages/airflow/example_dags/example_xcom.py took 0.058 seconds
[2025-06-20T13:22:52.887+0000] {processor.py:153} INFO - Started process (PID=2300) to work on /home/airflow/.local/lib/python3.7/site-packages/airflow/example_dags/example_xcom.py
[2025-06-20T13:22:52.890+0000] {processor.py:640} INFO - Processing file /home/airflow/.local/lib/python3.7/site-packages/airflow/example_dags/example_xcom.py for tasks to queue
[2025-06-20T13:22:52.892+0000] {logging_mixin.py:115} INFO - [2025-06-20T13:22:52.892+0000] {dagbag.py:508} INFO - Filling up the DagBag from /home/airflow/.local/lib/python3.7/site-packages/airflow/example_dags/example_xcom.py
[2025-06-20T13:22:52.899+0000] {processor.py:650} INFO - DAG(s) dict_keys(['example_xcom']) retrieved from /home/airflow/.local/lib/python3.7/site-packages/airflow/example_dags/example_xcom.py
[2025-06-20T13:22:52.929+0000] {logging_mixin.py:115} INFO - [2025-06-20T13:22:52.929+0000] {dag.py:2429} INFO - Sync 1 DAGs
[2025-06-20T13:22:52.939+0000] {logging_mixin.py:115} INFO - [2025-06-20T13:22:52.939+0000] {dag.py:2981} INFO - Setting next_dagrun for example_xcom to 2021-01-01T00:00:00+00:00, run_after=2021-01-01T00:00:00+00:00
[2025-06-20T13:22:52.945+0000] {processor.py:161} INFO - Processing /home/airflow/.local/lib/python3.7/site-packages/airflow/example_dags/example_xcom.py took 0.060 seconds
[2025-06-20T13:23:23.078+0000] {processor.py:153} INFO - Started process (PID=2361) to work on /home/airflow/.local/lib/python3.7/site-packages/airflow/example_dags/example_xcom.py
[2025-06-20T13:23:23.079+0000] {processor.py:640} INFO - Processing file /home/airflow/.local/lib/python3.7/site-packages/airflow/example_dags/example_xcom.py for tasks to queue
[2025-06-20T13:23:23.079+0000] {logging_mixin.py:115} INFO - [2025-06-20T13:23:23.079+0000] {dagbag.py:508} INFO - Filling up the DagBag from /home/airflow/.local/lib/python3.7/site-packages/airflow/example_dags/example_xcom.py
[2025-06-20T13:23:23.086+0000] {processor.py:650} INFO - DAG(s) dict_keys(['example_xcom']) retrieved from /home/airflow/.local/lib/python3.7/site-packages/airflow/example_dags/example_xcom.py
[2025-06-20T13:23:23.115+0000] {logging_mixin.py:115} INFO - [2025-06-20T13:23:23.115+0000] {dag.py:2429} INFO - Sync 1 DAGs
[2025-06-20T13:23:23.122+0000] {logging_mixin.py:115} INFO - [2025-06-20T13:23:23.122+0000] {dag.py:2981} INFO - Setting next_dagrun for example_xcom to 2021-01-01T00:00:00+00:00, run_after=2021-01-01T00:00:00+00:00
[2025-06-20T13:23:23.128+0000] {processor.py:161} INFO - Processing /home/airflow/.local/lib/python3.7/site-packages/airflow/example_dags/example_xcom.py took 0.051 seconds
[2025-06-20T13:23:53.266+0000] {processor.py:153} INFO - Started process (PID=2422) to work on /home/airflow/.local/lib/python3.7/site-packages/airflow/example_dags/example_xcom.py
[2025-06-20T13:23:53.267+0000] {processor.py:640} INFO - Processing file /home/airflow/.local/lib/python3.7/site-packages/airflow/example_dags/example_xcom.py for tasks to queue
[2025-06-20T13:23:53.267+0000] {logging_mixin.py:115} INFO - [2025-06-20T13:23:53.267+0000] {dagbag.py:508} INFO - Filling up the DagBag from /home/airflow/.local/lib/python3.7/site-packages/airflow/example_dags/example_xcom.py
[2025-06-20T13:23:53.276+0000] {processor.py:650} INFO - DAG(s) dict_keys(['example_xcom']) retrieved from /home/airflow/.local/lib/python3.7/site-packages/airflow/example_dags/example_xcom.py
[2025-06-20T13:23:53.307+0000] {logging_mixin.py:115} INFO - [2025-06-20T13:23:53.307+0000] {dag.py:2429} INFO - Sync 1 DAGs
[2025-06-20T13:23:53.316+0000] {logging_mixin.py:115} INFO - [2025-06-20T13:23:53.316+0000] {dag.py:2981} INFO - Setting next_dagrun for example_xcom to 2021-01-01T00:00:00+00:00, run_after=2021-01-01T00:00:00+00:00
[2025-06-20T13:23:53.321+0000] {processor.py:161} INFO - Processing /home/airflow/.local/lib/python3.7/site-packages/airflow/example_dags/example_xcom.py took 0.056 seconds
[2025-06-20T13:24:23.476+0000] {processor.py:153} INFO - Started process (PID=2483) to work on /home/airflow/.local/lib/python3.7/site-packages/airflow/example_dags/example_xcom.py
[2025-06-20T13:24:23.478+0000] {processor.py:640} INFO - Processing file /home/airflow/.local/lib/python3.7/site-packages/airflow/example_dags/example_xcom.py for tasks to queue
[2025-06-20T13:24:23.479+0000] {logging_mixin.py:115} INFO - [2025-06-20T13:24:23.479+0000] {dagbag.py:508} INFO - Filling up the DagBag from /home/airflow/.local/lib/python3.7/site-packages/airflow/example_dags/example_xcom.py
[2025-06-20T13:24:23.488+0000] {processor.py:650} INFO - DAG(s) dict_keys(['example_xcom']) retrieved from /home/airflow/.local/lib/python3.7/site-packages/airflow/example_dags/example_xcom.py
[2025-06-20T13:24:23.526+0000] {logging_mixin.py:115} INFO - [2025-06-20T13:24:23.526+0000] {dag.py:2429} INFO - Sync 1 DAGs
[2025-06-20T13:24:23.536+0000] {logging_mixin.py:115} INFO - [2025-06-20T13:24:23.535+0000] {dag.py:2981} INFO - Setting next_dagrun for example_xcom to 2021-01-01T00:00:00+00:00, run_after=2021-01-01T00:00:00+00:00
[2025-06-20T13:24:23.541+0000] {processor.py:161} INFO - Processing /home/airflow/.local/lib/python3.7/site-packages/airflow/example_dags/example_xcom.py took 0.066 seconds
