[2025-06-20T12:58:53.684+0000] {processor.py:153} INFO - Started process (PID=65) to work on /home/airflow/.local/lib/python3.7/site-packages/airflow/example_dags/example_bash_operator.py
[2025-06-20T12:58:53.685+0000] {processor.py:640} INFO - Processing file /home/airflow/.local/lib/python3.7/site-packages/airflow/example_dags/example_bash_operator.py for tasks to queue
[2025-06-20T12:58:53.686+0000] {logging_mixin.py:115} INFO - [2025-06-20T12:58:53.686+0000] {dagbag.py:508} INFO - Filling up the DagBag from /home/airflow/.local/lib/python3.7/site-packages/airflow/example_dags/example_bash_operator.py
[2025-06-20T12:58:53.700+0000] {processor.py:650} INFO - DAG(s) dict_keys(['example_bash_operator']) retrieved from /home/airflow/.local/lib/python3.7/site-packages/airflow/example_dags/example_bash_operator.py
[2025-06-20T12:58:53.777+0000] {logging_mixin.py:115} INFO - [2025-06-20T12:58:53.777+0000] {manager.py:508} INFO - Created Permission View: can read on DAG:example_bash_operator
[2025-06-20T12:58:53.788+0000] {logging_mixin.py:115} INFO - [2025-06-20T12:58:53.787+0000] {manager.py:508} INFO - Created Permission View: can delete on DAG:example_bash_operator
[2025-06-20T12:58:53.791+0000] {logging_mixin.py:115} INFO - [2025-06-20T12:58:53.791+0000] {manager.py:508} INFO - Created Permission View: can edit on DAG:example_bash_operator
[2025-06-20T12:58:53.791+0000] {logging_mixin.py:115} INFO - [2025-06-20T12:58:53.791+0000] {dag.py:2429} INFO - Sync 1 DAGs
[2025-06-20T12:58:53.796+0000] {logging_mixin.py:115} INFO - [2025-06-20T12:58:53.796+0000] {dag.py:2448} INFO - Creating ORM DAG for example_bash_operator
[2025-06-20T12:58:53.805+0000] {logging_mixin.py:115} INFO - [2025-06-20T12:58:53.805+0000] {dag.py:2981} INFO - Setting next_dagrun for example_bash_operator to 2025-06-19T00:00:00+00:00, run_after=2025-06-20T00:00:00+00:00
[2025-06-20T12:58:53.817+0000] {processor.py:161} INFO - Processing /home/airflow/.local/lib/python3.7/site-packages/airflow/example_dags/example_bash_operator.py took 0.138 seconds
[2025-06-20T12:59:24.175+0000] {processor.py:153} INFO - Started process (PID=125) to work on /home/airflow/.local/lib/python3.7/site-packages/airflow/example_dags/example_bash_operator.py
[2025-06-20T12:59:24.176+0000] {processor.py:640} INFO - Processing file /home/airflow/.local/lib/python3.7/site-packages/airflow/example_dags/example_bash_operator.py for tasks to queue
[2025-06-20T12:59:24.176+0000] {logging_mixin.py:115} INFO - [2025-06-20T12:59:24.176+0000] {dagbag.py:508} INFO - Filling up the DagBag from /home/airflow/.local/lib/python3.7/site-packages/airflow/example_dags/example_bash_operator.py
[2025-06-20T12:59:24.181+0000] {processor.py:650} INFO - DAG(s) dict_keys(['example_bash_operator']) retrieved from /home/airflow/.local/lib/python3.7/site-packages/airflow/example_dags/example_bash_operator.py
[2025-06-20T12:59:24.196+0000] {logging_mixin.py:115} INFO - [2025-06-20T12:59:24.195+0000] {dag.py:2429} INFO - Sync 1 DAGs
[2025-06-20T12:59:24.208+0000] {logging_mixin.py:115} INFO - [2025-06-20T12:59:24.207+0000] {dag.py:2981} INFO - Setting next_dagrun for example_bash_operator to 2025-06-19T00:00:00+00:00, run_after=2025-06-20T00:00:00+00:00
[2025-06-20T12:59:24.212+0000] {processor.py:161} INFO - Processing /home/airflow/.local/lib/python3.7/site-packages/airflow/example_dags/example_bash_operator.py took 0.039 seconds
[2025-06-20T12:59:55.224+0000] {processor.py:153} INFO - Started process (PID=186) to work on /home/airflow/.local/lib/python3.7/site-packages/airflow/example_dags/example_bash_operator.py
[2025-06-20T12:59:55.225+0000] {processor.py:640} INFO - Processing file /home/airflow/.local/lib/python3.7/site-packages/airflow/example_dags/example_bash_operator.py for tasks to queue
[2025-06-20T12:59:55.226+0000] {logging_mixin.py:115} INFO - [2025-06-20T12:59:55.226+0000] {dagbag.py:508} INFO - Filling up the DagBag from /home/airflow/.local/lib/python3.7/site-packages/airflow/example_dags/example_bash_operator.py
[2025-06-20T12:59:55.231+0000] {processor.py:650} INFO - DAG(s) dict_keys(['example_bash_operator']) retrieved from /home/airflow/.local/lib/python3.7/site-packages/airflow/example_dags/example_bash_operator.py
[2025-06-20T12:59:55.247+0000] {logging_mixin.py:115} INFO - [2025-06-20T12:59:55.247+0000] {dag.py:2429} INFO - Sync 1 DAGs
[2025-06-20T12:59:55.256+0000] {logging_mixin.py:115} INFO - [2025-06-20T12:59:55.256+0000] {dag.py:2981} INFO - Setting next_dagrun for example_bash_operator to 2025-06-19T00:00:00+00:00, run_after=2025-06-20T00:00:00+00:00
[2025-06-20T12:59:55.263+0000] {processor.py:161} INFO - Processing /home/airflow/.local/lib/python3.7/site-packages/airflow/example_dags/example_bash_operator.py took 0.040 seconds
[2025-06-20T13:03:48.531+0000] {processor.py:153} INFO - Started process (PID=64) to work on /home/airflow/.local/lib/python3.7/site-packages/airflow/example_dags/example_bash_operator.py
[2025-06-20T13:03:48.534+0000] {processor.py:640} INFO - Processing file /home/airflow/.local/lib/python3.7/site-packages/airflow/example_dags/example_bash_operator.py for tasks to queue
[2025-06-20T13:03:48.535+0000] {logging_mixin.py:115} INFO - [2025-06-20T13:03:48.535+0000] {dagbag.py:508} INFO - Filling up the DagBag from /home/airflow/.local/lib/python3.7/site-packages/airflow/example_dags/example_bash_operator.py
[2025-06-20T13:03:48.545+0000] {processor.py:650} INFO - DAG(s) dict_keys(['example_bash_operator']) retrieved from /home/airflow/.local/lib/python3.7/site-packages/airflow/example_dags/example_bash_operator.py
[2025-06-20T13:03:48.617+0000] {logging_mixin.py:115} INFO - [2025-06-20T13:03:48.617+0000] {manager.py:508} INFO - Created Permission View: can delete on DAG:example_bash_operator
[2025-06-20T13:03:48.627+0000] {logging_mixin.py:115} INFO - [2025-06-20T13:03:48.627+0000] {manager.py:508} INFO - Created Permission View: can edit on DAG:example_bash_operator
[2025-06-20T13:03:48.633+0000] {logging_mixin.py:115} INFO - [2025-06-20T13:03:48.633+0000] {manager.py:508} INFO - Created Permission View: can read on DAG:example_bash_operator
[2025-06-20T13:03:48.633+0000] {logging_mixin.py:115} INFO - [2025-06-20T13:03:48.633+0000] {dag.py:2429} INFO - Sync 1 DAGs
[2025-06-20T13:03:48.641+0000] {logging_mixin.py:115} INFO - [2025-06-20T13:03:48.640+0000] {dag.py:2448} INFO - Creating ORM DAG for example_bash_operator
[2025-06-20T13:03:48.655+0000] {logging_mixin.py:115} INFO - [2025-06-20T13:03:48.655+0000] {dag.py:2981} INFO - Setting next_dagrun for example_bash_operator to 2025-06-19T00:00:00+00:00, run_after=2025-06-20T00:00:00+00:00
[2025-06-20T13:03:48.684+0000] {processor.py:161} INFO - Processing /home/airflow/.local/lib/python3.7/site-packages/airflow/example_dags/example_bash_operator.py took 0.156 seconds
[2025-06-20T13:04:18.979+0000] {processor.py:153} INFO - Started process (PID=125) to work on /home/airflow/.local/lib/python3.7/site-packages/airflow/example_dags/example_bash_operator.py
[2025-06-20T13:04:18.980+0000] {processor.py:640} INFO - Processing file /home/airflow/.local/lib/python3.7/site-packages/airflow/example_dags/example_bash_operator.py for tasks to queue
[2025-06-20T13:04:18.981+0000] {logging_mixin.py:115} INFO - [2025-06-20T13:04:18.981+0000] {dagbag.py:508} INFO - Filling up the DagBag from /home/airflow/.local/lib/python3.7/site-packages/airflow/example_dags/example_bash_operator.py
[2025-06-20T13:04:18.986+0000] {processor.py:650} INFO - DAG(s) dict_keys(['example_bash_operator']) retrieved from /home/airflow/.local/lib/python3.7/site-packages/airflow/example_dags/example_bash_operator.py
[2025-06-20T13:04:19.006+0000] {logging_mixin.py:115} INFO - [2025-06-20T13:04:19.005+0000] {dag.py:2429} INFO - Sync 1 DAGs
[2025-06-20T13:04:19.028+0000] {logging_mixin.py:115} INFO - [2025-06-20T13:04:19.028+0000] {dag.py:2981} INFO - Setting next_dagrun for example_bash_operator to 2025-06-19T00:00:00+00:00, run_after=2025-06-20T00:00:00+00:00
[2025-06-20T13:04:19.035+0000] {processor.py:161} INFO - Processing /home/airflow/.local/lib/python3.7/site-packages/airflow/example_dags/example_bash_operator.py took 0.058 seconds
[2025-06-20T13:04:49.159+0000] {processor.py:153} INFO - Started process (PID=186) to work on /home/airflow/.local/lib/python3.7/site-packages/airflow/example_dags/example_bash_operator.py
[2025-06-20T13:04:49.161+0000] {processor.py:640} INFO - Processing file /home/airflow/.local/lib/python3.7/site-packages/airflow/example_dags/example_bash_operator.py for tasks to queue
[2025-06-20T13:04:49.162+0000] {logging_mixin.py:115} INFO - [2025-06-20T13:04:49.162+0000] {dagbag.py:508} INFO - Filling up the DagBag from /home/airflow/.local/lib/python3.7/site-packages/airflow/example_dags/example_bash_operator.py
[2025-06-20T13:04:49.169+0000] {processor.py:650} INFO - DAG(s) dict_keys(['example_bash_operator']) retrieved from /home/airflow/.local/lib/python3.7/site-packages/airflow/example_dags/example_bash_operator.py
[2025-06-20T13:04:49.187+0000] {logging_mixin.py:115} INFO - [2025-06-20T13:04:49.187+0000] {dag.py:2429} INFO - Sync 1 DAGs
[2025-06-20T13:04:49.199+0000] {logging_mixin.py:115} INFO - [2025-06-20T13:04:49.199+0000] {dag.py:2981} INFO - Setting next_dagrun for example_bash_operator to 2025-06-19T00:00:00+00:00, run_after=2025-06-20T00:00:00+00:00
[2025-06-20T13:04:49.206+0000] {processor.py:161} INFO - Processing /home/airflow/.local/lib/python3.7/site-packages/airflow/example_dags/example_bash_operator.py took 0.049 seconds
[2025-06-20T13:05:19.385+0000] {processor.py:153} INFO - Started process (PID=246) to work on /home/airflow/.local/lib/python3.7/site-packages/airflow/example_dags/example_bash_operator.py
[2025-06-20T13:05:19.388+0000] {processor.py:640} INFO - Processing file /home/airflow/.local/lib/python3.7/site-packages/airflow/example_dags/example_bash_operator.py for tasks to queue
[2025-06-20T13:05:19.388+0000] {logging_mixin.py:115} INFO - [2025-06-20T13:05:19.388+0000] {dagbag.py:508} INFO - Filling up the DagBag from /home/airflow/.local/lib/python3.7/site-packages/airflow/example_dags/example_bash_operator.py
[2025-06-20T13:05:19.396+0000] {processor.py:650} INFO - DAG(s) dict_keys(['example_bash_operator']) retrieved from /home/airflow/.local/lib/python3.7/site-packages/airflow/example_dags/example_bash_operator.py
[2025-06-20T13:05:19.412+0000] {logging_mixin.py:115} INFO - [2025-06-20T13:05:19.412+0000] {dag.py:2429} INFO - Sync 1 DAGs
[2025-06-20T13:05:19.426+0000] {logging_mixin.py:115} INFO - [2025-06-20T13:05:19.426+0000] {dag.py:2981} INFO - Setting next_dagrun for example_bash_operator to 2025-06-19T00:00:00+00:00, run_after=2025-06-20T00:00:00+00:00
[2025-06-20T13:05:19.436+0000] {processor.py:161} INFO - Processing /home/airflow/.local/lib/python3.7/site-packages/airflow/example_dags/example_bash_operator.py took 0.053 seconds
[2025-06-20T13:05:49.611+0000] {processor.py:153} INFO - Started process (PID=307) to work on /home/airflow/.local/lib/python3.7/site-packages/airflow/example_dags/example_bash_operator.py
[2025-06-20T13:05:49.612+0000] {processor.py:640} INFO - Processing file /home/airflow/.local/lib/python3.7/site-packages/airflow/example_dags/example_bash_operator.py for tasks to queue
[2025-06-20T13:05:49.614+0000] {logging_mixin.py:115} INFO - [2025-06-20T13:05:49.614+0000] {dagbag.py:508} INFO - Filling up the DagBag from /home/airflow/.local/lib/python3.7/site-packages/airflow/example_dags/example_bash_operator.py
[2025-06-20T13:05:49.621+0000] {processor.py:650} INFO - DAG(s) dict_keys(['example_bash_operator']) retrieved from /home/airflow/.local/lib/python3.7/site-packages/airflow/example_dags/example_bash_operator.py
[2025-06-20T13:05:49.641+0000] {logging_mixin.py:115} INFO - [2025-06-20T13:05:49.641+0000] {dag.py:2429} INFO - Sync 1 DAGs
[2025-06-20T13:05:49.662+0000] {logging_mixin.py:115} INFO - [2025-06-20T13:05:49.662+0000] {dag.py:2981} INFO - Setting next_dagrun for example_bash_operator to 2025-06-19T00:00:00+00:00, run_after=2025-06-20T00:00:00+00:00
[2025-06-20T13:05:49.675+0000] {processor.py:161} INFO - Processing /home/airflow/.local/lib/python3.7/site-packages/airflow/example_dags/example_bash_operator.py took 0.065 seconds
[2025-06-20T13:06:19.892+0000] {processor.py:153} INFO - Started process (PID=359) to work on /home/airflow/.local/lib/python3.7/site-packages/airflow/example_dags/example_bash_operator.py
[2025-06-20T13:06:19.892+0000] {processor.py:640} INFO - Processing file /home/airflow/.local/lib/python3.7/site-packages/airflow/example_dags/example_bash_operator.py for tasks to queue
[2025-06-20T13:06:19.892+0000] {logging_mixin.py:115} INFO - [2025-06-20T13:06:19.892+0000] {dagbag.py:508} INFO - Filling up the DagBag from /home/airflow/.local/lib/python3.7/site-packages/airflow/example_dags/example_bash_operator.py
[2025-06-20T13:06:19.897+0000] {processor.py:650} INFO - DAG(s) dict_keys(['example_bash_operator']) retrieved from /home/airflow/.local/lib/python3.7/site-packages/airflow/example_dags/example_bash_operator.py
[2025-06-20T13:06:19.910+0000] {logging_mixin.py:115} INFO - [2025-06-20T13:06:19.910+0000] {dag.py:2429} INFO - Sync 1 DAGs
[2025-06-20T13:06:19.920+0000] {logging_mixin.py:115} INFO - [2025-06-20T13:06:19.920+0000] {dag.py:2981} INFO - Setting next_dagrun for example_bash_operator to 2025-06-19T00:00:00+00:00, run_after=2025-06-20T00:00:00+00:00
[2025-06-20T13:06:19.928+0000] {processor.py:161} INFO - Processing /home/airflow/.local/lib/python3.7/site-packages/airflow/example_dags/example_bash_operator.py took 0.038 seconds
[2025-06-20T13:06:50.101+0000] {processor.py:153} INFO - Started process (PID=419) to work on /home/airflow/.local/lib/python3.7/site-packages/airflow/example_dags/example_bash_operator.py
[2025-06-20T13:06:50.103+0000] {processor.py:640} INFO - Processing file /home/airflow/.local/lib/python3.7/site-packages/airflow/example_dags/example_bash_operator.py for tasks to queue
[2025-06-20T13:06:50.103+0000] {logging_mixin.py:115} INFO - [2025-06-20T13:06:50.103+0000] {dagbag.py:508} INFO - Filling up the DagBag from /home/airflow/.local/lib/python3.7/site-packages/airflow/example_dags/example_bash_operator.py
[2025-06-20T13:06:50.111+0000] {processor.py:650} INFO - DAG(s) dict_keys(['example_bash_operator']) retrieved from /home/airflow/.local/lib/python3.7/site-packages/airflow/example_dags/example_bash_operator.py
[2025-06-20T13:06:50.128+0000] {logging_mixin.py:115} INFO - [2025-06-20T13:06:50.128+0000] {dag.py:2429} INFO - Sync 1 DAGs
[2025-06-20T13:06:50.137+0000] {logging_mixin.py:115} INFO - [2025-06-20T13:06:50.137+0000] {dag.py:2981} INFO - Setting next_dagrun for example_bash_operator to 2025-06-19T00:00:00+00:00, run_after=2025-06-20T00:00:00+00:00
[2025-06-20T13:06:50.145+0000] {processor.py:161} INFO - Processing /home/airflow/.local/lib/python3.7/site-packages/airflow/example_dags/example_bash_operator.py took 0.045 seconds
[2025-06-20T13:07:20.169+0000] {processor.py:153} INFO - Started process (PID=480) to work on /home/airflow/.local/lib/python3.7/site-packages/airflow/example_dags/example_bash_operator.py
[2025-06-20T13:07:20.170+0000] {processor.py:640} INFO - Processing file /home/airflow/.local/lib/python3.7/site-packages/airflow/example_dags/example_bash_operator.py for tasks to queue
[2025-06-20T13:07:20.170+0000] {logging_mixin.py:115} INFO - [2025-06-20T13:07:20.170+0000] {dagbag.py:508} INFO - Filling up the DagBag from /home/airflow/.local/lib/python3.7/site-packages/airflow/example_dags/example_bash_operator.py
[2025-06-20T13:07:20.174+0000] {processor.py:650} INFO - DAG(s) dict_keys(['example_bash_operator']) retrieved from /home/airflow/.local/lib/python3.7/site-packages/airflow/example_dags/example_bash_operator.py
[2025-06-20T13:07:20.188+0000] {logging_mixin.py:115} INFO - [2025-06-20T13:07:20.187+0000] {dag.py:2429} INFO - Sync 1 DAGs
[2025-06-20T13:07:20.196+0000] {logging_mixin.py:115} INFO - [2025-06-20T13:07:20.196+0000] {dag.py:2981} INFO - Setting next_dagrun for example_bash_operator to 2025-06-19T00:00:00+00:00, run_after=2025-06-20T00:00:00+00:00
[2025-06-20T13:07:20.203+0000] {processor.py:161} INFO - Processing /home/airflow/.local/lib/python3.7/site-packages/airflow/example_dags/example_bash_operator.py took 0.036 seconds
[2025-06-20T13:07:50.213+0000] {processor.py:153} INFO - Started process (PID=540) to work on /home/airflow/.local/lib/python3.7/site-packages/airflow/example_dags/example_bash_operator.py
[2025-06-20T13:07:50.214+0000] {processor.py:640} INFO - Processing file /home/airflow/.local/lib/python3.7/site-packages/airflow/example_dags/example_bash_operator.py for tasks to queue
[2025-06-20T13:07:50.214+0000] {logging_mixin.py:115} INFO - [2025-06-20T13:07:50.214+0000] {dagbag.py:508} INFO - Filling up the DagBag from /home/airflow/.local/lib/python3.7/site-packages/airflow/example_dags/example_bash_operator.py
[2025-06-20T13:07:50.219+0000] {processor.py:650} INFO - DAG(s) dict_keys(['example_bash_operator']) retrieved from /home/airflow/.local/lib/python3.7/site-packages/airflow/example_dags/example_bash_operator.py
[2025-06-20T13:07:50.232+0000] {logging_mixin.py:115} INFO - [2025-06-20T13:07:50.232+0000] {dag.py:2429} INFO - Sync 1 DAGs
[2025-06-20T13:07:50.242+0000] {logging_mixin.py:115} INFO - [2025-06-20T13:07:50.241+0000] {dag.py:2981} INFO - Setting next_dagrun for example_bash_operator to 2025-06-19T00:00:00+00:00, run_after=2025-06-20T00:00:00+00:00
[2025-06-20T13:07:50.246+0000] {processor.py:161} INFO - Processing /home/airflow/.local/lib/python3.7/site-packages/airflow/example_dags/example_bash_operator.py took 0.034 seconds
[2025-06-20T13:08:20.331+0000] {processor.py:153} INFO - Started process (PID=601) to work on /home/airflow/.local/lib/python3.7/site-packages/airflow/example_dags/example_bash_operator.py
[2025-06-20T13:08:20.332+0000] {processor.py:640} INFO - Processing file /home/airflow/.local/lib/python3.7/site-packages/airflow/example_dags/example_bash_operator.py for tasks to queue
[2025-06-20T13:08:20.333+0000] {logging_mixin.py:115} INFO - [2025-06-20T13:08:20.333+0000] {dagbag.py:508} INFO - Filling up the DagBag from /home/airflow/.local/lib/python3.7/site-packages/airflow/example_dags/example_bash_operator.py
[2025-06-20T13:08:20.338+0000] {processor.py:650} INFO - DAG(s) dict_keys(['example_bash_operator']) retrieved from /home/airflow/.local/lib/python3.7/site-packages/airflow/example_dags/example_bash_operator.py
[2025-06-20T13:08:20.355+0000] {logging_mixin.py:115} INFO - [2025-06-20T13:08:20.355+0000] {dag.py:2429} INFO - Sync 1 DAGs
[2025-06-20T13:08:20.363+0000] {logging_mixin.py:115} INFO - [2025-06-20T13:08:20.363+0000] {dag.py:2981} INFO - Setting next_dagrun for example_bash_operator to 2025-06-19T00:00:00+00:00, run_after=2025-06-20T00:00:00+00:00
[2025-06-20T13:08:20.370+0000] {processor.py:161} INFO - Processing /home/airflow/.local/lib/python3.7/site-packages/airflow/example_dags/example_bash_operator.py took 0.040 seconds
[2025-06-20T13:08:50.465+0000] {processor.py:153} INFO - Started process (PID=653) to work on /home/airflow/.local/lib/python3.7/site-packages/airflow/example_dags/example_bash_operator.py
[2025-06-20T13:08:50.465+0000] {processor.py:640} INFO - Processing file /home/airflow/.local/lib/python3.7/site-packages/airflow/example_dags/example_bash_operator.py for tasks to queue
[2025-06-20T13:08:50.465+0000] {logging_mixin.py:115} INFO - [2025-06-20T13:08:50.465+0000] {dagbag.py:508} INFO - Filling up the DagBag from /home/airflow/.local/lib/python3.7/site-packages/airflow/example_dags/example_bash_operator.py
[2025-06-20T13:08:50.470+0000] {processor.py:650} INFO - DAG(s) dict_keys(['example_bash_operator']) retrieved from /home/airflow/.local/lib/python3.7/site-packages/airflow/example_dags/example_bash_operator.py
[2025-06-20T13:08:50.483+0000] {logging_mixin.py:115} INFO - [2025-06-20T13:08:50.483+0000] {dag.py:2429} INFO - Sync 1 DAGs
[2025-06-20T13:08:50.492+0000] {logging_mixin.py:115} INFO - [2025-06-20T13:08:50.492+0000] {dag.py:2981} INFO - Setting next_dagrun for example_bash_operator to 2025-06-19T00:00:00+00:00, run_after=2025-06-20T00:00:00+00:00
[2025-06-20T13:08:50.497+0000] {processor.py:161} INFO - Processing /home/airflow/.local/lib/python3.7/site-packages/airflow/example_dags/example_bash_operator.py took 0.034 seconds
[2025-06-20T13:09:21.618+0000] {processor.py:153} INFO - Started process (PID=715) to work on /home/airflow/.local/lib/python3.7/site-packages/airflow/example_dags/example_bash_operator.py
[2025-06-20T13:09:21.622+0000] {processor.py:640} INFO - Processing file /home/airflow/.local/lib/python3.7/site-packages/airflow/example_dags/example_bash_operator.py for tasks to queue
[2025-06-20T13:09:21.622+0000] {logging_mixin.py:115} INFO - [2025-06-20T13:09:21.622+0000] {dagbag.py:508} INFO - Filling up the DagBag from /home/airflow/.local/lib/python3.7/site-packages/airflow/example_dags/example_bash_operator.py
[2025-06-20T13:09:21.627+0000] {processor.py:650} INFO - DAG(s) dict_keys(['example_bash_operator']) retrieved from /home/airflow/.local/lib/python3.7/site-packages/airflow/example_dags/example_bash_operator.py
[2025-06-20T13:09:21.641+0000] {logging_mixin.py:115} INFO - [2025-06-20T13:09:21.641+0000] {dag.py:2429} INFO - Sync 1 DAGs
[2025-06-20T13:09:21.652+0000] {logging_mixin.py:115} INFO - [2025-06-20T13:09:21.652+0000] {dag.py:2981} INFO - Setting next_dagrun for example_bash_operator to 2025-06-19T00:00:00+00:00, run_after=2025-06-20T00:00:00+00:00
[2025-06-20T13:09:21.658+0000] {processor.py:161} INFO - Processing /home/airflow/.local/lib/python3.7/site-packages/airflow/example_dags/example_bash_operator.py took 0.041 seconds
[2025-06-20T13:09:51.726+0000] {processor.py:153} INFO - Started process (PID=776) to work on /home/airflow/.local/lib/python3.7/site-packages/airflow/example_dags/example_bash_operator.py
[2025-06-20T13:09:51.726+0000] {processor.py:640} INFO - Processing file /home/airflow/.local/lib/python3.7/site-packages/airflow/example_dags/example_bash_operator.py for tasks to queue
[2025-06-20T13:09:51.726+0000] {logging_mixin.py:115} INFO - [2025-06-20T13:09:51.726+0000] {dagbag.py:508} INFO - Filling up the DagBag from /home/airflow/.local/lib/python3.7/site-packages/airflow/example_dags/example_bash_operator.py
[2025-06-20T13:09:51.731+0000] {processor.py:650} INFO - DAG(s) dict_keys(['example_bash_operator']) retrieved from /home/airflow/.local/lib/python3.7/site-packages/airflow/example_dags/example_bash_operator.py
[2025-06-20T13:09:51.745+0000] {logging_mixin.py:115} INFO - [2025-06-20T13:09:51.745+0000] {dag.py:2429} INFO - Sync 1 DAGs
[2025-06-20T13:09:51.754+0000] {logging_mixin.py:115} INFO - [2025-06-20T13:09:51.754+0000] {dag.py:2981} INFO - Setting next_dagrun for example_bash_operator to 2025-06-19T00:00:00+00:00, run_after=2025-06-20T00:00:00+00:00
[2025-06-20T13:09:51.762+0000] {processor.py:161} INFO - Processing /home/airflow/.local/lib/python3.7/site-packages/airflow/example_dags/example_bash_operator.py took 0.037 seconds
[2025-06-20T13:10:21.864+0000] {processor.py:153} INFO - Started process (PID=837) to work on /home/airflow/.local/lib/python3.7/site-packages/airflow/example_dags/example_bash_operator.py
[2025-06-20T13:10:21.864+0000] {processor.py:640} INFO - Processing file /home/airflow/.local/lib/python3.7/site-packages/airflow/example_dags/example_bash_operator.py for tasks to queue
[2025-06-20T13:10:21.865+0000] {logging_mixin.py:115} INFO - [2025-06-20T13:10:21.865+0000] {dagbag.py:508} INFO - Filling up the DagBag from /home/airflow/.local/lib/python3.7/site-packages/airflow/example_dags/example_bash_operator.py
[2025-06-20T13:10:21.869+0000] {processor.py:650} INFO - DAG(s) dict_keys(['example_bash_operator']) retrieved from /home/airflow/.local/lib/python3.7/site-packages/airflow/example_dags/example_bash_operator.py
[2025-06-20T13:10:21.883+0000] {logging_mixin.py:115} INFO - [2025-06-20T13:10:21.883+0000] {dag.py:2429} INFO - Sync 1 DAGs
[2025-06-20T13:10:21.894+0000] {logging_mixin.py:115} INFO - [2025-06-20T13:10:21.893+0000] {dag.py:2981} INFO - Setting next_dagrun for example_bash_operator to 2025-06-19T00:00:00+00:00, run_after=2025-06-20T00:00:00+00:00
[2025-06-20T13:10:21.899+0000] {processor.py:161} INFO - Processing /home/airflow/.local/lib/python3.7/site-packages/airflow/example_dags/example_bash_operator.py took 0.037 seconds
[2025-06-20T13:10:51.996+0000] {processor.py:153} INFO - Started process (PID=898) to work on /home/airflow/.local/lib/python3.7/site-packages/airflow/example_dags/example_bash_operator.py
[2025-06-20T13:10:51.997+0000] {processor.py:640} INFO - Processing file /home/airflow/.local/lib/python3.7/site-packages/airflow/example_dags/example_bash_operator.py for tasks to queue
[2025-06-20T13:10:51.997+0000] {logging_mixin.py:115} INFO - [2025-06-20T13:10:51.997+0000] {dagbag.py:508} INFO - Filling up the DagBag from /home/airflow/.local/lib/python3.7/site-packages/airflow/example_dags/example_bash_operator.py
[2025-06-20T13:10:52.002+0000] {processor.py:650} INFO - DAG(s) dict_keys(['example_bash_operator']) retrieved from /home/airflow/.local/lib/python3.7/site-packages/airflow/example_dags/example_bash_operator.py
[2025-06-20T13:10:52.015+0000] {logging_mixin.py:115} INFO - [2025-06-20T13:10:52.015+0000] {dag.py:2429} INFO - Sync 1 DAGs
[2025-06-20T13:10:52.024+0000] {logging_mixin.py:115} INFO - [2025-06-20T13:10:52.024+0000] {dag.py:2981} INFO - Setting next_dagrun for example_bash_operator to 2025-06-19T00:00:00+00:00, run_after=2025-06-20T00:00:00+00:00
[2025-06-20T13:10:52.030+0000] {processor.py:161} INFO - Processing /home/airflow/.local/lib/python3.7/site-packages/airflow/example_dags/example_bash_operator.py took 0.035 seconds
[2025-06-20T13:11:22.140+0000] {processor.py:153} INFO - Started process (PID=959) to work on /home/airflow/.local/lib/python3.7/site-packages/airflow/example_dags/example_bash_operator.py
[2025-06-20T13:11:22.140+0000] {processor.py:640} INFO - Processing file /home/airflow/.local/lib/python3.7/site-packages/airflow/example_dags/example_bash_operator.py for tasks to queue
[2025-06-20T13:11:22.140+0000] {logging_mixin.py:115} INFO - [2025-06-20T13:11:22.140+0000] {dagbag.py:508} INFO - Filling up the DagBag from /home/airflow/.local/lib/python3.7/site-packages/airflow/example_dags/example_bash_operator.py
[2025-06-20T13:11:22.145+0000] {processor.py:650} INFO - DAG(s) dict_keys(['example_bash_operator']) retrieved from /home/airflow/.local/lib/python3.7/site-packages/airflow/example_dags/example_bash_operator.py
[2025-06-20T13:11:22.158+0000] {logging_mixin.py:115} INFO - [2025-06-20T13:11:22.158+0000] {dag.py:2429} INFO - Sync 1 DAGs
[2025-06-20T13:11:22.167+0000] {logging_mixin.py:115} INFO - [2025-06-20T13:11:22.167+0000] {dag.py:2981} INFO - Setting next_dagrun for example_bash_operator to 2025-06-19T00:00:00+00:00, run_after=2025-06-20T00:00:00+00:00
[2025-06-20T13:11:22.172+0000] {processor.py:161} INFO - Processing /home/airflow/.local/lib/python3.7/site-packages/airflow/example_dags/example_bash_operator.py took 0.034 seconds
[2025-06-20T13:11:52.318+0000] {processor.py:153} INFO - Started process (PID=1011) to work on /home/airflow/.local/lib/python3.7/site-packages/airflow/example_dags/example_bash_operator.py
[2025-06-20T13:11:52.318+0000] {processor.py:640} INFO - Processing file /home/airflow/.local/lib/python3.7/site-packages/airflow/example_dags/example_bash_operator.py for tasks to queue
[2025-06-20T13:11:52.318+0000] {logging_mixin.py:115} INFO - [2025-06-20T13:11:52.318+0000] {dagbag.py:508} INFO - Filling up the DagBag from /home/airflow/.local/lib/python3.7/site-packages/airflow/example_dags/example_bash_operator.py
[2025-06-20T13:11:52.323+0000] {processor.py:650} INFO - DAG(s) dict_keys(['example_bash_operator']) retrieved from /home/airflow/.local/lib/python3.7/site-packages/airflow/example_dags/example_bash_operator.py
[2025-06-20T13:11:52.338+0000] {logging_mixin.py:115} INFO - [2025-06-20T13:11:52.338+0000] {dag.py:2429} INFO - Sync 1 DAGs
[2025-06-20T13:11:52.348+0000] {logging_mixin.py:115} INFO - [2025-06-20T13:11:52.348+0000] {dag.py:2981} INFO - Setting next_dagrun for example_bash_operator to 2025-06-19T00:00:00+00:00, run_after=2025-06-20T00:00:00+00:00
[2025-06-20T13:11:52.353+0000] {processor.py:161} INFO - Processing /home/airflow/.local/lib/python3.7/site-packages/airflow/example_dags/example_bash_operator.py took 0.037 seconds
[2025-06-20T13:12:22.447+0000] {processor.py:153} INFO - Started process (PID=1072) to work on /home/airflow/.local/lib/python3.7/site-packages/airflow/example_dags/example_bash_operator.py
[2025-06-20T13:12:22.450+0000] {processor.py:640} INFO - Processing file /home/airflow/.local/lib/python3.7/site-packages/airflow/example_dags/example_bash_operator.py for tasks to queue
[2025-06-20T13:12:22.451+0000] {logging_mixin.py:115} INFO - [2025-06-20T13:12:22.451+0000] {dagbag.py:508} INFO - Filling up the DagBag from /home/airflow/.local/lib/python3.7/site-packages/airflow/example_dags/example_bash_operator.py
[2025-06-20T13:12:22.456+0000] {processor.py:650} INFO - DAG(s) dict_keys(['example_bash_operator']) retrieved from /home/airflow/.local/lib/python3.7/site-packages/airflow/example_dags/example_bash_operator.py
[2025-06-20T13:12:22.470+0000] {logging_mixin.py:115} INFO - [2025-06-20T13:12:22.470+0000] {dag.py:2429} INFO - Sync 1 DAGs
[2025-06-20T13:12:22.480+0000] {logging_mixin.py:115} INFO - [2025-06-20T13:12:22.480+0000] {dag.py:2981} INFO - Setting next_dagrun for example_bash_operator to 2025-06-19T00:00:00+00:00, run_after=2025-06-20T00:00:00+00:00
[2025-06-20T13:12:22.489+0000] {processor.py:161} INFO - Processing /home/airflow/.local/lib/python3.7/site-packages/airflow/example_dags/example_bash_operator.py took 0.043 seconds
[2025-06-20T13:12:52.575+0000] {processor.py:153} INFO - Started process (PID=1133) to work on /home/airflow/.local/lib/python3.7/site-packages/airflow/example_dags/example_bash_operator.py
[2025-06-20T13:12:52.576+0000] {processor.py:640} INFO - Processing file /home/airflow/.local/lib/python3.7/site-packages/airflow/example_dags/example_bash_operator.py for tasks to queue
[2025-06-20T13:12:52.576+0000] {logging_mixin.py:115} INFO - [2025-06-20T13:12:52.576+0000] {dagbag.py:508} INFO - Filling up the DagBag from /home/airflow/.local/lib/python3.7/site-packages/airflow/example_dags/example_bash_operator.py
[2025-06-20T13:12:52.581+0000] {processor.py:650} INFO - DAG(s) dict_keys(['example_bash_operator']) retrieved from /home/airflow/.local/lib/python3.7/site-packages/airflow/example_dags/example_bash_operator.py
[2025-06-20T13:12:52.594+0000] {logging_mixin.py:115} INFO - [2025-06-20T13:12:52.594+0000] {dag.py:2429} INFO - Sync 1 DAGs
[2025-06-20T13:12:52.603+0000] {logging_mixin.py:115} INFO - [2025-06-20T13:12:52.603+0000] {dag.py:2981} INFO - Setting next_dagrun for example_bash_operator to 2025-06-19T00:00:00+00:00, run_after=2025-06-20T00:00:00+00:00
[2025-06-20T13:12:52.608+0000] {processor.py:161} INFO - Processing /home/airflow/.local/lib/python3.7/site-packages/airflow/example_dags/example_bash_operator.py took 0.034 seconds
[2025-06-20T13:13:22.692+0000] {processor.py:153} INFO - Started process (PID=1194) to work on /home/airflow/.local/lib/python3.7/site-packages/airflow/example_dags/example_bash_operator.py
[2025-06-20T13:13:22.693+0000] {processor.py:640} INFO - Processing file /home/airflow/.local/lib/python3.7/site-packages/airflow/example_dags/example_bash_operator.py for tasks to queue
[2025-06-20T13:13:22.693+0000] {logging_mixin.py:115} INFO - [2025-06-20T13:13:22.693+0000] {dagbag.py:508} INFO - Filling up the DagBag from /home/airflow/.local/lib/python3.7/site-packages/airflow/example_dags/example_bash_operator.py
[2025-06-20T13:13:22.698+0000] {processor.py:650} INFO - DAG(s) dict_keys(['example_bash_operator']) retrieved from /home/airflow/.local/lib/python3.7/site-packages/airflow/example_dags/example_bash_operator.py
[2025-06-20T13:13:22.712+0000] {logging_mixin.py:115} INFO - [2025-06-20T13:13:22.712+0000] {dag.py:2429} INFO - Sync 1 DAGs
[2025-06-20T13:13:22.722+0000] {logging_mixin.py:115} INFO - [2025-06-20T13:13:22.722+0000] {dag.py:2981} INFO - Setting next_dagrun for example_bash_operator to 2025-06-19T00:00:00+00:00, run_after=2025-06-20T00:00:00+00:00
[2025-06-20T13:13:22.730+0000] {processor.py:161} INFO - Processing /home/airflow/.local/lib/python3.7/site-packages/airflow/example_dags/example_bash_operator.py took 0.039 seconds
[2025-06-20T13:13:52.989+0000] {processor.py:153} INFO - Started process (PID=1255) to work on /home/airflow/.local/lib/python3.7/site-packages/airflow/example_dags/example_bash_operator.py
[2025-06-20T13:13:52.989+0000] {processor.py:640} INFO - Processing file /home/airflow/.local/lib/python3.7/site-packages/airflow/example_dags/example_bash_operator.py for tasks to queue
[2025-06-20T13:13:52.989+0000] {logging_mixin.py:115} INFO - [2025-06-20T13:13:52.989+0000] {dagbag.py:508} INFO - Filling up the DagBag from /home/airflow/.local/lib/python3.7/site-packages/airflow/example_dags/example_bash_operator.py
[2025-06-20T13:13:52.995+0000] {processor.py:650} INFO - DAG(s) dict_keys(['example_bash_operator']) retrieved from /home/airflow/.local/lib/python3.7/site-packages/airflow/example_dags/example_bash_operator.py
[2025-06-20T13:13:53.012+0000] {logging_mixin.py:115} INFO - [2025-06-20T13:13:53.011+0000] {dag.py:2429} INFO - Sync 1 DAGs
[2025-06-20T13:13:53.022+0000] {logging_mixin.py:115} INFO - [2025-06-20T13:13:53.022+0000] {dag.py:2981} INFO - Setting next_dagrun for example_bash_operator to 2025-06-19T00:00:00+00:00, run_after=2025-06-20T00:00:00+00:00
[2025-06-20T13:13:53.028+0000] {processor.py:161} INFO - Processing /home/airflow/.local/lib/python3.7/site-packages/airflow/example_dags/example_bash_operator.py took 0.041 seconds
[2025-06-20T13:14:23.057+0000] {processor.py:153} INFO - Started process (PID=1316) to work on /home/airflow/.local/lib/python3.7/site-packages/airflow/example_dags/example_bash_operator.py
[2025-06-20T13:14:23.058+0000] {processor.py:640} INFO - Processing file /home/airflow/.local/lib/python3.7/site-packages/airflow/example_dags/example_bash_operator.py for tasks to queue
[2025-06-20T13:14:23.058+0000] {logging_mixin.py:115} INFO - [2025-06-20T13:14:23.058+0000] {dagbag.py:508} INFO - Filling up the DagBag from /home/airflow/.local/lib/python3.7/site-packages/airflow/example_dags/example_bash_operator.py
[2025-06-20T13:14:23.064+0000] {processor.py:650} INFO - DAG(s) dict_keys(['example_bash_operator']) retrieved from /home/airflow/.local/lib/python3.7/site-packages/airflow/example_dags/example_bash_operator.py
[2025-06-20T13:14:23.089+0000] {logging_mixin.py:115} INFO - [2025-06-20T13:14:23.088+0000] {dag.py:2429} INFO - Sync 1 DAGs
[2025-06-20T13:14:23.098+0000] {logging_mixin.py:115} INFO - [2025-06-20T13:14:23.098+0000] {dag.py:2981} INFO - Setting next_dagrun for example_bash_operator to 2025-06-19T00:00:00+00:00, run_after=2025-06-20T00:00:00+00:00
[2025-06-20T13:14:23.104+0000] {processor.py:161} INFO - Processing /home/airflow/.local/lib/python3.7/site-packages/airflow/example_dags/example_bash_operator.py took 0.048 seconds
[2025-06-20T13:14:53.177+0000] {processor.py:153} INFO - Started process (PID=1367) to work on /home/airflow/.local/lib/python3.7/site-packages/airflow/example_dags/example_bash_operator.py
[2025-06-20T13:14:53.178+0000] {processor.py:640} INFO - Processing file /home/airflow/.local/lib/python3.7/site-packages/airflow/example_dags/example_bash_operator.py for tasks to queue
[2025-06-20T13:14:53.178+0000] {logging_mixin.py:115} INFO - [2025-06-20T13:14:53.178+0000] {dagbag.py:508} INFO - Filling up the DagBag from /home/airflow/.local/lib/python3.7/site-packages/airflow/example_dags/example_bash_operator.py
[2025-06-20T13:14:53.183+0000] {processor.py:650} INFO - DAG(s) dict_keys(['example_bash_operator']) retrieved from /home/airflow/.local/lib/python3.7/site-packages/airflow/example_dags/example_bash_operator.py
[2025-06-20T13:14:53.196+0000] {logging_mixin.py:115} INFO - [2025-06-20T13:14:53.196+0000] {dag.py:2429} INFO - Sync 1 DAGs
[2025-06-20T13:14:53.205+0000] {logging_mixin.py:115} INFO - [2025-06-20T13:14:53.204+0000] {dag.py:2981} INFO - Setting next_dagrun for example_bash_operator to 2025-06-19T00:00:00+00:00, run_after=2025-06-20T00:00:00+00:00
[2025-06-20T13:14:53.211+0000] {processor.py:161} INFO - Processing /home/airflow/.local/lib/python3.7/site-packages/airflow/example_dags/example_bash_operator.py took 0.036 seconds
[2025-06-20T13:15:23.266+0000] {processor.py:153} INFO - Started process (PID=1428) to work on /home/airflow/.local/lib/python3.7/site-packages/airflow/example_dags/example_bash_operator.py
[2025-06-20T13:15:23.266+0000] {processor.py:640} INFO - Processing file /home/airflow/.local/lib/python3.7/site-packages/airflow/example_dags/example_bash_operator.py for tasks to queue
[2025-06-20T13:15:23.267+0000] {logging_mixin.py:115} INFO - [2025-06-20T13:15:23.267+0000] {dagbag.py:508} INFO - Filling up the DagBag from /home/airflow/.local/lib/python3.7/site-packages/airflow/example_dags/example_bash_operator.py
[2025-06-20T13:15:23.272+0000] {processor.py:650} INFO - DAG(s) dict_keys(['example_bash_operator']) retrieved from /home/airflow/.local/lib/python3.7/site-packages/airflow/example_dags/example_bash_operator.py
[2025-06-20T13:15:23.285+0000] {logging_mixin.py:115} INFO - [2025-06-20T13:15:23.285+0000] {dag.py:2429} INFO - Sync 1 DAGs
[2025-06-20T13:15:23.294+0000] {logging_mixin.py:115} INFO - [2025-06-20T13:15:23.294+0000] {dag.py:2981} INFO - Setting next_dagrun for example_bash_operator to 2025-06-19T00:00:00+00:00, run_after=2025-06-20T00:00:00+00:00
[2025-06-20T13:15:23.300+0000] {processor.py:161} INFO - Processing /home/airflow/.local/lib/python3.7/site-packages/airflow/example_dags/example_bash_operator.py took 0.035 seconds
[2025-06-20T13:15:53.328+0000] {processor.py:153} INFO - Started process (PID=1488) to work on /home/airflow/.local/lib/python3.7/site-packages/airflow/example_dags/example_bash_operator.py
[2025-06-20T13:15:53.328+0000] {processor.py:640} INFO - Processing file /home/airflow/.local/lib/python3.7/site-packages/airflow/example_dags/example_bash_operator.py for tasks to queue
[2025-06-20T13:15:53.328+0000] {logging_mixin.py:115} INFO - [2025-06-20T13:15:53.328+0000] {dagbag.py:508} INFO - Filling up the DagBag from /home/airflow/.local/lib/python3.7/site-packages/airflow/example_dags/example_bash_operator.py
[2025-06-20T13:15:53.334+0000] {processor.py:650} INFO - DAG(s) dict_keys(['example_bash_operator']) retrieved from /home/airflow/.local/lib/python3.7/site-packages/airflow/example_dags/example_bash_operator.py
[2025-06-20T13:15:53.348+0000] {logging_mixin.py:115} INFO - [2025-06-20T13:15:53.348+0000] {dag.py:2429} INFO - Sync 1 DAGs
[2025-06-20T13:15:53.357+0000] {logging_mixin.py:115} INFO - [2025-06-20T13:15:53.357+0000] {dag.py:2981} INFO - Setting next_dagrun for example_bash_operator to 2025-06-19T00:00:00+00:00, run_after=2025-06-20T00:00:00+00:00
[2025-06-20T13:15:53.363+0000] {processor.py:161} INFO - Processing /home/airflow/.local/lib/python3.7/site-packages/airflow/example_dags/example_bash_operator.py took 0.037 seconds
[2025-06-20T13:16:23.631+0000] {processor.py:153} INFO - Started process (PID=1550) to work on /home/airflow/.local/lib/python3.7/site-packages/airflow/example_dags/example_bash_operator.py
[2025-06-20T13:16:23.632+0000] {processor.py:640} INFO - Processing file /home/airflow/.local/lib/python3.7/site-packages/airflow/example_dags/example_bash_operator.py for tasks to queue
[2025-06-20T13:16:23.633+0000] {logging_mixin.py:115} INFO - [2025-06-20T13:16:23.633+0000] {dagbag.py:508} INFO - Filling up the DagBag from /home/airflow/.local/lib/python3.7/site-packages/airflow/example_dags/example_bash_operator.py
[2025-06-20T13:16:23.639+0000] {processor.py:650} INFO - DAG(s) dict_keys(['example_bash_operator']) retrieved from /home/airflow/.local/lib/python3.7/site-packages/airflow/example_dags/example_bash_operator.py
[2025-06-20T13:16:23.654+0000] {logging_mixin.py:115} INFO - [2025-06-20T13:16:23.654+0000] {dag.py:2429} INFO - Sync 1 DAGs
[2025-06-20T13:16:23.665+0000] {logging_mixin.py:115} INFO - [2025-06-20T13:16:23.665+0000] {dag.py:2981} INFO - Setting next_dagrun for example_bash_operator to 2025-06-19T00:00:00+00:00, run_after=2025-06-20T00:00:00+00:00
[2025-06-20T13:16:23.671+0000] {processor.py:161} INFO - Processing /home/airflow/.local/lib/python3.7/site-packages/airflow/example_dags/example_bash_operator.py took 0.041 seconds
[2025-06-20T13:16:53.826+0000] {processor.py:153} INFO - Started process (PID=1611) to work on /home/airflow/.local/lib/python3.7/site-packages/airflow/example_dags/example_bash_operator.py
[2025-06-20T13:16:53.826+0000] {processor.py:640} INFO - Processing file /home/airflow/.local/lib/python3.7/site-packages/airflow/example_dags/example_bash_operator.py for tasks to queue
[2025-06-20T13:16:53.827+0000] {logging_mixin.py:115} INFO - [2025-06-20T13:16:53.827+0000] {dagbag.py:508} INFO - Filling up the DagBag from /home/airflow/.local/lib/python3.7/site-packages/airflow/example_dags/example_bash_operator.py
[2025-06-20T13:16:53.832+0000] {processor.py:650} INFO - DAG(s) dict_keys(['example_bash_operator']) retrieved from /home/airflow/.local/lib/python3.7/site-packages/airflow/example_dags/example_bash_operator.py
[2025-06-20T13:16:53.845+0000] {logging_mixin.py:115} INFO - [2025-06-20T13:16:53.845+0000] {dag.py:2429} INFO - Sync 1 DAGs
[2025-06-20T13:16:53.855+0000] {logging_mixin.py:115} INFO - [2025-06-20T13:16:53.855+0000] {dag.py:2981} INFO - Setting next_dagrun for example_bash_operator to 2025-06-19T00:00:00+00:00, run_after=2025-06-20T00:00:00+00:00
[2025-06-20T13:16:53.861+0000] {processor.py:161} INFO - Processing /home/airflow/.local/lib/python3.7/site-packages/airflow/example_dags/example_bash_operator.py took 0.036 seconds
[2025-06-20T13:17:23.985+0000] {processor.py:153} INFO - Started process (PID=1663) to work on /home/airflow/.local/lib/python3.7/site-packages/airflow/example_dags/example_bash_operator.py
[2025-06-20T13:17:23.986+0000] {processor.py:640} INFO - Processing file /home/airflow/.local/lib/python3.7/site-packages/airflow/example_dags/example_bash_operator.py for tasks to queue
[2025-06-20T13:17:23.986+0000] {logging_mixin.py:115} INFO - [2025-06-20T13:17:23.986+0000] {dagbag.py:508} INFO - Filling up the DagBag from /home/airflow/.local/lib/python3.7/site-packages/airflow/example_dags/example_bash_operator.py
[2025-06-20T13:17:23.992+0000] {processor.py:650} INFO - DAG(s) dict_keys(['example_bash_operator']) retrieved from /home/airflow/.local/lib/python3.7/site-packages/airflow/example_dags/example_bash_operator.py
[2025-06-20T13:17:24.006+0000] {logging_mixin.py:115} INFO - [2025-06-20T13:17:24.005+0000] {dag.py:2429} INFO - Sync 1 DAGs
[2025-06-20T13:17:24.014+0000] {logging_mixin.py:115} INFO - [2025-06-20T13:17:24.014+0000] {dag.py:2981} INFO - Setting next_dagrun for example_bash_operator to 2025-06-19T00:00:00+00:00, run_after=2025-06-20T00:00:00+00:00
[2025-06-20T13:17:24.020+0000] {processor.py:161} INFO - Processing /home/airflow/.local/lib/python3.7/site-packages/airflow/example_dags/example_bash_operator.py took 0.036 seconds
[2025-06-20T13:17:55.095+0000] {processor.py:153} INFO - Started process (PID=1725) to work on /home/airflow/.local/lib/python3.7/site-packages/airflow/example_dags/example_bash_operator.py
[2025-06-20T13:17:55.095+0000] {processor.py:640} INFO - Processing file /home/airflow/.local/lib/python3.7/site-packages/airflow/example_dags/example_bash_operator.py for tasks to queue
[2025-06-20T13:17:55.095+0000] {logging_mixin.py:115} INFO - [2025-06-20T13:17:55.095+0000] {dagbag.py:508} INFO - Filling up the DagBag from /home/airflow/.local/lib/python3.7/site-packages/airflow/example_dags/example_bash_operator.py
[2025-06-20T13:17:55.101+0000] {processor.py:650} INFO - DAG(s) dict_keys(['example_bash_operator']) retrieved from /home/airflow/.local/lib/python3.7/site-packages/airflow/example_dags/example_bash_operator.py
[2025-06-20T13:17:55.114+0000] {logging_mixin.py:115} INFO - [2025-06-20T13:17:55.114+0000] {dag.py:2429} INFO - Sync 1 DAGs
[2025-06-20T13:17:55.125+0000] {logging_mixin.py:115} INFO - [2025-06-20T13:17:55.125+0000] {dag.py:2981} INFO - Setting next_dagrun for example_bash_operator to 2025-06-19T00:00:00+00:00, run_after=2025-06-20T00:00:00+00:00
[2025-06-20T13:17:55.130+0000] {processor.py:161} INFO - Processing /home/airflow/.local/lib/python3.7/site-packages/airflow/example_dags/example_bash_operator.py took 0.037 seconds
[2025-06-20T13:18:25.256+0000] {processor.py:153} INFO - Started process (PID=1786) to work on /home/airflow/.local/lib/python3.7/site-packages/airflow/example_dags/example_bash_operator.py
[2025-06-20T13:18:25.257+0000] {processor.py:640} INFO - Processing file /home/airflow/.local/lib/python3.7/site-packages/airflow/example_dags/example_bash_operator.py for tasks to queue
[2025-06-20T13:18:25.257+0000] {logging_mixin.py:115} INFO - [2025-06-20T13:18:25.257+0000] {dagbag.py:508} INFO - Filling up the DagBag from /home/airflow/.local/lib/python3.7/site-packages/airflow/example_dags/example_bash_operator.py
[2025-06-20T13:18:25.262+0000] {processor.py:650} INFO - DAG(s) dict_keys(['example_bash_operator']) retrieved from /home/airflow/.local/lib/python3.7/site-packages/airflow/example_dags/example_bash_operator.py
[2025-06-20T13:18:25.275+0000] {logging_mixin.py:115} INFO - [2025-06-20T13:18:25.275+0000] {dag.py:2429} INFO - Sync 1 DAGs
[2025-06-20T13:18:25.284+0000] {logging_mixin.py:115} INFO - [2025-06-20T13:18:25.284+0000] {dag.py:2981} INFO - Setting next_dagrun for example_bash_operator to 2025-06-19T00:00:00+00:00, run_after=2025-06-20T00:00:00+00:00
[2025-06-20T13:18:25.289+0000] {processor.py:161} INFO - Processing /home/airflow/.local/lib/python3.7/site-packages/airflow/example_dags/example_bash_operator.py took 0.035 seconds
[2025-06-20T13:18:55.449+0000] {processor.py:153} INFO - Started process (PID=1847) to work on /home/airflow/.local/lib/python3.7/site-packages/airflow/example_dags/example_bash_operator.py
[2025-06-20T13:18:55.450+0000] {processor.py:640} INFO - Processing file /home/airflow/.local/lib/python3.7/site-packages/airflow/example_dags/example_bash_operator.py for tasks to queue
[2025-06-20T13:18:55.450+0000] {logging_mixin.py:115} INFO - [2025-06-20T13:18:55.450+0000] {dagbag.py:508} INFO - Filling up the DagBag from /home/airflow/.local/lib/python3.7/site-packages/airflow/example_dags/example_bash_operator.py
[2025-06-20T13:18:55.455+0000] {processor.py:650} INFO - DAG(s) dict_keys(['example_bash_operator']) retrieved from /home/airflow/.local/lib/python3.7/site-packages/airflow/example_dags/example_bash_operator.py
[2025-06-20T13:18:55.468+0000] {logging_mixin.py:115} INFO - [2025-06-20T13:18:55.468+0000] {dag.py:2429} INFO - Sync 1 DAGs
[2025-06-20T13:18:55.478+0000] {logging_mixin.py:115} INFO - [2025-06-20T13:18:55.478+0000] {dag.py:2981} INFO - Setting next_dagrun for example_bash_operator to 2025-06-19T00:00:00+00:00, run_after=2025-06-20T00:00:00+00:00
[2025-06-20T13:18:55.483+0000] {processor.py:161} INFO - Processing /home/airflow/.local/lib/python3.7/site-packages/airflow/example_dags/example_bash_operator.py took 0.035 seconds
[2025-06-20T13:19:25.596+0000] {processor.py:153} INFO - Started process (PID=1908) to work on /home/airflow/.local/lib/python3.7/site-packages/airflow/example_dags/example_bash_operator.py
[2025-06-20T13:19:25.596+0000] {processor.py:640} INFO - Processing file /home/airflow/.local/lib/python3.7/site-packages/airflow/example_dags/example_bash_operator.py for tasks to queue
[2025-06-20T13:19:25.597+0000] {logging_mixin.py:115} INFO - [2025-06-20T13:19:25.597+0000] {dagbag.py:508} INFO - Filling up the DagBag from /home/airflow/.local/lib/python3.7/site-packages/airflow/example_dags/example_bash_operator.py
[2025-06-20T13:19:25.601+0000] {processor.py:650} INFO - DAG(s) dict_keys(['example_bash_operator']) retrieved from /home/airflow/.local/lib/python3.7/site-packages/airflow/example_dags/example_bash_operator.py
[2025-06-20T13:19:25.614+0000] {logging_mixin.py:115} INFO - [2025-06-20T13:19:25.614+0000] {dag.py:2429} INFO - Sync 1 DAGs
[2025-06-20T13:19:25.624+0000] {logging_mixin.py:115} INFO - [2025-06-20T13:19:25.624+0000] {dag.py:2981} INFO - Setting next_dagrun for example_bash_operator to 2025-06-19T00:00:00+00:00, run_after=2025-06-20T00:00:00+00:00
[2025-06-20T13:19:25.628+0000] {processor.py:161} INFO - Processing /home/airflow/.local/lib/python3.7/site-packages/airflow/example_dags/example_bash_operator.py took 0.034 seconds
[2025-06-20T13:19:55.714+0000] {processor.py:153} INFO - Started process (PID=1969) to work on /home/airflow/.local/lib/python3.7/site-packages/airflow/example_dags/example_bash_operator.py
[2025-06-20T13:19:55.714+0000] {processor.py:640} INFO - Processing file /home/airflow/.local/lib/python3.7/site-packages/airflow/example_dags/example_bash_operator.py for tasks to queue
[2025-06-20T13:19:55.715+0000] {logging_mixin.py:115} INFO - [2025-06-20T13:19:55.715+0000] {dagbag.py:508} INFO - Filling up the DagBag from /home/airflow/.local/lib/python3.7/site-packages/airflow/example_dags/example_bash_operator.py
[2025-06-20T13:19:55.719+0000] {processor.py:650} INFO - DAG(s) dict_keys(['example_bash_operator']) retrieved from /home/airflow/.local/lib/python3.7/site-packages/airflow/example_dags/example_bash_operator.py
[2025-06-20T13:19:55.733+0000] {logging_mixin.py:115} INFO - [2025-06-20T13:19:55.733+0000] {dag.py:2429} INFO - Sync 1 DAGs
[2025-06-20T13:19:55.743+0000] {logging_mixin.py:115} INFO - [2025-06-20T13:19:55.742+0000] {dag.py:2981} INFO - Setting next_dagrun for example_bash_operator to 2025-06-19T00:00:00+00:00, run_after=2025-06-20T00:00:00+00:00
[2025-06-20T13:19:55.747+0000] {processor.py:161} INFO - Processing /home/airflow/.local/lib/python3.7/site-packages/airflow/example_dags/example_bash_operator.py took 0.035 seconds
[2025-06-20T13:20:25.855+0000] {processor.py:153} INFO - Started process (PID=2028) to work on /home/airflow/.local/lib/python3.7/site-packages/airflow/example_dags/example_bash_operator.py
[2025-06-20T13:20:25.856+0000] {processor.py:640} INFO - Processing file /home/airflow/.local/lib/python3.7/site-packages/airflow/example_dags/example_bash_operator.py for tasks to queue
[2025-06-20T13:20:25.857+0000] {logging_mixin.py:115} INFO - [2025-06-20T13:20:25.857+0000] {dagbag.py:508} INFO - Filling up the DagBag from /home/airflow/.local/lib/python3.7/site-packages/airflow/example_dags/example_bash_operator.py
[2025-06-20T13:20:25.864+0000] {processor.py:650} INFO - DAG(s) dict_keys(['example_bash_operator']) retrieved from /home/airflow/.local/lib/python3.7/site-packages/airflow/example_dags/example_bash_operator.py
[2025-06-20T13:20:25.883+0000] {logging_mixin.py:115} INFO - [2025-06-20T13:20:25.883+0000] {dag.py:2429} INFO - Sync 1 DAGs
[2025-06-20T13:20:25.894+0000] {logging_mixin.py:115} INFO - [2025-06-20T13:20:25.894+0000] {dag.py:2981} INFO - Setting next_dagrun for example_bash_operator to 2025-06-19T00:00:00+00:00, run_after=2025-06-20T00:00:00+00:00
[2025-06-20T13:20:25.899+0000] {processor.py:161} INFO - Processing /home/airflow/.local/lib/python3.7/site-packages/airflow/example_dags/example_bash_operator.py took 0.045 seconds
[2025-06-20T13:20:55.986+0000] {processor.py:153} INFO - Started process (PID=2082) to work on /home/airflow/.local/lib/python3.7/site-packages/airflow/example_dags/example_bash_operator.py
[2025-06-20T13:20:55.989+0000] {processor.py:640} INFO - Processing file /home/airflow/.local/lib/python3.7/site-packages/airflow/example_dags/example_bash_operator.py for tasks to queue
[2025-06-20T13:20:55.990+0000] {logging_mixin.py:115} INFO - [2025-06-20T13:20:55.990+0000] {dagbag.py:508} INFO - Filling up the DagBag from /home/airflow/.local/lib/python3.7/site-packages/airflow/example_dags/example_bash_operator.py
[2025-06-20T13:20:55.995+0000] {processor.py:650} INFO - DAG(s) dict_keys(['example_bash_operator']) retrieved from /home/airflow/.local/lib/python3.7/site-packages/airflow/example_dags/example_bash_operator.py
[2025-06-20T13:20:56.008+0000] {logging_mixin.py:115} INFO - [2025-06-20T13:20:56.008+0000] {dag.py:2429} INFO - Sync 1 DAGs
[2025-06-20T13:20:56.019+0000] {logging_mixin.py:115} INFO - [2025-06-20T13:20:56.019+0000] {dag.py:2981} INFO - Setting next_dagrun for example_bash_operator to 2025-06-19T00:00:00+00:00, run_after=2025-06-20T00:00:00+00:00
[2025-06-20T13:20:56.023+0000] {processor.py:161} INFO - Processing /home/airflow/.local/lib/python3.7/site-packages/airflow/example_dags/example_bash_operator.py took 0.039 seconds
[2025-06-20T13:21:26.110+0000] {processor.py:153} INFO - Started process (PID=2143) to work on /home/airflow/.local/lib/python3.7/site-packages/airflow/example_dags/example_bash_operator.py
[2025-06-20T13:21:26.112+0000] {processor.py:640} INFO - Processing file /home/airflow/.local/lib/python3.7/site-packages/airflow/example_dags/example_bash_operator.py for tasks to queue
[2025-06-20T13:21:26.113+0000] {logging_mixin.py:115} INFO - [2025-06-20T13:21:26.113+0000] {dagbag.py:508} INFO - Filling up the DagBag from /home/airflow/.local/lib/python3.7/site-packages/airflow/example_dags/example_bash_operator.py
[2025-06-20T13:21:26.119+0000] {processor.py:650} INFO - DAG(s) dict_keys(['example_bash_operator']) retrieved from /home/airflow/.local/lib/python3.7/site-packages/airflow/example_dags/example_bash_operator.py
[2025-06-20T13:21:26.135+0000] {logging_mixin.py:115} INFO - [2025-06-20T13:21:26.135+0000] {dag.py:2429} INFO - Sync 1 DAGs
[2025-06-20T13:21:26.150+0000] {logging_mixin.py:115} INFO - [2025-06-20T13:21:26.150+0000] {dag.py:2981} INFO - Setting next_dagrun for example_bash_operator to 2025-06-19T00:00:00+00:00, run_after=2025-06-20T00:00:00+00:00
[2025-06-20T13:21:26.155+0000] {processor.py:161} INFO - Processing /home/airflow/.local/lib/python3.7/site-packages/airflow/example_dags/example_bash_operator.py took 0.047 seconds
[2025-06-20T13:21:56.244+0000] {processor.py:153} INFO - Started process (PID=2204) to work on /home/airflow/.local/lib/python3.7/site-packages/airflow/example_dags/example_bash_operator.py
[2025-06-20T13:21:56.244+0000] {processor.py:640} INFO - Processing file /home/airflow/.local/lib/python3.7/site-packages/airflow/example_dags/example_bash_operator.py for tasks to queue
[2025-06-20T13:21:56.248+0000] {logging_mixin.py:115} INFO - [2025-06-20T13:21:56.248+0000] {dagbag.py:508} INFO - Filling up the DagBag from /home/airflow/.local/lib/python3.7/site-packages/airflow/example_dags/example_bash_operator.py
[2025-06-20T13:21:56.254+0000] {processor.py:650} INFO - DAG(s) dict_keys(['example_bash_operator']) retrieved from /home/airflow/.local/lib/python3.7/site-packages/airflow/example_dags/example_bash_operator.py
[2025-06-20T13:21:56.268+0000] {logging_mixin.py:115} INFO - [2025-06-20T13:21:56.268+0000] {dag.py:2429} INFO - Sync 1 DAGs
[2025-06-20T13:21:56.283+0000] {logging_mixin.py:115} INFO - [2025-06-20T13:21:56.283+0000] {dag.py:2981} INFO - Setting next_dagrun for example_bash_operator to 2025-06-19T00:00:00+00:00, run_after=2025-06-20T00:00:00+00:00
[2025-06-20T13:21:56.289+0000] {processor.py:161} INFO - Processing /home/airflow/.local/lib/python3.7/site-packages/airflow/example_dags/example_bash_operator.py took 0.047 seconds
[2025-06-20T13:22:26.328+0000] {processor.py:153} INFO - Started process (PID=2264) to work on /home/airflow/.local/lib/python3.7/site-packages/airflow/example_dags/example_bash_operator.py
[2025-06-20T13:22:26.329+0000] {processor.py:640} INFO - Processing file /home/airflow/.local/lib/python3.7/site-packages/airflow/example_dags/example_bash_operator.py for tasks to queue
[2025-06-20T13:22:26.329+0000] {logging_mixin.py:115} INFO - [2025-06-20T13:22:26.329+0000] {dagbag.py:508} INFO - Filling up the DagBag from /home/airflow/.local/lib/python3.7/site-packages/airflow/example_dags/example_bash_operator.py
[2025-06-20T13:22:26.334+0000] {processor.py:650} INFO - DAG(s) dict_keys(['example_bash_operator']) retrieved from /home/airflow/.local/lib/python3.7/site-packages/airflow/example_dags/example_bash_operator.py
[2025-06-20T13:22:26.348+0000] {logging_mixin.py:115} INFO - [2025-06-20T13:22:26.348+0000] {dag.py:2429} INFO - Sync 1 DAGs
[2025-06-20T13:22:26.361+0000] {logging_mixin.py:115} INFO - [2025-06-20T13:22:26.361+0000] {dag.py:2981} INFO - Setting next_dagrun for example_bash_operator to 2025-06-19T00:00:00+00:00, run_after=2025-06-20T00:00:00+00:00
[2025-06-20T13:22:26.366+0000] {processor.py:161} INFO - Processing /home/airflow/.local/lib/python3.7/site-packages/airflow/example_dags/example_bash_operator.py took 0.040 seconds
[2025-06-20T13:22:56.504+0000] {processor.py:153} INFO - Started process (PID=2325) to work on /home/airflow/.local/lib/python3.7/site-packages/airflow/example_dags/example_bash_operator.py
[2025-06-20T13:22:56.505+0000] {processor.py:640} INFO - Processing file /home/airflow/.local/lib/python3.7/site-packages/airflow/example_dags/example_bash_operator.py for tasks to queue
[2025-06-20T13:22:56.505+0000] {logging_mixin.py:115} INFO - [2025-06-20T13:22:56.505+0000] {dagbag.py:508} INFO - Filling up the DagBag from /home/airflow/.local/lib/python3.7/site-packages/airflow/example_dags/example_bash_operator.py
[2025-06-20T13:22:56.509+0000] {processor.py:650} INFO - DAG(s) dict_keys(['example_bash_operator']) retrieved from /home/airflow/.local/lib/python3.7/site-packages/airflow/example_dags/example_bash_operator.py
[2025-06-20T13:22:56.523+0000] {logging_mixin.py:115} INFO - [2025-06-20T13:22:56.523+0000] {dag.py:2429} INFO - Sync 1 DAGs
[2025-06-20T13:22:56.533+0000] {logging_mixin.py:115} INFO - [2025-06-20T13:22:56.533+0000] {dag.py:2981} INFO - Setting next_dagrun for example_bash_operator to 2025-06-19T00:00:00+00:00, run_after=2025-06-20T00:00:00+00:00
[2025-06-20T13:22:56.537+0000] {processor.py:161} INFO - Processing /home/airflow/.local/lib/python3.7/site-packages/airflow/example_dags/example_bash_operator.py took 0.035 seconds
[2025-06-20T13:23:26.636+0000] {processor.py:153} INFO - Started process (PID=2377) to work on /home/airflow/.local/lib/python3.7/site-packages/airflow/example_dags/example_bash_operator.py
[2025-06-20T13:23:26.638+0000] {processor.py:640} INFO - Processing file /home/airflow/.local/lib/python3.7/site-packages/airflow/example_dags/example_bash_operator.py for tasks to queue
[2025-06-20T13:23:26.638+0000] {logging_mixin.py:115} INFO - [2025-06-20T13:23:26.638+0000] {dagbag.py:508} INFO - Filling up the DagBag from /home/airflow/.local/lib/python3.7/site-packages/airflow/example_dags/example_bash_operator.py
[2025-06-20T13:23:26.644+0000] {processor.py:650} INFO - DAG(s) dict_keys(['example_bash_operator']) retrieved from /home/airflow/.local/lib/python3.7/site-packages/airflow/example_dags/example_bash_operator.py
[2025-06-20T13:23:26.658+0000] {logging_mixin.py:115} INFO - [2025-06-20T13:23:26.658+0000] {dag.py:2429} INFO - Sync 1 DAGs
[2025-06-20T13:23:26.668+0000] {logging_mixin.py:115} INFO - [2025-06-20T13:23:26.668+0000] {dag.py:2981} INFO - Setting next_dagrun for example_bash_operator to 2025-06-19T00:00:00+00:00, run_after=2025-06-20T00:00:00+00:00
[2025-06-20T13:23:26.682+0000] {processor.py:161} INFO - Processing /home/airflow/.local/lib/python3.7/site-packages/airflow/example_dags/example_bash_operator.py took 0.048 seconds
[2025-06-20T13:23:56.783+0000] {processor.py:153} INFO - Started process (PID=2438) to work on /home/airflow/.local/lib/python3.7/site-packages/airflow/example_dags/example_bash_operator.py
[2025-06-20T13:23:56.784+0000] {processor.py:640} INFO - Processing file /home/airflow/.local/lib/python3.7/site-packages/airflow/example_dags/example_bash_operator.py for tasks to queue
[2025-06-20T13:23:56.784+0000] {logging_mixin.py:115} INFO - [2025-06-20T13:23:56.784+0000] {dagbag.py:508} INFO - Filling up the DagBag from /home/airflow/.local/lib/python3.7/site-packages/airflow/example_dags/example_bash_operator.py
[2025-06-20T13:23:56.789+0000] {processor.py:650} INFO - DAG(s) dict_keys(['example_bash_operator']) retrieved from /home/airflow/.local/lib/python3.7/site-packages/airflow/example_dags/example_bash_operator.py
[2025-06-20T13:23:56.804+0000] {logging_mixin.py:115} INFO - [2025-06-20T13:23:56.804+0000] {dag.py:2429} INFO - Sync 1 DAGs
[2025-06-20T13:23:56.813+0000] {logging_mixin.py:115} INFO - [2025-06-20T13:23:56.813+0000] {dag.py:2981} INFO - Setting next_dagrun for example_bash_operator to 2025-06-19T00:00:00+00:00, run_after=2025-06-20T00:00:00+00:00
[2025-06-20T13:23:56.819+0000] {processor.py:161} INFO - Processing /home/airflow/.local/lib/python3.7/site-packages/airflow/example_dags/example_bash_operator.py took 0.037 seconds
[2025-06-20T13:24:26.982+0000] {processor.py:153} INFO - Started process (PID=2499) to work on /home/airflow/.local/lib/python3.7/site-packages/airflow/example_dags/example_bash_operator.py
[2025-06-20T13:24:26.984+0000] {processor.py:640} INFO - Processing file /home/airflow/.local/lib/python3.7/site-packages/airflow/example_dags/example_bash_operator.py for tasks to queue
[2025-06-20T13:24:26.984+0000] {logging_mixin.py:115} INFO - [2025-06-20T13:24:26.984+0000] {dagbag.py:508} INFO - Filling up the DagBag from /home/airflow/.local/lib/python3.7/site-packages/airflow/example_dags/example_bash_operator.py
[2025-06-20T13:24:26.990+0000] {processor.py:650} INFO - DAG(s) dict_keys(['example_bash_operator']) retrieved from /home/airflow/.local/lib/python3.7/site-packages/airflow/example_dags/example_bash_operator.py
[2025-06-20T13:24:27.007+0000] {logging_mixin.py:115} INFO - [2025-06-20T13:24:27.007+0000] {dag.py:2429} INFO - Sync 1 DAGs
[2025-06-20T13:24:27.017+0000] {logging_mixin.py:115} INFO - [2025-06-20T13:24:27.017+0000] {dag.py:2981} INFO - Setting next_dagrun for example_bash_operator to 2025-06-19T00:00:00+00:00, run_after=2025-06-20T00:00:00+00:00
[2025-06-20T13:24:27.024+0000] {processor.py:161} INFO - Processing /home/airflow/.local/lib/python3.7/site-packages/airflow/example_dags/example_bash_operator.py took 0.043 seconds
