[2025-06-20T12:58:52.326+0000] {processor.py:153} INFO - Started process (PID=46) to work on /home/airflow/.local/lib/python3.7/site-packages/airflow/example_dags/example_external_task_marker_dag.py
[2025-06-20T12:58:52.327+0000] {processor.py:640} INFO - Processing file /home/airflow/.local/lib/python3.7/site-packages/airflow/example_dags/example_external_task_marker_dag.py for tasks to queue
[2025-06-20T12:58:52.327+0000] {logging_mixin.py:115} INFO - [2025-06-20T12:58:52.327+0000] {dagbag.py:508} INFO - Filling up the DagBag from /home/airflow/.local/lib/python3.7/site-packages/airflow/example_dags/example_external_task_marker_dag.py
[2025-06-20T12:58:52.335+0000] {processor.py:650} INFO - DAG(s) dict_keys(['example_external_task_marker_parent', 'example_external_task_marker_child']) retrieved from /home/airflow/.local/lib/python3.7/site-packages/airflow/example_dags/example_external_task_marker_dag.py
[2025-06-20T12:58:52.383+0000] {logging_mixin.py:115} INFO - [2025-06-20T12:58:52.383+0000] {manager.py:508} INFO - Created Permission View: can read on DAG:example_external_task_marker_parent
[2025-06-20T12:58:52.388+0000] {logging_mixin.py:115} INFO - [2025-06-20T12:58:52.388+0000] {manager.py:508} INFO - Created Permission View: can delete on DAG:example_external_task_marker_parent
[2025-06-20T12:58:52.393+0000] {logging_mixin.py:115} INFO - [2025-06-20T12:58:52.393+0000] {manager.py:508} INFO - Created Permission View: can edit on DAG:example_external_task_marker_parent
[2025-06-20T12:58:52.469+0000] {logging_mixin.py:115} INFO - [2025-06-20T12:58:52.469+0000] {manager.py:508} INFO - Created Permission View: can read on DAG:example_external_task_marker_child
[2025-06-20T12:58:52.473+0000] {logging_mixin.py:115} INFO - [2025-06-20T12:58:52.473+0000] {manager.py:508} INFO - Created Permission View: can delete on DAG:example_external_task_marker_child
[2025-06-20T12:58:52.480+0000] {logging_mixin.py:115} INFO - [2025-06-20T12:58:52.480+0000] {manager.py:508} INFO - Created Permission View: can edit on DAG:example_external_task_marker_child
[2025-06-20T12:58:52.480+0000] {logging_mixin.py:115} INFO - [2025-06-20T12:58:52.480+0000] {dag.py:2429} INFO - Sync 2 DAGs
[2025-06-20T12:58:52.486+0000] {logging_mixin.py:115} INFO - [2025-06-20T12:58:52.486+0000] {dag.py:2448} INFO - Creating ORM DAG for example_external_task_marker_parent
[2025-06-20T12:58:52.487+0000] {logging_mixin.py:115} INFO - [2025-06-20T12:58:52.487+0000] {dag.py:2448} INFO - Creating ORM DAG for example_external_task_marker_child
[2025-06-20T12:58:52.497+0000] {logging_mixin.py:115} INFO - [2025-06-20T12:58:52.497+0000] {dag.py:2981} INFO - Setting next_dagrun for example_external_task_marker_child to None, run_after=None
[2025-06-20T12:58:52.498+0000] {logging_mixin.py:115} INFO - [2025-06-20T12:58:52.498+0000] {dag.py:2981} INFO - Setting next_dagrun for example_external_task_marker_parent to None, run_after=None
[2025-06-20T12:58:52.511+0000] {processor.py:161} INFO - Processing /home/airflow/.local/lib/python3.7/site-packages/airflow/example_dags/example_external_task_marker_dag.py took 0.188 seconds
[2025-06-20T12:59:22.532+0000] {processor.py:153} INFO - Started process (PID=107) to work on /home/airflow/.local/lib/python3.7/site-packages/airflow/example_dags/example_external_task_marker_dag.py
[2025-06-20T12:59:22.533+0000] {processor.py:640} INFO - Processing file /home/airflow/.local/lib/python3.7/site-packages/airflow/example_dags/example_external_task_marker_dag.py for tasks to queue
[2025-06-20T12:59:22.533+0000] {logging_mixin.py:115} INFO - [2025-06-20T12:59:22.533+0000] {dagbag.py:508} INFO - Filling up the DagBag from /home/airflow/.local/lib/python3.7/site-packages/airflow/example_dags/example_external_task_marker_dag.py
[2025-06-20T12:59:22.535+0000] {processor.py:650} INFO - DAG(s) dict_keys(['example_external_task_marker_parent', 'example_external_task_marker_child']) retrieved from /home/airflow/.local/lib/python3.7/site-packages/airflow/example_dags/example_external_task_marker_dag.py
[2025-06-20T12:59:22.602+0000] {logging_mixin.py:115} INFO - [2025-06-20T12:59:22.602+0000] {dag.py:2429} INFO - Sync 2 DAGs
[2025-06-20T12:59:22.610+0000] {logging_mixin.py:115} INFO - [2025-06-20T12:59:22.610+0000] {dag.py:2981} INFO - Setting next_dagrun for example_external_task_marker_child to None, run_after=None
[2025-06-20T12:59:22.610+0000] {logging_mixin.py:115} INFO - [2025-06-20T12:59:22.610+0000] {dag.py:2981} INFO - Setting next_dagrun for example_external_task_marker_parent to None, run_after=None
[2025-06-20T12:59:22.615+0000] {processor.py:161} INFO - Processing /home/airflow/.local/lib/python3.7/site-packages/airflow/example_dags/example_external_task_marker_dag.py took 0.084 seconds
[2025-06-20T12:59:52.654+0000] {processor.py:153} INFO - Started process (PID=168) to work on /home/airflow/.local/lib/python3.7/site-packages/airflow/example_dags/example_external_task_marker_dag.py
[2025-06-20T12:59:52.655+0000] {processor.py:640} INFO - Processing file /home/airflow/.local/lib/python3.7/site-packages/airflow/example_dags/example_external_task_marker_dag.py for tasks to queue
[2025-06-20T12:59:52.655+0000] {logging_mixin.py:115} INFO - [2025-06-20T12:59:52.655+0000] {dagbag.py:508} INFO - Filling up the DagBag from /home/airflow/.local/lib/python3.7/site-packages/airflow/example_dags/example_external_task_marker_dag.py
[2025-06-20T12:59:52.657+0000] {processor.py:650} INFO - DAG(s) dict_keys(['example_external_task_marker_parent', 'example_external_task_marker_child']) retrieved from /home/airflow/.local/lib/python3.7/site-packages/airflow/example_dags/example_external_task_marker_dag.py
[2025-06-20T12:59:52.724+0000] {logging_mixin.py:115} INFO - [2025-06-20T12:59:52.724+0000] {dag.py:2429} INFO - Sync 2 DAGs
[2025-06-20T12:59:52.733+0000] {logging_mixin.py:115} INFO - [2025-06-20T12:59:52.733+0000] {dag.py:2981} INFO - Setting next_dagrun for example_external_task_marker_child to None, run_after=None
[2025-06-20T12:59:52.734+0000] {logging_mixin.py:115} INFO - [2025-06-20T12:59:52.734+0000] {dag.py:2981} INFO - Setting next_dagrun for example_external_task_marker_parent to None, run_after=None
[2025-06-20T12:59:52.741+0000] {processor.py:161} INFO - Processing /home/airflow/.local/lib/python3.7/site-packages/airflow/example_dags/example_external_task_marker_dag.py took 0.088 seconds
[2025-06-20T13:03:47.006+0000] {processor.py:153} INFO - Started process (PID=45) to work on /home/airflow/.local/lib/python3.7/site-packages/airflow/example_dags/example_external_task_marker_dag.py
[2025-06-20T13:03:47.007+0000] {processor.py:640} INFO - Processing file /home/airflow/.local/lib/python3.7/site-packages/airflow/example_dags/example_external_task_marker_dag.py for tasks to queue
[2025-06-20T13:03:47.008+0000] {logging_mixin.py:115} INFO - [2025-06-20T13:03:47.008+0000] {dagbag.py:508} INFO - Filling up the DagBag from /home/airflow/.local/lib/python3.7/site-packages/airflow/example_dags/example_external_task_marker_dag.py
[2025-06-20T13:03:47.023+0000] {processor.py:650} INFO - DAG(s) dict_keys(['example_external_task_marker_parent', 'example_external_task_marker_child']) retrieved from /home/airflow/.local/lib/python3.7/site-packages/airflow/example_dags/example_external_task_marker_dag.py
[2025-06-20T13:03:47.083+0000] {logging_mixin.py:115} INFO - [2025-06-20T13:03:47.083+0000] {manager.py:508} INFO - Created Permission View: can delete on DAG:example_external_task_marker_parent
[2025-06-20T13:03:47.090+0000] {logging_mixin.py:115} INFO - [2025-06-20T13:03:47.090+0000] {manager.py:508} INFO - Created Permission View: can edit on DAG:example_external_task_marker_parent
[2025-06-20T13:03:47.098+0000] {logging_mixin.py:115} INFO - [2025-06-20T13:03:47.098+0000] {manager.py:508} INFO - Created Permission View: can read on DAG:example_external_task_marker_parent
[2025-06-20T13:03:47.202+0000] {logging_mixin.py:115} INFO - [2025-06-20T13:03:47.202+0000] {manager.py:508} INFO - Created Permission View: can delete on DAG:example_external_task_marker_child
[2025-06-20T13:03:47.212+0000] {logging_mixin.py:115} INFO - [2025-06-20T13:03:47.212+0000] {manager.py:508} INFO - Created Permission View: can edit on DAG:example_external_task_marker_child
[2025-06-20T13:03:47.221+0000] {logging_mixin.py:115} INFO - [2025-06-20T13:03:47.221+0000] {manager.py:508} INFO - Created Permission View: can read on DAG:example_external_task_marker_child
[2025-06-20T13:03:47.221+0000] {logging_mixin.py:115} INFO - [2025-06-20T13:03:47.221+0000] {dag.py:2429} INFO - Sync 2 DAGs
[2025-06-20T13:03:47.228+0000] {logging_mixin.py:115} INFO - [2025-06-20T13:03:47.228+0000] {dag.py:2448} INFO - Creating ORM DAG for example_external_task_marker_child
[2025-06-20T13:03:47.229+0000] {logging_mixin.py:115} INFO - [2025-06-20T13:03:47.229+0000] {dag.py:2448} INFO - Creating ORM DAG for example_external_task_marker_parent
[2025-06-20T13:03:47.236+0000] {logging_mixin.py:115} INFO - [2025-06-20T13:03:47.236+0000] {dag.py:2981} INFO - Setting next_dagrun for example_external_task_marker_child to None, run_after=None
[2025-06-20T13:03:47.237+0000] {logging_mixin.py:115} INFO - [2025-06-20T13:03:47.237+0000] {dag.py:2981} INFO - Setting next_dagrun for example_external_task_marker_parent to None, run_after=None
[2025-06-20T13:03:47.247+0000] {processor.py:161} INFO - Processing /home/airflow/.local/lib/python3.7/site-packages/airflow/example_dags/example_external_task_marker_dag.py took 0.243 seconds
[2025-06-20T13:04:17.324+0000] {processor.py:153} INFO - Started process (PID=106) to work on /home/airflow/.local/lib/python3.7/site-packages/airflow/example_dags/example_external_task_marker_dag.py
[2025-06-20T13:04:17.327+0000] {processor.py:640} INFO - Processing file /home/airflow/.local/lib/python3.7/site-packages/airflow/example_dags/example_external_task_marker_dag.py for tasks to queue
[2025-06-20T13:04:17.328+0000] {logging_mixin.py:115} INFO - [2025-06-20T13:04:17.328+0000] {dagbag.py:508} INFO - Filling up the DagBag from /home/airflow/.local/lib/python3.7/site-packages/airflow/example_dags/example_external_task_marker_dag.py
[2025-06-20T13:04:17.331+0000] {processor.py:650} INFO - DAG(s) dict_keys(['example_external_task_marker_parent', 'example_external_task_marker_child']) retrieved from /home/airflow/.local/lib/python3.7/site-packages/airflow/example_dags/example_external_task_marker_dag.py
[2025-06-20T13:04:17.407+0000] {logging_mixin.py:115} INFO - [2025-06-20T13:04:17.407+0000] {dag.py:2429} INFO - Sync 2 DAGs
[2025-06-20T13:04:17.419+0000] {logging_mixin.py:115} INFO - [2025-06-20T13:04:17.419+0000] {dag.py:2981} INFO - Setting next_dagrun for example_external_task_marker_child to None, run_after=None
[2025-06-20T13:04:17.420+0000] {logging_mixin.py:115} INFO - [2025-06-20T13:04:17.420+0000] {dag.py:2981} INFO - Setting next_dagrun for example_external_task_marker_parent to None, run_after=None
[2025-06-20T13:04:17.428+0000] {processor.py:161} INFO - Processing /home/airflow/.local/lib/python3.7/site-packages/airflow/example_dags/example_external_task_marker_dag.py took 0.105 seconds
[2025-06-20T13:04:47.525+0000] {processor.py:153} INFO - Started process (PID=167) to work on /home/airflow/.local/lib/python3.7/site-packages/airflow/example_dags/example_external_task_marker_dag.py
[2025-06-20T13:04:47.527+0000] {processor.py:640} INFO - Processing file /home/airflow/.local/lib/python3.7/site-packages/airflow/example_dags/example_external_task_marker_dag.py for tasks to queue
[2025-06-20T13:04:47.527+0000] {logging_mixin.py:115} INFO - [2025-06-20T13:04:47.527+0000] {dagbag.py:508} INFO - Filling up the DagBag from /home/airflow/.local/lib/python3.7/site-packages/airflow/example_dags/example_external_task_marker_dag.py
[2025-06-20T13:04:47.529+0000] {processor.py:650} INFO - DAG(s) dict_keys(['example_external_task_marker_parent', 'example_external_task_marker_child']) retrieved from /home/airflow/.local/lib/python3.7/site-packages/airflow/example_dags/example_external_task_marker_dag.py
[2025-06-20T13:04:47.615+0000] {logging_mixin.py:115} INFO - [2025-06-20T13:04:47.615+0000] {dag.py:2429} INFO - Sync 2 DAGs
[2025-06-20T13:04:47.625+0000] {logging_mixin.py:115} INFO - [2025-06-20T13:04:47.625+0000] {dag.py:2981} INFO - Setting next_dagrun for example_external_task_marker_child to None, run_after=None
[2025-06-20T13:04:47.626+0000] {logging_mixin.py:115} INFO - [2025-06-20T13:04:47.626+0000] {dag.py:2981} INFO - Setting next_dagrun for example_external_task_marker_parent to None, run_after=None
[2025-06-20T13:04:47.636+0000] {processor.py:161} INFO - Processing /home/airflow/.local/lib/python3.7/site-packages/airflow/example_dags/example_external_task_marker_dag.py took 0.112 seconds
[2025-06-20T13:05:17.759+0000] {processor.py:153} INFO - Started process (PID=227) to work on /home/airflow/.local/lib/python3.7/site-packages/airflow/example_dags/example_external_task_marker_dag.py
[2025-06-20T13:05:17.760+0000] {processor.py:640} INFO - Processing file /home/airflow/.local/lib/python3.7/site-packages/airflow/example_dags/example_external_task_marker_dag.py for tasks to queue
[2025-06-20T13:05:17.761+0000] {logging_mixin.py:115} INFO - [2025-06-20T13:05:17.761+0000] {dagbag.py:508} INFO - Filling up the DagBag from /home/airflow/.local/lib/python3.7/site-packages/airflow/example_dags/example_external_task_marker_dag.py
[2025-06-20T13:05:17.762+0000] {processor.py:650} INFO - DAG(s) dict_keys(['example_external_task_marker_parent', 'example_external_task_marker_child']) retrieved from /home/airflow/.local/lib/python3.7/site-packages/airflow/example_dags/example_external_task_marker_dag.py
[2025-06-20T13:05:17.837+0000] {logging_mixin.py:115} INFO - [2025-06-20T13:05:17.837+0000] {dag.py:2429} INFO - Sync 2 DAGs
[2025-06-20T13:05:17.847+0000] {logging_mixin.py:115} INFO - [2025-06-20T13:05:17.847+0000] {dag.py:2981} INFO - Setting next_dagrun for example_external_task_marker_child to None, run_after=None
[2025-06-20T13:05:17.850+0000] {logging_mixin.py:115} INFO - [2025-06-20T13:05:17.850+0000] {dag.py:2981} INFO - Setting next_dagrun for example_external_task_marker_parent to None, run_after=None
[2025-06-20T13:05:17.857+0000] {processor.py:161} INFO - Processing /home/airflow/.local/lib/python3.7/site-packages/airflow/example_dags/example_external_task_marker_dag.py took 0.100 seconds
[2025-06-20T13:05:47.920+0000] {processor.py:153} INFO - Started process (PID=279) to work on /home/airflow/.local/lib/python3.7/site-packages/airflow/example_dags/example_external_task_marker_dag.py
[2025-06-20T13:05:47.921+0000] {processor.py:640} INFO - Processing file /home/airflow/.local/lib/python3.7/site-packages/airflow/example_dags/example_external_task_marker_dag.py for tasks to queue
[2025-06-20T13:05:47.921+0000] {logging_mixin.py:115} INFO - [2025-06-20T13:05:47.921+0000] {dagbag.py:508} INFO - Filling up the DagBag from /home/airflow/.local/lib/python3.7/site-packages/airflow/example_dags/example_external_task_marker_dag.py
[2025-06-20T13:05:47.923+0000] {processor.py:650} INFO - DAG(s) dict_keys(['example_external_task_marker_parent', 'example_external_task_marker_child']) retrieved from /home/airflow/.local/lib/python3.7/site-packages/airflow/example_dags/example_external_task_marker_dag.py
[2025-06-20T13:05:47.998+0000] {logging_mixin.py:115} INFO - [2025-06-20T13:05:47.998+0000] {dag.py:2429} INFO - Sync 2 DAGs
[2025-06-20T13:05:48.011+0000] {logging_mixin.py:115} INFO - [2025-06-20T13:05:48.010+0000] {dag.py:2981} INFO - Setting next_dagrun for example_external_task_marker_child to None, run_after=None
[2025-06-20T13:05:48.011+0000] {logging_mixin.py:115} INFO - [2025-06-20T13:05:48.011+0000] {dag.py:2981} INFO - Setting next_dagrun for example_external_task_marker_parent to None, run_after=None
[2025-06-20T13:05:48.016+0000] {processor.py:161} INFO - Processing /home/airflow/.local/lib/python3.7/site-packages/airflow/example_dags/example_external_task_marker_dag.py took 0.097 seconds
[2025-06-20T13:06:18.266+0000] {processor.py:153} INFO - Started process (PID=340) to work on /home/airflow/.local/lib/python3.7/site-packages/airflow/example_dags/example_external_task_marker_dag.py
[2025-06-20T13:06:18.266+0000] {processor.py:640} INFO - Processing file /home/airflow/.local/lib/python3.7/site-packages/airflow/example_dags/example_external_task_marker_dag.py for tasks to queue
[2025-06-20T13:06:18.267+0000] {logging_mixin.py:115} INFO - [2025-06-20T13:06:18.267+0000] {dagbag.py:508} INFO - Filling up the DagBag from /home/airflow/.local/lib/python3.7/site-packages/airflow/example_dags/example_external_task_marker_dag.py
[2025-06-20T13:06:18.268+0000] {processor.py:650} INFO - DAG(s) dict_keys(['example_external_task_marker_parent', 'example_external_task_marker_child']) retrieved from /home/airflow/.local/lib/python3.7/site-packages/airflow/example_dags/example_external_task_marker_dag.py
[2025-06-20T13:06:18.336+0000] {logging_mixin.py:115} INFO - [2025-06-20T13:06:18.336+0000] {dag.py:2429} INFO - Sync 2 DAGs
[2025-06-20T13:06:18.344+0000] {logging_mixin.py:115} INFO - [2025-06-20T13:06:18.344+0000] {dag.py:2981} INFO - Setting next_dagrun for example_external_task_marker_child to None, run_after=None
[2025-06-20T13:06:18.344+0000] {logging_mixin.py:115} INFO - [2025-06-20T13:06:18.344+0000] {dag.py:2981} INFO - Setting next_dagrun for example_external_task_marker_parent to None, run_after=None
[2025-06-20T13:06:18.349+0000] {processor.py:161} INFO - Processing /home/airflow/.local/lib/python3.7/site-packages/airflow/example_dags/example_external_task_marker_dag.py took 0.084 seconds
[2025-06-20T13:06:48.480+0000] {processor.py:153} INFO - Started process (PID=400) to work on /home/airflow/.local/lib/python3.7/site-packages/airflow/example_dags/example_external_task_marker_dag.py
[2025-06-20T13:06:48.481+0000] {processor.py:640} INFO - Processing file /home/airflow/.local/lib/python3.7/site-packages/airflow/example_dags/example_external_task_marker_dag.py for tasks to queue
[2025-06-20T13:06:48.481+0000] {logging_mixin.py:115} INFO - [2025-06-20T13:06:48.481+0000] {dagbag.py:508} INFO - Filling up the DagBag from /home/airflow/.local/lib/python3.7/site-packages/airflow/example_dags/example_external_task_marker_dag.py
[2025-06-20T13:06:48.484+0000] {processor.py:650} INFO - DAG(s) dict_keys(['example_external_task_marker_parent', 'example_external_task_marker_child']) retrieved from /home/airflow/.local/lib/python3.7/site-packages/airflow/example_dags/example_external_task_marker_dag.py
[2025-06-20T13:06:48.570+0000] {logging_mixin.py:115} INFO - [2025-06-20T13:06:48.570+0000] {dag.py:2429} INFO - Sync 2 DAGs
[2025-06-20T13:06:48.580+0000] {logging_mixin.py:115} INFO - [2025-06-20T13:06:48.580+0000] {dag.py:2981} INFO - Setting next_dagrun for example_external_task_marker_child to None, run_after=None
[2025-06-20T13:06:48.580+0000] {logging_mixin.py:115} INFO - [2025-06-20T13:06:48.580+0000] {dag.py:2981} INFO - Setting next_dagrun for example_external_task_marker_parent to None, run_after=None
[2025-06-20T13:06:48.591+0000] {processor.py:161} INFO - Processing /home/airflow/.local/lib/python3.7/site-packages/airflow/example_dags/example_external_task_marker_dag.py took 0.112 seconds
[2025-06-20T13:07:18.630+0000] {processor.py:153} INFO - Started process (PID=462) to work on /home/airflow/.local/lib/python3.7/site-packages/airflow/example_dags/example_external_task_marker_dag.py
[2025-06-20T13:07:18.630+0000] {processor.py:640} INFO - Processing file /home/airflow/.local/lib/python3.7/site-packages/airflow/example_dags/example_external_task_marker_dag.py for tasks to queue
[2025-06-20T13:07:18.631+0000] {logging_mixin.py:115} INFO - [2025-06-20T13:07:18.631+0000] {dagbag.py:508} INFO - Filling up the DagBag from /home/airflow/.local/lib/python3.7/site-packages/airflow/example_dags/example_external_task_marker_dag.py
[2025-06-20T13:07:18.632+0000] {processor.py:650} INFO - DAG(s) dict_keys(['example_external_task_marker_parent', 'example_external_task_marker_child']) retrieved from /home/airflow/.local/lib/python3.7/site-packages/airflow/example_dags/example_external_task_marker_dag.py
[2025-06-20T13:07:18.709+0000] {logging_mixin.py:115} INFO - [2025-06-20T13:07:18.709+0000] {dag.py:2429} INFO - Sync 2 DAGs
[2025-06-20T13:07:18.718+0000] {logging_mixin.py:115} INFO - [2025-06-20T13:07:18.718+0000] {dag.py:2981} INFO - Setting next_dagrun for example_external_task_marker_child to None, run_after=None
[2025-06-20T13:07:18.720+0000] {logging_mixin.py:115} INFO - [2025-06-20T13:07:18.720+0000] {dag.py:2981} INFO - Setting next_dagrun for example_external_task_marker_parent to None, run_after=None
[2025-06-20T13:07:18.726+0000] {processor.py:161} INFO - Processing /home/airflow/.local/lib/python3.7/site-packages/airflow/example_dags/example_external_task_marker_dag.py took 0.097 seconds
[2025-06-20T13:07:48.741+0000] {processor.py:153} INFO - Started process (PID=523) to work on /home/airflow/.local/lib/python3.7/site-packages/airflow/example_dags/example_external_task_marker_dag.py
[2025-06-20T13:07:48.742+0000] {processor.py:640} INFO - Processing file /home/airflow/.local/lib/python3.7/site-packages/airflow/example_dags/example_external_task_marker_dag.py for tasks to queue
[2025-06-20T13:07:48.742+0000] {logging_mixin.py:115} INFO - [2025-06-20T13:07:48.742+0000] {dagbag.py:508} INFO - Filling up the DagBag from /home/airflow/.local/lib/python3.7/site-packages/airflow/example_dags/example_external_task_marker_dag.py
[2025-06-20T13:07:48.744+0000] {processor.py:650} INFO - DAG(s) dict_keys(['example_external_task_marker_parent', 'example_external_task_marker_child']) retrieved from /home/airflow/.local/lib/python3.7/site-packages/airflow/example_dags/example_external_task_marker_dag.py
[2025-06-20T13:07:48.826+0000] {logging_mixin.py:115} INFO - [2025-06-20T13:07:48.826+0000] {dag.py:2429} INFO - Sync 2 DAGs
[2025-06-20T13:07:48.835+0000] {logging_mixin.py:115} INFO - [2025-06-20T13:07:48.835+0000] {dag.py:2981} INFO - Setting next_dagrun for example_external_task_marker_child to None, run_after=None
[2025-06-20T13:07:48.836+0000] {logging_mixin.py:115} INFO - [2025-06-20T13:07:48.836+0000] {dag.py:2981} INFO - Setting next_dagrun for example_external_task_marker_parent to None, run_after=None
[2025-06-20T13:07:48.841+0000] {processor.py:161} INFO - Processing /home/airflow/.local/lib/python3.7/site-packages/airflow/example_dags/example_external_task_marker_dag.py took 0.101 seconds
[2025-06-20T13:08:18.871+0000] {processor.py:153} INFO - Started process (PID=577) to work on /home/airflow/.local/lib/python3.7/site-packages/airflow/example_dags/example_external_task_marker_dag.py
[2025-06-20T13:08:18.872+0000] {processor.py:640} INFO - Processing file /home/airflow/.local/lib/python3.7/site-packages/airflow/example_dags/example_external_task_marker_dag.py for tasks to queue
[2025-06-20T13:08:18.873+0000] {logging_mixin.py:115} INFO - [2025-06-20T13:08:18.873+0000] {dagbag.py:508} INFO - Filling up the DagBag from /home/airflow/.local/lib/python3.7/site-packages/airflow/example_dags/example_external_task_marker_dag.py
[2025-06-20T13:08:18.874+0000] {processor.py:650} INFO - DAG(s) dict_keys(['example_external_task_marker_parent', 'example_external_task_marker_child']) retrieved from /home/airflow/.local/lib/python3.7/site-packages/airflow/example_dags/example_external_task_marker_dag.py
[2025-06-20T13:08:18.950+0000] {logging_mixin.py:115} INFO - [2025-06-20T13:08:18.950+0000] {dag.py:2429} INFO - Sync 2 DAGs
[2025-06-20T13:08:18.959+0000] {logging_mixin.py:115} INFO - [2025-06-20T13:08:18.959+0000] {dag.py:2981} INFO - Setting next_dagrun for example_external_task_marker_child to None, run_after=None
[2025-06-20T13:08:18.959+0000] {logging_mixin.py:115} INFO - [2025-06-20T13:08:18.959+0000] {dag.py:2981} INFO - Setting next_dagrun for example_external_task_marker_parent to None, run_after=None
[2025-06-20T13:08:18.964+0000] {processor.py:161} INFO - Processing /home/airflow/.local/lib/python3.7/site-packages/airflow/example_dags/example_external_task_marker_dag.py took 0.094 seconds
[2025-06-20T13:08:49.006+0000] {processor.py:153} INFO - Started process (PID=639) to work on /home/airflow/.local/lib/python3.7/site-packages/airflow/example_dags/example_external_task_marker_dag.py
[2025-06-20T13:08:49.007+0000] {processor.py:640} INFO - Processing file /home/airflow/.local/lib/python3.7/site-packages/airflow/example_dags/example_external_task_marker_dag.py for tasks to queue
[2025-06-20T13:08:49.008+0000] {logging_mixin.py:115} INFO - [2025-06-20T13:08:49.008+0000] {dagbag.py:508} INFO - Filling up the DagBag from /home/airflow/.local/lib/python3.7/site-packages/airflow/example_dags/example_external_task_marker_dag.py
[2025-06-20T13:08:49.010+0000] {processor.py:650} INFO - DAG(s) dict_keys(['example_external_task_marker_parent', 'example_external_task_marker_child']) retrieved from /home/airflow/.local/lib/python3.7/site-packages/airflow/example_dags/example_external_task_marker_dag.py
[2025-06-20T13:08:49.075+0000] {logging_mixin.py:115} INFO - [2025-06-20T13:08:49.075+0000] {dag.py:2429} INFO - Sync 2 DAGs
[2025-06-20T13:08:49.084+0000] {logging_mixin.py:115} INFO - [2025-06-20T13:08:49.084+0000] {dag.py:2981} INFO - Setting next_dagrun for example_external_task_marker_child to None, run_after=None
[2025-06-20T13:08:49.084+0000] {logging_mixin.py:115} INFO - [2025-06-20T13:08:49.084+0000] {dag.py:2981} INFO - Setting next_dagrun for example_external_task_marker_parent to None, run_after=None
[2025-06-20T13:08:49.088+0000] {processor.py:161} INFO - Processing /home/airflow/.local/lib/python3.7/site-packages/airflow/example_dags/example_external_task_marker_dag.py took 0.083 seconds
[2025-06-20T13:09:19.136+0000] {processor.py:153} INFO - Started process (PID=700) to work on /home/airflow/.local/lib/python3.7/site-packages/airflow/example_dags/example_external_task_marker_dag.py
[2025-06-20T13:09:19.136+0000] {processor.py:640} INFO - Processing file /home/airflow/.local/lib/python3.7/site-packages/airflow/example_dags/example_external_task_marker_dag.py for tasks to queue
[2025-06-20T13:09:19.136+0000] {logging_mixin.py:115} INFO - [2025-06-20T13:09:19.136+0000] {dagbag.py:508} INFO - Filling up the DagBag from /home/airflow/.local/lib/python3.7/site-packages/airflow/example_dags/example_external_task_marker_dag.py
[2025-06-20T13:09:19.138+0000] {processor.py:650} INFO - DAG(s) dict_keys(['example_external_task_marker_parent', 'example_external_task_marker_child']) retrieved from /home/airflow/.local/lib/python3.7/site-packages/airflow/example_dags/example_external_task_marker_dag.py
[2025-06-20T13:09:19.208+0000] {logging_mixin.py:115} INFO - [2025-06-20T13:09:19.208+0000] {dag.py:2429} INFO - Sync 2 DAGs
[2025-06-20T13:09:19.217+0000] {logging_mixin.py:115} INFO - [2025-06-20T13:09:19.217+0000] {dag.py:2981} INFO - Setting next_dagrun for example_external_task_marker_child to None, run_after=None
[2025-06-20T13:09:19.217+0000] {logging_mixin.py:115} INFO - [2025-06-20T13:09:19.217+0000] {dag.py:2981} INFO - Setting next_dagrun for example_external_task_marker_parent to None, run_after=None
[2025-06-20T13:09:19.221+0000] {processor.py:161} INFO - Processing /home/airflow/.local/lib/python3.7/site-packages/airflow/example_dags/example_external_task_marker_dag.py took 0.087 seconds
[2025-06-20T13:09:49.247+0000] {processor.py:153} INFO - Started process (PID=761) to work on /home/airflow/.local/lib/python3.7/site-packages/airflow/example_dags/example_external_task_marker_dag.py
[2025-06-20T13:09:49.248+0000] {processor.py:640} INFO - Processing file /home/airflow/.local/lib/python3.7/site-packages/airflow/example_dags/example_external_task_marker_dag.py for tasks to queue
[2025-06-20T13:09:49.248+0000] {logging_mixin.py:115} INFO - [2025-06-20T13:09:49.248+0000] {dagbag.py:508} INFO - Filling up the DagBag from /home/airflow/.local/lib/python3.7/site-packages/airflow/example_dags/example_external_task_marker_dag.py
[2025-06-20T13:09:49.250+0000] {processor.py:650} INFO - DAG(s) dict_keys(['example_external_task_marker_parent', 'example_external_task_marker_child']) retrieved from /home/airflow/.local/lib/python3.7/site-packages/airflow/example_dags/example_external_task_marker_dag.py
[2025-06-20T13:09:49.316+0000] {logging_mixin.py:115} INFO - [2025-06-20T13:09:49.316+0000] {dag.py:2429} INFO - Sync 2 DAGs
[2025-06-20T13:09:49.325+0000] {logging_mixin.py:115} INFO - [2025-06-20T13:09:49.325+0000] {dag.py:2981} INFO - Setting next_dagrun for example_external_task_marker_child to None, run_after=None
[2025-06-20T13:09:49.325+0000] {logging_mixin.py:115} INFO - [2025-06-20T13:09:49.325+0000] {dag.py:2981} INFO - Setting next_dagrun for example_external_task_marker_parent to None, run_after=None
[2025-06-20T13:09:49.329+0000] {processor.py:161} INFO - Processing /home/airflow/.local/lib/python3.7/site-packages/airflow/example_dags/example_external_task_marker_dag.py took 0.084 seconds
[2025-06-20T13:10:20.313+0000] {processor.py:153} INFO - Started process (PID=822) to work on /home/airflow/.local/lib/python3.7/site-packages/airflow/example_dags/example_external_task_marker_dag.py
[2025-06-20T13:10:20.315+0000] {processor.py:640} INFO - Processing file /home/airflow/.local/lib/python3.7/site-packages/airflow/example_dags/example_external_task_marker_dag.py for tasks to queue
[2025-06-20T13:10:20.316+0000] {logging_mixin.py:115} INFO - [2025-06-20T13:10:20.316+0000] {dagbag.py:508} INFO - Filling up the DagBag from /home/airflow/.local/lib/python3.7/site-packages/airflow/example_dags/example_external_task_marker_dag.py
[2025-06-20T13:10:20.320+0000] {processor.py:650} INFO - DAG(s) dict_keys(['example_external_task_marker_parent', 'example_external_task_marker_child']) retrieved from /home/airflow/.local/lib/python3.7/site-packages/airflow/example_dags/example_external_task_marker_dag.py
[2025-06-20T13:10:20.411+0000] {logging_mixin.py:115} INFO - [2025-06-20T13:10:20.411+0000] {dag.py:2429} INFO - Sync 2 DAGs
[2025-06-20T13:10:20.419+0000] {logging_mixin.py:115} INFO - [2025-06-20T13:10:20.419+0000] {dag.py:2981} INFO - Setting next_dagrun for example_external_task_marker_child to None, run_after=None
[2025-06-20T13:10:20.420+0000] {logging_mixin.py:115} INFO - [2025-06-20T13:10:20.420+0000] {dag.py:2981} INFO - Setting next_dagrun for example_external_task_marker_parent to None, run_after=None
[2025-06-20T13:10:20.424+0000] {processor.py:161} INFO - Processing /home/airflow/.local/lib/python3.7/site-packages/airflow/example_dags/example_external_task_marker_dag.py took 0.115 seconds
[2025-06-20T13:10:50.465+0000] {processor.py:153} INFO - Started process (PID=883) to work on /home/airflow/.local/lib/python3.7/site-packages/airflow/example_dags/example_external_task_marker_dag.py
[2025-06-20T13:10:50.468+0000] {processor.py:640} INFO - Processing file /home/airflow/.local/lib/python3.7/site-packages/airflow/example_dags/example_external_task_marker_dag.py for tasks to queue
[2025-06-20T13:10:50.468+0000] {logging_mixin.py:115} INFO - [2025-06-20T13:10:50.468+0000] {dagbag.py:508} INFO - Filling up the DagBag from /home/airflow/.local/lib/python3.7/site-packages/airflow/example_dags/example_external_task_marker_dag.py
[2025-06-20T13:10:50.472+0000] {processor.py:650} INFO - DAG(s) dict_keys(['example_external_task_marker_parent', 'example_external_task_marker_child']) retrieved from /home/airflow/.local/lib/python3.7/site-packages/airflow/example_dags/example_external_task_marker_dag.py
[2025-06-20T13:10:50.550+0000] {logging_mixin.py:115} INFO - [2025-06-20T13:10:50.550+0000] {dag.py:2429} INFO - Sync 2 DAGs
[2025-06-20T13:10:50.559+0000] {logging_mixin.py:115} INFO - [2025-06-20T13:10:50.559+0000] {dag.py:2981} INFO - Setting next_dagrun for example_external_task_marker_child to None, run_after=None
[2025-06-20T13:10:50.559+0000] {logging_mixin.py:115} INFO - [2025-06-20T13:10:50.559+0000] {dag.py:2981} INFO - Setting next_dagrun for example_external_task_marker_parent to None, run_after=None
[2025-06-20T13:10:50.564+0000] {processor.py:161} INFO - Processing /home/airflow/.local/lib/python3.7/site-packages/airflow/example_dags/example_external_task_marker_dag.py took 0.101 seconds
[2025-06-20T13:11:20.592+0000] {processor.py:153} INFO - Started process (PID=935) to work on /home/airflow/.local/lib/python3.7/site-packages/airflow/example_dags/example_external_task_marker_dag.py
[2025-06-20T13:11:20.595+0000] {processor.py:640} INFO - Processing file /home/airflow/.local/lib/python3.7/site-packages/airflow/example_dags/example_external_task_marker_dag.py for tasks to queue
[2025-06-20T13:11:20.596+0000] {logging_mixin.py:115} INFO - [2025-06-20T13:11:20.596+0000] {dagbag.py:508} INFO - Filling up the DagBag from /home/airflow/.local/lib/python3.7/site-packages/airflow/example_dags/example_external_task_marker_dag.py
[2025-06-20T13:11:20.600+0000] {processor.py:650} INFO - DAG(s) dict_keys(['example_external_task_marker_parent', 'example_external_task_marker_child']) retrieved from /home/airflow/.local/lib/python3.7/site-packages/airflow/example_dags/example_external_task_marker_dag.py
[2025-06-20T13:11:20.696+0000] {logging_mixin.py:115} INFO - [2025-06-20T13:11:20.696+0000] {dag.py:2429} INFO - Sync 2 DAGs
[2025-06-20T13:11:20.706+0000] {logging_mixin.py:115} INFO - [2025-06-20T13:11:20.706+0000] {dag.py:2981} INFO - Setting next_dagrun for example_external_task_marker_child to None, run_after=None
[2025-06-20T13:11:20.707+0000] {logging_mixin.py:115} INFO - [2025-06-20T13:11:20.707+0000] {dag.py:2981} INFO - Setting next_dagrun for example_external_task_marker_parent to None, run_after=None
[2025-06-20T13:11:20.711+0000] {processor.py:161} INFO - Processing /home/airflow/.local/lib/python3.7/site-packages/airflow/example_dags/example_external_task_marker_dag.py took 0.123 seconds
[2025-06-20T13:11:50.746+0000] {processor.py:153} INFO - Started process (PID=996) to work on /home/airflow/.local/lib/python3.7/site-packages/airflow/example_dags/example_external_task_marker_dag.py
[2025-06-20T13:11:50.747+0000] {processor.py:640} INFO - Processing file /home/airflow/.local/lib/python3.7/site-packages/airflow/example_dags/example_external_task_marker_dag.py for tasks to queue
[2025-06-20T13:11:50.747+0000] {logging_mixin.py:115} INFO - [2025-06-20T13:11:50.747+0000] {dagbag.py:508} INFO - Filling up the DagBag from /home/airflow/.local/lib/python3.7/site-packages/airflow/example_dags/example_external_task_marker_dag.py
[2025-06-20T13:11:50.749+0000] {processor.py:650} INFO - DAG(s) dict_keys(['example_external_task_marker_parent', 'example_external_task_marker_child']) retrieved from /home/airflow/.local/lib/python3.7/site-packages/airflow/example_dags/example_external_task_marker_dag.py
[2025-06-20T13:11:50.837+0000] {logging_mixin.py:115} INFO - [2025-06-20T13:11:50.837+0000] {dag.py:2429} INFO - Sync 2 DAGs
[2025-06-20T13:11:50.846+0000] {logging_mixin.py:115} INFO - [2025-06-20T13:11:50.846+0000] {dag.py:2981} INFO - Setting next_dagrun for example_external_task_marker_child to None, run_after=None
[2025-06-20T13:11:50.846+0000] {logging_mixin.py:115} INFO - [2025-06-20T13:11:50.846+0000] {dag.py:2981} INFO - Setting next_dagrun for example_external_task_marker_parent to None, run_after=None
[2025-06-20T13:11:50.850+0000] {processor.py:161} INFO - Processing /home/airflow/.local/lib/python3.7/site-packages/airflow/example_dags/example_external_task_marker_dag.py took 0.106 seconds
[2025-06-20T13:12:20.919+0000] {processor.py:153} INFO - Started process (PID=1057) to work on /home/airflow/.local/lib/python3.7/site-packages/airflow/example_dags/example_external_task_marker_dag.py
[2025-06-20T13:12:20.920+0000] {processor.py:640} INFO - Processing file /home/airflow/.local/lib/python3.7/site-packages/airflow/example_dags/example_external_task_marker_dag.py for tasks to queue
[2025-06-20T13:12:20.921+0000] {logging_mixin.py:115} INFO - [2025-06-20T13:12:20.921+0000] {dagbag.py:508} INFO - Filling up the DagBag from /home/airflow/.local/lib/python3.7/site-packages/airflow/example_dags/example_external_task_marker_dag.py
[2025-06-20T13:12:20.925+0000] {processor.py:650} INFO - DAG(s) dict_keys(['example_external_task_marker_parent', 'example_external_task_marker_child']) retrieved from /home/airflow/.local/lib/python3.7/site-packages/airflow/example_dags/example_external_task_marker_dag.py
[2025-06-20T13:12:21.012+0000] {logging_mixin.py:115} INFO - [2025-06-20T13:12:21.012+0000] {dag.py:2429} INFO - Sync 2 DAGs
[2025-06-20T13:12:21.022+0000] {logging_mixin.py:115} INFO - [2025-06-20T13:12:21.022+0000] {dag.py:2981} INFO - Setting next_dagrun for example_external_task_marker_child to None, run_after=None
[2025-06-20T13:12:21.023+0000] {logging_mixin.py:115} INFO - [2025-06-20T13:12:21.023+0000] {dag.py:2981} INFO - Setting next_dagrun for example_external_task_marker_parent to None, run_after=None
[2025-06-20T13:12:21.027+0000] {processor.py:161} INFO - Processing /home/airflow/.local/lib/python3.7/site-packages/airflow/example_dags/example_external_task_marker_dag.py took 0.113 seconds
[2025-06-20T13:12:51.058+0000] {processor.py:153} INFO - Started process (PID=1119) to work on /home/airflow/.local/lib/python3.7/site-packages/airflow/example_dags/example_external_task_marker_dag.py
[2025-06-20T13:12:51.058+0000] {processor.py:640} INFO - Processing file /home/airflow/.local/lib/python3.7/site-packages/airflow/example_dags/example_external_task_marker_dag.py for tasks to queue
[2025-06-20T13:12:51.059+0000] {logging_mixin.py:115} INFO - [2025-06-20T13:12:51.059+0000] {dagbag.py:508} INFO - Filling up the DagBag from /home/airflow/.local/lib/python3.7/site-packages/airflow/example_dags/example_external_task_marker_dag.py
[2025-06-20T13:12:51.061+0000] {processor.py:650} INFO - DAG(s) dict_keys(['example_external_task_marker_parent', 'example_external_task_marker_child']) retrieved from /home/airflow/.local/lib/python3.7/site-packages/airflow/example_dags/example_external_task_marker_dag.py
[2025-06-20T13:12:51.140+0000] {logging_mixin.py:115} INFO - [2025-06-20T13:12:51.139+0000] {dag.py:2429} INFO - Sync 2 DAGs
[2025-06-20T13:12:51.150+0000] {logging_mixin.py:115} INFO - [2025-06-20T13:12:51.149+0000] {dag.py:2981} INFO - Setting next_dagrun for example_external_task_marker_child to None, run_after=None
[2025-06-20T13:12:51.150+0000] {logging_mixin.py:115} INFO - [2025-06-20T13:12:51.150+0000] {dag.py:2981} INFO - Setting next_dagrun for example_external_task_marker_parent to None, run_after=None
[2025-06-20T13:12:51.154+0000] {processor.py:161} INFO - Processing /home/airflow/.local/lib/python3.7/site-packages/airflow/example_dags/example_external_task_marker_dag.py took 0.099 seconds
[2025-06-20T13:13:21.220+0000] {processor.py:153} INFO - Started process (PID=1181) to work on /home/airflow/.local/lib/python3.7/site-packages/airflow/example_dags/example_external_task_marker_dag.py
[2025-06-20T13:13:21.221+0000] {processor.py:640} INFO - Processing file /home/airflow/.local/lib/python3.7/site-packages/airflow/example_dags/example_external_task_marker_dag.py for tasks to queue
[2025-06-20T13:13:21.222+0000] {logging_mixin.py:115} INFO - [2025-06-20T13:13:21.222+0000] {dagbag.py:508} INFO - Filling up the DagBag from /home/airflow/.local/lib/python3.7/site-packages/airflow/example_dags/example_external_task_marker_dag.py
[2025-06-20T13:13:21.224+0000] {processor.py:650} INFO - DAG(s) dict_keys(['example_external_task_marker_parent', 'example_external_task_marker_child']) retrieved from /home/airflow/.local/lib/python3.7/site-packages/airflow/example_dags/example_external_task_marker_dag.py
[2025-06-20T13:13:21.305+0000] {logging_mixin.py:115} INFO - [2025-06-20T13:13:21.305+0000] {dag.py:2429} INFO - Sync 2 DAGs
[2025-06-20T13:13:21.316+0000] {logging_mixin.py:115} INFO - [2025-06-20T13:13:21.316+0000] {dag.py:2981} INFO - Setting next_dagrun for example_external_task_marker_child to None, run_after=None
[2025-06-20T13:13:21.317+0000] {logging_mixin.py:115} INFO - [2025-06-20T13:13:21.317+0000] {dag.py:2981} INFO - Setting next_dagrun for example_external_task_marker_parent to None, run_after=None
[2025-06-20T13:13:21.321+0000] {processor.py:161} INFO - Processing /home/airflow/.local/lib/python3.7/site-packages/airflow/example_dags/example_external_task_marker_dag.py took 0.103 seconds
[2025-06-20T13:13:51.361+0000] {processor.py:153} INFO - Started process (PID=1240) to work on /home/airflow/.local/lib/python3.7/site-packages/airflow/example_dags/example_external_task_marker_dag.py
[2025-06-20T13:13:51.362+0000] {processor.py:640} INFO - Processing file /home/airflow/.local/lib/python3.7/site-packages/airflow/example_dags/example_external_task_marker_dag.py for tasks to queue
[2025-06-20T13:13:51.363+0000] {logging_mixin.py:115} INFO - [2025-06-20T13:13:51.363+0000] {dagbag.py:508} INFO - Filling up the DagBag from /home/airflow/.local/lib/python3.7/site-packages/airflow/example_dags/example_external_task_marker_dag.py
[2025-06-20T13:13:51.371+0000] {processor.py:650} INFO - DAG(s) dict_keys(['example_external_task_marker_parent', 'example_external_task_marker_child']) retrieved from /home/airflow/.local/lib/python3.7/site-packages/airflow/example_dags/example_external_task_marker_dag.py
[2025-06-20T13:13:51.494+0000] {logging_mixin.py:115} INFO - [2025-06-20T13:13:51.494+0000] {dag.py:2429} INFO - Sync 2 DAGs
[2025-06-20T13:13:51.508+0000] {logging_mixin.py:115} INFO - [2025-06-20T13:13:51.508+0000] {dag.py:2981} INFO - Setting next_dagrun for example_external_task_marker_child to None, run_after=None
[2025-06-20T13:13:51.508+0000] {logging_mixin.py:115} INFO - [2025-06-20T13:13:51.508+0000] {dag.py:2981} INFO - Setting next_dagrun for example_external_task_marker_parent to None, run_after=None
[2025-06-20T13:13:51.516+0000] {processor.py:161} INFO - Processing /home/airflow/.local/lib/python3.7/site-packages/airflow/example_dags/example_external_task_marker_dag.py took 0.158 seconds
[2025-06-20T13:14:21.602+0000] {processor.py:153} INFO - Started process (PID=1292) to work on /home/airflow/.local/lib/python3.7/site-packages/airflow/example_dags/example_external_task_marker_dag.py
[2025-06-20T13:14:21.604+0000] {processor.py:640} INFO - Processing file /home/airflow/.local/lib/python3.7/site-packages/airflow/example_dags/example_external_task_marker_dag.py for tasks to queue
[2025-06-20T13:14:21.604+0000] {logging_mixin.py:115} INFO - [2025-06-20T13:14:21.604+0000] {dagbag.py:508} INFO - Filling up the DagBag from /home/airflow/.local/lib/python3.7/site-packages/airflow/example_dags/example_external_task_marker_dag.py
[2025-06-20T13:14:21.610+0000] {processor.py:650} INFO - DAG(s) dict_keys(['example_external_task_marker_parent', 'example_external_task_marker_child']) retrieved from /home/airflow/.local/lib/python3.7/site-packages/airflow/example_dags/example_external_task_marker_dag.py
[2025-06-20T13:14:21.711+0000] {logging_mixin.py:115} INFO - [2025-06-20T13:14:21.711+0000] {dag.py:2429} INFO - Sync 2 DAGs
[2025-06-20T13:14:21.722+0000] {logging_mixin.py:115} INFO - [2025-06-20T13:14:21.722+0000] {dag.py:2981} INFO - Setting next_dagrun for example_external_task_marker_child to None, run_after=None
[2025-06-20T13:14:21.724+0000] {logging_mixin.py:115} INFO - [2025-06-20T13:14:21.724+0000] {dag.py:2981} INFO - Setting next_dagrun for example_external_task_marker_parent to None, run_after=None
[2025-06-20T13:14:21.729+0000] {processor.py:161} INFO - Processing /home/airflow/.local/lib/python3.7/site-packages/airflow/example_dags/example_external_task_marker_dag.py took 0.131 seconds
[2025-06-20T13:14:51.789+0000] {processor.py:153} INFO - Started process (PID=1354) to work on /home/airflow/.local/lib/python3.7/site-packages/airflow/example_dags/example_external_task_marker_dag.py
[2025-06-20T13:14:51.790+0000] {processor.py:640} INFO - Processing file /home/airflow/.local/lib/python3.7/site-packages/airflow/example_dags/example_external_task_marker_dag.py for tasks to queue
[2025-06-20T13:14:51.790+0000] {logging_mixin.py:115} INFO - [2025-06-20T13:14:51.790+0000] {dagbag.py:508} INFO - Filling up the DagBag from /home/airflow/.local/lib/python3.7/site-packages/airflow/example_dags/example_external_task_marker_dag.py
[2025-06-20T13:14:51.792+0000] {processor.py:650} INFO - DAG(s) dict_keys(['example_external_task_marker_parent', 'example_external_task_marker_child']) retrieved from /home/airflow/.local/lib/python3.7/site-packages/airflow/example_dags/example_external_task_marker_dag.py
[2025-06-20T13:14:51.863+0000] {logging_mixin.py:115} INFO - [2025-06-20T13:14:51.863+0000] {dag.py:2429} INFO - Sync 2 DAGs
[2025-06-20T13:14:51.875+0000] {logging_mixin.py:115} INFO - [2025-06-20T13:14:51.875+0000] {dag.py:2981} INFO - Setting next_dagrun for example_external_task_marker_child to None, run_after=None
[2025-06-20T13:14:51.876+0000] {logging_mixin.py:115} INFO - [2025-06-20T13:14:51.876+0000] {dag.py:2981} INFO - Setting next_dagrun for example_external_task_marker_parent to None, run_after=None
[2025-06-20T13:14:51.880+0000] {processor.py:161} INFO - Processing /home/airflow/.local/lib/python3.7/site-packages/airflow/example_dags/example_external_task_marker_dag.py took 0.092 seconds
[2025-06-20T13:15:21.919+0000] {processor.py:153} INFO - Started process (PID=1416) to work on /home/airflow/.local/lib/python3.7/site-packages/airflow/example_dags/example_external_task_marker_dag.py
[2025-06-20T13:15:21.922+0000] {processor.py:640} INFO - Processing file /home/airflow/.local/lib/python3.7/site-packages/airflow/example_dags/example_external_task_marker_dag.py for tasks to queue
[2025-06-20T13:15:21.923+0000] {logging_mixin.py:115} INFO - [2025-06-20T13:15:21.922+0000] {dagbag.py:508} INFO - Filling up the DagBag from /home/airflow/.local/lib/python3.7/site-packages/airflow/example_dags/example_external_task_marker_dag.py
[2025-06-20T13:15:21.924+0000] {processor.py:650} INFO - DAG(s) dict_keys(['example_external_task_marker_parent', 'example_external_task_marker_child']) retrieved from /home/airflow/.local/lib/python3.7/site-packages/airflow/example_dags/example_external_task_marker_dag.py
[2025-06-20T13:15:21.997+0000] {logging_mixin.py:115} INFO - [2025-06-20T13:15:21.997+0000] {dag.py:2429} INFO - Sync 2 DAGs
[2025-06-20T13:15:22.007+0000] {logging_mixin.py:115} INFO - [2025-06-20T13:15:22.007+0000] {dag.py:2981} INFO - Setting next_dagrun for example_external_task_marker_child to None, run_after=None
[2025-06-20T13:15:22.008+0000] {logging_mixin.py:115} INFO - [2025-06-20T13:15:22.008+0000] {dag.py:2981} INFO - Setting next_dagrun for example_external_task_marker_parent to None, run_after=None
[2025-06-20T13:15:22.012+0000] {processor.py:161} INFO - Processing /home/airflow/.local/lib/python3.7/site-packages/airflow/example_dags/example_external_task_marker_dag.py took 0.095 seconds
[2025-06-20T13:15:52.020+0000] {processor.py:153} INFO - Started process (PID=1478) to work on /home/airflow/.local/lib/python3.7/site-packages/airflow/example_dags/example_external_task_marker_dag.py
[2025-06-20T13:15:52.020+0000] {processor.py:640} INFO - Processing file /home/airflow/.local/lib/python3.7/site-packages/airflow/example_dags/example_external_task_marker_dag.py for tasks to queue
[2025-06-20T13:15:52.020+0000] {logging_mixin.py:115} INFO - [2025-06-20T13:15:52.020+0000] {dagbag.py:508} INFO - Filling up the DagBag from /home/airflow/.local/lib/python3.7/site-packages/airflow/example_dags/example_external_task_marker_dag.py
[2025-06-20T13:15:52.022+0000] {processor.py:650} INFO - DAG(s) dict_keys(['example_external_task_marker_parent', 'example_external_task_marker_child']) retrieved from /home/airflow/.local/lib/python3.7/site-packages/airflow/example_dags/example_external_task_marker_dag.py
[2025-06-20T13:15:52.102+0000] {logging_mixin.py:115} INFO - [2025-06-20T13:15:52.102+0000] {dag.py:2429} INFO - Sync 2 DAGs
[2025-06-20T13:15:52.112+0000] {logging_mixin.py:115} INFO - [2025-06-20T13:15:52.112+0000] {dag.py:2981} INFO - Setting next_dagrun for example_external_task_marker_child to None, run_after=None
[2025-06-20T13:15:52.112+0000] {logging_mixin.py:115} INFO - [2025-06-20T13:15:52.112+0000] {dag.py:2981} INFO - Setting next_dagrun for example_external_task_marker_parent to None, run_after=None
[2025-06-20T13:15:52.116+0000] {processor.py:161} INFO - Processing /home/airflow/.local/lib/python3.7/site-packages/airflow/example_dags/example_external_task_marker_dag.py took 0.098 seconds
[2025-06-20T13:16:22.282+0000] {processor.py:153} INFO - Started process (PID=1541) to work on /home/airflow/.local/lib/python3.7/site-packages/airflow/example_dags/example_external_task_marker_dag.py
[2025-06-20T13:16:22.282+0000] {processor.py:640} INFO - Processing file /home/airflow/.local/lib/python3.7/site-packages/airflow/example_dags/example_external_task_marker_dag.py for tasks to queue
[2025-06-20T13:16:22.283+0000] {logging_mixin.py:115} INFO - [2025-06-20T13:16:22.283+0000] {dagbag.py:508} INFO - Filling up the DagBag from /home/airflow/.local/lib/python3.7/site-packages/airflow/example_dags/example_external_task_marker_dag.py
[2025-06-20T13:16:22.285+0000] {processor.py:650} INFO - DAG(s) dict_keys(['example_external_task_marker_parent', 'example_external_task_marker_child']) retrieved from /home/airflow/.local/lib/python3.7/site-packages/airflow/example_dags/example_external_task_marker_dag.py
[2025-06-20T13:16:22.355+0000] {logging_mixin.py:115} INFO - [2025-06-20T13:16:22.355+0000] {dag.py:2429} INFO - Sync 2 DAGs
[2025-06-20T13:16:22.365+0000] {logging_mixin.py:115} INFO - [2025-06-20T13:16:22.365+0000] {dag.py:2981} INFO - Setting next_dagrun for example_external_task_marker_child to None, run_after=None
[2025-06-20T13:16:22.365+0000] {logging_mixin.py:115} INFO - [2025-06-20T13:16:22.365+0000] {dag.py:2981} INFO - Setting next_dagrun for example_external_task_marker_parent to None, run_after=None
[2025-06-20T13:16:22.371+0000] {processor.py:161} INFO - Processing /home/airflow/.local/lib/python3.7/site-packages/airflow/example_dags/example_external_task_marker_dag.py took 0.091 seconds
[2025-06-20T13:16:52.532+0000] {processor.py:153} INFO - Started process (PID=1600) to work on /home/airflow/.local/lib/python3.7/site-packages/airflow/example_dags/example_external_task_marker_dag.py
[2025-06-20T13:16:52.532+0000] {processor.py:640} INFO - Processing file /home/airflow/.local/lib/python3.7/site-packages/airflow/example_dags/example_external_task_marker_dag.py for tasks to queue
[2025-06-20T13:16:52.533+0000] {logging_mixin.py:115} INFO - [2025-06-20T13:16:52.533+0000] {dagbag.py:508} INFO - Filling up the DagBag from /home/airflow/.local/lib/python3.7/site-packages/airflow/example_dags/example_external_task_marker_dag.py
[2025-06-20T13:16:52.535+0000] {processor.py:650} INFO - DAG(s) dict_keys(['example_external_task_marker_parent', 'example_external_task_marker_child']) retrieved from /home/airflow/.local/lib/python3.7/site-packages/airflow/example_dags/example_external_task_marker_dag.py
[2025-06-20T13:16:52.623+0000] {logging_mixin.py:115} INFO - [2025-06-20T13:16:52.623+0000] {dag.py:2429} INFO - Sync 2 DAGs
[2025-06-20T13:16:52.633+0000] {logging_mixin.py:115} INFO - [2025-06-20T13:16:52.633+0000] {dag.py:2981} INFO - Setting next_dagrun for example_external_task_marker_child to None, run_after=None
[2025-06-20T13:16:52.636+0000] {logging_mixin.py:115} INFO - [2025-06-20T13:16:52.636+0000] {dag.py:2981} INFO - Setting next_dagrun for example_external_task_marker_parent to None, run_after=None
[2025-06-20T13:16:52.641+0000] {processor.py:161} INFO - Processing /home/airflow/.local/lib/python3.7/site-packages/airflow/example_dags/example_external_task_marker_dag.py took 0.111 seconds
[2025-06-20T13:17:22.659+0000] {processor.py:153} INFO - Started process (PID=1655) to work on /home/airflow/.local/lib/python3.7/site-packages/airflow/example_dags/example_external_task_marker_dag.py
[2025-06-20T13:17:22.659+0000] {processor.py:640} INFO - Processing file /home/airflow/.local/lib/python3.7/site-packages/airflow/example_dags/example_external_task_marker_dag.py for tasks to queue
[2025-06-20T13:17:22.661+0000] {logging_mixin.py:115} INFO - [2025-06-20T13:17:22.661+0000] {dagbag.py:508} INFO - Filling up the DagBag from /home/airflow/.local/lib/python3.7/site-packages/airflow/example_dags/example_external_task_marker_dag.py
[2025-06-20T13:17:22.664+0000] {processor.py:650} INFO - DAG(s) dict_keys(['example_external_task_marker_parent', 'example_external_task_marker_child']) retrieved from /home/airflow/.local/lib/python3.7/site-packages/airflow/example_dags/example_external_task_marker_dag.py
[2025-06-20T13:17:22.733+0000] {logging_mixin.py:115} INFO - [2025-06-20T13:17:22.733+0000] {dag.py:2429} INFO - Sync 2 DAGs
[2025-06-20T13:17:22.745+0000] {logging_mixin.py:115} INFO - [2025-06-20T13:17:22.745+0000] {dag.py:2981} INFO - Setting next_dagrun for example_external_task_marker_child to None, run_after=None
[2025-06-20T13:17:22.746+0000] {logging_mixin.py:115} INFO - [2025-06-20T13:17:22.746+0000] {dag.py:2981} INFO - Setting next_dagrun for example_external_task_marker_parent to None, run_after=None
[2025-06-20T13:17:22.751+0000] {processor.py:161} INFO - Processing /home/airflow/.local/lib/python3.7/site-packages/airflow/example_dags/example_external_task_marker_dag.py took 0.093 seconds
[2025-06-20T13:17:52.792+0000] {processor.py:153} INFO - Started process (PID=1718) to work on /home/airflow/.local/lib/python3.7/site-packages/airflow/example_dags/example_external_task_marker_dag.py
[2025-06-20T13:17:52.793+0000] {processor.py:640} INFO - Processing file /home/airflow/.local/lib/python3.7/site-packages/airflow/example_dags/example_external_task_marker_dag.py for tasks to queue
[2025-06-20T13:17:52.793+0000] {logging_mixin.py:115} INFO - [2025-06-20T13:17:52.793+0000] {dagbag.py:508} INFO - Filling up the DagBag from /home/airflow/.local/lib/python3.7/site-packages/airflow/example_dags/example_external_task_marker_dag.py
[2025-06-20T13:17:52.794+0000] {processor.py:650} INFO - DAG(s) dict_keys(['example_external_task_marker_parent', 'example_external_task_marker_child']) retrieved from /home/airflow/.local/lib/python3.7/site-packages/airflow/example_dags/example_external_task_marker_dag.py
[2025-06-20T13:17:52.862+0000] {logging_mixin.py:115} INFO - [2025-06-20T13:17:52.862+0000] {dag.py:2429} INFO - Sync 2 DAGs
[2025-06-20T13:17:52.870+0000] {logging_mixin.py:115} INFO - [2025-06-20T13:17:52.870+0000] {dag.py:2981} INFO - Setting next_dagrun for example_external_task_marker_child to None, run_after=None
[2025-06-20T13:17:52.870+0000] {logging_mixin.py:115} INFO - [2025-06-20T13:17:52.870+0000] {dag.py:2981} INFO - Setting next_dagrun for example_external_task_marker_parent to None, run_after=None
[2025-06-20T13:17:52.875+0000] {processor.py:161} INFO - Processing /home/airflow/.local/lib/python3.7/site-packages/airflow/example_dags/example_external_task_marker_dag.py took 0.084 seconds
[2025-06-20T13:18:22.942+0000] {processor.py:153} INFO - Started process (PID=1780) to work on /home/airflow/.local/lib/python3.7/site-packages/airflow/example_dags/example_external_task_marker_dag.py
[2025-06-20T13:18:22.943+0000] {processor.py:640} INFO - Processing file /home/airflow/.local/lib/python3.7/site-packages/airflow/example_dags/example_external_task_marker_dag.py for tasks to queue
[2025-06-20T13:18:22.943+0000] {logging_mixin.py:115} INFO - [2025-06-20T13:18:22.943+0000] {dagbag.py:508} INFO - Filling up the DagBag from /home/airflow/.local/lib/python3.7/site-packages/airflow/example_dags/example_external_task_marker_dag.py
[2025-06-20T13:18:22.945+0000] {processor.py:650} INFO - DAG(s) dict_keys(['example_external_task_marker_parent', 'example_external_task_marker_child']) retrieved from /home/airflow/.local/lib/python3.7/site-packages/airflow/example_dags/example_external_task_marker_dag.py
[2025-06-20T13:18:23.019+0000] {logging_mixin.py:115} INFO - [2025-06-20T13:18:23.019+0000] {dag.py:2429} INFO - Sync 2 DAGs
[2025-06-20T13:18:23.028+0000] {logging_mixin.py:115} INFO - [2025-06-20T13:18:23.028+0000] {dag.py:2981} INFO - Setting next_dagrun for example_external_task_marker_child to None, run_after=None
[2025-06-20T13:18:23.029+0000] {logging_mixin.py:115} INFO - [2025-06-20T13:18:23.029+0000] {dag.py:2981} INFO - Setting next_dagrun for example_external_task_marker_parent to None, run_after=None
[2025-06-20T13:18:23.033+0000] {processor.py:161} INFO - Processing /home/airflow/.local/lib/python3.7/site-packages/airflow/example_dags/example_external_task_marker_dag.py took 0.092 seconds
[2025-06-20T13:18:53.141+0000] {processor.py:153} INFO - Started process (PID=1839) to work on /home/airflow/.local/lib/python3.7/site-packages/airflow/example_dags/example_external_task_marker_dag.py
[2025-06-20T13:18:53.142+0000] {processor.py:640} INFO - Processing file /home/airflow/.local/lib/python3.7/site-packages/airflow/example_dags/example_external_task_marker_dag.py for tasks to queue
[2025-06-20T13:18:53.142+0000] {logging_mixin.py:115} INFO - [2025-06-20T13:18:53.142+0000] {dagbag.py:508} INFO - Filling up the DagBag from /home/airflow/.local/lib/python3.7/site-packages/airflow/example_dags/example_external_task_marker_dag.py
[2025-06-20T13:18:53.144+0000] {processor.py:650} INFO - DAG(s) dict_keys(['example_external_task_marker_parent', 'example_external_task_marker_child']) retrieved from /home/airflow/.local/lib/python3.7/site-packages/airflow/example_dags/example_external_task_marker_dag.py
[2025-06-20T13:18:53.217+0000] {logging_mixin.py:115} INFO - [2025-06-20T13:18:53.217+0000] {dag.py:2429} INFO - Sync 2 DAGs
[2025-06-20T13:18:53.227+0000] {logging_mixin.py:115} INFO - [2025-06-20T13:18:53.227+0000] {dag.py:2981} INFO - Setting next_dagrun for example_external_task_marker_child to None, run_after=None
[2025-06-20T13:18:53.227+0000] {logging_mixin.py:115} INFO - [2025-06-20T13:18:53.227+0000] {dag.py:2981} INFO - Setting next_dagrun for example_external_task_marker_parent to None, run_after=None
[2025-06-20T13:18:53.232+0000] {processor.py:161} INFO - Processing /home/airflow/.local/lib/python3.7/site-packages/airflow/example_dags/example_external_task_marker_dag.py took 0.093 seconds
[2025-06-20T13:19:23.311+0000] {processor.py:153} INFO - Started process (PID=1901) to work on /home/airflow/.local/lib/python3.7/site-packages/airflow/example_dags/example_external_task_marker_dag.py
[2025-06-20T13:19:23.312+0000] {processor.py:640} INFO - Processing file /home/airflow/.local/lib/python3.7/site-packages/airflow/example_dags/example_external_task_marker_dag.py for tasks to queue
[2025-06-20T13:19:23.313+0000] {logging_mixin.py:115} INFO - [2025-06-20T13:19:23.313+0000] {dagbag.py:508} INFO - Filling up the DagBag from /home/airflow/.local/lib/python3.7/site-packages/airflow/example_dags/example_external_task_marker_dag.py
[2025-06-20T13:19:23.314+0000] {processor.py:650} INFO - DAG(s) dict_keys(['example_external_task_marker_parent', 'example_external_task_marker_child']) retrieved from /home/airflow/.local/lib/python3.7/site-packages/airflow/example_dags/example_external_task_marker_dag.py
[2025-06-20T13:19:23.391+0000] {logging_mixin.py:115} INFO - [2025-06-20T13:19:23.391+0000] {dag.py:2429} INFO - Sync 2 DAGs
[2025-06-20T13:19:23.400+0000] {logging_mixin.py:115} INFO - [2025-06-20T13:19:23.400+0000] {dag.py:2981} INFO - Setting next_dagrun for example_external_task_marker_child to None, run_after=None
[2025-06-20T13:19:23.400+0000] {logging_mixin.py:115} INFO - [2025-06-20T13:19:23.400+0000] {dag.py:2981} INFO - Setting next_dagrun for example_external_task_marker_parent to None, run_after=None
[2025-06-20T13:19:23.404+0000] {processor.py:161} INFO - Processing /home/airflow/.local/lib/python3.7/site-packages/airflow/example_dags/example_external_task_marker_dag.py took 0.094 seconds
[2025-06-20T13:19:53.418+0000] {processor.py:153} INFO - Started process (PID=1953) to work on /home/airflow/.local/lib/python3.7/site-packages/airflow/example_dags/example_external_task_marker_dag.py
[2025-06-20T13:19:53.418+0000] {processor.py:640} INFO - Processing file /home/airflow/.local/lib/python3.7/site-packages/airflow/example_dags/example_external_task_marker_dag.py for tasks to queue
[2025-06-20T13:19:53.419+0000] {logging_mixin.py:115} INFO - [2025-06-20T13:19:53.419+0000] {dagbag.py:508} INFO - Filling up the DagBag from /home/airflow/.local/lib/python3.7/site-packages/airflow/example_dags/example_external_task_marker_dag.py
[2025-06-20T13:19:53.421+0000] {processor.py:650} INFO - DAG(s) dict_keys(['example_external_task_marker_parent', 'example_external_task_marker_child']) retrieved from /home/airflow/.local/lib/python3.7/site-packages/airflow/example_dags/example_external_task_marker_dag.py
[2025-06-20T13:19:53.497+0000] {logging_mixin.py:115} INFO - [2025-06-20T13:19:53.497+0000] {dag.py:2429} INFO - Sync 2 DAGs
[2025-06-20T13:19:53.507+0000] {logging_mixin.py:115} INFO - [2025-06-20T13:19:53.507+0000] {dag.py:2981} INFO - Setting next_dagrun for example_external_task_marker_child to None, run_after=None
[2025-06-20T13:19:53.508+0000] {logging_mixin.py:115} INFO - [2025-06-20T13:19:53.508+0000] {dag.py:2981} INFO - Setting next_dagrun for example_external_task_marker_parent to None, run_after=None
[2025-06-20T13:19:53.512+0000] {processor.py:161} INFO - Processing /home/airflow/.local/lib/python3.7/site-packages/airflow/example_dags/example_external_task_marker_dag.py took 0.096 seconds
[2025-06-20T13:20:23.539+0000] {processor.py:153} INFO - Started process (PID=2013) to work on /home/airflow/.local/lib/python3.7/site-packages/airflow/example_dags/example_external_task_marker_dag.py
[2025-06-20T13:20:23.540+0000] {processor.py:640} INFO - Processing file /home/airflow/.local/lib/python3.7/site-packages/airflow/example_dags/example_external_task_marker_dag.py for tasks to queue
[2025-06-20T13:20:23.540+0000] {logging_mixin.py:115} INFO - [2025-06-20T13:20:23.540+0000] {dagbag.py:508} INFO - Filling up the DagBag from /home/airflow/.local/lib/python3.7/site-packages/airflow/example_dags/example_external_task_marker_dag.py
[2025-06-20T13:20:23.542+0000] {processor.py:650} INFO - DAG(s) dict_keys(['example_external_task_marker_parent', 'example_external_task_marker_child']) retrieved from /home/airflow/.local/lib/python3.7/site-packages/airflow/example_dags/example_external_task_marker_dag.py
[2025-06-20T13:20:23.616+0000] {logging_mixin.py:115} INFO - [2025-06-20T13:20:23.616+0000] {dag.py:2429} INFO - Sync 2 DAGs
[2025-06-20T13:20:23.626+0000] {logging_mixin.py:115} INFO - [2025-06-20T13:20:23.626+0000] {dag.py:2981} INFO - Setting next_dagrun for example_external_task_marker_child to None, run_after=None
[2025-06-20T13:20:23.627+0000] {logging_mixin.py:115} INFO - [2025-06-20T13:20:23.627+0000] {dag.py:2981} INFO - Setting next_dagrun for example_external_task_marker_parent to None, run_after=None
[2025-06-20T13:20:23.631+0000] {processor.py:161} INFO - Processing /home/airflow/.local/lib/python3.7/site-packages/airflow/example_dags/example_external_task_marker_dag.py took 0.094 seconds
[2025-06-20T13:20:53.666+0000] {processor.py:153} INFO - Started process (PID=2075) to work on /home/airflow/.local/lib/python3.7/site-packages/airflow/example_dags/example_external_task_marker_dag.py
[2025-06-20T13:20:53.667+0000] {processor.py:640} INFO - Processing file /home/airflow/.local/lib/python3.7/site-packages/airflow/example_dags/example_external_task_marker_dag.py for tasks to queue
[2025-06-20T13:20:53.667+0000] {logging_mixin.py:115} INFO - [2025-06-20T13:20:53.667+0000] {dagbag.py:508} INFO - Filling up the DagBag from /home/airflow/.local/lib/python3.7/site-packages/airflow/example_dags/example_external_task_marker_dag.py
[2025-06-20T13:20:53.669+0000] {processor.py:650} INFO - DAG(s) dict_keys(['example_external_task_marker_parent', 'example_external_task_marker_child']) retrieved from /home/airflow/.local/lib/python3.7/site-packages/airflow/example_dags/example_external_task_marker_dag.py
[2025-06-20T13:20:53.745+0000] {logging_mixin.py:115} INFO - [2025-06-20T13:20:53.745+0000] {dag.py:2429} INFO - Sync 2 DAGs
[2025-06-20T13:20:53.754+0000] {logging_mixin.py:115} INFO - [2025-06-20T13:20:53.754+0000] {dag.py:2981} INFO - Setting next_dagrun for example_external_task_marker_child to None, run_after=None
[2025-06-20T13:20:53.754+0000] {logging_mixin.py:115} INFO - [2025-06-20T13:20:53.754+0000] {dag.py:2981} INFO - Setting next_dagrun for example_external_task_marker_parent to None, run_after=None
[2025-06-20T13:20:53.759+0000] {processor.py:161} INFO - Processing /home/airflow/.local/lib/python3.7/site-packages/airflow/example_dags/example_external_task_marker_dag.py took 0.094 seconds
[2025-06-20T13:21:23.777+0000] {processor.py:153} INFO - Started process (PID=2135) to work on /home/airflow/.local/lib/python3.7/site-packages/airflow/example_dags/example_external_task_marker_dag.py
[2025-06-20T13:21:23.780+0000] {processor.py:640} INFO - Processing file /home/airflow/.local/lib/python3.7/site-packages/airflow/example_dags/example_external_task_marker_dag.py for tasks to queue
[2025-06-20T13:21:23.780+0000] {logging_mixin.py:115} INFO - [2025-06-20T13:21:23.780+0000] {dagbag.py:508} INFO - Filling up the DagBag from /home/airflow/.local/lib/python3.7/site-packages/airflow/example_dags/example_external_task_marker_dag.py
[2025-06-20T13:21:23.782+0000] {processor.py:650} INFO - DAG(s) dict_keys(['example_external_task_marker_parent', 'example_external_task_marker_child']) retrieved from /home/airflow/.local/lib/python3.7/site-packages/airflow/example_dags/example_external_task_marker_dag.py
[2025-06-20T13:21:23.857+0000] {logging_mixin.py:115} INFO - [2025-06-20T13:21:23.856+0000] {dag.py:2429} INFO - Sync 2 DAGs
[2025-06-20T13:21:23.868+0000] {logging_mixin.py:115} INFO - [2025-06-20T13:21:23.868+0000] {dag.py:2981} INFO - Setting next_dagrun for example_external_task_marker_child to None, run_after=None
[2025-06-20T13:21:23.868+0000] {logging_mixin.py:115} INFO - [2025-06-20T13:21:23.868+0000] {dag.py:2981} INFO - Setting next_dagrun for example_external_task_marker_parent to None, run_after=None
[2025-06-20T13:21:23.873+0000] {processor.py:161} INFO - Processing /home/airflow/.local/lib/python3.7/site-packages/airflow/example_dags/example_external_task_marker_dag.py took 0.098 seconds
[2025-06-20T13:21:53.908+0000] {processor.py:153} INFO - Started process (PID=2197) to work on /home/airflow/.local/lib/python3.7/site-packages/airflow/example_dags/example_external_task_marker_dag.py
[2025-06-20T13:21:53.909+0000] {processor.py:640} INFO - Processing file /home/airflow/.local/lib/python3.7/site-packages/airflow/example_dags/example_external_task_marker_dag.py for tasks to queue
[2025-06-20T13:21:53.909+0000] {logging_mixin.py:115} INFO - [2025-06-20T13:21:53.909+0000] {dagbag.py:508} INFO - Filling up the DagBag from /home/airflow/.local/lib/python3.7/site-packages/airflow/example_dags/example_external_task_marker_dag.py
[2025-06-20T13:21:53.911+0000] {processor.py:650} INFO - DAG(s) dict_keys(['example_external_task_marker_parent', 'example_external_task_marker_child']) retrieved from /home/airflow/.local/lib/python3.7/site-packages/airflow/example_dags/example_external_task_marker_dag.py
[2025-06-20T13:21:53.991+0000] {logging_mixin.py:115} INFO - [2025-06-20T13:21:53.991+0000] {dag.py:2429} INFO - Sync 2 DAGs
[2025-06-20T13:21:54.001+0000] {logging_mixin.py:115} INFO - [2025-06-20T13:21:54.001+0000] {dag.py:2981} INFO - Setting next_dagrun for example_external_task_marker_child to None, run_after=None
[2025-06-20T13:21:54.001+0000] {logging_mixin.py:115} INFO - [2025-06-20T13:21:54.001+0000] {dag.py:2981} INFO - Setting next_dagrun for example_external_task_marker_parent to None, run_after=None
[2025-06-20T13:21:54.005+0000] {processor.py:161} INFO - Processing /home/airflow/.local/lib/python3.7/site-packages/airflow/example_dags/example_external_task_marker_dag.py took 0.098 seconds
[2025-06-20T13:22:24.122+0000] {processor.py:153} INFO - Started process (PID=2258) to work on /home/airflow/.local/lib/python3.7/site-packages/airflow/example_dags/example_external_task_marker_dag.py
[2025-06-20T13:22:24.122+0000] {processor.py:640} INFO - Processing file /home/airflow/.local/lib/python3.7/site-packages/airflow/example_dags/example_external_task_marker_dag.py for tasks to queue
[2025-06-20T13:22:24.123+0000] {logging_mixin.py:115} INFO - [2025-06-20T13:22:24.123+0000] {dagbag.py:508} INFO - Filling up the DagBag from /home/airflow/.local/lib/python3.7/site-packages/airflow/example_dags/example_external_task_marker_dag.py
[2025-06-20T13:22:24.125+0000] {processor.py:650} INFO - DAG(s) dict_keys(['example_external_task_marker_parent', 'example_external_task_marker_child']) retrieved from /home/airflow/.local/lib/python3.7/site-packages/airflow/example_dags/example_external_task_marker_dag.py
[2025-06-20T13:22:24.205+0000] {logging_mixin.py:115} INFO - [2025-06-20T13:22:24.205+0000] {dag.py:2429} INFO - Sync 2 DAGs
[2025-06-20T13:22:24.214+0000] {logging_mixin.py:115} INFO - [2025-06-20T13:22:24.214+0000] {dag.py:2981} INFO - Setting next_dagrun for example_external_task_marker_child to None, run_after=None
[2025-06-20T13:22:24.214+0000] {logging_mixin.py:115} INFO - [2025-06-20T13:22:24.214+0000] {dag.py:2981} INFO - Setting next_dagrun for example_external_task_marker_parent to None, run_after=None
[2025-06-20T13:22:24.218+0000] {processor.py:161} INFO - Processing /home/airflow/.local/lib/python3.7/site-packages/airflow/example_dags/example_external_task_marker_dag.py took 0.099 seconds
[2025-06-20T13:22:54.228+0000] {processor.py:153} INFO - Started process (PID=2311) to work on /home/airflow/.local/lib/python3.7/site-packages/airflow/example_dags/example_external_task_marker_dag.py
[2025-06-20T13:22:54.229+0000] {processor.py:640} INFO - Processing file /home/airflow/.local/lib/python3.7/site-packages/airflow/example_dags/example_external_task_marker_dag.py for tasks to queue
[2025-06-20T13:22:54.229+0000] {logging_mixin.py:115} INFO - [2025-06-20T13:22:54.229+0000] {dagbag.py:508} INFO - Filling up the DagBag from /home/airflow/.local/lib/python3.7/site-packages/airflow/example_dags/example_external_task_marker_dag.py
[2025-06-20T13:22:54.230+0000] {processor.py:650} INFO - DAG(s) dict_keys(['example_external_task_marker_parent', 'example_external_task_marker_child']) retrieved from /home/airflow/.local/lib/python3.7/site-packages/airflow/example_dags/example_external_task_marker_dag.py
[2025-06-20T13:22:54.303+0000] {logging_mixin.py:115} INFO - [2025-06-20T13:22:54.303+0000] {dag.py:2429} INFO - Sync 2 DAGs
[2025-06-20T13:22:54.312+0000] {logging_mixin.py:115} INFO - [2025-06-20T13:22:54.312+0000] {dag.py:2981} INFO - Setting next_dagrun for example_external_task_marker_child to None, run_after=None
[2025-06-20T13:22:54.312+0000] {logging_mixin.py:115} INFO - [2025-06-20T13:22:54.312+0000] {dag.py:2981} INFO - Setting next_dagrun for example_external_task_marker_parent to None, run_after=None
[2025-06-20T13:22:54.317+0000] {processor.py:161} INFO - Processing /home/airflow/.local/lib/python3.7/site-packages/airflow/example_dags/example_external_task_marker_dag.py took 0.090 seconds
[2025-06-20T13:23:24.373+0000] {processor.py:153} INFO - Started process (PID=2372) to work on /home/airflow/.local/lib/python3.7/site-packages/airflow/example_dags/example_external_task_marker_dag.py
[2025-06-20T13:23:24.374+0000] {processor.py:640} INFO - Processing file /home/airflow/.local/lib/python3.7/site-packages/airflow/example_dags/example_external_task_marker_dag.py for tasks to queue
[2025-06-20T13:23:24.374+0000] {logging_mixin.py:115} INFO - [2025-06-20T13:23:24.374+0000] {dagbag.py:508} INFO - Filling up the DagBag from /home/airflow/.local/lib/python3.7/site-packages/airflow/example_dags/example_external_task_marker_dag.py
[2025-06-20T13:23:24.376+0000] {processor.py:650} INFO - DAG(s) dict_keys(['example_external_task_marker_parent', 'example_external_task_marker_child']) retrieved from /home/airflow/.local/lib/python3.7/site-packages/airflow/example_dags/example_external_task_marker_dag.py
[2025-06-20T13:23:24.448+0000] {logging_mixin.py:115} INFO - [2025-06-20T13:23:24.448+0000] {dag.py:2429} INFO - Sync 2 DAGs
[2025-06-20T13:23:24.457+0000] {logging_mixin.py:115} INFO - [2025-06-20T13:23:24.457+0000] {dag.py:2981} INFO - Setting next_dagrun for example_external_task_marker_child to None, run_after=None
[2025-06-20T13:23:24.457+0000] {logging_mixin.py:115} INFO - [2025-06-20T13:23:24.457+0000] {dag.py:2981} INFO - Setting next_dagrun for example_external_task_marker_parent to None, run_after=None
[2025-06-20T13:23:24.461+0000] {processor.py:161} INFO - Processing /home/airflow/.local/lib/python3.7/site-packages/airflow/example_dags/example_external_task_marker_dag.py took 0.090 seconds
[2025-06-20T13:23:54.484+0000] {processor.py:153} INFO - Started process (PID=2430) to work on /home/airflow/.local/lib/python3.7/site-packages/airflow/example_dags/example_external_task_marker_dag.py
[2025-06-20T13:23:54.487+0000] {processor.py:640} INFO - Processing file /home/airflow/.local/lib/python3.7/site-packages/airflow/example_dags/example_external_task_marker_dag.py for tasks to queue
[2025-06-20T13:23:54.487+0000] {logging_mixin.py:115} INFO - [2025-06-20T13:23:54.487+0000] {dagbag.py:508} INFO - Filling up the DagBag from /home/airflow/.local/lib/python3.7/site-packages/airflow/example_dags/example_external_task_marker_dag.py
[2025-06-20T13:23:54.490+0000] {processor.py:650} INFO - DAG(s) dict_keys(['example_external_task_marker_parent', 'example_external_task_marker_child']) retrieved from /home/airflow/.local/lib/python3.7/site-packages/airflow/example_dags/example_external_task_marker_dag.py
[2025-06-20T13:23:54.560+0000] {logging_mixin.py:115} INFO - [2025-06-20T13:23:54.560+0000] {dag.py:2429} INFO - Sync 2 DAGs
[2025-06-20T13:23:54.569+0000] {logging_mixin.py:115} INFO - [2025-06-20T13:23:54.569+0000] {dag.py:2981} INFO - Setting next_dagrun for example_external_task_marker_child to None, run_after=None
[2025-06-20T13:23:54.571+0000] {logging_mixin.py:115} INFO - [2025-06-20T13:23:54.571+0000] {dag.py:2981} INFO - Setting next_dagrun for example_external_task_marker_parent to None, run_after=None
[2025-06-20T13:23:54.576+0000] {processor.py:161} INFO - Processing /home/airflow/.local/lib/python3.7/site-packages/airflow/example_dags/example_external_task_marker_dag.py took 0.094 seconds
[2025-06-20T13:24:24.698+0000] {processor.py:153} INFO - Started process (PID=2491) to work on /home/airflow/.local/lib/python3.7/site-packages/airflow/example_dags/example_external_task_marker_dag.py
[2025-06-20T13:24:24.700+0000] {processor.py:640} INFO - Processing file /home/airflow/.local/lib/python3.7/site-packages/airflow/example_dags/example_external_task_marker_dag.py for tasks to queue
[2025-06-20T13:24:24.700+0000] {logging_mixin.py:115} INFO - [2025-06-20T13:24:24.700+0000] {dagbag.py:508} INFO - Filling up the DagBag from /home/airflow/.local/lib/python3.7/site-packages/airflow/example_dags/example_external_task_marker_dag.py
[2025-06-20T13:24:24.702+0000] {processor.py:650} INFO - DAG(s) dict_keys(['example_external_task_marker_parent', 'example_external_task_marker_child']) retrieved from /home/airflow/.local/lib/python3.7/site-packages/airflow/example_dags/example_external_task_marker_dag.py
[2025-06-20T13:24:24.785+0000] {logging_mixin.py:115} INFO - [2025-06-20T13:24:24.785+0000] {dag.py:2429} INFO - Sync 2 DAGs
[2025-06-20T13:24:24.797+0000] {logging_mixin.py:115} INFO - [2025-06-20T13:24:24.797+0000] {dag.py:2981} INFO - Setting next_dagrun for example_external_task_marker_child to None, run_after=None
[2025-06-20T13:24:24.798+0000] {logging_mixin.py:115} INFO - [2025-06-20T13:24:24.798+0000] {dag.py:2981} INFO - Setting next_dagrun for example_external_task_marker_parent to None, run_after=None
[2025-06-20T13:24:24.803+0000] {processor.py:161} INFO - Processing /home/airflow/.local/lib/python3.7/site-packages/airflow/example_dags/example_external_task_marker_dag.py took 0.108 seconds
