[2025-06-20T12:58:52.342+0000] {processor.py:153} INFO - Started process (PID=47) to work on /home/airflow/.local/lib/python3.7/site-packages/airflow/example_dags/example_branch_day_of_week_operator.py
[2025-06-20T12:58:52.342+0000] {processor.py:640} INFO - Processing file /home/airflow/.local/lib/python3.7/site-packages/airflow/example_dags/example_branch_day_of_week_operator.py for tasks to queue
[2025-06-20T12:58:52.342+0000] {logging_mixin.py:115} INFO - [2025-06-20T12:58:52.342+0000] {dagbag.py:508} INFO - Filling up the DagBag from /home/airflow/.local/lib/python3.7/site-packages/airflow/example_dags/example_branch_day_of_week_operator.py
[2025-06-20T12:58:52.348+0000] {processor.py:650} INFO - DAG(s) dict_keys(['example_weekday_branch_operator']) retrieved from /home/airflow/.local/lib/python3.7/site-packages/airflow/example_dags/example_branch_day_of_week_operator.py
[2025-06-20T12:58:52.389+0000] {logging_mixin.py:115} INFO - [2025-06-20T12:58:52.389+0000] {manager.py:508} INFO - Created Permission View: can read on DAG:example_weekday_branch_operator
[2025-06-20T12:58:52.394+0000] {logging_mixin.py:115} INFO - [2025-06-20T12:58:52.394+0000] {manager.py:508} INFO - Created Permission View: can delete on DAG:example_weekday_branch_operator
[2025-06-20T12:58:52.400+0000] {logging_mixin.py:115} INFO - [2025-06-20T12:58:52.400+0000] {manager.py:508} INFO - Created Permission View: can edit on DAG:example_weekday_branch_operator
[2025-06-20T12:58:52.401+0000] {logging_mixin.py:115} INFO - [2025-06-20T12:58:52.401+0000] {dag.py:2429} INFO - Sync 1 DAGs
[2025-06-20T12:58:52.407+0000] {logging_mixin.py:115} INFO - [2025-06-20T12:58:52.406+0000] {dag.py:2448} INFO - Creating ORM DAG for example_weekday_branch_operator
[2025-06-20T12:58:52.413+0000] {logging_mixin.py:115} INFO - [2025-06-20T12:58:52.413+0000] {dag.py:2981} INFO - Setting next_dagrun for example_weekday_branch_operator to 2025-06-19T00:00:00+00:00, run_after=2025-06-20T00:00:00+00:00
[2025-06-20T12:58:52.422+0000] {processor.py:161} INFO - Processing /home/airflow/.local/lib/python3.7/site-packages/airflow/example_dags/example_branch_day_of_week_operator.py took 0.082 seconds
[2025-06-20T12:59:22.503+0000] {processor.py:153} INFO - Started process (PID=106) to work on /home/airflow/.local/lib/python3.7/site-packages/airflow/example_dags/example_branch_day_of_week_operator.py
[2025-06-20T12:59:22.504+0000] {processor.py:640} INFO - Processing file /home/airflow/.local/lib/python3.7/site-packages/airflow/example_dags/example_branch_day_of_week_operator.py for tasks to queue
[2025-06-20T12:59:22.504+0000] {logging_mixin.py:115} INFO - [2025-06-20T12:59:22.504+0000] {dagbag.py:508} INFO - Filling up the DagBag from /home/airflow/.local/lib/python3.7/site-packages/airflow/example_dags/example_branch_day_of_week_operator.py
[2025-06-20T12:59:22.507+0000] {processor.py:650} INFO - DAG(s) dict_keys(['example_weekday_branch_operator']) retrieved from /home/airflow/.local/lib/python3.7/site-packages/airflow/example_dags/example_branch_day_of_week_operator.py
[2025-06-20T12:59:22.521+0000] {logging_mixin.py:115} INFO - [2025-06-20T12:59:22.521+0000] {dag.py:2429} INFO - Sync 1 DAGs
[2025-06-20T12:59:22.531+0000] {logging_mixin.py:115} INFO - [2025-06-20T12:59:22.531+0000] {dag.py:2981} INFO - Setting next_dagrun for example_weekday_branch_operator to 2025-06-19T00:00:00+00:00, run_after=2025-06-20T00:00:00+00:00
[2025-06-20T12:59:22.537+0000] {processor.py:161} INFO - Processing /home/airflow/.local/lib/python3.7/site-packages/airflow/example_dags/example_branch_day_of_week_operator.py took 0.035 seconds
[2025-06-20T12:59:52.649+0000] {processor.py:153} INFO - Started process (PID=167) to work on /home/airflow/.local/lib/python3.7/site-packages/airflow/example_dags/example_branch_day_of_week_operator.py
[2025-06-20T12:59:52.649+0000] {processor.py:640} INFO - Processing file /home/airflow/.local/lib/python3.7/site-packages/airflow/example_dags/example_branch_day_of_week_operator.py for tasks to queue
[2025-06-20T12:59:52.649+0000] {logging_mixin.py:115} INFO - [2025-06-20T12:59:52.649+0000] {dagbag.py:508} INFO - Filling up the DagBag from /home/airflow/.local/lib/python3.7/site-packages/airflow/example_dags/example_branch_day_of_week_operator.py
[2025-06-20T12:59:52.653+0000] {processor.py:650} INFO - DAG(s) dict_keys(['example_weekday_branch_operator']) retrieved from /home/airflow/.local/lib/python3.7/site-packages/airflow/example_dags/example_branch_day_of_week_operator.py
[2025-06-20T12:59:52.663+0000] {logging_mixin.py:115} INFO - [2025-06-20T12:59:52.663+0000] {dag.py:2429} INFO - Sync 1 DAGs
[2025-06-20T12:59:52.675+0000] {logging_mixin.py:115} INFO - [2025-06-20T12:59:52.675+0000] {dag.py:2981} INFO - Setting next_dagrun for example_weekday_branch_operator to 2025-06-19T00:00:00+00:00, run_after=2025-06-20T00:00:00+00:00
[2025-06-20T12:59:52.683+0000] {processor.py:161} INFO - Processing /home/airflow/.local/lib/python3.7/site-packages/airflow/example_dags/example_branch_day_of_week_operator.py took 0.036 seconds
[2025-06-20T13:03:47.008+0000] {processor.py:153} INFO - Started process (PID=46) to work on /home/airflow/.local/lib/python3.7/site-packages/airflow/example_dags/example_branch_day_of_week_operator.py
[2025-06-20T13:03:47.010+0000] {processor.py:640} INFO - Processing file /home/airflow/.local/lib/python3.7/site-packages/airflow/example_dags/example_branch_day_of_week_operator.py for tasks to queue
[2025-06-20T13:03:47.018+0000] {logging_mixin.py:115} INFO - [2025-06-20T13:03:47.018+0000] {dagbag.py:508} INFO - Filling up the DagBag from /home/airflow/.local/lib/python3.7/site-packages/airflow/example_dags/example_branch_day_of_week_operator.py
[2025-06-20T13:03:47.026+0000] {processor.py:650} INFO - DAG(s) dict_keys(['example_weekday_branch_operator']) retrieved from /home/airflow/.local/lib/python3.7/site-packages/airflow/example_dags/example_branch_day_of_week_operator.py
[2025-06-20T13:03:47.083+0000] {logging_mixin.py:115} INFO - [2025-06-20T13:03:47.083+0000] {manager.py:508} INFO - Created Permission View: can delete on DAG:example_weekday_branch_operator
[2025-06-20T13:03:47.090+0000] {logging_mixin.py:115} INFO - [2025-06-20T13:03:47.090+0000] {manager.py:508} INFO - Created Permission View: can edit on DAG:example_weekday_branch_operator
[2025-06-20T13:03:47.095+0000] {logging_mixin.py:115} INFO - [2025-06-20T13:03:47.095+0000] {manager.py:508} INFO - Created Permission View: can read on DAG:example_weekday_branch_operator
[2025-06-20T13:03:47.096+0000] {logging_mixin.py:115} INFO - [2025-06-20T13:03:47.096+0000] {dag.py:2429} INFO - Sync 1 DAGs
[2025-06-20T13:03:47.107+0000] {logging_mixin.py:115} INFO - [2025-06-20T13:03:47.107+0000] {dag.py:2448} INFO - Creating ORM DAG for example_weekday_branch_operator
[2025-06-20T13:03:47.125+0000] {logging_mixin.py:115} INFO - [2025-06-20T13:03:47.125+0000] {dag.py:2981} INFO - Setting next_dagrun for example_weekday_branch_operator to 2025-06-19T00:00:00+00:00, run_after=2025-06-20T00:00:00+00:00
[2025-06-20T13:03:47.145+0000] {processor.py:161} INFO - Processing /home/airflow/.local/lib/python3.7/site-packages/airflow/example_dags/example_branch_day_of_week_operator.py took 0.138 seconds
[2025-06-20T13:04:17.369+0000] {processor.py:153} INFO - Started process (PID=107) to work on /home/airflow/.local/lib/python3.7/site-packages/airflow/example_dags/example_branch_day_of_week_operator.py
[2025-06-20T13:04:17.369+0000] {processor.py:640} INFO - Processing file /home/airflow/.local/lib/python3.7/site-packages/airflow/example_dags/example_branch_day_of_week_operator.py for tasks to queue
[2025-06-20T13:04:17.370+0000] {logging_mixin.py:115} INFO - [2025-06-20T13:04:17.369+0000] {dagbag.py:508} INFO - Filling up the DagBag from /home/airflow/.local/lib/python3.7/site-packages/airflow/example_dags/example_branch_day_of_week_operator.py
[2025-06-20T13:04:17.373+0000] {processor.py:650} INFO - DAG(s) dict_keys(['example_weekday_branch_operator']) retrieved from /home/airflow/.local/lib/python3.7/site-packages/airflow/example_dags/example_branch_day_of_week_operator.py
[2025-06-20T13:04:17.383+0000] {logging_mixin.py:115} INFO - [2025-06-20T13:04:17.383+0000] {dag.py:2429} INFO - Sync 1 DAGs
[2025-06-20T13:04:17.392+0000] {logging_mixin.py:115} INFO - [2025-06-20T13:04:17.392+0000] {dag.py:2981} INFO - Setting next_dagrun for example_weekday_branch_operator to 2025-06-19T00:00:00+00:00, run_after=2025-06-20T00:00:00+00:00
[2025-06-20T13:04:17.397+0000] {processor.py:161} INFO - Processing /home/airflow/.local/lib/python3.7/site-packages/airflow/example_dags/example_branch_day_of_week_operator.py took 0.029 seconds
[2025-06-20T13:04:47.569+0000] {processor.py:153} INFO - Started process (PID=168) to work on /home/airflow/.local/lib/python3.7/site-packages/airflow/example_dags/example_branch_day_of_week_operator.py
[2025-06-20T13:04:47.570+0000] {processor.py:640} INFO - Processing file /home/airflow/.local/lib/python3.7/site-packages/airflow/example_dags/example_branch_day_of_week_operator.py for tasks to queue
[2025-06-20T13:04:47.571+0000] {logging_mixin.py:115} INFO - [2025-06-20T13:04:47.571+0000] {dagbag.py:508} INFO - Filling up the DagBag from /home/airflow/.local/lib/python3.7/site-packages/airflow/example_dags/example_branch_day_of_week_operator.py
[2025-06-20T13:04:47.575+0000] {processor.py:650} INFO - DAG(s) dict_keys(['example_weekday_branch_operator']) retrieved from /home/airflow/.local/lib/python3.7/site-packages/airflow/example_dags/example_branch_day_of_week_operator.py
[2025-06-20T13:04:47.586+0000] {logging_mixin.py:115} INFO - [2025-06-20T13:04:47.586+0000] {dag.py:2429} INFO - Sync 1 DAGs
[2025-06-20T13:04:47.595+0000] {logging_mixin.py:115} INFO - [2025-06-20T13:04:47.595+0000] {dag.py:2981} INFO - Setting next_dagrun for example_weekday_branch_operator to 2025-06-19T00:00:00+00:00, run_after=2025-06-20T00:00:00+00:00
[2025-06-20T13:04:47.600+0000] {processor.py:161} INFO - Processing /home/airflow/.local/lib/python3.7/site-packages/airflow/example_dags/example_branch_day_of_week_operator.py took 0.032 seconds
[2025-06-20T13:05:17.804+0000] {processor.py:153} INFO - Started process (PID=228) to work on /home/airflow/.local/lib/python3.7/site-packages/airflow/example_dags/example_branch_day_of_week_operator.py
[2025-06-20T13:05:17.805+0000] {processor.py:640} INFO - Processing file /home/airflow/.local/lib/python3.7/site-packages/airflow/example_dags/example_branch_day_of_week_operator.py for tasks to queue
[2025-06-20T13:05:17.805+0000] {logging_mixin.py:115} INFO - [2025-06-20T13:05:17.805+0000] {dagbag.py:508} INFO - Filling up the DagBag from /home/airflow/.local/lib/python3.7/site-packages/airflow/example_dags/example_branch_day_of_week_operator.py
[2025-06-20T13:05:17.809+0000] {processor.py:650} INFO - DAG(s) dict_keys(['example_weekday_branch_operator']) retrieved from /home/airflow/.local/lib/python3.7/site-packages/airflow/example_dags/example_branch_day_of_week_operator.py
[2025-06-20T13:05:17.819+0000] {logging_mixin.py:115} INFO - [2025-06-20T13:05:17.819+0000] {dag.py:2429} INFO - Sync 1 DAGs
[2025-06-20T13:05:17.829+0000] {logging_mixin.py:115} INFO - [2025-06-20T13:05:17.829+0000] {dag.py:2981} INFO - Setting next_dagrun for example_weekday_branch_operator to 2025-06-19T00:00:00+00:00, run_after=2025-06-20T00:00:00+00:00
[2025-06-20T13:05:17.834+0000] {processor.py:161} INFO - Processing /home/airflow/.local/lib/python3.7/site-packages/airflow/example_dags/example_branch_day_of_week_operator.py took 0.032 seconds
[2025-06-20T13:05:47.956+0000] {processor.py:153} INFO - Started process (PID=280) to work on /home/airflow/.local/lib/python3.7/site-packages/airflow/example_dags/example_branch_day_of_week_operator.py
[2025-06-20T13:05:47.957+0000] {processor.py:640} INFO - Processing file /home/airflow/.local/lib/python3.7/site-packages/airflow/example_dags/example_branch_day_of_week_operator.py for tasks to queue
[2025-06-20T13:05:47.959+0000] {logging_mixin.py:115} INFO - [2025-06-20T13:05:47.959+0000] {dagbag.py:508} INFO - Filling up the DagBag from /home/airflow/.local/lib/python3.7/site-packages/airflow/example_dags/example_branch_day_of_week_operator.py
[2025-06-20T13:05:47.963+0000] {processor.py:650} INFO - DAG(s) dict_keys(['example_weekday_branch_operator']) retrieved from /home/airflow/.local/lib/python3.7/site-packages/airflow/example_dags/example_branch_day_of_week_operator.py
[2025-06-20T13:05:47.977+0000] {logging_mixin.py:115} INFO - [2025-06-20T13:05:47.977+0000] {dag.py:2429} INFO - Sync 1 DAGs
[2025-06-20T13:05:47.986+0000] {logging_mixin.py:115} INFO - [2025-06-20T13:05:47.986+0000] {dag.py:2981} INFO - Setting next_dagrun for example_weekday_branch_operator to 2025-06-19T00:00:00+00:00, run_after=2025-06-20T00:00:00+00:00
[2025-06-20T13:05:47.990+0000] {processor.py:161} INFO - Processing /home/airflow/.local/lib/python3.7/site-packages/airflow/example_dags/example_branch_day_of_week_operator.py took 0.036 seconds
[2025-06-20T13:06:18.356+0000] {processor.py:153} INFO - Started process (PID=341) to work on /home/airflow/.local/lib/python3.7/site-packages/airflow/example_dags/example_branch_day_of_week_operator.py
[2025-06-20T13:06:18.357+0000] {processor.py:640} INFO - Processing file /home/airflow/.local/lib/python3.7/site-packages/airflow/example_dags/example_branch_day_of_week_operator.py for tasks to queue
[2025-06-20T13:06:18.358+0000] {logging_mixin.py:115} INFO - [2025-06-20T13:06:18.358+0000] {dagbag.py:508} INFO - Filling up the DagBag from /home/airflow/.local/lib/python3.7/site-packages/airflow/example_dags/example_branch_day_of_week_operator.py
[2025-06-20T13:06:18.361+0000] {processor.py:650} INFO - DAG(s) dict_keys(['example_weekday_branch_operator']) retrieved from /home/airflow/.local/lib/python3.7/site-packages/airflow/example_dags/example_branch_day_of_week_operator.py
[2025-06-20T13:06:18.379+0000] {logging_mixin.py:115} INFO - [2025-06-20T13:06:18.379+0000] {dag.py:2429} INFO - Sync 1 DAGs
[2025-06-20T13:06:18.389+0000] {logging_mixin.py:115} INFO - [2025-06-20T13:06:18.389+0000] {dag.py:2981} INFO - Setting next_dagrun for example_weekday_branch_operator to 2025-06-19T00:00:00+00:00, run_after=2025-06-20T00:00:00+00:00
[2025-06-20T13:06:18.399+0000] {processor.py:161} INFO - Processing /home/airflow/.local/lib/python3.7/site-packages/airflow/example_dags/example_branch_day_of_week_operator.py took 0.044 seconds
[2025-06-20T13:06:48.530+0000] {processor.py:153} INFO - Started process (PID=401) to work on /home/airflow/.local/lib/python3.7/site-packages/airflow/example_dags/example_branch_day_of_week_operator.py
[2025-06-20T13:06:48.530+0000] {processor.py:640} INFO - Processing file /home/airflow/.local/lib/python3.7/site-packages/airflow/example_dags/example_branch_day_of_week_operator.py for tasks to queue
[2025-06-20T13:06:48.530+0000] {logging_mixin.py:115} INFO - [2025-06-20T13:06:48.530+0000] {dagbag.py:508} INFO - Filling up the DagBag from /home/airflow/.local/lib/python3.7/site-packages/airflow/example_dags/example_branch_day_of_week_operator.py
[2025-06-20T13:06:48.534+0000] {processor.py:650} INFO - DAG(s) dict_keys(['example_weekday_branch_operator']) retrieved from /home/airflow/.local/lib/python3.7/site-packages/airflow/example_dags/example_branch_day_of_week_operator.py
[2025-06-20T13:06:48.544+0000] {logging_mixin.py:115} INFO - [2025-06-20T13:06:48.544+0000] {dag.py:2429} INFO - Sync 1 DAGs
[2025-06-20T13:06:48.554+0000] {logging_mixin.py:115} INFO - [2025-06-20T13:06:48.554+0000] {dag.py:2981} INFO - Setting next_dagrun for example_weekday_branch_operator to 2025-06-19T00:00:00+00:00, run_after=2025-06-20T00:00:00+00:00
[2025-06-20T13:06:48.559+0000] {processor.py:161} INFO - Processing /home/airflow/.local/lib/python3.7/site-packages/airflow/example_dags/example_branch_day_of_week_operator.py took 0.030 seconds
[2025-06-20T13:07:18.597+0000] {processor.py:153} INFO - Started process (PID=461) to work on /home/airflow/.local/lib/python3.7/site-packages/airflow/example_dags/example_branch_day_of_week_operator.py
[2025-06-20T13:07:18.597+0000] {processor.py:640} INFO - Processing file /home/airflow/.local/lib/python3.7/site-packages/airflow/example_dags/example_branch_day_of_week_operator.py for tasks to queue
[2025-06-20T13:07:18.598+0000] {logging_mixin.py:115} INFO - [2025-06-20T13:07:18.598+0000] {dagbag.py:508} INFO - Filling up the DagBag from /home/airflow/.local/lib/python3.7/site-packages/airflow/example_dags/example_branch_day_of_week_operator.py
[2025-06-20T13:07:18.601+0000] {processor.py:650} INFO - DAG(s) dict_keys(['example_weekday_branch_operator']) retrieved from /home/airflow/.local/lib/python3.7/site-packages/airflow/example_dags/example_branch_day_of_week_operator.py
[2025-06-20T13:07:18.611+0000] {logging_mixin.py:115} INFO - [2025-06-20T13:07:18.611+0000] {dag.py:2429} INFO - Sync 1 DAGs
[2025-06-20T13:07:18.619+0000] {logging_mixin.py:115} INFO - [2025-06-20T13:07:18.619+0000] {dag.py:2981} INFO - Setting next_dagrun for example_weekday_branch_operator to 2025-06-19T00:00:00+00:00, run_after=2025-06-20T00:00:00+00:00
[2025-06-20T13:07:18.623+0000] {processor.py:161} INFO - Processing /home/airflow/.local/lib/python3.7/site-packages/airflow/example_dags/example_branch_day_of_week_operator.py took 0.028 seconds
[2025-06-20T13:07:48.702+0000] {processor.py:153} INFO - Started process (PID=522) to work on /home/airflow/.local/lib/python3.7/site-packages/airflow/example_dags/example_branch_day_of_week_operator.py
[2025-06-20T13:07:48.702+0000] {processor.py:640} INFO - Processing file /home/airflow/.local/lib/python3.7/site-packages/airflow/example_dags/example_branch_day_of_week_operator.py for tasks to queue
[2025-06-20T13:07:48.704+0000] {logging_mixin.py:115} INFO - [2025-06-20T13:07:48.704+0000] {dagbag.py:508} INFO - Filling up the DagBag from /home/airflow/.local/lib/python3.7/site-packages/airflow/example_dags/example_branch_day_of_week_operator.py
[2025-06-20T13:07:48.708+0000] {processor.py:650} INFO - DAG(s) dict_keys(['example_weekday_branch_operator']) retrieved from /home/airflow/.local/lib/python3.7/site-packages/airflow/example_dags/example_branch_day_of_week_operator.py
[2025-06-20T13:07:48.721+0000] {logging_mixin.py:115} INFO - [2025-06-20T13:07:48.721+0000] {dag.py:2429} INFO - Sync 1 DAGs
[2025-06-20T13:07:48.731+0000] {logging_mixin.py:115} INFO - [2025-06-20T13:07:48.731+0000] {dag.py:2981} INFO - Setting next_dagrun for example_weekday_branch_operator to 2025-06-19T00:00:00+00:00, run_after=2025-06-20T00:00:00+00:00
[2025-06-20T13:07:48.737+0000] {processor.py:161} INFO - Processing /home/airflow/.local/lib/python3.7/site-packages/airflow/example_dags/example_branch_day_of_week_operator.py took 0.037 seconds
[2025-06-20T13:08:18.788+0000] {processor.py:153} INFO - Started process (PID=574) to work on /home/airflow/.local/lib/python3.7/site-packages/airflow/example_dags/example_branch_day_of_week_operator.py
[2025-06-20T13:08:18.788+0000] {processor.py:640} INFO - Processing file /home/airflow/.local/lib/python3.7/site-packages/airflow/example_dags/example_branch_day_of_week_operator.py for tasks to queue
[2025-06-20T13:08:18.789+0000] {logging_mixin.py:115} INFO - [2025-06-20T13:08:18.789+0000] {dagbag.py:508} INFO - Filling up the DagBag from /home/airflow/.local/lib/python3.7/site-packages/airflow/example_dags/example_branch_day_of_week_operator.py
[2025-06-20T13:08:18.794+0000] {processor.py:650} INFO - DAG(s) dict_keys(['example_weekday_branch_operator']) retrieved from /home/airflow/.local/lib/python3.7/site-packages/airflow/example_dags/example_branch_day_of_week_operator.py
[2025-06-20T13:08:18.808+0000] {logging_mixin.py:115} INFO - [2025-06-20T13:08:18.808+0000] {dag.py:2429} INFO - Sync 1 DAGs
[2025-06-20T13:08:18.818+0000] {logging_mixin.py:115} INFO - [2025-06-20T13:08:18.818+0000] {dag.py:2981} INFO - Setting next_dagrun for example_weekday_branch_operator to 2025-06-19T00:00:00+00:00, run_after=2025-06-20T00:00:00+00:00
[2025-06-20T13:08:18.825+0000] {processor.py:161} INFO - Processing /home/airflow/.local/lib/python3.7/site-packages/airflow/example_dags/example_branch_day_of_week_operator.py took 0.039 seconds
[2025-06-20T13:08:48.926+0000] {processor.py:153} INFO - Started process (PID=635) to work on /home/airflow/.local/lib/python3.7/site-packages/airflow/example_dags/example_branch_day_of_week_operator.py
[2025-06-20T13:08:48.927+0000] {processor.py:640} INFO - Processing file /home/airflow/.local/lib/python3.7/site-packages/airflow/example_dags/example_branch_day_of_week_operator.py for tasks to queue
[2025-06-20T13:08:48.927+0000] {logging_mixin.py:115} INFO - [2025-06-20T13:08:48.927+0000] {dagbag.py:508} INFO - Filling up the DagBag from /home/airflow/.local/lib/python3.7/site-packages/airflow/example_dags/example_branch_day_of_week_operator.py
[2025-06-20T13:08:48.931+0000] {processor.py:650} INFO - DAG(s) dict_keys(['example_weekday_branch_operator']) retrieved from /home/airflow/.local/lib/python3.7/site-packages/airflow/example_dags/example_branch_day_of_week_operator.py
[2025-06-20T13:08:48.941+0000] {logging_mixin.py:115} INFO - [2025-06-20T13:08:48.941+0000] {dag.py:2429} INFO - Sync 1 DAGs
[2025-06-20T13:08:48.950+0000] {logging_mixin.py:115} INFO - [2025-06-20T13:08:48.950+0000] {dag.py:2981} INFO - Setting next_dagrun for example_weekday_branch_operator to 2025-06-19T00:00:00+00:00, run_after=2025-06-20T00:00:00+00:00
[2025-06-20T13:08:48.955+0000] {processor.py:161} INFO - Processing /home/airflow/.local/lib/python3.7/site-packages/airflow/example_dags/example_branch_day_of_week_operator.py took 0.030 seconds
[2025-06-20T13:09:19.020+0000] {processor.py:153} INFO - Started process (PID=696) to work on /home/airflow/.local/lib/python3.7/site-packages/airflow/example_dags/example_branch_day_of_week_operator.py
[2025-06-20T13:09:19.021+0000] {processor.py:640} INFO - Processing file /home/airflow/.local/lib/python3.7/site-packages/airflow/example_dags/example_branch_day_of_week_operator.py for tasks to queue
[2025-06-20T13:09:19.024+0000] {logging_mixin.py:115} INFO - [2025-06-20T13:09:19.024+0000] {dagbag.py:508} INFO - Filling up the DagBag from /home/airflow/.local/lib/python3.7/site-packages/airflow/example_dags/example_branch_day_of_week_operator.py
[2025-06-20T13:09:19.027+0000] {processor.py:650} INFO - DAG(s) dict_keys(['example_weekday_branch_operator']) retrieved from /home/airflow/.local/lib/python3.7/site-packages/airflow/example_dags/example_branch_day_of_week_operator.py
[2025-06-20T13:09:19.037+0000] {logging_mixin.py:115} INFO - [2025-06-20T13:09:19.037+0000] {dag.py:2429} INFO - Sync 1 DAGs
[2025-06-20T13:09:19.046+0000] {logging_mixin.py:115} INFO - [2025-06-20T13:09:19.046+0000] {dag.py:2981} INFO - Setting next_dagrun for example_weekday_branch_operator to 2025-06-19T00:00:00+00:00, run_after=2025-06-20T00:00:00+00:00
[2025-06-20T13:09:19.051+0000] {processor.py:161} INFO - Processing /home/airflow/.local/lib/python3.7/site-packages/airflow/example_dags/example_branch_day_of_week_operator.py took 0.032 seconds
[2025-06-20T13:09:49.113+0000] {processor.py:153} INFO - Started process (PID=757) to work on /home/airflow/.local/lib/python3.7/site-packages/airflow/example_dags/example_branch_day_of_week_operator.py
[2025-06-20T13:09:49.114+0000] {processor.py:640} INFO - Processing file /home/airflow/.local/lib/python3.7/site-packages/airflow/example_dags/example_branch_day_of_week_operator.py for tasks to queue
[2025-06-20T13:09:49.114+0000] {logging_mixin.py:115} INFO - [2025-06-20T13:09:49.114+0000] {dagbag.py:508} INFO - Filling up the DagBag from /home/airflow/.local/lib/python3.7/site-packages/airflow/example_dags/example_branch_day_of_week_operator.py
[2025-06-20T13:09:49.117+0000] {processor.py:650} INFO - DAG(s) dict_keys(['example_weekday_branch_operator']) retrieved from /home/airflow/.local/lib/python3.7/site-packages/airflow/example_dags/example_branch_day_of_week_operator.py
[2025-06-20T13:09:49.127+0000] {logging_mixin.py:115} INFO - [2025-06-20T13:09:49.127+0000] {dag.py:2429} INFO - Sync 1 DAGs
[2025-06-20T13:09:49.136+0000] {logging_mixin.py:115} INFO - [2025-06-20T13:09:49.136+0000] {dag.py:2981} INFO - Setting next_dagrun for example_weekday_branch_operator to 2025-06-19T00:00:00+00:00, run_after=2025-06-20T00:00:00+00:00
[2025-06-20T13:09:49.141+0000] {processor.py:161} INFO - Processing /home/airflow/.local/lib/python3.7/site-packages/airflow/example_dags/example_branch_day_of_week_operator.py took 0.029 seconds
[2025-06-20T13:10:19.209+0000] {processor.py:153} INFO - Started process (PID=818) to work on /home/airflow/.local/lib/python3.7/site-packages/airflow/example_dags/example_branch_day_of_week_operator.py
[2025-06-20T13:10:19.209+0000] {processor.py:640} INFO - Processing file /home/airflow/.local/lib/python3.7/site-packages/airflow/example_dags/example_branch_day_of_week_operator.py for tasks to queue
[2025-06-20T13:10:19.210+0000] {logging_mixin.py:115} INFO - [2025-06-20T13:10:19.210+0000] {dagbag.py:508} INFO - Filling up the DagBag from /home/airflow/.local/lib/python3.7/site-packages/airflow/example_dags/example_branch_day_of_week_operator.py
[2025-06-20T13:10:19.217+0000] {processor.py:650} INFO - DAG(s) dict_keys(['example_weekday_branch_operator']) retrieved from /home/airflow/.local/lib/python3.7/site-packages/airflow/example_dags/example_branch_day_of_week_operator.py
[2025-06-20T13:10:19.230+0000] {logging_mixin.py:115} INFO - [2025-06-20T13:10:19.230+0000] {dag.py:2429} INFO - Sync 1 DAGs
[2025-06-20T13:10:19.239+0000] {logging_mixin.py:115} INFO - [2025-06-20T13:10:19.239+0000] {dag.py:2981} INFO - Setting next_dagrun for example_weekday_branch_operator to 2025-06-19T00:00:00+00:00, run_after=2025-06-20T00:00:00+00:00
[2025-06-20T13:10:19.246+0000] {processor.py:161} INFO - Processing /home/airflow/.local/lib/python3.7/site-packages/airflow/example_dags/example_branch_day_of_week_operator.py took 0.039 seconds
[2025-06-20T13:10:49.343+0000] {processor.py:153} INFO - Started process (PID=879) to work on /home/airflow/.local/lib/python3.7/site-packages/airflow/example_dags/example_branch_day_of_week_operator.py
[2025-06-20T13:10:49.344+0000] {processor.py:640} INFO - Processing file /home/airflow/.local/lib/python3.7/site-packages/airflow/example_dags/example_branch_day_of_week_operator.py for tasks to queue
[2025-06-20T13:10:49.344+0000] {logging_mixin.py:115} INFO - [2025-06-20T13:10:49.344+0000] {dagbag.py:508} INFO - Filling up the DagBag from /home/airflow/.local/lib/python3.7/site-packages/airflow/example_dags/example_branch_day_of_week_operator.py
[2025-06-20T13:10:49.349+0000] {processor.py:650} INFO - DAG(s) dict_keys(['example_weekday_branch_operator']) retrieved from /home/airflow/.local/lib/python3.7/site-packages/airflow/example_dags/example_branch_day_of_week_operator.py
[2025-06-20T13:10:49.359+0000] {logging_mixin.py:115} INFO - [2025-06-20T13:10:49.359+0000] {dag.py:2429} INFO - Sync 1 DAGs
[2025-06-20T13:10:49.369+0000] {logging_mixin.py:115} INFO - [2025-06-20T13:10:49.369+0000] {dag.py:2981} INFO - Setting next_dagrun for example_weekday_branch_operator to 2025-06-19T00:00:00+00:00, run_after=2025-06-20T00:00:00+00:00
[2025-06-20T13:10:49.374+0000] {processor.py:161} INFO - Processing /home/airflow/.local/lib/python3.7/site-packages/airflow/example_dags/example_branch_day_of_week_operator.py took 0.032 seconds
[2025-06-20T13:11:19.470+0000] {processor.py:153} INFO - Started process (PID=931) to work on /home/airflow/.local/lib/python3.7/site-packages/airflow/example_dags/example_branch_day_of_week_operator.py
[2025-06-20T13:11:19.471+0000] {processor.py:640} INFO - Processing file /home/airflow/.local/lib/python3.7/site-packages/airflow/example_dags/example_branch_day_of_week_operator.py for tasks to queue
[2025-06-20T13:11:19.471+0000] {logging_mixin.py:115} INFO - [2025-06-20T13:11:19.471+0000] {dagbag.py:508} INFO - Filling up the DagBag from /home/airflow/.local/lib/python3.7/site-packages/airflow/example_dags/example_branch_day_of_week_operator.py
[2025-06-20T13:11:19.474+0000] {processor.py:650} INFO - DAG(s) dict_keys(['example_weekday_branch_operator']) retrieved from /home/airflow/.local/lib/python3.7/site-packages/airflow/example_dags/example_branch_day_of_week_operator.py
[2025-06-20T13:11:19.484+0000] {logging_mixin.py:115} INFO - [2025-06-20T13:11:19.484+0000] {dag.py:2429} INFO - Sync 1 DAGs
[2025-06-20T13:11:19.492+0000] {logging_mixin.py:115} INFO - [2025-06-20T13:11:19.492+0000] {dag.py:2981} INFO - Setting next_dagrun for example_weekday_branch_operator to 2025-06-19T00:00:00+00:00, run_after=2025-06-20T00:00:00+00:00
[2025-06-20T13:11:19.496+0000] {processor.py:161} INFO - Processing /home/airflow/.local/lib/python3.7/site-packages/airflow/example_dags/example_branch_day_of_week_operator.py took 0.028 seconds
[2025-06-20T13:11:49.647+0000] {processor.py:153} INFO - Started process (PID=992) to work on /home/airflow/.local/lib/python3.7/site-packages/airflow/example_dags/example_branch_day_of_week_operator.py
[2025-06-20T13:11:49.647+0000] {processor.py:640} INFO - Processing file /home/airflow/.local/lib/python3.7/site-packages/airflow/example_dags/example_branch_day_of_week_operator.py for tasks to queue
[2025-06-20T13:11:49.647+0000] {logging_mixin.py:115} INFO - [2025-06-20T13:11:49.647+0000] {dagbag.py:508} INFO - Filling up the DagBag from /home/airflow/.local/lib/python3.7/site-packages/airflow/example_dags/example_branch_day_of_week_operator.py
[2025-06-20T13:11:49.651+0000] {processor.py:650} INFO - DAG(s) dict_keys(['example_weekday_branch_operator']) retrieved from /home/airflow/.local/lib/python3.7/site-packages/airflow/example_dags/example_branch_day_of_week_operator.py
[2025-06-20T13:11:49.661+0000] {logging_mixin.py:115} INFO - [2025-06-20T13:11:49.661+0000] {dag.py:2429} INFO - Sync 1 DAGs
[2025-06-20T13:11:49.672+0000] {logging_mixin.py:115} INFO - [2025-06-20T13:11:49.672+0000] {dag.py:2981} INFO - Setting next_dagrun for example_weekday_branch_operator to 2025-06-19T00:00:00+00:00, run_after=2025-06-20T00:00:00+00:00
[2025-06-20T13:11:49.676+0000] {processor.py:161} INFO - Processing /home/airflow/.local/lib/python3.7/site-packages/airflow/example_dags/example_branch_day_of_week_operator.py took 0.031 seconds
[2025-06-20T13:12:19.820+0000] {processor.py:153} INFO - Started process (PID=1053) to work on /home/airflow/.local/lib/python3.7/site-packages/airflow/example_dags/example_branch_day_of_week_operator.py
[2025-06-20T13:12:19.821+0000] {processor.py:640} INFO - Processing file /home/airflow/.local/lib/python3.7/site-packages/airflow/example_dags/example_branch_day_of_week_operator.py for tasks to queue
[2025-06-20T13:12:19.821+0000] {logging_mixin.py:115} INFO - [2025-06-20T13:12:19.821+0000] {dagbag.py:508} INFO - Filling up the DagBag from /home/airflow/.local/lib/python3.7/site-packages/airflow/example_dags/example_branch_day_of_week_operator.py
[2025-06-20T13:12:19.824+0000] {processor.py:650} INFO - DAG(s) dict_keys(['example_weekday_branch_operator']) retrieved from /home/airflow/.local/lib/python3.7/site-packages/airflow/example_dags/example_branch_day_of_week_operator.py
[2025-06-20T13:12:19.835+0000] {logging_mixin.py:115} INFO - [2025-06-20T13:12:19.835+0000] {dag.py:2429} INFO - Sync 1 DAGs
[2025-06-20T13:12:19.845+0000] {logging_mixin.py:115} INFO - [2025-06-20T13:12:19.845+0000] {dag.py:2981} INFO - Setting next_dagrun for example_weekday_branch_operator to 2025-06-19T00:00:00+00:00, run_after=2025-06-20T00:00:00+00:00
[2025-06-20T13:12:19.849+0000] {processor.py:161} INFO - Processing /home/airflow/.local/lib/python3.7/site-packages/airflow/example_dags/example_branch_day_of_week_operator.py took 0.031 seconds
[2025-06-20T13:12:49.942+0000] {processor.py:153} INFO - Started process (PID=1114) to work on /home/airflow/.local/lib/python3.7/site-packages/airflow/example_dags/example_branch_day_of_week_operator.py
[2025-06-20T13:12:49.944+0000] {processor.py:640} INFO - Processing file /home/airflow/.local/lib/python3.7/site-packages/airflow/example_dags/example_branch_day_of_week_operator.py for tasks to queue
[2025-06-20T13:12:49.945+0000] {logging_mixin.py:115} INFO - [2025-06-20T13:12:49.945+0000] {dagbag.py:508} INFO - Filling up the DagBag from /home/airflow/.local/lib/python3.7/site-packages/airflow/example_dags/example_branch_day_of_week_operator.py
[2025-06-20T13:12:49.948+0000] {processor.py:650} INFO - DAG(s) dict_keys(['example_weekday_branch_operator']) retrieved from /home/airflow/.local/lib/python3.7/site-packages/airflow/example_dags/example_branch_day_of_week_operator.py
[2025-06-20T13:12:49.961+0000] {logging_mixin.py:115} INFO - [2025-06-20T13:12:49.961+0000] {dag.py:2429} INFO - Sync 1 DAGs
[2025-06-20T13:12:49.972+0000] {logging_mixin.py:115} INFO - [2025-06-20T13:12:49.972+0000] {dag.py:2981} INFO - Setting next_dagrun for example_weekday_branch_operator to 2025-06-19T00:00:00+00:00, run_after=2025-06-20T00:00:00+00:00
[2025-06-20T13:12:49.977+0000] {processor.py:161} INFO - Processing /home/airflow/.local/lib/python3.7/site-packages/airflow/example_dags/example_branch_day_of_week_operator.py took 0.036 seconds
[2025-06-20T13:13:20.058+0000] {processor.py:153} INFO - Started process (PID=1175) to work on /home/airflow/.local/lib/python3.7/site-packages/airflow/example_dags/example_branch_day_of_week_operator.py
[2025-06-20T13:13:20.058+0000] {processor.py:640} INFO - Processing file /home/airflow/.local/lib/python3.7/site-packages/airflow/example_dags/example_branch_day_of_week_operator.py for tasks to queue
[2025-06-20T13:13:20.058+0000] {logging_mixin.py:115} INFO - [2025-06-20T13:13:20.058+0000] {dagbag.py:508} INFO - Filling up the DagBag from /home/airflow/.local/lib/python3.7/site-packages/airflow/example_dags/example_branch_day_of_week_operator.py
[2025-06-20T13:13:20.062+0000] {processor.py:650} INFO - DAG(s) dict_keys(['example_weekday_branch_operator']) retrieved from /home/airflow/.local/lib/python3.7/site-packages/airflow/example_dags/example_branch_day_of_week_operator.py
[2025-06-20T13:13:20.073+0000] {logging_mixin.py:115} INFO - [2025-06-20T13:13:20.073+0000] {dag.py:2429} INFO - Sync 1 DAGs
[2025-06-20T13:13:20.083+0000] {logging_mixin.py:115} INFO - [2025-06-20T13:13:20.082+0000] {dag.py:2981} INFO - Setting next_dagrun for example_weekday_branch_operator to 2025-06-19T00:00:00+00:00, run_after=2025-06-20T00:00:00+00:00
[2025-06-20T13:13:20.087+0000] {processor.py:161} INFO - Processing /home/airflow/.local/lib/python3.7/site-packages/airflow/example_dags/example_branch_day_of_week_operator.py took 0.031 seconds
[2025-06-20T13:13:50.213+0000] {processor.py:153} INFO - Started process (PID=1227) to work on /home/airflow/.local/lib/python3.7/site-packages/airflow/example_dags/example_branch_day_of_week_operator.py
[2025-06-20T13:13:50.215+0000] {processor.py:640} INFO - Processing file /home/airflow/.local/lib/python3.7/site-packages/airflow/example_dags/example_branch_day_of_week_operator.py for tasks to queue
[2025-06-20T13:13:50.215+0000] {logging_mixin.py:115} INFO - [2025-06-20T13:13:50.215+0000] {dagbag.py:508} INFO - Filling up the DagBag from /home/airflow/.local/lib/python3.7/site-packages/airflow/example_dags/example_branch_day_of_week_operator.py
[2025-06-20T13:13:50.220+0000] {processor.py:650} INFO - DAG(s) dict_keys(['example_weekday_branch_operator']) retrieved from /home/airflow/.local/lib/python3.7/site-packages/airflow/example_dags/example_branch_day_of_week_operator.py
[2025-06-20T13:13:50.234+0000] {logging_mixin.py:115} INFO - [2025-06-20T13:13:50.234+0000] {dag.py:2429} INFO - Sync 1 DAGs
[2025-06-20T13:13:50.246+0000] {logging_mixin.py:115} INFO - [2025-06-20T13:13:50.246+0000] {dag.py:2981} INFO - Setting next_dagrun for example_weekday_branch_operator to 2025-06-19T00:00:00+00:00, run_after=2025-06-20T00:00:00+00:00
[2025-06-20T13:13:50.251+0000] {processor.py:161} INFO - Processing /home/airflow/.local/lib/python3.7/site-packages/airflow/example_dags/example_branch_day_of_week_operator.py took 0.040 seconds
[2025-06-20T13:14:20.493+0000] {processor.py:153} INFO - Started process (PID=1288) to work on /home/airflow/.local/lib/python3.7/site-packages/airflow/example_dags/example_branch_day_of_week_operator.py
[2025-06-20T13:14:20.494+0000] {processor.py:640} INFO - Processing file /home/airflow/.local/lib/python3.7/site-packages/airflow/example_dags/example_branch_day_of_week_operator.py for tasks to queue
[2025-06-20T13:14:20.494+0000] {logging_mixin.py:115} INFO - [2025-06-20T13:14:20.494+0000] {dagbag.py:508} INFO - Filling up the DagBag from /home/airflow/.local/lib/python3.7/site-packages/airflow/example_dags/example_branch_day_of_week_operator.py
[2025-06-20T13:14:20.499+0000] {processor.py:650} INFO - DAG(s) dict_keys(['example_weekday_branch_operator']) retrieved from /home/airflow/.local/lib/python3.7/site-packages/airflow/example_dags/example_branch_day_of_week_operator.py
[2025-06-20T13:14:20.512+0000] {logging_mixin.py:115} INFO - [2025-06-20T13:14:20.512+0000] {dag.py:2429} INFO - Sync 1 DAGs
[2025-06-20T13:14:20.524+0000] {logging_mixin.py:115} INFO - [2025-06-20T13:14:20.524+0000] {dag.py:2981} INFO - Setting next_dagrun for example_weekday_branch_operator to 2025-06-19T00:00:00+00:00, run_after=2025-06-20T00:00:00+00:00
[2025-06-20T13:14:20.530+0000] {processor.py:161} INFO - Processing /home/airflow/.local/lib/python3.7/site-packages/airflow/example_dags/example_branch_day_of_week_operator.py took 0.039 seconds
[2025-06-20T13:14:50.591+0000] {processor.py:153} INFO - Started process (PID=1349) to work on /home/airflow/.local/lib/python3.7/site-packages/airflow/example_dags/example_branch_day_of_week_operator.py
[2025-06-20T13:14:50.591+0000] {processor.py:640} INFO - Processing file /home/airflow/.local/lib/python3.7/site-packages/airflow/example_dags/example_branch_day_of_week_operator.py for tasks to queue
[2025-06-20T13:14:50.591+0000] {logging_mixin.py:115} INFO - [2025-06-20T13:14:50.591+0000] {dagbag.py:508} INFO - Filling up the DagBag from /home/airflow/.local/lib/python3.7/site-packages/airflow/example_dags/example_branch_day_of_week_operator.py
[2025-06-20T13:14:50.595+0000] {processor.py:650} INFO - DAG(s) dict_keys(['example_weekday_branch_operator']) retrieved from /home/airflow/.local/lib/python3.7/site-packages/airflow/example_dags/example_branch_day_of_week_operator.py
[2025-06-20T13:14:50.604+0000] {logging_mixin.py:115} INFO - [2025-06-20T13:14:50.604+0000] {dag.py:2429} INFO - Sync 1 DAGs
[2025-06-20T13:14:50.613+0000] {logging_mixin.py:115} INFO - [2025-06-20T13:14:50.613+0000] {dag.py:2981} INFO - Setting next_dagrun for example_weekday_branch_operator to 2025-06-19T00:00:00+00:00, run_after=2025-06-20T00:00:00+00:00
[2025-06-20T13:14:50.617+0000] {processor.py:161} INFO - Processing /home/airflow/.local/lib/python3.7/site-packages/airflow/example_dags/example_branch_day_of_week_operator.py took 0.027 seconds
[2025-06-20T13:15:20.693+0000] {processor.py:153} INFO - Started process (PID=1410) to work on /home/airflow/.local/lib/python3.7/site-packages/airflow/example_dags/example_branch_day_of_week_operator.py
[2025-06-20T13:15:20.694+0000] {processor.py:640} INFO - Processing file /home/airflow/.local/lib/python3.7/site-packages/airflow/example_dags/example_branch_day_of_week_operator.py for tasks to queue
[2025-06-20T13:15:20.694+0000] {logging_mixin.py:115} INFO - [2025-06-20T13:15:20.694+0000] {dagbag.py:508} INFO - Filling up the DagBag from /home/airflow/.local/lib/python3.7/site-packages/airflow/example_dags/example_branch_day_of_week_operator.py
[2025-06-20T13:15:20.697+0000] {processor.py:650} INFO - DAG(s) dict_keys(['example_weekday_branch_operator']) retrieved from /home/airflow/.local/lib/python3.7/site-packages/airflow/example_dags/example_branch_day_of_week_operator.py
[2025-06-20T13:15:20.707+0000] {logging_mixin.py:115} INFO - [2025-06-20T13:15:20.707+0000] {dag.py:2429} INFO - Sync 1 DAGs
[2025-06-20T13:15:20.715+0000] {logging_mixin.py:115} INFO - [2025-06-20T13:15:20.715+0000] {dag.py:2981} INFO - Setting next_dagrun for example_weekday_branch_operator to 2025-06-19T00:00:00+00:00, run_after=2025-06-20T00:00:00+00:00
[2025-06-20T13:15:20.720+0000] {processor.py:161} INFO - Processing /home/airflow/.local/lib/python3.7/site-packages/airflow/example_dags/example_branch_day_of_week_operator.py took 0.028 seconds
[2025-06-20T13:15:50.809+0000] {processor.py:153} INFO - Started process (PID=1471) to work on /home/airflow/.local/lib/python3.7/site-packages/airflow/example_dags/example_branch_day_of_week_operator.py
[2025-06-20T13:15:50.810+0000] {processor.py:640} INFO - Processing file /home/airflow/.local/lib/python3.7/site-packages/airflow/example_dags/example_branch_day_of_week_operator.py for tasks to queue
[2025-06-20T13:15:50.810+0000] {logging_mixin.py:115} INFO - [2025-06-20T13:15:50.810+0000] {dagbag.py:508} INFO - Filling up the DagBag from /home/airflow/.local/lib/python3.7/site-packages/airflow/example_dags/example_branch_day_of_week_operator.py
[2025-06-20T13:15:50.814+0000] {processor.py:650} INFO - DAG(s) dict_keys(['example_weekday_branch_operator']) retrieved from /home/airflow/.local/lib/python3.7/site-packages/airflow/example_dags/example_branch_day_of_week_operator.py
[2025-06-20T13:15:50.825+0000] {logging_mixin.py:115} INFO - [2025-06-20T13:15:50.825+0000] {dag.py:2429} INFO - Sync 1 DAGs
[2025-06-20T13:15:50.838+0000] {logging_mixin.py:115} INFO - [2025-06-20T13:15:50.838+0000] {dag.py:2981} INFO - Setting next_dagrun for example_weekday_branch_operator to 2025-06-19T00:00:00+00:00, run_after=2025-06-20T00:00:00+00:00
[2025-06-20T13:15:50.843+0000] {processor.py:161} INFO - Processing /home/airflow/.local/lib/python3.7/site-packages/airflow/example_dags/example_branch_day_of_week_operator.py took 0.036 seconds
[2025-06-20T13:16:20.969+0000] {processor.py:153} INFO - Started process (PID=1532) to work on /home/airflow/.local/lib/python3.7/site-packages/airflow/example_dags/example_branch_day_of_week_operator.py
[2025-06-20T13:16:20.970+0000] {processor.py:640} INFO - Processing file /home/airflow/.local/lib/python3.7/site-packages/airflow/example_dags/example_branch_day_of_week_operator.py for tasks to queue
[2025-06-20T13:16:20.971+0000] {logging_mixin.py:115} INFO - [2025-06-20T13:16:20.971+0000] {dagbag.py:508} INFO - Filling up the DagBag from /home/airflow/.local/lib/python3.7/site-packages/airflow/example_dags/example_branch_day_of_week_operator.py
[2025-06-20T13:16:20.976+0000] {processor.py:650} INFO - DAG(s) dict_keys(['example_weekday_branch_operator']) retrieved from /home/airflow/.local/lib/python3.7/site-packages/airflow/example_dags/example_branch_day_of_week_operator.py
[2025-06-20T13:16:20.992+0000] {logging_mixin.py:115} INFO - [2025-06-20T13:16:20.992+0000] {dag.py:2429} INFO - Sync 1 DAGs
[2025-06-20T13:16:21.012+0000] {logging_mixin.py:115} INFO - [2025-06-20T13:16:21.012+0000] {dag.py:2981} INFO - Setting next_dagrun for example_weekday_branch_operator to 2025-06-19T00:00:00+00:00, run_after=2025-06-20T00:00:00+00:00
[2025-06-20T13:16:21.025+0000] {processor.py:161} INFO - Processing /home/airflow/.local/lib/python3.7/site-packages/airflow/example_dags/example_branch_day_of_week_operator.py took 0.058 seconds
[2025-06-20T13:16:51.239+0000] {processor.py:153} INFO - Started process (PID=1584) to work on /home/airflow/.local/lib/python3.7/site-packages/airflow/example_dags/example_branch_day_of_week_operator.py
[2025-06-20T13:16:51.240+0000] {processor.py:640} INFO - Processing file /home/airflow/.local/lib/python3.7/site-packages/airflow/example_dags/example_branch_day_of_week_operator.py for tasks to queue
[2025-06-20T13:16:51.240+0000] {logging_mixin.py:115} INFO - [2025-06-20T13:16:51.240+0000] {dagbag.py:508} INFO - Filling up the DagBag from /home/airflow/.local/lib/python3.7/site-packages/airflow/example_dags/example_branch_day_of_week_operator.py
[2025-06-20T13:16:51.245+0000] {processor.py:650} INFO - DAG(s) dict_keys(['example_weekday_branch_operator']) retrieved from /home/airflow/.local/lib/python3.7/site-packages/airflow/example_dags/example_branch_day_of_week_operator.py
[2025-06-20T13:16:51.259+0000] {logging_mixin.py:115} INFO - [2025-06-20T13:16:51.259+0000] {dag.py:2429} INFO - Sync 1 DAGs
[2025-06-20T13:16:51.272+0000] {logging_mixin.py:115} INFO - [2025-06-20T13:16:51.272+0000] {dag.py:2981} INFO - Setting next_dagrun for example_weekday_branch_operator to 2025-06-19T00:00:00+00:00, run_after=2025-06-20T00:00:00+00:00
[2025-06-20T13:16:51.279+0000] {processor.py:161} INFO - Processing /home/airflow/.local/lib/python3.7/site-packages/airflow/example_dags/example_branch_day_of_week_operator.py took 0.041 seconds
[2025-06-20T13:17:21.375+0000] {processor.py:153} INFO - Started process (PID=1645) to work on /home/airflow/.local/lib/python3.7/site-packages/airflow/example_dags/example_branch_day_of_week_operator.py
[2025-06-20T13:17:21.377+0000] {processor.py:640} INFO - Processing file /home/airflow/.local/lib/python3.7/site-packages/airflow/example_dags/example_branch_day_of_week_operator.py for tasks to queue
[2025-06-20T13:17:21.378+0000] {logging_mixin.py:115} INFO - [2025-06-20T13:17:21.378+0000] {dagbag.py:508} INFO - Filling up the DagBag from /home/airflow/.local/lib/python3.7/site-packages/airflow/example_dags/example_branch_day_of_week_operator.py
[2025-06-20T13:17:21.382+0000] {processor.py:650} INFO - DAG(s) dict_keys(['example_weekday_branch_operator']) retrieved from /home/airflow/.local/lib/python3.7/site-packages/airflow/example_dags/example_branch_day_of_week_operator.py
[2025-06-20T13:17:21.394+0000] {logging_mixin.py:115} INFO - [2025-06-20T13:17:21.394+0000] {dag.py:2429} INFO - Sync 1 DAGs
[2025-06-20T13:17:21.404+0000] {logging_mixin.py:115} INFO - [2025-06-20T13:17:21.404+0000] {dag.py:2981} INFO - Setting next_dagrun for example_weekday_branch_operator to 2025-06-19T00:00:00+00:00, run_after=2025-06-20T00:00:00+00:00
[2025-06-20T13:17:21.409+0000] {processor.py:161} INFO - Processing /home/airflow/.local/lib/python3.7/site-packages/airflow/example_dags/example_branch_day_of_week_operator.py took 0.035 seconds
[2025-06-20T13:17:51.513+0000] {processor.py:153} INFO - Started process (PID=1706) to work on /home/airflow/.local/lib/python3.7/site-packages/airflow/example_dags/example_branch_day_of_week_operator.py
[2025-06-20T13:17:51.514+0000] {processor.py:640} INFO - Processing file /home/airflow/.local/lib/python3.7/site-packages/airflow/example_dags/example_branch_day_of_week_operator.py for tasks to queue
[2025-06-20T13:17:51.514+0000] {logging_mixin.py:115} INFO - [2025-06-20T13:17:51.514+0000] {dagbag.py:508} INFO - Filling up the DagBag from /home/airflow/.local/lib/python3.7/site-packages/airflow/example_dags/example_branch_day_of_week_operator.py
[2025-06-20T13:17:51.518+0000] {processor.py:650} INFO - DAG(s) dict_keys(['example_weekday_branch_operator']) retrieved from /home/airflow/.local/lib/python3.7/site-packages/airflow/example_dags/example_branch_day_of_week_operator.py
[2025-06-20T13:17:51.528+0000] {logging_mixin.py:115} INFO - [2025-06-20T13:17:51.528+0000] {dag.py:2429} INFO - Sync 1 DAGs
[2025-06-20T13:17:51.538+0000] {logging_mixin.py:115} INFO - [2025-06-20T13:17:51.538+0000] {dag.py:2981} INFO - Setting next_dagrun for example_weekday_branch_operator to 2025-06-19T00:00:00+00:00, run_after=2025-06-20T00:00:00+00:00
[2025-06-20T13:17:51.543+0000] {processor.py:161} INFO - Processing /home/airflow/.local/lib/python3.7/site-packages/airflow/example_dags/example_branch_day_of_week_operator.py took 0.031 seconds
[2025-06-20T13:18:21.593+0000] {processor.py:153} INFO - Started process (PID=1767) to work on /home/airflow/.local/lib/python3.7/site-packages/airflow/example_dags/example_branch_day_of_week_operator.py
[2025-06-20T13:18:21.593+0000] {processor.py:640} INFO - Processing file /home/airflow/.local/lib/python3.7/site-packages/airflow/example_dags/example_branch_day_of_week_operator.py for tasks to queue
[2025-06-20T13:18:21.595+0000] {logging_mixin.py:115} INFO - [2025-06-20T13:18:21.595+0000] {dagbag.py:508} INFO - Filling up the DagBag from /home/airflow/.local/lib/python3.7/site-packages/airflow/example_dags/example_branch_day_of_week_operator.py
[2025-06-20T13:18:21.599+0000] {processor.py:650} INFO - DAG(s) dict_keys(['example_weekday_branch_operator']) retrieved from /home/airflow/.local/lib/python3.7/site-packages/airflow/example_dags/example_branch_day_of_week_operator.py
[2025-06-20T13:18:21.608+0000] {logging_mixin.py:115} INFO - [2025-06-20T13:18:21.608+0000] {dag.py:2429} INFO - Sync 1 DAGs
[2025-06-20T13:18:21.618+0000] {logging_mixin.py:115} INFO - [2025-06-20T13:18:21.618+0000] {dag.py:2981} INFO - Setting next_dagrun for example_weekday_branch_operator to 2025-06-19T00:00:00+00:00, run_after=2025-06-20T00:00:00+00:00
[2025-06-20T13:18:21.623+0000] {processor.py:161} INFO - Processing /home/airflow/.local/lib/python3.7/site-packages/airflow/example_dags/example_branch_day_of_week_operator.py took 0.031 seconds
[2025-06-20T13:18:51.844+0000] {processor.py:153} INFO - Started process (PID=1828) to work on /home/airflow/.local/lib/python3.7/site-packages/airflow/example_dags/example_branch_day_of_week_operator.py
[2025-06-20T13:18:51.844+0000] {processor.py:640} INFO - Processing file /home/airflow/.local/lib/python3.7/site-packages/airflow/example_dags/example_branch_day_of_week_operator.py for tasks to queue
[2025-06-20T13:18:51.845+0000] {logging_mixin.py:115} INFO - [2025-06-20T13:18:51.845+0000] {dagbag.py:508} INFO - Filling up the DagBag from /home/airflow/.local/lib/python3.7/site-packages/airflow/example_dags/example_branch_day_of_week_operator.py
[2025-06-20T13:18:51.848+0000] {processor.py:650} INFO - DAG(s) dict_keys(['example_weekday_branch_operator']) retrieved from /home/airflow/.local/lib/python3.7/site-packages/airflow/example_dags/example_branch_day_of_week_operator.py
[2025-06-20T13:18:51.860+0000] {logging_mixin.py:115} INFO - [2025-06-20T13:18:51.860+0000] {dag.py:2429} INFO - Sync 1 DAGs
[2025-06-20T13:18:51.870+0000] {logging_mixin.py:115} INFO - [2025-06-20T13:18:51.870+0000] {dag.py:2981} INFO - Setting next_dagrun for example_weekday_branch_operator to 2025-06-19T00:00:00+00:00, run_after=2025-06-20T00:00:00+00:00
[2025-06-20T13:18:51.875+0000] {processor.py:161} INFO - Processing /home/airflow/.local/lib/python3.7/site-packages/airflow/example_dags/example_branch_day_of_week_operator.py took 0.032 seconds
[2025-06-20T13:19:21.967+0000] {processor.py:153} INFO - Started process (PID=1889) to work on /home/airflow/.local/lib/python3.7/site-packages/airflow/example_dags/example_branch_day_of_week_operator.py
[2025-06-20T13:19:21.969+0000] {processor.py:640} INFO - Processing file /home/airflow/.local/lib/python3.7/site-packages/airflow/example_dags/example_branch_day_of_week_operator.py for tasks to queue
[2025-06-20T13:19:21.969+0000] {logging_mixin.py:115} INFO - [2025-06-20T13:19:21.969+0000] {dagbag.py:508} INFO - Filling up the DagBag from /home/airflow/.local/lib/python3.7/site-packages/airflow/example_dags/example_branch_day_of_week_operator.py
[2025-06-20T13:19:21.973+0000] {processor.py:650} INFO - DAG(s) dict_keys(['example_weekday_branch_operator']) retrieved from /home/airflow/.local/lib/python3.7/site-packages/airflow/example_dags/example_branch_day_of_week_operator.py
[2025-06-20T13:19:21.985+0000] {logging_mixin.py:115} INFO - [2025-06-20T13:19:21.985+0000] {dag.py:2429} INFO - Sync 1 DAGs
[2025-06-20T13:19:22.000+0000] {logging_mixin.py:115} INFO - [2025-06-20T13:19:22.000+0000] {dag.py:2981} INFO - Setting next_dagrun for example_weekday_branch_operator to 2025-06-19T00:00:00+00:00, run_after=2025-06-20T00:00:00+00:00
[2025-06-20T13:19:22.006+0000] {processor.py:161} INFO - Processing /home/airflow/.local/lib/python3.7/site-packages/airflow/example_dags/example_branch_day_of_week_operator.py took 0.040 seconds
[2025-06-20T13:19:52.122+0000] {processor.py:153} INFO - Started process (PID=1941) to work on /home/airflow/.local/lib/python3.7/site-packages/airflow/example_dags/example_branch_day_of_week_operator.py
[2025-06-20T13:19:52.123+0000] {processor.py:640} INFO - Processing file /home/airflow/.local/lib/python3.7/site-packages/airflow/example_dags/example_branch_day_of_week_operator.py for tasks to queue
[2025-06-20T13:19:52.123+0000] {logging_mixin.py:115} INFO - [2025-06-20T13:19:52.123+0000] {dagbag.py:508} INFO - Filling up the DagBag from /home/airflow/.local/lib/python3.7/site-packages/airflow/example_dags/example_branch_day_of_week_operator.py
[2025-06-20T13:19:52.126+0000] {processor.py:650} INFO - DAG(s) dict_keys(['example_weekday_branch_operator']) retrieved from /home/airflow/.local/lib/python3.7/site-packages/airflow/example_dags/example_branch_day_of_week_operator.py
[2025-06-20T13:19:52.136+0000] {logging_mixin.py:115} INFO - [2025-06-20T13:19:52.136+0000] {dag.py:2429} INFO - Sync 1 DAGs
[2025-06-20T13:19:52.146+0000] {logging_mixin.py:115} INFO - [2025-06-20T13:19:52.146+0000] {dag.py:2981} INFO - Setting next_dagrun for example_weekday_branch_operator to 2025-06-19T00:00:00+00:00, run_after=2025-06-20T00:00:00+00:00
[2025-06-20T13:19:52.150+0000] {processor.py:161} INFO - Processing /home/airflow/.local/lib/python3.7/site-packages/airflow/example_dags/example_branch_day_of_week_operator.py took 0.030 seconds
[2025-06-20T13:20:22.168+0000] {processor.py:153} INFO - Started process (PID=2002) to work on /home/airflow/.local/lib/python3.7/site-packages/airflow/example_dags/example_branch_day_of_week_operator.py
[2025-06-20T13:20:22.168+0000] {processor.py:640} INFO - Processing file /home/airflow/.local/lib/python3.7/site-packages/airflow/example_dags/example_branch_day_of_week_operator.py for tasks to queue
[2025-06-20T13:20:22.170+0000] {logging_mixin.py:115} INFO - [2025-06-20T13:20:22.170+0000] {dagbag.py:508} INFO - Filling up the DagBag from /home/airflow/.local/lib/python3.7/site-packages/airflow/example_dags/example_branch_day_of_week_operator.py
[2025-06-20T13:20:22.173+0000] {processor.py:650} INFO - DAG(s) dict_keys(['example_weekday_branch_operator']) retrieved from /home/airflow/.local/lib/python3.7/site-packages/airflow/example_dags/example_branch_day_of_week_operator.py
[2025-06-20T13:20:22.183+0000] {logging_mixin.py:115} INFO - [2025-06-20T13:20:22.183+0000] {dag.py:2429} INFO - Sync 1 DAGs
[2025-06-20T13:20:22.194+0000] {logging_mixin.py:115} INFO - [2025-06-20T13:20:22.194+0000] {dag.py:2981} INFO - Setting next_dagrun for example_weekday_branch_operator to 2025-06-19T00:00:00+00:00, run_after=2025-06-20T00:00:00+00:00
[2025-06-20T13:20:22.200+0000] {processor.py:161} INFO - Processing /home/airflow/.local/lib/python3.7/site-packages/airflow/example_dags/example_branch_day_of_week_operator.py took 0.033 seconds
[2025-06-20T13:20:52.352+0000] {processor.py:153} INFO - Started process (PID=2063) to work on /home/airflow/.local/lib/python3.7/site-packages/airflow/example_dags/example_branch_day_of_week_operator.py
[2025-06-20T13:20:52.355+0000] {processor.py:640} INFO - Processing file /home/airflow/.local/lib/python3.7/site-packages/airflow/example_dags/example_branch_day_of_week_operator.py for tasks to queue
[2025-06-20T13:20:52.356+0000] {logging_mixin.py:115} INFO - [2025-06-20T13:20:52.356+0000] {dagbag.py:508} INFO - Filling up the DagBag from /home/airflow/.local/lib/python3.7/site-packages/airflow/example_dags/example_branch_day_of_week_operator.py
[2025-06-20T13:20:52.359+0000] {processor.py:650} INFO - DAG(s) dict_keys(['example_weekday_branch_operator']) retrieved from /home/airflow/.local/lib/python3.7/site-packages/airflow/example_dags/example_branch_day_of_week_operator.py
[2025-06-20T13:20:52.370+0000] {logging_mixin.py:115} INFO - [2025-06-20T13:20:52.370+0000] {dag.py:2429} INFO - Sync 1 DAGs
[2025-06-20T13:20:52.381+0000] {logging_mixin.py:115} INFO - [2025-06-20T13:20:52.381+0000] {dag.py:2981} INFO - Setting next_dagrun for example_weekday_branch_operator to 2025-06-19T00:00:00+00:00, run_after=2025-06-20T00:00:00+00:00
[2025-06-20T13:20:52.386+0000] {processor.py:161} INFO - Processing /home/airflow/.local/lib/python3.7/site-packages/airflow/example_dags/example_branch_day_of_week_operator.py took 0.035 seconds
[2025-06-20T13:21:22.502+0000] {processor.py:153} INFO - Started process (PID=2124) to work on /home/airflow/.local/lib/python3.7/site-packages/airflow/example_dags/example_branch_day_of_week_operator.py
[2025-06-20T13:21:22.502+0000] {processor.py:640} INFO - Processing file /home/airflow/.local/lib/python3.7/site-packages/airflow/example_dags/example_branch_day_of_week_operator.py for tasks to queue
[2025-06-20T13:21:22.503+0000] {logging_mixin.py:115} INFO - [2025-06-20T13:21:22.503+0000] {dagbag.py:508} INFO - Filling up the DagBag from /home/airflow/.local/lib/python3.7/site-packages/airflow/example_dags/example_branch_day_of_week_operator.py
[2025-06-20T13:21:22.507+0000] {processor.py:650} INFO - DAG(s) dict_keys(['example_weekday_branch_operator']) retrieved from /home/airflow/.local/lib/python3.7/site-packages/airflow/example_dags/example_branch_day_of_week_operator.py
[2025-06-20T13:21:22.519+0000] {logging_mixin.py:115} INFO - [2025-06-20T13:21:22.519+0000] {dag.py:2429} INFO - Sync 1 DAGs
[2025-06-20T13:21:22.530+0000] {logging_mixin.py:115} INFO - [2025-06-20T13:21:22.530+0000] {dag.py:2981} INFO - Setting next_dagrun for example_weekday_branch_operator to 2025-06-19T00:00:00+00:00, run_after=2025-06-20T00:00:00+00:00
[2025-06-20T13:21:22.537+0000] {processor.py:161} INFO - Processing /home/airflow/.local/lib/python3.7/site-packages/airflow/example_dags/example_branch_day_of_week_operator.py took 0.037 seconds
[2025-06-20T13:21:52.632+0000] {processor.py:153} INFO - Started process (PID=2185) to work on /home/airflow/.local/lib/python3.7/site-packages/airflow/example_dags/example_branch_day_of_week_operator.py
[2025-06-20T13:21:52.633+0000] {processor.py:640} INFO - Processing file /home/airflow/.local/lib/python3.7/site-packages/airflow/example_dags/example_branch_day_of_week_operator.py for tasks to queue
[2025-06-20T13:21:52.634+0000] {logging_mixin.py:115} INFO - [2025-06-20T13:21:52.634+0000] {dagbag.py:508} INFO - Filling up the DagBag from /home/airflow/.local/lib/python3.7/site-packages/airflow/example_dags/example_branch_day_of_week_operator.py
[2025-06-20T13:21:52.637+0000] {processor.py:650} INFO - DAG(s) dict_keys(['example_weekday_branch_operator']) retrieved from /home/airflow/.local/lib/python3.7/site-packages/airflow/example_dags/example_branch_day_of_week_operator.py
[2025-06-20T13:21:52.651+0000] {logging_mixin.py:115} INFO - [2025-06-20T13:21:52.651+0000] {dag.py:2429} INFO - Sync 1 DAGs
[2025-06-20T13:21:52.660+0000] {logging_mixin.py:115} INFO - [2025-06-20T13:21:52.660+0000] {dag.py:2981} INFO - Setting next_dagrun for example_weekday_branch_operator to 2025-06-19T00:00:00+00:00, run_after=2025-06-20T00:00:00+00:00
[2025-06-20T13:21:52.665+0000] {processor.py:161} INFO - Processing /home/airflow/.local/lib/python3.7/site-packages/airflow/example_dags/example_branch_day_of_week_operator.py took 0.034 seconds
[2025-06-20T13:22:22.757+0000] {processor.py:153} INFO - Started process (PID=2237) to work on /home/airflow/.local/lib/python3.7/site-packages/airflow/example_dags/example_branch_day_of_week_operator.py
[2025-06-20T13:22:22.757+0000] {processor.py:640} INFO - Processing file /home/airflow/.local/lib/python3.7/site-packages/airflow/example_dags/example_branch_day_of_week_operator.py for tasks to queue
[2025-06-20T13:22:22.757+0000] {logging_mixin.py:115} INFO - [2025-06-20T13:22:22.757+0000] {dagbag.py:508} INFO - Filling up the DagBag from /home/airflow/.local/lib/python3.7/site-packages/airflow/example_dags/example_branch_day_of_week_operator.py
[2025-06-20T13:22:22.761+0000] {processor.py:650} INFO - DAG(s) dict_keys(['example_weekday_branch_operator']) retrieved from /home/airflow/.local/lib/python3.7/site-packages/airflow/example_dags/example_branch_day_of_week_operator.py
[2025-06-20T13:22:22.772+0000] {logging_mixin.py:115} INFO - [2025-06-20T13:22:22.772+0000] {dag.py:2429} INFO - Sync 1 DAGs
[2025-06-20T13:22:22.783+0000] {logging_mixin.py:115} INFO - [2025-06-20T13:22:22.783+0000] {dag.py:2981} INFO - Setting next_dagrun for example_weekday_branch_operator to 2025-06-19T00:00:00+00:00, run_after=2025-06-20T00:00:00+00:00
[2025-06-20T13:22:22.790+0000] {processor.py:161} INFO - Processing /home/airflow/.local/lib/python3.7/site-packages/airflow/example_dags/example_branch_day_of_week_operator.py took 0.035 seconds
[2025-06-20T13:22:52.852+0000] {processor.py:153} INFO - Started process (PID=2298) to work on /home/airflow/.local/lib/python3.7/site-packages/airflow/example_dags/example_branch_day_of_week_operator.py
[2025-06-20T13:22:52.852+0000] {processor.py:640} INFO - Processing file /home/airflow/.local/lib/python3.7/site-packages/airflow/example_dags/example_branch_day_of_week_operator.py for tasks to queue
[2025-06-20T13:22:52.853+0000] {logging_mixin.py:115} INFO - [2025-06-20T13:22:52.853+0000] {dagbag.py:508} INFO - Filling up the DagBag from /home/airflow/.local/lib/python3.7/site-packages/airflow/example_dags/example_branch_day_of_week_operator.py
[2025-06-20T13:22:52.856+0000] {processor.py:650} INFO - DAG(s) dict_keys(['example_weekday_branch_operator']) retrieved from /home/airflow/.local/lib/python3.7/site-packages/airflow/example_dags/example_branch_day_of_week_operator.py
[2025-06-20T13:22:52.866+0000] {logging_mixin.py:115} INFO - [2025-06-20T13:22:52.866+0000] {dag.py:2429} INFO - Sync 1 DAGs
[2025-06-20T13:22:52.875+0000] {logging_mixin.py:115} INFO - [2025-06-20T13:22:52.875+0000] {dag.py:2981} INFO - Setting next_dagrun for example_weekday_branch_operator to 2025-06-19T00:00:00+00:00, run_after=2025-06-20T00:00:00+00:00
[2025-06-20T13:22:52.879+0000] {processor.py:161} INFO - Processing /home/airflow/.local/lib/python3.7/site-packages/airflow/example_dags/example_branch_day_of_week_operator.py took 0.028 seconds
[2025-06-20T13:23:23.041+0000] {processor.py:153} INFO - Started process (PID=2359) to work on /home/airflow/.local/lib/python3.7/site-packages/airflow/example_dags/example_branch_day_of_week_operator.py
[2025-06-20T13:23:23.041+0000] {processor.py:640} INFO - Processing file /home/airflow/.local/lib/python3.7/site-packages/airflow/example_dags/example_branch_day_of_week_operator.py for tasks to queue
[2025-06-20T13:23:23.042+0000] {logging_mixin.py:115} INFO - [2025-06-20T13:23:23.042+0000] {dagbag.py:508} INFO - Filling up the DagBag from /home/airflow/.local/lib/python3.7/site-packages/airflow/example_dags/example_branch_day_of_week_operator.py
[2025-06-20T13:23:23.046+0000] {processor.py:650} INFO - DAG(s) dict_keys(['example_weekday_branch_operator']) retrieved from /home/airflow/.local/lib/python3.7/site-packages/airflow/example_dags/example_branch_day_of_week_operator.py
[2025-06-20T13:23:23.057+0000] {logging_mixin.py:115} INFO - [2025-06-20T13:23:23.057+0000] {dag.py:2429} INFO - Sync 1 DAGs
[2025-06-20T13:23:23.067+0000] {logging_mixin.py:115} INFO - [2025-06-20T13:23:23.067+0000] {dag.py:2981} INFO - Setting next_dagrun for example_weekday_branch_operator to 2025-06-19T00:00:00+00:00, run_after=2025-06-20T00:00:00+00:00
[2025-06-20T13:23:23.071+0000] {processor.py:161} INFO - Processing /home/airflow/.local/lib/python3.7/site-packages/airflow/example_dags/example_branch_day_of_week_operator.py took 0.032 seconds
[2025-06-20T13:23:53.223+0000] {processor.py:153} INFO - Started process (PID=2420) to work on /home/airflow/.local/lib/python3.7/site-packages/airflow/example_dags/example_branch_day_of_week_operator.py
[2025-06-20T13:23:53.224+0000] {processor.py:640} INFO - Processing file /home/airflow/.local/lib/python3.7/site-packages/airflow/example_dags/example_branch_day_of_week_operator.py for tasks to queue
[2025-06-20T13:23:53.225+0000] {logging_mixin.py:115} INFO - [2025-06-20T13:23:53.225+0000] {dagbag.py:508} INFO - Filling up the DagBag from /home/airflow/.local/lib/python3.7/site-packages/airflow/example_dags/example_branch_day_of_week_operator.py
[2025-06-20T13:23:53.229+0000] {processor.py:650} INFO - DAG(s) dict_keys(['example_weekday_branch_operator']) retrieved from /home/airflow/.local/lib/python3.7/site-packages/airflow/example_dags/example_branch_day_of_week_operator.py
[2025-06-20T13:23:53.242+0000] {logging_mixin.py:115} INFO - [2025-06-20T13:23:53.242+0000] {dag.py:2429} INFO - Sync 1 DAGs
[2025-06-20T13:23:53.252+0000] {logging_mixin.py:115} INFO - [2025-06-20T13:23:53.252+0000] {dag.py:2981} INFO - Setting next_dagrun for example_weekday_branch_operator to 2025-06-19T00:00:00+00:00, run_after=2025-06-20T00:00:00+00:00
[2025-06-20T13:23:53.256+0000] {processor.py:161} INFO - Processing /home/airflow/.local/lib/python3.7/site-packages/airflow/example_dags/example_branch_day_of_week_operator.py took 0.035 seconds
[2025-06-20T13:24:23.425+0000] {processor.py:153} INFO - Started process (PID=2481) to work on /home/airflow/.local/lib/python3.7/site-packages/airflow/example_dags/example_branch_day_of_week_operator.py
[2025-06-20T13:24:23.427+0000] {processor.py:640} INFO - Processing file /home/airflow/.local/lib/python3.7/site-packages/airflow/example_dags/example_branch_day_of_week_operator.py for tasks to queue
[2025-06-20T13:24:23.430+0000] {logging_mixin.py:115} INFO - [2025-06-20T13:24:23.430+0000] {dagbag.py:508} INFO - Filling up the DagBag from /home/airflow/.local/lib/python3.7/site-packages/airflow/example_dags/example_branch_day_of_week_operator.py
[2025-06-20T13:24:23.434+0000] {processor.py:650} INFO - DAG(s) dict_keys(['example_weekday_branch_operator']) retrieved from /home/airflow/.local/lib/python3.7/site-packages/airflow/example_dags/example_branch_day_of_week_operator.py
[2025-06-20T13:24:23.447+0000] {logging_mixin.py:115} INFO - [2025-06-20T13:24:23.447+0000] {dag.py:2429} INFO - Sync 1 DAGs
[2025-06-20T13:24:23.460+0000] {logging_mixin.py:115} INFO - [2025-06-20T13:24:23.460+0000] {dag.py:2981} INFO - Setting next_dagrun for example_weekday_branch_operator to 2025-06-19T00:00:00+00:00, run_after=2025-06-20T00:00:00+00:00
[2025-06-20T13:24:23.466+0000] {processor.py:161} INFO - Processing /home/airflow/.local/lib/python3.7/site-packages/airflow/example_dags/example_branch_day_of_week_operator.py took 0.042 seconds
