[2025-06-20T12:58:53.506+0000] {processor.py:153} INFO - Started process (PID=63) to work on /home/airflow/.local/lib/python3.7/site-packages/airflow/example_dags/example_time_delta_sensor_async.py
[2025-06-20T12:58:53.507+0000] {processor.py:640} INFO - Processing file /home/airflow/.local/lib/python3.7/site-packages/airflow/example_dags/example_time_delta_sensor_async.py for tasks to queue
[2025-06-20T12:58:53.507+0000] {logging_mixin.py:115} INFO - [2025-06-20T12:58:53.507+0000] {dagbag.py:508} INFO - Filling up the DagBag from /home/airflow/.local/lib/python3.7/site-packages/airflow/example_dags/example_time_delta_sensor_async.py
[2025-06-20T12:58:53.514+0000] {processor.py:650} INFO - DAG(s) dict_keys(['example_time_delta_sensor_async']) retrieved from /home/airflow/.local/lib/python3.7/site-packages/airflow/example_dags/example_time_delta_sensor_async.py
[2025-06-20T12:58:53.635+0000] {logging_mixin.py:115} INFO - [2025-06-20T12:58:53.635+0000] {manager.py:508} INFO - Created Permission View: can read on DAG:example_time_delta_sensor_async
[2025-06-20T12:58:53.640+0000] {logging_mixin.py:115} INFO - [2025-06-20T12:58:53.640+0000] {manager.py:508} INFO - Created Permission View: can delete on DAG:example_time_delta_sensor_async
[2025-06-20T12:58:53.644+0000] {logging_mixin.py:115} INFO - [2025-06-20T12:58:53.644+0000] {manager.py:508} INFO - Created Permission View: can edit on DAG:example_time_delta_sensor_async
[2025-06-20T12:58:53.644+0000] {logging_mixin.py:115} INFO - [2025-06-20T12:58:53.644+0000] {dag.py:2429} INFO - Sync 1 DAGs
[2025-06-20T12:58:53.650+0000] {logging_mixin.py:115} INFO - [2025-06-20T12:58:53.650+0000] {dag.py:2448} INFO - Creating ORM DAG for example_time_delta_sensor_async
[2025-06-20T12:58:53.656+0000] {logging_mixin.py:115} INFO - [2025-06-20T12:58:53.656+0000] {dag.py:2981} INFO - Setting next_dagrun for example_time_delta_sensor_async to None, run_after=None
[2025-06-20T12:58:53.667+0000] {processor.py:161} INFO - Processing /home/airflow/.local/lib/python3.7/site-packages/airflow/example_dags/example_time_delta_sensor_async.py took 0.164 seconds
[2025-06-20T12:59:24.097+0000] {processor.py:153} INFO - Started process (PID=123) to work on /home/airflow/.local/lib/python3.7/site-packages/airflow/example_dags/example_time_delta_sensor_async.py
[2025-06-20T12:59:24.098+0000] {processor.py:640} INFO - Processing file /home/airflow/.local/lib/python3.7/site-packages/airflow/example_dags/example_time_delta_sensor_async.py for tasks to queue
[2025-06-20T12:59:24.098+0000] {logging_mixin.py:115} INFO - [2025-06-20T12:59:24.098+0000] {dagbag.py:508} INFO - Filling up the DagBag from /home/airflow/.local/lib/python3.7/site-packages/airflow/example_dags/example_time_delta_sensor_async.py
[2025-06-20T12:59:24.101+0000] {processor.py:650} INFO - DAG(s) dict_keys(['example_time_delta_sensor_async']) retrieved from /home/airflow/.local/lib/python3.7/site-packages/airflow/example_dags/example_time_delta_sensor_async.py
[2025-06-20T12:59:24.173+0000] {logging_mixin.py:115} INFO - [2025-06-20T12:59:24.172+0000] {dag.py:2429} INFO - Sync 1 DAGs
[2025-06-20T12:59:24.184+0000] {logging_mixin.py:115} INFO - [2025-06-20T12:59:24.184+0000] {dag.py:2981} INFO - Setting next_dagrun for example_time_delta_sensor_async to None, run_after=None
[2025-06-20T12:59:24.189+0000] {processor.py:161} INFO - Processing /home/airflow/.local/lib/python3.7/site-packages/airflow/example_dags/example_time_delta_sensor_async.py took 0.093 seconds
[2025-06-20T12:59:55.136+0000] {processor.py:153} INFO - Started process (PID=184) to work on /home/airflow/.local/lib/python3.7/site-packages/airflow/example_dags/example_time_delta_sensor_async.py
[2025-06-20T12:59:55.136+0000] {processor.py:640} INFO - Processing file /home/airflow/.local/lib/python3.7/site-packages/airflow/example_dags/example_time_delta_sensor_async.py for tasks to queue
[2025-06-20T12:59:55.136+0000] {logging_mixin.py:115} INFO - [2025-06-20T12:59:55.136+0000] {dagbag.py:508} INFO - Filling up the DagBag from /home/airflow/.local/lib/python3.7/site-packages/airflow/example_dags/example_time_delta_sensor_async.py
[2025-06-20T12:59:55.138+0000] {processor.py:650} INFO - DAG(s) dict_keys(['example_time_delta_sensor_async']) retrieved from /home/airflow/.local/lib/python3.7/site-packages/airflow/example_dags/example_time_delta_sensor_async.py
[2025-06-20T12:59:55.204+0000] {logging_mixin.py:115} INFO - [2025-06-20T12:59:55.204+0000] {dag.py:2429} INFO - Sync 1 DAGs
[2025-06-20T12:59:55.216+0000] {logging_mixin.py:115} INFO - [2025-06-20T12:59:55.215+0000] {dag.py:2981} INFO - Setting next_dagrun for example_time_delta_sensor_async to None, run_after=None
[2025-06-20T12:59:55.221+0000] {processor.py:161} INFO - Processing /home/airflow/.local/lib/python3.7/site-packages/airflow/example_dags/example_time_delta_sensor_async.py took 0.087 seconds
[2025-06-20T13:03:48.345+0000] {processor.py:153} INFO - Started process (PID=62) to work on /home/airflow/.local/lib/python3.7/site-packages/airflow/example_dags/example_time_delta_sensor_async.py
[2025-06-20T13:03:48.346+0000] {processor.py:640} INFO - Processing file /home/airflow/.local/lib/python3.7/site-packages/airflow/example_dags/example_time_delta_sensor_async.py for tasks to queue
[2025-06-20T13:03:48.347+0000] {logging_mixin.py:115} INFO - [2025-06-20T13:03:48.347+0000] {dagbag.py:508} INFO - Filling up the DagBag from /home/airflow/.local/lib/python3.7/site-packages/airflow/example_dags/example_time_delta_sensor_async.py
[2025-06-20T13:03:48.353+0000] {processor.py:650} INFO - DAG(s) dict_keys(['example_time_delta_sensor_async']) retrieved from /home/airflow/.local/lib/python3.7/site-packages/airflow/example_dags/example_time_delta_sensor_async.py
[2025-06-20T13:03:48.487+0000] {logging_mixin.py:115} INFO - [2025-06-20T13:03:48.487+0000] {manager.py:508} INFO - Created Permission View: can delete on DAG:example_time_delta_sensor_async
[2025-06-20T13:03:48.493+0000] {logging_mixin.py:115} INFO - [2025-06-20T13:03:48.493+0000] {manager.py:508} INFO - Created Permission View: can edit on DAG:example_time_delta_sensor_async
[2025-06-20T13:03:48.498+0000] {logging_mixin.py:115} INFO - [2025-06-20T13:03:48.498+0000] {manager.py:508} INFO - Created Permission View: can read on DAG:example_time_delta_sensor_async
[2025-06-20T13:03:48.499+0000] {logging_mixin.py:115} INFO - [2025-06-20T13:03:48.499+0000] {dag.py:2429} INFO - Sync 1 DAGs
[2025-06-20T13:03:48.505+0000] {logging_mixin.py:115} INFO - [2025-06-20T13:03:48.505+0000] {dag.py:2448} INFO - Creating ORM DAG for example_time_delta_sensor_async
[2025-06-20T13:03:48.513+0000] {logging_mixin.py:115} INFO - [2025-06-20T13:03:48.513+0000] {dag.py:2981} INFO - Setting next_dagrun for example_time_delta_sensor_async to None, run_after=None
[2025-06-20T13:03:48.524+0000] {processor.py:161} INFO - Processing /home/airflow/.local/lib/python3.7/site-packages/airflow/example_dags/example_time_delta_sensor_async.py took 0.181 seconds
[2025-06-20T13:04:18.909+0000] {processor.py:153} INFO - Started process (PID=123) to work on /home/airflow/.local/lib/python3.7/site-packages/airflow/example_dags/example_time_delta_sensor_async.py
[2025-06-20T13:04:18.910+0000] {processor.py:640} INFO - Processing file /home/airflow/.local/lib/python3.7/site-packages/airflow/example_dags/example_time_delta_sensor_async.py for tasks to queue
[2025-06-20T13:04:18.910+0000] {logging_mixin.py:115} INFO - [2025-06-20T13:04:18.910+0000] {dagbag.py:508} INFO - Filling up the DagBag from /home/airflow/.local/lib/python3.7/site-packages/airflow/example_dags/example_time_delta_sensor_async.py
[2025-06-20T13:04:18.912+0000] {processor.py:650} INFO - DAG(s) dict_keys(['example_time_delta_sensor_async']) retrieved from /home/airflow/.local/lib/python3.7/site-packages/airflow/example_dags/example_time_delta_sensor_async.py
[2025-06-20T13:04:18.987+0000] {logging_mixin.py:115} INFO - [2025-06-20T13:04:18.987+0000] {dag.py:2429} INFO - Sync 1 DAGs
[2025-06-20T13:04:18.999+0000] {logging_mixin.py:115} INFO - [2025-06-20T13:04:18.998+0000] {dag.py:2981} INFO - Setting next_dagrun for example_time_delta_sensor_async to None, run_after=None
[2025-06-20T13:04:19.009+0000] {processor.py:161} INFO - Processing /home/airflow/.local/lib/python3.7/site-packages/airflow/example_dags/example_time_delta_sensor_async.py took 0.101 seconds
[2025-06-20T13:04:49.100+0000] {processor.py:153} INFO - Started process (PID=185) to work on /home/airflow/.local/lib/python3.7/site-packages/airflow/example_dags/example_time_delta_sensor_async.py
[2025-06-20T13:04:49.100+0000] {processor.py:640} INFO - Processing file /home/airflow/.local/lib/python3.7/site-packages/airflow/example_dags/example_time_delta_sensor_async.py for tasks to queue
[2025-06-20T13:04:49.101+0000] {logging_mixin.py:115} INFO - [2025-06-20T13:04:49.101+0000] {dagbag.py:508} INFO - Filling up the DagBag from /home/airflow/.local/lib/python3.7/site-packages/airflow/example_dags/example_time_delta_sensor_async.py
[2025-06-20T13:04:49.104+0000] {processor.py:650} INFO - DAG(s) dict_keys(['example_time_delta_sensor_async']) retrieved from /home/airflow/.local/lib/python3.7/site-packages/airflow/example_dags/example_time_delta_sensor_async.py
[2025-06-20T13:04:49.179+0000] {logging_mixin.py:115} INFO - [2025-06-20T13:04:49.179+0000] {dag.py:2429} INFO - Sync 1 DAGs
[2025-06-20T13:04:49.196+0000] {logging_mixin.py:115} INFO - [2025-06-20T13:04:49.196+0000] {dag.py:2981} INFO - Setting next_dagrun for example_time_delta_sensor_async to None, run_after=None
[2025-06-20T13:04:49.203+0000] {processor.py:161} INFO - Processing /home/airflow/.local/lib/python3.7/site-packages/airflow/example_dags/example_time_delta_sensor_async.py took 0.105 seconds
[2025-06-20T13:05:19.309+0000] {processor.py:153} INFO - Started process (PID=244) to work on /home/airflow/.local/lib/python3.7/site-packages/airflow/example_dags/example_time_delta_sensor_async.py
[2025-06-20T13:05:19.310+0000] {processor.py:640} INFO - Processing file /home/airflow/.local/lib/python3.7/site-packages/airflow/example_dags/example_time_delta_sensor_async.py for tasks to queue
[2025-06-20T13:05:19.311+0000] {logging_mixin.py:115} INFO - [2025-06-20T13:05:19.311+0000] {dagbag.py:508} INFO - Filling up the DagBag from /home/airflow/.local/lib/python3.7/site-packages/airflow/example_dags/example_time_delta_sensor_async.py
[2025-06-20T13:05:19.314+0000] {processor.py:650} INFO - DAG(s) dict_keys(['example_time_delta_sensor_async']) retrieved from /home/airflow/.local/lib/python3.7/site-packages/airflow/example_dags/example_time_delta_sensor_async.py
[2025-06-20T13:05:19.385+0000] {logging_mixin.py:115} INFO - [2025-06-20T13:05:19.385+0000] {dag.py:2429} INFO - Sync 1 DAGs
[2025-06-20T13:05:19.394+0000] {logging_mixin.py:115} INFO - [2025-06-20T13:05:19.394+0000] {dag.py:2981} INFO - Setting next_dagrun for example_time_delta_sensor_async to None, run_after=None
[2025-06-20T13:05:19.400+0000] {processor.py:161} INFO - Processing /home/airflow/.local/lib/python3.7/site-packages/airflow/example_dags/example_time_delta_sensor_async.py took 0.093 seconds
[2025-06-20T13:05:49.505+0000] {processor.py:153} INFO - Started process (PID=305) to work on /home/airflow/.local/lib/python3.7/site-packages/airflow/example_dags/example_time_delta_sensor_async.py
[2025-06-20T13:05:49.506+0000] {processor.py:640} INFO - Processing file /home/airflow/.local/lib/python3.7/site-packages/airflow/example_dags/example_time_delta_sensor_async.py for tasks to queue
[2025-06-20T13:05:49.506+0000] {logging_mixin.py:115} INFO - [2025-06-20T13:05:49.506+0000] {dagbag.py:508} INFO - Filling up the DagBag from /home/airflow/.local/lib/python3.7/site-packages/airflow/example_dags/example_time_delta_sensor_async.py
[2025-06-20T13:05:49.509+0000] {processor.py:650} INFO - DAG(s) dict_keys(['example_time_delta_sensor_async']) retrieved from /home/airflow/.local/lib/python3.7/site-packages/airflow/example_dags/example_time_delta_sensor_async.py
[2025-06-20T13:05:49.591+0000] {logging_mixin.py:115} INFO - [2025-06-20T13:05:49.591+0000] {dag.py:2429} INFO - Sync 1 DAGs
[2025-06-20T13:05:49.603+0000] {logging_mixin.py:115} INFO - [2025-06-20T13:05:49.603+0000] {dag.py:2981} INFO - Setting next_dagrun for example_time_delta_sensor_async to None, run_after=None
[2025-06-20T13:05:49.612+0000] {processor.py:161} INFO - Processing /home/airflow/.local/lib/python3.7/site-packages/airflow/example_dags/example_time_delta_sensor_async.py took 0.109 seconds
[2025-06-20T13:06:19.839+0000] {processor.py:153} INFO - Started process (PID=357) to work on /home/airflow/.local/lib/python3.7/site-packages/airflow/example_dags/example_time_delta_sensor_async.py
[2025-06-20T13:06:19.840+0000] {processor.py:640} INFO - Processing file /home/airflow/.local/lib/python3.7/site-packages/airflow/example_dags/example_time_delta_sensor_async.py for tasks to queue
[2025-06-20T13:06:19.841+0000] {logging_mixin.py:115} INFO - [2025-06-20T13:06:19.841+0000] {dagbag.py:508} INFO - Filling up the DagBag from /home/airflow/.local/lib/python3.7/site-packages/airflow/example_dags/example_time_delta_sensor_async.py
[2025-06-20T13:06:19.844+0000] {processor.py:650} INFO - DAG(s) dict_keys(['example_time_delta_sensor_async']) retrieved from /home/airflow/.local/lib/python3.7/site-packages/airflow/example_dags/example_time_delta_sensor_async.py
[2025-06-20T13:06:19.915+0000] {logging_mixin.py:115} INFO - [2025-06-20T13:06:19.915+0000] {dag.py:2429} INFO - Sync 1 DAGs
[2025-06-20T13:06:19.927+0000] {logging_mixin.py:115} INFO - [2025-06-20T13:06:19.926+0000] {dag.py:2981} INFO - Setting next_dagrun for example_time_delta_sensor_async to None, run_after=None
[2025-06-20T13:06:19.932+0000] {processor.py:161} INFO - Processing /home/airflow/.local/lib/python3.7/site-packages/airflow/example_dags/example_time_delta_sensor_async.py took 0.095 seconds
[2025-06-20T13:06:50.024+0000] {processor.py:153} INFO - Started process (PID=417) to work on /home/airflow/.local/lib/python3.7/site-packages/airflow/example_dags/example_time_delta_sensor_async.py
[2025-06-20T13:06:50.026+0000] {processor.py:640} INFO - Processing file /home/airflow/.local/lib/python3.7/site-packages/airflow/example_dags/example_time_delta_sensor_async.py for tasks to queue
[2025-06-20T13:06:50.027+0000] {logging_mixin.py:115} INFO - [2025-06-20T13:06:50.027+0000] {dagbag.py:508} INFO - Filling up the DagBag from /home/airflow/.local/lib/python3.7/site-packages/airflow/example_dags/example_time_delta_sensor_async.py
[2025-06-20T13:06:50.029+0000] {processor.py:650} INFO - DAG(s) dict_keys(['example_time_delta_sensor_async']) retrieved from /home/airflow/.local/lib/python3.7/site-packages/airflow/example_dags/example_time_delta_sensor_async.py
[2025-06-20T13:06:50.096+0000] {logging_mixin.py:115} INFO - [2025-06-20T13:06:50.096+0000] {dag.py:2429} INFO - Sync 1 DAGs
[2025-06-20T13:06:50.106+0000] {logging_mixin.py:115} INFO - [2025-06-20T13:06:50.106+0000] {dag.py:2981} INFO - Setting next_dagrun for example_time_delta_sensor_async to None, run_after=None
[2025-06-20T13:06:50.115+0000] {processor.py:161} INFO - Processing /home/airflow/.local/lib/python3.7/site-packages/airflow/example_dags/example_time_delta_sensor_async.py took 0.092 seconds
[2025-06-20T13:07:20.130+0000] {processor.py:153} INFO - Started process (PID=479) to work on /home/airflow/.local/lib/python3.7/site-packages/airflow/example_dags/example_time_delta_sensor_async.py
[2025-06-20T13:07:20.130+0000] {processor.py:640} INFO - Processing file /home/airflow/.local/lib/python3.7/site-packages/airflow/example_dags/example_time_delta_sensor_async.py for tasks to queue
[2025-06-20T13:07:20.132+0000] {logging_mixin.py:115} INFO - [2025-06-20T13:07:20.132+0000] {dagbag.py:508} INFO - Filling up the DagBag from /home/airflow/.local/lib/python3.7/site-packages/airflow/example_dags/example_time_delta_sensor_async.py
[2025-06-20T13:07:20.134+0000] {processor.py:650} INFO - DAG(s) dict_keys(['example_time_delta_sensor_async']) retrieved from /home/airflow/.local/lib/python3.7/site-packages/airflow/example_dags/example_time_delta_sensor_async.py
[2025-06-20T13:07:20.200+0000] {logging_mixin.py:115} INFO - [2025-06-20T13:07:20.200+0000] {dag.py:2429} INFO - Sync 1 DAGs
[2025-06-20T13:07:20.211+0000] {logging_mixin.py:115} INFO - [2025-06-20T13:07:20.211+0000] {dag.py:2981} INFO - Setting next_dagrun for example_time_delta_sensor_async to None, run_after=None
[2025-06-20T13:07:20.215+0000] {processor.py:161} INFO - Processing /home/airflow/.local/lib/python3.7/site-packages/airflow/example_dags/example_time_delta_sensor_async.py took 0.086 seconds
[2025-06-20T13:07:50.243+0000] {processor.py:153} INFO - Started process (PID=541) to work on /home/airflow/.local/lib/python3.7/site-packages/airflow/example_dags/example_time_delta_sensor_async.py
[2025-06-20T13:07:50.244+0000] {processor.py:640} INFO - Processing file /home/airflow/.local/lib/python3.7/site-packages/airflow/example_dags/example_time_delta_sensor_async.py for tasks to queue
[2025-06-20T13:07:50.244+0000] {logging_mixin.py:115} INFO - [2025-06-20T13:07:50.244+0000] {dagbag.py:508} INFO - Filling up the DagBag from /home/airflow/.local/lib/python3.7/site-packages/airflow/example_dags/example_time_delta_sensor_async.py
[2025-06-20T13:07:50.246+0000] {processor.py:650} INFO - DAG(s) dict_keys(['example_time_delta_sensor_async']) retrieved from /home/airflow/.local/lib/python3.7/site-packages/airflow/example_dags/example_time_delta_sensor_async.py
[2025-06-20T13:07:50.309+0000] {logging_mixin.py:115} INFO - [2025-06-20T13:07:50.308+0000] {dag.py:2429} INFO - Sync 1 DAGs
[2025-06-20T13:07:50.317+0000] {logging_mixin.py:115} INFO - [2025-06-20T13:07:50.317+0000] {dag.py:2981} INFO - Setting next_dagrun for example_time_delta_sensor_async to None, run_after=None
[2025-06-20T13:07:50.321+0000] {processor.py:161} INFO - Processing /home/airflow/.local/lib/python3.7/site-packages/airflow/example_dags/example_time_delta_sensor_async.py took 0.080 seconds
[2025-06-20T13:08:20.378+0000] {processor.py:153} INFO - Started process (PID=602) to work on /home/airflow/.local/lib/python3.7/site-packages/airflow/example_dags/example_time_delta_sensor_async.py
[2025-06-20T13:08:20.378+0000] {processor.py:640} INFO - Processing file /home/airflow/.local/lib/python3.7/site-packages/airflow/example_dags/example_time_delta_sensor_async.py for tasks to queue
[2025-06-20T13:08:20.379+0000] {logging_mixin.py:115} INFO - [2025-06-20T13:08:20.379+0000] {dagbag.py:508} INFO - Filling up the DagBag from /home/airflow/.local/lib/python3.7/site-packages/airflow/example_dags/example_time_delta_sensor_async.py
[2025-06-20T13:08:20.381+0000] {processor.py:650} INFO - DAG(s) dict_keys(['example_time_delta_sensor_async']) retrieved from /home/airflow/.local/lib/python3.7/site-packages/airflow/example_dags/example_time_delta_sensor_async.py
[2025-06-20T13:08:20.449+0000] {logging_mixin.py:115} INFO - [2025-06-20T13:08:20.449+0000] {dag.py:2429} INFO - Sync 1 DAGs
[2025-06-20T13:08:20.460+0000] {logging_mixin.py:115} INFO - [2025-06-20T13:08:20.460+0000] {dag.py:2981} INFO - Setting next_dagrun for example_time_delta_sensor_async to None, run_after=None
[2025-06-20T13:08:20.466+0000] {processor.py:161} INFO - Processing /home/airflow/.local/lib/python3.7/site-packages/airflow/example_dags/example_time_delta_sensor_async.py took 0.089 seconds
[2025-06-20T13:08:50.503+0000] {processor.py:153} INFO - Started process (PID=654) to work on /home/airflow/.local/lib/python3.7/site-packages/airflow/example_dags/example_time_delta_sensor_async.py
[2025-06-20T13:08:50.504+0000] {processor.py:640} INFO - Processing file /home/airflow/.local/lib/python3.7/site-packages/airflow/example_dags/example_time_delta_sensor_async.py for tasks to queue
[2025-06-20T13:08:50.504+0000] {logging_mixin.py:115} INFO - [2025-06-20T13:08:50.504+0000] {dagbag.py:508} INFO - Filling up the DagBag from /home/airflow/.local/lib/python3.7/site-packages/airflow/example_dags/example_time_delta_sensor_async.py
[2025-06-20T13:08:50.506+0000] {processor.py:650} INFO - DAG(s) dict_keys(['example_time_delta_sensor_async']) retrieved from /home/airflow/.local/lib/python3.7/site-packages/airflow/example_dags/example_time_delta_sensor_async.py
[2025-06-20T13:08:50.568+0000] {logging_mixin.py:115} INFO - [2025-06-20T13:08:50.568+0000] {dag.py:2429} INFO - Sync 1 DAGs
[2025-06-20T13:08:50.577+0000] {logging_mixin.py:115} INFO - [2025-06-20T13:08:50.577+0000] {dag.py:2981} INFO - Setting next_dagrun for example_time_delta_sensor_async to None, run_after=None
[2025-06-20T13:08:50.581+0000] {processor.py:161} INFO - Processing /home/airflow/.local/lib/python3.7/site-packages/airflow/example_dags/example_time_delta_sensor_async.py took 0.079 seconds
[2025-06-20T13:09:21.529+0000] {processor.py:153} INFO - Started process (PID=713) to work on /home/airflow/.local/lib/python3.7/site-packages/airflow/example_dags/example_time_delta_sensor_async.py
[2025-06-20T13:09:21.530+0000] {processor.py:640} INFO - Processing file /home/airflow/.local/lib/python3.7/site-packages/airflow/example_dags/example_time_delta_sensor_async.py for tasks to queue
[2025-06-20T13:09:21.530+0000] {logging_mixin.py:115} INFO - [2025-06-20T13:09:21.530+0000] {dagbag.py:508} INFO - Filling up the DagBag from /home/airflow/.local/lib/python3.7/site-packages/airflow/example_dags/example_time_delta_sensor_async.py
[2025-06-20T13:09:21.532+0000] {processor.py:650} INFO - DAG(s) dict_keys(['example_time_delta_sensor_async']) retrieved from /home/airflow/.local/lib/python3.7/site-packages/airflow/example_dags/example_time_delta_sensor_async.py
[2025-06-20T13:09:21.597+0000] {logging_mixin.py:115} INFO - [2025-06-20T13:09:21.597+0000] {dag.py:2429} INFO - Sync 1 DAGs
[2025-06-20T13:09:21.606+0000] {logging_mixin.py:115} INFO - [2025-06-20T13:09:21.606+0000] {dag.py:2981} INFO - Setting next_dagrun for example_time_delta_sensor_async to None, run_after=None
[2025-06-20T13:09:21.610+0000] {processor.py:161} INFO - Processing /home/airflow/.local/lib/python3.7/site-packages/airflow/example_dags/example_time_delta_sensor_async.py took 0.082 seconds
[2025-06-20T13:09:51.633+0000] {processor.py:153} INFO - Started process (PID=774) to work on /home/airflow/.local/lib/python3.7/site-packages/airflow/example_dags/example_time_delta_sensor_async.py
[2025-06-20T13:09:51.633+0000] {processor.py:640} INFO - Processing file /home/airflow/.local/lib/python3.7/site-packages/airflow/example_dags/example_time_delta_sensor_async.py for tasks to queue
[2025-06-20T13:09:51.634+0000] {logging_mixin.py:115} INFO - [2025-06-20T13:09:51.633+0000] {dagbag.py:508} INFO - Filling up the DagBag from /home/airflow/.local/lib/python3.7/site-packages/airflow/example_dags/example_time_delta_sensor_async.py
[2025-06-20T13:09:51.636+0000] {processor.py:650} INFO - DAG(s) dict_keys(['example_time_delta_sensor_async']) retrieved from /home/airflow/.local/lib/python3.7/site-packages/airflow/example_dags/example_time_delta_sensor_async.py
[2025-06-20T13:09:51.701+0000] {logging_mixin.py:115} INFO - [2025-06-20T13:09:51.701+0000] {dag.py:2429} INFO - Sync 1 DAGs
[2025-06-20T13:09:51.712+0000] {logging_mixin.py:115} INFO - [2025-06-20T13:09:51.712+0000] {dag.py:2981} INFO - Setting next_dagrun for example_time_delta_sensor_async to None, run_after=None
[2025-06-20T13:09:51.717+0000] {processor.py:161} INFO - Processing /home/airflow/.local/lib/python3.7/site-packages/airflow/example_dags/example_time_delta_sensor_async.py took 0.086 seconds
[2025-06-20T13:10:21.797+0000] {processor.py:153} INFO - Started process (PID=835) to work on /home/airflow/.local/lib/python3.7/site-packages/airflow/example_dags/example_time_delta_sensor_async.py
[2025-06-20T13:10:21.797+0000] {processor.py:640} INFO - Processing file /home/airflow/.local/lib/python3.7/site-packages/airflow/example_dags/example_time_delta_sensor_async.py for tasks to queue
[2025-06-20T13:10:21.798+0000] {logging_mixin.py:115} INFO - [2025-06-20T13:10:21.797+0000] {dagbag.py:508} INFO - Filling up the DagBag from /home/airflow/.local/lib/python3.7/site-packages/airflow/example_dags/example_time_delta_sensor_async.py
[2025-06-20T13:10:21.800+0000] {processor.py:650} INFO - DAG(s) dict_keys(['example_time_delta_sensor_async']) retrieved from /home/airflow/.local/lib/python3.7/site-packages/airflow/example_dags/example_time_delta_sensor_async.py
[2025-06-20T13:10:21.865+0000] {logging_mixin.py:115} INFO - [2025-06-20T13:10:21.865+0000] {dag.py:2429} INFO - Sync 1 DAGs
[2025-06-20T13:10:21.878+0000] {logging_mixin.py:115} INFO - [2025-06-20T13:10:21.878+0000] {dag.py:2981} INFO - Setting next_dagrun for example_time_delta_sensor_async to None, run_after=None
[2025-06-20T13:10:21.882+0000] {processor.py:161} INFO - Processing /home/airflow/.local/lib/python3.7/site-packages/airflow/example_dags/example_time_delta_sensor_async.py took 0.087 seconds
[2025-06-20T13:10:51.932+0000] {processor.py:153} INFO - Started process (PID=896) to work on /home/airflow/.local/lib/python3.7/site-packages/airflow/example_dags/example_time_delta_sensor_async.py
[2025-06-20T13:10:51.932+0000] {processor.py:640} INFO - Processing file /home/airflow/.local/lib/python3.7/site-packages/airflow/example_dags/example_time_delta_sensor_async.py for tasks to queue
[2025-06-20T13:10:51.932+0000] {logging_mixin.py:115} INFO - [2025-06-20T13:10:51.932+0000] {dagbag.py:508} INFO - Filling up the DagBag from /home/airflow/.local/lib/python3.7/site-packages/airflow/example_dags/example_time_delta_sensor_async.py
[2025-06-20T13:10:51.935+0000] {processor.py:650} INFO - DAG(s) dict_keys(['example_time_delta_sensor_async']) retrieved from /home/airflow/.local/lib/python3.7/site-packages/airflow/example_dags/example_time_delta_sensor_async.py
[2025-06-20T13:10:52.001+0000] {logging_mixin.py:115} INFO - [2025-06-20T13:10:52.001+0000] {dag.py:2429} INFO - Sync 1 DAGs
[2025-06-20T13:10:52.012+0000] {logging_mixin.py:115} INFO - [2025-06-20T13:10:52.012+0000] {dag.py:2981} INFO - Setting next_dagrun for example_time_delta_sensor_async to None, run_after=None
[2025-06-20T13:10:52.016+0000] {processor.py:161} INFO - Processing /home/airflow/.local/lib/python3.7/site-packages/airflow/example_dags/example_time_delta_sensor_async.py took 0.086 seconds
[2025-06-20T13:11:22.086+0000] {processor.py:153} INFO - Started process (PID=957) to work on /home/airflow/.local/lib/python3.7/site-packages/airflow/example_dags/example_time_delta_sensor_async.py
[2025-06-20T13:11:22.087+0000] {processor.py:640} INFO - Processing file /home/airflow/.local/lib/python3.7/site-packages/airflow/example_dags/example_time_delta_sensor_async.py for tasks to queue
[2025-06-20T13:11:22.087+0000] {logging_mixin.py:115} INFO - [2025-06-20T13:11:22.087+0000] {dagbag.py:508} INFO - Filling up the DagBag from /home/airflow/.local/lib/python3.7/site-packages/airflow/example_dags/example_time_delta_sensor_async.py
[2025-06-20T13:11:22.089+0000] {processor.py:650} INFO - DAG(s) dict_keys(['example_time_delta_sensor_async']) retrieved from /home/airflow/.local/lib/python3.7/site-packages/airflow/example_dags/example_time_delta_sensor_async.py
[2025-06-20T13:11:22.159+0000] {logging_mixin.py:115} INFO - [2025-06-20T13:11:22.158+0000] {dag.py:2429} INFO - Sync 1 DAGs
[2025-06-20T13:11:22.170+0000] {logging_mixin.py:115} INFO - [2025-06-20T13:11:22.170+0000] {dag.py:2981} INFO - Setting next_dagrun for example_time_delta_sensor_async to None, run_after=None
[2025-06-20T13:11:22.174+0000] {processor.py:161} INFO - Processing /home/airflow/.local/lib/python3.7/site-packages/airflow/example_dags/example_time_delta_sensor_async.py took 0.090 seconds
[2025-06-20T13:11:52.231+0000] {processor.py:153} INFO - Started process (PID=1009) to work on /home/airflow/.local/lib/python3.7/site-packages/airflow/example_dags/example_time_delta_sensor_async.py
[2025-06-20T13:11:52.231+0000] {processor.py:640} INFO - Processing file /home/airflow/.local/lib/python3.7/site-packages/airflow/example_dags/example_time_delta_sensor_async.py for tasks to queue
[2025-06-20T13:11:52.232+0000] {logging_mixin.py:115} INFO - [2025-06-20T13:11:52.232+0000] {dagbag.py:508} INFO - Filling up the DagBag from /home/airflow/.local/lib/python3.7/site-packages/airflow/example_dags/example_time_delta_sensor_async.py
[2025-06-20T13:11:52.234+0000] {processor.py:650} INFO - DAG(s) dict_keys(['example_time_delta_sensor_async']) retrieved from /home/airflow/.local/lib/python3.7/site-packages/airflow/example_dags/example_time_delta_sensor_async.py
[2025-06-20T13:11:52.304+0000] {logging_mixin.py:115} INFO - [2025-06-20T13:11:52.304+0000] {dag.py:2429} INFO - Sync 1 DAGs
[2025-06-20T13:11:52.314+0000] {logging_mixin.py:115} INFO - [2025-06-20T13:11:52.314+0000] {dag.py:2981} INFO - Setting next_dagrun for example_time_delta_sensor_async to None, run_after=None
[2025-06-20T13:11:52.319+0000] {processor.py:161} INFO - Processing /home/airflow/.local/lib/python3.7/site-packages/airflow/example_dags/example_time_delta_sensor_async.py took 0.090 seconds
[2025-06-20T13:12:22.348+0000] {processor.py:153} INFO - Started process (PID=1070) to work on /home/airflow/.local/lib/python3.7/site-packages/airflow/example_dags/example_time_delta_sensor_async.py
[2025-06-20T13:12:22.349+0000] {processor.py:640} INFO - Processing file /home/airflow/.local/lib/python3.7/site-packages/airflow/example_dags/example_time_delta_sensor_async.py for tasks to queue
[2025-06-20T13:12:22.349+0000] {logging_mixin.py:115} INFO - [2025-06-20T13:12:22.349+0000] {dagbag.py:508} INFO - Filling up the DagBag from /home/airflow/.local/lib/python3.7/site-packages/airflow/example_dags/example_time_delta_sensor_async.py
[2025-06-20T13:12:22.351+0000] {processor.py:650} INFO - DAG(s) dict_keys(['example_time_delta_sensor_async']) retrieved from /home/airflow/.local/lib/python3.7/site-packages/airflow/example_dags/example_time_delta_sensor_async.py
[2025-06-20T13:12:22.421+0000] {logging_mixin.py:115} INFO - [2025-06-20T13:12:22.421+0000] {dag.py:2429} INFO - Sync 1 DAGs
[2025-06-20T13:12:22.434+0000] {logging_mixin.py:115} INFO - [2025-06-20T13:12:22.434+0000] {dag.py:2981} INFO - Setting next_dagrun for example_time_delta_sensor_async to None, run_after=None
[2025-06-20T13:12:22.439+0000] {processor.py:161} INFO - Processing /home/airflow/.local/lib/python3.7/site-packages/airflow/example_dags/example_time_delta_sensor_async.py took 0.092 seconds
[2025-06-20T13:12:52.518+0000] {processor.py:153} INFO - Started process (PID=1131) to work on /home/airflow/.local/lib/python3.7/site-packages/airflow/example_dags/example_time_delta_sensor_async.py
[2025-06-20T13:12:52.519+0000] {processor.py:640} INFO - Processing file /home/airflow/.local/lib/python3.7/site-packages/airflow/example_dags/example_time_delta_sensor_async.py for tasks to queue
[2025-06-20T13:12:52.520+0000] {logging_mixin.py:115} INFO - [2025-06-20T13:12:52.520+0000] {dagbag.py:508} INFO - Filling up the DagBag from /home/airflow/.local/lib/python3.7/site-packages/airflow/example_dags/example_time_delta_sensor_async.py
[2025-06-20T13:12:52.522+0000] {processor.py:650} INFO - DAG(s) dict_keys(['example_time_delta_sensor_async']) retrieved from /home/airflow/.local/lib/python3.7/site-packages/airflow/example_dags/example_time_delta_sensor_async.py
[2025-06-20T13:12:52.592+0000] {logging_mixin.py:115} INFO - [2025-06-20T13:12:52.592+0000] {dag.py:2429} INFO - Sync 1 DAGs
[2025-06-20T13:12:52.603+0000] {logging_mixin.py:115} INFO - [2025-06-20T13:12:52.603+0000] {dag.py:2981} INFO - Setting next_dagrun for example_time_delta_sensor_async to None, run_after=None
[2025-06-20T13:12:52.607+0000] {processor.py:161} INFO - Processing /home/airflow/.local/lib/python3.7/site-packages/airflow/example_dags/example_time_delta_sensor_async.py took 0.091 seconds
[2025-06-20T13:13:22.624+0000] {processor.py:153} INFO - Started process (PID=1192) to work on /home/airflow/.local/lib/python3.7/site-packages/airflow/example_dags/example_time_delta_sensor_async.py
[2025-06-20T13:13:22.624+0000] {processor.py:640} INFO - Processing file /home/airflow/.local/lib/python3.7/site-packages/airflow/example_dags/example_time_delta_sensor_async.py for tasks to queue
[2025-06-20T13:13:22.625+0000] {logging_mixin.py:115} INFO - [2025-06-20T13:13:22.625+0000] {dagbag.py:508} INFO - Filling up the DagBag from /home/airflow/.local/lib/python3.7/site-packages/airflow/example_dags/example_time_delta_sensor_async.py
[2025-06-20T13:13:22.627+0000] {processor.py:650} INFO - DAG(s) dict_keys(['example_time_delta_sensor_async']) retrieved from /home/airflow/.local/lib/python3.7/site-packages/airflow/example_dags/example_time_delta_sensor_async.py
[2025-06-20T13:13:22.696+0000] {logging_mixin.py:115} INFO - [2025-06-20T13:13:22.696+0000] {dag.py:2429} INFO - Sync 1 DAGs
[2025-06-20T13:13:22.706+0000] {logging_mixin.py:115} INFO - [2025-06-20T13:13:22.706+0000] {dag.py:2981} INFO - Setting next_dagrun for example_time_delta_sensor_async to None, run_after=None
[2025-06-20T13:13:22.712+0000] {processor.py:161} INFO - Processing /home/airflow/.local/lib/python3.7/site-packages/airflow/example_dags/example_time_delta_sensor_async.py took 0.090 seconds
[2025-06-20T13:13:52.916+0000] {processor.py:153} INFO - Started process (PID=1253) to work on /home/airflow/.local/lib/python3.7/site-packages/airflow/example_dags/example_time_delta_sensor_async.py
[2025-06-20T13:13:52.916+0000] {processor.py:640} INFO - Processing file /home/airflow/.local/lib/python3.7/site-packages/airflow/example_dags/example_time_delta_sensor_async.py for tasks to queue
[2025-06-20T13:13:52.917+0000] {logging_mixin.py:115} INFO - [2025-06-20T13:13:52.917+0000] {dagbag.py:508} INFO - Filling up the DagBag from /home/airflow/.local/lib/python3.7/site-packages/airflow/example_dags/example_time_delta_sensor_async.py
[2025-06-20T13:13:52.920+0000] {processor.py:650} INFO - DAG(s) dict_keys(['example_time_delta_sensor_async']) retrieved from /home/airflow/.local/lib/python3.7/site-packages/airflow/example_dags/example_time_delta_sensor_async.py
[2025-06-20T13:13:52.996+0000] {logging_mixin.py:115} INFO - [2025-06-20T13:13:52.996+0000] {dag.py:2429} INFO - Sync 1 DAGs
[2025-06-20T13:13:53.008+0000] {logging_mixin.py:115} INFO - [2025-06-20T13:13:53.008+0000] {dag.py:2981} INFO - Setting next_dagrun for example_time_delta_sensor_async to None, run_after=None
[2025-06-20T13:13:53.013+0000] {processor.py:161} INFO - Processing /home/airflow/.local/lib/python3.7/site-packages/airflow/example_dags/example_time_delta_sensor_async.py took 0.099 seconds
[2025-06-20T13:14:23.049+0000] {processor.py:153} INFO - Started process (PID=1315) to work on /home/airflow/.local/lib/python3.7/site-packages/airflow/example_dags/example_time_delta_sensor_async.py
[2025-06-20T13:14:23.050+0000] {processor.py:640} INFO - Processing file /home/airflow/.local/lib/python3.7/site-packages/airflow/example_dags/example_time_delta_sensor_async.py for tasks to queue
[2025-06-20T13:14:23.051+0000] {logging_mixin.py:115} INFO - [2025-06-20T13:14:23.051+0000] {dagbag.py:508} INFO - Filling up the DagBag from /home/airflow/.local/lib/python3.7/site-packages/airflow/example_dags/example_time_delta_sensor_async.py
[2025-06-20T13:14:23.054+0000] {processor.py:650} INFO - DAG(s) dict_keys(['example_time_delta_sensor_async']) retrieved from /home/airflow/.local/lib/python3.7/site-packages/airflow/example_dags/example_time_delta_sensor_async.py
[2025-06-20T13:14:23.124+0000] {logging_mixin.py:115} INFO - [2025-06-20T13:14:23.124+0000] {dag.py:2429} INFO - Sync 1 DAGs
[2025-06-20T13:14:23.135+0000] {logging_mixin.py:115} INFO - [2025-06-20T13:14:23.135+0000] {dag.py:2981} INFO - Setting next_dagrun for example_time_delta_sensor_async to None, run_after=None
[2025-06-20T13:14:23.141+0000] {processor.py:161} INFO - Processing /home/airflow/.local/lib/python3.7/site-packages/airflow/example_dags/example_time_delta_sensor_async.py took 0.093 seconds
[2025-06-20T13:14:53.215+0000] {processor.py:153} INFO - Started process (PID=1368) to work on /home/airflow/.local/lib/python3.7/site-packages/airflow/example_dags/example_time_delta_sensor_async.py
[2025-06-20T13:14:53.216+0000] {processor.py:640} INFO - Processing file /home/airflow/.local/lib/python3.7/site-packages/airflow/example_dags/example_time_delta_sensor_async.py for tasks to queue
[2025-06-20T13:14:53.216+0000] {logging_mixin.py:115} INFO - [2025-06-20T13:14:53.216+0000] {dagbag.py:508} INFO - Filling up the DagBag from /home/airflow/.local/lib/python3.7/site-packages/airflow/example_dags/example_time_delta_sensor_async.py
[2025-06-20T13:14:53.219+0000] {processor.py:650} INFO - DAG(s) dict_keys(['example_time_delta_sensor_async']) retrieved from /home/airflow/.local/lib/python3.7/site-packages/airflow/example_dags/example_time_delta_sensor_async.py
[2025-06-20T13:14:53.286+0000] {logging_mixin.py:115} INFO - [2025-06-20T13:14:53.286+0000] {dag.py:2429} INFO - Sync 1 DAGs
[2025-06-20T13:14:53.296+0000] {logging_mixin.py:115} INFO - [2025-06-20T13:14:53.296+0000] {dag.py:2981} INFO - Setting next_dagrun for example_time_delta_sensor_async to None, run_after=None
[2025-06-20T13:14:53.302+0000] {processor.py:161} INFO - Processing /home/airflow/.local/lib/python3.7/site-packages/airflow/example_dags/example_time_delta_sensor_async.py took 0.088 seconds
[2025-06-20T13:15:23.345+0000] {processor.py:153} INFO - Started process (PID=1431) to work on /home/airflow/.local/lib/python3.7/site-packages/airflow/example_dags/example_time_delta_sensor_async.py
[2025-06-20T13:15:23.345+0000] {processor.py:640} INFO - Processing file /home/airflow/.local/lib/python3.7/site-packages/airflow/example_dags/example_time_delta_sensor_async.py for tasks to queue
[2025-06-20T13:15:23.346+0000] {logging_mixin.py:115} INFO - [2025-06-20T13:15:23.346+0000] {dagbag.py:508} INFO - Filling up the DagBag from /home/airflow/.local/lib/python3.7/site-packages/airflow/example_dags/example_time_delta_sensor_async.py
[2025-06-20T13:15:23.348+0000] {processor.py:650} INFO - DAG(s) dict_keys(['example_time_delta_sensor_async']) retrieved from /home/airflow/.local/lib/python3.7/site-packages/airflow/example_dags/example_time_delta_sensor_async.py
[2025-06-20T13:15:23.415+0000] {logging_mixin.py:115} INFO - [2025-06-20T13:15:23.415+0000] {dag.py:2429} INFO - Sync 1 DAGs
[2025-06-20T13:15:23.427+0000] {logging_mixin.py:115} INFO - [2025-06-20T13:15:23.426+0000] {dag.py:2981} INFO - Setting next_dagrun for example_time_delta_sensor_async to None, run_after=None
[2025-06-20T13:15:23.431+0000] {processor.py:161} INFO - Processing /home/airflow/.local/lib/python3.7/site-packages/airflow/example_dags/example_time_delta_sensor_async.py took 0.088 seconds
[2025-06-20T13:15:53.492+0000] {processor.py:153} INFO - Started process (PID=1494) to work on /home/airflow/.local/lib/python3.7/site-packages/airflow/example_dags/example_time_delta_sensor_async.py
[2025-06-20T13:15:53.493+0000] {processor.py:640} INFO - Processing file /home/airflow/.local/lib/python3.7/site-packages/airflow/example_dags/example_time_delta_sensor_async.py for tasks to queue
[2025-06-20T13:15:53.494+0000] {logging_mixin.py:115} INFO - [2025-06-20T13:15:53.493+0000] {dagbag.py:508} INFO - Filling up the DagBag from /home/airflow/.local/lib/python3.7/site-packages/airflow/example_dags/example_time_delta_sensor_async.py
[2025-06-20T13:15:53.496+0000] {processor.py:650} INFO - DAG(s) dict_keys(['example_time_delta_sensor_async']) retrieved from /home/airflow/.local/lib/python3.7/site-packages/airflow/example_dags/example_time_delta_sensor_async.py
[2025-06-20T13:15:53.560+0000] {logging_mixin.py:115} INFO - [2025-06-20T13:15:53.560+0000] {dag.py:2429} INFO - Sync 1 DAGs
[2025-06-20T13:15:53.569+0000] {logging_mixin.py:115} INFO - [2025-06-20T13:15:53.569+0000] {dag.py:2981} INFO - Setting next_dagrun for example_time_delta_sensor_async to None, run_after=None
[2025-06-20T13:15:53.573+0000] {processor.py:161} INFO - Processing /home/airflow/.local/lib/python3.7/site-packages/airflow/example_dags/example_time_delta_sensor_async.py took 0.083 seconds
[2025-06-20T13:16:23.756+0000] {processor.py:153} INFO - Started process (PID=1553) to work on /home/airflow/.local/lib/python3.7/site-packages/airflow/example_dags/example_time_delta_sensor_async.py
[2025-06-20T13:16:23.757+0000] {processor.py:640} INFO - Processing file /home/airflow/.local/lib/python3.7/site-packages/airflow/example_dags/example_time_delta_sensor_async.py for tasks to queue
[2025-06-20T13:16:23.757+0000] {logging_mixin.py:115} INFO - [2025-06-20T13:16:23.757+0000] {dagbag.py:508} INFO - Filling up the DagBag from /home/airflow/.local/lib/python3.7/site-packages/airflow/example_dags/example_time_delta_sensor_async.py
[2025-06-20T13:16:23.760+0000] {processor.py:650} INFO - DAG(s) dict_keys(['example_time_delta_sensor_async']) retrieved from /home/airflow/.local/lib/python3.7/site-packages/airflow/example_dags/example_time_delta_sensor_async.py
[2025-06-20T13:16:23.834+0000] {logging_mixin.py:115} INFO - [2025-06-20T13:16:23.834+0000] {dag.py:2429} INFO - Sync 1 DAGs
[2025-06-20T13:16:23.844+0000] {logging_mixin.py:115} INFO - [2025-06-20T13:16:23.844+0000] {dag.py:2981} INFO - Setting next_dagrun for example_time_delta_sensor_async to None, run_after=None
[2025-06-20T13:16:23.848+0000] {processor.py:161} INFO - Processing /home/airflow/.local/lib/python3.7/site-packages/airflow/example_dags/example_time_delta_sensor_async.py took 0.094 seconds
[2025-06-20T13:16:53.865+0000] {processor.py:153} INFO - Started process (PID=1612) to work on /home/airflow/.local/lib/python3.7/site-packages/airflow/example_dags/example_time_delta_sensor_async.py
[2025-06-20T13:16:53.866+0000] {processor.py:640} INFO - Processing file /home/airflow/.local/lib/python3.7/site-packages/airflow/example_dags/example_time_delta_sensor_async.py for tasks to queue
[2025-06-20T13:16:53.866+0000] {logging_mixin.py:115} INFO - [2025-06-20T13:16:53.866+0000] {dagbag.py:508} INFO - Filling up the DagBag from /home/airflow/.local/lib/python3.7/site-packages/airflow/example_dags/example_time_delta_sensor_async.py
[2025-06-20T13:16:53.869+0000] {processor.py:650} INFO - DAG(s) dict_keys(['example_time_delta_sensor_async']) retrieved from /home/airflow/.local/lib/python3.7/site-packages/airflow/example_dags/example_time_delta_sensor_async.py
[2025-06-20T13:16:53.939+0000] {logging_mixin.py:115} INFO - [2025-06-20T13:16:53.939+0000] {dag.py:2429} INFO - Sync 1 DAGs
[2025-06-20T13:16:53.951+0000] {logging_mixin.py:115} INFO - [2025-06-20T13:16:53.951+0000] {dag.py:2981} INFO - Setting next_dagrun for example_time_delta_sensor_async to None, run_after=None
[2025-06-20T13:16:53.956+0000] {processor.py:161} INFO - Processing /home/airflow/.local/lib/python3.7/site-packages/airflow/example_dags/example_time_delta_sensor_async.py took 0.092 seconds
[2025-06-20T13:17:23.988+0000] {processor.py:153} INFO - Started process (PID=1664) to work on /home/airflow/.local/lib/python3.7/site-packages/airflow/example_dags/example_time_delta_sensor_async.py
[2025-06-20T13:17:23.990+0000] {processor.py:640} INFO - Processing file /home/airflow/.local/lib/python3.7/site-packages/airflow/example_dags/example_time_delta_sensor_async.py for tasks to queue
[2025-06-20T13:17:23.990+0000] {logging_mixin.py:115} INFO - [2025-06-20T13:17:23.990+0000] {dagbag.py:508} INFO - Filling up the DagBag from /home/airflow/.local/lib/python3.7/site-packages/airflow/example_dags/example_time_delta_sensor_async.py
[2025-06-20T13:17:23.992+0000] {processor.py:650} INFO - DAG(s) dict_keys(['example_time_delta_sensor_async']) retrieved from /home/airflow/.local/lib/python3.7/site-packages/airflow/example_dags/example_time_delta_sensor_async.py
[2025-06-20T13:17:24.063+0000] {logging_mixin.py:115} INFO - [2025-06-20T13:17:24.063+0000] {dag.py:2429} INFO - Sync 1 DAGs
[2025-06-20T13:17:24.074+0000] {logging_mixin.py:115} INFO - [2025-06-20T13:17:24.074+0000] {dag.py:2981} INFO - Setting next_dagrun for example_time_delta_sensor_async to None, run_after=None
[2025-06-20T13:17:24.081+0000] {processor.py:161} INFO - Processing /home/airflow/.local/lib/python3.7/site-packages/airflow/example_dags/example_time_delta_sensor_async.py took 0.094 seconds
[2025-06-20T13:17:54.979+0000] {processor.py:153} INFO - Started process (PID=1723) to work on /home/airflow/.local/lib/python3.7/site-packages/airflow/example_dags/example_time_delta_sensor_async.py
[2025-06-20T13:17:54.983+0000] {processor.py:640} INFO - Processing file /home/airflow/.local/lib/python3.7/site-packages/airflow/example_dags/example_time_delta_sensor_async.py for tasks to queue
[2025-06-20T13:17:54.983+0000] {logging_mixin.py:115} INFO - [2025-06-20T13:17:54.983+0000] {dagbag.py:508} INFO - Filling up the DagBag from /home/airflow/.local/lib/python3.7/site-packages/airflow/example_dags/example_time_delta_sensor_async.py
[2025-06-20T13:17:54.988+0000] {processor.py:650} INFO - DAG(s) dict_keys(['example_time_delta_sensor_async']) retrieved from /home/airflow/.local/lib/python3.7/site-packages/airflow/example_dags/example_time_delta_sensor_async.py
[2025-06-20T13:17:55.067+0000] {logging_mixin.py:115} INFO - [2025-06-20T13:17:55.067+0000] {dag.py:2429} INFO - Sync 1 DAGs
[2025-06-20T13:17:55.076+0000] {logging_mixin.py:115} INFO - [2025-06-20T13:17:55.076+0000] {dag.py:2981} INFO - Setting next_dagrun for example_time_delta_sensor_async to None, run_after=None
[2025-06-20T13:17:55.081+0000] {processor.py:161} INFO - Processing /home/airflow/.local/lib/python3.7/site-packages/airflow/example_dags/example_time_delta_sensor_async.py took 0.105 seconds
[2025-06-20T13:18:25.140+0000] {processor.py:153} INFO - Started process (PID=1784) to work on /home/airflow/.local/lib/python3.7/site-packages/airflow/example_dags/example_time_delta_sensor_async.py
[2025-06-20T13:18:25.143+0000] {processor.py:640} INFO - Processing file /home/airflow/.local/lib/python3.7/site-packages/airflow/example_dags/example_time_delta_sensor_async.py for tasks to queue
[2025-06-20T13:18:25.144+0000] {logging_mixin.py:115} INFO - [2025-06-20T13:18:25.144+0000] {dagbag.py:508} INFO - Filling up the DagBag from /home/airflow/.local/lib/python3.7/site-packages/airflow/example_dags/example_time_delta_sensor_async.py
[2025-06-20T13:18:25.149+0000] {processor.py:650} INFO - DAG(s) dict_keys(['example_time_delta_sensor_async']) retrieved from /home/airflow/.local/lib/python3.7/site-packages/airflow/example_dags/example_time_delta_sensor_async.py
[2025-06-20T13:18:25.227+0000] {logging_mixin.py:115} INFO - [2025-06-20T13:18:25.227+0000] {dag.py:2429} INFO - Sync 1 DAGs
[2025-06-20T13:18:25.237+0000] {logging_mixin.py:115} INFO - [2025-06-20T13:18:25.237+0000] {dag.py:2981} INFO - Setting next_dagrun for example_time_delta_sensor_async to None, run_after=None
[2025-06-20T13:18:25.241+0000] {processor.py:161} INFO - Processing /home/airflow/.local/lib/python3.7/site-packages/airflow/example_dags/example_time_delta_sensor_async.py took 0.104 seconds
[2025-06-20T13:18:55.330+0000] {processor.py:153} INFO - Started process (PID=1845) to work on /home/airflow/.local/lib/python3.7/site-packages/airflow/example_dags/example_time_delta_sensor_async.py
[2025-06-20T13:18:55.332+0000] {processor.py:640} INFO - Processing file /home/airflow/.local/lib/python3.7/site-packages/airflow/example_dags/example_time_delta_sensor_async.py for tasks to queue
[2025-06-20T13:18:55.332+0000] {logging_mixin.py:115} INFO - [2025-06-20T13:18:55.332+0000] {dagbag.py:508} INFO - Filling up the DagBag from /home/airflow/.local/lib/python3.7/site-packages/airflow/example_dags/example_time_delta_sensor_async.py
[2025-06-20T13:18:55.338+0000] {processor.py:650} INFO - DAG(s) dict_keys(['example_time_delta_sensor_async']) retrieved from /home/airflow/.local/lib/python3.7/site-packages/airflow/example_dags/example_time_delta_sensor_async.py
[2025-06-20T13:18:55.416+0000] {logging_mixin.py:115} INFO - [2025-06-20T13:18:55.416+0000] {dag.py:2429} INFO - Sync 1 DAGs
[2025-06-20T13:18:55.425+0000] {logging_mixin.py:115} INFO - [2025-06-20T13:18:55.425+0000] {dag.py:2981} INFO - Setting next_dagrun for example_time_delta_sensor_async to None, run_after=None
[2025-06-20T13:18:55.429+0000] {processor.py:161} INFO - Processing /home/airflow/.local/lib/python3.7/site-packages/airflow/example_dags/example_time_delta_sensor_async.py took 0.102 seconds
[2025-06-20T13:19:25.446+0000] {processor.py:153} INFO - Started process (PID=1905) to work on /home/airflow/.local/lib/python3.7/site-packages/airflow/example_dags/example_time_delta_sensor_async.py
[2025-06-20T13:19:25.447+0000] {processor.py:640} INFO - Processing file /home/airflow/.local/lib/python3.7/site-packages/airflow/example_dags/example_time_delta_sensor_async.py for tasks to queue
[2025-06-20T13:19:25.448+0000] {logging_mixin.py:115} INFO - [2025-06-20T13:19:25.448+0000] {dagbag.py:508} INFO - Filling up the DagBag from /home/airflow/.local/lib/python3.7/site-packages/airflow/example_dags/example_time_delta_sensor_async.py
[2025-06-20T13:19:25.452+0000] {processor.py:650} INFO - DAG(s) dict_keys(['example_time_delta_sensor_async']) retrieved from /home/airflow/.local/lib/python3.7/site-packages/airflow/example_dags/example_time_delta_sensor_async.py
[2025-06-20T13:19:25.523+0000] {logging_mixin.py:115} INFO - [2025-06-20T13:19:25.523+0000] {dag.py:2429} INFO - Sync 1 DAGs
[2025-06-20T13:19:25.532+0000] {logging_mixin.py:115} INFO - [2025-06-20T13:19:25.532+0000] {dag.py:2981} INFO - Setting next_dagrun for example_time_delta_sensor_async to None, run_after=None
[2025-06-20T13:19:25.536+0000] {processor.py:161} INFO - Processing /home/airflow/.local/lib/python3.7/site-packages/airflow/example_dags/example_time_delta_sensor_async.py took 0.093 seconds
[2025-06-20T13:19:55.597+0000] {processor.py:153} INFO - Started process (PID=1966) to work on /home/airflow/.local/lib/python3.7/site-packages/airflow/example_dags/example_time_delta_sensor_async.py
[2025-06-20T13:19:55.598+0000] {processor.py:640} INFO - Processing file /home/airflow/.local/lib/python3.7/site-packages/airflow/example_dags/example_time_delta_sensor_async.py for tasks to queue
[2025-06-20T13:19:55.599+0000] {logging_mixin.py:115} INFO - [2025-06-20T13:19:55.599+0000] {dagbag.py:508} INFO - Filling up the DagBag from /home/airflow/.local/lib/python3.7/site-packages/airflow/example_dags/example_time_delta_sensor_async.py
[2025-06-20T13:19:55.604+0000] {processor.py:650} INFO - DAG(s) dict_keys(['example_time_delta_sensor_async']) retrieved from /home/airflow/.local/lib/python3.7/site-packages/airflow/example_dags/example_time_delta_sensor_async.py
[2025-06-20T13:19:55.689+0000] {logging_mixin.py:115} INFO - [2025-06-20T13:19:55.689+0000] {dag.py:2429} INFO - Sync 1 DAGs
[2025-06-20T13:19:55.698+0000] {logging_mixin.py:115} INFO - [2025-06-20T13:19:55.698+0000] {dag.py:2981} INFO - Setting next_dagrun for example_time_delta_sensor_async to None, run_after=None
[2025-06-20T13:19:55.704+0000] {processor.py:161} INFO - Processing /home/airflow/.local/lib/python3.7/site-packages/airflow/example_dags/example_time_delta_sensor_async.py took 0.112 seconds
[2025-06-20T13:20:25.744+0000] {processor.py:153} INFO - Started process (PID=2019) to work on /home/airflow/.local/lib/python3.7/site-packages/airflow/example_dags/example_time_delta_sensor_async.py
[2025-06-20T13:20:25.745+0000] {processor.py:640} INFO - Processing file /home/airflow/.local/lib/python3.7/site-packages/airflow/example_dags/example_time_delta_sensor_async.py for tasks to queue
[2025-06-20T13:20:25.747+0000] {logging_mixin.py:115} INFO - [2025-06-20T13:20:25.747+0000] {dagbag.py:508} INFO - Filling up the DagBag from /home/airflow/.local/lib/python3.7/site-packages/airflow/example_dags/example_time_delta_sensor_async.py
[2025-06-20T13:20:25.750+0000] {processor.py:650} INFO - DAG(s) dict_keys(['example_time_delta_sensor_async']) retrieved from /home/airflow/.local/lib/python3.7/site-packages/airflow/example_dags/example_time_delta_sensor_async.py
[2025-06-20T13:20:25.826+0000] {logging_mixin.py:115} INFO - [2025-06-20T13:20:25.826+0000] {dag.py:2429} INFO - Sync 1 DAGs
[2025-06-20T13:20:25.840+0000] {logging_mixin.py:115} INFO - [2025-06-20T13:20:25.840+0000] {dag.py:2981} INFO - Setting next_dagrun for example_time_delta_sensor_async to None, run_after=None
[2025-06-20T13:20:25.846+0000] {processor.py:161} INFO - Processing /home/airflow/.local/lib/python3.7/site-packages/airflow/example_dags/example_time_delta_sensor_async.py took 0.104 seconds
[2025-06-20T13:20:55.900+0000] {processor.py:153} INFO - Started process (PID=2080) to work on /home/airflow/.local/lib/python3.7/site-packages/airflow/example_dags/example_time_delta_sensor_async.py
[2025-06-20T13:20:55.901+0000] {processor.py:640} INFO - Processing file /home/airflow/.local/lib/python3.7/site-packages/airflow/example_dags/example_time_delta_sensor_async.py for tasks to queue
[2025-06-20T13:20:55.901+0000] {logging_mixin.py:115} INFO - [2025-06-20T13:20:55.901+0000] {dagbag.py:508} INFO - Filling up the DagBag from /home/airflow/.local/lib/python3.7/site-packages/airflow/example_dags/example_time_delta_sensor_async.py
[2025-06-20T13:20:55.903+0000] {processor.py:650} INFO - DAG(s) dict_keys(['example_time_delta_sensor_async']) retrieved from /home/airflow/.local/lib/python3.7/site-packages/airflow/example_dags/example_time_delta_sensor_async.py
[2025-06-20T13:20:55.965+0000] {logging_mixin.py:115} INFO - [2025-06-20T13:20:55.965+0000] {dag.py:2429} INFO - Sync 1 DAGs
[2025-06-20T13:20:55.973+0000] {logging_mixin.py:115} INFO - [2025-06-20T13:20:55.973+0000] {dag.py:2981} INFO - Setting next_dagrun for example_time_delta_sensor_async to None, run_after=None
[2025-06-20T13:20:55.978+0000] {processor.py:161} INFO - Processing /home/airflow/.local/lib/python3.7/site-packages/airflow/example_dags/example_time_delta_sensor_async.py took 0.079 seconds
[2025-06-20T13:21:26.014+0000] {processor.py:153} INFO - Started process (PID=2141) to work on /home/airflow/.local/lib/python3.7/site-packages/airflow/example_dags/example_time_delta_sensor_async.py
[2025-06-20T13:21:26.015+0000] {processor.py:640} INFO - Processing file /home/airflow/.local/lib/python3.7/site-packages/airflow/example_dags/example_time_delta_sensor_async.py for tasks to queue
[2025-06-20T13:21:26.015+0000] {logging_mixin.py:115} INFO - [2025-06-20T13:21:26.015+0000] {dagbag.py:508} INFO - Filling up the DagBag from /home/airflow/.local/lib/python3.7/site-packages/airflow/example_dags/example_time_delta_sensor_async.py
[2025-06-20T13:21:26.018+0000] {processor.py:650} INFO - DAG(s) dict_keys(['example_time_delta_sensor_async']) retrieved from /home/airflow/.local/lib/python3.7/site-packages/airflow/example_dags/example_time_delta_sensor_async.py
[2025-06-20T13:21:26.085+0000] {logging_mixin.py:115} INFO - [2025-06-20T13:21:26.085+0000] {dag.py:2429} INFO - Sync 1 DAGs
[2025-06-20T13:21:26.095+0000] {logging_mixin.py:115} INFO - [2025-06-20T13:21:26.095+0000] {dag.py:2981} INFO - Setting next_dagrun for example_time_delta_sensor_async to None, run_after=None
[2025-06-20T13:21:26.100+0000] {processor.py:161} INFO - Processing /home/airflow/.local/lib/python3.7/site-packages/airflow/example_dags/example_time_delta_sensor_async.py took 0.087 seconds
[2025-06-20T13:21:56.152+0000] {processor.py:153} INFO - Started process (PID=2202) to work on /home/airflow/.local/lib/python3.7/site-packages/airflow/example_dags/example_time_delta_sensor_async.py
[2025-06-20T13:21:56.152+0000] {processor.py:640} INFO - Processing file /home/airflow/.local/lib/python3.7/site-packages/airflow/example_dags/example_time_delta_sensor_async.py for tasks to queue
[2025-06-20T13:21:56.152+0000] {logging_mixin.py:115} INFO - [2025-06-20T13:21:56.152+0000] {dagbag.py:508} INFO - Filling up the DagBag from /home/airflow/.local/lib/python3.7/site-packages/airflow/example_dags/example_time_delta_sensor_async.py
[2025-06-20T13:21:56.155+0000] {processor.py:650} INFO - DAG(s) dict_keys(['example_time_delta_sensor_async']) retrieved from /home/airflow/.local/lib/python3.7/site-packages/airflow/example_dags/example_time_delta_sensor_async.py
[2025-06-20T13:21:56.222+0000] {logging_mixin.py:115} INFO - [2025-06-20T13:21:56.222+0000] {dag.py:2429} INFO - Sync 1 DAGs
[2025-06-20T13:21:56.231+0000] {logging_mixin.py:115} INFO - [2025-06-20T13:21:56.231+0000] {dag.py:2981} INFO - Setting next_dagrun for example_time_delta_sensor_async to None, run_after=None
[2025-06-20T13:21:56.235+0000] {processor.py:161} INFO - Processing /home/airflow/.local/lib/python3.7/site-packages/airflow/example_dags/example_time_delta_sensor_async.py took 0.085 seconds
[2025-06-20T13:22:26.266+0000] {processor.py:153} INFO - Started process (PID=2262) to work on /home/airflow/.local/lib/python3.7/site-packages/airflow/example_dags/example_time_delta_sensor_async.py
[2025-06-20T13:22:26.266+0000] {processor.py:640} INFO - Processing file /home/airflow/.local/lib/python3.7/site-packages/airflow/example_dags/example_time_delta_sensor_async.py for tasks to queue
[2025-06-20T13:22:26.267+0000] {logging_mixin.py:115} INFO - [2025-06-20T13:22:26.267+0000] {dagbag.py:508} INFO - Filling up the DagBag from /home/airflow/.local/lib/python3.7/site-packages/airflow/example_dags/example_time_delta_sensor_async.py
[2025-06-20T13:22:26.269+0000] {processor.py:650} INFO - DAG(s) dict_keys(['example_time_delta_sensor_async']) retrieved from /home/airflow/.local/lib/python3.7/site-packages/airflow/example_dags/example_time_delta_sensor_async.py
[2025-06-20T13:22:26.337+0000] {logging_mixin.py:115} INFO - [2025-06-20T13:22:26.337+0000] {dag.py:2429} INFO - Sync 1 DAGs
[2025-06-20T13:22:26.347+0000] {logging_mixin.py:115} INFO - [2025-06-20T13:22:26.347+0000] {dag.py:2981} INFO - Setting next_dagrun for example_time_delta_sensor_async to None, run_after=None
[2025-06-20T13:22:26.352+0000] {processor.py:161} INFO - Processing /home/airflow/.local/lib/python3.7/site-packages/airflow/example_dags/example_time_delta_sensor_async.py took 0.087 seconds
[2025-06-20T13:22:56.423+0000] {processor.py:153} INFO - Started process (PID=2323) to work on /home/airflow/.local/lib/python3.7/site-packages/airflow/example_dags/example_time_delta_sensor_async.py
[2025-06-20T13:22:56.425+0000] {processor.py:640} INFO - Processing file /home/airflow/.local/lib/python3.7/site-packages/airflow/example_dags/example_time_delta_sensor_async.py for tasks to queue
[2025-06-20T13:22:56.426+0000] {logging_mixin.py:115} INFO - [2025-06-20T13:22:56.426+0000] {dagbag.py:508} INFO - Filling up the DagBag from /home/airflow/.local/lib/python3.7/site-packages/airflow/example_dags/example_time_delta_sensor_async.py
[2025-06-20T13:22:56.431+0000] {processor.py:650} INFO - DAG(s) dict_keys(['example_time_delta_sensor_async']) retrieved from /home/airflow/.local/lib/python3.7/site-packages/airflow/example_dags/example_time_delta_sensor_async.py
[2025-06-20T13:22:56.512+0000] {logging_mixin.py:115} INFO - [2025-06-20T13:22:56.512+0000] {dag.py:2429} INFO - Sync 1 DAGs
[2025-06-20T13:22:56.521+0000] {logging_mixin.py:115} INFO - [2025-06-20T13:22:56.521+0000] {dag.py:2981} INFO - Setting next_dagrun for example_time_delta_sensor_async to None, run_after=None
[2025-06-20T13:22:56.526+0000] {processor.py:161} INFO - Processing /home/airflow/.local/lib/python3.7/site-packages/airflow/example_dags/example_time_delta_sensor_async.py took 0.107 seconds
[2025-06-20T13:23:26.558+0000] {processor.py:153} INFO - Started process (PID=2375) to work on /home/airflow/.local/lib/python3.7/site-packages/airflow/example_dags/example_time_delta_sensor_async.py
[2025-06-20T13:23:26.560+0000] {processor.py:640} INFO - Processing file /home/airflow/.local/lib/python3.7/site-packages/airflow/example_dags/example_time_delta_sensor_async.py for tasks to queue
[2025-06-20T13:23:26.561+0000] {logging_mixin.py:115} INFO - [2025-06-20T13:23:26.561+0000] {dagbag.py:508} INFO - Filling up the DagBag from /home/airflow/.local/lib/python3.7/site-packages/airflow/example_dags/example_time_delta_sensor_async.py
[2025-06-20T13:23:26.566+0000] {processor.py:650} INFO - DAG(s) dict_keys(['example_time_delta_sensor_async']) retrieved from /home/airflow/.local/lib/python3.7/site-packages/airflow/example_dags/example_time_delta_sensor_async.py
[2025-06-20T13:23:26.648+0000] {logging_mixin.py:115} INFO - [2025-06-20T13:23:26.647+0000] {dag.py:2429} INFO - Sync 1 DAGs
[2025-06-20T13:23:26.658+0000] {logging_mixin.py:115} INFO - [2025-06-20T13:23:26.658+0000] {dag.py:2981} INFO - Setting next_dagrun for example_time_delta_sensor_async to None, run_after=None
[2025-06-20T13:23:26.662+0000] {processor.py:161} INFO - Processing /home/airflow/.local/lib/python3.7/site-packages/airflow/example_dags/example_time_delta_sensor_async.py took 0.108 seconds
[2025-06-20T13:23:56.707+0000] {processor.py:153} INFO - Started process (PID=2436) to work on /home/airflow/.local/lib/python3.7/site-packages/airflow/example_dags/example_time_delta_sensor_async.py
[2025-06-20T13:23:56.709+0000] {processor.py:640} INFO - Processing file /home/airflow/.local/lib/python3.7/site-packages/airflow/example_dags/example_time_delta_sensor_async.py for tasks to queue
[2025-06-20T13:23:56.710+0000] {logging_mixin.py:115} INFO - [2025-06-20T13:23:56.710+0000] {dagbag.py:508} INFO - Filling up the DagBag from /home/airflow/.local/lib/python3.7/site-packages/airflow/example_dags/example_time_delta_sensor_async.py
[2025-06-20T13:23:56.716+0000] {processor.py:650} INFO - DAG(s) dict_keys(['example_time_delta_sensor_async']) retrieved from /home/airflow/.local/lib/python3.7/site-packages/airflow/example_dags/example_time_delta_sensor_async.py
[2025-06-20T13:23:56.798+0000] {logging_mixin.py:115} INFO - [2025-06-20T13:23:56.798+0000] {dag.py:2429} INFO - Sync 1 DAGs
[2025-06-20T13:23:56.809+0000] {logging_mixin.py:115} INFO - [2025-06-20T13:23:56.808+0000] {dag.py:2981} INFO - Setting next_dagrun for example_time_delta_sensor_async to None, run_after=None
[2025-06-20T13:23:56.816+0000] {processor.py:161} INFO - Processing /home/airflow/.local/lib/python3.7/site-packages/airflow/example_dags/example_time_delta_sensor_async.py took 0.112 seconds
[2025-06-20T13:24:26.901+0000] {processor.py:153} INFO - Started process (PID=2497) to work on /home/airflow/.local/lib/python3.7/site-packages/airflow/example_dags/example_time_delta_sensor_async.py
[2025-06-20T13:24:26.903+0000] {processor.py:640} INFO - Processing file /home/airflow/.local/lib/python3.7/site-packages/airflow/example_dags/example_time_delta_sensor_async.py for tasks to queue
[2025-06-20T13:24:26.904+0000] {logging_mixin.py:115} INFO - [2025-06-20T13:24:26.903+0000] {dagbag.py:508} INFO - Filling up the DagBag from /home/airflow/.local/lib/python3.7/site-packages/airflow/example_dags/example_time_delta_sensor_async.py
[2025-06-20T13:24:26.910+0000] {processor.py:650} INFO - DAG(s) dict_keys(['example_time_delta_sensor_async']) retrieved from /home/airflow/.local/lib/python3.7/site-packages/airflow/example_dags/example_time_delta_sensor_async.py
[2025-06-20T13:24:27.004+0000] {logging_mixin.py:115} INFO - [2025-06-20T13:24:27.004+0000] {dag.py:2429} INFO - Sync 1 DAGs
[2025-06-20T13:24:27.015+0000] {logging_mixin.py:115} INFO - [2025-06-20T13:24:27.015+0000] {dag.py:2981} INFO - Setting next_dagrun for example_time_delta_sensor_async to None, run_after=None
[2025-06-20T13:24:27.021+0000] {processor.py:161} INFO - Processing /home/airflow/.local/lib/python3.7/site-packages/airflow/example_dags/example_time_delta_sensor_async.py took 0.126 seconds
