[2025-06-20T12:58:52.722+0000] {processor.py:153} INFO - Started process (PID=52) to work on /home/airflow/.local/lib/python3.7/site-packages/airflow/example_dags/example_local_kubernetes_executor.py
[2025-06-20T12:58:52.723+0000] {processor.py:640} INFO - Processing file /home/airflow/.local/lib/python3.7/site-packages/airflow/example_dags/example_local_kubernetes_executor.py for tasks to queue
[2025-06-20T12:58:52.724+0000] {logging_mixin.py:115} INFO - [2025-06-20T12:58:52.724+0000] {dagbag.py:508} INFO - Filling up the DagBag from /home/airflow/.local/lib/python3.7/site-packages/airflow/example_dags/example_local_kubernetes_executor.py
[2025-06-20T12:58:52.740+0000] {processor.py:650} INFO - DAG(s) dict_keys(['example_local_kubernetes_executor']) retrieved from /home/airflow/.local/lib/python3.7/site-packages/airflow/example_dags/example_local_kubernetes_executor.py
[2025-06-20T12:58:52.795+0000] {logging_mixin.py:115} INFO - [2025-06-20T12:58:52.794+0000] {manager.py:508} INFO - Created Permission View: can read on DAG:example_local_kubernetes_executor
[2025-06-20T12:58:52.801+0000] {logging_mixin.py:115} INFO - [2025-06-20T12:58:52.801+0000] {manager.py:508} INFO - Created Permission View: can delete on DAG:example_local_kubernetes_executor
[2025-06-20T12:58:52.806+0000] {logging_mixin.py:115} INFO - [2025-06-20T12:58:52.806+0000] {manager.py:508} INFO - Created Permission View: can edit on DAG:example_local_kubernetes_executor
[2025-06-20T12:58:52.806+0000] {logging_mixin.py:115} INFO - [2025-06-20T12:58:52.806+0000] {dag.py:2429} INFO - Sync 1 DAGs
[2025-06-20T12:58:52.812+0000] {logging_mixin.py:115} INFO - [2025-06-20T12:58:52.812+0000] {dag.py:2448} INFO - Creating ORM DAG for example_local_kubernetes_executor
[2025-06-20T12:58:52.820+0000] {logging_mixin.py:115} INFO - [2025-06-20T12:58:52.819+0000] {dag.py:2981} INFO - Setting next_dagrun for example_local_kubernetes_executor to None, run_after=None
[2025-06-20T12:58:52.828+0000] {processor.py:161} INFO - Processing /home/airflow/.local/lib/python3.7/site-packages/airflow/example_dags/example_local_kubernetes_executor.py took 0.108 seconds
[2025-06-20T12:59:23.732+0000] {processor.py:153} INFO - Started process (PID=112) to work on /home/airflow/.local/lib/python3.7/site-packages/airflow/example_dags/example_local_kubernetes_executor.py
[2025-06-20T12:59:23.735+0000] {processor.py:640} INFO - Processing file /home/airflow/.local/lib/python3.7/site-packages/airflow/example_dags/example_local_kubernetes_executor.py for tasks to queue
[2025-06-20T12:59:23.736+0000] {logging_mixin.py:115} INFO - [2025-06-20T12:59:23.736+0000] {dagbag.py:508} INFO - Filling up the DagBag from /home/airflow/.local/lib/python3.7/site-packages/airflow/example_dags/example_local_kubernetes_executor.py
[2025-06-20T12:59:23.747+0000] {processor.py:650} INFO - DAG(s) dict_keys(['example_local_kubernetes_executor']) retrieved from /home/airflow/.local/lib/python3.7/site-packages/airflow/example_dags/example_local_kubernetes_executor.py
[2025-06-20T12:59:23.759+0000] {logging_mixin.py:115} INFO - [2025-06-20T12:59:23.759+0000] {dag.py:2429} INFO - Sync 1 DAGs
[2025-06-20T12:59:23.774+0000] {logging_mixin.py:115} INFO - [2025-06-20T12:59:23.774+0000] {dag.py:2981} INFO - Setting next_dagrun for example_local_kubernetes_executor to None, run_after=None
[2025-06-20T12:59:23.780+0000] {processor.py:161} INFO - Processing /home/airflow/.local/lib/python3.7/site-packages/airflow/example_dags/example_local_kubernetes_executor.py took 0.049 seconds
[2025-06-20T12:59:53.821+0000] {processor.py:153} INFO - Started process (PID=173) to work on /home/airflow/.local/lib/python3.7/site-packages/airflow/example_dags/example_local_kubernetes_executor.py
[2025-06-20T12:59:53.822+0000] {processor.py:640} INFO - Processing file /home/airflow/.local/lib/python3.7/site-packages/airflow/example_dags/example_local_kubernetes_executor.py for tasks to queue
[2025-06-20T12:59:53.822+0000] {logging_mixin.py:115} INFO - [2025-06-20T12:59:53.822+0000] {dagbag.py:508} INFO - Filling up the DagBag from /home/airflow/.local/lib/python3.7/site-packages/airflow/example_dags/example_local_kubernetes_executor.py
[2025-06-20T12:59:53.831+0000] {processor.py:650} INFO - DAG(s) dict_keys(['example_local_kubernetes_executor']) retrieved from /home/airflow/.local/lib/python3.7/site-packages/airflow/example_dags/example_local_kubernetes_executor.py
[2025-06-20T12:59:53.845+0000] {logging_mixin.py:115} INFO - [2025-06-20T12:59:53.845+0000] {dag.py:2429} INFO - Sync 1 DAGs
[2025-06-20T12:59:53.854+0000] {logging_mixin.py:115} INFO - [2025-06-20T12:59:53.854+0000] {dag.py:2981} INFO - Setting next_dagrun for example_local_kubernetes_executor to None, run_after=None
[2025-06-20T12:59:53.862+0000] {processor.py:161} INFO - Processing /home/airflow/.local/lib/python3.7/site-packages/airflow/example_dags/example_local_kubernetes_executor.py took 0.043 seconds
[2025-06-20T13:03:47.453+0000] {processor.py:153} INFO - Started process (PID=51) to work on /home/airflow/.local/lib/python3.7/site-packages/airflow/example_dags/example_local_kubernetes_executor.py
[2025-06-20T13:03:47.455+0000] {processor.py:640} INFO - Processing file /home/airflow/.local/lib/python3.7/site-packages/airflow/example_dags/example_local_kubernetes_executor.py for tasks to queue
[2025-06-20T13:03:47.456+0000] {logging_mixin.py:115} INFO - [2025-06-20T13:03:47.456+0000] {dagbag.py:508} INFO - Filling up the DagBag from /home/airflow/.local/lib/python3.7/site-packages/airflow/example_dags/example_local_kubernetes_executor.py
[2025-06-20T13:03:47.478+0000] {processor.py:650} INFO - DAG(s) dict_keys(['example_local_kubernetes_executor']) retrieved from /home/airflow/.local/lib/python3.7/site-packages/airflow/example_dags/example_local_kubernetes_executor.py
[2025-06-20T13:03:47.554+0000] {logging_mixin.py:115} INFO - [2025-06-20T13:03:47.554+0000] {manager.py:508} INFO - Created Permission View: can delete on DAG:example_local_kubernetes_executor
[2025-06-20T13:03:47.561+0000] {logging_mixin.py:115} INFO - [2025-06-20T13:03:47.561+0000] {manager.py:508} INFO - Created Permission View: can edit on DAG:example_local_kubernetes_executor
[2025-06-20T13:03:47.565+0000] {logging_mixin.py:115} INFO - [2025-06-20T13:03:47.565+0000] {manager.py:508} INFO - Created Permission View: can read on DAG:example_local_kubernetes_executor
[2025-06-20T13:03:47.565+0000] {logging_mixin.py:115} INFO - [2025-06-20T13:03:47.565+0000] {dag.py:2429} INFO - Sync 1 DAGs
[2025-06-20T13:03:47.569+0000] {logging_mixin.py:115} INFO - [2025-06-20T13:03:47.569+0000] {dag.py:2448} INFO - Creating ORM DAG for example_local_kubernetes_executor
[2025-06-20T13:03:47.578+0000] {logging_mixin.py:115} INFO - [2025-06-20T13:03:47.578+0000] {dag.py:2981} INFO - Setting next_dagrun for example_local_kubernetes_executor to None, run_after=None
[2025-06-20T13:03:47.592+0000] {processor.py:161} INFO - Processing /home/airflow/.local/lib/python3.7/site-packages/airflow/example_dags/example_local_kubernetes_executor.py took 0.142 seconds
[2025-06-20T13:04:18.505+0000] {processor.py:153} INFO - Started process (PID=112) to work on /home/airflow/.local/lib/python3.7/site-packages/airflow/example_dags/example_local_kubernetes_executor.py
[2025-06-20T13:04:18.506+0000] {processor.py:640} INFO - Processing file /home/airflow/.local/lib/python3.7/site-packages/airflow/example_dags/example_local_kubernetes_executor.py for tasks to queue
[2025-06-20T13:04:18.507+0000] {logging_mixin.py:115} INFO - [2025-06-20T13:04:18.507+0000] {dagbag.py:508} INFO - Filling up the DagBag from /home/airflow/.local/lib/python3.7/site-packages/airflow/example_dags/example_local_kubernetes_executor.py
[2025-06-20T13:04:18.520+0000] {processor.py:650} INFO - DAG(s) dict_keys(['example_local_kubernetes_executor']) retrieved from /home/airflow/.local/lib/python3.7/site-packages/airflow/example_dags/example_local_kubernetes_executor.py
[2025-06-20T13:04:18.540+0000] {logging_mixin.py:115} INFO - [2025-06-20T13:04:18.540+0000] {dag.py:2429} INFO - Sync 1 DAGs
[2025-06-20T13:04:18.550+0000] {logging_mixin.py:115} INFO - [2025-06-20T13:04:18.550+0000] {dag.py:2981} INFO - Setting next_dagrun for example_local_kubernetes_executor to None, run_after=None
[2025-06-20T13:04:18.556+0000] {processor.py:161} INFO - Processing /home/airflow/.local/lib/python3.7/site-packages/airflow/example_dags/example_local_kubernetes_executor.py took 0.054 seconds
[2025-06-20T13:04:48.723+0000] {processor.py:153} INFO - Started process (PID=173) to work on /home/airflow/.local/lib/python3.7/site-packages/airflow/example_dags/example_local_kubernetes_executor.py
[2025-06-20T13:04:48.724+0000] {processor.py:640} INFO - Processing file /home/airflow/.local/lib/python3.7/site-packages/airflow/example_dags/example_local_kubernetes_executor.py for tasks to queue
[2025-06-20T13:04:48.725+0000] {logging_mixin.py:115} INFO - [2025-06-20T13:04:48.725+0000] {dagbag.py:508} INFO - Filling up the DagBag from /home/airflow/.local/lib/python3.7/site-packages/airflow/example_dags/example_local_kubernetes_executor.py
[2025-06-20T13:04:48.732+0000] {processor.py:650} INFO - DAG(s) dict_keys(['example_local_kubernetes_executor']) retrieved from /home/airflow/.local/lib/python3.7/site-packages/airflow/example_dags/example_local_kubernetes_executor.py
[2025-06-20T13:04:48.746+0000] {logging_mixin.py:115} INFO - [2025-06-20T13:04:48.746+0000] {dag.py:2429} INFO - Sync 1 DAGs
[2025-06-20T13:04:48.755+0000] {logging_mixin.py:115} INFO - [2025-06-20T13:04:48.755+0000] {dag.py:2981} INFO - Setting next_dagrun for example_local_kubernetes_executor to None, run_after=None
[2025-06-20T13:04:48.760+0000] {processor.py:161} INFO - Processing /home/airflow/.local/lib/python3.7/site-packages/airflow/example_dags/example_local_kubernetes_executor.py took 0.039 seconds
[2025-06-20T13:05:18.953+0000] {processor.py:153} INFO - Started process (PID=233) to work on /home/airflow/.local/lib/python3.7/site-packages/airflow/example_dags/example_local_kubernetes_executor.py
[2025-06-20T13:05:18.957+0000] {processor.py:640} INFO - Processing file /home/airflow/.local/lib/python3.7/site-packages/airflow/example_dags/example_local_kubernetes_executor.py for tasks to queue
[2025-06-20T13:05:18.958+0000] {logging_mixin.py:115} INFO - [2025-06-20T13:05:18.958+0000] {dagbag.py:508} INFO - Filling up the DagBag from /home/airflow/.local/lib/python3.7/site-packages/airflow/example_dags/example_local_kubernetes_executor.py
[2025-06-20T13:05:18.971+0000] {processor.py:650} INFO - DAG(s) dict_keys(['example_local_kubernetes_executor']) retrieved from /home/airflow/.local/lib/python3.7/site-packages/airflow/example_dags/example_local_kubernetes_executor.py
[2025-06-20T13:05:18.986+0000] {logging_mixin.py:115} INFO - [2025-06-20T13:05:18.986+0000] {dag.py:2429} INFO - Sync 1 DAGs
[2025-06-20T13:05:18.997+0000] {logging_mixin.py:115} INFO - [2025-06-20T13:05:18.996+0000] {dag.py:2981} INFO - Setting next_dagrun for example_local_kubernetes_executor to None, run_after=None
[2025-06-20T13:05:19.002+0000] {processor.py:161} INFO - Processing /home/airflow/.local/lib/python3.7/site-packages/airflow/example_dags/example_local_kubernetes_executor.py took 0.052 seconds
[2025-06-20T13:05:49.107+0000] {processor.py:153} INFO - Started process (PID=285) to work on /home/airflow/.local/lib/python3.7/site-packages/airflow/example_dags/example_local_kubernetes_executor.py
[2025-06-20T13:05:49.111+0000] {processor.py:640} INFO - Processing file /home/airflow/.local/lib/python3.7/site-packages/airflow/example_dags/example_local_kubernetes_executor.py for tasks to queue
[2025-06-20T13:05:49.113+0000] {logging_mixin.py:115} INFO - [2025-06-20T13:05:49.113+0000] {dagbag.py:508} INFO - Filling up the DagBag from /home/airflow/.local/lib/python3.7/site-packages/airflow/example_dags/example_local_kubernetes_executor.py
[2025-06-20T13:05:49.126+0000] {processor.py:650} INFO - DAG(s) dict_keys(['example_local_kubernetes_executor']) retrieved from /home/airflow/.local/lib/python3.7/site-packages/airflow/example_dags/example_local_kubernetes_executor.py
[2025-06-20T13:05:49.142+0000] {logging_mixin.py:115} INFO - [2025-06-20T13:05:49.142+0000] {dag.py:2429} INFO - Sync 1 DAGs
[2025-06-20T13:05:49.154+0000] {logging_mixin.py:115} INFO - [2025-06-20T13:05:49.154+0000] {dag.py:2981} INFO - Setting next_dagrun for example_local_kubernetes_executor to None, run_after=None
[2025-06-20T13:05:49.159+0000] {processor.py:161} INFO - Processing /home/airflow/.local/lib/python3.7/site-packages/airflow/example_dags/example_local_kubernetes_executor.py took 0.054 seconds
[2025-06-20T13:06:19.476+0000] {processor.py:153} INFO - Started process (PID=346) to work on /home/airflow/.local/lib/python3.7/site-packages/airflow/example_dags/example_local_kubernetes_executor.py
[2025-06-20T13:06:19.482+0000] {processor.py:640} INFO - Processing file /home/airflow/.local/lib/python3.7/site-packages/airflow/example_dags/example_local_kubernetes_executor.py for tasks to queue
[2025-06-20T13:06:19.483+0000] {logging_mixin.py:115} INFO - [2025-06-20T13:06:19.483+0000] {dagbag.py:508} INFO - Filling up the DagBag from /home/airflow/.local/lib/python3.7/site-packages/airflow/example_dags/example_local_kubernetes_executor.py
[2025-06-20T13:06:19.495+0000] {processor.py:650} INFO - DAG(s) dict_keys(['example_local_kubernetes_executor']) retrieved from /home/airflow/.local/lib/python3.7/site-packages/airflow/example_dags/example_local_kubernetes_executor.py
[2025-06-20T13:06:19.513+0000] {logging_mixin.py:115} INFO - [2025-06-20T13:06:19.512+0000] {dag.py:2429} INFO - Sync 1 DAGs
[2025-06-20T13:06:19.522+0000] {logging_mixin.py:115} INFO - [2025-06-20T13:06:19.522+0000] {dag.py:2981} INFO - Setting next_dagrun for example_local_kubernetes_executor to None, run_after=None
[2025-06-20T13:06:19.526+0000] {processor.py:161} INFO - Processing /home/airflow/.local/lib/python3.7/site-packages/airflow/example_dags/example_local_kubernetes_executor.py took 0.053 seconds
[2025-06-20T13:06:49.664+0000] {processor.py:153} INFO - Started process (PID=406) to work on /home/airflow/.local/lib/python3.7/site-packages/airflow/example_dags/example_local_kubernetes_executor.py
[2025-06-20T13:06:49.667+0000] {processor.py:640} INFO - Processing file /home/airflow/.local/lib/python3.7/site-packages/airflow/example_dags/example_local_kubernetes_executor.py for tasks to queue
[2025-06-20T13:06:49.668+0000] {logging_mixin.py:115} INFO - [2025-06-20T13:06:49.668+0000] {dagbag.py:508} INFO - Filling up the DagBag from /home/airflow/.local/lib/python3.7/site-packages/airflow/example_dags/example_local_kubernetes_executor.py
[2025-06-20T13:06:49.684+0000] {processor.py:650} INFO - DAG(s) dict_keys(['example_local_kubernetes_executor']) retrieved from /home/airflow/.local/lib/python3.7/site-packages/airflow/example_dags/example_local_kubernetes_executor.py
[2025-06-20T13:06:49.699+0000] {logging_mixin.py:115} INFO - [2025-06-20T13:06:49.699+0000] {dag.py:2429} INFO - Sync 1 DAGs
[2025-06-20T13:06:49.711+0000] {logging_mixin.py:115} INFO - [2025-06-20T13:06:49.711+0000] {dag.py:2981} INFO - Setting next_dagrun for example_local_kubernetes_executor to None, run_after=None
[2025-06-20T13:06:49.718+0000] {processor.py:161} INFO - Processing /home/airflow/.local/lib/python3.7/site-packages/airflow/example_dags/example_local_kubernetes_executor.py took 0.058 seconds
[2025-06-20T13:07:19.758+0000] {processor.py:153} INFO - Started process (PID=467) to work on /home/airflow/.local/lib/python3.7/site-packages/airflow/example_dags/example_local_kubernetes_executor.py
[2025-06-20T13:07:19.761+0000] {processor.py:640} INFO - Processing file /home/airflow/.local/lib/python3.7/site-packages/airflow/example_dags/example_local_kubernetes_executor.py for tasks to queue
[2025-06-20T13:07:19.762+0000] {logging_mixin.py:115} INFO - [2025-06-20T13:07:19.762+0000] {dagbag.py:508} INFO - Filling up the DagBag from /home/airflow/.local/lib/python3.7/site-packages/airflow/example_dags/example_local_kubernetes_executor.py
[2025-06-20T13:07:19.776+0000] {processor.py:650} INFO - DAG(s) dict_keys(['example_local_kubernetes_executor']) retrieved from /home/airflow/.local/lib/python3.7/site-packages/airflow/example_dags/example_local_kubernetes_executor.py
[2025-06-20T13:07:19.792+0000] {logging_mixin.py:115} INFO - [2025-06-20T13:07:19.792+0000] {dag.py:2429} INFO - Sync 1 DAGs
[2025-06-20T13:07:19.803+0000] {logging_mixin.py:115} INFO - [2025-06-20T13:07:19.803+0000] {dag.py:2981} INFO - Setting next_dagrun for example_local_kubernetes_executor to None, run_after=None
[2025-06-20T13:07:19.811+0000] {processor.py:161} INFO - Processing /home/airflow/.local/lib/python3.7/site-packages/airflow/example_dags/example_local_kubernetes_executor.py took 0.056 seconds
[2025-06-20T13:07:49.874+0000] {processor.py:153} INFO - Started process (PID=528) to work on /home/airflow/.local/lib/python3.7/site-packages/airflow/example_dags/example_local_kubernetes_executor.py
[2025-06-20T13:07:49.874+0000] {processor.py:640} INFO - Processing file /home/airflow/.local/lib/python3.7/site-packages/airflow/example_dags/example_local_kubernetes_executor.py for tasks to queue
[2025-06-20T13:07:49.875+0000] {logging_mixin.py:115} INFO - [2025-06-20T13:07:49.875+0000] {dagbag.py:508} INFO - Filling up the DagBag from /home/airflow/.local/lib/python3.7/site-packages/airflow/example_dags/example_local_kubernetes_executor.py
[2025-06-20T13:07:49.886+0000] {processor.py:650} INFO - DAG(s) dict_keys(['example_local_kubernetes_executor']) retrieved from /home/airflow/.local/lib/python3.7/site-packages/airflow/example_dags/example_local_kubernetes_executor.py
[2025-06-20T13:07:49.907+0000] {logging_mixin.py:115} INFO - [2025-06-20T13:07:49.906+0000] {dag.py:2429} INFO - Sync 1 DAGs
[2025-06-20T13:07:49.916+0000] {logging_mixin.py:115} INFO - [2025-06-20T13:07:49.916+0000] {dag.py:2981} INFO - Setting next_dagrun for example_local_kubernetes_executor to None, run_after=None
[2025-06-20T13:07:49.921+0000] {processor.py:161} INFO - Processing /home/airflow/.local/lib/python3.7/site-packages/airflow/example_dags/example_local_kubernetes_executor.py took 0.050 seconds
[2025-06-20T13:08:19.976+0000] {processor.py:153} INFO - Started process (PID=589) to work on /home/airflow/.local/lib/python3.7/site-packages/airflow/example_dags/example_local_kubernetes_executor.py
[2025-06-20T13:08:19.978+0000] {processor.py:640} INFO - Processing file /home/airflow/.local/lib/python3.7/site-packages/airflow/example_dags/example_local_kubernetes_executor.py for tasks to queue
[2025-06-20T13:08:19.978+0000] {logging_mixin.py:115} INFO - [2025-06-20T13:08:19.978+0000] {dagbag.py:508} INFO - Filling up the DagBag from /home/airflow/.local/lib/python3.7/site-packages/airflow/example_dags/example_local_kubernetes_executor.py
[2025-06-20T13:08:19.986+0000] {processor.py:650} INFO - DAG(s) dict_keys(['example_local_kubernetes_executor']) retrieved from /home/airflow/.local/lib/python3.7/site-packages/airflow/example_dags/example_local_kubernetes_executor.py
[2025-06-20T13:08:20.000+0000] {logging_mixin.py:115} INFO - [2025-06-20T13:08:20.000+0000] {dag.py:2429} INFO - Sync 1 DAGs
[2025-06-20T13:08:20.009+0000] {logging_mixin.py:115} INFO - [2025-06-20T13:08:20.009+0000] {dag.py:2981} INFO - Setting next_dagrun for example_local_kubernetes_executor to None, run_after=None
[2025-06-20T13:08:20.015+0000] {processor.py:161} INFO - Processing /home/airflow/.local/lib/python3.7/site-packages/airflow/example_dags/example_local_kubernetes_executor.py took 0.040 seconds
[2025-06-20T13:08:50.043+0000] {processor.py:153} INFO - Started process (PID=641) to work on /home/airflow/.local/lib/python3.7/site-packages/airflow/example_dags/example_local_kubernetes_executor.py
[2025-06-20T13:08:50.048+0000] {processor.py:640} INFO - Processing file /home/airflow/.local/lib/python3.7/site-packages/airflow/example_dags/example_local_kubernetes_executor.py for tasks to queue
[2025-06-20T13:08:50.048+0000] {logging_mixin.py:115} INFO - [2025-06-20T13:08:50.048+0000] {dagbag.py:508} INFO - Filling up the DagBag from /home/airflow/.local/lib/python3.7/site-packages/airflow/example_dags/example_local_kubernetes_executor.py
[2025-06-20T13:08:50.060+0000] {processor.py:650} INFO - DAG(s) dict_keys(['example_local_kubernetes_executor']) retrieved from /home/airflow/.local/lib/python3.7/site-packages/airflow/example_dags/example_local_kubernetes_executor.py
[2025-06-20T13:08:50.072+0000] {logging_mixin.py:115} INFO - [2025-06-20T13:08:50.072+0000] {dag.py:2429} INFO - Sync 1 DAGs
[2025-06-20T13:08:50.086+0000] {logging_mixin.py:115} INFO - [2025-06-20T13:08:50.086+0000] {dag.py:2981} INFO - Setting next_dagrun for example_local_kubernetes_executor to None, run_after=None
[2025-06-20T13:08:50.092+0000] {processor.py:161} INFO - Processing /home/airflow/.local/lib/python3.7/site-packages/airflow/example_dags/example_local_kubernetes_executor.py took 0.051 seconds
[2025-06-20T13:09:20.178+0000] {processor.py:153} INFO - Started process (PID=702) to work on /home/airflow/.local/lib/python3.7/site-packages/airflow/example_dags/example_local_kubernetes_executor.py
[2025-06-20T13:09:20.180+0000] {processor.py:640} INFO - Processing file /home/airflow/.local/lib/python3.7/site-packages/airflow/example_dags/example_local_kubernetes_executor.py for tasks to queue
[2025-06-20T13:09:20.181+0000] {logging_mixin.py:115} INFO - [2025-06-20T13:09:20.181+0000] {dagbag.py:508} INFO - Filling up the DagBag from /home/airflow/.local/lib/python3.7/site-packages/airflow/example_dags/example_local_kubernetes_executor.py
[2025-06-20T13:09:20.194+0000] {processor.py:650} INFO - DAG(s) dict_keys(['example_local_kubernetes_executor']) retrieved from /home/airflow/.local/lib/python3.7/site-packages/airflow/example_dags/example_local_kubernetes_executor.py
[2025-06-20T13:09:20.207+0000] {logging_mixin.py:115} INFO - [2025-06-20T13:09:20.207+0000] {dag.py:2429} INFO - Sync 1 DAGs
[2025-06-20T13:09:20.220+0000] {logging_mixin.py:115} INFO - [2025-06-20T13:09:20.220+0000] {dag.py:2981} INFO - Setting next_dagrun for example_local_kubernetes_executor to None, run_after=None
[2025-06-20T13:09:20.227+0000] {processor.py:161} INFO - Processing /home/airflow/.local/lib/python3.7/site-packages/airflow/example_dags/example_local_kubernetes_executor.py took 0.052 seconds
[2025-06-20T13:09:50.270+0000] {processor.py:153} INFO - Started process (PID=763) to work on /home/airflow/.local/lib/python3.7/site-packages/airflow/example_dags/example_local_kubernetes_executor.py
[2025-06-20T13:09:50.271+0000] {processor.py:640} INFO - Processing file /home/airflow/.local/lib/python3.7/site-packages/airflow/example_dags/example_local_kubernetes_executor.py for tasks to queue
[2025-06-20T13:09:50.272+0000] {logging_mixin.py:115} INFO - [2025-06-20T13:09:50.271+0000] {dagbag.py:508} INFO - Filling up the DagBag from /home/airflow/.local/lib/python3.7/site-packages/airflow/example_dags/example_local_kubernetes_executor.py
[2025-06-20T13:09:50.286+0000] {processor.py:650} INFO - DAG(s) dict_keys(['example_local_kubernetes_executor']) retrieved from /home/airflow/.local/lib/python3.7/site-packages/airflow/example_dags/example_local_kubernetes_executor.py
[2025-06-20T13:09:50.300+0000] {logging_mixin.py:115} INFO - [2025-06-20T13:09:50.300+0000] {dag.py:2429} INFO - Sync 1 DAGs
[2025-06-20T13:09:50.311+0000] {logging_mixin.py:115} INFO - [2025-06-20T13:09:50.311+0000] {dag.py:2981} INFO - Setting next_dagrun for example_local_kubernetes_executor to None, run_after=None
[2025-06-20T13:09:50.318+0000] {processor.py:161} INFO - Processing /home/airflow/.local/lib/python3.7/site-packages/airflow/example_dags/example_local_kubernetes_executor.py took 0.051 seconds
[2025-06-20T13:10:20.431+0000] {processor.py:153} INFO - Started process (PID=824) to work on /home/airflow/.local/lib/python3.7/site-packages/airflow/example_dags/example_local_kubernetes_executor.py
[2025-06-20T13:10:20.435+0000] {processor.py:640} INFO - Processing file /home/airflow/.local/lib/python3.7/site-packages/airflow/example_dags/example_local_kubernetes_executor.py for tasks to queue
[2025-06-20T13:10:20.436+0000] {logging_mixin.py:115} INFO - [2025-06-20T13:10:20.435+0000] {dagbag.py:508} INFO - Filling up the DagBag from /home/airflow/.local/lib/python3.7/site-packages/airflow/example_dags/example_local_kubernetes_executor.py
[2025-06-20T13:10:20.443+0000] {processor.py:650} INFO - DAG(s) dict_keys(['example_local_kubernetes_executor']) retrieved from /home/airflow/.local/lib/python3.7/site-packages/airflow/example_dags/example_local_kubernetes_executor.py
[2025-06-20T13:10:20.455+0000] {logging_mixin.py:115} INFO - [2025-06-20T13:10:20.455+0000] {dag.py:2429} INFO - Sync 1 DAGs
[2025-06-20T13:10:20.465+0000] {logging_mixin.py:115} INFO - [2025-06-20T13:10:20.465+0000] {dag.py:2981} INFO - Setting next_dagrun for example_local_kubernetes_executor to None, run_after=None
[2025-06-20T13:10:20.474+0000] {processor.py:161} INFO - Processing /home/airflow/.local/lib/python3.7/site-packages/airflow/example_dags/example_local_kubernetes_executor.py took 0.044 seconds
[2025-06-20T13:10:50.572+0000] {processor.py:153} INFO - Started process (PID=885) to work on /home/airflow/.local/lib/python3.7/site-packages/airflow/example_dags/example_local_kubernetes_executor.py
[2025-06-20T13:10:50.575+0000] {processor.py:640} INFO - Processing file /home/airflow/.local/lib/python3.7/site-packages/airflow/example_dags/example_local_kubernetes_executor.py for tasks to queue
[2025-06-20T13:10:50.576+0000] {logging_mixin.py:115} INFO - [2025-06-20T13:10:50.575+0000] {dagbag.py:508} INFO - Filling up the DagBag from /home/airflow/.local/lib/python3.7/site-packages/airflow/example_dags/example_local_kubernetes_executor.py
[2025-06-20T13:10:50.583+0000] {processor.py:650} INFO - DAG(s) dict_keys(['example_local_kubernetes_executor']) retrieved from /home/airflow/.local/lib/python3.7/site-packages/airflow/example_dags/example_local_kubernetes_executor.py
[2025-06-20T13:10:50.593+0000] {logging_mixin.py:115} INFO - [2025-06-20T13:10:50.593+0000] {dag.py:2429} INFO - Sync 1 DAGs
[2025-06-20T13:10:50.601+0000] {logging_mixin.py:115} INFO - [2025-06-20T13:10:50.601+0000] {dag.py:2981} INFO - Setting next_dagrun for example_local_kubernetes_executor to None, run_after=None
[2025-06-20T13:10:50.606+0000] {processor.py:161} INFO - Processing /home/airflow/.local/lib/python3.7/site-packages/airflow/example_dags/example_local_kubernetes_executor.py took 0.036 seconds
[2025-06-20T13:11:20.720+0000] {processor.py:153} INFO - Started process (PID=944) to work on /home/airflow/.local/lib/python3.7/site-packages/airflow/example_dags/example_local_kubernetes_executor.py
[2025-06-20T13:11:20.720+0000] {processor.py:640} INFO - Processing file /home/airflow/.local/lib/python3.7/site-packages/airflow/example_dags/example_local_kubernetes_executor.py for tasks to queue
[2025-06-20T13:11:20.724+0000] {logging_mixin.py:115} INFO - [2025-06-20T13:11:20.724+0000] {dagbag.py:508} INFO - Filling up the DagBag from /home/airflow/.local/lib/python3.7/site-packages/airflow/example_dags/example_local_kubernetes_executor.py
[2025-06-20T13:11:20.732+0000] {processor.py:650} INFO - DAG(s) dict_keys(['example_local_kubernetes_executor']) retrieved from /home/airflow/.local/lib/python3.7/site-packages/airflow/example_dags/example_local_kubernetes_executor.py
[2025-06-20T13:11:20.746+0000] {logging_mixin.py:115} INFO - [2025-06-20T13:11:20.746+0000] {dag.py:2429} INFO - Sync 1 DAGs
[2025-06-20T13:11:20.772+0000] {logging_mixin.py:115} INFO - [2025-06-20T13:11:20.772+0000] {dag.py:2981} INFO - Setting next_dagrun for example_local_kubernetes_executor to None, run_after=None
[2025-06-20T13:11:20.786+0000] {processor.py:161} INFO - Processing /home/airflow/.local/lib/python3.7/site-packages/airflow/example_dags/example_local_kubernetes_executor.py took 0.067 seconds
[2025-06-20T13:11:50.858+0000] {processor.py:153} INFO - Started process (PID=998) to work on /home/airflow/.local/lib/python3.7/site-packages/airflow/example_dags/example_local_kubernetes_executor.py
[2025-06-20T13:11:50.862+0000] {processor.py:640} INFO - Processing file /home/airflow/.local/lib/python3.7/site-packages/airflow/example_dags/example_local_kubernetes_executor.py for tasks to queue
[2025-06-20T13:11:50.862+0000] {logging_mixin.py:115} INFO - [2025-06-20T13:11:50.862+0000] {dagbag.py:508} INFO - Filling up the DagBag from /home/airflow/.local/lib/python3.7/site-packages/airflow/example_dags/example_local_kubernetes_executor.py
[2025-06-20T13:11:50.869+0000] {processor.py:650} INFO - DAG(s) dict_keys(['example_local_kubernetes_executor']) retrieved from /home/airflow/.local/lib/python3.7/site-packages/airflow/example_dags/example_local_kubernetes_executor.py
[2025-06-20T13:11:50.879+0000] {logging_mixin.py:115} INFO - [2025-06-20T13:11:50.879+0000] {dag.py:2429} INFO - Sync 1 DAGs
[2025-06-20T13:11:50.888+0000] {logging_mixin.py:115} INFO - [2025-06-20T13:11:50.888+0000] {dag.py:2981} INFO - Setting next_dagrun for example_local_kubernetes_executor to None, run_after=None
[2025-06-20T13:11:50.897+0000] {processor.py:161} INFO - Processing /home/airflow/.local/lib/python3.7/site-packages/airflow/example_dags/example_local_kubernetes_executor.py took 0.040 seconds
[2025-06-20T13:12:20.923+0000] {processor.py:153} INFO - Started process (PID=1058) to work on /home/airflow/.local/lib/python3.7/site-packages/airflow/example_dags/example_local_kubernetes_executor.py
[2025-06-20T13:12:20.926+0000] {processor.py:640} INFO - Processing file /home/airflow/.local/lib/python3.7/site-packages/airflow/example_dags/example_local_kubernetes_executor.py for tasks to queue
[2025-06-20T13:12:20.926+0000] {logging_mixin.py:115} INFO - [2025-06-20T13:12:20.926+0000] {dagbag.py:508} INFO - Filling up the DagBag from /home/airflow/.local/lib/python3.7/site-packages/airflow/example_dags/example_local_kubernetes_executor.py
[2025-06-20T13:12:20.940+0000] {processor.py:650} INFO - DAG(s) dict_keys(['example_local_kubernetes_executor']) retrieved from /home/airflow/.local/lib/python3.7/site-packages/airflow/example_dags/example_local_kubernetes_executor.py
[2025-06-20T13:12:20.953+0000] {logging_mixin.py:115} INFO - [2025-06-20T13:12:20.953+0000] {dag.py:2429} INFO - Sync 1 DAGs
[2025-06-20T13:12:20.971+0000] {logging_mixin.py:115} INFO - [2025-06-20T13:12:20.971+0000] {dag.py:2981} INFO - Setting next_dagrun for example_local_kubernetes_executor to None, run_after=None
[2025-06-20T13:12:20.977+0000] {processor.py:161} INFO - Processing /home/airflow/.local/lib/python3.7/site-packages/airflow/example_dags/example_local_kubernetes_executor.py took 0.057 seconds
[2025-06-20T13:12:51.040+0000] {processor.py:153} INFO - Started process (PID=1118) to work on /home/airflow/.local/lib/python3.7/site-packages/airflow/example_dags/example_local_kubernetes_executor.py
[2025-06-20T13:12:51.042+0000] {processor.py:640} INFO - Processing file /home/airflow/.local/lib/python3.7/site-packages/airflow/example_dags/example_local_kubernetes_executor.py for tasks to queue
[2025-06-20T13:12:51.043+0000] {logging_mixin.py:115} INFO - [2025-06-20T13:12:51.043+0000] {dagbag.py:508} INFO - Filling up the DagBag from /home/airflow/.local/lib/python3.7/site-packages/airflow/example_dags/example_local_kubernetes_executor.py
[2025-06-20T13:12:51.059+0000] {processor.py:650} INFO - DAG(s) dict_keys(['example_local_kubernetes_executor']) retrieved from /home/airflow/.local/lib/python3.7/site-packages/airflow/example_dags/example_local_kubernetes_executor.py
[2025-06-20T13:12:51.071+0000] {logging_mixin.py:115} INFO - [2025-06-20T13:12:51.071+0000] {dag.py:2429} INFO - Sync 1 DAGs
[2025-06-20T13:12:51.082+0000] {logging_mixin.py:115} INFO - [2025-06-20T13:12:51.082+0000] {dag.py:2981} INFO - Setting next_dagrun for example_local_kubernetes_executor to None, run_after=None
[2025-06-20T13:12:51.087+0000] {processor.py:161} INFO - Processing /home/airflow/.local/lib/python3.7/site-packages/airflow/example_dags/example_local_kubernetes_executor.py took 0.051 seconds
[2025-06-20T13:13:21.156+0000] {processor.py:153} INFO - Started process (PID=1180) to work on /home/airflow/.local/lib/python3.7/site-packages/airflow/example_dags/example_local_kubernetes_executor.py
[2025-06-20T13:13:21.159+0000] {processor.py:640} INFO - Processing file /home/airflow/.local/lib/python3.7/site-packages/airflow/example_dags/example_local_kubernetes_executor.py for tasks to queue
[2025-06-20T13:13:21.159+0000] {logging_mixin.py:115} INFO - [2025-06-20T13:13:21.159+0000] {dagbag.py:508} INFO - Filling up the DagBag from /home/airflow/.local/lib/python3.7/site-packages/airflow/example_dags/example_local_kubernetes_executor.py
[2025-06-20T13:13:21.175+0000] {processor.py:650} INFO - DAG(s) dict_keys(['example_local_kubernetes_executor']) retrieved from /home/airflow/.local/lib/python3.7/site-packages/airflow/example_dags/example_local_kubernetes_executor.py
[2025-06-20T13:13:21.188+0000] {logging_mixin.py:115} INFO - [2025-06-20T13:13:21.187+0000] {dag.py:2429} INFO - Sync 1 DAGs
[2025-06-20T13:13:21.201+0000] {logging_mixin.py:115} INFO - [2025-06-20T13:13:21.201+0000] {dag.py:2981} INFO - Setting next_dagrun for example_local_kubernetes_executor to None, run_after=None
[2025-06-20T13:13:21.207+0000] {processor.py:161} INFO - Processing /home/airflow/.local/lib/python3.7/site-packages/airflow/example_dags/example_local_kubernetes_executor.py took 0.053 seconds
[2025-06-20T13:13:51.491+0000] {processor.py:153} INFO - Started process (PID=1242) to work on /home/airflow/.local/lib/python3.7/site-packages/airflow/example_dags/example_local_kubernetes_executor.py
[2025-06-20T13:13:51.491+0000] {processor.py:640} INFO - Processing file /home/airflow/.local/lib/python3.7/site-packages/airflow/example_dags/example_local_kubernetes_executor.py for tasks to queue
[2025-06-20T13:13:51.492+0000] {logging_mixin.py:115} INFO - [2025-06-20T13:13:51.492+0000] {dagbag.py:508} INFO - Filling up the DagBag from /home/airflow/.local/lib/python3.7/site-packages/airflow/example_dags/example_local_kubernetes_executor.py
[2025-06-20T13:13:51.501+0000] {processor.py:650} INFO - DAG(s) dict_keys(['example_local_kubernetes_executor']) retrieved from /home/airflow/.local/lib/python3.7/site-packages/airflow/example_dags/example_local_kubernetes_executor.py
[2025-06-20T13:13:51.515+0000] {logging_mixin.py:115} INFO - [2025-06-20T13:13:51.515+0000] {dag.py:2429} INFO - Sync 1 DAGs
[2025-06-20T13:13:51.528+0000] {logging_mixin.py:115} INFO - [2025-06-20T13:13:51.528+0000] {dag.py:2981} INFO - Setting next_dagrun for example_local_kubernetes_executor to None, run_after=None
[2025-06-20T13:13:51.533+0000] {processor.py:161} INFO - Processing /home/airflow/.local/lib/python3.7/site-packages/airflow/example_dags/example_local_kubernetes_executor.py took 0.044 seconds
[2025-06-20T13:14:21.673+0000] {processor.py:153} INFO - Started process (PID=1294) to work on /home/airflow/.local/lib/python3.7/site-packages/airflow/example_dags/example_local_kubernetes_executor.py
[2025-06-20T13:14:21.674+0000] {processor.py:640} INFO - Processing file /home/airflow/.local/lib/python3.7/site-packages/airflow/example_dags/example_local_kubernetes_executor.py for tasks to queue
[2025-06-20T13:14:21.674+0000] {logging_mixin.py:115} INFO - [2025-06-20T13:14:21.674+0000] {dagbag.py:508} INFO - Filling up the DagBag from /home/airflow/.local/lib/python3.7/site-packages/airflow/example_dags/example_local_kubernetes_executor.py
[2025-06-20T13:14:21.681+0000] {processor.py:650} INFO - DAG(s) dict_keys(['example_local_kubernetes_executor']) retrieved from /home/airflow/.local/lib/python3.7/site-packages/airflow/example_dags/example_local_kubernetes_executor.py
[2025-06-20T13:14:21.692+0000] {logging_mixin.py:115} INFO - [2025-06-20T13:14:21.692+0000] {dag.py:2429} INFO - Sync 1 DAGs
[2025-06-20T13:14:21.702+0000] {logging_mixin.py:115} INFO - [2025-06-20T13:14:21.702+0000] {dag.py:2981} INFO - Setting next_dagrun for example_local_kubernetes_executor to None, run_after=None
[2025-06-20T13:14:21.708+0000] {processor.py:161} INFO - Processing /home/airflow/.local/lib/python3.7/site-packages/airflow/example_dags/example_local_kubernetes_executor.py took 0.036 seconds
[2025-06-20T13:14:51.790+0000] {processor.py:153} INFO - Started process (PID=1355) to work on /home/airflow/.local/lib/python3.7/site-packages/airflow/example_dags/example_local_kubernetes_executor.py
[2025-06-20T13:14:51.792+0000] {processor.py:640} INFO - Processing file /home/airflow/.local/lib/python3.7/site-packages/airflow/example_dags/example_local_kubernetes_executor.py for tasks to queue
[2025-06-20T13:14:51.792+0000] {logging_mixin.py:115} INFO - [2025-06-20T13:14:51.792+0000] {dagbag.py:508} INFO - Filling up the DagBag from /home/airflow/.local/lib/python3.7/site-packages/airflow/example_dags/example_local_kubernetes_executor.py
[2025-06-20T13:14:51.800+0000] {processor.py:650} INFO - DAG(s) dict_keys(['example_local_kubernetes_executor']) retrieved from /home/airflow/.local/lib/python3.7/site-packages/airflow/example_dags/example_local_kubernetes_executor.py
[2025-06-20T13:14:51.809+0000] {logging_mixin.py:115} INFO - [2025-06-20T13:14:51.809+0000] {dag.py:2429} INFO - Sync 1 DAGs
[2025-06-20T13:14:51.825+0000] {logging_mixin.py:115} INFO - [2025-06-20T13:14:51.825+0000] {dag.py:2981} INFO - Setting next_dagrun for example_local_kubernetes_executor to None, run_after=None
[2025-06-20T13:14:51.837+0000] {processor.py:161} INFO - Processing /home/airflow/.local/lib/python3.7/site-packages/airflow/example_dags/example_local_kubernetes_executor.py took 0.048 seconds
[2025-06-20T13:15:21.879+0000] {processor.py:153} INFO - Started process (PID=1415) to work on /home/airflow/.local/lib/python3.7/site-packages/airflow/example_dags/example_local_kubernetes_executor.py
[2025-06-20T13:15:21.880+0000] {processor.py:640} INFO - Processing file /home/airflow/.local/lib/python3.7/site-packages/airflow/example_dags/example_local_kubernetes_executor.py for tasks to queue
[2025-06-20T13:15:21.880+0000] {logging_mixin.py:115} INFO - [2025-06-20T13:15:21.880+0000] {dagbag.py:508} INFO - Filling up the DagBag from /home/airflow/.local/lib/python3.7/site-packages/airflow/example_dags/example_local_kubernetes_executor.py
[2025-06-20T13:15:21.887+0000] {processor.py:650} INFO - DAG(s) dict_keys(['example_local_kubernetes_executor']) retrieved from /home/airflow/.local/lib/python3.7/site-packages/airflow/example_dags/example_local_kubernetes_executor.py
[2025-06-20T13:15:21.897+0000] {logging_mixin.py:115} INFO - [2025-06-20T13:15:21.897+0000] {dag.py:2429} INFO - Sync 1 DAGs
[2025-06-20T13:15:21.905+0000] {logging_mixin.py:115} INFO - [2025-06-20T13:15:21.905+0000] {dag.py:2981} INFO - Setting next_dagrun for example_local_kubernetes_executor to None, run_after=None
[2025-06-20T13:15:21.911+0000] {processor.py:161} INFO - Processing /home/airflow/.local/lib/python3.7/site-packages/airflow/example_dags/example_local_kubernetes_executor.py took 0.033 seconds
[2025-06-20T13:15:51.932+0000] {processor.py:153} INFO - Started process (PID=1476) to work on /home/airflow/.local/lib/python3.7/site-packages/airflow/example_dags/example_local_kubernetes_executor.py
[2025-06-20T13:15:51.932+0000] {processor.py:640} INFO - Processing file /home/airflow/.local/lib/python3.7/site-packages/airflow/example_dags/example_local_kubernetes_executor.py for tasks to queue
[2025-06-20T13:15:51.933+0000] {logging_mixin.py:115} INFO - [2025-06-20T13:15:51.933+0000] {dagbag.py:508} INFO - Filling up the DagBag from /home/airflow/.local/lib/python3.7/site-packages/airflow/example_dags/example_local_kubernetes_executor.py
[2025-06-20T13:15:51.946+0000] {processor.py:650} INFO - DAG(s) dict_keys(['example_local_kubernetes_executor']) retrieved from /home/airflow/.local/lib/python3.7/site-packages/airflow/example_dags/example_local_kubernetes_executor.py
[2025-06-20T13:15:51.959+0000] {logging_mixin.py:115} INFO - [2025-06-20T13:15:51.959+0000] {dag.py:2429} INFO - Sync 1 DAGs
[2025-06-20T13:15:51.970+0000] {logging_mixin.py:115} INFO - [2025-06-20T13:15:51.969+0000] {dag.py:2981} INFO - Setting next_dagrun for example_local_kubernetes_executor to None, run_after=None
[2025-06-20T13:15:51.976+0000] {processor.py:161} INFO - Processing /home/airflow/.local/lib/python3.7/site-packages/airflow/example_dags/example_local_kubernetes_executor.py took 0.047 seconds
[2025-06-20T13:16:22.124+0000] {processor.py:153} INFO - Started process (PID=1537) to work on /home/airflow/.local/lib/python3.7/site-packages/airflow/example_dags/example_local_kubernetes_executor.py
[2025-06-20T13:16:22.126+0000] {processor.py:640} INFO - Processing file /home/airflow/.local/lib/python3.7/site-packages/airflow/example_dags/example_local_kubernetes_executor.py for tasks to queue
[2025-06-20T13:16:22.126+0000] {logging_mixin.py:115} INFO - [2025-06-20T13:16:22.126+0000] {dagbag.py:508} INFO - Filling up the DagBag from /home/airflow/.local/lib/python3.7/site-packages/airflow/example_dags/example_local_kubernetes_executor.py
[2025-06-20T13:16:22.137+0000] {processor.py:650} INFO - DAG(s) dict_keys(['example_local_kubernetes_executor']) retrieved from /home/airflow/.local/lib/python3.7/site-packages/airflow/example_dags/example_local_kubernetes_executor.py
[2025-06-20T13:16:22.152+0000] {logging_mixin.py:115} INFO - [2025-06-20T13:16:22.152+0000] {dag.py:2429} INFO - Sync 1 DAGs
[2025-06-20T13:16:22.164+0000] {logging_mixin.py:115} INFO - [2025-06-20T13:16:22.164+0000] {dag.py:2981} INFO - Setting next_dagrun for example_local_kubernetes_executor to None, run_after=None
[2025-06-20T13:16:22.174+0000] {processor.py:161} INFO - Processing /home/airflow/.local/lib/python3.7/site-packages/airflow/example_dags/example_local_kubernetes_executor.py took 0.051 seconds
[2025-06-20T13:16:52.397+0000] {processor.py:153} INFO - Started process (PID=1589) to work on /home/airflow/.local/lib/python3.7/site-packages/airflow/example_dags/example_local_kubernetes_executor.py
[2025-06-20T13:16:52.400+0000] {processor.py:640} INFO - Processing file /home/airflow/.local/lib/python3.7/site-packages/airflow/example_dags/example_local_kubernetes_executor.py for tasks to queue
[2025-06-20T13:16:52.401+0000] {logging_mixin.py:115} INFO - [2025-06-20T13:16:52.401+0000] {dagbag.py:508} INFO - Filling up the DagBag from /home/airflow/.local/lib/python3.7/site-packages/airflow/example_dags/example_local_kubernetes_executor.py
[2025-06-20T13:16:52.413+0000] {processor.py:650} INFO - DAG(s) dict_keys(['example_local_kubernetes_executor']) retrieved from /home/airflow/.local/lib/python3.7/site-packages/airflow/example_dags/example_local_kubernetes_executor.py
[2025-06-20T13:16:52.428+0000] {logging_mixin.py:115} INFO - [2025-06-20T13:16:52.427+0000] {dag.py:2429} INFO - Sync 1 DAGs
[2025-06-20T13:16:52.438+0000] {logging_mixin.py:115} INFO - [2025-06-20T13:16:52.438+0000] {dag.py:2981} INFO - Setting next_dagrun for example_local_kubernetes_executor to None, run_after=None
[2025-06-20T13:16:52.446+0000] {processor.py:161} INFO - Processing /home/airflow/.local/lib/python3.7/site-packages/airflow/example_dags/example_local_kubernetes_executor.py took 0.054 seconds
[2025-06-20T13:17:22.500+0000] {processor.py:153} INFO - Started process (PID=1650) to work on /home/airflow/.local/lib/python3.7/site-packages/airflow/example_dags/example_local_kubernetes_executor.py
[2025-06-20T13:17:22.503+0000] {processor.py:640} INFO - Processing file /home/airflow/.local/lib/python3.7/site-packages/airflow/example_dags/example_local_kubernetes_executor.py for tasks to queue
[2025-06-20T13:17:22.504+0000] {logging_mixin.py:115} INFO - [2025-06-20T13:17:22.504+0000] {dagbag.py:508} INFO - Filling up the DagBag from /home/airflow/.local/lib/python3.7/site-packages/airflow/example_dags/example_local_kubernetes_executor.py
[2025-06-20T13:17:22.520+0000] {processor.py:650} INFO - DAG(s) dict_keys(['example_local_kubernetes_executor']) retrieved from /home/airflow/.local/lib/python3.7/site-packages/airflow/example_dags/example_local_kubernetes_executor.py
[2025-06-20T13:17:22.537+0000] {logging_mixin.py:115} INFO - [2025-06-20T13:17:22.537+0000] {dag.py:2429} INFO - Sync 1 DAGs
[2025-06-20T13:17:22.548+0000] {logging_mixin.py:115} INFO - [2025-06-20T13:17:22.547+0000] {dag.py:2981} INFO - Setting next_dagrun for example_local_kubernetes_executor to None, run_after=None
[2025-06-20T13:17:22.555+0000] {processor.py:161} INFO - Processing /home/airflow/.local/lib/python3.7/site-packages/airflow/example_dags/example_local_kubernetes_executor.py took 0.058 seconds
[2025-06-20T13:17:52.579+0000] {processor.py:153} INFO - Started process (PID=1710) to work on /home/airflow/.local/lib/python3.7/site-packages/airflow/example_dags/example_local_kubernetes_executor.py
[2025-06-20T13:17:52.580+0000] {processor.py:640} INFO - Processing file /home/airflow/.local/lib/python3.7/site-packages/airflow/example_dags/example_local_kubernetes_executor.py for tasks to queue
[2025-06-20T13:17:52.581+0000] {logging_mixin.py:115} INFO - [2025-06-20T13:17:52.581+0000] {dagbag.py:508} INFO - Filling up the DagBag from /home/airflow/.local/lib/python3.7/site-packages/airflow/example_dags/example_local_kubernetes_executor.py
[2025-06-20T13:17:52.598+0000] {processor.py:650} INFO - DAG(s) dict_keys(['example_local_kubernetes_executor']) retrieved from /home/airflow/.local/lib/python3.7/site-packages/airflow/example_dags/example_local_kubernetes_executor.py
[2025-06-20T13:17:52.612+0000] {logging_mixin.py:115} INFO - [2025-06-20T13:17:52.612+0000] {dag.py:2429} INFO - Sync 1 DAGs
[2025-06-20T13:17:52.623+0000] {logging_mixin.py:115} INFO - [2025-06-20T13:17:52.623+0000] {dag.py:2981} INFO - Setting next_dagrun for example_local_kubernetes_executor to None, run_after=None
[2025-06-20T13:17:52.629+0000] {processor.py:161} INFO - Processing /home/airflow/.local/lib/python3.7/site-packages/airflow/example_dags/example_local_kubernetes_executor.py took 0.055 seconds
[2025-06-20T13:18:22.691+0000] {processor.py:153} INFO - Started process (PID=1772) to work on /home/airflow/.local/lib/python3.7/site-packages/airflow/example_dags/example_local_kubernetes_executor.py
[2025-06-20T13:18:22.692+0000] {processor.py:640} INFO - Processing file /home/airflow/.local/lib/python3.7/site-packages/airflow/example_dags/example_local_kubernetes_executor.py for tasks to queue
[2025-06-20T13:18:22.693+0000] {logging_mixin.py:115} INFO - [2025-06-20T13:18:22.693+0000] {dagbag.py:508} INFO - Filling up the DagBag from /home/airflow/.local/lib/python3.7/site-packages/airflow/example_dags/example_local_kubernetes_executor.py
[2025-06-20T13:18:22.706+0000] {processor.py:650} INFO - DAG(s) dict_keys(['example_local_kubernetes_executor']) retrieved from /home/airflow/.local/lib/python3.7/site-packages/airflow/example_dags/example_local_kubernetes_executor.py
[2025-06-20T13:18:22.724+0000] {logging_mixin.py:115} INFO - [2025-06-20T13:18:22.724+0000] {dag.py:2429} INFO - Sync 1 DAGs
[2025-06-20T13:18:22.737+0000] {logging_mixin.py:115} INFO - [2025-06-20T13:18:22.737+0000] {dag.py:2981} INFO - Setting next_dagrun for example_local_kubernetes_executor to None, run_after=None
[2025-06-20T13:18:22.745+0000] {processor.py:161} INFO - Processing /home/airflow/.local/lib/python3.7/site-packages/airflow/example_dags/example_local_kubernetes_executor.py took 0.057 seconds
[2025-06-20T13:18:52.959+0000] {processor.py:153} INFO - Started process (PID=1833) to work on /home/airflow/.local/lib/python3.7/site-packages/airflow/example_dags/example_local_kubernetes_executor.py
[2025-06-20T13:18:52.960+0000] {processor.py:640} INFO - Processing file /home/airflow/.local/lib/python3.7/site-packages/airflow/example_dags/example_local_kubernetes_executor.py for tasks to queue
[2025-06-20T13:18:52.964+0000] {logging_mixin.py:115} INFO - [2025-06-20T13:18:52.964+0000] {dagbag.py:508} INFO - Filling up the DagBag from /home/airflow/.local/lib/python3.7/site-packages/airflow/example_dags/example_local_kubernetes_executor.py
[2025-06-20T13:18:52.978+0000] {processor.py:650} INFO - DAG(s) dict_keys(['example_local_kubernetes_executor']) retrieved from /home/airflow/.local/lib/python3.7/site-packages/airflow/example_dags/example_local_kubernetes_executor.py
[2025-06-20T13:18:52.993+0000] {logging_mixin.py:115} INFO - [2025-06-20T13:18:52.993+0000] {dag.py:2429} INFO - Sync 1 DAGs
[2025-06-20T13:18:53.008+0000] {logging_mixin.py:115} INFO - [2025-06-20T13:18:53.008+0000] {dag.py:2981} INFO - Setting next_dagrun for example_local_kubernetes_executor to None, run_after=None
[2025-06-20T13:18:53.016+0000] {processor.py:161} INFO - Processing /home/airflow/.local/lib/python3.7/site-packages/airflow/example_dags/example_local_kubernetes_executor.py took 0.061 seconds
[2025-06-20T13:19:23.106+0000] {processor.py:153} INFO - Started process (PID=1894) to work on /home/airflow/.local/lib/python3.7/site-packages/airflow/example_dags/example_local_kubernetes_executor.py
[2025-06-20T13:19:23.108+0000] {processor.py:640} INFO - Processing file /home/airflow/.local/lib/python3.7/site-packages/airflow/example_dags/example_local_kubernetes_executor.py for tasks to queue
[2025-06-20T13:19:23.109+0000] {logging_mixin.py:115} INFO - [2025-06-20T13:19:23.108+0000] {dagbag.py:508} INFO - Filling up the DagBag from /home/airflow/.local/lib/python3.7/site-packages/airflow/example_dags/example_local_kubernetes_executor.py
[2025-06-20T13:19:23.122+0000] {processor.py:650} INFO - DAG(s) dict_keys(['example_local_kubernetes_executor']) retrieved from /home/airflow/.local/lib/python3.7/site-packages/airflow/example_dags/example_local_kubernetes_executor.py
[2025-06-20T13:19:23.136+0000] {logging_mixin.py:115} INFO - [2025-06-20T13:19:23.136+0000] {dag.py:2429} INFO - Sync 1 DAGs
[2025-06-20T13:19:23.148+0000] {logging_mixin.py:115} INFO - [2025-06-20T13:19:23.148+0000] {dag.py:2981} INFO - Setting next_dagrun for example_local_kubernetes_executor to None, run_after=None
[2025-06-20T13:19:23.153+0000] {processor.py:161} INFO - Processing /home/airflow/.local/lib/python3.7/site-packages/airflow/example_dags/example_local_kubernetes_executor.py took 0.050 seconds
[2025-06-20T13:19:53.232+0000] {processor.py:153} INFO - Started process (PID=1946) to work on /home/airflow/.local/lib/python3.7/site-packages/airflow/example_dags/example_local_kubernetes_executor.py
[2025-06-20T13:19:53.233+0000] {processor.py:640} INFO - Processing file /home/airflow/.local/lib/python3.7/site-packages/airflow/example_dags/example_local_kubernetes_executor.py for tasks to queue
[2025-06-20T13:19:53.233+0000] {logging_mixin.py:115} INFO - [2025-06-20T13:19:53.233+0000] {dagbag.py:508} INFO - Filling up the DagBag from /home/airflow/.local/lib/python3.7/site-packages/airflow/example_dags/example_local_kubernetes_executor.py
[2025-06-20T13:19:53.247+0000] {processor.py:650} INFO - DAG(s) dict_keys(['example_local_kubernetes_executor']) retrieved from /home/airflow/.local/lib/python3.7/site-packages/airflow/example_dags/example_local_kubernetes_executor.py
[2025-06-20T13:19:53.263+0000] {logging_mixin.py:115} INFO - [2025-06-20T13:19:53.263+0000] {dag.py:2429} INFO - Sync 1 DAGs
[2025-06-20T13:19:53.275+0000] {logging_mixin.py:115} INFO - [2025-06-20T13:19:53.275+0000] {dag.py:2981} INFO - Setting next_dagrun for example_local_kubernetes_executor to None, run_after=None
[2025-06-20T13:19:53.281+0000] {processor.py:161} INFO - Processing /home/airflow/.local/lib/python3.7/site-packages/airflow/example_dags/example_local_kubernetes_executor.py took 0.053 seconds
[2025-06-20T13:20:23.313+0000] {processor.py:153} INFO - Started process (PID=2006) to work on /home/airflow/.local/lib/python3.7/site-packages/airflow/example_dags/example_local_kubernetes_executor.py
[2025-06-20T13:20:23.315+0000] {processor.py:640} INFO - Processing file /home/airflow/.local/lib/python3.7/site-packages/airflow/example_dags/example_local_kubernetes_executor.py for tasks to queue
[2025-06-20T13:20:23.315+0000] {logging_mixin.py:115} INFO - [2025-06-20T13:20:23.315+0000] {dagbag.py:508} INFO - Filling up the DagBag from /home/airflow/.local/lib/python3.7/site-packages/airflow/example_dags/example_local_kubernetes_executor.py
[2025-06-20T13:20:23.331+0000] {processor.py:650} INFO - DAG(s) dict_keys(['example_local_kubernetes_executor']) retrieved from /home/airflow/.local/lib/python3.7/site-packages/airflow/example_dags/example_local_kubernetes_executor.py
[2025-06-20T13:20:23.348+0000] {logging_mixin.py:115} INFO - [2025-06-20T13:20:23.348+0000] {dag.py:2429} INFO - Sync 1 DAGs
[2025-06-20T13:20:23.360+0000] {logging_mixin.py:115} INFO - [2025-06-20T13:20:23.360+0000] {dag.py:2981} INFO - Setting next_dagrun for example_local_kubernetes_executor to None, run_after=None
[2025-06-20T13:20:23.365+0000] {processor.py:161} INFO - Processing /home/airflow/.local/lib/python3.7/site-packages/airflow/example_dags/example_local_kubernetes_executor.py took 0.057 seconds
[2025-06-20T13:20:53.492+0000] {processor.py:153} INFO - Started process (PID=2068) to work on /home/airflow/.local/lib/python3.7/site-packages/airflow/example_dags/example_local_kubernetes_executor.py
[2025-06-20T13:20:53.497+0000] {processor.py:640} INFO - Processing file /home/airflow/.local/lib/python3.7/site-packages/airflow/example_dags/example_local_kubernetes_executor.py for tasks to queue
[2025-06-20T13:20:53.497+0000] {logging_mixin.py:115} INFO - [2025-06-20T13:20:53.497+0000] {dagbag.py:508} INFO - Filling up the DagBag from /home/airflow/.local/lib/python3.7/site-packages/airflow/example_dags/example_local_kubernetes_executor.py
[2025-06-20T13:20:53.511+0000] {processor.py:650} INFO - DAG(s) dict_keys(['example_local_kubernetes_executor']) retrieved from /home/airflow/.local/lib/python3.7/site-packages/airflow/example_dags/example_local_kubernetes_executor.py
[2025-06-20T13:20:53.526+0000] {logging_mixin.py:115} INFO - [2025-06-20T13:20:53.526+0000] {dag.py:2429} INFO - Sync 1 DAGs
[2025-06-20T13:20:53.541+0000] {logging_mixin.py:115} INFO - [2025-06-20T13:20:53.541+0000] {dag.py:2981} INFO - Setting next_dagrun for example_local_kubernetes_executor to None, run_after=None
[2025-06-20T13:20:53.546+0000] {processor.py:161} INFO - Processing /home/airflow/.local/lib/python3.7/site-packages/airflow/example_dags/example_local_kubernetes_executor.py took 0.057 seconds
[2025-06-20T13:21:23.606+0000] {processor.py:153} INFO - Started process (PID=2129) to work on /home/airflow/.local/lib/python3.7/site-packages/airflow/example_dags/example_local_kubernetes_executor.py
[2025-06-20T13:21:23.607+0000] {processor.py:640} INFO - Processing file /home/airflow/.local/lib/python3.7/site-packages/airflow/example_dags/example_local_kubernetes_executor.py for tasks to queue
[2025-06-20T13:21:23.611+0000] {logging_mixin.py:115} INFO - [2025-06-20T13:21:23.611+0000] {dagbag.py:508} INFO - Filling up the DagBag from /home/airflow/.local/lib/python3.7/site-packages/airflow/example_dags/example_local_kubernetes_executor.py
[2025-06-20T13:21:23.622+0000] {processor.py:650} INFO - DAG(s) dict_keys(['example_local_kubernetes_executor']) retrieved from /home/airflow/.local/lib/python3.7/site-packages/airflow/example_dags/example_local_kubernetes_executor.py
[2025-06-20T13:21:23.635+0000] {logging_mixin.py:115} INFO - [2025-06-20T13:21:23.635+0000] {dag.py:2429} INFO - Sync 1 DAGs
[2025-06-20T13:21:23.647+0000] {logging_mixin.py:115} INFO - [2025-06-20T13:21:23.647+0000] {dag.py:2981} INFO - Setting next_dagrun for example_local_kubernetes_executor to None, run_after=None
[2025-06-20T13:21:23.654+0000] {processor.py:161} INFO - Processing /home/airflow/.local/lib/python3.7/site-packages/airflow/example_dags/example_local_kubernetes_executor.py took 0.051 seconds
[2025-06-20T13:21:53.720+0000] {processor.py:153} INFO - Started process (PID=2190) to work on /home/airflow/.local/lib/python3.7/site-packages/airflow/example_dags/example_local_kubernetes_executor.py
[2025-06-20T13:21:53.721+0000] {processor.py:640} INFO - Processing file /home/airflow/.local/lib/python3.7/site-packages/airflow/example_dags/example_local_kubernetes_executor.py for tasks to queue
[2025-06-20T13:21:53.724+0000] {logging_mixin.py:115} INFO - [2025-06-20T13:21:53.724+0000] {dagbag.py:508} INFO - Filling up the DagBag from /home/airflow/.local/lib/python3.7/site-packages/airflow/example_dags/example_local_kubernetes_executor.py
[2025-06-20T13:21:53.736+0000] {processor.py:650} INFO - DAG(s) dict_keys(['example_local_kubernetes_executor']) retrieved from /home/airflow/.local/lib/python3.7/site-packages/airflow/example_dags/example_local_kubernetes_executor.py
[2025-06-20T13:21:53.749+0000] {logging_mixin.py:115} INFO - [2025-06-20T13:21:53.749+0000] {dag.py:2429} INFO - Sync 1 DAGs
[2025-06-20T13:21:53.761+0000] {logging_mixin.py:115} INFO - [2025-06-20T13:21:53.761+0000] {dag.py:2981} INFO - Setting next_dagrun for example_local_kubernetes_executor to None, run_after=None
[2025-06-20T13:21:53.766+0000] {processor.py:161} INFO - Processing /home/airflow/.local/lib/python3.7/site-packages/airflow/example_dags/example_local_kubernetes_executor.py took 0.050 seconds
[2025-06-20T13:22:23.861+0000] {processor.py:153} INFO - Started process (PID=2251) to work on /home/airflow/.local/lib/python3.7/site-packages/airflow/example_dags/example_local_kubernetes_executor.py
[2025-06-20T13:22:23.862+0000] {processor.py:640} INFO - Processing file /home/airflow/.local/lib/python3.7/site-packages/airflow/example_dags/example_local_kubernetes_executor.py for tasks to queue
[2025-06-20T13:22:23.862+0000] {logging_mixin.py:115} INFO - [2025-06-20T13:22:23.862+0000] {dagbag.py:508} INFO - Filling up the DagBag from /home/airflow/.local/lib/python3.7/site-packages/airflow/example_dags/example_local_kubernetes_executor.py
[2025-06-20T13:22:23.870+0000] {processor.py:650} INFO - DAG(s) dict_keys(['example_local_kubernetes_executor']) retrieved from /home/airflow/.local/lib/python3.7/site-packages/airflow/example_dags/example_local_kubernetes_executor.py
[2025-06-20T13:22:23.881+0000] {logging_mixin.py:115} INFO - [2025-06-20T13:22:23.881+0000] {dag.py:2429} INFO - Sync 1 DAGs
[2025-06-20T13:22:23.892+0000] {logging_mixin.py:115} INFO - [2025-06-20T13:22:23.892+0000] {dag.py:2981} INFO - Setting next_dagrun for example_local_kubernetes_executor to None, run_after=None
[2025-06-20T13:22:23.899+0000] {processor.py:161} INFO - Processing /home/airflow/.local/lib/python3.7/site-packages/airflow/example_dags/example_local_kubernetes_executor.py took 0.040 seconds
[2025-06-20T13:22:53.977+0000] {processor.py:153} INFO - Started process (PID=2303) to work on /home/airflow/.local/lib/python3.7/site-packages/airflow/example_dags/example_local_kubernetes_executor.py
[2025-06-20T13:22:53.979+0000] {processor.py:640} INFO - Processing file /home/airflow/.local/lib/python3.7/site-packages/airflow/example_dags/example_local_kubernetes_executor.py for tasks to queue
[2025-06-20T13:22:53.979+0000] {logging_mixin.py:115} INFO - [2025-06-20T13:22:53.979+0000] {dagbag.py:508} INFO - Filling up the DagBag from /home/airflow/.local/lib/python3.7/site-packages/airflow/example_dags/example_local_kubernetes_executor.py
[2025-06-20T13:22:53.992+0000] {processor.py:650} INFO - DAG(s) dict_keys(['example_local_kubernetes_executor']) retrieved from /home/airflow/.local/lib/python3.7/site-packages/airflow/example_dags/example_local_kubernetes_executor.py
[2025-06-20T13:22:54.006+0000] {logging_mixin.py:115} INFO - [2025-06-20T13:22:54.006+0000] {dag.py:2429} INFO - Sync 1 DAGs
[2025-06-20T13:22:54.018+0000] {logging_mixin.py:115} INFO - [2025-06-20T13:22:54.018+0000] {dag.py:2981} INFO - Setting next_dagrun for example_local_kubernetes_executor to None, run_after=None
[2025-06-20T13:22:54.022+0000] {processor.py:161} INFO - Processing /home/airflow/.local/lib/python3.7/site-packages/airflow/example_dags/example_local_kubernetes_executor.py took 0.049 seconds
[2025-06-20T13:23:24.154+0000] {processor.py:153} INFO - Started process (PID=2364) to work on /home/airflow/.local/lib/python3.7/site-packages/airflow/example_dags/example_local_kubernetes_executor.py
[2025-06-20T13:23:24.155+0000] {processor.py:640} INFO - Processing file /home/airflow/.local/lib/python3.7/site-packages/airflow/example_dags/example_local_kubernetes_executor.py for tasks to queue
[2025-06-20T13:23:24.155+0000] {logging_mixin.py:115} INFO - [2025-06-20T13:23:24.155+0000] {dagbag.py:508} INFO - Filling up the DagBag from /home/airflow/.local/lib/python3.7/site-packages/airflow/example_dags/example_local_kubernetes_executor.py
[2025-06-20T13:23:24.169+0000] {processor.py:650} INFO - DAG(s) dict_keys(['example_local_kubernetes_executor']) retrieved from /home/airflow/.local/lib/python3.7/site-packages/airflow/example_dags/example_local_kubernetes_executor.py
[2025-06-20T13:23:24.188+0000] {logging_mixin.py:115} INFO - [2025-06-20T13:23:24.187+0000] {dag.py:2429} INFO - Sync 1 DAGs
[2025-06-20T13:23:24.203+0000] {logging_mixin.py:115} INFO - [2025-06-20T13:23:24.203+0000] {dag.py:2981} INFO - Setting next_dagrun for example_local_kubernetes_executor to None, run_after=None
[2025-06-20T13:23:24.208+0000] {processor.py:161} INFO - Processing /home/airflow/.local/lib/python3.7/site-packages/airflow/example_dags/example_local_kubernetes_executor.py took 0.058 seconds
[2025-06-20T13:23:54.353+0000] {processor.py:153} INFO - Started process (PID=2425) to work on /home/airflow/.local/lib/python3.7/site-packages/airflow/example_dags/example_local_kubernetes_executor.py
[2025-06-20T13:23:54.354+0000] {processor.py:640} INFO - Processing file /home/airflow/.local/lib/python3.7/site-packages/airflow/example_dags/example_local_kubernetes_executor.py for tasks to queue
[2025-06-20T13:23:54.355+0000] {logging_mixin.py:115} INFO - [2025-06-20T13:23:54.355+0000] {dagbag.py:508} INFO - Filling up the DagBag from /home/airflow/.local/lib/python3.7/site-packages/airflow/example_dags/example_local_kubernetes_executor.py
[2025-06-20T13:23:54.366+0000] {processor.py:650} INFO - DAG(s) dict_keys(['example_local_kubernetes_executor']) retrieved from /home/airflow/.local/lib/python3.7/site-packages/airflow/example_dags/example_local_kubernetes_executor.py
[2025-06-20T13:23:54.378+0000] {logging_mixin.py:115} INFO - [2025-06-20T13:23:54.378+0000] {dag.py:2429} INFO - Sync 1 DAGs
[2025-06-20T13:23:54.389+0000] {logging_mixin.py:115} INFO - [2025-06-20T13:23:54.389+0000] {dag.py:2981} INFO - Setting next_dagrun for example_local_kubernetes_executor to None, run_after=None
[2025-06-20T13:23:54.397+0000] {processor.py:161} INFO - Processing /home/airflow/.local/lib/python3.7/site-packages/airflow/example_dags/example_local_kubernetes_executor.py took 0.047 seconds
[2025-06-20T13:24:24.539+0000] {processor.py:153} INFO - Started process (PID=2486) to work on /home/airflow/.local/lib/python3.7/site-packages/airflow/example_dags/example_local_kubernetes_executor.py
[2025-06-20T13:24:24.541+0000] {processor.py:640} INFO - Processing file /home/airflow/.local/lib/python3.7/site-packages/airflow/example_dags/example_local_kubernetes_executor.py for tasks to queue
[2025-06-20T13:24:24.543+0000] {logging_mixin.py:115} INFO - [2025-06-20T13:24:24.543+0000] {dagbag.py:508} INFO - Filling up the DagBag from /home/airflow/.local/lib/python3.7/site-packages/airflow/example_dags/example_local_kubernetes_executor.py
[2025-06-20T13:24:24.557+0000] {processor.py:650} INFO - DAG(s) dict_keys(['example_local_kubernetes_executor']) retrieved from /home/airflow/.local/lib/python3.7/site-packages/airflow/example_dags/example_local_kubernetes_executor.py
[2025-06-20T13:24:24.573+0000] {logging_mixin.py:115} INFO - [2025-06-20T13:24:24.573+0000] {dag.py:2429} INFO - Sync 1 DAGs
[2025-06-20T13:24:24.587+0000] {logging_mixin.py:115} INFO - [2025-06-20T13:24:24.587+0000] {dag.py:2981} INFO - Setting next_dagrun for example_local_kubernetes_executor to None, run_after=None
[2025-06-20T13:24:24.592+0000] {processor.py:161} INFO - Processing /home/airflow/.local/lib/python3.7/site-packages/airflow/example_dags/example_local_kubernetes_executor.py took 0.055 seconds
