[2025-06-20T12:58:53.834+0000] {processor.py:153} INFO - Started process (PID=67) to work on /home/airflow/.local/lib/python3.7/site-packages/airflow/example_dags/example_python_operator.py
[2025-06-20T12:58:53.835+0000] {processor.py:640} INFO - Processing file /home/airflow/.local/lib/python3.7/site-packages/airflow/example_dags/example_python_operator.py for tasks to queue
[2025-06-20T12:58:53.836+0000] {logging_mixin.py:115} INFO - [2025-06-20T12:58:53.836+0000] {dagbag.py:508} INFO - Filling up the DagBag from /home/airflow/.local/lib/python3.7/site-packages/airflow/example_dags/example_python_operator.py
[2025-06-20T12:58:53.852+0000] {processor.py:650} INFO - DAG(s) dict_keys(['example_python_operator']) retrieved from /home/airflow/.local/lib/python3.7/site-packages/airflow/example_dags/example_python_operator.py
[2025-06-20T12:58:53.941+0000] {logging_mixin.py:115} INFO - [2025-06-20T12:58:53.941+0000] {manager.py:508} INFO - Created Permission View: can read on DAG:example_python_operator
[2025-06-20T12:58:53.953+0000] {logging_mixin.py:115} INFO - [2025-06-20T12:58:53.953+0000] {manager.py:508} INFO - Created Permission View: can delete on DAG:example_python_operator
[2025-06-20T12:58:53.965+0000] {logging_mixin.py:115} INFO - [2025-06-20T12:58:53.965+0000] {manager.py:508} INFO - Created Permission View: can edit on DAG:example_python_operator
[2025-06-20T12:58:53.966+0000] {logging_mixin.py:115} INFO - [2025-06-20T12:58:53.966+0000] {dag.py:2429} INFO - Sync 1 DAGs
[2025-06-20T12:58:53.988+0000] {logging_mixin.py:115} INFO - [2025-06-20T12:58:53.988+0000] {dag.py:2448} INFO - Creating ORM DAG for example_python_operator
[2025-06-20T12:58:54.012+0000] {logging_mixin.py:115} INFO - [2025-06-20T12:58:54.011+0000] {dag.py:2981} INFO - Setting next_dagrun for example_python_operator to None, run_after=None
[2025-06-20T12:58:54.039+0000] {processor.py:161} INFO - Processing /home/airflow/.local/lib/python3.7/site-packages/airflow/example_dags/example_python_operator.py took 0.209 seconds
[2025-06-20T12:59:24.221+0000] {processor.py:153} INFO - Started process (PID=127) to work on /home/airflow/.local/lib/python3.7/site-packages/airflow/example_dags/example_python_operator.py
[2025-06-20T12:59:24.221+0000] {processor.py:640} INFO - Processing file /home/airflow/.local/lib/python3.7/site-packages/airflow/example_dags/example_python_operator.py for tasks to queue
[2025-06-20T12:59:24.222+0000] {logging_mixin.py:115} INFO - [2025-06-20T12:59:24.222+0000] {dagbag.py:508} INFO - Filling up the DagBag from /home/airflow/.local/lib/python3.7/site-packages/airflow/example_dags/example_python_operator.py
[2025-06-20T12:59:24.230+0000] {processor.py:650} INFO - DAG(s) dict_keys(['example_python_operator']) retrieved from /home/airflow/.local/lib/python3.7/site-packages/airflow/example_dags/example_python_operator.py
[2025-06-20T12:59:24.242+0000] {logging_mixin.py:115} INFO - [2025-06-20T12:59:24.242+0000] {dag.py:2429} INFO - Sync 1 DAGs
[2025-06-20T12:59:24.251+0000] {logging_mixin.py:115} INFO - [2025-06-20T12:59:24.251+0000] {dag.py:2981} INFO - Setting next_dagrun for example_python_operator to None, run_after=None
[2025-06-20T12:59:24.257+0000] {processor.py:161} INFO - Processing /home/airflow/.local/lib/python3.7/site-packages/airflow/example_dags/example_python_operator.py took 0.038 seconds
[2025-06-20T12:59:55.268+0000] {processor.py:153} INFO - Started process (PID=188) to work on /home/airflow/.local/lib/python3.7/site-packages/airflow/example_dags/example_python_operator.py
[2025-06-20T12:59:55.269+0000] {processor.py:640} INFO - Processing file /home/airflow/.local/lib/python3.7/site-packages/airflow/example_dags/example_python_operator.py for tasks to queue
[2025-06-20T12:59:55.269+0000] {logging_mixin.py:115} INFO - [2025-06-20T12:59:55.269+0000] {dagbag.py:508} INFO - Filling up the DagBag from /home/airflow/.local/lib/python3.7/site-packages/airflow/example_dags/example_python_operator.py
[2025-06-20T12:59:55.276+0000] {processor.py:650} INFO - DAG(s) dict_keys(['example_python_operator']) retrieved from /home/airflow/.local/lib/python3.7/site-packages/airflow/example_dags/example_python_operator.py
[2025-06-20T12:59:55.286+0000] {logging_mixin.py:115} INFO - [2025-06-20T12:59:55.286+0000] {dag.py:2429} INFO - Sync 1 DAGs
[2025-06-20T12:59:55.294+0000] {logging_mixin.py:115} INFO - [2025-06-20T12:59:55.294+0000] {dag.py:2981} INFO - Setting next_dagrun for example_python_operator to None, run_after=None
[2025-06-20T12:59:55.299+0000] {processor.py:161} INFO - Processing /home/airflow/.local/lib/python3.7/site-packages/airflow/example_dags/example_python_operator.py took 0.032 seconds
[2025-06-20T13:03:48.693+0000] {processor.py:153} INFO - Started process (PID=66) to work on /home/airflow/.local/lib/python3.7/site-packages/airflow/example_dags/example_python_operator.py
[2025-06-20T13:03:48.694+0000] {processor.py:640} INFO - Processing file /home/airflow/.local/lib/python3.7/site-packages/airflow/example_dags/example_python_operator.py for tasks to queue
[2025-06-20T13:03:48.695+0000] {logging_mixin.py:115} INFO - [2025-06-20T13:03:48.695+0000] {dagbag.py:508} INFO - Filling up the DagBag from /home/airflow/.local/lib/python3.7/site-packages/airflow/example_dags/example_python_operator.py
[2025-06-20T13:03:48.713+0000] {processor.py:650} INFO - DAG(s) dict_keys(['example_python_operator']) retrieved from /home/airflow/.local/lib/python3.7/site-packages/airflow/example_dags/example_python_operator.py
[2025-06-20T13:03:48.795+0000] {logging_mixin.py:115} INFO - [2025-06-20T13:03:48.795+0000] {manager.py:508} INFO - Created Permission View: can delete on DAG:example_python_operator
[2025-06-20T13:03:48.821+0000] {logging_mixin.py:115} INFO - [2025-06-20T13:03:48.819+0000] {manager.py:508} INFO - Created Permission View: can edit on DAG:example_python_operator
[2025-06-20T13:03:48.841+0000] {logging_mixin.py:115} INFO - [2025-06-20T13:03:48.841+0000] {manager.py:508} INFO - Created Permission View: can read on DAG:example_python_operator
[2025-06-20T13:03:48.845+0000] {logging_mixin.py:115} INFO - [2025-06-20T13:03:48.845+0000] {dag.py:2429} INFO - Sync 1 DAGs
[2025-06-20T13:03:48.856+0000] {logging_mixin.py:115} INFO - [2025-06-20T13:03:48.856+0000] {dag.py:2448} INFO - Creating ORM DAG for example_python_operator
[2025-06-20T13:03:48.871+0000] {logging_mixin.py:115} INFO - [2025-06-20T13:03:48.870+0000] {dag.py:2981} INFO - Setting next_dagrun for example_python_operator to None, run_after=None
[2025-06-20T13:03:48.885+0000] {processor.py:161} INFO - Processing /home/airflow/.local/lib/python3.7/site-packages/airflow/example_dags/example_python_operator.py took 0.196 seconds
[2025-06-20T13:04:19.045+0000] {processor.py:153} INFO - Started process (PID=127) to work on /home/airflow/.local/lib/python3.7/site-packages/airflow/example_dags/example_python_operator.py
[2025-06-20T13:04:19.046+0000] {processor.py:640} INFO - Processing file /home/airflow/.local/lib/python3.7/site-packages/airflow/example_dags/example_python_operator.py for tasks to queue
[2025-06-20T13:04:19.047+0000] {logging_mixin.py:115} INFO - [2025-06-20T13:04:19.047+0000] {dagbag.py:508} INFO - Filling up the DagBag from /home/airflow/.local/lib/python3.7/site-packages/airflow/example_dags/example_python_operator.py
[2025-06-20T13:04:19.054+0000] {processor.py:650} INFO - DAG(s) dict_keys(['example_python_operator']) retrieved from /home/airflow/.local/lib/python3.7/site-packages/airflow/example_dags/example_python_operator.py
[2025-06-20T13:04:19.072+0000] {logging_mixin.py:115} INFO - [2025-06-20T13:04:19.072+0000] {dag.py:2429} INFO - Sync 1 DAGs
[2025-06-20T13:04:19.083+0000] {logging_mixin.py:115} INFO - [2025-06-20T13:04:19.083+0000] {dag.py:2981} INFO - Setting next_dagrun for example_python_operator to None, run_after=None
[2025-06-20T13:04:19.090+0000] {processor.py:161} INFO - Processing /home/airflow/.local/lib/python3.7/site-packages/airflow/example_dags/example_python_operator.py took 0.047 seconds
[2025-06-20T13:04:49.214+0000] {processor.py:153} INFO - Started process (PID=188) to work on /home/airflow/.local/lib/python3.7/site-packages/airflow/example_dags/example_python_operator.py
[2025-06-20T13:04:49.216+0000] {processor.py:640} INFO - Processing file /home/airflow/.local/lib/python3.7/site-packages/airflow/example_dags/example_python_operator.py for tasks to queue
[2025-06-20T13:04:49.219+0000] {logging_mixin.py:115} INFO - [2025-06-20T13:04:49.219+0000] {dagbag.py:508} INFO - Filling up the DagBag from /home/airflow/.local/lib/python3.7/site-packages/airflow/example_dags/example_python_operator.py
[2025-06-20T13:04:49.228+0000] {processor.py:650} INFO - DAG(s) dict_keys(['example_python_operator']) retrieved from /home/airflow/.local/lib/python3.7/site-packages/airflow/example_dags/example_python_operator.py
[2025-06-20T13:04:49.246+0000] {logging_mixin.py:115} INFO - [2025-06-20T13:04:49.246+0000] {dag.py:2429} INFO - Sync 1 DAGs
[2025-06-20T13:04:49.259+0000] {logging_mixin.py:115} INFO - [2025-06-20T13:04:49.259+0000] {dag.py:2981} INFO - Setting next_dagrun for example_python_operator to None, run_after=None
[2025-06-20T13:04:49.267+0000] {processor.py:161} INFO - Processing /home/airflow/.local/lib/python3.7/site-packages/airflow/example_dags/example_python_operator.py took 0.054 seconds
[2025-06-20T13:05:19.444+0000] {processor.py:153} INFO - Started process (PID=248) to work on /home/airflow/.local/lib/python3.7/site-packages/airflow/example_dags/example_python_operator.py
[2025-06-20T13:05:19.445+0000] {processor.py:640} INFO - Processing file /home/airflow/.local/lib/python3.7/site-packages/airflow/example_dags/example_python_operator.py for tasks to queue
[2025-06-20T13:05:19.445+0000] {logging_mixin.py:115} INFO - [2025-06-20T13:05:19.445+0000] {dagbag.py:508} INFO - Filling up the DagBag from /home/airflow/.local/lib/python3.7/site-packages/airflow/example_dags/example_python_operator.py
[2025-06-20T13:05:19.452+0000] {processor.py:650} INFO - DAG(s) dict_keys(['example_python_operator']) retrieved from /home/airflow/.local/lib/python3.7/site-packages/airflow/example_dags/example_python_operator.py
[2025-06-20T13:05:19.464+0000] {logging_mixin.py:115} INFO - [2025-06-20T13:05:19.464+0000] {dag.py:2429} INFO - Sync 1 DAGs
[2025-06-20T13:05:19.474+0000] {logging_mixin.py:115} INFO - [2025-06-20T13:05:19.474+0000] {dag.py:2981} INFO - Setting next_dagrun for example_python_operator to None, run_after=None
[2025-06-20T13:05:19.484+0000] {processor.py:161} INFO - Processing /home/airflow/.local/lib/python3.7/site-packages/airflow/example_dags/example_python_operator.py took 0.042 seconds
[2025-06-20T13:05:49.686+0000] {processor.py:153} INFO - Started process (PID=309) to work on /home/airflow/.local/lib/python3.7/site-packages/airflow/example_dags/example_python_operator.py
[2025-06-20T13:05:49.687+0000] {processor.py:640} INFO - Processing file /home/airflow/.local/lib/python3.7/site-packages/airflow/example_dags/example_python_operator.py for tasks to queue
[2025-06-20T13:05:49.687+0000] {logging_mixin.py:115} INFO - [2025-06-20T13:05:49.687+0000] {dagbag.py:508} INFO - Filling up the DagBag from /home/airflow/.local/lib/python3.7/site-packages/airflow/example_dags/example_python_operator.py
[2025-06-20T13:05:49.695+0000] {processor.py:650} INFO - DAG(s) dict_keys(['example_python_operator']) retrieved from /home/airflow/.local/lib/python3.7/site-packages/airflow/example_dags/example_python_operator.py
[2025-06-20T13:05:49.707+0000] {logging_mixin.py:115} INFO - [2025-06-20T13:05:49.707+0000] {dag.py:2429} INFO - Sync 1 DAGs
[2025-06-20T13:05:49.717+0000] {logging_mixin.py:115} INFO - [2025-06-20T13:05:49.717+0000] {dag.py:2981} INFO - Setting next_dagrun for example_python_operator to None, run_after=None
[2025-06-20T13:05:49.725+0000] {processor.py:161} INFO - Processing /home/airflow/.local/lib/python3.7/site-packages/airflow/example_dags/example_python_operator.py took 0.041 seconds
[2025-06-20T13:06:19.939+0000] {processor.py:153} INFO - Started process (PID=361) to work on /home/airflow/.local/lib/python3.7/site-packages/airflow/example_dags/example_python_operator.py
[2025-06-20T13:06:19.940+0000] {processor.py:640} INFO - Processing file /home/airflow/.local/lib/python3.7/site-packages/airflow/example_dags/example_python_operator.py for tasks to queue
[2025-06-20T13:06:19.943+0000] {logging_mixin.py:115} INFO - [2025-06-20T13:06:19.943+0000] {dagbag.py:508} INFO - Filling up the DagBag from /home/airflow/.local/lib/python3.7/site-packages/airflow/example_dags/example_python_operator.py
[2025-06-20T13:06:19.955+0000] {processor.py:650} INFO - DAG(s) dict_keys(['example_python_operator']) retrieved from /home/airflow/.local/lib/python3.7/site-packages/airflow/example_dags/example_python_operator.py
[2025-06-20T13:06:19.978+0000] {logging_mixin.py:115} INFO - [2025-06-20T13:06:19.978+0000] {dag.py:2429} INFO - Sync 1 DAGs
[2025-06-20T13:06:19.990+0000] {logging_mixin.py:115} INFO - [2025-06-20T13:06:19.989+0000] {dag.py:2981} INFO - Setting next_dagrun for example_python_operator to None, run_after=None
[2025-06-20T13:06:19.996+0000] {processor.py:161} INFO - Processing /home/airflow/.local/lib/python3.7/site-packages/airflow/example_dags/example_python_operator.py took 0.058 seconds
[2025-06-20T13:06:50.153+0000] {processor.py:153} INFO - Started process (PID=421) to work on /home/airflow/.local/lib/python3.7/site-packages/airflow/example_dags/example_python_operator.py
[2025-06-20T13:06:50.155+0000] {processor.py:640} INFO - Processing file /home/airflow/.local/lib/python3.7/site-packages/airflow/example_dags/example_python_operator.py for tasks to queue
[2025-06-20T13:06:50.155+0000] {logging_mixin.py:115} INFO - [2025-06-20T13:06:50.155+0000] {dagbag.py:508} INFO - Filling up the DagBag from /home/airflow/.local/lib/python3.7/site-packages/airflow/example_dags/example_python_operator.py
[2025-06-20T13:06:50.162+0000] {processor.py:650} INFO - DAG(s) dict_keys(['example_python_operator']) retrieved from /home/airflow/.local/lib/python3.7/site-packages/airflow/example_dags/example_python_operator.py
[2025-06-20T13:06:50.175+0000] {logging_mixin.py:115} INFO - [2025-06-20T13:06:50.175+0000] {dag.py:2429} INFO - Sync 1 DAGs
[2025-06-20T13:06:50.184+0000] {logging_mixin.py:115} INFO - [2025-06-20T13:06:50.184+0000] {dag.py:2981} INFO - Setting next_dagrun for example_python_operator to None, run_after=None
[2025-06-20T13:06:50.193+0000] {processor.py:161} INFO - Processing /home/airflow/.local/lib/python3.7/site-packages/airflow/example_dags/example_python_operator.py took 0.041 seconds
[2025-06-20T13:07:20.227+0000] {processor.py:153} INFO - Started process (PID=482) to work on /home/airflow/.local/lib/python3.7/site-packages/airflow/example_dags/example_python_operator.py
[2025-06-20T13:07:20.227+0000] {processor.py:640} INFO - Processing file /home/airflow/.local/lib/python3.7/site-packages/airflow/example_dags/example_python_operator.py for tasks to queue
[2025-06-20T13:07:20.229+0000] {logging_mixin.py:115} INFO - [2025-06-20T13:07:20.229+0000] {dagbag.py:508} INFO - Filling up the DagBag from /home/airflow/.local/lib/python3.7/site-packages/airflow/example_dags/example_python_operator.py
[2025-06-20T13:07:20.236+0000] {processor.py:650} INFO - DAG(s) dict_keys(['example_python_operator']) retrieved from /home/airflow/.local/lib/python3.7/site-packages/airflow/example_dags/example_python_operator.py
[2025-06-20T13:07:20.250+0000] {logging_mixin.py:115} INFO - [2025-06-20T13:07:20.250+0000] {dag.py:2429} INFO - Sync 1 DAGs
[2025-06-20T13:07:20.259+0000] {logging_mixin.py:115} INFO - [2025-06-20T13:07:20.259+0000] {dag.py:2981} INFO - Setting next_dagrun for example_python_operator to None, run_after=None
[2025-06-20T13:07:20.264+0000] {processor.py:161} INFO - Processing /home/airflow/.local/lib/python3.7/site-packages/airflow/example_dags/example_python_operator.py took 0.038 seconds
[2025-06-20T13:07:50.330+0000] {processor.py:153} INFO - Started process (PID=543) to work on /home/airflow/.local/lib/python3.7/site-packages/airflow/example_dags/example_python_operator.py
[2025-06-20T13:07:50.332+0000] {processor.py:640} INFO - Processing file /home/airflow/.local/lib/python3.7/site-packages/airflow/example_dags/example_python_operator.py for tasks to queue
[2025-06-20T13:07:50.333+0000] {logging_mixin.py:115} INFO - [2025-06-20T13:07:50.333+0000] {dagbag.py:508} INFO - Filling up the DagBag from /home/airflow/.local/lib/python3.7/site-packages/airflow/example_dags/example_python_operator.py
[2025-06-20T13:07:50.342+0000] {processor.py:650} INFO - DAG(s) dict_keys(['example_python_operator']) retrieved from /home/airflow/.local/lib/python3.7/site-packages/airflow/example_dags/example_python_operator.py
[2025-06-20T13:07:50.356+0000] {logging_mixin.py:115} INFO - [2025-06-20T13:07:50.356+0000] {dag.py:2429} INFO - Sync 1 DAGs
[2025-06-20T13:07:50.365+0000] {logging_mixin.py:115} INFO - [2025-06-20T13:07:50.365+0000] {dag.py:2981} INFO - Setting next_dagrun for example_python_operator to None, run_after=None
[2025-06-20T13:07:50.370+0000] {processor.py:161} INFO - Processing /home/airflow/.local/lib/python3.7/site-packages/airflow/example_dags/example_python_operator.py took 0.042 seconds
[2025-06-20T13:08:20.427+0000] {processor.py:153} INFO - Started process (PID=604) to work on /home/airflow/.local/lib/python3.7/site-packages/airflow/example_dags/example_python_operator.py
[2025-06-20T13:08:20.427+0000] {processor.py:640} INFO - Processing file /home/airflow/.local/lib/python3.7/site-packages/airflow/example_dags/example_python_operator.py for tasks to queue
[2025-06-20T13:08:20.427+0000] {logging_mixin.py:115} INFO - [2025-06-20T13:08:20.427+0000] {dagbag.py:508} INFO - Filling up the DagBag from /home/airflow/.local/lib/python3.7/site-packages/airflow/example_dags/example_python_operator.py
[2025-06-20T13:08:20.434+0000] {processor.py:650} INFO - DAG(s) dict_keys(['example_python_operator']) retrieved from /home/airflow/.local/lib/python3.7/site-packages/airflow/example_dags/example_python_operator.py
[2025-06-20T13:08:20.444+0000] {logging_mixin.py:115} INFO - [2025-06-20T13:08:20.444+0000] {dag.py:2429} INFO - Sync 1 DAGs
[2025-06-20T13:08:20.453+0000] {logging_mixin.py:115} INFO - [2025-06-20T13:08:20.453+0000] {dag.py:2981} INFO - Setting next_dagrun for example_python_operator to None, run_after=None
[2025-06-20T13:08:20.459+0000] {processor.py:161} INFO - Processing /home/airflow/.local/lib/python3.7/site-packages/airflow/example_dags/example_python_operator.py took 0.034 seconds
[2025-06-20T13:08:50.588+0000] {processor.py:153} INFO - Started process (PID=656) to work on /home/airflow/.local/lib/python3.7/site-packages/airflow/example_dags/example_python_operator.py
[2025-06-20T13:08:50.589+0000] {processor.py:640} INFO - Processing file /home/airflow/.local/lib/python3.7/site-packages/airflow/example_dags/example_python_operator.py for tasks to queue
[2025-06-20T13:08:50.591+0000] {logging_mixin.py:115} INFO - [2025-06-20T13:08:50.591+0000] {dagbag.py:508} INFO - Filling up the DagBag from /home/airflow/.local/lib/python3.7/site-packages/airflow/example_dags/example_python_operator.py
[2025-06-20T13:08:50.599+0000] {processor.py:650} INFO - DAG(s) dict_keys(['example_python_operator']) retrieved from /home/airflow/.local/lib/python3.7/site-packages/airflow/example_dags/example_python_operator.py
[2025-06-20T13:08:50.609+0000] {logging_mixin.py:115} INFO - [2025-06-20T13:08:50.609+0000] {dag.py:2429} INFO - Sync 1 DAGs
[2025-06-20T13:08:50.618+0000] {logging_mixin.py:115} INFO - [2025-06-20T13:08:50.618+0000] {dag.py:2981} INFO - Setting next_dagrun for example_python_operator to None, run_after=None
[2025-06-20T13:08:50.624+0000] {processor.py:161} INFO - Processing /home/airflow/.local/lib/python3.7/site-packages/airflow/example_dags/example_python_operator.py took 0.037 seconds
[2025-06-20T13:09:21.677+0000] {processor.py:153} INFO - Started process (PID=717) to work on /home/airflow/.local/lib/python3.7/site-packages/airflow/example_dags/example_python_operator.py
[2025-06-20T13:09:21.677+0000] {processor.py:640} INFO - Processing file /home/airflow/.local/lib/python3.7/site-packages/airflow/example_dags/example_python_operator.py for tasks to queue
[2025-06-20T13:09:21.677+0000] {logging_mixin.py:115} INFO - [2025-06-20T13:09:21.677+0000] {dagbag.py:508} INFO - Filling up the DagBag from /home/airflow/.local/lib/python3.7/site-packages/airflow/example_dags/example_python_operator.py
[2025-06-20T13:09:21.684+0000] {processor.py:650} INFO - DAG(s) dict_keys(['example_python_operator']) retrieved from /home/airflow/.local/lib/python3.7/site-packages/airflow/example_dags/example_python_operator.py
[2025-06-20T13:09:21.695+0000] {logging_mixin.py:115} INFO - [2025-06-20T13:09:21.694+0000] {dag.py:2429} INFO - Sync 1 DAGs
[2025-06-20T13:09:21.703+0000] {logging_mixin.py:115} INFO - [2025-06-20T13:09:21.703+0000] {dag.py:2981} INFO - Setting next_dagrun for example_python_operator to None, run_after=None
[2025-06-20T13:09:21.708+0000] {processor.py:161} INFO - Processing /home/airflow/.local/lib/python3.7/site-packages/airflow/example_dags/example_python_operator.py took 0.033 seconds
[2025-06-20T13:09:51.771+0000] {processor.py:153} INFO - Started process (PID=778) to work on /home/airflow/.local/lib/python3.7/site-packages/airflow/example_dags/example_python_operator.py
[2025-06-20T13:09:51.772+0000] {processor.py:640} INFO - Processing file /home/airflow/.local/lib/python3.7/site-packages/airflow/example_dags/example_python_operator.py for tasks to queue
[2025-06-20T13:09:51.772+0000] {logging_mixin.py:115} INFO - [2025-06-20T13:09:51.772+0000] {dagbag.py:508} INFO - Filling up the DagBag from /home/airflow/.local/lib/python3.7/site-packages/airflow/example_dags/example_python_operator.py
[2025-06-20T13:09:51.779+0000] {processor.py:650} INFO - DAG(s) dict_keys(['example_python_operator']) retrieved from /home/airflow/.local/lib/python3.7/site-packages/airflow/example_dags/example_python_operator.py
[2025-06-20T13:09:51.790+0000] {logging_mixin.py:115} INFO - [2025-06-20T13:09:51.790+0000] {dag.py:2429} INFO - Sync 1 DAGs
[2025-06-20T13:09:51.801+0000] {logging_mixin.py:115} INFO - [2025-06-20T13:09:51.801+0000] {dag.py:2981} INFO - Setting next_dagrun for example_python_operator to None, run_after=None
[2025-06-20T13:09:51.806+0000] {processor.py:161} INFO - Processing /home/airflow/.local/lib/python3.7/site-packages/airflow/example_dags/example_python_operator.py took 0.036 seconds
[2025-06-20T13:10:21.907+0000] {processor.py:153} INFO - Started process (PID=839) to work on /home/airflow/.local/lib/python3.7/site-packages/airflow/example_dags/example_python_operator.py
[2025-06-20T13:10:21.907+0000] {processor.py:640} INFO - Processing file /home/airflow/.local/lib/python3.7/site-packages/airflow/example_dags/example_python_operator.py for tasks to queue
[2025-06-20T13:10:21.908+0000] {logging_mixin.py:115} INFO - [2025-06-20T13:10:21.907+0000] {dagbag.py:508} INFO - Filling up the DagBag from /home/airflow/.local/lib/python3.7/site-packages/airflow/example_dags/example_python_operator.py
[2025-06-20T13:10:21.915+0000] {processor.py:650} INFO - DAG(s) dict_keys(['example_python_operator']) retrieved from /home/airflow/.local/lib/python3.7/site-packages/airflow/example_dags/example_python_operator.py
[2025-06-20T13:10:21.925+0000] {logging_mixin.py:115} INFO - [2025-06-20T13:10:21.924+0000] {dag.py:2429} INFO - Sync 1 DAGs
[2025-06-20T13:10:21.934+0000] {logging_mixin.py:115} INFO - [2025-06-20T13:10:21.934+0000] {dag.py:2981} INFO - Setting next_dagrun for example_python_operator to None, run_after=None
[2025-06-20T13:10:21.939+0000] {processor.py:161} INFO - Processing /home/airflow/.local/lib/python3.7/site-packages/airflow/example_dags/example_python_operator.py took 0.034 seconds
[2025-06-20T13:10:52.037+0000] {processor.py:153} INFO - Started process (PID=900) to work on /home/airflow/.local/lib/python3.7/site-packages/airflow/example_dags/example_python_operator.py
[2025-06-20T13:10:52.038+0000] {processor.py:640} INFO - Processing file /home/airflow/.local/lib/python3.7/site-packages/airflow/example_dags/example_python_operator.py for tasks to queue
[2025-06-20T13:10:52.038+0000] {logging_mixin.py:115} INFO - [2025-06-20T13:10:52.038+0000] {dagbag.py:508} INFO - Filling up the DagBag from /home/airflow/.local/lib/python3.7/site-packages/airflow/example_dags/example_python_operator.py
[2025-06-20T13:10:52.045+0000] {processor.py:650} INFO - DAG(s) dict_keys(['example_python_operator']) retrieved from /home/airflow/.local/lib/python3.7/site-packages/airflow/example_dags/example_python_operator.py
[2025-06-20T13:10:52.055+0000] {logging_mixin.py:115} INFO - [2025-06-20T13:10:52.055+0000] {dag.py:2429} INFO - Sync 1 DAGs
[2025-06-20T13:10:52.065+0000] {logging_mixin.py:115} INFO - [2025-06-20T13:10:52.065+0000] {dag.py:2981} INFO - Setting next_dagrun for example_python_operator to None, run_after=None
[2025-06-20T13:10:52.070+0000] {processor.py:161} INFO - Processing /home/airflow/.local/lib/python3.7/site-packages/airflow/example_dags/example_python_operator.py took 0.034 seconds
[2025-06-20T13:11:22.181+0000] {processor.py:153} INFO - Started process (PID=961) to work on /home/airflow/.local/lib/python3.7/site-packages/airflow/example_dags/example_python_operator.py
[2025-06-20T13:11:22.183+0000] {processor.py:640} INFO - Processing file /home/airflow/.local/lib/python3.7/site-packages/airflow/example_dags/example_python_operator.py for tasks to queue
[2025-06-20T13:11:22.183+0000] {logging_mixin.py:115} INFO - [2025-06-20T13:11:22.183+0000] {dagbag.py:508} INFO - Filling up the DagBag from /home/airflow/.local/lib/python3.7/site-packages/airflow/example_dags/example_python_operator.py
[2025-06-20T13:11:22.190+0000] {processor.py:650} INFO - DAG(s) dict_keys(['example_python_operator']) retrieved from /home/airflow/.local/lib/python3.7/site-packages/airflow/example_dags/example_python_operator.py
[2025-06-20T13:11:22.200+0000] {logging_mixin.py:115} INFO - [2025-06-20T13:11:22.200+0000] {dag.py:2429} INFO - Sync 1 DAGs
[2025-06-20T13:11:22.209+0000] {logging_mixin.py:115} INFO - [2025-06-20T13:11:22.209+0000] {dag.py:2981} INFO - Setting next_dagrun for example_python_operator to None, run_after=None
[2025-06-20T13:11:22.214+0000] {processor.py:161} INFO - Processing /home/airflow/.local/lib/python3.7/site-packages/airflow/example_dags/example_python_operator.py took 0.035 seconds
[2025-06-20T13:11:52.361+0000] {processor.py:153} INFO - Started process (PID=1013) to work on /home/airflow/.local/lib/python3.7/site-packages/airflow/example_dags/example_python_operator.py
[2025-06-20T13:11:52.361+0000] {processor.py:640} INFO - Processing file /home/airflow/.local/lib/python3.7/site-packages/airflow/example_dags/example_python_operator.py for tasks to queue
[2025-06-20T13:11:52.361+0000] {logging_mixin.py:115} INFO - [2025-06-20T13:11:52.361+0000] {dagbag.py:508} INFO - Filling up the DagBag from /home/airflow/.local/lib/python3.7/site-packages/airflow/example_dags/example_python_operator.py
[2025-06-20T13:11:52.370+0000] {processor.py:650} INFO - DAG(s) dict_keys(['example_python_operator']) retrieved from /home/airflow/.local/lib/python3.7/site-packages/airflow/example_dags/example_python_operator.py
[2025-06-20T13:11:52.381+0000] {logging_mixin.py:115} INFO - [2025-06-20T13:11:52.381+0000] {dag.py:2429} INFO - Sync 1 DAGs
[2025-06-20T13:11:52.390+0000] {logging_mixin.py:115} INFO - [2025-06-20T13:11:52.390+0000] {dag.py:2981} INFO - Setting next_dagrun for example_python_operator to None, run_after=None
[2025-06-20T13:11:52.395+0000] {processor.py:161} INFO - Processing /home/airflow/.local/lib/python3.7/site-packages/airflow/example_dags/example_python_operator.py took 0.036 seconds
[2025-06-20T13:12:22.497+0000] {processor.py:153} INFO - Started process (PID=1074) to work on /home/airflow/.local/lib/python3.7/site-packages/airflow/example_dags/example_python_operator.py
[2025-06-20T13:12:22.498+0000] {processor.py:640} INFO - Processing file /home/airflow/.local/lib/python3.7/site-packages/airflow/example_dags/example_python_operator.py for tasks to queue
[2025-06-20T13:12:22.499+0000] {logging_mixin.py:115} INFO - [2025-06-20T13:12:22.499+0000] {dagbag.py:508} INFO - Filling up the DagBag from /home/airflow/.local/lib/python3.7/site-packages/airflow/example_dags/example_python_operator.py
[2025-06-20T13:12:22.507+0000] {processor.py:650} INFO - DAG(s) dict_keys(['example_python_operator']) retrieved from /home/airflow/.local/lib/python3.7/site-packages/airflow/example_dags/example_python_operator.py
[2025-06-20T13:12:22.516+0000] {logging_mixin.py:115} INFO - [2025-06-20T13:12:22.516+0000] {dag.py:2429} INFO - Sync 1 DAGs
[2025-06-20T13:12:22.525+0000] {logging_mixin.py:115} INFO - [2025-06-20T13:12:22.525+0000] {dag.py:2981} INFO - Setting next_dagrun for example_python_operator to None, run_after=None
[2025-06-20T13:12:22.530+0000] {processor.py:161} INFO - Processing /home/airflow/.local/lib/python3.7/site-packages/airflow/example_dags/example_python_operator.py took 0.035 seconds
[2025-06-20T13:12:52.649+0000] {processor.py:153} INFO - Started process (PID=1135) to work on /home/airflow/.local/lib/python3.7/site-packages/airflow/example_dags/example_python_operator.py
[2025-06-20T13:12:52.650+0000] {processor.py:640} INFO - Processing file /home/airflow/.local/lib/python3.7/site-packages/airflow/example_dags/example_python_operator.py for tasks to queue
[2025-06-20T13:12:52.650+0000] {logging_mixin.py:115} INFO - [2025-06-20T13:12:52.650+0000] {dagbag.py:508} INFO - Filling up the DagBag from /home/airflow/.local/lib/python3.7/site-packages/airflow/example_dags/example_python_operator.py
[2025-06-20T13:12:52.657+0000] {processor.py:650} INFO - DAG(s) dict_keys(['example_python_operator']) retrieved from /home/airflow/.local/lib/python3.7/site-packages/airflow/example_dags/example_python_operator.py
[2025-06-20T13:12:52.667+0000] {logging_mixin.py:115} INFO - [2025-06-20T13:12:52.667+0000] {dag.py:2429} INFO - Sync 1 DAGs
[2025-06-20T13:12:52.676+0000] {logging_mixin.py:115} INFO - [2025-06-20T13:12:52.676+0000] {dag.py:2981} INFO - Setting next_dagrun for example_python_operator to None, run_after=None
[2025-06-20T13:12:52.681+0000] {processor.py:161} INFO - Processing /home/airflow/.local/lib/python3.7/site-packages/airflow/example_dags/example_python_operator.py took 0.034 seconds
[2025-06-20T13:13:22.738+0000] {processor.py:153} INFO - Started process (PID=1196) to work on /home/airflow/.local/lib/python3.7/site-packages/airflow/example_dags/example_python_operator.py
[2025-06-20T13:13:22.739+0000] {processor.py:640} INFO - Processing file /home/airflow/.local/lib/python3.7/site-packages/airflow/example_dags/example_python_operator.py for tasks to queue
[2025-06-20T13:13:22.739+0000] {logging_mixin.py:115} INFO - [2025-06-20T13:13:22.739+0000] {dagbag.py:508} INFO - Filling up the DagBag from /home/airflow/.local/lib/python3.7/site-packages/airflow/example_dags/example_python_operator.py
[2025-06-20T13:13:22.746+0000] {processor.py:650} INFO - DAG(s) dict_keys(['example_python_operator']) retrieved from /home/airflow/.local/lib/python3.7/site-packages/airflow/example_dags/example_python_operator.py
[2025-06-20T13:13:22.758+0000] {logging_mixin.py:115} INFO - [2025-06-20T13:13:22.758+0000] {dag.py:2429} INFO - Sync 1 DAGs
[2025-06-20T13:13:22.769+0000] {logging_mixin.py:115} INFO - [2025-06-20T13:13:22.769+0000] {dag.py:2981} INFO - Setting next_dagrun for example_python_operator to None, run_after=None
[2025-06-20T13:13:22.774+0000] {processor.py:161} INFO - Processing /home/airflow/.local/lib/python3.7/site-packages/airflow/example_dags/example_python_operator.py took 0.038 seconds
[2025-06-20T13:13:53.036+0000] {processor.py:153} INFO - Started process (PID=1257) to work on /home/airflow/.local/lib/python3.7/site-packages/airflow/example_dags/example_python_operator.py
[2025-06-20T13:13:53.037+0000] {processor.py:640} INFO - Processing file /home/airflow/.local/lib/python3.7/site-packages/airflow/example_dags/example_python_operator.py for tasks to queue
[2025-06-20T13:13:53.037+0000] {logging_mixin.py:115} INFO - [2025-06-20T13:13:53.037+0000] {dagbag.py:508} INFO - Filling up the DagBag from /home/airflow/.local/lib/python3.7/site-packages/airflow/example_dags/example_python_operator.py
[2025-06-20T13:13:53.045+0000] {processor.py:650} INFO - DAG(s) dict_keys(['example_python_operator']) retrieved from /home/airflow/.local/lib/python3.7/site-packages/airflow/example_dags/example_python_operator.py
[2025-06-20T13:13:53.055+0000] {logging_mixin.py:115} INFO - [2025-06-20T13:13:53.055+0000] {dag.py:2429} INFO - Sync 1 DAGs
[2025-06-20T13:13:53.066+0000] {logging_mixin.py:115} INFO - [2025-06-20T13:13:53.066+0000] {dag.py:2981} INFO - Setting next_dagrun for example_python_operator to None, run_after=None
[2025-06-20T13:13:53.071+0000] {processor.py:161} INFO - Processing /home/airflow/.local/lib/python3.7/site-packages/airflow/example_dags/example_python_operator.py took 0.037 seconds
[2025-06-20T13:14:23.153+0000] {processor.py:153} INFO - Started process (PID=1318) to work on /home/airflow/.local/lib/python3.7/site-packages/airflow/example_dags/example_python_operator.py
[2025-06-20T13:14:23.154+0000] {processor.py:640} INFO - Processing file /home/airflow/.local/lib/python3.7/site-packages/airflow/example_dags/example_python_operator.py for tasks to queue
[2025-06-20T13:14:23.154+0000] {logging_mixin.py:115} INFO - [2025-06-20T13:14:23.154+0000] {dagbag.py:508} INFO - Filling up the DagBag from /home/airflow/.local/lib/python3.7/site-packages/airflow/example_dags/example_python_operator.py
[2025-06-20T13:14:23.162+0000] {processor.py:650} INFO - DAG(s) dict_keys(['example_python_operator']) retrieved from /home/airflow/.local/lib/python3.7/site-packages/airflow/example_dags/example_python_operator.py
[2025-06-20T13:14:23.174+0000] {logging_mixin.py:115} INFO - [2025-06-20T13:14:23.174+0000] {dag.py:2429} INFO - Sync 1 DAGs
[2025-06-20T13:14:23.183+0000] {logging_mixin.py:115} INFO - [2025-06-20T13:14:23.183+0000] {dag.py:2981} INFO - Setting next_dagrun for example_python_operator to None, run_after=None
[2025-06-20T13:14:23.190+0000] {processor.py:161} INFO - Processing /home/airflow/.local/lib/python3.7/site-packages/airflow/example_dags/example_python_operator.py took 0.038 seconds
[2025-06-20T13:14:53.256+0000] {processor.py:153} INFO - Started process (PID=1370) to work on /home/airflow/.local/lib/python3.7/site-packages/airflow/example_dags/example_python_operator.py
[2025-06-20T13:14:53.256+0000] {processor.py:640} INFO - Processing file /home/airflow/.local/lib/python3.7/site-packages/airflow/example_dags/example_python_operator.py for tasks to queue
[2025-06-20T13:14:53.257+0000] {logging_mixin.py:115} INFO - [2025-06-20T13:14:53.257+0000] {dagbag.py:508} INFO - Filling up the DagBag from /home/airflow/.local/lib/python3.7/site-packages/airflow/example_dags/example_python_operator.py
[2025-06-20T13:14:53.263+0000] {processor.py:650} INFO - DAG(s) dict_keys(['example_python_operator']) retrieved from /home/airflow/.local/lib/python3.7/site-packages/airflow/example_dags/example_python_operator.py
[2025-06-20T13:14:53.274+0000] {logging_mixin.py:115} INFO - [2025-06-20T13:14:53.274+0000] {dag.py:2429} INFO - Sync 1 DAGs
[2025-06-20T13:14:53.282+0000] {logging_mixin.py:115} INFO - [2025-06-20T13:14:53.282+0000] {dag.py:2981} INFO - Setting next_dagrun for example_python_operator to None, run_after=None
[2025-06-20T13:14:53.288+0000] {processor.py:161} INFO - Processing /home/airflow/.local/lib/python3.7/site-packages/airflow/example_dags/example_python_operator.py took 0.033 seconds
[2025-06-20T13:15:23.340+0000] {processor.py:153} INFO - Started process (PID=1430) to work on /home/airflow/.local/lib/python3.7/site-packages/airflow/example_dags/example_python_operator.py
[2025-06-20T13:15:23.340+0000] {processor.py:640} INFO - Processing file /home/airflow/.local/lib/python3.7/site-packages/airflow/example_dags/example_python_operator.py for tasks to queue
[2025-06-20T13:15:23.341+0000] {logging_mixin.py:115} INFO - [2025-06-20T13:15:23.341+0000] {dagbag.py:508} INFO - Filling up the DagBag from /home/airflow/.local/lib/python3.7/site-packages/airflow/example_dags/example_python_operator.py
[2025-06-20T13:15:23.349+0000] {processor.py:650} INFO - DAG(s) dict_keys(['example_python_operator']) retrieved from /home/airflow/.local/lib/python3.7/site-packages/airflow/example_dags/example_python_operator.py
[2025-06-20T13:15:23.359+0000] {logging_mixin.py:115} INFO - [2025-06-20T13:15:23.359+0000] {dag.py:2429} INFO - Sync 1 DAGs
[2025-06-20T13:15:23.368+0000] {logging_mixin.py:115} INFO - [2025-06-20T13:15:23.367+0000] {dag.py:2981} INFO - Setting next_dagrun for example_python_operator to None, run_after=None
[2025-06-20T13:15:23.373+0000] {processor.py:161} INFO - Processing /home/airflow/.local/lib/python3.7/site-packages/airflow/example_dags/example_python_operator.py took 0.035 seconds
[2025-06-20T13:15:53.433+0000] {processor.py:153} INFO - Started process (PID=1491) to work on /home/airflow/.local/lib/python3.7/site-packages/airflow/example_dags/example_python_operator.py
[2025-06-20T13:15:53.434+0000] {processor.py:640} INFO - Processing file /home/airflow/.local/lib/python3.7/site-packages/airflow/example_dags/example_python_operator.py for tasks to queue
[2025-06-20T13:15:53.434+0000] {logging_mixin.py:115} INFO - [2025-06-20T13:15:53.434+0000] {dagbag.py:508} INFO - Filling up the DagBag from /home/airflow/.local/lib/python3.7/site-packages/airflow/example_dags/example_python_operator.py
[2025-06-20T13:15:53.441+0000] {processor.py:650} INFO - DAG(s) dict_keys(['example_python_operator']) retrieved from /home/airflow/.local/lib/python3.7/site-packages/airflow/example_dags/example_python_operator.py
[2025-06-20T13:15:53.452+0000] {logging_mixin.py:115} INFO - [2025-06-20T13:15:53.452+0000] {dag.py:2429} INFO - Sync 1 DAGs
[2025-06-20T13:15:53.462+0000] {logging_mixin.py:115} INFO - [2025-06-20T13:15:53.462+0000] {dag.py:2981} INFO - Setting next_dagrun for example_python_operator to None, run_after=None
[2025-06-20T13:15:53.467+0000] {processor.py:161} INFO - Processing /home/airflow/.local/lib/python3.7/site-packages/airflow/example_dags/example_python_operator.py took 0.035 seconds
[2025-06-20T13:16:23.715+0000] {processor.py:153} INFO - Started process (PID=1552) to work on /home/airflow/.local/lib/python3.7/site-packages/airflow/example_dags/example_python_operator.py
[2025-06-20T13:16:23.716+0000] {processor.py:640} INFO - Processing file /home/airflow/.local/lib/python3.7/site-packages/airflow/example_dags/example_python_operator.py for tasks to queue
[2025-06-20T13:16:23.716+0000] {logging_mixin.py:115} INFO - [2025-06-20T13:16:23.716+0000] {dagbag.py:508} INFO - Filling up the DagBag from /home/airflow/.local/lib/python3.7/site-packages/airflow/example_dags/example_python_operator.py
[2025-06-20T13:16:23.723+0000] {processor.py:650} INFO - DAG(s) dict_keys(['example_python_operator']) retrieved from /home/airflow/.local/lib/python3.7/site-packages/airflow/example_dags/example_python_operator.py
[2025-06-20T13:16:23.735+0000] {logging_mixin.py:115} INFO - [2025-06-20T13:16:23.735+0000] {dag.py:2429} INFO - Sync 1 DAGs
[2025-06-20T13:16:23.743+0000] {logging_mixin.py:115} INFO - [2025-06-20T13:16:23.743+0000] {dag.py:2981} INFO - Setting next_dagrun for example_python_operator to None, run_after=None
[2025-06-20T13:16:23.748+0000] {processor.py:161} INFO - Processing /home/airflow/.local/lib/python3.7/site-packages/airflow/example_dags/example_python_operator.py took 0.035 seconds
[2025-06-20T13:16:53.915+0000] {processor.py:153} INFO - Started process (PID=1614) to work on /home/airflow/.local/lib/python3.7/site-packages/airflow/example_dags/example_python_operator.py
[2025-06-20T13:16:53.915+0000] {processor.py:640} INFO - Processing file /home/airflow/.local/lib/python3.7/site-packages/airflow/example_dags/example_python_operator.py for tasks to queue
[2025-06-20T13:16:53.916+0000] {logging_mixin.py:115} INFO - [2025-06-20T13:16:53.916+0000] {dagbag.py:508} INFO - Filling up the DagBag from /home/airflow/.local/lib/python3.7/site-packages/airflow/example_dags/example_python_operator.py
[2025-06-20T13:16:53.924+0000] {processor.py:650} INFO - DAG(s) dict_keys(['example_python_operator']) retrieved from /home/airflow/.local/lib/python3.7/site-packages/airflow/example_dags/example_python_operator.py
[2025-06-20T13:16:53.939+0000] {logging_mixin.py:115} INFO - [2025-06-20T13:16:53.939+0000] {dag.py:2429} INFO - Sync 1 DAGs
[2025-06-20T13:16:53.947+0000] {logging_mixin.py:115} INFO - [2025-06-20T13:16:53.947+0000] {dag.py:2981} INFO - Setting next_dagrun for example_python_operator to None, run_after=None
[2025-06-20T13:16:53.953+0000] {processor.py:161} INFO - Processing /home/airflow/.local/lib/python3.7/site-packages/airflow/example_dags/example_python_operator.py took 0.039 seconds
[2025-06-20T13:17:24.060+0000] {processor.py:153} INFO - Started process (PID=1666) to work on /home/airflow/.local/lib/python3.7/site-packages/airflow/example_dags/example_python_operator.py
[2025-06-20T13:17:24.061+0000] {processor.py:640} INFO - Processing file /home/airflow/.local/lib/python3.7/site-packages/airflow/example_dags/example_python_operator.py for tasks to queue
[2025-06-20T13:17:24.061+0000] {logging_mixin.py:115} INFO - [2025-06-20T13:17:24.061+0000] {dagbag.py:508} INFO - Filling up the DagBag from /home/airflow/.local/lib/python3.7/site-packages/airflow/example_dags/example_python_operator.py
[2025-06-20T13:17:24.068+0000] {processor.py:650} INFO - DAG(s) dict_keys(['example_python_operator']) retrieved from /home/airflow/.local/lib/python3.7/site-packages/airflow/example_dags/example_python_operator.py
[2025-06-20T13:17:24.078+0000] {logging_mixin.py:115} INFO - [2025-06-20T13:17:24.078+0000] {dag.py:2429} INFO - Sync 1 DAGs
[2025-06-20T13:17:24.087+0000] {logging_mixin.py:115} INFO - [2025-06-20T13:17:24.087+0000] {dag.py:2981} INFO - Setting next_dagrun for example_python_operator to None, run_after=None
[2025-06-20T13:17:24.092+0000] {processor.py:161} INFO - Processing /home/airflow/.local/lib/python3.7/site-packages/airflow/example_dags/example_python_operator.py took 0.034 seconds
[2025-06-20T13:17:55.137+0000] {processor.py:153} INFO - Started process (PID=1727) to work on /home/airflow/.local/lib/python3.7/site-packages/airflow/example_dags/example_python_operator.py
[2025-06-20T13:17:55.139+0000] {processor.py:640} INFO - Processing file /home/airflow/.local/lib/python3.7/site-packages/airflow/example_dags/example_python_operator.py for tasks to queue
[2025-06-20T13:17:55.140+0000] {logging_mixin.py:115} INFO - [2025-06-20T13:17:55.139+0000] {dagbag.py:508} INFO - Filling up the DagBag from /home/airflow/.local/lib/python3.7/site-packages/airflow/example_dags/example_python_operator.py
[2025-06-20T13:17:55.147+0000] {processor.py:650} INFO - DAG(s) dict_keys(['example_python_operator']) retrieved from /home/airflow/.local/lib/python3.7/site-packages/airflow/example_dags/example_python_operator.py
[2025-06-20T13:17:55.157+0000] {logging_mixin.py:115} INFO - [2025-06-20T13:17:55.157+0000] {dag.py:2429} INFO - Sync 1 DAGs
[2025-06-20T13:17:55.168+0000] {logging_mixin.py:115} INFO - [2025-06-20T13:17:55.168+0000] {dag.py:2981} INFO - Setting next_dagrun for example_python_operator to None, run_after=None
[2025-06-20T13:17:55.176+0000] {processor.py:161} INFO - Processing /home/airflow/.local/lib/python3.7/site-packages/airflow/example_dags/example_python_operator.py took 0.040 seconds
[2025-06-20T13:18:25.310+0000] {processor.py:153} INFO - Started process (PID=1788) to work on /home/airflow/.local/lib/python3.7/site-packages/airflow/example_dags/example_python_operator.py
[2025-06-20T13:18:25.311+0000] {processor.py:640} INFO - Processing file /home/airflow/.local/lib/python3.7/site-packages/airflow/example_dags/example_python_operator.py for tasks to queue
[2025-06-20T13:18:25.311+0000] {logging_mixin.py:115} INFO - [2025-06-20T13:18:25.311+0000] {dagbag.py:508} INFO - Filling up the DagBag from /home/airflow/.local/lib/python3.7/site-packages/airflow/example_dags/example_python_operator.py
[2025-06-20T13:18:25.318+0000] {processor.py:650} INFO - DAG(s) dict_keys(['example_python_operator']) retrieved from /home/airflow/.local/lib/python3.7/site-packages/airflow/example_dags/example_python_operator.py
[2025-06-20T13:18:25.328+0000] {logging_mixin.py:115} INFO - [2025-06-20T13:18:25.328+0000] {dag.py:2429} INFO - Sync 1 DAGs
[2025-06-20T13:18:25.337+0000] {logging_mixin.py:115} INFO - [2025-06-20T13:18:25.337+0000] {dag.py:2981} INFO - Setting next_dagrun for example_python_operator to None, run_after=None
[2025-06-20T13:18:25.343+0000] {processor.py:161} INFO - Processing /home/airflow/.local/lib/python3.7/site-packages/airflow/example_dags/example_python_operator.py took 0.034 seconds
[2025-06-20T13:18:55.497+0000] {processor.py:153} INFO - Started process (PID=1849) to work on /home/airflow/.local/lib/python3.7/site-packages/airflow/example_dags/example_python_operator.py
[2025-06-20T13:18:55.498+0000] {processor.py:640} INFO - Processing file /home/airflow/.local/lib/python3.7/site-packages/airflow/example_dags/example_python_operator.py for tasks to queue
[2025-06-20T13:18:55.499+0000] {logging_mixin.py:115} INFO - [2025-06-20T13:18:55.499+0000] {dagbag.py:508} INFO - Filling up the DagBag from /home/airflow/.local/lib/python3.7/site-packages/airflow/example_dags/example_python_operator.py
[2025-06-20T13:18:55.506+0000] {processor.py:650} INFO - DAG(s) dict_keys(['example_python_operator']) retrieved from /home/airflow/.local/lib/python3.7/site-packages/airflow/example_dags/example_python_operator.py
[2025-06-20T13:18:55.516+0000] {logging_mixin.py:115} INFO - [2025-06-20T13:18:55.516+0000] {dag.py:2429} INFO - Sync 1 DAGs
[2025-06-20T13:18:55.526+0000] {logging_mixin.py:115} INFO - [2025-06-20T13:18:55.526+0000] {dag.py:2981} INFO - Setting next_dagrun for example_python_operator to None, run_after=None
[2025-06-20T13:18:55.530+0000] {processor.py:161} INFO - Processing /home/airflow/.local/lib/python3.7/site-packages/airflow/example_dags/example_python_operator.py took 0.035 seconds
[2025-06-20T13:19:25.647+0000] {processor.py:153} INFO - Started process (PID=1910) to work on /home/airflow/.local/lib/python3.7/site-packages/airflow/example_dags/example_python_operator.py
[2025-06-20T13:19:25.648+0000] {processor.py:640} INFO - Processing file /home/airflow/.local/lib/python3.7/site-packages/airflow/example_dags/example_python_operator.py for tasks to queue
[2025-06-20T13:19:25.648+0000] {logging_mixin.py:115} INFO - [2025-06-20T13:19:25.648+0000] {dagbag.py:508} INFO - Filling up the DagBag from /home/airflow/.local/lib/python3.7/site-packages/airflow/example_dags/example_python_operator.py
[2025-06-20T13:19:25.655+0000] {processor.py:650} INFO - DAG(s) dict_keys(['example_python_operator']) retrieved from /home/airflow/.local/lib/python3.7/site-packages/airflow/example_dags/example_python_operator.py
[2025-06-20T13:19:25.665+0000] {logging_mixin.py:115} INFO - [2025-06-20T13:19:25.665+0000] {dag.py:2429} INFO - Sync 1 DAGs
[2025-06-20T13:19:25.675+0000] {logging_mixin.py:115} INFO - [2025-06-20T13:19:25.675+0000] {dag.py:2981} INFO - Setting next_dagrun for example_python_operator to None, run_after=None
[2025-06-20T13:19:25.679+0000] {processor.py:161} INFO - Processing /home/airflow/.local/lib/python3.7/site-packages/airflow/example_dags/example_python_operator.py took 0.034 seconds
[2025-06-20T13:19:55.781+0000] {processor.py:153} INFO - Started process (PID=1971) to work on /home/airflow/.local/lib/python3.7/site-packages/airflow/example_dags/example_python_operator.py
[2025-06-20T13:19:55.781+0000] {processor.py:640} INFO - Processing file /home/airflow/.local/lib/python3.7/site-packages/airflow/example_dags/example_python_operator.py for tasks to queue
[2025-06-20T13:19:55.782+0000] {logging_mixin.py:115} INFO - [2025-06-20T13:19:55.782+0000] {dagbag.py:508} INFO - Filling up the DagBag from /home/airflow/.local/lib/python3.7/site-packages/airflow/example_dags/example_python_operator.py
[2025-06-20T13:19:55.790+0000] {processor.py:650} INFO - DAG(s) dict_keys(['example_python_operator']) retrieved from /home/airflow/.local/lib/python3.7/site-packages/airflow/example_dags/example_python_operator.py
[2025-06-20T13:19:55.801+0000] {logging_mixin.py:115} INFO - [2025-06-20T13:19:55.801+0000] {dag.py:2429} INFO - Sync 1 DAGs
[2025-06-20T13:19:55.812+0000] {logging_mixin.py:115} INFO - [2025-06-20T13:19:55.811+0000] {dag.py:2981} INFO - Setting next_dagrun for example_python_operator to None, run_after=None
[2025-06-20T13:19:55.817+0000] {processor.py:161} INFO - Processing /home/airflow/.local/lib/python3.7/site-packages/airflow/example_dags/example_python_operator.py took 0.038 seconds
[2025-06-20T13:20:25.909+0000] {processor.py:153} INFO - Started process (PID=2030) to work on /home/airflow/.local/lib/python3.7/site-packages/airflow/example_dags/example_python_operator.py
[2025-06-20T13:20:25.911+0000] {processor.py:640} INFO - Processing file /home/airflow/.local/lib/python3.7/site-packages/airflow/example_dags/example_python_operator.py for tasks to queue
[2025-06-20T13:20:25.911+0000] {logging_mixin.py:115} INFO - [2025-06-20T13:20:25.911+0000] {dagbag.py:508} INFO - Filling up the DagBag from /home/airflow/.local/lib/python3.7/site-packages/airflow/example_dags/example_python_operator.py
[2025-06-20T13:20:25.919+0000] {processor.py:650} INFO - DAG(s) dict_keys(['example_python_operator']) retrieved from /home/airflow/.local/lib/python3.7/site-packages/airflow/example_dags/example_python_operator.py
[2025-06-20T13:20:25.935+0000] {logging_mixin.py:115} INFO - [2025-06-20T13:20:25.935+0000] {dag.py:2429} INFO - Sync 1 DAGs
[2025-06-20T13:20:25.946+0000] {logging_mixin.py:115} INFO - [2025-06-20T13:20:25.946+0000] {dag.py:2981} INFO - Setting next_dagrun for example_python_operator to None, run_after=None
[2025-06-20T13:20:25.953+0000] {processor.py:161} INFO - Processing /home/airflow/.local/lib/python3.7/site-packages/airflow/example_dags/example_python_operator.py took 0.045 seconds
[2025-06-20T13:20:56.069+0000] {processor.py:153} INFO - Started process (PID=2084) to work on /home/airflow/.local/lib/python3.7/site-packages/airflow/example_dags/example_python_operator.py
[2025-06-20T13:20:56.069+0000] {processor.py:640} INFO - Processing file /home/airflow/.local/lib/python3.7/site-packages/airflow/example_dags/example_python_operator.py for tasks to queue
[2025-06-20T13:20:56.069+0000] {logging_mixin.py:115} INFO - [2025-06-20T13:20:56.069+0000] {dagbag.py:508} INFO - Filling up the DagBag from /home/airflow/.local/lib/python3.7/site-packages/airflow/example_dags/example_python_operator.py
[2025-06-20T13:20:56.076+0000] {processor.py:650} INFO - DAG(s) dict_keys(['example_python_operator']) retrieved from /home/airflow/.local/lib/python3.7/site-packages/airflow/example_dags/example_python_operator.py
[2025-06-20T13:20:56.087+0000] {logging_mixin.py:115} INFO - [2025-06-20T13:20:56.087+0000] {dag.py:2429} INFO - Sync 1 DAGs
[2025-06-20T13:20:56.097+0000] {logging_mixin.py:115} INFO - [2025-06-20T13:20:56.097+0000] {dag.py:2981} INFO - Setting next_dagrun for example_python_operator to None, run_after=None
[2025-06-20T13:20:56.101+0000] {processor.py:161} INFO - Processing /home/airflow/.local/lib/python3.7/site-packages/airflow/example_dags/example_python_operator.py took 0.034 seconds
[2025-06-20T13:21:26.204+0000] {processor.py:153} INFO - Started process (PID=2145) to work on /home/airflow/.local/lib/python3.7/site-packages/airflow/example_dags/example_python_operator.py
[2025-06-20T13:21:26.205+0000] {processor.py:640} INFO - Processing file /home/airflow/.local/lib/python3.7/site-packages/airflow/example_dags/example_python_operator.py for tasks to queue
[2025-06-20T13:21:26.205+0000] {logging_mixin.py:115} INFO - [2025-06-20T13:21:26.205+0000] {dagbag.py:508} INFO - Filling up the DagBag from /home/airflow/.local/lib/python3.7/site-packages/airflow/example_dags/example_python_operator.py
[2025-06-20T13:21:26.214+0000] {processor.py:650} INFO - DAG(s) dict_keys(['example_python_operator']) retrieved from /home/airflow/.local/lib/python3.7/site-packages/airflow/example_dags/example_python_operator.py
[2025-06-20T13:21:26.225+0000] {logging_mixin.py:115} INFO - [2025-06-20T13:21:26.225+0000] {dag.py:2429} INFO - Sync 1 DAGs
[2025-06-20T13:21:26.235+0000] {logging_mixin.py:115} INFO - [2025-06-20T13:21:26.235+0000] {dag.py:2981} INFO - Setting next_dagrun for example_python_operator to None, run_after=None
[2025-06-20T13:21:26.240+0000] {processor.py:161} INFO - Processing /home/airflow/.local/lib/python3.7/site-packages/airflow/example_dags/example_python_operator.py took 0.038 seconds
[2025-06-20T13:21:56.333+0000] {processor.py:153} INFO - Started process (PID=2206) to work on /home/airflow/.local/lib/python3.7/site-packages/airflow/example_dags/example_python_operator.py
[2025-06-20T13:21:56.334+0000] {processor.py:640} INFO - Processing file /home/airflow/.local/lib/python3.7/site-packages/airflow/example_dags/example_python_operator.py for tasks to queue
[2025-06-20T13:21:56.334+0000] {logging_mixin.py:115} INFO - [2025-06-20T13:21:56.334+0000] {dagbag.py:508} INFO - Filling up the DagBag from /home/airflow/.local/lib/python3.7/site-packages/airflow/example_dags/example_python_operator.py
[2025-06-20T13:21:56.342+0000] {processor.py:650} INFO - DAG(s) dict_keys(['example_python_operator']) retrieved from /home/airflow/.local/lib/python3.7/site-packages/airflow/example_dags/example_python_operator.py
[2025-06-20T13:21:56.352+0000] {logging_mixin.py:115} INFO - [2025-06-20T13:21:56.352+0000] {dag.py:2429} INFO - Sync 1 DAGs
[2025-06-20T13:21:56.362+0000] {logging_mixin.py:115} INFO - [2025-06-20T13:21:56.362+0000] {dag.py:2981} INFO - Setting next_dagrun for example_python_operator to None, run_after=None
[2025-06-20T13:21:56.367+0000] {processor.py:161} INFO - Processing /home/airflow/.local/lib/python3.7/site-packages/airflow/example_dags/example_python_operator.py took 0.035 seconds
[2025-06-20T13:22:26.409+0000] {processor.py:153} INFO - Started process (PID=2267) to work on /home/airflow/.local/lib/python3.7/site-packages/airflow/example_dags/example_python_operator.py
[2025-06-20T13:22:26.410+0000] {processor.py:640} INFO - Processing file /home/airflow/.local/lib/python3.7/site-packages/airflow/example_dags/example_python_operator.py for tasks to queue
[2025-06-20T13:22:26.410+0000] {logging_mixin.py:115} INFO - [2025-06-20T13:22:26.410+0000] {dagbag.py:508} INFO - Filling up the DagBag from /home/airflow/.local/lib/python3.7/site-packages/airflow/example_dags/example_python_operator.py
[2025-06-20T13:22:26.417+0000] {processor.py:650} INFO - DAG(s) dict_keys(['example_python_operator']) retrieved from /home/airflow/.local/lib/python3.7/site-packages/airflow/example_dags/example_python_operator.py
[2025-06-20T13:22:26.428+0000] {logging_mixin.py:115} INFO - [2025-06-20T13:22:26.428+0000] {dag.py:2429} INFO - Sync 1 DAGs
[2025-06-20T13:22:26.438+0000] {logging_mixin.py:115} INFO - [2025-06-20T13:22:26.438+0000] {dag.py:2981} INFO - Setting next_dagrun for example_python_operator to None, run_after=None
[2025-06-20T13:22:26.442+0000] {processor.py:161} INFO - Processing /home/airflow/.local/lib/python3.7/site-packages/airflow/example_dags/example_python_operator.py took 0.034 seconds
[2025-06-20T13:22:56.580+0000] {processor.py:153} INFO - Started process (PID=2328) to work on /home/airflow/.local/lib/python3.7/site-packages/airflow/example_dags/example_python_operator.py
[2025-06-20T13:22:56.580+0000] {processor.py:640} INFO - Processing file /home/airflow/.local/lib/python3.7/site-packages/airflow/example_dags/example_python_operator.py for tasks to queue
[2025-06-20T13:22:56.580+0000] {logging_mixin.py:115} INFO - [2025-06-20T13:22:56.580+0000] {dagbag.py:508} INFO - Filling up the DagBag from /home/airflow/.local/lib/python3.7/site-packages/airflow/example_dags/example_python_operator.py
[2025-06-20T13:22:56.587+0000] {processor.py:650} INFO - DAG(s) dict_keys(['example_python_operator']) retrieved from /home/airflow/.local/lib/python3.7/site-packages/airflow/example_dags/example_python_operator.py
[2025-06-20T13:22:56.598+0000] {logging_mixin.py:115} INFO - [2025-06-20T13:22:56.598+0000] {dag.py:2429} INFO - Sync 1 DAGs
[2025-06-20T13:22:56.607+0000] {logging_mixin.py:115} INFO - [2025-06-20T13:22:56.607+0000] {dag.py:2981} INFO - Setting next_dagrun for example_python_operator to None, run_after=None
[2025-06-20T13:22:56.611+0000] {processor.py:161} INFO - Processing /home/airflow/.local/lib/python3.7/site-packages/airflow/example_dags/example_python_operator.py took 0.033 seconds
[2025-06-20T13:23:26.736+0000] {processor.py:153} INFO - Started process (PID=2380) to work on /home/airflow/.local/lib/python3.7/site-packages/airflow/example_dags/example_python_operator.py
[2025-06-20T13:23:26.736+0000] {processor.py:640} INFO - Processing file /home/airflow/.local/lib/python3.7/site-packages/airflow/example_dags/example_python_operator.py for tasks to queue
[2025-06-20T13:23:26.737+0000] {logging_mixin.py:115} INFO - [2025-06-20T13:23:26.737+0000] {dagbag.py:508} INFO - Filling up the DagBag from /home/airflow/.local/lib/python3.7/site-packages/airflow/example_dags/example_python_operator.py
[2025-06-20T13:23:26.744+0000] {processor.py:650} INFO - DAG(s) dict_keys(['example_python_operator']) retrieved from /home/airflow/.local/lib/python3.7/site-packages/airflow/example_dags/example_python_operator.py
[2025-06-20T13:23:26.755+0000] {logging_mixin.py:115} INFO - [2025-06-20T13:23:26.755+0000] {dag.py:2429} INFO - Sync 1 DAGs
[2025-06-20T13:23:26.765+0000] {logging_mixin.py:115} INFO - [2025-06-20T13:23:26.765+0000] {dag.py:2981} INFO - Setting next_dagrun for example_python_operator to None, run_after=None
[2025-06-20T13:23:26.769+0000] {processor.py:161} INFO - Processing /home/airflow/.local/lib/python3.7/site-packages/airflow/example_dags/example_python_operator.py took 0.035 seconds
[2025-06-20T13:23:56.876+0000] {processor.py:153} INFO - Started process (PID=2441) to work on /home/airflow/.local/lib/python3.7/site-packages/airflow/example_dags/example_python_operator.py
[2025-06-20T13:23:56.877+0000] {processor.py:640} INFO - Processing file /home/airflow/.local/lib/python3.7/site-packages/airflow/example_dags/example_python_operator.py for tasks to queue
[2025-06-20T13:23:56.877+0000] {logging_mixin.py:115} INFO - [2025-06-20T13:23:56.877+0000] {dagbag.py:508} INFO - Filling up the DagBag from /home/airflow/.local/lib/python3.7/site-packages/airflow/example_dags/example_python_operator.py
[2025-06-20T13:23:56.886+0000] {processor.py:650} INFO - DAG(s) dict_keys(['example_python_operator']) retrieved from /home/airflow/.local/lib/python3.7/site-packages/airflow/example_dags/example_python_operator.py
[2025-06-20T13:23:56.898+0000] {logging_mixin.py:115} INFO - [2025-06-20T13:23:56.898+0000] {dag.py:2429} INFO - Sync 1 DAGs
[2025-06-20T13:23:56.908+0000] {logging_mixin.py:115} INFO - [2025-06-20T13:23:56.908+0000] {dag.py:2981} INFO - Setting next_dagrun for example_python_operator to None, run_after=None
[2025-06-20T13:23:56.919+0000] {processor.py:161} INFO - Processing /home/airflow/.local/lib/python3.7/site-packages/airflow/example_dags/example_python_operator.py took 0.045 seconds
[2025-06-20T13:24:27.067+0000] {processor.py:153} INFO - Started process (PID=2502) to work on /home/airflow/.local/lib/python3.7/site-packages/airflow/example_dags/example_python_operator.py
[2025-06-20T13:24:27.069+0000] {processor.py:640} INFO - Processing file /home/airflow/.local/lib/python3.7/site-packages/airflow/example_dags/example_python_operator.py for tasks to queue
[2025-06-20T13:24:27.069+0000] {logging_mixin.py:115} INFO - [2025-06-20T13:24:27.069+0000] {dagbag.py:508} INFO - Filling up the DagBag from /home/airflow/.local/lib/python3.7/site-packages/airflow/example_dags/example_python_operator.py
[2025-06-20T13:24:27.077+0000] {processor.py:650} INFO - DAG(s) dict_keys(['example_python_operator']) retrieved from /home/airflow/.local/lib/python3.7/site-packages/airflow/example_dags/example_python_operator.py
[2025-06-20T13:24:27.092+0000] {logging_mixin.py:115} INFO - [2025-06-20T13:24:27.092+0000] {dag.py:2429} INFO - Sync 1 DAGs
[2025-06-20T13:24:27.103+0000] {logging_mixin.py:115} INFO - [2025-06-20T13:24:27.103+0000] {dag.py:2981} INFO - Setting next_dagrun for example_python_operator to None, run_after=None
[2025-06-20T13:24:27.108+0000] {processor.py:161} INFO - Processing /home/airflow/.local/lib/python3.7/site-packages/airflow/example_dags/example_python_operator.py took 0.042 seconds
