[2025-06-20T12:58:51.776+0000] {processor.py:153} INFO - Started process (PID=38) to work on /home/airflow/.local/lib/python3.7/site-packages/airflow/example_dags/example_latest_only_with_trigger.py
[2025-06-20T12:58:51.777+0000] {processor.py:640} INFO - Processing file /home/airflow/.local/lib/python3.7/site-packages/airflow/example_dags/example_latest_only_with_trigger.py for tasks to queue
[2025-06-20T12:58:51.778+0000] {logging_mixin.py:115} INFO - [2025-06-20T12:58:51.778+0000] {dagbag.py:508} INFO - Filling up the DagBag from /home/airflow/.local/lib/python3.7/site-packages/airflow/example_dags/example_latest_only_with_trigger.py
[2025-06-20T12:58:51.783+0000] {processor.py:650} INFO - DAG(s) dict_keys(['latest_only_with_trigger']) retrieved from /home/airflow/.local/lib/python3.7/site-packages/airflow/example_dags/example_latest_only_with_trigger.py
[2025-06-20T12:58:51.846+0000] {logging_mixin.py:115} INFO - [2025-06-20T12:58:51.846+0000] {manager.py:508} INFO - Created Permission View: can read on DAG:latest_only_with_trigger
[2025-06-20T12:58:51.850+0000] {logging_mixin.py:115} INFO - [2025-06-20T12:58:51.850+0000] {manager.py:508} INFO - Created Permission View: can delete on DAG:latest_only_with_trigger
[2025-06-20T12:58:51.853+0000] {logging_mixin.py:115} INFO - [2025-06-20T12:58:51.853+0000] {manager.py:508} INFO - Created Permission View: can edit on DAG:latest_only_with_trigger
[2025-06-20T12:58:51.853+0000] {logging_mixin.py:115} INFO - [2025-06-20T12:58:51.853+0000] {dag.py:2429} INFO - Sync 1 DAGs
[2025-06-20T12:58:51.858+0000] {logging_mixin.py:115} INFO - [2025-06-20T12:58:51.858+0000] {dag.py:2448} INFO - Creating ORM DAG for latest_only_with_trigger
[2025-06-20T12:58:51.865+0000] {logging_mixin.py:115} INFO - [2025-06-20T12:58:51.864+0000] {dag.py:2981} INFO - Setting next_dagrun for latest_only_with_trigger to 2025-06-20T08:58:51.864838+00:00, run_after=2025-06-20T12:58:51.864838+00:00
[2025-06-20T12:58:51.874+0000] {processor.py:161} INFO - Processing /home/airflow/.local/lib/python3.7/site-packages/airflow/example_dags/example_latest_only_with_trigger.py took 0.101 seconds
[2025-06-20T12:59:22.275+0000] {processor.py:153} INFO - Started process (PID=98) to work on /home/airflow/.local/lib/python3.7/site-packages/airflow/example_dags/example_latest_only_with_trigger.py
[2025-06-20T12:59:22.278+0000] {processor.py:640} INFO - Processing file /home/airflow/.local/lib/python3.7/site-packages/airflow/example_dags/example_latest_only_with_trigger.py for tasks to queue
[2025-06-20T12:59:22.278+0000] {logging_mixin.py:115} INFO - [2025-06-20T12:59:22.278+0000] {dagbag.py:508} INFO - Filling up the DagBag from /home/airflow/.local/lib/python3.7/site-packages/airflow/example_dags/example_latest_only_with_trigger.py
[2025-06-20T12:59:22.285+0000] {processor.py:650} INFO - DAG(s) dict_keys(['latest_only_with_trigger']) retrieved from /home/airflow/.local/lib/python3.7/site-packages/airflow/example_dags/example_latest_only_with_trigger.py
[2025-06-20T12:59:22.305+0000] {logging_mixin.py:115} INFO - [2025-06-20T12:59:22.305+0000] {dag.py:2429} INFO - Sync 1 DAGs
[2025-06-20T12:59:22.320+0000] {logging_mixin.py:115} INFO - [2025-06-20T12:59:22.320+0000] {dag.py:2981} INFO - Setting next_dagrun for latest_only_with_trigger to 2025-06-20T08:59:22.319979+00:00, run_after=2025-06-20T12:59:22.319979+00:00
[2025-06-20T12:59:22.327+0000] {processor.py:161} INFO - Processing /home/airflow/.local/lib/python3.7/site-packages/airflow/example_dags/example_latest_only_with_trigger.py took 0.056 seconds
[2025-06-20T12:59:52.441+0000] {processor.py:153} INFO - Started process (PID=159) to work on /home/airflow/.local/lib/python3.7/site-packages/airflow/example_dags/example_latest_only_with_trigger.py
[2025-06-20T12:59:52.442+0000] {processor.py:640} INFO - Processing file /home/airflow/.local/lib/python3.7/site-packages/airflow/example_dags/example_latest_only_with_trigger.py for tasks to queue
[2025-06-20T12:59:52.443+0000] {logging_mixin.py:115} INFO - [2025-06-20T12:59:52.443+0000] {dagbag.py:508} INFO - Filling up the DagBag from /home/airflow/.local/lib/python3.7/site-packages/airflow/example_dags/example_latest_only_with_trigger.py
[2025-06-20T12:59:52.447+0000] {processor.py:650} INFO - DAG(s) dict_keys(['latest_only_with_trigger']) retrieved from /home/airflow/.local/lib/python3.7/site-packages/airflow/example_dags/example_latest_only_with_trigger.py
[2025-06-20T12:59:52.463+0000] {logging_mixin.py:115} INFO - [2025-06-20T12:59:52.463+0000] {dag.py:2429} INFO - Sync 1 DAGs
[2025-06-20T12:59:52.475+0000] {logging_mixin.py:115} INFO - [2025-06-20T12:59:52.475+0000] {dag.py:2981} INFO - Setting next_dagrun for latest_only_with_trigger to 2025-06-20T08:59:52.475140+00:00, run_after=2025-06-20T12:59:52.475140+00:00
[2025-06-20T12:59:52.480+0000] {processor.py:161} INFO - Processing /home/airflow/.local/lib/python3.7/site-packages/airflow/example_dags/example_latest_only_with_trigger.py took 0.042 seconds
[2025-06-20T13:03:46.505+0000] {processor.py:153} INFO - Started process (PID=37) to work on /home/airflow/.local/lib/python3.7/site-packages/airflow/example_dags/example_latest_only_with_trigger.py
[2025-06-20T13:03:46.506+0000] {processor.py:640} INFO - Processing file /home/airflow/.local/lib/python3.7/site-packages/airflow/example_dags/example_latest_only_with_trigger.py for tasks to queue
[2025-06-20T13:03:46.506+0000] {logging_mixin.py:115} INFO - [2025-06-20T13:03:46.506+0000] {dagbag.py:508} INFO - Filling up the DagBag from /home/airflow/.local/lib/python3.7/site-packages/airflow/example_dags/example_latest_only_with_trigger.py
[2025-06-20T13:03:46.514+0000] {processor.py:650} INFO - DAG(s) dict_keys(['latest_only_with_trigger']) retrieved from /home/airflow/.local/lib/python3.7/site-packages/airflow/example_dags/example_latest_only_with_trigger.py
[2025-06-20T13:03:46.584+0000] {logging_mixin.py:115} INFO - [2025-06-20T13:03:46.584+0000] {manager.py:508} INFO - Created Permission View: can delete on DAG:latest_only_with_trigger
[2025-06-20T13:03:46.591+0000] {logging_mixin.py:115} INFO - [2025-06-20T13:03:46.591+0000] {manager.py:508} INFO - Created Permission View: can edit on DAG:latest_only_with_trigger
[2025-06-20T13:03:46.596+0000] {logging_mixin.py:115} INFO - [2025-06-20T13:03:46.596+0000] {manager.py:508} INFO - Created Permission View: can read on DAG:latest_only_with_trigger
[2025-06-20T13:03:46.597+0000] {logging_mixin.py:115} INFO - [2025-06-20T13:03:46.597+0000] {dag.py:2429} INFO - Sync 1 DAGs
[2025-06-20T13:03:46.603+0000] {logging_mixin.py:115} INFO - [2025-06-20T13:03:46.603+0000] {dag.py:2448} INFO - Creating ORM DAG for latest_only_with_trigger
[2025-06-20T13:03:46.611+0000] {logging_mixin.py:115} INFO - [2025-06-20T13:03:46.611+0000] {dag.py:2981} INFO - Setting next_dagrun for latest_only_with_trigger to 2025-06-20T09:03:46.611234+00:00, run_after=2025-06-20T13:03:46.611234+00:00
[2025-06-20T13:03:46.625+0000] {processor.py:161} INFO - Processing /home/airflow/.local/lib/python3.7/site-packages/airflow/example_dags/example_latest_only_with_trigger.py took 0.123 seconds
[2025-06-20T13:04:17.123+0000] {processor.py:153} INFO - Started process (PID=98) to work on /home/airflow/.local/lib/python3.7/site-packages/airflow/example_dags/example_latest_only_with_trigger.py
[2025-06-20T13:04:17.125+0000] {processor.py:640} INFO - Processing file /home/airflow/.local/lib/python3.7/site-packages/airflow/example_dags/example_latest_only_with_trigger.py for tasks to queue
[2025-06-20T13:04:17.126+0000] {logging_mixin.py:115} INFO - [2025-06-20T13:04:17.126+0000] {dagbag.py:508} INFO - Filling up the DagBag from /home/airflow/.local/lib/python3.7/site-packages/airflow/example_dags/example_latest_only_with_trigger.py
[2025-06-20T13:04:17.133+0000] {processor.py:650} INFO - DAG(s) dict_keys(['latest_only_with_trigger']) retrieved from /home/airflow/.local/lib/python3.7/site-packages/airflow/example_dags/example_latest_only_with_trigger.py
[2025-06-20T13:04:17.155+0000] {logging_mixin.py:115} INFO - [2025-06-20T13:04:17.155+0000] {dag.py:2429} INFO - Sync 1 DAGs
[2025-06-20T13:04:17.169+0000] {logging_mixin.py:115} INFO - [2025-06-20T13:04:17.169+0000] {dag.py:2981} INFO - Setting next_dagrun for latest_only_with_trigger to 2025-06-20T09:04:17.168998+00:00, run_after=2025-06-20T13:04:17.168998+00:00
[2025-06-20T13:04:17.176+0000] {processor.py:161} INFO - Processing /home/airflow/.local/lib/python3.7/site-packages/airflow/example_dags/example_latest_only_with_trigger.py took 0.058 seconds
[2025-06-20T13:04:47.290+0000] {processor.py:153} INFO - Started process (PID=159) to work on /home/airflow/.local/lib/python3.7/site-packages/airflow/example_dags/example_latest_only_with_trigger.py
[2025-06-20T13:04:47.292+0000] {processor.py:640} INFO - Processing file /home/airflow/.local/lib/python3.7/site-packages/airflow/example_dags/example_latest_only_with_trigger.py for tasks to queue
[2025-06-20T13:04:47.292+0000] {logging_mixin.py:115} INFO - [2025-06-20T13:04:47.292+0000] {dagbag.py:508} INFO - Filling up the DagBag from /home/airflow/.local/lib/python3.7/site-packages/airflow/example_dags/example_latest_only_with_trigger.py
[2025-06-20T13:04:47.297+0000] {processor.py:650} INFO - DAG(s) dict_keys(['latest_only_with_trigger']) retrieved from /home/airflow/.local/lib/python3.7/site-packages/airflow/example_dags/example_latest_only_with_trigger.py
[2025-06-20T13:04:47.312+0000] {logging_mixin.py:115} INFO - [2025-06-20T13:04:47.312+0000] {dag.py:2429} INFO - Sync 1 DAGs
[2025-06-20T13:04:47.326+0000] {logging_mixin.py:115} INFO - [2025-06-20T13:04:47.326+0000] {dag.py:2981} INFO - Setting next_dagrun for latest_only_with_trigger to 2025-06-20T09:04:47.326568+00:00, run_after=2025-06-20T13:04:47.326568+00:00
[2025-06-20T13:04:47.336+0000] {processor.py:161} INFO - Processing /home/airflow/.local/lib/python3.7/site-packages/airflow/example_dags/example_latest_only_with_trigger.py took 0.047 seconds
[2025-06-20T13:05:17.504+0000] {processor.py:153} INFO - Started process (PID=219) to work on /home/airflow/.local/lib/python3.7/site-packages/airflow/example_dags/example_latest_only_with_trigger.py
[2025-06-20T13:05:17.505+0000] {processor.py:640} INFO - Processing file /home/airflow/.local/lib/python3.7/site-packages/airflow/example_dags/example_latest_only_with_trigger.py for tasks to queue
[2025-06-20T13:05:17.505+0000] {logging_mixin.py:115} INFO - [2025-06-20T13:05:17.505+0000] {dagbag.py:508} INFO - Filling up the DagBag from /home/airflow/.local/lib/python3.7/site-packages/airflow/example_dags/example_latest_only_with_trigger.py
[2025-06-20T13:05:17.509+0000] {processor.py:650} INFO - DAG(s) dict_keys(['latest_only_with_trigger']) retrieved from /home/airflow/.local/lib/python3.7/site-packages/airflow/example_dags/example_latest_only_with_trigger.py
[2025-06-20T13:05:17.533+0000] {logging_mixin.py:115} INFO - [2025-06-20T13:05:17.533+0000] {dag.py:2429} INFO - Sync 1 DAGs
[2025-06-20T13:05:17.548+0000] {logging_mixin.py:115} INFO - [2025-06-20T13:05:17.548+0000] {dag.py:2981} INFO - Setting next_dagrun for latest_only_with_trigger to 2025-06-20T09:05:17.548353+00:00, run_after=2025-06-20T13:05:17.548353+00:00
[2025-06-20T13:05:17.557+0000] {processor.py:161} INFO - Processing /home/airflow/.local/lib/python3.7/site-packages/airflow/example_dags/example_latest_only_with_trigger.py took 0.057 seconds
[2025-06-20T13:05:47.710+0000] {processor.py:153} INFO - Started process (PID=271) to work on /home/airflow/.local/lib/python3.7/site-packages/airflow/example_dags/example_latest_only_with_trigger.py
[2025-06-20T13:05:47.712+0000] {processor.py:640} INFO - Processing file /home/airflow/.local/lib/python3.7/site-packages/airflow/example_dags/example_latest_only_with_trigger.py for tasks to queue
[2025-06-20T13:05:47.714+0000] {logging_mixin.py:115} INFO - [2025-06-20T13:05:47.714+0000] {dagbag.py:508} INFO - Filling up the DagBag from /home/airflow/.local/lib/python3.7/site-packages/airflow/example_dags/example_latest_only_with_trigger.py
[2025-06-20T13:05:47.721+0000] {processor.py:650} INFO - DAG(s) dict_keys(['latest_only_with_trigger']) retrieved from /home/airflow/.local/lib/python3.7/site-packages/airflow/example_dags/example_latest_only_with_trigger.py
[2025-06-20T13:05:47.744+0000] {logging_mixin.py:115} INFO - [2025-06-20T13:05:47.744+0000] {dag.py:2429} INFO - Sync 1 DAGs
[2025-06-20T13:05:47.758+0000] {logging_mixin.py:115} INFO - [2025-06-20T13:05:47.757+0000] {dag.py:2981} INFO - Setting next_dagrun for latest_only_with_trigger to 2025-06-20T09:05:47.757747+00:00, run_after=2025-06-20T13:05:47.757747+00:00
[2025-06-20T13:05:47.766+0000] {processor.py:161} INFO - Processing /home/airflow/.local/lib/python3.7/site-packages/airflow/example_dags/example_latest_only_with_trigger.py took 0.058 seconds
[2025-06-20T13:06:18.012+0000] {processor.py:153} INFO - Started process (PID=332) to work on /home/airflow/.local/lib/python3.7/site-packages/airflow/example_dags/example_latest_only_with_trigger.py
[2025-06-20T13:06:18.013+0000] {processor.py:640} INFO - Processing file /home/airflow/.local/lib/python3.7/site-packages/airflow/example_dags/example_latest_only_with_trigger.py for tasks to queue
[2025-06-20T13:06:18.014+0000] {logging_mixin.py:115} INFO - [2025-06-20T13:06:18.014+0000] {dagbag.py:508} INFO - Filling up the DagBag from /home/airflow/.local/lib/python3.7/site-packages/airflow/example_dags/example_latest_only_with_trigger.py
[2025-06-20T13:06:18.020+0000] {processor.py:650} INFO - DAG(s) dict_keys(['latest_only_with_trigger']) retrieved from /home/airflow/.local/lib/python3.7/site-packages/airflow/example_dags/example_latest_only_with_trigger.py
[2025-06-20T13:06:18.038+0000] {logging_mixin.py:115} INFO - [2025-06-20T13:06:18.038+0000] {dag.py:2429} INFO - Sync 1 DAGs
[2025-06-20T13:06:18.052+0000] {logging_mixin.py:115} INFO - [2025-06-20T13:06:18.052+0000] {dag.py:2981} INFO - Setting next_dagrun for latest_only_with_trigger to 2025-06-20T09:06:18.052425+00:00, run_after=2025-06-20T13:06:18.052425+00:00
[2025-06-20T13:06:18.063+0000] {processor.py:161} INFO - Processing /home/airflow/.local/lib/python3.7/site-packages/airflow/example_dags/example_latest_only_with_trigger.py took 0.055 seconds
[2025-06-20T13:06:48.259+0000] {processor.py:153} INFO - Started process (PID=392) to work on /home/airflow/.local/lib/python3.7/site-packages/airflow/example_dags/example_latest_only_with_trigger.py
[2025-06-20T13:06:48.261+0000] {processor.py:640} INFO - Processing file /home/airflow/.local/lib/python3.7/site-packages/airflow/example_dags/example_latest_only_with_trigger.py for tasks to queue
[2025-06-20T13:06:48.262+0000] {logging_mixin.py:115} INFO - [2025-06-20T13:06:48.262+0000] {dagbag.py:508} INFO - Filling up the DagBag from /home/airflow/.local/lib/python3.7/site-packages/airflow/example_dags/example_latest_only_with_trigger.py
[2025-06-20T13:06:48.269+0000] {processor.py:650} INFO - DAG(s) dict_keys(['latest_only_with_trigger']) retrieved from /home/airflow/.local/lib/python3.7/site-packages/airflow/example_dags/example_latest_only_with_trigger.py
[2025-06-20T13:06:48.293+0000] {logging_mixin.py:115} INFO - [2025-06-20T13:06:48.293+0000] {dag.py:2429} INFO - Sync 1 DAGs
[2025-06-20T13:06:48.312+0000] {logging_mixin.py:115} INFO - [2025-06-20T13:06:48.312+0000] {dag.py:2981} INFO - Setting next_dagrun for latest_only_with_trigger to 2025-06-20T09:06:48.312661+00:00, run_after=2025-06-20T13:06:48.312661+00:00
[2025-06-20T13:06:48.320+0000] {processor.py:161} INFO - Processing /home/airflow/.local/lib/python3.7/site-packages/airflow/example_dags/example_latest_only_with_trigger.py took 0.064 seconds
[2025-06-20T13:07:18.368+0000] {processor.py:153} INFO - Started process (PID=453) to work on /home/airflow/.local/lib/python3.7/site-packages/airflow/example_dags/example_latest_only_with_trigger.py
[2025-06-20T13:07:18.371+0000] {processor.py:640} INFO - Processing file /home/airflow/.local/lib/python3.7/site-packages/airflow/example_dags/example_latest_only_with_trigger.py for tasks to queue
[2025-06-20T13:07:18.372+0000] {logging_mixin.py:115} INFO - [2025-06-20T13:07:18.372+0000] {dagbag.py:508} INFO - Filling up the DagBag from /home/airflow/.local/lib/python3.7/site-packages/airflow/example_dags/example_latest_only_with_trigger.py
[2025-06-20T13:07:18.377+0000] {processor.py:650} INFO - DAG(s) dict_keys(['latest_only_with_trigger']) retrieved from /home/airflow/.local/lib/python3.7/site-packages/airflow/example_dags/example_latest_only_with_trigger.py
[2025-06-20T13:07:18.398+0000] {logging_mixin.py:115} INFO - [2025-06-20T13:07:18.398+0000] {dag.py:2429} INFO - Sync 1 DAGs
[2025-06-20T13:07:18.408+0000] {logging_mixin.py:115} INFO - [2025-06-20T13:07:18.408+0000] {dag.py:2981} INFO - Setting next_dagrun for latest_only_with_trigger to 2025-06-20T09:07:18.408595+00:00, run_after=2025-06-20T13:07:18.408595+00:00
[2025-06-20T13:07:18.417+0000] {processor.py:161} INFO - Processing /home/airflow/.local/lib/python3.7/site-packages/airflow/example_dags/example_latest_only_with_trigger.py took 0.051 seconds
[2025-06-20T13:07:48.483+0000] {processor.py:153} INFO - Started process (PID=514) to work on /home/airflow/.local/lib/python3.7/site-packages/airflow/example_dags/example_latest_only_with_trigger.py
[2025-06-20T13:07:48.485+0000] {processor.py:640} INFO - Processing file /home/airflow/.local/lib/python3.7/site-packages/airflow/example_dags/example_latest_only_with_trigger.py for tasks to queue
[2025-06-20T13:07:48.485+0000] {logging_mixin.py:115} INFO - [2025-06-20T13:07:48.485+0000] {dagbag.py:508} INFO - Filling up the DagBag from /home/airflow/.local/lib/python3.7/site-packages/airflow/example_dags/example_latest_only_with_trigger.py
[2025-06-20T13:07:48.493+0000] {processor.py:650} INFO - DAG(s) dict_keys(['latest_only_with_trigger']) retrieved from /home/airflow/.local/lib/python3.7/site-packages/airflow/example_dags/example_latest_only_with_trigger.py
[2025-06-20T13:07:48.512+0000] {logging_mixin.py:115} INFO - [2025-06-20T13:07:48.512+0000] {dag.py:2429} INFO - Sync 1 DAGs
[2025-06-20T13:07:48.523+0000] {logging_mixin.py:115} INFO - [2025-06-20T13:07:48.523+0000] {dag.py:2981} INFO - Setting next_dagrun for latest_only_with_trigger to 2025-06-20T09:07:48.523353+00:00, run_after=2025-06-20T13:07:48.523353+00:00
[2025-06-20T13:07:48.530+0000] {processor.py:161} INFO - Processing /home/airflow/.local/lib/python3.7/site-packages/airflow/example_dags/example_latest_only_with_trigger.py took 0.049 seconds
[2025-06-20T13:08:18.585+0000] {processor.py:153} INFO - Started process (PID=566) to work on /home/airflow/.local/lib/python3.7/site-packages/airflow/example_dags/example_latest_only_with_trigger.py
[2025-06-20T13:08:18.586+0000] {processor.py:640} INFO - Processing file /home/airflow/.local/lib/python3.7/site-packages/airflow/example_dags/example_latest_only_with_trigger.py for tasks to queue
[2025-06-20T13:08:18.587+0000] {logging_mixin.py:115} INFO - [2025-06-20T13:08:18.587+0000] {dagbag.py:508} INFO - Filling up the DagBag from /home/airflow/.local/lib/python3.7/site-packages/airflow/example_dags/example_latest_only_with_trigger.py
[2025-06-20T13:08:18.591+0000] {processor.py:650} INFO - DAG(s) dict_keys(['latest_only_with_trigger']) retrieved from /home/airflow/.local/lib/python3.7/site-packages/airflow/example_dags/example_latest_only_with_trigger.py
[2025-06-20T13:08:18.608+0000] {logging_mixin.py:115} INFO - [2025-06-20T13:08:18.608+0000] {dag.py:2429} INFO - Sync 1 DAGs
[2025-06-20T13:08:18.622+0000] {logging_mixin.py:115} INFO - [2025-06-20T13:08:18.622+0000] {dag.py:2981} INFO - Setting next_dagrun for latest_only_with_trigger to 2025-06-20T09:08:18.622121+00:00, run_after=2025-06-20T13:08:18.622121+00:00
[2025-06-20T13:08:18.630+0000] {processor.py:161} INFO - Processing /home/airflow/.local/lib/python3.7/site-packages/airflow/example_dags/example_latest_only_with_trigger.py took 0.047 seconds
[2025-06-20T13:08:48.718+0000] {processor.py:153} INFO - Started process (PID=627) to work on /home/airflow/.local/lib/python3.7/site-packages/airflow/example_dags/example_latest_only_with_trigger.py
[2025-06-20T13:08:48.719+0000] {processor.py:640} INFO - Processing file /home/airflow/.local/lib/python3.7/site-packages/airflow/example_dags/example_latest_only_with_trigger.py for tasks to queue
[2025-06-20T13:08:48.719+0000] {logging_mixin.py:115} INFO - [2025-06-20T13:08:48.719+0000] {dagbag.py:508} INFO - Filling up the DagBag from /home/airflow/.local/lib/python3.7/site-packages/airflow/example_dags/example_latest_only_with_trigger.py
[2025-06-20T13:08:48.726+0000] {processor.py:650} INFO - DAG(s) dict_keys(['latest_only_with_trigger']) retrieved from /home/airflow/.local/lib/python3.7/site-packages/airflow/example_dags/example_latest_only_with_trigger.py
[2025-06-20T13:08:48.741+0000] {logging_mixin.py:115} INFO - [2025-06-20T13:08:48.741+0000] {dag.py:2429} INFO - Sync 1 DAGs
[2025-06-20T13:08:48.754+0000] {logging_mixin.py:115} INFO - [2025-06-20T13:08:48.754+0000] {dag.py:2981} INFO - Setting next_dagrun for latest_only_with_trigger to 2025-06-20T09:08:48.754014+00:00, run_after=2025-06-20T13:08:48.754014+00:00
[2025-06-20T13:08:48.760+0000] {processor.py:161} INFO - Processing /home/airflow/.local/lib/python3.7/site-packages/airflow/example_dags/example_latest_only_with_trigger.py took 0.045 seconds
[2025-06-20T13:09:18.832+0000] {processor.py:153} INFO - Started process (PID=688) to work on /home/airflow/.local/lib/python3.7/site-packages/airflow/example_dags/example_latest_only_with_trigger.py
[2025-06-20T13:09:18.834+0000] {processor.py:640} INFO - Processing file /home/airflow/.local/lib/python3.7/site-packages/airflow/example_dags/example_latest_only_with_trigger.py for tasks to queue
[2025-06-20T13:09:18.835+0000] {logging_mixin.py:115} INFO - [2025-06-20T13:09:18.835+0000] {dagbag.py:508} INFO - Filling up the DagBag from /home/airflow/.local/lib/python3.7/site-packages/airflow/example_dags/example_latest_only_with_trigger.py
[2025-06-20T13:09:18.842+0000] {processor.py:650} INFO - DAG(s) dict_keys(['latest_only_with_trigger']) retrieved from /home/airflow/.local/lib/python3.7/site-packages/airflow/example_dags/example_latest_only_with_trigger.py
[2025-06-20T13:09:18.863+0000] {logging_mixin.py:115} INFO - [2025-06-20T13:09:18.863+0000] {dag.py:2429} INFO - Sync 1 DAGs
[2025-06-20T13:09:18.877+0000] {logging_mixin.py:115} INFO - [2025-06-20T13:09:18.877+0000] {dag.py:2981} INFO - Setting next_dagrun for latest_only_with_trigger to 2025-06-20T09:09:18.877455+00:00, run_after=2025-06-20T13:09:18.877455+00:00
[2025-06-20T13:09:18.883+0000] {processor.py:161} INFO - Processing /home/airflow/.local/lib/python3.7/site-packages/airflow/example_dags/example_latest_only_with_trigger.py took 0.056 seconds
[2025-06-20T13:09:48.924+0000] {processor.py:153} INFO - Started process (PID=749) to work on /home/airflow/.local/lib/python3.7/site-packages/airflow/example_dags/example_latest_only_with_trigger.py
[2025-06-20T13:09:48.926+0000] {processor.py:640} INFO - Processing file /home/airflow/.local/lib/python3.7/site-packages/airflow/example_dags/example_latest_only_with_trigger.py for tasks to queue
[2025-06-20T13:09:48.927+0000] {logging_mixin.py:115} INFO - [2025-06-20T13:09:48.927+0000] {dagbag.py:508} INFO - Filling up the DagBag from /home/airflow/.local/lib/python3.7/site-packages/airflow/example_dags/example_latest_only_with_trigger.py
[2025-06-20T13:09:48.931+0000] {processor.py:650} INFO - DAG(s) dict_keys(['latest_only_with_trigger']) retrieved from /home/airflow/.local/lib/python3.7/site-packages/airflow/example_dags/example_latest_only_with_trigger.py
[2025-06-20T13:09:48.949+0000] {logging_mixin.py:115} INFO - [2025-06-20T13:09:48.948+0000] {dag.py:2429} INFO - Sync 1 DAGs
[2025-06-20T13:09:48.963+0000] {logging_mixin.py:115} INFO - [2025-06-20T13:09:48.963+0000] {dag.py:2981} INFO - Setting next_dagrun for latest_only_with_trigger to 2025-06-20T09:09:48.962888+00:00, run_after=2025-06-20T13:09:48.962888+00:00
[2025-06-20T13:09:48.969+0000] {processor.py:161} INFO - Processing /home/airflow/.local/lib/python3.7/site-packages/airflow/example_dags/example_latest_only_with_trigger.py took 0.048 seconds
[2025-06-20T13:10:19.014+0000] {processor.py:153} INFO - Started process (PID=810) to work on /home/airflow/.local/lib/python3.7/site-packages/airflow/example_dags/example_latest_only_with_trigger.py
[2025-06-20T13:10:19.016+0000] {processor.py:640} INFO - Processing file /home/airflow/.local/lib/python3.7/site-packages/airflow/example_dags/example_latest_only_with_trigger.py for tasks to queue
[2025-06-20T13:10:19.017+0000] {logging_mixin.py:115} INFO - [2025-06-20T13:10:19.017+0000] {dagbag.py:508} INFO - Filling up the DagBag from /home/airflow/.local/lib/python3.7/site-packages/airflow/example_dags/example_latest_only_with_trigger.py
[2025-06-20T13:10:19.023+0000] {processor.py:650} INFO - DAG(s) dict_keys(['latest_only_with_trigger']) retrieved from /home/airflow/.local/lib/python3.7/site-packages/airflow/example_dags/example_latest_only_with_trigger.py
[2025-06-20T13:10:19.043+0000] {logging_mixin.py:115} INFO - [2025-06-20T13:10:19.043+0000] {dag.py:2429} INFO - Sync 1 DAGs
[2025-06-20T13:10:19.055+0000] {logging_mixin.py:115} INFO - [2025-06-20T13:10:19.055+0000] {dag.py:2981} INFO - Setting next_dagrun for latest_only_with_trigger to 2025-06-20T09:10:19.055171+00:00, run_after=2025-06-20T13:10:19.055171+00:00
[2025-06-20T13:10:19.061+0000] {processor.py:161} INFO - Processing /home/airflow/.local/lib/python3.7/site-packages/airflow/example_dags/example_latest_only_with_trigger.py took 0.051 seconds
[2025-06-20T13:10:49.116+0000] {processor.py:153} INFO - Started process (PID=871) to work on /home/airflow/.local/lib/python3.7/site-packages/airflow/example_dags/example_latest_only_with_trigger.py
[2025-06-20T13:10:49.117+0000] {processor.py:640} INFO - Processing file /home/airflow/.local/lib/python3.7/site-packages/airflow/example_dags/example_latest_only_with_trigger.py for tasks to queue
[2025-06-20T13:10:49.117+0000] {logging_mixin.py:115} INFO - [2025-06-20T13:10:49.117+0000] {dagbag.py:508} INFO - Filling up the DagBag from /home/airflow/.local/lib/python3.7/site-packages/airflow/example_dags/example_latest_only_with_trigger.py
[2025-06-20T13:10:49.120+0000] {processor.py:650} INFO - DAG(s) dict_keys(['latest_only_with_trigger']) retrieved from /home/airflow/.local/lib/python3.7/site-packages/airflow/example_dags/example_latest_only_with_trigger.py
[2025-06-20T13:10:49.134+0000] {logging_mixin.py:115} INFO - [2025-06-20T13:10:49.134+0000] {dag.py:2429} INFO - Sync 1 DAGs
[2025-06-20T13:10:49.145+0000] {logging_mixin.py:115} INFO - [2025-06-20T13:10:49.145+0000] {dag.py:2981} INFO - Setting next_dagrun for latest_only_with_trigger to 2025-06-20T09:10:49.145628+00:00, run_after=2025-06-20T13:10:49.145628+00:00
[2025-06-20T13:10:49.152+0000] {processor.py:161} INFO - Processing /home/airflow/.local/lib/python3.7/site-packages/airflow/example_dags/example_latest_only_with_trigger.py took 0.038 seconds
[2025-06-20T13:11:19.235+0000] {processor.py:153} INFO - Started process (PID=923) to work on /home/airflow/.local/lib/python3.7/site-packages/airflow/example_dags/example_latest_only_with_trigger.py
[2025-06-20T13:11:19.237+0000] {processor.py:640} INFO - Processing file /home/airflow/.local/lib/python3.7/site-packages/airflow/example_dags/example_latest_only_with_trigger.py for tasks to queue
[2025-06-20T13:11:19.238+0000] {logging_mixin.py:115} INFO - [2025-06-20T13:11:19.238+0000] {dagbag.py:508} INFO - Filling up the DagBag from /home/airflow/.local/lib/python3.7/site-packages/airflow/example_dags/example_latest_only_with_trigger.py
[2025-06-20T13:11:19.250+0000] {processor.py:650} INFO - DAG(s) dict_keys(['latest_only_with_trigger']) retrieved from /home/airflow/.local/lib/python3.7/site-packages/airflow/example_dags/example_latest_only_with_trigger.py
[2025-06-20T13:11:19.274+0000] {logging_mixin.py:115} INFO - [2025-06-20T13:11:19.274+0000] {dag.py:2429} INFO - Sync 1 DAGs
[2025-06-20T13:11:19.289+0000] {logging_mixin.py:115} INFO - [2025-06-20T13:11:19.289+0000] {dag.py:2981} INFO - Setting next_dagrun for latest_only_with_trigger to 2025-06-20T09:11:19.289416+00:00, run_after=2025-06-20T13:11:19.289416+00:00
[2025-06-20T13:11:19.295+0000] {processor.py:161} INFO - Processing /home/airflow/.local/lib/python3.7/site-packages/airflow/example_dags/example_latest_only_with_trigger.py took 0.066 seconds
[2025-06-20T13:11:49.435+0000] {processor.py:153} INFO - Started process (PID=984) to work on /home/airflow/.local/lib/python3.7/site-packages/airflow/example_dags/example_latest_only_with_trigger.py
[2025-06-20T13:11:49.436+0000] {processor.py:640} INFO - Processing file /home/airflow/.local/lib/python3.7/site-packages/airflow/example_dags/example_latest_only_with_trigger.py for tasks to queue
[2025-06-20T13:11:49.436+0000] {logging_mixin.py:115} INFO - [2025-06-20T13:11:49.436+0000] {dagbag.py:508} INFO - Filling up the DagBag from /home/airflow/.local/lib/python3.7/site-packages/airflow/example_dags/example_latest_only_with_trigger.py
[2025-06-20T13:11:49.444+0000] {processor.py:650} INFO - DAG(s) dict_keys(['latest_only_with_trigger']) retrieved from /home/airflow/.local/lib/python3.7/site-packages/airflow/example_dags/example_latest_only_with_trigger.py
[2025-06-20T13:11:49.463+0000] {logging_mixin.py:115} INFO - [2025-06-20T13:11:49.463+0000] {dag.py:2429} INFO - Sync 1 DAGs
[2025-06-20T13:11:49.476+0000] {logging_mixin.py:115} INFO - [2025-06-20T13:11:49.476+0000] {dag.py:2981} INFO - Setting next_dagrun for latest_only_with_trigger to 2025-06-20T09:11:49.476356+00:00, run_after=2025-06-20T13:11:49.476356+00:00
[2025-06-20T13:11:49.483+0000] {processor.py:161} INFO - Processing /home/airflow/.local/lib/python3.7/site-packages/airflow/example_dags/example_latest_only_with_trigger.py took 0.052 seconds
[2025-06-20T13:12:19.577+0000] {processor.py:153} INFO - Started process (PID=1045) to work on /home/airflow/.local/lib/python3.7/site-packages/airflow/example_dags/example_latest_only_with_trigger.py
[2025-06-20T13:12:19.580+0000] {processor.py:640} INFO - Processing file /home/airflow/.local/lib/python3.7/site-packages/airflow/example_dags/example_latest_only_with_trigger.py for tasks to queue
[2025-06-20T13:12:19.580+0000] {logging_mixin.py:115} INFO - [2025-06-20T13:12:19.580+0000] {dagbag.py:508} INFO - Filling up the DagBag from /home/airflow/.local/lib/python3.7/site-packages/airflow/example_dags/example_latest_only_with_trigger.py
[2025-06-20T13:12:19.585+0000] {processor.py:650} INFO - DAG(s) dict_keys(['latest_only_with_trigger']) retrieved from /home/airflow/.local/lib/python3.7/site-packages/airflow/example_dags/example_latest_only_with_trigger.py
[2025-06-20T13:12:19.606+0000] {logging_mixin.py:115} INFO - [2025-06-20T13:12:19.606+0000] {dag.py:2429} INFO - Sync 1 DAGs
[2025-06-20T13:12:19.621+0000] {logging_mixin.py:115} INFO - [2025-06-20T13:12:19.621+0000] {dag.py:2981} INFO - Setting next_dagrun for latest_only_with_trigger to 2025-06-20T09:12:19.621550+00:00, run_after=2025-06-20T13:12:19.621550+00:00
[2025-06-20T13:12:19.627+0000] {processor.py:161} INFO - Processing /home/airflow/.local/lib/python3.7/site-packages/airflow/example_dags/example_latest_only_with_trigger.py took 0.055 seconds
[2025-06-20T13:12:49.720+0000] {processor.py:153} INFO - Started process (PID=1106) to work on /home/airflow/.local/lib/python3.7/site-packages/airflow/example_dags/example_latest_only_with_trigger.py
[2025-06-20T13:12:49.722+0000] {processor.py:640} INFO - Processing file /home/airflow/.local/lib/python3.7/site-packages/airflow/example_dags/example_latest_only_with_trigger.py for tasks to queue
[2025-06-20T13:12:49.722+0000] {logging_mixin.py:115} INFO - [2025-06-20T13:12:49.722+0000] {dagbag.py:508} INFO - Filling up the DagBag from /home/airflow/.local/lib/python3.7/site-packages/airflow/example_dags/example_latest_only_with_trigger.py
[2025-06-20T13:12:49.727+0000] {processor.py:650} INFO - DAG(s) dict_keys(['latest_only_with_trigger']) retrieved from /home/airflow/.local/lib/python3.7/site-packages/airflow/example_dags/example_latest_only_with_trigger.py
[2025-06-20T13:12:49.746+0000] {logging_mixin.py:115} INFO - [2025-06-20T13:12:49.746+0000] {dag.py:2429} INFO - Sync 1 DAGs
[2025-06-20T13:12:49.758+0000] {logging_mixin.py:115} INFO - [2025-06-20T13:12:49.758+0000] {dag.py:2981} INFO - Setting next_dagrun for latest_only_with_trigger to 2025-06-20T09:12:49.758146+00:00, run_after=2025-06-20T13:12:49.758146+00:00
[2025-06-20T13:12:49.764+0000] {processor.py:161} INFO - Processing /home/airflow/.local/lib/python3.7/site-packages/airflow/example_dags/example_latest_only_with_trigger.py took 0.047 seconds
[2025-06-20T13:13:19.846+0000] {processor.py:153} INFO - Started process (PID=1167) to work on /home/airflow/.local/lib/python3.7/site-packages/airflow/example_dags/example_latest_only_with_trigger.py
[2025-06-20T13:13:19.848+0000] {processor.py:640} INFO - Processing file /home/airflow/.local/lib/python3.7/site-packages/airflow/example_dags/example_latest_only_with_trigger.py for tasks to queue
[2025-06-20T13:13:19.849+0000] {logging_mixin.py:115} INFO - [2025-06-20T13:13:19.848+0000] {dagbag.py:508} INFO - Filling up the DagBag from /home/airflow/.local/lib/python3.7/site-packages/airflow/example_dags/example_latest_only_with_trigger.py
[2025-06-20T13:13:19.854+0000] {processor.py:650} INFO - DAG(s) dict_keys(['latest_only_with_trigger']) retrieved from /home/airflow/.local/lib/python3.7/site-packages/airflow/example_dags/example_latest_only_with_trigger.py
[2025-06-20T13:13:19.871+0000] {logging_mixin.py:115} INFO - [2025-06-20T13:13:19.871+0000] {dag.py:2429} INFO - Sync 1 DAGs
[2025-06-20T13:13:19.883+0000] {logging_mixin.py:115} INFO - [2025-06-20T13:13:19.883+0000] {dag.py:2981} INFO - Setting next_dagrun for latest_only_with_trigger to 2025-06-20T09:13:19.883213+00:00, run_after=2025-06-20T13:13:19.883213+00:00
[2025-06-20T13:13:19.888+0000] {processor.py:161} INFO - Processing /home/airflow/.local/lib/python3.7/site-packages/airflow/example_dags/example_latest_only_with_trigger.py took 0.045 seconds
[2025-06-20T13:13:49.998+0000] {processor.py:153} INFO - Started process (PID=1219) to work on /home/airflow/.local/lib/python3.7/site-packages/airflow/example_dags/example_latest_only_with_trigger.py
[2025-06-20T13:13:49.999+0000] {processor.py:640} INFO - Processing file /home/airflow/.local/lib/python3.7/site-packages/airflow/example_dags/example_latest_only_with_trigger.py for tasks to queue
[2025-06-20T13:13:50.000+0000] {logging_mixin.py:115} INFO - [2025-06-20T13:13:50.000+0000] {dagbag.py:508} INFO - Filling up the DagBag from /home/airflow/.local/lib/python3.7/site-packages/airflow/example_dags/example_latest_only_with_trigger.py
[2025-06-20T13:13:50.009+0000] {processor.py:650} INFO - DAG(s) dict_keys(['latest_only_with_trigger']) retrieved from /home/airflow/.local/lib/python3.7/site-packages/airflow/example_dags/example_latest_only_with_trigger.py
[2025-06-20T13:13:50.029+0000] {logging_mixin.py:115} INFO - [2025-06-20T13:13:50.029+0000] {dag.py:2429} INFO - Sync 1 DAGs
[2025-06-20T13:13:50.042+0000] {logging_mixin.py:115} INFO - [2025-06-20T13:13:50.042+0000] {dag.py:2981} INFO - Setting next_dagrun for latest_only_with_trigger to 2025-06-20T09:13:50.042709+00:00, run_after=2025-06-20T13:13:50.042709+00:00
[2025-06-20T13:13:50.049+0000] {processor.py:161} INFO - Processing /home/airflow/.local/lib/python3.7/site-packages/airflow/example_dags/example_latest_only_with_trigger.py took 0.055 seconds
[2025-06-20T13:14:20.269+0000] {processor.py:153} INFO - Started process (PID=1280) to work on /home/airflow/.local/lib/python3.7/site-packages/airflow/example_dags/example_latest_only_with_trigger.py
[2025-06-20T13:14:20.270+0000] {processor.py:640} INFO - Processing file /home/airflow/.local/lib/python3.7/site-packages/airflow/example_dags/example_latest_only_with_trigger.py for tasks to queue
[2025-06-20T13:14:20.271+0000] {logging_mixin.py:115} INFO - [2025-06-20T13:14:20.271+0000] {dagbag.py:508} INFO - Filling up the DagBag from /home/airflow/.local/lib/python3.7/site-packages/airflow/example_dags/example_latest_only_with_trigger.py
[2025-06-20T13:14:20.279+0000] {processor.py:650} INFO - DAG(s) dict_keys(['latest_only_with_trigger']) retrieved from /home/airflow/.local/lib/python3.7/site-packages/airflow/example_dags/example_latest_only_with_trigger.py
[2025-06-20T13:14:20.299+0000] {logging_mixin.py:115} INFO - [2025-06-20T13:14:20.299+0000] {dag.py:2429} INFO - Sync 1 DAGs
[2025-06-20T13:14:20.314+0000] {logging_mixin.py:115} INFO - [2025-06-20T13:14:20.314+0000] {dag.py:2981} INFO - Setting next_dagrun for latest_only_with_trigger to 2025-06-20T09:14:20.314170+00:00, run_after=2025-06-20T13:14:20.314170+00:00
[2025-06-20T13:14:20.320+0000] {processor.py:161} INFO - Processing /home/airflow/.local/lib/python3.7/site-packages/airflow/example_dags/example_latest_only_with_trigger.py took 0.055 seconds
[2025-06-20T13:14:50.361+0000] {processor.py:153} INFO - Started process (PID=1341) to work on /home/airflow/.local/lib/python3.7/site-packages/airflow/example_dags/example_latest_only_with_trigger.py
[2025-06-20T13:14:50.362+0000] {processor.py:640} INFO - Processing file /home/airflow/.local/lib/python3.7/site-packages/airflow/example_dags/example_latest_only_with_trigger.py for tasks to queue
[2025-06-20T13:14:50.362+0000] {logging_mixin.py:115} INFO - [2025-06-20T13:14:50.362+0000] {dagbag.py:508} INFO - Filling up the DagBag from /home/airflow/.local/lib/python3.7/site-packages/airflow/example_dags/example_latest_only_with_trigger.py
[2025-06-20T13:14:50.366+0000] {processor.py:650} INFO - DAG(s) dict_keys(['latest_only_with_trigger']) retrieved from /home/airflow/.local/lib/python3.7/site-packages/airflow/example_dags/example_latest_only_with_trigger.py
[2025-06-20T13:14:50.382+0000] {logging_mixin.py:115} INFO - [2025-06-20T13:14:50.382+0000] {dag.py:2429} INFO - Sync 1 DAGs
[2025-06-20T13:14:50.395+0000] {logging_mixin.py:115} INFO - [2025-06-20T13:14:50.395+0000] {dag.py:2981} INFO - Setting next_dagrun for latest_only_with_trigger to 2025-06-20T09:14:50.395147+00:00, run_after=2025-06-20T13:14:50.395147+00:00
[2025-06-20T13:14:50.400+0000] {processor.py:161} INFO - Processing /home/airflow/.local/lib/python3.7/site-packages/airflow/example_dags/example_latest_only_with_trigger.py took 0.041 seconds
[2025-06-20T13:15:20.485+0000] {processor.py:153} INFO - Started process (PID=1402) to work on /home/airflow/.local/lib/python3.7/site-packages/airflow/example_dags/example_latest_only_with_trigger.py
[2025-06-20T13:15:20.486+0000] {processor.py:640} INFO - Processing file /home/airflow/.local/lib/python3.7/site-packages/airflow/example_dags/example_latest_only_with_trigger.py for tasks to queue
[2025-06-20T13:15:20.486+0000] {logging_mixin.py:115} INFO - [2025-06-20T13:15:20.486+0000] {dagbag.py:508} INFO - Filling up the DagBag from /home/airflow/.local/lib/python3.7/site-packages/airflow/example_dags/example_latest_only_with_trigger.py
[2025-06-20T13:15:20.491+0000] {processor.py:650} INFO - DAG(s) dict_keys(['latest_only_with_trigger']) retrieved from /home/airflow/.local/lib/python3.7/site-packages/airflow/example_dags/example_latest_only_with_trigger.py
[2025-06-20T13:15:20.507+0000] {logging_mixin.py:115} INFO - [2025-06-20T13:15:20.507+0000] {dag.py:2429} INFO - Sync 1 DAGs
[2025-06-20T13:15:20.520+0000] {logging_mixin.py:115} INFO - [2025-06-20T13:15:20.520+0000] {dag.py:2981} INFO - Setting next_dagrun for latest_only_with_trigger to 2025-06-20T09:15:20.520725+00:00, run_after=2025-06-20T13:15:20.520725+00:00
[2025-06-20T13:15:20.526+0000] {processor.py:161} INFO - Processing /home/airflow/.local/lib/python3.7/site-packages/airflow/example_dags/example_latest_only_with_trigger.py took 0.044 seconds
[2025-06-20T13:15:50.607+0000] {processor.py:153} INFO - Started process (PID=1463) to work on /home/airflow/.local/lib/python3.7/site-packages/airflow/example_dags/example_latest_only_with_trigger.py
[2025-06-20T13:15:50.609+0000] {processor.py:640} INFO - Processing file /home/airflow/.local/lib/python3.7/site-packages/airflow/example_dags/example_latest_only_with_trigger.py for tasks to queue
[2025-06-20T13:15:50.609+0000] {logging_mixin.py:115} INFO - [2025-06-20T13:15:50.609+0000] {dagbag.py:508} INFO - Filling up the DagBag from /home/airflow/.local/lib/python3.7/site-packages/airflow/example_dags/example_latest_only_with_trigger.py
[2025-06-20T13:15:50.616+0000] {processor.py:650} INFO - DAG(s) dict_keys(['latest_only_with_trigger']) retrieved from /home/airflow/.local/lib/python3.7/site-packages/airflow/example_dags/example_latest_only_with_trigger.py
[2025-06-20T13:15:50.635+0000] {logging_mixin.py:115} INFO - [2025-06-20T13:15:50.635+0000] {dag.py:2429} INFO - Sync 1 DAGs
[2025-06-20T13:15:50.648+0000] {logging_mixin.py:115} INFO - [2025-06-20T13:15:50.648+0000] {dag.py:2981} INFO - Setting next_dagrun for latest_only_with_trigger to 2025-06-20T09:15:50.647987+00:00, run_after=2025-06-20T13:15:50.647987+00:00
[2025-06-20T13:15:50.654+0000] {processor.py:161} INFO - Processing /home/airflow/.local/lib/python3.7/site-packages/airflow/example_dags/example_latest_only_with_trigger.py took 0.052 seconds
[2025-06-20T13:16:20.684+0000] {processor.py:153} INFO - Started process (PID=1524) to work on /home/airflow/.local/lib/python3.7/site-packages/airflow/example_dags/example_latest_only_with_trigger.py
[2025-06-20T13:16:20.685+0000] {processor.py:640} INFO - Processing file /home/airflow/.local/lib/python3.7/site-packages/airflow/example_dags/example_latest_only_with_trigger.py for tasks to queue
[2025-06-20T13:16:20.685+0000] {logging_mixin.py:115} INFO - [2025-06-20T13:16:20.685+0000] {dagbag.py:508} INFO - Filling up the DagBag from /home/airflow/.local/lib/python3.7/site-packages/airflow/example_dags/example_latest_only_with_trigger.py
[2025-06-20T13:16:20.688+0000] {processor.py:650} INFO - DAG(s) dict_keys(['latest_only_with_trigger']) retrieved from /home/airflow/.local/lib/python3.7/site-packages/airflow/example_dags/example_latest_only_with_trigger.py
[2025-06-20T13:16:20.701+0000] {logging_mixin.py:115} INFO - [2025-06-20T13:16:20.701+0000] {dag.py:2429} INFO - Sync 1 DAGs
[2025-06-20T13:16:20.711+0000] {logging_mixin.py:115} INFO - [2025-06-20T13:16:20.711+0000] {dag.py:2981} INFO - Setting next_dagrun for latest_only_with_trigger to 2025-06-20T09:16:20.711818+00:00, run_after=2025-06-20T13:16:20.711818+00:00
[2025-06-20T13:16:20.717+0000] {processor.py:161} INFO - Processing /home/airflow/.local/lib/python3.7/site-packages/airflow/example_dags/example_latest_only_with_trigger.py took 0.035 seconds
[2025-06-20T13:16:51.026+0000] {processor.py:153} INFO - Started process (PID=1576) to work on /home/airflow/.local/lib/python3.7/site-packages/airflow/example_dags/example_latest_only_with_trigger.py
[2025-06-20T13:16:51.028+0000] {processor.py:640} INFO - Processing file /home/airflow/.local/lib/python3.7/site-packages/airflow/example_dags/example_latest_only_with_trigger.py for tasks to queue
[2025-06-20T13:16:51.028+0000] {logging_mixin.py:115} INFO - [2025-06-20T13:16:51.028+0000] {dagbag.py:508} INFO - Filling up the DagBag from /home/airflow/.local/lib/python3.7/site-packages/airflow/example_dags/example_latest_only_with_trigger.py
[2025-06-20T13:16:51.036+0000] {processor.py:650} INFO - DAG(s) dict_keys(['latest_only_with_trigger']) retrieved from /home/airflow/.local/lib/python3.7/site-packages/airflow/example_dags/example_latest_only_with_trigger.py
[2025-06-20T13:16:51.058+0000] {logging_mixin.py:115} INFO - [2025-06-20T13:16:51.057+0000] {dag.py:2429} INFO - Sync 1 DAGs
[2025-06-20T13:16:51.071+0000] {logging_mixin.py:115} INFO - [2025-06-20T13:16:51.071+0000] {dag.py:2981} INFO - Setting next_dagrun for latest_only_with_trigger to 2025-06-20T09:16:51.071616+00:00, run_after=2025-06-20T13:16:51.071616+00:00
[2025-06-20T13:16:51.078+0000] {processor.py:161} INFO - Processing /home/airflow/.local/lib/python3.7/site-packages/airflow/example_dags/example_latest_only_with_trigger.py took 0.057 seconds
[2025-06-20T13:17:21.187+0000] {processor.py:153} INFO - Started process (PID=1637) to work on /home/airflow/.local/lib/python3.7/site-packages/airflow/example_dags/example_latest_only_with_trigger.py
[2025-06-20T13:17:21.188+0000] {processor.py:640} INFO - Processing file /home/airflow/.local/lib/python3.7/site-packages/airflow/example_dags/example_latest_only_with_trigger.py for tasks to queue
[2025-06-20T13:17:21.189+0000] {logging_mixin.py:115} INFO - [2025-06-20T13:17:21.189+0000] {dagbag.py:508} INFO - Filling up the DagBag from /home/airflow/.local/lib/python3.7/site-packages/airflow/example_dags/example_latest_only_with_trigger.py
[2025-06-20T13:17:21.194+0000] {processor.py:650} INFO - DAG(s) dict_keys(['latest_only_with_trigger']) retrieved from /home/airflow/.local/lib/python3.7/site-packages/airflow/example_dags/example_latest_only_with_trigger.py
[2025-06-20T13:17:21.213+0000] {logging_mixin.py:115} INFO - [2025-06-20T13:17:21.213+0000] {dag.py:2429} INFO - Sync 1 DAGs
[2025-06-20T13:17:21.226+0000] {logging_mixin.py:115} INFO - [2025-06-20T13:17:21.226+0000] {dag.py:2981} INFO - Setting next_dagrun for latest_only_with_trigger to 2025-06-20T09:17:21.226057+00:00, run_after=2025-06-20T13:17:21.226057+00:00
[2025-06-20T13:17:21.234+0000] {processor.py:161} INFO - Processing /home/airflow/.local/lib/python3.7/site-packages/airflow/example_dags/example_latest_only_with_trigger.py took 0.050 seconds
[2025-06-20T13:17:51.305+0000] {processor.py:153} INFO - Started process (PID=1698) to work on /home/airflow/.local/lib/python3.7/site-packages/airflow/example_dags/example_latest_only_with_trigger.py
[2025-06-20T13:17:51.306+0000] {processor.py:640} INFO - Processing file /home/airflow/.local/lib/python3.7/site-packages/airflow/example_dags/example_latest_only_with_trigger.py for tasks to queue
[2025-06-20T13:17:51.306+0000] {logging_mixin.py:115} INFO - [2025-06-20T13:17:51.306+0000] {dagbag.py:508} INFO - Filling up the DagBag from /home/airflow/.local/lib/python3.7/site-packages/airflow/example_dags/example_latest_only_with_trigger.py
[2025-06-20T13:17:51.311+0000] {processor.py:650} INFO - DAG(s) dict_keys(['latest_only_with_trigger']) retrieved from /home/airflow/.local/lib/python3.7/site-packages/airflow/example_dags/example_latest_only_with_trigger.py
[2025-06-20T13:17:51.326+0000] {logging_mixin.py:115} INFO - [2025-06-20T13:17:51.326+0000] {dag.py:2429} INFO - Sync 1 DAGs
[2025-06-20T13:17:51.338+0000] {logging_mixin.py:115} INFO - [2025-06-20T13:17:51.338+0000] {dag.py:2981} INFO - Setting next_dagrun for latest_only_with_trigger to 2025-06-20T09:17:51.338159+00:00, run_after=2025-06-20T13:17:51.338159+00:00
[2025-06-20T13:17:51.343+0000] {processor.py:161} INFO - Processing /home/airflow/.local/lib/python3.7/site-packages/airflow/example_dags/example_latest_only_with_trigger.py took 0.041 seconds
[2025-06-20T13:18:21.393+0000] {processor.py:153} INFO - Started process (PID=1759) to work on /home/airflow/.local/lib/python3.7/site-packages/airflow/example_dags/example_latest_only_with_trigger.py
[2025-06-20T13:18:21.394+0000] {processor.py:640} INFO - Processing file /home/airflow/.local/lib/python3.7/site-packages/airflow/example_dags/example_latest_only_with_trigger.py for tasks to queue
[2025-06-20T13:18:21.395+0000] {logging_mixin.py:115} INFO - [2025-06-20T13:18:21.395+0000] {dagbag.py:508} INFO - Filling up the DagBag from /home/airflow/.local/lib/python3.7/site-packages/airflow/example_dags/example_latest_only_with_trigger.py
[2025-06-20T13:18:21.402+0000] {processor.py:650} INFO - DAG(s) dict_keys(['latest_only_with_trigger']) retrieved from /home/airflow/.local/lib/python3.7/site-packages/airflow/example_dags/example_latest_only_with_trigger.py
[2025-06-20T13:18:21.427+0000] {logging_mixin.py:115} INFO - [2025-06-20T13:18:21.427+0000] {dag.py:2429} INFO - Sync 1 DAGs
[2025-06-20T13:18:21.439+0000] {logging_mixin.py:115} INFO - [2025-06-20T13:18:21.439+0000] {dag.py:2981} INFO - Setting next_dagrun for latest_only_with_trigger to 2025-06-20T09:18:21.439695+00:00, run_after=2025-06-20T13:18:21.439695+00:00
[2025-06-20T13:18:21.445+0000] {processor.py:161} INFO - Processing /home/airflow/.local/lib/python3.7/site-packages/airflow/example_dags/example_latest_only_with_trigger.py took 0.061 seconds
[2025-06-20T13:18:51.605+0000] {processor.py:153} INFO - Started process (PID=1820) to work on /home/airflow/.local/lib/python3.7/site-packages/airflow/example_dags/example_latest_only_with_trigger.py
[2025-06-20T13:18:51.606+0000] {processor.py:640} INFO - Processing file /home/airflow/.local/lib/python3.7/site-packages/airflow/example_dags/example_latest_only_with_trigger.py for tasks to queue
[2025-06-20T13:18:51.607+0000] {logging_mixin.py:115} INFO - [2025-06-20T13:18:51.607+0000] {dagbag.py:508} INFO - Filling up the DagBag from /home/airflow/.local/lib/python3.7/site-packages/airflow/example_dags/example_latest_only_with_trigger.py
[2025-06-20T13:18:51.614+0000] {processor.py:650} INFO - DAG(s) dict_keys(['latest_only_with_trigger']) retrieved from /home/airflow/.local/lib/python3.7/site-packages/airflow/example_dags/example_latest_only_with_trigger.py
[2025-06-20T13:18:51.632+0000] {logging_mixin.py:115} INFO - [2025-06-20T13:18:51.632+0000] {dag.py:2429} INFO - Sync 1 DAGs
[2025-06-20T13:18:51.644+0000] {logging_mixin.py:115} INFO - [2025-06-20T13:18:51.644+0000] {dag.py:2981} INFO - Setting next_dagrun for latest_only_with_trigger to 2025-06-20T09:18:51.644635+00:00, run_after=2025-06-20T13:18:51.644635+00:00
[2025-06-20T13:18:51.650+0000] {processor.py:161} INFO - Processing /home/airflow/.local/lib/python3.7/site-packages/airflow/example_dags/example_latest_only_with_trigger.py took 0.048 seconds
[2025-06-20T13:19:21.726+0000] {processor.py:153} INFO - Started process (PID=1872) to work on /home/airflow/.local/lib/python3.7/site-packages/airflow/example_dags/example_latest_only_with_trigger.py
[2025-06-20T13:19:21.728+0000] {processor.py:640} INFO - Processing file /home/airflow/.local/lib/python3.7/site-packages/airflow/example_dags/example_latest_only_with_trigger.py for tasks to queue
[2025-06-20T13:19:21.728+0000] {logging_mixin.py:115} INFO - [2025-06-20T13:19:21.728+0000] {dagbag.py:508} INFO - Filling up the DagBag from /home/airflow/.local/lib/python3.7/site-packages/airflow/example_dags/example_latest_only_with_trigger.py
[2025-06-20T13:19:21.733+0000] {processor.py:650} INFO - DAG(s) dict_keys(['latest_only_with_trigger']) retrieved from /home/airflow/.local/lib/python3.7/site-packages/airflow/example_dags/example_latest_only_with_trigger.py
[2025-06-20T13:19:21.750+0000] {logging_mixin.py:115} INFO - [2025-06-20T13:19:21.750+0000] {dag.py:2429} INFO - Sync 1 DAGs
[2025-06-20T13:19:21.764+0000] {logging_mixin.py:115} INFO - [2025-06-20T13:19:21.764+0000] {dag.py:2981} INFO - Setting next_dagrun for latest_only_with_trigger to 2025-06-20T09:19:21.764404+00:00, run_after=2025-06-20T13:19:21.764404+00:00
[2025-06-20T13:19:21.771+0000] {processor.py:161} INFO - Processing /home/airflow/.local/lib/python3.7/site-packages/airflow/example_dags/example_latest_only_with_trigger.py took 0.049 seconds
[2025-06-20T13:19:51.882+0000] {processor.py:153} INFO - Started process (PID=1933) to work on /home/airflow/.local/lib/python3.7/site-packages/airflow/example_dags/example_latest_only_with_trigger.py
[2025-06-20T13:19:51.883+0000] {processor.py:640} INFO - Processing file /home/airflow/.local/lib/python3.7/site-packages/airflow/example_dags/example_latest_only_with_trigger.py for tasks to queue
[2025-06-20T13:19:51.884+0000] {logging_mixin.py:115} INFO - [2025-06-20T13:19:51.884+0000] {dagbag.py:508} INFO - Filling up the DagBag from /home/airflow/.local/lib/python3.7/site-packages/airflow/example_dags/example_latest_only_with_trigger.py
[2025-06-20T13:19:51.890+0000] {processor.py:650} INFO - DAG(s) dict_keys(['latest_only_with_trigger']) retrieved from /home/airflow/.local/lib/python3.7/site-packages/airflow/example_dags/example_latest_only_with_trigger.py
[2025-06-20T13:19:51.918+0000] {logging_mixin.py:115} INFO - [2025-06-20T13:19:51.918+0000] {dag.py:2429} INFO - Sync 1 DAGs
[2025-06-20T13:19:51.931+0000] {logging_mixin.py:115} INFO - [2025-06-20T13:19:51.931+0000] {dag.py:2981} INFO - Setting next_dagrun for latest_only_with_trigger to 2025-06-20T09:19:51.931202+00:00, run_after=2025-06-20T13:19:51.931202+00:00
[2025-06-20T13:19:51.937+0000] {processor.py:161} INFO - Processing /home/airflow/.local/lib/python3.7/site-packages/airflow/example_dags/example_latest_only_with_trigger.py took 0.058 seconds
[2025-06-20T13:20:21.991+0000] {processor.py:153} INFO - Started process (PID=1994) to work on /home/airflow/.local/lib/python3.7/site-packages/airflow/example_dags/example_latest_only_with_trigger.py
[2025-06-20T13:20:21.993+0000] {processor.py:640} INFO - Processing file /home/airflow/.local/lib/python3.7/site-packages/airflow/example_dags/example_latest_only_with_trigger.py for tasks to queue
[2025-06-20T13:20:21.994+0000] {logging_mixin.py:115} INFO - [2025-06-20T13:20:21.994+0000] {dagbag.py:508} INFO - Filling up the DagBag from /home/airflow/.local/lib/python3.7/site-packages/airflow/example_dags/example_latest_only_with_trigger.py
[2025-06-20T13:20:21.998+0000] {processor.py:650} INFO - DAG(s) dict_keys(['latest_only_with_trigger']) retrieved from /home/airflow/.local/lib/python3.7/site-packages/airflow/example_dags/example_latest_only_with_trigger.py
[2025-06-20T13:20:22.015+0000] {logging_mixin.py:115} INFO - [2025-06-20T13:20:22.015+0000] {dag.py:2429} INFO - Sync 1 DAGs
[2025-06-20T13:20:22.026+0000] {logging_mixin.py:115} INFO - [2025-06-20T13:20:22.026+0000] {dag.py:2981} INFO - Setting next_dagrun for latest_only_with_trigger to 2025-06-20T09:20:22.026249+00:00, run_after=2025-06-20T13:20:22.026249+00:00
[2025-06-20T13:20:22.031+0000] {processor.py:161} INFO - Processing /home/airflow/.local/lib/python3.7/site-packages/airflow/example_dags/example_latest_only_with_trigger.py took 0.044 seconds
[2025-06-20T13:20:52.163+0000] {processor.py:153} INFO - Started process (PID=2055) to work on /home/airflow/.local/lib/python3.7/site-packages/airflow/example_dags/example_latest_only_with_trigger.py
[2025-06-20T13:20:52.165+0000] {processor.py:640} INFO - Processing file /home/airflow/.local/lib/python3.7/site-packages/airflow/example_dags/example_latest_only_with_trigger.py for tasks to queue
[2025-06-20T13:20:52.165+0000] {logging_mixin.py:115} INFO - [2025-06-20T13:20:52.165+0000] {dagbag.py:508} INFO - Filling up the DagBag from /home/airflow/.local/lib/python3.7/site-packages/airflow/example_dags/example_latest_only_with_trigger.py
[2025-06-20T13:20:52.172+0000] {processor.py:650} INFO - DAG(s) dict_keys(['latest_only_with_trigger']) retrieved from /home/airflow/.local/lib/python3.7/site-packages/airflow/example_dags/example_latest_only_with_trigger.py
[2025-06-20T13:20:52.192+0000] {logging_mixin.py:115} INFO - [2025-06-20T13:20:52.192+0000] {dag.py:2429} INFO - Sync 1 DAGs
[2025-06-20T13:20:52.205+0000] {logging_mixin.py:115} INFO - [2025-06-20T13:20:52.205+0000] {dag.py:2981} INFO - Setting next_dagrun for latest_only_with_trigger to 2025-06-20T09:20:52.205160+00:00, run_after=2025-06-20T13:20:52.205160+00:00
[2025-06-20T13:20:52.211+0000] {processor.py:161} INFO - Processing /home/airflow/.local/lib/python3.7/site-packages/airflow/example_dags/example_latest_only_with_trigger.py took 0.053 seconds
[2025-06-20T13:21:22.282+0000] {processor.py:153} INFO - Started process (PID=2116) to work on /home/airflow/.local/lib/python3.7/site-packages/airflow/example_dags/example_latest_only_with_trigger.py
[2025-06-20T13:21:22.284+0000] {processor.py:640} INFO - Processing file /home/airflow/.local/lib/python3.7/site-packages/airflow/example_dags/example_latest_only_with_trigger.py for tasks to queue
[2025-06-20T13:21:22.284+0000] {logging_mixin.py:115} INFO - [2025-06-20T13:21:22.284+0000] {dagbag.py:508} INFO - Filling up the DagBag from /home/airflow/.local/lib/python3.7/site-packages/airflow/example_dags/example_latest_only_with_trigger.py
[2025-06-20T13:21:22.286+0000] {processor.py:650} INFO - DAG(s) dict_keys(['latest_only_with_trigger']) retrieved from /home/airflow/.local/lib/python3.7/site-packages/airflow/example_dags/example_latest_only_with_trigger.py
[2025-06-20T13:21:22.301+0000] {logging_mixin.py:115} INFO - [2025-06-20T13:21:22.301+0000] {dag.py:2429} INFO - Sync 1 DAGs
[2025-06-20T13:21:22.316+0000] {logging_mixin.py:115} INFO - [2025-06-20T13:21:22.316+0000] {dag.py:2981} INFO - Setting next_dagrun for latest_only_with_trigger to 2025-06-20T09:21:22.316146+00:00, run_after=2025-06-20T13:21:22.316146+00:00
[2025-06-20T13:21:22.322+0000] {processor.py:161} INFO - Processing /home/airflow/.local/lib/python3.7/site-packages/airflow/example_dags/example_latest_only_with_trigger.py took 0.041 seconds
[2025-06-20T13:21:52.443+0000] {processor.py:153} INFO - Started process (PID=2177) to work on /home/airflow/.local/lib/python3.7/site-packages/airflow/example_dags/example_latest_only_with_trigger.py
[2025-06-20T13:21:52.444+0000] {processor.py:640} INFO - Processing file /home/airflow/.local/lib/python3.7/site-packages/airflow/example_dags/example_latest_only_with_trigger.py for tasks to queue
[2025-06-20T13:21:52.446+0000] {logging_mixin.py:115} INFO - [2025-06-20T13:21:52.445+0000] {dagbag.py:508} INFO - Filling up the DagBag from /home/airflow/.local/lib/python3.7/site-packages/airflow/example_dags/example_latest_only_with_trigger.py
[2025-06-20T13:21:52.460+0000] {processor.py:650} INFO - DAG(s) dict_keys(['latest_only_with_trigger']) retrieved from /home/airflow/.local/lib/python3.7/site-packages/airflow/example_dags/example_latest_only_with_trigger.py
[2025-06-20T13:21:52.477+0000] {logging_mixin.py:115} INFO - [2025-06-20T13:21:52.477+0000] {dag.py:2429} INFO - Sync 1 DAGs
[2025-06-20T13:21:52.489+0000] {logging_mixin.py:115} INFO - [2025-06-20T13:21:52.489+0000] {dag.py:2981} INFO - Setting next_dagrun for latest_only_with_trigger to 2025-06-20T09:21:52.489549+00:00, run_after=2025-06-20T13:21:52.489549+00:00
[2025-06-20T13:21:52.495+0000] {processor.py:161} INFO - Processing /home/airflow/.local/lib/python3.7/site-packages/airflow/example_dags/example_latest_only_with_trigger.py took 0.055 seconds
[2025-06-20T13:22:22.553+0000] {processor.py:153} INFO - Started process (PID=2229) to work on /home/airflow/.local/lib/python3.7/site-packages/airflow/example_dags/example_latest_only_with_trigger.py
[2025-06-20T13:22:22.555+0000] {processor.py:640} INFO - Processing file /home/airflow/.local/lib/python3.7/site-packages/airflow/example_dags/example_latest_only_with_trigger.py for tasks to queue
[2025-06-20T13:22:22.556+0000] {logging_mixin.py:115} INFO - [2025-06-20T13:22:22.556+0000] {dagbag.py:508} INFO - Filling up the DagBag from /home/airflow/.local/lib/python3.7/site-packages/airflow/example_dags/example_latest_only_with_trigger.py
[2025-06-20T13:22:22.559+0000] {processor.py:650} INFO - DAG(s) dict_keys(['latest_only_with_trigger']) retrieved from /home/airflow/.local/lib/python3.7/site-packages/airflow/example_dags/example_latest_only_with_trigger.py
[2025-06-20T13:22:22.573+0000] {logging_mixin.py:115} INFO - [2025-06-20T13:22:22.573+0000] {dag.py:2429} INFO - Sync 1 DAGs
[2025-06-20T13:22:22.585+0000] {logging_mixin.py:115} INFO - [2025-06-20T13:22:22.585+0000] {dag.py:2981} INFO - Setting next_dagrun for latest_only_with_trigger to 2025-06-20T09:22:22.585468+00:00, run_after=2025-06-20T13:22:22.585468+00:00
[2025-06-20T13:22:22.592+0000] {processor.py:161} INFO - Processing /home/airflow/.local/lib/python3.7/site-packages/airflow/example_dags/example_latest_only_with_trigger.py took 0.042 seconds
[2025-06-20T13:22:52.635+0000] {processor.py:153} INFO - Started process (PID=2290) to work on /home/airflow/.local/lib/python3.7/site-packages/airflow/example_dags/example_latest_only_with_trigger.py
[2025-06-20T13:22:52.636+0000] {processor.py:640} INFO - Processing file /home/airflow/.local/lib/python3.7/site-packages/airflow/example_dags/example_latest_only_with_trigger.py for tasks to queue
[2025-06-20T13:22:52.636+0000] {logging_mixin.py:115} INFO - [2025-06-20T13:22:52.636+0000] {dagbag.py:508} INFO - Filling up the DagBag from /home/airflow/.local/lib/python3.7/site-packages/airflow/example_dags/example_latest_only_with_trigger.py
[2025-06-20T13:22:52.641+0000] {processor.py:650} INFO - DAG(s) dict_keys(['latest_only_with_trigger']) retrieved from /home/airflow/.local/lib/python3.7/site-packages/airflow/example_dags/example_latest_only_with_trigger.py
[2025-06-20T13:22:52.659+0000] {logging_mixin.py:115} INFO - [2025-06-20T13:22:52.659+0000] {dag.py:2429} INFO - Sync 1 DAGs
[2025-06-20T13:22:52.674+0000] {logging_mixin.py:115} INFO - [2025-06-20T13:22:52.673+0000] {dag.py:2981} INFO - Setting next_dagrun for latest_only_with_trigger to 2025-06-20T09:22:52.673809+00:00, run_after=2025-06-20T13:22:52.673809+00:00
[2025-06-20T13:22:52.679+0000] {processor.py:161} INFO - Processing /home/airflow/.local/lib/python3.7/site-packages/airflow/example_dags/example_latest_only_with_trigger.py took 0.048 seconds
[2025-06-20T13:23:22.810+0000] {processor.py:153} INFO - Started process (PID=2351) to work on /home/airflow/.local/lib/python3.7/site-packages/airflow/example_dags/example_latest_only_with_trigger.py
[2025-06-20T13:23:22.812+0000] {processor.py:640} INFO - Processing file /home/airflow/.local/lib/python3.7/site-packages/airflow/example_dags/example_latest_only_with_trigger.py for tasks to queue
[2025-06-20T13:23:22.813+0000] {logging_mixin.py:115} INFO - [2025-06-20T13:23:22.813+0000] {dagbag.py:508} INFO - Filling up the DagBag from /home/airflow/.local/lib/python3.7/site-packages/airflow/example_dags/example_latest_only_with_trigger.py
[2025-06-20T13:23:22.819+0000] {processor.py:650} INFO - DAG(s) dict_keys(['latest_only_with_trigger']) retrieved from /home/airflow/.local/lib/python3.7/site-packages/airflow/example_dags/example_latest_only_with_trigger.py
[2025-06-20T13:23:22.838+0000] {logging_mixin.py:115} INFO - [2025-06-20T13:23:22.838+0000] {dag.py:2429} INFO - Sync 1 DAGs
[2025-06-20T13:23:22.850+0000] {logging_mixin.py:115} INFO - [2025-06-20T13:23:22.850+0000] {dag.py:2981} INFO - Setting next_dagrun for latest_only_with_trigger to 2025-06-20T09:23:22.850695+00:00, run_after=2025-06-20T13:23:22.850695+00:00
[2025-06-20T13:23:22.856+0000] {processor.py:161} INFO - Processing /home/airflow/.local/lib/python3.7/site-packages/airflow/example_dags/example_latest_only_with_trigger.py took 0.050 seconds
[2025-06-20T13:23:53.028+0000] {processor.py:153} INFO - Started process (PID=2412) to work on /home/airflow/.local/lib/python3.7/site-packages/airflow/example_dags/example_latest_only_with_trigger.py
[2025-06-20T13:23:53.029+0000] {processor.py:640} INFO - Processing file /home/airflow/.local/lib/python3.7/site-packages/airflow/example_dags/example_latest_only_with_trigger.py for tasks to queue
[2025-06-20T13:23:53.030+0000] {logging_mixin.py:115} INFO - [2025-06-20T13:23:53.030+0000] {dagbag.py:508} INFO - Filling up the DagBag from /home/airflow/.local/lib/python3.7/site-packages/airflow/example_dags/example_latest_only_with_trigger.py
[2025-06-20T13:23:53.036+0000] {processor.py:650} INFO - DAG(s) dict_keys(['latest_only_with_trigger']) retrieved from /home/airflow/.local/lib/python3.7/site-packages/airflow/example_dags/example_latest_only_with_trigger.py
[2025-06-20T13:23:53.055+0000] {logging_mixin.py:115} INFO - [2025-06-20T13:23:53.055+0000] {dag.py:2429} INFO - Sync 1 DAGs
[2025-06-20T13:23:53.069+0000] {logging_mixin.py:115} INFO - [2025-06-20T13:23:53.069+0000] {dag.py:2981} INFO - Setting next_dagrun for latest_only_with_trigger to 2025-06-20T09:23:53.069737+00:00, run_after=2025-06-20T13:23:53.069737+00:00
[2025-06-20T13:23:53.075+0000] {processor.py:161} INFO - Processing /home/airflow/.local/lib/python3.7/site-packages/airflow/example_dags/example_latest_only_with_trigger.py took 0.056 seconds
[2025-06-20T13:24:23.133+0000] {processor.py:153} INFO - Started process (PID=2473) to work on /home/airflow/.local/lib/python3.7/site-packages/airflow/example_dags/example_latest_only_with_trigger.py
[2025-06-20T13:24:23.136+0000] {processor.py:640} INFO - Processing file /home/airflow/.local/lib/python3.7/site-packages/airflow/example_dags/example_latest_only_with_trigger.py for tasks to queue
[2025-06-20T13:24:23.137+0000] {logging_mixin.py:115} INFO - [2025-06-20T13:24:23.137+0000] {dagbag.py:508} INFO - Filling up the DagBag from /home/airflow/.local/lib/python3.7/site-packages/airflow/example_dags/example_latest_only_with_trigger.py
[2025-06-20T13:24:23.145+0000] {processor.py:650} INFO - DAG(s) dict_keys(['latest_only_with_trigger']) retrieved from /home/airflow/.local/lib/python3.7/site-packages/airflow/example_dags/example_latest_only_with_trigger.py
[2025-06-20T13:24:23.171+0000] {logging_mixin.py:115} INFO - [2025-06-20T13:24:23.170+0000] {dag.py:2429} INFO - Sync 1 DAGs
[2025-06-20T13:24:23.184+0000] {logging_mixin.py:115} INFO - [2025-06-20T13:24:23.184+0000] {dag.py:2981} INFO - Setting next_dagrun for latest_only_with_trigger to 2025-06-20T09:24:23.184347+00:00, run_after=2025-06-20T13:24:23.184347+00:00
[2025-06-20T13:24:23.194+0000] {processor.py:161} INFO - Processing /home/airflow/.local/lib/python3.7/site-packages/airflow/example_dags/example_latest_only_with_trigger.py took 0.065 seconds
