[2025-06-20T12:58:53.582+0000] {processor.py:153} INFO - Started process (PID=64) to work on /home/airflow/.local/lib/python3.7/site-packages/airflow/example_dags/example_dag_decorator.py
[2025-06-20T12:58:53.584+0000] {processor.py:640} INFO - Processing file /home/airflow/.local/lib/python3.7/site-packages/airflow/example_dags/example_dag_decorator.py for tasks to queue
[2025-06-20T12:58:53.585+0000] {logging_mixin.py:115} INFO - [2025-06-20T12:58:53.584+0000] {dagbag.py:508} INFO - Filling up the DagBag from /home/airflow/.local/lib/python3.7/site-packages/airflow/example_dags/example_dag_decorator.py
[2025-06-20T12:58:53.608+0000] {processor.py:650} INFO - DAG(s) dict_keys(['example_dag_decorator']) retrieved from /home/airflow/.local/lib/python3.7/site-packages/airflow/example_dags/example_dag_decorator.py
[2025-06-20T12:58:53.664+0000] {logging_mixin.py:115} INFO - [2025-06-20T12:58:53.664+0000] {manager.py:508} INFO - Created Permission View: can read on DAG:example_dag_decorator
[2025-06-20T12:58:53.671+0000] {logging_mixin.py:115} INFO - [2025-06-20T12:58:53.671+0000] {manager.py:508} INFO - Created Permission View: can delete on DAG:example_dag_decorator
[2025-06-20T12:58:53.679+0000] {logging_mixin.py:115} INFO - [2025-06-20T12:58:53.679+0000] {manager.py:508} INFO - Created Permission View: can edit on DAG:example_dag_decorator
[2025-06-20T12:58:53.680+0000] {logging_mixin.py:115} INFO - [2025-06-20T12:58:53.680+0000] {dag.py:2429} INFO - Sync 1 DAGs
[2025-06-20T12:58:53.686+0000] {logging_mixin.py:115} INFO - [2025-06-20T12:58:53.686+0000] {dag.py:2448} INFO - Creating ORM DAG for example_dag_decorator
[2025-06-20T12:58:53.695+0000] {logging_mixin.py:115} INFO - [2025-06-20T12:58:53.695+0000] {dag.py:2981} INFO - Setting next_dagrun for example_dag_decorator to None, run_after=None
[2025-06-20T12:58:53.709+0000] {processor.py:161} INFO - Processing /home/airflow/.local/lib/python3.7/site-packages/airflow/example_dags/example_dag_decorator.py took 0.130 seconds
[2025-06-20T12:59:24.110+0000] {processor.py:153} INFO - Started process (PID=124) to work on /home/airflow/.local/lib/python3.7/site-packages/airflow/example_dags/example_dag_decorator.py
[2025-06-20T12:59:24.110+0000] {processor.py:640} INFO - Processing file /home/airflow/.local/lib/python3.7/site-packages/airflow/example_dags/example_dag_decorator.py for tasks to queue
[2025-06-20T12:59:24.114+0000] {logging_mixin.py:115} INFO - [2025-06-20T12:59:24.114+0000] {dagbag.py:508} INFO - Filling up the DagBag from /home/airflow/.local/lib/python3.7/site-packages/airflow/example_dags/example_dag_decorator.py
[2025-06-20T12:59:24.124+0000] {processor.py:650} INFO - DAG(s) dict_keys(['example_dag_decorator']) retrieved from /home/airflow/.local/lib/python3.7/site-packages/airflow/example_dags/example_dag_decorator.py
[2025-06-20T12:59:24.156+0000] {logging_mixin.py:115} INFO - [2025-06-20T12:59:24.156+0000] {dag.py:2429} INFO - Sync 1 DAGs
[2025-06-20T12:59:24.163+0000] {logging_mixin.py:115} INFO - [2025-06-20T12:59:24.163+0000] {dag.py:2981} INFO - Setting next_dagrun for example_dag_decorator to None, run_after=None
[2025-06-20T12:59:24.167+0000] {processor.py:161} INFO - Processing /home/airflow/.local/lib/python3.7/site-packages/airflow/example_dags/example_dag_decorator.py took 0.059 seconds
[2025-06-20T12:59:55.164+0000] {processor.py:153} INFO - Started process (PID=185) to work on /home/airflow/.local/lib/python3.7/site-packages/airflow/example_dags/example_dag_decorator.py
[2025-06-20T12:59:55.164+0000] {processor.py:640} INFO - Processing file /home/airflow/.local/lib/python3.7/site-packages/airflow/example_dags/example_dag_decorator.py for tasks to queue
[2025-06-20T12:59:55.164+0000] {logging_mixin.py:115} INFO - [2025-06-20T12:59:55.164+0000] {dagbag.py:508} INFO - Filling up the DagBag from /home/airflow/.local/lib/python3.7/site-packages/airflow/example_dags/example_dag_decorator.py
[2025-06-20T12:59:55.173+0000] {processor.py:650} INFO - DAG(s) dict_keys(['example_dag_decorator']) retrieved from /home/airflow/.local/lib/python3.7/site-packages/airflow/example_dags/example_dag_decorator.py
[2025-06-20T12:59:55.200+0000] {logging_mixin.py:115} INFO - [2025-06-20T12:59:55.200+0000] {dag.py:2429} INFO - Sync 1 DAGs
[2025-06-20T12:59:55.208+0000] {logging_mixin.py:115} INFO - [2025-06-20T12:59:55.208+0000] {dag.py:2981} INFO - Setting next_dagrun for example_dag_decorator to None, run_after=None
[2025-06-20T12:59:55.214+0000] {processor.py:161} INFO - Processing /home/airflow/.local/lib/python3.7/site-packages/airflow/example_dags/example_dag_decorator.py took 0.052 seconds
[2025-06-20T13:03:48.395+0000] {processor.py:153} INFO - Started process (PID=63) to work on /home/airflow/.local/lib/python3.7/site-packages/airflow/example_dags/example_dag_decorator.py
[2025-06-20T13:03:48.396+0000] {processor.py:640} INFO - Processing file /home/airflow/.local/lib/python3.7/site-packages/airflow/example_dags/example_dag_decorator.py for tasks to queue
[2025-06-20T13:03:48.397+0000] {logging_mixin.py:115} INFO - [2025-06-20T13:03:48.397+0000] {dagbag.py:508} INFO - Filling up the DagBag from /home/airflow/.local/lib/python3.7/site-packages/airflow/example_dags/example_dag_decorator.py
[2025-06-20T13:03:48.418+0000] {processor.py:650} INFO - DAG(s) dict_keys(['example_dag_decorator']) retrieved from /home/airflow/.local/lib/python3.7/site-packages/airflow/example_dags/example_dag_decorator.py
[2025-06-20T13:03:48.483+0000] {logging_mixin.py:115} INFO - [2025-06-20T13:03:48.483+0000] {manager.py:508} INFO - Created Permission View: can delete on DAG:example_dag_decorator
[2025-06-20T13:03:48.490+0000] {logging_mixin.py:115} INFO - [2025-06-20T13:03:48.490+0000] {manager.py:508} INFO - Created Permission View: can edit on DAG:example_dag_decorator
[2025-06-20T13:03:48.494+0000] {logging_mixin.py:115} INFO - [2025-06-20T13:03:48.494+0000] {manager.py:508} INFO - Created Permission View: can read on DAG:example_dag_decorator
[2025-06-20T13:03:48.495+0000] {logging_mixin.py:115} INFO - [2025-06-20T13:03:48.494+0000] {dag.py:2429} INFO - Sync 1 DAGs
[2025-06-20T13:03:48.500+0000] {logging_mixin.py:115} INFO - [2025-06-20T13:03:48.500+0000] {dag.py:2448} INFO - Creating ORM DAG for example_dag_decorator
[2025-06-20T13:03:48.509+0000] {logging_mixin.py:115} INFO - [2025-06-20T13:03:48.509+0000] {dag.py:2981} INFO - Setting next_dagrun for example_dag_decorator to None, run_after=None
[2025-06-20T13:03:48.520+0000] {processor.py:161} INFO - Processing /home/airflow/.local/lib/python3.7/site-packages/airflow/example_dags/example_dag_decorator.py took 0.127 seconds
[2025-06-20T13:04:18.910+0000] {processor.py:153} INFO - Started process (PID=124) to work on /home/airflow/.local/lib/python3.7/site-packages/airflow/example_dags/example_dag_decorator.py
[2025-06-20T13:04:18.912+0000] {processor.py:640} INFO - Processing file /home/airflow/.local/lib/python3.7/site-packages/airflow/example_dags/example_dag_decorator.py for tasks to queue
[2025-06-20T13:04:18.914+0000] {logging_mixin.py:115} INFO - [2025-06-20T13:04:18.914+0000] {dagbag.py:508} INFO - Filling up the DagBag from /home/airflow/.local/lib/python3.7/site-packages/airflow/example_dags/example_dag_decorator.py
[2025-06-20T13:04:18.925+0000] {processor.py:650} INFO - DAG(s) dict_keys(['example_dag_decorator']) retrieved from /home/airflow/.local/lib/python3.7/site-packages/airflow/example_dags/example_dag_decorator.py
[2025-06-20T13:04:18.955+0000] {logging_mixin.py:115} INFO - [2025-06-20T13:04:18.955+0000] {dag.py:2429} INFO - Sync 1 DAGs
[2025-06-20T13:04:18.964+0000] {logging_mixin.py:115} INFO - [2025-06-20T13:04:18.964+0000] {dag.py:2981} INFO - Setting next_dagrun for example_dag_decorator to None, run_after=None
[2025-06-20T13:04:18.970+0000] {processor.py:161} INFO - Processing /home/airflow/.local/lib/python3.7/site-packages/airflow/example_dags/example_dag_decorator.py took 0.061 seconds
[2025-06-20T13:04:49.072+0000] {processor.py:153} INFO - Started process (PID=184) to work on /home/airflow/.local/lib/python3.7/site-packages/airflow/example_dags/example_dag_decorator.py
[2025-06-20T13:04:49.075+0000] {processor.py:640} INFO - Processing file /home/airflow/.local/lib/python3.7/site-packages/airflow/example_dags/example_dag_decorator.py for tasks to queue
[2025-06-20T13:04:49.076+0000] {logging_mixin.py:115} INFO - [2025-06-20T13:04:49.076+0000] {dagbag.py:508} INFO - Filling up the DagBag from /home/airflow/.local/lib/python3.7/site-packages/airflow/example_dags/example_dag_decorator.py
[2025-06-20T13:04:49.089+0000] {processor.py:650} INFO - DAG(s) dict_keys(['example_dag_decorator']) retrieved from /home/airflow/.local/lib/python3.7/site-packages/airflow/example_dags/example_dag_decorator.py
[2025-06-20T13:04:49.126+0000] {logging_mixin.py:115} INFO - [2025-06-20T13:04:49.126+0000] {dag.py:2429} INFO - Sync 1 DAGs
[2025-06-20T13:04:49.140+0000] {logging_mixin.py:115} INFO - [2025-06-20T13:04:49.140+0000] {dag.py:2981} INFO - Setting next_dagrun for example_dag_decorator to None, run_after=None
[2025-06-20T13:04:49.148+0000] {processor.py:161} INFO - Processing /home/airflow/.local/lib/python3.7/site-packages/airflow/example_dags/example_dag_decorator.py took 0.077 seconds
[2025-06-20T13:05:19.326+0000] {processor.py:153} INFO - Started process (PID=245) to work on /home/airflow/.local/lib/python3.7/site-packages/airflow/example_dags/example_dag_decorator.py
[2025-06-20T13:05:19.326+0000] {processor.py:640} INFO - Processing file /home/airflow/.local/lib/python3.7/site-packages/airflow/example_dags/example_dag_decorator.py for tasks to queue
[2025-06-20T13:05:19.327+0000] {logging_mixin.py:115} INFO - [2025-06-20T13:05:19.327+0000] {dagbag.py:508} INFO - Filling up the DagBag from /home/airflow/.local/lib/python3.7/site-packages/airflow/example_dags/example_dag_decorator.py
[2025-06-20T13:05:19.336+0000] {processor.py:650} INFO - DAG(s) dict_keys(['example_dag_decorator']) retrieved from /home/airflow/.local/lib/python3.7/site-packages/airflow/example_dags/example_dag_decorator.py
[2025-06-20T13:05:19.365+0000] {logging_mixin.py:115} INFO - [2025-06-20T13:05:19.365+0000] {dag.py:2429} INFO - Sync 1 DAGs
[2025-06-20T13:05:19.373+0000] {logging_mixin.py:115} INFO - [2025-06-20T13:05:19.372+0000] {dag.py:2981} INFO - Setting next_dagrun for example_dag_decorator to None, run_after=None
[2025-06-20T13:05:19.377+0000] {processor.py:161} INFO - Processing /home/airflow/.local/lib/python3.7/site-packages/airflow/example_dags/example_dag_decorator.py took 0.053 seconds
[2025-06-20T13:05:49.511+0000] {processor.py:153} INFO - Started process (PID=306) to work on /home/airflow/.local/lib/python3.7/site-packages/airflow/example_dags/example_dag_decorator.py
[2025-06-20T13:05:49.512+0000] {processor.py:640} INFO - Processing file /home/airflow/.local/lib/python3.7/site-packages/airflow/example_dags/example_dag_decorator.py for tasks to queue
[2025-06-20T13:05:49.513+0000] {logging_mixin.py:115} INFO - [2025-06-20T13:05:49.512+0000] {dagbag.py:508} INFO - Filling up the DagBag from /home/airflow/.local/lib/python3.7/site-packages/airflow/example_dags/example_dag_decorator.py
[2025-06-20T13:05:49.527+0000] {processor.py:650} INFO - DAG(s) dict_keys(['example_dag_decorator']) retrieved from /home/airflow/.local/lib/python3.7/site-packages/airflow/example_dags/example_dag_decorator.py
[2025-06-20T13:05:49.568+0000] {logging_mixin.py:115} INFO - [2025-06-20T13:05:49.568+0000] {dag.py:2429} INFO - Sync 1 DAGs
[2025-06-20T13:05:49.586+0000] {logging_mixin.py:115} INFO - [2025-06-20T13:05:49.586+0000] {dag.py:2981} INFO - Setting next_dagrun for example_dag_decorator to None, run_after=None
[2025-06-20T13:05:49.597+0000] {processor.py:161} INFO - Processing /home/airflow/.local/lib/python3.7/site-packages/airflow/example_dags/example_dag_decorator.py took 0.088 seconds
[2025-06-20T13:06:19.848+0000] {processor.py:153} INFO - Started process (PID=358) to work on /home/airflow/.local/lib/python3.7/site-packages/airflow/example_dags/example_dag_decorator.py
[2025-06-20T13:06:19.849+0000] {processor.py:640} INFO - Processing file /home/airflow/.local/lib/python3.7/site-packages/airflow/example_dags/example_dag_decorator.py for tasks to queue
[2025-06-20T13:06:19.849+0000] {logging_mixin.py:115} INFO - [2025-06-20T13:06:19.849+0000] {dagbag.py:508} INFO - Filling up the DagBag from /home/airflow/.local/lib/python3.7/site-packages/airflow/example_dags/example_dag_decorator.py
[2025-06-20T13:06:19.859+0000] {processor.py:650} INFO - DAG(s) dict_keys(['example_dag_decorator']) retrieved from /home/airflow/.local/lib/python3.7/site-packages/airflow/example_dags/example_dag_decorator.py
[2025-06-20T13:06:19.870+0000] {logging_mixin.py:115} INFO - [2025-06-20T13:06:19.870+0000] {dag.py:2429} INFO - Sync 1 DAGs
[2025-06-20T13:06:19.880+0000] {logging_mixin.py:115} INFO - [2025-06-20T13:06:19.880+0000] {dag.py:2981} INFO - Setting next_dagrun for example_dag_decorator to None, run_after=None
[2025-06-20T13:06:19.885+0000] {processor.py:161} INFO - Processing /home/airflow/.local/lib/python3.7/site-packages/airflow/example_dags/example_dag_decorator.py took 0.038 seconds
[2025-06-20T13:06:50.043+0000] {processor.py:153} INFO - Started process (PID=418) to work on /home/airflow/.local/lib/python3.7/site-packages/airflow/example_dags/example_dag_decorator.py
[2025-06-20T13:06:50.044+0000] {processor.py:640} INFO - Processing file /home/airflow/.local/lib/python3.7/site-packages/airflow/example_dags/example_dag_decorator.py for tasks to queue
[2025-06-20T13:06:50.044+0000] {logging_mixin.py:115} INFO - [2025-06-20T13:06:50.044+0000] {dagbag.py:508} INFO - Filling up the DagBag from /home/airflow/.local/lib/python3.7/site-packages/airflow/example_dags/example_dag_decorator.py
[2025-06-20T13:06:50.053+0000] {processor.py:650} INFO - DAG(s) dict_keys(['example_dag_decorator']) retrieved from /home/airflow/.local/lib/python3.7/site-packages/airflow/example_dags/example_dag_decorator.py
[2025-06-20T13:06:50.081+0000] {logging_mixin.py:115} INFO - [2025-06-20T13:06:50.081+0000] {dag.py:2429} INFO - Sync 1 DAGs
[2025-06-20T13:06:50.088+0000] {logging_mixin.py:115} INFO - [2025-06-20T13:06:50.088+0000] {dag.py:2981} INFO - Setting next_dagrun for example_dag_decorator to None, run_after=None
[2025-06-20T13:06:50.093+0000] {processor.py:161} INFO - Processing /home/airflow/.local/lib/python3.7/site-packages/airflow/example_dags/example_dag_decorator.py took 0.051 seconds
[2025-06-20T13:07:20.105+0000] {processor.py:153} INFO - Started process (PID=478) to work on /home/airflow/.local/lib/python3.7/site-packages/airflow/example_dags/example_dag_decorator.py
[2025-06-20T13:07:20.106+0000] {processor.py:640} INFO - Processing file /home/airflow/.local/lib/python3.7/site-packages/airflow/example_dags/example_dag_decorator.py for tasks to queue
[2025-06-20T13:07:20.106+0000] {logging_mixin.py:115} INFO - [2025-06-20T13:07:20.106+0000] {dagbag.py:508} INFO - Filling up the DagBag from /home/airflow/.local/lib/python3.7/site-packages/airflow/example_dags/example_dag_decorator.py
[2025-06-20T13:07:20.118+0000] {processor.py:650} INFO - DAG(s) dict_keys(['example_dag_decorator']) retrieved from /home/airflow/.local/lib/python3.7/site-packages/airflow/example_dags/example_dag_decorator.py
[2025-06-20T13:07:20.150+0000] {logging_mixin.py:115} INFO - [2025-06-20T13:07:20.150+0000] {dag.py:2429} INFO - Sync 1 DAGs
[2025-06-20T13:07:20.157+0000] {logging_mixin.py:115} INFO - [2025-06-20T13:07:20.157+0000] {dag.py:2981} INFO - Setting next_dagrun for example_dag_decorator to None, run_after=None
[2025-06-20T13:07:20.162+0000] {processor.py:161} INFO - Processing /home/airflow/.local/lib/python3.7/site-packages/airflow/example_dags/example_dag_decorator.py took 0.059 seconds
[2025-06-20T13:07:50.197+0000] {processor.py:153} INFO - Started process (PID=539) to work on /home/airflow/.local/lib/python3.7/site-packages/airflow/example_dags/example_dag_decorator.py
[2025-06-20T13:07:50.198+0000] {processor.py:640} INFO - Processing file /home/airflow/.local/lib/python3.7/site-packages/airflow/example_dags/example_dag_decorator.py for tasks to queue
[2025-06-20T13:07:50.199+0000] {logging_mixin.py:115} INFO - [2025-06-20T13:07:50.199+0000] {dagbag.py:508} INFO - Filling up the DagBag from /home/airflow/.local/lib/python3.7/site-packages/airflow/example_dags/example_dag_decorator.py
[2025-06-20T13:07:50.209+0000] {processor.py:650} INFO - DAG(s) dict_keys(['example_dag_decorator']) retrieved from /home/airflow/.local/lib/python3.7/site-packages/airflow/example_dags/example_dag_decorator.py
[2025-06-20T13:07:50.220+0000] {logging_mixin.py:115} INFO - [2025-06-20T13:07:50.220+0000] {dag.py:2429} INFO - Sync 1 DAGs
[2025-06-20T13:07:50.230+0000] {logging_mixin.py:115} INFO - [2025-06-20T13:07:50.230+0000] {dag.py:2981} INFO - Setting next_dagrun for example_dag_decorator to None, run_after=None
[2025-06-20T13:07:50.234+0000] {processor.py:161} INFO - Processing /home/airflow/.local/lib/python3.7/site-packages/airflow/example_dags/example_dag_decorator.py took 0.039 seconds
[2025-06-20T13:08:20.324+0000] {processor.py:153} INFO - Started process (PID=600) to work on /home/airflow/.local/lib/python3.7/site-packages/airflow/example_dags/example_dag_decorator.py
[2025-06-20T13:08:20.325+0000] {processor.py:640} INFO - Processing file /home/airflow/.local/lib/python3.7/site-packages/airflow/example_dags/example_dag_decorator.py for tasks to queue
[2025-06-20T13:08:20.325+0000] {logging_mixin.py:115} INFO - [2025-06-20T13:08:20.325+0000] {dagbag.py:508} INFO - Filling up the DagBag from /home/airflow/.local/lib/python3.7/site-packages/airflow/example_dags/example_dag_decorator.py
[2025-06-20T13:08:20.335+0000] {processor.py:650} INFO - DAG(s) dict_keys(['example_dag_decorator']) retrieved from /home/airflow/.local/lib/python3.7/site-packages/airflow/example_dags/example_dag_decorator.py
[2025-06-20T13:08:20.368+0000] {logging_mixin.py:115} INFO - [2025-06-20T13:08:20.368+0000] {dag.py:2429} INFO - Sync 1 DAGs
[2025-06-20T13:08:20.376+0000] {logging_mixin.py:115} INFO - [2025-06-20T13:08:20.376+0000] {dag.py:2981} INFO - Setting next_dagrun for example_dag_decorator to None, run_after=None
[2025-06-20T13:08:20.383+0000] {processor.py:161} INFO - Processing /home/airflow/.local/lib/python3.7/site-packages/airflow/example_dags/example_dag_decorator.py took 0.060 seconds
[2025-06-20T13:08:50.442+0000] {processor.py:153} INFO - Started process (PID=652) to work on /home/airflow/.local/lib/python3.7/site-packages/airflow/example_dags/example_dag_decorator.py
[2025-06-20T13:08:50.443+0000] {processor.py:640} INFO - Processing file /home/airflow/.local/lib/python3.7/site-packages/airflow/example_dags/example_dag_decorator.py for tasks to queue
[2025-06-20T13:08:50.443+0000] {logging_mixin.py:115} INFO - [2025-06-20T13:08:50.443+0000] {dagbag.py:508} INFO - Filling up the DagBag from /home/airflow/.local/lib/python3.7/site-packages/airflow/example_dags/example_dag_decorator.py
[2025-06-20T13:08:50.452+0000] {processor.py:650} INFO - DAG(s) dict_keys(['example_dag_decorator']) retrieved from /home/airflow/.local/lib/python3.7/site-packages/airflow/example_dags/example_dag_decorator.py
[2025-06-20T13:08:50.483+0000] {logging_mixin.py:115} INFO - [2025-06-20T13:08:50.483+0000] {dag.py:2429} INFO - Sync 1 DAGs
[2025-06-20T13:08:50.490+0000] {logging_mixin.py:115} INFO - [2025-06-20T13:08:50.490+0000] {dag.py:2981} INFO - Setting next_dagrun for example_dag_decorator to None, run_after=None
[2025-06-20T13:08:50.496+0000] {processor.py:161} INFO - Processing /home/airflow/.local/lib/python3.7/site-packages/airflow/example_dags/example_dag_decorator.py took 0.055 seconds
[2025-06-20T13:09:21.617+0000] {processor.py:153} INFO - Started process (PID=714) to work on /home/airflow/.local/lib/python3.7/site-packages/airflow/example_dags/example_dag_decorator.py
[2025-06-20T13:09:21.617+0000] {processor.py:640} INFO - Processing file /home/airflow/.local/lib/python3.7/site-packages/airflow/example_dags/example_dag_decorator.py for tasks to queue
[2025-06-20T13:09:21.618+0000] {logging_mixin.py:115} INFO - [2025-06-20T13:09:21.618+0000] {dagbag.py:508} INFO - Filling up the DagBag from /home/airflow/.local/lib/python3.7/site-packages/airflow/example_dags/example_dag_decorator.py
[2025-06-20T13:09:21.627+0000] {processor.py:650} INFO - DAG(s) dict_keys(['example_dag_decorator']) retrieved from /home/airflow/.local/lib/python3.7/site-packages/airflow/example_dags/example_dag_decorator.py
[2025-06-20T13:09:21.655+0000] {logging_mixin.py:115} INFO - [2025-06-20T13:09:21.655+0000] {dag.py:2429} INFO - Sync 1 DAGs
[2025-06-20T13:09:21.664+0000] {logging_mixin.py:115} INFO - [2025-06-20T13:09:21.664+0000] {dag.py:2981} INFO - Setting next_dagrun for example_dag_decorator to None, run_after=None
[2025-06-20T13:09:21.669+0000] {processor.py:161} INFO - Processing /home/airflow/.local/lib/python3.7/site-packages/airflow/example_dags/example_dag_decorator.py took 0.054 seconds
[2025-06-20T13:09:51.693+0000] {processor.py:153} INFO - Started process (PID=775) to work on /home/airflow/.local/lib/python3.7/site-packages/airflow/example_dags/example_dag_decorator.py
[2025-06-20T13:09:51.693+0000] {processor.py:640} INFO - Processing file /home/airflow/.local/lib/python3.7/site-packages/airflow/example_dags/example_dag_decorator.py for tasks to queue
[2025-06-20T13:09:51.694+0000] {logging_mixin.py:115} INFO - [2025-06-20T13:09:51.694+0000] {dagbag.py:508} INFO - Filling up the DagBag from /home/airflow/.local/lib/python3.7/site-packages/airflow/example_dags/example_dag_decorator.py
[2025-06-20T13:09:51.702+0000] {processor.py:650} INFO - DAG(s) dict_keys(['example_dag_decorator']) retrieved from /home/airflow/.local/lib/python3.7/site-packages/airflow/example_dags/example_dag_decorator.py
[2025-06-20T13:09:51.733+0000] {logging_mixin.py:115} INFO - [2025-06-20T13:09:51.733+0000] {dag.py:2429} INFO - Sync 1 DAGs
[2025-06-20T13:09:51.740+0000] {logging_mixin.py:115} INFO - [2025-06-20T13:09:51.740+0000] {dag.py:2981} INFO - Setting next_dagrun for example_dag_decorator to None, run_after=None
[2025-06-20T13:09:51.745+0000] {processor.py:161} INFO - Processing /home/airflow/.local/lib/python3.7/site-packages/airflow/example_dags/example_dag_decorator.py took 0.054 seconds
[2025-06-20T13:10:21.797+0000] {processor.py:153} INFO - Started process (PID=836) to work on /home/airflow/.local/lib/python3.7/site-packages/airflow/example_dags/example_dag_decorator.py
[2025-06-20T13:10:21.798+0000] {processor.py:640} INFO - Processing file /home/airflow/.local/lib/python3.7/site-packages/airflow/example_dags/example_dag_decorator.py for tasks to queue
[2025-06-20T13:10:21.800+0000] {logging_mixin.py:115} INFO - [2025-06-20T13:10:21.800+0000] {dagbag.py:508} INFO - Filling up the DagBag from /home/airflow/.local/lib/python3.7/site-packages/airflow/example_dags/example_dag_decorator.py
[2025-06-20T13:10:21.810+0000] {processor.py:650} INFO - DAG(s) dict_keys(['example_dag_decorator']) retrieved from /home/airflow/.local/lib/python3.7/site-packages/airflow/example_dags/example_dag_decorator.py
[2025-06-20T13:10:21.842+0000] {logging_mixin.py:115} INFO - [2025-06-20T13:10:21.842+0000] {dag.py:2429} INFO - Sync 1 DAGs
[2025-06-20T13:10:21.849+0000] {logging_mixin.py:115} INFO - [2025-06-20T13:10:21.849+0000] {dag.py:2981} INFO - Setting next_dagrun for example_dag_decorator to None, run_after=None
[2025-06-20T13:10:21.855+0000] {processor.py:161} INFO - Processing /home/airflow/.local/lib/python3.7/site-packages/airflow/example_dags/example_dag_decorator.py took 0.059 seconds
[2025-06-20T13:10:51.932+0000] {processor.py:153} INFO - Started process (PID=897) to work on /home/airflow/.local/lib/python3.7/site-packages/airflow/example_dags/example_dag_decorator.py
[2025-06-20T13:10:51.933+0000] {processor.py:640} INFO - Processing file /home/airflow/.local/lib/python3.7/site-packages/airflow/example_dags/example_dag_decorator.py for tasks to queue
[2025-06-20T13:10:51.935+0000] {logging_mixin.py:115} INFO - [2025-06-20T13:10:51.935+0000] {dagbag.py:508} INFO - Filling up the DagBag from /home/airflow/.local/lib/python3.7/site-packages/airflow/example_dags/example_dag_decorator.py
[2025-06-20T13:10:51.944+0000] {processor.py:650} INFO - DAG(s) dict_keys(['example_dag_decorator']) retrieved from /home/airflow/.local/lib/python3.7/site-packages/airflow/example_dags/example_dag_decorator.py
[2025-06-20T13:10:51.978+0000] {logging_mixin.py:115} INFO - [2025-06-20T13:10:51.977+0000] {dag.py:2429} INFO - Sync 1 DAGs
[2025-06-20T13:10:51.985+0000] {logging_mixin.py:115} INFO - [2025-06-20T13:10:51.984+0000] {dag.py:2981} INFO - Setting next_dagrun for example_dag_decorator to None, run_after=None
[2025-06-20T13:10:51.990+0000] {processor.py:161} INFO - Processing /home/airflow/.local/lib/python3.7/site-packages/airflow/example_dags/example_dag_decorator.py took 0.059 seconds
[2025-06-20T13:11:22.097+0000] {processor.py:153} INFO - Started process (PID=958) to work on /home/airflow/.local/lib/python3.7/site-packages/airflow/example_dags/example_dag_decorator.py
[2025-06-20T13:11:22.097+0000] {processor.py:640} INFO - Processing file /home/airflow/.local/lib/python3.7/site-packages/airflow/example_dags/example_dag_decorator.py for tasks to queue
[2025-06-20T13:11:22.098+0000] {logging_mixin.py:115} INFO - [2025-06-20T13:11:22.097+0000] {dagbag.py:508} INFO - Filling up the DagBag from /home/airflow/.local/lib/python3.7/site-packages/airflow/example_dags/example_dag_decorator.py
[2025-06-20T13:11:22.108+0000] {processor.py:650} INFO - DAG(s) dict_keys(['example_dag_decorator']) retrieved from /home/airflow/.local/lib/python3.7/site-packages/airflow/example_dags/example_dag_decorator.py
[2025-06-20T13:11:22.119+0000] {logging_mixin.py:115} INFO - [2025-06-20T13:11:22.119+0000] {dag.py:2429} INFO - Sync 1 DAGs
[2025-06-20T13:11:22.128+0000] {logging_mixin.py:115} INFO - [2025-06-20T13:11:22.128+0000] {dag.py:2981} INFO - Setting next_dagrun for example_dag_decorator to None, run_after=None
[2025-06-20T13:11:22.133+0000] {processor.py:161} INFO - Processing /home/airflow/.local/lib/python3.7/site-packages/airflow/example_dags/example_dag_decorator.py took 0.038 seconds
[2025-06-20T13:11:52.252+0000] {processor.py:153} INFO - Started process (PID=1010) to work on /home/airflow/.local/lib/python3.7/site-packages/airflow/example_dags/example_dag_decorator.py
[2025-06-20T13:11:52.254+0000] {processor.py:640} INFO - Processing file /home/airflow/.local/lib/python3.7/site-packages/airflow/example_dags/example_dag_decorator.py for tasks to queue
[2025-06-20T13:11:52.255+0000] {logging_mixin.py:115} INFO - [2025-06-20T13:11:52.255+0000] {dagbag.py:508} INFO - Filling up the DagBag from /home/airflow/.local/lib/python3.7/site-packages/airflow/example_dags/example_dag_decorator.py
[2025-06-20T13:11:52.266+0000] {processor.py:650} INFO - DAG(s) dict_keys(['example_dag_decorator']) retrieved from /home/airflow/.local/lib/python3.7/site-packages/airflow/example_dags/example_dag_decorator.py
[2025-06-20T13:11:52.298+0000] {logging_mixin.py:115} INFO - [2025-06-20T13:11:52.298+0000] {dag.py:2429} INFO - Sync 1 DAGs
[2025-06-20T13:11:52.305+0000] {logging_mixin.py:115} INFO - [2025-06-20T13:11:52.305+0000] {dag.py:2981} INFO - Setting next_dagrun for example_dag_decorator to None, run_after=None
[2025-06-20T13:11:52.310+0000] {processor.py:161} INFO - Processing /home/airflow/.local/lib/python3.7/site-packages/airflow/example_dags/example_dag_decorator.py took 0.059 seconds
[2025-06-20T13:12:22.420+0000] {processor.py:153} INFO - Started process (PID=1071) to work on /home/airflow/.local/lib/python3.7/site-packages/airflow/example_dags/example_dag_decorator.py
[2025-06-20T13:12:22.420+0000] {processor.py:640} INFO - Processing file /home/airflow/.local/lib/python3.7/site-packages/airflow/example_dags/example_dag_decorator.py for tasks to queue
[2025-06-20T13:12:22.421+0000] {logging_mixin.py:115} INFO - [2025-06-20T13:12:22.420+0000] {dagbag.py:508} INFO - Filling up the DagBag from /home/airflow/.local/lib/python3.7/site-packages/airflow/example_dags/example_dag_decorator.py
[2025-06-20T13:12:22.430+0000] {processor.py:650} INFO - DAG(s) dict_keys(['example_dag_decorator']) retrieved from /home/airflow/.local/lib/python3.7/site-packages/airflow/example_dags/example_dag_decorator.py
[2025-06-20T13:12:22.442+0000] {logging_mixin.py:115} INFO - [2025-06-20T13:12:22.442+0000] {dag.py:2429} INFO - Sync 1 DAGs
[2025-06-20T13:12:22.453+0000] {logging_mixin.py:115} INFO - [2025-06-20T13:12:22.453+0000] {dag.py:2981} INFO - Setting next_dagrun for example_dag_decorator to None, run_after=None
[2025-06-20T13:12:22.458+0000] {processor.py:161} INFO - Processing /home/airflow/.local/lib/python3.7/site-packages/airflow/example_dags/example_dag_decorator.py took 0.039 seconds
[2025-06-20T13:12:52.519+0000] {processor.py:153} INFO - Started process (PID=1132) to work on /home/airflow/.local/lib/python3.7/site-packages/airflow/example_dags/example_dag_decorator.py
[2025-06-20T13:12:52.520+0000] {processor.py:640} INFO - Processing file /home/airflow/.local/lib/python3.7/site-packages/airflow/example_dags/example_dag_decorator.py for tasks to queue
[2025-06-20T13:12:52.522+0000] {logging_mixin.py:115} INFO - [2025-06-20T13:12:52.522+0000] {dagbag.py:508} INFO - Filling up the DagBag from /home/airflow/.local/lib/python3.7/site-packages/airflow/example_dags/example_dag_decorator.py
[2025-06-20T13:12:52.534+0000] {processor.py:650} INFO - DAG(s) dict_keys(['example_dag_decorator']) retrieved from /home/airflow/.local/lib/python3.7/site-packages/airflow/example_dags/example_dag_decorator.py
[2025-06-20T13:12:52.555+0000] {logging_mixin.py:115} INFO - [2025-06-20T13:12:52.555+0000] {dag.py:2429} INFO - Sync 1 DAGs
[2025-06-20T13:12:52.564+0000] {logging_mixin.py:115} INFO - [2025-06-20T13:12:52.564+0000] {dag.py:2981} INFO - Setting next_dagrun for example_dag_decorator to None, run_after=None
[2025-06-20T13:12:52.568+0000] {processor.py:161} INFO - Processing /home/airflow/.local/lib/python3.7/site-packages/airflow/example_dags/example_dag_decorator.py took 0.050 seconds
[2025-06-20T13:13:22.624+0000] {processor.py:153} INFO - Started process (PID=1193) to work on /home/airflow/.local/lib/python3.7/site-packages/airflow/example_dags/example_dag_decorator.py
[2025-06-20T13:13:22.625+0000] {processor.py:640} INFO - Processing file /home/airflow/.local/lib/python3.7/site-packages/airflow/example_dags/example_dag_decorator.py for tasks to queue
[2025-06-20T13:13:22.625+0000] {logging_mixin.py:115} INFO - [2025-06-20T13:13:22.625+0000] {dagbag.py:508} INFO - Filling up the DagBag from /home/airflow/.local/lib/python3.7/site-packages/airflow/example_dags/example_dag_decorator.py
[2025-06-20T13:13:22.637+0000] {processor.py:650} INFO - DAG(s) dict_keys(['example_dag_decorator']) retrieved from /home/airflow/.local/lib/python3.7/site-packages/airflow/example_dags/example_dag_decorator.py
[2025-06-20T13:13:22.672+0000] {logging_mixin.py:115} INFO - [2025-06-20T13:13:22.672+0000] {dag.py:2429} INFO - Sync 1 DAGs
[2025-06-20T13:13:22.680+0000] {logging_mixin.py:115} INFO - [2025-06-20T13:13:22.680+0000] {dag.py:2981} INFO - Setting next_dagrun for example_dag_decorator to None, run_after=None
[2025-06-20T13:13:22.685+0000] {processor.py:161} INFO - Processing /home/airflow/.local/lib/python3.7/site-packages/airflow/example_dags/example_dag_decorator.py took 0.062 seconds
[2025-06-20T13:13:52.925+0000] {processor.py:153} INFO - Started process (PID=1254) to work on /home/airflow/.local/lib/python3.7/site-packages/airflow/example_dags/example_dag_decorator.py
[2025-06-20T13:13:52.926+0000] {processor.py:640} INFO - Processing file /home/airflow/.local/lib/python3.7/site-packages/airflow/example_dags/example_dag_decorator.py for tasks to queue
[2025-06-20T13:13:52.926+0000] {logging_mixin.py:115} INFO - [2025-06-20T13:13:52.926+0000] {dagbag.py:508} INFO - Filling up the DagBag from /home/airflow/.local/lib/python3.7/site-packages/airflow/example_dags/example_dag_decorator.py
[2025-06-20T13:13:52.936+0000] {processor.py:650} INFO - DAG(s) dict_keys(['example_dag_decorator']) retrieved from /home/airflow/.local/lib/python3.7/site-packages/airflow/example_dags/example_dag_decorator.py
[2025-06-20T13:13:52.967+0000] {logging_mixin.py:115} INFO - [2025-06-20T13:13:52.967+0000] {dag.py:2429} INFO - Sync 1 DAGs
[2025-06-20T13:13:52.975+0000] {logging_mixin.py:115} INFO - [2025-06-20T13:13:52.975+0000] {dag.py:2981} INFO - Setting next_dagrun for example_dag_decorator to None, run_after=None
[2025-06-20T13:13:52.981+0000] {processor.py:161} INFO - Processing /home/airflow/.local/lib/python3.7/site-packages/airflow/example_dags/example_dag_decorator.py took 0.057 seconds
[2025-06-20T13:14:23.006+0000] {processor.py:153} INFO - Started process (PID=1312) to work on /home/airflow/.local/lib/python3.7/site-packages/airflow/example_dags/example_dag_decorator.py
[2025-06-20T13:14:23.007+0000] {processor.py:640} INFO - Processing file /home/airflow/.local/lib/python3.7/site-packages/airflow/example_dags/example_dag_decorator.py for tasks to queue
[2025-06-20T13:14:23.007+0000] {logging_mixin.py:115} INFO - [2025-06-20T13:14:23.007+0000] {dagbag.py:508} INFO - Filling up the DagBag from /home/airflow/.local/lib/python3.7/site-packages/airflow/example_dags/example_dag_decorator.py
[2025-06-20T13:14:23.018+0000] {processor.py:650} INFO - DAG(s) dict_keys(['example_dag_decorator']) retrieved from /home/airflow/.local/lib/python3.7/site-packages/airflow/example_dags/example_dag_decorator.py
[2025-06-20T13:14:23.031+0000] {logging_mixin.py:115} INFO - [2025-06-20T13:14:23.031+0000] {dag.py:2429} INFO - Sync 1 DAGs
[2025-06-20T13:14:23.042+0000] {logging_mixin.py:115} INFO - [2025-06-20T13:14:23.042+0000] {dag.py:2981} INFO - Setting next_dagrun for example_dag_decorator to None, run_after=None
[2025-06-20T13:14:23.049+0000] {processor.py:161} INFO - Processing /home/airflow/.local/lib/python3.7/site-packages/airflow/example_dags/example_dag_decorator.py took 0.045 seconds
[2025-06-20T13:14:53.131+0000] {processor.py:153} INFO - Started process (PID=1366) to work on /home/airflow/.local/lib/python3.7/site-packages/airflow/example_dags/example_dag_decorator.py
[2025-06-20T13:14:53.132+0000] {processor.py:640} INFO - Processing file /home/airflow/.local/lib/python3.7/site-packages/airflow/example_dags/example_dag_decorator.py for tasks to queue
[2025-06-20T13:14:53.132+0000] {logging_mixin.py:115} INFO - [2025-06-20T13:14:53.132+0000] {dagbag.py:508} INFO - Filling up the DagBag from /home/airflow/.local/lib/python3.7/site-packages/airflow/example_dags/example_dag_decorator.py
[2025-06-20T13:14:53.143+0000] {processor.py:650} INFO - DAG(s) dict_keys(['example_dag_decorator']) retrieved from /home/airflow/.local/lib/python3.7/site-packages/airflow/example_dags/example_dag_decorator.py
[2025-06-20T13:14:53.157+0000] {logging_mixin.py:115} INFO - [2025-06-20T13:14:53.157+0000] {dag.py:2429} INFO - Sync 1 DAGs
[2025-06-20T13:14:53.166+0000] {logging_mixin.py:115} INFO - [2025-06-20T13:14:53.166+0000] {dag.py:2981} INFO - Setting next_dagrun for example_dag_decorator to None, run_after=None
[2025-06-20T13:14:53.170+0000] {processor.py:161} INFO - Processing /home/airflow/.local/lib/python3.7/site-packages/airflow/example_dags/example_dag_decorator.py took 0.041 seconds
[2025-06-20T13:15:23.207+0000] {processor.py:153} INFO - Started process (PID=1426) to work on /home/airflow/.local/lib/python3.7/site-packages/airflow/example_dags/example_dag_decorator.py
[2025-06-20T13:15:23.208+0000] {processor.py:640} INFO - Processing file /home/airflow/.local/lib/python3.7/site-packages/airflow/example_dags/example_dag_decorator.py for tasks to queue
[2025-06-20T13:15:23.208+0000] {logging_mixin.py:115} INFO - [2025-06-20T13:15:23.208+0000] {dagbag.py:508} INFO - Filling up the DagBag from /home/airflow/.local/lib/python3.7/site-packages/airflow/example_dags/example_dag_decorator.py
[2025-06-20T13:15:23.218+0000] {processor.py:650} INFO - DAG(s) dict_keys(['example_dag_decorator']) retrieved from /home/airflow/.local/lib/python3.7/site-packages/airflow/example_dags/example_dag_decorator.py
[2025-06-20T13:15:23.232+0000] {logging_mixin.py:115} INFO - [2025-06-20T13:15:23.232+0000] {dag.py:2429} INFO - Sync 1 DAGs
[2025-06-20T13:15:23.246+0000] {logging_mixin.py:115} INFO - [2025-06-20T13:15:23.246+0000] {dag.py:2981} INFO - Setting next_dagrun for example_dag_decorator to None, run_after=None
[2025-06-20T13:15:23.253+0000] {processor.py:161} INFO - Processing /home/airflow/.local/lib/python3.7/site-packages/airflow/example_dags/example_dag_decorator.py took 0.047 seconds
[2025-06-20T13:15:53.287+0000] {processor.py:153} INFO - Started process (PID=1487) to work on /home/airflow/.local/lib/python3.7/site-packages/airflow/example_dags/example_dag_decorator.py
[2025-06-20T13:15:53.288+0000] {processor.py:640} INFO - Processing file /home/airflow/.local/lib/python3.7/site-packages/airflow/example_dags/example_dag_decorator.py for tasks to queue
[2025-06-20T13:15:53.288+0000] {logging_mixin.py:115} INFO - [2025-06-20T13:15:53.288+0000] {dagbag.py:508} INFO - Filling up the DagBag from /home/airflow/.local/lib/python3.7/site-packages/airflow/example_dags/example_dag_decorator.py
[2025-06-20T13:15:53.299+0000] {processor.py:650} INFO - DAG(s) dict_keys(['example_dag_decorator']) retrieved from /home/airflow/.local/lib/python3.7/site-packages/airflow/example_dags/example_dag_decorator.py
[2025-06-20T13:15:53.328+0000] {logging_mixin.py:115} INFO - [2025-06-20T13:15:53.328+0000] {dag.py:2429} INFO - Sync 1 DAGs
[2025-06-20T13:15:53.337+0000] {logging_mixin.py:115} INFO - [2025-06-20T13:15:53.337+0000] {dag.py:2981} INFO - Setting next_dagrun for example_dag_decorator to None, run_after=None
[2025-06-20T13:15:53.342+0000] {processor.py:161} INFO - Processing /home/airflow/.local/lib/python3.7/site-packages/airflow/example_dags/example_dag_decorator.py took 0.056 seconds
[2025-06-20T13:16:23.614+0000] {processor.py:153} INFO - Started process (PID=1549) to work on /home/airflow/.local/lib/python3.7/site-packages/airflow/example_dags/example_dag_decorator.py
[2025-06-20T13:16:23.615+0000] {processor.py:640} INFO - Processing file /home/airflow/.local/lib/python3.7/site-packages/airflow/example_dags/example_dag_decorator.py for tasks to queue
[2025-06-20T13:16:23.616+0000] {logging_mixin.py:115} INFO - [2025-06-20T13:16:23.616+0000] {dagbag.py:508} INFO - Filling up the DagBag from /home/airflow/.local/lib/python3.7/site-packages/airflow/example_dags/example_dag_decorator.py
[2025-06-20T13:16:23.627+0000] {processor.py:650} INFO - DAG(s) dict_keys(['example_dag_decorator']) retrieved from /home/airflow/.local/lib/python3.7/site-packages/airflow/example_dags/example_dag_decorator.py
[2025-06-20T13:16:23.659+0000] {logging_mixin.py:115} INFO - [2025-06-20T13:16:23.658+0000] {dag.py:2429} INFO - Sync 1 DAGs
[2025-06-20T13:16:23.667+0000] {logging_mixin.py:115} INFO - [2025-06-20T13:16:23.667+0000] {dag.py:2981} INFO - Setting next_dagrun for example_dag_decorator to None, run_after=None
[2025-06-20T13:16:23.672+0000] {processor.py:161} INFO - Processing /home/airflow/.local/lib/python3.7/site-packages/airflow/example_dags/example_dag_decorator.py took 0.059 seconds
[2025-06-20T13:16:53.816+0000] {processor.py:153} INFO - Started process (PID=1610) to work on /home/airflow/.local/lib/python3.7/site-packages/airflow/example_dags/example_dag_decorator.py
[2025-06-20T13:16:53.819+0000] {processor.py:640} INFO - Processing file /home/airflow/.local/lib/python3.7/site-packages/airflow/example_dags/example_dag_decorator.py for tasks to queue
[2025-06-20T13:16:53.820+0000] {logging_mixin.py:115} INFO - [2025-06-20T13:16:53.820+0000] {dagbag.py:508} INFO - Filling up the DagBag from /home/airflow/.local/lib/python3.7/site-packages/airflow/example_dags/example_dag_decorator.py
[2025-06-20T13:16:53.831+0000] {processor.py:650} INFO - DAG(s) dict_keys(['example_dag_decorator']) retrieved from /home/airflow/.local/lib/python3.7/site-packages/airflow/example_dags/example_dag_decorator.py
[2025-06-20T13:16:53.843+0000] {logging_mixin.py:115} INFO - [2025-06-20T13:16:53.843+0000] {dag.py:2429} INFO - Sync 1 DAGs
[2025-06-20T13:16:53.852+0000] {logging_mixin.py:115} INFO - [2025-06-20T13:16:53.852+0000] {dag.py:2981} INFO - Setting next_dagrun for example_dag_decorator to None, run_after=None
[2025-06-20T13:16:53.857+0000] {processor.py:161} INFO - Processing /home/airflow/.local/lib/python3.7/site-packages/airflow/example_dags/example_dag_decorator.py took 0.043 seconds
[2025-06-20T13:17:23.925+0000] {processor.py:153} INFO - Started process (PID=1662) to work on /home/airflow/.local/lib/python3.7/site-packages/airflow/example_dags/example_dag_decorator.py
[2025-06-20T13:17:23.926+0000] {processor.py:640} INFO - Processing file /home/airflow/.local/lib/python3.7/site-packages/airflow/example_dags/example_dag_decorator.py for tasks to queue
[2025-06-20T13:17:23.926+0000] {logging_mixin.py:115} INFO - [2025-06-20T13:17:23.926+0000] {dagbag.py:508} INFO - Filling up the DagBag from /home/airflow/.local/lib/python3.7/site-packages/airflow/example_dags/example_dag_decorator.py
[2025-06-20T13:17:23.935+0000] {processor.py:650} INFO - DAG(s) dict_keys(['example_dag_decorator']) retrieved from /home/airflow/.local/lib/python3.7/site-packages/airflow/example_dags/example_dag_decorator.py
[2025-06-20T13:17:23.964+0000] {logging_mixin.py:115} INFO - [2025-06-20T13:17:23.964+0000] {dag.py:2429} INFO - Sync 1 DAGs
[2025-06-20T13:17:23.971+0000] {logging_mixin.py:115} INFO - [2025-06-20T13:17:23.971+0000] {dag.py:2981} INFO - Setting next_dagrun for example_dag_decorator to None, run_after=None
[2025-06-20T13:17:23.976+0000] {processor.py:161} INFO - Processing /home/airflow/.local/lib/python3.7/site-packages/airflow/example_dags/example_dag_decorator.py took 0.052 seconds
[2025-06-20T13:17:55.088+0000] {processor.py:153} INFO - Started process (PID=1724) to work on /home/airflow/.local/lib/python3.7/site-packages/airflow/example_dags/example_dag_decorator.py
[2025-06-20T13:17:55.090+0000] {processor.py:640} INFO - Processing file /home/airflow/.local/lib/python3.7/site-packages/airflow/example_dags/example_dag_decorator.py for tasks to queue
[2025-06-20T13:17:55.091+0000] {logging_mixin.py:115} INFO - [2025-06-20T13:17:55.091+0000] {dagbag.py:508} INFO - Filling up the DagBag from /home/airflow/.local/lib/python3.7/site-packages/airflow/example_dags/example_dag_decorator.py
[2025-06-20T13:17:55.101+0000] {processor.py:650} INFO - DAG(s) dict_keys(['example_dag_decorator']) retrieved from /home/airflow/.local/lib/python3.7/site-packages/airflow/example_dags/example_dag_decorator.py
[2025-06-20T13:17:55.112+0000] {logging_mixin.py:115} INFO - [2025-06-20T13:17:55.112+0000] {dag.py:2429} INFO - Sync 1 DAGs
[2025-06-20T13:17:55.122+0000] {logging_mixin.py:115} INFO - [2025-06-20T13:17:55.122+0000] {dag.py:2981} INFO - Setting next_dagrun for example_dag_decorator to None, run_after=None
[2025-06-20T13:17:55.128+0000] {processor.py:161} INFO - Processing /home/airflow/.local/lib/python3.7/site-packages/airflow/example_dags/example_dag_decorator.py took 0.041 seconds
[2025-06-20T13:18:25.249+0000] {processor.py:153} INFO - Started process (PID=1785) to work on /home/airflow/.local/lib/python3.7/site-packages/airflow/example_dags/example_dag_decorator.py
[2025-06-20T13:18:25.250+0000] {processor.py:640} INFO - Processing file /home/airflow/.local/lib/python3.7/site-packages/airflow/example_dags/example_dag_decorator.py for tasks to queue
[2025-06-20T13:18:25.251+0000] {logging_mixin.py:115} INFO - [2025-06-20T13:18:25.250+0000] {dagbag.py:508} INFO - Filling up the DagBag from /home/airflow/.local/lib/python3.7/site-packages/airflow/example_dags/example_dag_decorator.py
[2025-06-20T13:18:25.260+0000] {processor.py:650} INFO - DAG(s) dict_keys(['example_dag_decorator']) retrieved from /home/airflow/.local/lib/python3.7/site-packages/airflow/example_dags/example_dag_decorator.py
[2025-06-20T13:18:25.289+0000] {logging_mixin.py:115} INFO - [2025-06-20T13:18:25.289+0000] {dag.py:2429} INFO - Sync 1 DAGs
[2025-06-20T13:18:25.298+0000] {logging_mixin.py:115} INFO - [2025-06-20T13:18:25.298+0000] {dag.py:2981} INFO - Setting next_dagrun for example_dag_decorator to None, run_after=None
[2025-06-20T13:18:25.303+0000] {processor.py:161} INFO - Processing /home/airflow/.local/lib/python3.7/site-packages/airflow/example_dags/example_dag_decorator.py took 0.055 seconds
[2025-06-20T13:18:55.436+0000] {processor.py:153} INFO - Started process (PID=1846) to work on /home/airflow/.local/lib/python3.7/site-packages/airflow/example_dags/example_dag_decorator.py
[2025-06-20T13:18:55.438+0000] {processor.py:640} INFO - Processing file /home/airflow/.local/lib/python3.7/site-packages/airflow/example_dags/example_dag_decorator.py for tasks to queue
[2025-06-20T13:18:55.438+0000] {logging_mixin.py:115} INFO - [2025-06-20T13:18:55.438+0000] {dagbag.py:508} INFO - Filling up the DagBag from /home/airflow/.local/lib/python3.7/site-packages/airflow/example_dags/example_dag_decorator.py
[2025-06-20T13:18:55.448+0000] {processor.py:650} INFO - DAG(s) dict_keys(['example_dag_decorator']) retrieved from /home/airflow/.local/lib/python3.7/site-packages/airflow/example_dags/example_dag_decorator.py
[2025-06-20T13:18:55.477+0000] {logging_mixin.py:115} INFO - [2025-06-20T13:18:55.477+0000] {dag.py:2429} INFO - Sync 1 DAGs
[2025-06-20T13:18:55.485+0000] {logging_mixin.py:115} INFO - [2025-06-20T13:18:55.485+0000] {dag.py:2981} INFO - Setting next_dagrun for example_dag_decorator to None, run_after=None
[2025-06-20T13:18:55.490+0000] {processor.py:161} INFO - Processing /home/airflow/.local/lib/python3.7/site-packages/airflow/example_dags/example_dag_decorator.py took 0.055 seconds
[2025-06-20T13:19:25.544+0000] {processor.py:153} INFO - Started process (PID=1907) to work on /home/airflow/.local/lib/python3.7/site-packages/airflow/example_dags/example_dag_decorator.py
[2025-06-20T13:19:25.545+0000] {processor.py:640} INFO - Processing file /home/airflow/.local/lib/python3.7/site-packages/airflow/example_dags/example_dag_decorator.py for tasks to queue
[2025-06-20T13:19:25.549+0000] {logging_mixin.py:115} INFO - [2025-06-20T13:19:25.549+0000] {dagbag.py:508} INFO - Filling up the DagBag from /home/airflow/.local/lib/python3.7/site-packages/airflow/example_dags/example_dag_decorator.py
[2025-06-20T13:19:25.559+0000] {processor.py:650} INFO - DAG(s) dict_keys(['example_dag_decorator']) retrieved from /home/airflow/.local/lib/python3.7/site-packages/airflow/example_dags/example_dag_decorator.py
[2025-06-20T13:19:25.572+0000] {logging_mixin.py:115} INFO - [2025-06-20T13:19:25.572+0000] {dag.py:2429} INFO - Sync 1 DAGs
[2025-06-20T13:19:25.584+0000] {logging_mixin.py:115} INFO - [2025-06-20T13:19:25.584+0000] {dag.py:2981} INFO - Setting next_dagrun for example_dag_decorator to None, run_after=None
[2025-06-20T13:19:25.589+0000] {processor.py:161} INFO - Processing /home/airflow/.local/lib/python3.7/site-packages/airflow/example_dags/example_dag_decorator.py took 0.046 seconds
[2025-06-20T13:19:55.615+0000] {processor.py:153} INFO - Started process (PID=1967) to work on /home/airflow/.local/lib/python3.7/site-packages/airflow/example_dags/example_dag_decorator.py
[2025-06-20T13:19:55.617+0000] {processor.py:640} INFO - Processing file /home/airflow/.local/lib/python3.7/site-packages/airflow/example_dags/example_dag_decorator.py for tasks to queue
[2025-06-20T13:19:55.617+0000] {logging_mixin.py:115} INFO - [2025-06-20T13:19:55.617+0000] {dagbag.py:508} INFO - Filling up the DagBag from /home/airflow/.local/lib/python3.7/site-packages/airflow/example_dags/example_dag_decorator.py
[2025-06-20T13:19:55.633+0000] {processor.py:650} INFO - DAG(s) dict_keys(['example_dag_decorator']) retrieved from /home/airflow/.local/lib/python3.7/site-packages/airflow/example_dags/example_dag_decorator.py
[2025-06-20T13:19:55.650+0000] {logging_mixin.py:115} INFO - [2025-06-20T13:19:55.650+0000] {dag.py:2429} INFO - Sync 1 DAGs
[2025-06-20T13:19:55.660+0000] {logging_mixin.py:115} INFO - [2025-06-20T13:19:55.660+0000] {dag.py:2981} INFO - Setting next_dagrun for example_dag_decorator to None, run_after=None
[2025-06-20T13:19:55.665+0000] {processor.py:161} INFO - Processing /home/airflow/.local/lib/python3.7/site-packages/airflow/example_dags/example_dag_decorator.py took 0.053 seconds
[2025-06-20T13:20:25.724+0000] {processor.py:153} INFO - Started process (PID=2018) to work on /home/airflow/.local/lib/python3.7/site-packages/airflow/example_dags/example_dag_decorator.py
[2025-06-20T13:20:25.726+0000] {processor.py:640} INFO - Processing file /home/airflow/.local/lib/python3.7/site-packages/airflow/example_dags/example_dag_decorator.py for tasks to queue
[2025-06-20T13:20:25.727+0000] {logging_mixin.py:115} INFO - [2025-06-20T13:20:25.727+0000] {dagbag.py:508} INFO - Filling up the DagBag from /home/airflow/.local/lib/python3.7/site-packages/airflow/example_dags/example_dag_decorator.py
[2025-06-20T13:20:25.744+0000] {processor.py:650} INFO - DAG(s) dict_keys(['example_dag_decorator']) retrieved from /home/airflow/.local/lib/python3.7/site-packages/airflow/example_dags/example_dag_decorator.py
[2025-06-20T13:20:25.779+0000] {logging_mixin.py:115} INFO - [2025-06-20T13:20:25.778+0000] {dag.py:2429} INFO - Sync 1 DAGs
[2025-06-20T13:20:25.786+0000] {logging_mixin.py:115} INFO - [2025-06-20T13:20:25.786+0000] {dag.py:2981} INFO - Setting next_dagrun for example_dag_decorator to None, run_after=None
[2025-06-20T13:20:25.791+0000] {processor.py:161} INFO - Processing /home/airflow/.local/lib/python3.7/site-packages/airflow/example_dags/example_dag_decorator.py took 0.071 seconds
[2025-06-20T13:20:55.834+0000] {processor.py:153} INFO - Started process (PID=2079) to work on /home/airflow/.local/lib/python3.7/site-packages/airflow/example_dags/example_dag_decorator.py
[2025-06-20T13:20:55.837+0000] {processor.py:640} INFO - Processing file /home/airflow/.local/lib/python3.7/site-packages/airflow/example_dags/example_dag_decorator.py for tasks to queue
[2025-06-20T13:20:55.837+0000] {logging_mixin.py:115} INFO - [2025-06-20T13:20:55.837+0000] {dagbag.py:508} INFO - Filling up the DagBag from /home/airflow/.local/lib/python3.7/site-packages/airflow/example_dags/example_dag_decorator.py
[2025-06-20T13:20:55.856+0000] {processor.py:650} INFO - DAG(s) dict_keys(['example_dag_decorator']) retrieved from /home/airflow/.local/lib/python3.7/site-packages/airflow/example_dags/example_dag_decorator.py
[2025-06-20T13:20:55.877+0000] {logging_mixin.py:115} INFO - [2025-06-20T13:20:55.877+0000] {dag.py:2429} INFO - Sync 1 DAGs
[2025-06-20T13:20:55.888+0000] {logging_mixin.py:115} INFO - [2025-06-20T13:20:55.888+0000] {dag.py:2981} INFO - Setting next_dagrun for example_dag_decorator to None, run_after=None
[2025-06-20T13:20:55.893+0000] {processor.py:161} INFO - Processing /home/airflow/.local/lib/python3.7/site-packages/airflow/example_dags/example_dag_decorator.py took 0.064 seconds
[2025-06-20T13:21:25.964+0000] {processor.py:153} INFO - Started process (PID=2140) to work on /home/airflow/.local/lib/python3.7/site-packages/airflow/example_dags/example_dag_decorator.py
[2025-06-20T13:21:25.965+0000] {processor.py:640} INFO - Processing file /home/airflow/.local/lib/python3.7/site-packages/airflow/example_dags/example_dag_decorator.py for tasks to queue
[2025-06-20T13:21:25.965+0000] {logging_mixin.py:115} INFO - [2025-06-20T13:21:25.965+0000] {dagbag.py:508} INFO - Filling up the DagBag from /home/airflow/.local/lib/python3.7/site-packages/airflow/example_dags/example_dag_decorator.py
[2025-06-20T13:21:25.976+0000] {processor.py:650} INFO - DAG(s) dict_keys(['example_dag_decorator']) retrieved from /home/airflow/.local/lib/python3.7/site-packages/airflow/example_dags/example_dag_decorator.py
[2025-06-20T13:21:25.992+0000] {logging_mixin.py:115} INFO - [2025-06-20T13:21:25.992+0000] {dag.py:2429} INFO - Sync 1 DAGs
[2025-06-20T13:21:26.002+0000] {logging_mixin.py:115} INFO - [2025-06-20T13:21:26.001+0000] {dag.py:2981} INFO - Setting next_dagrun for example_dag_decorator to None, run_after=None
[2025-06-20T13:21:26.006+0000] {processor.py:161} INFO - Processing /home/airflow/.local/lib/python3.7/site-packages/airflow/example_dags/example_dag_decorator.py took 0.047 seconds
[2025-06-20T13:21:56.068+0000] {processor.py:153} INFO - Started process (PID=2201) to work on /home/airflow/.local/lib/python3.7/site-packages/airflow/example_dags/example_dag_decorator.py
[2025-06-20T13:21:56.069+0000] {processor.py:640} INFO - Processing file /home/airflow/.local/lib/python3.7/site-packages/airflow/example_dags/example_dag_decorator.py for tasks to queue
[2025-06-20T13:21:56.070+0000] {logging_mixin.py:115} INFO - [2025-06-20T13:21:56.070+0000] {dagbag.py:508} INFO - Filling up the DagBag from /home/airflow/.local/lib/python3.7/site-packages/airflow/example_dags/example_dag_decorator.py
[2025-06-20T13:21:56.090+0000] {processor.py:650} INFO - DAG(s) dict_keys(['example_dag_decorator']) retrieved from /home/airflow/.local/lib/python3.7/site-packages/airflow/example_dags/example_dag_decorator.py
[2025-06-20T13:21:56.128+0000] {logging_mixin.py:115} INFO - [2025-06-20T13:21:56.128+0000] {dag.py:2429} INFO - Sync 1 DAGs
[2025-06-20T13:21:56.136+0000] {logging_mixin.py:115} INFO - [2025-06-20T13:21:56.136+0000] {dag.py:2981} INFO - Setting next_dagrun for example_dag_decorator to None, run_after=None
[2025-06-20T13:21:56.141+0000] {processor.py:161} INFO - Processing /home/airflow/.local/lib/python3.7/site-packages/airflow/example_dags/example_dag_decorator.py took 0.078 seconds
[2025-06-20T13:22:26.267+0000] {processor.py:153} INFO - Started process (PID=2263) to work on /home/airflow/.local/lib/python3.7/site-packages/airflow/example_dags/example_dag_decorator.py
[2025-06-20T13:22:26.267+0000] {processor.py:640} INFO - Processing file /home/airflow/.local/lib/python3.7/site-packages/airflow/example_dags/example_dag_decorator.py for tasks to queue
[2025-06-20T13:22:26.269+0000] {logging_mixin.py:115} INFO - [2025-06-20T13:22:26.269+0000] {dagbag.py:508} INFO - Filling up the DagBag from /home/airflow/.local/lib/python3.7/site-packages/airflow/example_dags/example_dag_decorator.py
[2025-06-20T13:22:26.279+0000] {processor.py:650} INFO - DAG(s) dict_keys(['example_dag_decorator']) retrieved from /home/airflow/.local/lib/python3.7/site-packages/airflow/example_dags/example_dag_decorator.py
[2025-06-20T13:22:26.308+0000] {logging_mixin.py:115} INFO - [2025-06-20T13:22:26.308+0000] {dag.py:2429} INFO - Sync 1 DAGs
[2025-06-20T13:22:26.315+0000] {logging_mixin.py:115} INFO - [2025-06-20T13:22:26.315+0000] {dag.py:2981} INFO - Setting next_dagrun for example_dag_decorator to None, run_after=None
[2025-06-20T13:22:26.320+0000] {processor.py:161} INFO - Processing /home/airflow/.local/lib/python3.7/site-packages/airflow/example_dags/example_dag_decorator.py took 0.055 seconds
[2025-06-20T13:22:56.424+0000] {processor.py:153} INFO - Started process (PID=2324) to work on /home/airflow/.local/lib/python3.7/site-packages/airflow/example_dags/example_dag_decorator.py
[2025-06-20T13:22:56.425+0000] {processor.py:640} INFO - Processing file /home/airflow/.local/lib/python3.7/site-packages/airflow/example_dags/example_dag_decorator.py for tasks to queue
[2025-06-20T13:22:56.426+0000] {logging_mixin.py:115} INFO - [2025-06-20T13:22:56.426+0000] {dagbag.py:508} INFO - Filling up the DagBag from /home/airflow/.local/lib/python3.7/site-packages/airflow/example_dags/example_dag_decorator.py
[2025-06-20T13:22:56.444+0000] {processor.py:650} INFO - DAG(s) dict_keys(['example_dag_decorator']) retrieved from /home/airflow/.local/lib/python3.7/site-packages/airflow/example_dags/example_dag_decorator.py
[2025-06-20T13:22:56.479+0000] {logging_mixin.py:115} INFO - [2025-06-20T13:22:56.479+0000] {dag.py:2429} INFO - Sync 1 DAGs
[2025-06-20T13:22:56.490+0000] {logging_mixin.py:115} INFO - [2025-06-20T13:22:56.490+0000] {dag.py:2981} INFO - Setting next_dagrun for example_dag_decorator to None, run_after=None
[2025-06-20T13:22:56.497+0000] {processor.py:161} INFO - Processing /home/airflow/.local/lib/python3.7/site-packages/airflow/example_dags/example_dag_decorator.py took 0.077 seconds
[2025-06-20T13:23:26.559+0000] {processor.py:153} INFO - Started process (PID=2376) to work on /home/airflow/.local/lib/python3.7/site-packages/airflow/example_dags/example_dag_decorator.py
[2025-06-20T13:23:26.561+0000] {processor.py:640} INFO - Processing file /home/airflow/.local/lib/python3.7/site-packages/airflow/example_dags/example_dag_decorator.py for tasks to queue
[2025-06-20T13:23:26.561+0000] {logging_mixin.py:115} INFO - [2025-06-20T13:23:26.561+0000] {dagbag.py:508} INFO - Filling up the DagBag from /home/airflow/.local/lib/python3.7/site-packages/airflow/example_dags/example_dag_decorator.py
[2025-06-20T13:23:26.579+0000] {processor.py:650} INFO - DAG(s) dict_keys(['example_dag_decorator']) retrieved from /home/airflow/.local/lib/python3.7/site-packages/airflow/example_dags/example_dag_decorator.py
[2025-06-20T13:23:26.612+0000] {logging_mixin.py:115} INFO - [2025-06-20T13:23:26.612+0000] {dag.py:2429} INFO - Sync 1 DAGs
[2025-06-20T13:23:26.621+0000] {logging_mixin.py:115} INFO - [2025-06-20T13:23:26.621+0000] {dag.py:2981} INFO - Setting next_dagrun for example_dag_decorator to None, run_after=None
[2025-06-20T13:23:26.628+0000] {processor.py:161} INFO - Processing /home/airflow/.local/lib/python3.7/site-packages/airflow/example_dags/example_dag_decorator.py took 0.072 seconds
[2025-06-20T13:23:56.707+0000] {processor.py:153} INFO - Started process (PID=2437) to work on /home/airflow/.local/lib/python3.7/site-packages/airflow/example_dags/example_dag_decorator.py
[2025-06-20T13:23:56.709+0000] {processor.py:640} INFO - Processing file /home/airflow/.local/lib/python3.7/site-packages/airflow/example_dags/example_dag_decorator.py for tasks to queue
[2025-06-20T13:23:56.709+0000] {logging_mixin.py:115} INFO - [2025-06-20T13:23:56.709+0000] {dagbag.py:508} INFO - Filling up the DagBag from /home/airflow/.local/lib/python3.7/site-packages/airflow/example_dags/example_dag_decorator.py
[2025-06-20T13:23:56.726+0000] {processor.py:650} INFO - DAG(s) dict_keys(['example_dag_decorator']) retrieved from /home/airflow/.local/lib/python3.7/site-packages/airflow/example_dags/example_dag_decorator.py
[2025-06-20T13:23:56.761+0000] {logging_mixin.py:115} INFO - [2025-06-20T13:23:56.761+0000] {dag.py:2429} INFO - Sync 1 DAGs
[2025-06-20T13:23:56.770+0000] {logging_mixin.py:115} INFO - [2025-06-20T13:23:56.770+0000] {dag.py:2981} INFO - Setting next_dagrun for example_dag_decorator to None, run_after=None
[2025-06-20T13:23:56.775+0000] {processor.py:161} INFO - Processing /home/airflow/.local/lib/python3.7/site-packages/airflow/example_dags/example_dag_decorator.py took 0.071 seconds
[2025-06-20T13:24:26.908+0000] {processor.py:153} INFO - Started process (PID=2498) to work on /home/airflow/.local/lib/python3.7/site-packages/airflow/example_dags/example_dag_decorator.py
[2025-06-20T13:24:26.910+0000] {processor.py:640} INFO - Processing file /home/airflow/.local/lib/python3.7/site-packages/airflow/example_dags/example_dag_decorator.py for tasks to queue
[2025-06-20T13:24:26.912+0000] {logging_mixin.py:115} INFO - [2025-06-20T13:24:26.912+0000] {dagbag.py:508} INFO - Filling up the DagBag from /home/airflow/.local/lib/python3.7/site-packages/airflow/example_dags/example_dag_decorator.py
[2025-06-20T13:24:26.932+0000] {processor.py:650} INFO - DAG(s) dict_keys(['example_dag_decorator']) retrieved from /home/airflow/.local/lib/python3.7/site-packages/airflow/example_dags/example_dag_decorator.py
[2025-06-20T13:24:26.953+0000] {logging_mixin.py:115} INFO - [2025-06-20T13:24:26.953+0000] {dag.py:2429} INFO - Sync 1 DAGs
[2025-06-20T13:24:26.965+0000] {logging_mixin.py:115} INFO - [2025-06-20T13:24:26.965+0000] {dag.py:2981} INFO - Setting next_dagrun for example_dag_decorator to None, run_after=None
[2025-06-20T13:24:26.973+0000] {processor.py:161} INFO - Processing /home/airflow/.local/lib/python3.7/site-packages/airflow/example_dags/example_dag_decorator.py took 0.070 seconds
