[2025-06-20T12:58:53.297+0000] {processor.py:153} INFO - Started process (PID=60) to work on /home/airflow/.local/lib/python3.7/site-packages/airflow/example_dags/example_task_group_decorator.py
[2025-06-20T12:58:53.298+0000] {processor.py:640} INFO - Processing file /home/airflow/.local/lib/python3.7/site-packages/airflow/example_dags/example_task_group_decorator.py for tasks to queue
[2025-06-20T12:58:53.302+0000] {logging_mixin.py:115} INFO - [2025-06-20T12:58:53.302+0000] {dagbag.py:508} INFO - Filling up the DagBag from /home/airflow/.local/lib/python3.7/site-packages/airflow/example_dags/example_task_group_decorator.py
[2025-06-20T12:58:53.320+0000] {processor.py:650} INFO - DAG(s) dict_keys(['example_task_group_decorator']) retrieved from /home/airflow/.local/lib/python3.7/site-packages/airflow/example_dags/example_task_group_decorator.py
[2025-06-20T12:58:53.424+0000] {logging_mixin.py:115} INFO - [2025-06-20T12:58:53.424+0000] {manager.py:508} INFO - Created Permission View: can read on DAG:example_task_group_decorator
[2025-06-20T12:58:53.430+0000] {logging_mixin.py:115} INFO - [2025-06-20T12:58:53.430+0000] {manager.py:508} INFO - Created Permission View: can delete on DAG:example_task_group_decorator
[2025-06-20T12:58:53.433+0000] {logging_mixin.py:115} INFO - [2025-06-20T12:58:53.433+0000] {manager.py:508} INFO - Created Permission View: can edit on DAG:example_task_group_decorator
[2025-06-20T12:58:53.433+0000] {logging_mixin.py:115} INFO - [2025-06-20T12:58:53.433+0000] {dag.py:2429} INFO - Sync 1 DAGs
[2025-06-20T12:58:53.439+0000] {logging_mixin.py:115} INFO - [2025-06-20T12:58:53.438+0000] {dag.py:2448} INFO - Creating ORM DAG for example_task_group_decorator
[2025-06-20T12:58:53.445+0000] {logging_mixin.py:115} INFO - [2025-06-20T12:58:53.445+0000] {dag.py:2981} INFO - Setting next_dagrun for example_task_group_decorator to 2025-06-19T12:58:53.445642+00:00, run_after=2025-06-20T12:58:53.445642+00:00
[2025-06-20T12:58:53.457+0000] {processor.py:161} INFO - Processing /home/airflow/.local/lib/python3.7/site-packages/airflow/example_dags/example_task_group_decorator.py took 0.163 seconds
[2025-06-20T12:59:24.004+0000] {processor.py:153} INFO - Started process (PID=120) to work on /home/airflow/.local/lib/python3.7/site-packages/airflow/example_dags/example_task_group_decorator.py
[2025-06-20T12:59:24.008+0000] {processor.py:640} INFO - Processing file /home/airflow/.local/lib/python3.7/site-packages/airflow/example_dags/example_task_group_decorator.py for tasks to queue
[2025-06-20T12:59:24.010+0000] {logging_mixin.py:115} INFO - [2025-06-20T12:59:24.010+0000] {dagbag.py:508} INFO - Filling up the DagBag from /home/airflow/.local/lib/python3.7/site-packages/airflow/example_dags/example_task_group_decorator.py
[2025-06-20T12:59:24.021+0000] {processor.py:650} INFO - DAG(s) dict_keys(['example_task_group_decorator']) retrieved from /home/airflow/.local/lib/python3.7/site-packages/airflow/example_dags/example_task_group_decorator.py
[2025-06-20T12:59:24.050+0000] {logging_mixin.py:115} INFO - [2025-06-20T12:59:24.050+0000] {dag.py:2429} INFO - Sync 1 DAGs
[2025-06-20T12:59:24.059+0000] {logging_mixin.py:115} INFO - [2025-06-20T12:59:24.059+0000] {dag.py:2981} INFO - Setting next_dagrun for example_task_group_decorator to 2025-06-19T12:59:24.059210+00:00, run_after=2025-06-20T12:59:24.059210+00:00
[2025-06-20T12:59:24.064+0000] {processor.py:161} INFO - Processing /home/airflow/.local/lib/python3.7/site-packages/airflow/example_dags/example_task_group_decorator.py took 0.061 seconds
[2025-06-20T12:59:55.059+0000] {processor.py:153} INFO - Started process (PID=181) to work on /home/airflow/.local/lib/python3.7/site-packages/airflow/example_dags/example_task_group_decorator.py
[2025-06-20T12:59:55.060+0000] {processor.py:640} INFO - Processing file /home/airflow/.local/lib/python3.7/site-packages/airflow/example_dags/example_task_group_decorator.py for tasks to queue
[2025-06-20T12:59:55.061+0000] {logging_mixin.py:115} INFO - [2025-06-20T12:59:55.061+0000] {dagbag.py:508} INFO - Filling up the DagBag from /home/airflow/.local/lib/python3.7/site-packages/airflow/example_dags/example_task_group_decorator.py
[2025-06-20T12:59:55.071+0000] {processor.py:650} INFO - DAG(s) dict_keys(['example_task_group_decorator']) retrieved from /home/airflow/.local/lib/python3.7/site-packages/airflow/example_dags/example_task_group_decorator.py
[2025-06-20T12:59:55.101+0000] {logging_mixin.py:115} INFO - [2025-06-20T12:59:55.101+0000] {dag.py:2429} INFO - Sync 1 DAGs
[2025-06-20T12:59:55.110+0000] {logging_mixin.py:115} INFO - [2025-06-20T12:59:55.110+0000] {dag.py:2981} INFO - Setting next_dagrun for example_task_group_decorator to 2025-06-19T12:59:55.110317+00:00, run_after=2025-06-20T12:59:55.110317+00:00
[2025-06-20T12:59:55.116+0000] {processor.py:161} INFO - Processing /home/airflow/.local/lib/python3.7/site-packages/airflow/example_dags/example_task_group_decorator.py took 0.058 seconds
[2025-06-20T13:03:48.129+0000] {processor.py:153} INFO - Started process (PID=59) to work on /home/airflow/.local/lib/python3.7/site-packages/airflow/example_dags/example_task_group_decorator.py
[2025-06-20T13:03:48.129+0000] {processor.py:640} INFO - Processing file /home/airflow/.local/lib/python3.7/site-packages/airflow/example_dags/example_task_group_decorator.py for tasks to queue
[2025-06-20T13:03:48.130+0000] {logging_mixin.py:115} INFO - [2025-06-20T13:03:48.130+0000] {dagbag.py:508} INFO - Filling up the DagBag from /home/airflow/.local/lib/python3.7/site-packages/airflow/example_dags/example_task_group_decorator.py
[2025-06-20T13:03:48.148+0000] {processor.py:650} INFO - DAG(s) dict_keys(['example_task_group_decorator']) retrieved from /home/airflow/.local/lib/python3.7/site-packages/airflow/example_dags/example_task_group_decorator.py
[2025-06-20T13:03:48.220+0000] {logging_mixin.py:115} INFO - [2025-06-20T13:03:48.220+0000] {manager.py:508} INFO - Created Permission View: can delete on DAG:example_task_group_decorator
[2025-06-20T13:03:48.227+0000] {logging_mixin.py:115} INFO - [2025-06-20T13:03:48.227+0000] {manager.py:508} INFO - Created Permission View: can edit on DAG:example_task_group_decorator
[2025-06-20T13:03:48.232+0000] {logging_mixin.py:115} INFO - [2025-06-20T13:03:48.232+0000] {manager.py:508} INFO - Created Permission View: can read on DAG:example_task_group_decorator
[2025-06-20T13:03:48.232+0000] {logging_mixin.py:115} INFO - [2025-06-20T13:03:48.232+0000] {dag.py:2429} INFO - Sync 1 DAGs
[2025-06-20T13:03:48.238+0000] {logging_mixin.py:115} INFO - [2025-06-20T13:03:48.237+0000] {dag.py:2448} INFO - Creating ORM DAG for example_task_group_decorator
[2025-06-20T13:03:48.245+0000] {logging_mixin.py:115} INFO - [2025-06-20T13:03:48.245+0000] {dag.py:2981} INFO - Setting next_dagrun for example_task_group_decorator to 2025-06-19T13:03:48.245513+00:00, run_after=2025-06-20T13:03:48.245513+00:00
[2025-06-20T13:03:48.253+0000] {processor.py:161} INFO - Processing /home/airflow/.local/lib/python3.7/site-packages/airflow/example_dags/example_task_group_decorator.py took 0.126 seconds
[2025-06-20T13:04:18.768+0000] {processor.py:153} INFO - Started process (PID=120) to work on /home/airflow/.local/lib/python3.7/site-packages/airflow/example_dags/example_task_group_decorator.py
[2025-06-20T13:04:18.769+0000] {processor.py:640} INFO - Processing file /home/airflow/.local/lib/python3.7/site-packages/airflow/example_dags/example_task_group_decorator.py for tasks to queue
[2025-06-20T13:04:18.770+0000] {logging_mixin.py:115} INFO - [2025-06-20T13:04:18.770+0000] {dagbag.py:508} INFO - Filling up the DagBag from /home/airflow/.local/lib/python3.7/site-packages/airflow/example_dags/example_task_group_decorator.py
[2025-06-20T13:04:18.780+0000] {processor.py:650} INFO - DAG(s) dict_keys(['example_task_group_decorator']) retrieved from /home/airflow/.local/lib/python3.7/site-packages/airflow/example_dags/example_task_group_decorator.py
[2025-06-20T13:04:18.810+0000] {logging_mixin.py:115} INFO - [2025-06-20T13:04:18.809+0000] {dag.py:2429} INFO - Sync 1 DAGs
[2025-06-20T13:04:18.819+0000] {logging_mixin.py:115} INFO - [2025-06-20T13:04:18.819+0000] {dag.py:2981} INFO - Setting next_dagrun for example_task_group_decorator to 2025-06-19T13:04:18.818976+00:00, run_after=2025-06-20T13:04:18.818976+00:00
[2025-06-20T13:04:18.827+0000] {processor.py:161} INFO - Processing /home/airflow/.local/lib/python3.7/site-packages/airflow/example_dags/example_task_group_decorator.py took 0.061 seconds
[2025-06-20T13:04:48.978+0000] {processor.py:153} INFO - Started process (PID=181) to work on /home/airflow/.local/lib/python3.7/site-packages/airflow/example_dags/example_task_group_decorator.py
[2025-06-20T13:04:48.978+0000] {processor.py:640} INFO - Processing file /home/airflow/.local/lib/python3.7/site-packages/airflow/example_dags/example_task_group_decorator.py for tasks to queue
[2025-06-20T13:04:48.979+0000] {logging_mixin.py:115} INFO - [2025-06-20T13:04:48.979+0000] {dagbag.py:508} INFO - Filling up the DagBag from /home/airflow/.local/lib/python3.7/site-packages/airflow/example_dags/example_task_group_decorator.py
[2025-06-20T13:04:48.991+0000] {processor.py:650} INFO - DAG(s) dict_keys(['example_task_group_decorator']) retrieved from /home/airflow/.local/lib/python3.7/site-packages/airflow/example_dags/example_task_group_decorator.py
[2025-06-20T13:04:49.027+0000] {logging_mixin.py:115} INFO - [2025-06-20T13:04:49.027+0000] {dag.py:2429} INFO - Sync 1 DAGs
[2025-06-20T13:04:49.036+0000] {logging_mixin.py:115} INFO - [2025-06-20T13:04:49.036+0000] {dag.py:2981} INFO - Setting next_dagrun for example_task_group_decorator to 2025-06-19T13:04:49.036728+00:00, run_after=2025-06-20T13:04:49.036728+00:00
[2025-06-20T13:04:49.046+0000] {processor.py:161} INFO - Processing /home/airflow/.local/lib/python3.7/site-packages/airflow/example_dags/example_task_group_decorator.py took 0.069 seconds
[2025-06-20T13:05:19.208+0000] {processor.py:153} INFO - Started process (PID=241) to work on /home/airflow/.local/lib/python3.7/site-packages/airflow/example_dags/example_task_group_decorator.py
[2025-06-20T13:05:19.209+0000] {processor.py:640} INFO - Processing file /home/airflow/.local/lib/python3.7/site-packages/airflow/example_dags/example_task_group_decorator.py for tasks to queue
[2025-06-20T13:05:19.209+0000] {logging_mixin.py:115} INFO - [2025-06-20T13:05:19.209+0000] {dagbag.py:508} INFO - Filling up the DagBag from /home/airflow/.local/lib/python3.7/site-packages/airflow/example_dags/example_task_group_decorator.py
[2025-06-20T13:05:19.220+0000] {processor.py:650} INFO - DAG(s) dict_keys(['example_task_group_decorator']) retrieved from /home/airflow/.local/lib/python3.7/site-packages/airflow/example_dags/example_task_group_decorator.py
[2025-06-20T13:05:19.249+0000] {logging_mixin.py:115} INFO - [2025-06-20T13:05:19.249+0000] {dag.py:2429} INFO - Sync 1 DAGs
[2025-06-20T13:05:19.258+0000] {logging_mixin.py:115} INFO - [2025-06-20T13:05:19.258+0000] {dag.py:2981} INFO - Setting next_dagrun for example_task_group_decorator to 2025-06-19T13:05:19.258125+00:00, run_after=2025-06-20T13:05:19.258125+00:00
[2025-06-20T13:05:19.267+0000] {processor.py:161} INFO - Processing /home/airflow/.local/lib/python3.7/site-packages/airflow/example_dags/example_task_group_decorator.py took 0.060 seconds
[2025-06-20T13:05:49.377+0000] {processor.py:153} INFO - Started process (PID=302) to work on /home/airflow/.local/lib/python3.7/site-packages/airflow/example_dags/example_task_group_decorator.py
[2025-06-20T13:05:49.380+0000] {processor.py:640} INFO - Processing file /home/airflow/.local/lib/python3.7/site-packages/airflow/example_dags/example_task_group_decorator.py for tasks to queue
[2025-06-20T13:05:49.381+0000] {logging_mixin.py:115} INFO - [2025-06-20T13:05:49.381+0000] {dagbag.py:508} INFO - Filling up the DagBag from /home/airflow/.local/lib/python3.7/site-packages/airflow/example_dags/example_task_group_decorator.py
[2025-06-20T13:05:49.391+0000] {processor.py:650} INFO - DAG(s) dict_keys(['example_task_group_decorator']) retrieved from /home/airflow/.local/lib/python3.7/site-packages/airflow/example_dags/example_task_group_decorator.py
[2025-06-20T13:05:49.426+0000] {logging_mixin.py:115} INFO - [2025-06-20T13:05:49.426+0000] {dag.py:2429} INFO - Sync 1 DAGs
[2025-06-20T13:05:49.435+0000] {logging_mixin.py:115} INFO - [2025-06-20T13:05:49.435+0000] {dag.py:2981} INFO - Setting next_dagrun for example_task_group_decorator to 2025-06-19T13:05:49.435367+00:00, run_after=2025-06-20T13:05:49.435367+00:00
[2025-06-20T13:05:49.442+0000] {processor.py:161} INFO - Processing /home/airflow/.local/lib/python3.7/site-packages/airflow/example_dags/example_task_group_decorator.py took 0.067 seconds
[2025-06-20T13:06:19.719+0000] {processor.py:153} INFO - Started process (PID=354) to work on /home/airflow/.local/lib/python3.7/site-packages/airflow/example_dags/example_task_group_decorator.py
[2025-06-20T13:06:19.720+0000] {processor.py:640} INFO - Processing file /home/airflow/.local/lib/python3.7/site-packages/airflow/example_dags/example_task_group_decorator.py for tasks to queue
[2025-06-20T13:06:19.720+0000] {logging_mixin.py:115} INFO - [2025-06-20T13:06:19.720+0000] {dagbag.py:508} INFO - Filling up the DagBag from /home/airflow/.local/lib/python3.7/site-packages/airflow/example_dags/example_task_group_decorator.py
[2025-06-20T13:06:19.735+0000] {processor.py:650} INFO - DAG(s) dict_keys(['example_task_group_decorator']) retrieved from /home/airflow/.local/lib/python3.7/site-packages/airflow/example_dags/example_task_group_decorator.py
[2025-06-20T13:06:19.767+0000] {logging_mixin.py:115} INFO - [2025-06-20T13:06:19.767+0000] {dag.py:2429} INFO - Sync 1 DAGs
[2025-06-20T13:06:19.778+0000] {logging_mixin.py:115} INFO - [2025-06-20T13:06:19.778+0000] {dag.py:2981} INFO - Setting next_dagrun for example_task_group_decorator to 2025-06-19T13:06:19.778251+00:00, run_after=2025-06-20T13:06:19.778251+00:00
[2025-06-20T13:06:19.784+0000] {processor.py:161} INFO - Processing /home/airflow/.local/lib/python3.7/site-packages/airflow/example_dags/example_task_group_decorator.py took 0.066 seconds
[2025-06-20T13:06:49.954+0000] {processor.py:153} INFO - Started process (PID=414) to work on /home/airflow/.local/lib/python3.7/site-packages/airflow/example_dags/example_task_group_decorator.py
[2025-06-20T13:06:49.954+0000] {processor.py:640} INFO - Processing file /home/airflow/.local/lib/python3.7/site-packages/airflow/example_dags/example_task_group_decorator.py for tasks to queue
[2025-06-20T13:06:49.955+0000] {logging_mixin.py:115} INFO - [2025-06-20T13:06:49.955+0000] {dagbag.py:508} INFO - Filling up the DagBag from /home/airflow/.local/lib/python3.7/site-packages/airflow/example_dags/example_task_group_decorator.py
[2025-06-20T13:06:49.966+0000] {processor.py:650} INFO - DAG(s) dict_keys(['example_task_group_decorator']) retrieved from /home/airflow/.local/lib/python3.7/site-packages/airflow/example_dags/example_task_group_decorator.py
[2025-06-20T13:06:50.001+0000] {logging_mixin.py:115} INFO - [2025-06-20T13:06:50.001+0000] {dag.py:2429} INFO - Sync 1 DAGs
[2025-06-20T13:06:50.010+0000] {logging_mixin.py:115} INFO - [2025-06-20T13:06:50.010+0000] {dag.py:2981} INFO - Setting next_dagrun for example_task_group_decorator to 2025-06-19T13:06:50.010001+00:00, run_after=2025-06-20T13:06:50.010001+00:00
[2025-06-20T13:06:50.017+0000] {processor.py:161} INFO - Processing /home/airflow/.local/lib/python3.7/site-packages/airflow/example_dags/example_task_group_decorator.py took 0.065 seconds
[2025-06-20T13:07:20.055+0000] {processor.py:153} INFO - Started process (PID=476) to work on /home/airflow/.local/lib/python3.7/site-packages/airflow/example_dags/example_task_group_decorator.py
[2025-06-20T13:07:20.056+0000] {processor.py:640} INFO - Processing file /home/airflow/.local/lib/python3.7/site-packages/airflow/example_dags/example_task_group_decorator.py for tasks to queue
[2025-06-20T13:07:20.057+0000] {logging_mixin.py:115} INFO - [2025-06-20T13:07:20.057+0000] {dagbag.py:508} INFO - Filling up the DagBag from /home/airflow/.local/lib/python3.7/site-packages/airflow/example_dags/example_task_group_decorator.py
[2025-06-20T13:07:20.068+0000] {processor.py:650} INFO - DAG(s) dict_keys(['example_task_group_decorator']) retrieved from /home/airflow/.local/lib/python3.7/site-packages/airflow/example_dags/example_task_group_decorator.py
[2025-06-20T13:07:20.097+0000] {logging_mixin.py:115} INFO - [2025-06-20T13:07:20.097+0000] {dag.py:2429} INFO - Sync 1 DAGs
[2025-06-20T13:07:20.108+0000] {logging_mixin.py:115} INFO - [2025-06-20T13:07:20.108+0000] {dag.py:2981} INFO - Setting next_dagrun for example_task_group_decorator to 2025-06-19T13:07:20.108174+00:00, run_after=2025-06-20T13:07:20.108174+00:00
[2025-06-20T13:07:20.118+0000] {processor.py:161} INFO - Processing /home/airflow/.local/lib/python3.7/site-packages/airflow/example_dags/example_task_group_decorator.py took 0.065 seconds
[2025-06-20T13:07:50.160+0000] {processor.py:153} INFO - Started process (PID=538) to work on /home/airflow/.local/lib/python3.7/site-packages/airflow/example_dags/example_task_group_decorator.py
[2025-06-20T13:07:50.160+0000] {processor.py:640} INFO - Processing file /home/airflow/.local/lib/python3.7/site-packages/airflow/example_dags/example_task_group_decorator.py for tasks to queue
[2025-06-20T13:07:50.160+0000] {logging_mixin.py:115} INFO - [2025-06-20T13:07:50.160+0000] {dagbag.py:508} INFO - Filling up the DagBag from /home/airflow/.local/lib/python3.7/site-packages/airflow/example_dags/example_task_group_decorator.py
[2025-06-20T13:07:50.173+0000] {processor.py:650} INFO - DAG(s) dict_keys(['example_task_group_decorator']) retrieved from /home/airflow/.local/lib/python3.7/site-packages/airflow/example_dags/example_task_group_decorator.py
[2025-06-20T13:07:50.189+0000] {logging_mixin.py:115} INFO - [2025-06-20T13:07:50.188+0000] {dag.py:2429} INFO - Sync 1 DAGs
[2025-06-20T13:07:50.197+0000] {logging_mixin.py:115} INFO - [2025-06-20T13:07:50.197+0000] {dag.py:2981} INFO - Setting next_dagrun for example_task_group_decorator to 2025-06-19T13:07:50.197635+00:00, run_after=2025-06-20T13:07:50.197635+00:00
[2025-06-20T13:07:50.203+0000] {processor.py:161} INFO - Processing /home/airflow/.local/lib/python3.7/site-packages/airflow/example_dags/example_task_group_decorator.py took 0.045 seconds
[2025-06-20T13:08:20.238+0000] {processor.py:153} INFO - Started process (PID=598) to work on /home/airflow/.local/lib/python3.7/site-packages/airflow/example_dags/example_task_group_decorator.py
[2025-06-20T13:08:20.239+0000] {processor.py:640} INFO - Processing file /home/airflow/.local/lib/python3.7/site-packages/airflow/example_dags/example_task_group_decorator.py for tasks to queue
[2025-06-20T13:08:20.239+0000] {logging_mixin.py:115} INFO - [2025-06-20T13:08:20.239+0000] {dagbag.py:508} INFO - Filling up the DagBag from /home/airflow/.local/lib/python3.7/site-packages/airflow/example_dags/example_task_group_decorator.py
[2025-06-20T13:08:20.250+0000] {processor.py:650} INFO - DAG(s) dict_keys(['example_task_group_decorator']) retrieved from /home/airflow/.local/lib/python3.7/site-packages/airflow/example_dags/example_task_group_decorator.py
[2025-06-20T13:08:20.288+0000] {logging_mixin.py:115} INFO - [2025-06-20T13:08:20.288+0000] {dag.py:2429} INFO - Sync 1 DAGs
[2025-06-20T13:08:20.303+0000] {logging_mixin.py:115} INFO - [2025-06-20T13:08:20.302+0000] {dag.py:2981} INFO - Setting next_dagrun for example_task_group_decorator to 2025-06-19T13:08:20.302836+00:00, run_after=2025-06-20T13:08:20.302836+00:00
[2025-06-20T13:08:20.315+0000] {processor.py:161} INFO - Processing /home/airflow/.local/lib/python3.7/site-packages/airflow/example_dags/example_task_group_decorator.py took 0.078 seconds
[2025-06-20T13:08:50.401+0000] {processor.py:153} INFO - Started process (PID=650) to work on /home/airflow/.local/lib/python3.7/site-packages/airflow/example_dags/example_task_group_decorator.py
[2025-06-20T13:08:50.402+0000] {processor.py:640} INFO - Processing file /home/airflow/.local/lib/python3.7/site-packages/airflow/example_dags/example_task_group_decorator.py for tasks to queue
[2025-06-20T13:08:50.402+0000] {logging_mixin.py:115} INFO - [2025-06-20T13:08:50.402+0000] {dagbag.py:508} INFO - Filling up the DagBag from /home/airflow/.local/lib/python3.7/site-packages/airflow/example_dags/example_task_group_decorator.py
[2025-06-20T13:08:50.414+0000] {processor.py:650} INFO - DAG(s) dict_keys(['example_task_group_decorator']) retrieved from /home/airflow/.local/lib/python3.7/site-packages/airflow/example_dags/example_task_group_decorator.py
[2025-06-20T13:08:50.443+0000] {logging_mixin.py:115} INFO - [2025-06-20T13:08:50.443+0000] {dag.py:2429} INFO - Sync 1 DAGs
[2025-06-20T13:08:50.452+0000] {logging_mixin.py:115} INFO - [2025-06-20T13:08:50.452+0000] {dag.py:2981} INFO - Setting next_dagrun for example_task_group_decorator to 2025-06-19T13:08:50.451955+00:00, run_after=2025-06-20T13:08:50.451955+00:00
[2025-06-20T13:08:50.457+0000] {processor.py:161} INFO - Processing /home/airflow/.local/lib/python3.7/site-packages/airflow/example_dags/example_task_group_decorator.py took 0.058 seconds
[2025-06-20T13:09:21.403+0000] {processor.py:153} INFO - Started process (PID=711) to work on /home/airflow/.local/lib/python3.7/site-packages/airflow/example_dags/example_task_group_decorator.py
[2025-06-20T13:09:21.405+0000] {processor.py:640} INFO - Processing file /home/airflow/.local/lib/python3.7/site-packages/airflow/example_dags/example_task_group_decorator.py for tasks to queue
[2025-06-20T13:09:21.405+0000] {logging_mixin.py:115} INFO - [2025-06-20T13:09:21.405+0000] {dagbag.py:508} INFO - Filling up the DagBag from /home/airflow/.local/lib/python3.7/site-packages/airflow/example_dags/example_task_group_decorator.py
[2025-06-20T13:09:21.424+0000] {processor.py:650} INFO - DAG(s) dict_keys(['example_task_group_decorator']) retrieved from /home/airflow/.local/lib/python3.7/site-packages/airflow/example_dags/example_task_group_decorator.py
[2025-06-20T13:09:21.461+0000] {logging_mixin.py:115} INFO - [2025-06-20T13:09:21.461+0000] {dag.py:2429} INFO - Sync 1 DAGs
[2025-06-20T13:09:21.478+0000] {logging_mixin.py:115} INFO - [2025-06-20T13:09:21.478+0000] {dag.py:2981} INFO - Setting next_dagrun for example_task_group_decorator to 2025-06-19T13:09:21.478375+00:00, run_after=2025-06-20T13:09:21.478375+00:00
[2025-06-20T13:09:21.487+0000] {processor.py:161} INFO - Processing /home/airflow/.local/lib/python3.7/site-packages/airflow/example_dags/example_task_group_decorator.py took 0.086 seconds
[2025-06-20T13:09:51.513+0000] {processor.py:153} INFO - Started process (PID=771) to work on /home/airflow/.local/lib/python3.7/site-packages/airflow/example_dags/example_task_group_decorator.py
[2025-06-20T13:09:51.514+0000] {processor.py:640} INFO - Processing file /home/airflow/.local/lib/python3.7/site-packages/airflow/example_dags/example_task_group_decorator.py for tasks to queue
[2025-06-20T13:09:51.515+0000] {logging_mixin.py:115} INFO - [2025-06-20T13:09:51.515+0000] {dagbag.py:508} INFO - Filling up the DagBag from /home/airflow/.local/lib/python3.7/site-packages/airflow/example_dags/example_task_group_decorator.py
[2025-06-20T13:09:51.534+0000] {processor.py:650} INFO - DAG(s) dict_keys(['example_task_group_decorator']) retrieved from /home/airflow/.local/lib/python3.7/site-packages/airflow/example_dags/example_task_group_decorator.py
[2025-06-20T13:09:51.567+0000] {logging_mixin.py:115} INFO - [2025-06-20T13:09:51.567+0000] {dag.py:2429} INFO - Sync 1 DAGs
[2025-06-20T13:09:51.575+0000] {logging_mixin.py:115} INFO - [2025-06-20T13:09:51.575+0000] {dag.py:2981} INFO - Setting next_dagrun for example_task_group_decorator to 2025-06-19T13:09:51.575721+00:00, run_after=2025-06-20T13:09:51.575721+00:00
[2025-06-20T13:09:51.581+0000] {processor.py:161} INFO - Processing /home/airflow/.local/lib/python3.7/site-packages/airflow/example_dags/example_task_group_decorator.py took 0.071 seconds
[2025-06-20T13:10:21.648+0000] {processor.py:153} INFO - Started process (PID=832) to work on /home/airflow/.local/lib/python3.7/site-packages/airflow/example_dags/example_task_group_decorator.py
[2025-06-20T13:10:21.650+0000] {processor.py:640} INFO - Processing file /home/airflow/.local/lib/python3.7/site-packages/airflow/example_dags/example_task_group_decorator.py for tasks to queue
[2025-06-20T13:10:21.651+0000] {logging_mixin.py:115} INFO - [2025-06-20T13:10:21.651+0000] {dagbag.py:508} INFO - Filling up the DagBag from /home/airflow/.local/lib/python3.7/site-packages/airflow/example_dags/example_task_group_decorator.py
[2025-06-20T13:10:21.670+0000] {processor.py:650} INFO - DAG(s) dict_keys(['example_task_group_decorator']) retrieved from /home/airflow/.local/lib/python3.7/site-packages/airflow/example_dags/example_task_group_decorator.py
[2025-06-20T13:10:21.684+0000] {logging_mixin.py:115} INFO - [2025-06-20T13:10:21.684+0000] {dag.py:2429} INFO - Sync 1 DAGs
[2025-06-20T13:10:21.696+0000] {logging_mixin.py:115} INFO - [2025-06-20T13:10:21.696+0000] {dag.py:2981} INFO - Setting next_dagrun for example_task_group_decorator to 2025-06-19T13:10:21.696052+00:00, run_after=2025-06-20T13:10:21.696052+00:00
[2025-06-20T13:10:21.702+0000] {processor.py:161} INFO - Processing /home/airflow/.local/lib/python3.7/site-packages/airflow/example_dags/example_task_group_decorator.py took 0.058 seconds
[2025-06-20T13:10:51.785+0000] {processor.py:153} INFO - Started process (PID=893) to work on /home/airflow/.local/lib/python3.7/site-packages/airflow/example_dags/example_task_group_decorator.py
[2025-06-20T13:10:51.787+0000] {processor.py:640} INFO - Processing file /home/airflow/.local/lib/python3.7/site-packages/airflow/example_dags/example_task_group_decorator.py for tasks to queue
[2025-06-20T13:10:51.788+0000] {logging_mixin.py:115} INFO - [2025-06-20T13:10:51.788+0000] {dagbag.py:508} INFO - Filling up the DagBag from /home/airflow/.local/lib/python3.7/site-packages/airflow/example_dags/example_task_group_decorator.py
[2025-06-20T13:10:51.807+0000] {processor.py:650} INFO - DAG(s) dict_keys(['example_task_group_decorator']) retrieved from /home/airflow/.local/lib/python3.7/site-packages/airflow/example_dags/example_task_group_decorator.py
[2025-06-20T13:10:51.841+0000] {logging_mixin.py:115} INFO - [2025-06-20T13:10:51.841+0000] {dag.py:2429} INFO - Sync 1 DAGs
[2025-06-20T13:10:51.849+0000] {logging_mixin.py:115} INFO - [2025-06-20T13:10:51.849+0000] {dag.py:2981} INFO - Setting next_dagrun for example_task_group_decorator to 2025-06-19T13:10:51.849358+00:00, run_after=2025-06-20T13:10:51.849358+00:00
[2025-06-20T13:10:51.854+0000] {processor.py:161} INFO - Processing /home/airflow/.local/lib/python3.7/site-packages/airflow/example_dags/example_task_group_decorator.py took 0.073 seconds
[2025-06-20T13:11:21.986+0000] {processor.py:153} INFO - Started process (PID=955) to work on /home/airflow/.local/lib/python3.7/site-packages/airflow/example_dags/example_task_group_decorator.py
[2025-06-20T13:11:21.987+0000] {processor.py:640} INFO - Processing file /home/airflow/.local/lib/python3.7/site-packages/airflow/example_dags/example_task_group_decorator.py for tasks to queue
[2025-06-20T13:11:21.987+0000] {logging_mixin.py:115} INFO - [2025-06-20T13:11:21.987+0000] {dagbag.py:508} INFO - Filling up the DagBag from /home/airflow/.local/lib/python3.7/site-packages/airflow/example_dags/example_task_group_decorator.py
[2025-06-20T13:11:22.001+0000] {processor.py:650} INFO - DAG(s) dict_keys(['example_task_group_decorator']) retrieved from /home/airflow/.local/lib/python3.7/site-packages/airflow/example_dags/example_task_group_decorator.py
[2025-06-20T13:11:22.031+0000] {logging_mixin.py:115} INFO - [2025-06-20T13:11:22.031+0000] {dag.py:2429} INFO - Sync 1 DAGs
[2025-06-20T13:11:22.039+0000] {logging_mixin.py:115} INFO - [2025-06-20T13:11:22.039+0000] {dag.py:2981} INFO - Setting next_dagrun for example_task_group_decorator to 2025-06-19T13:11:22.039655+00:00, run_after=2025-06-20T13:11:22.039655+00:00
[2025-06-20T13:11:22.045+0000] {processor.py:161} INFO - Processing /home/airflow/.local/lib/python3.7/site-packages/airflow/example_dags/example_task_group_decorator.py took 0.061 seconds
[2025-06-20T13:11:52.125+0000] {processor.py:153} INFO - Started process (PID=1007) to work on /home/airflow/.local/lib/python3.7/site-packages/airflow/example_dags/example_task_group_decorator.py
[2025-06-20T13:11:52.127+0000] {processor.py:640} INFO - Processing file /home/airflow/.local/lib/python3.7/site-packages/airflow/example_dags/example_task_group_decorator.py for tasks to queue
[2025-06-20T13:11:52.128+0000] {logging_mixin.py:115} INFO - [2025-06-20T13:11:52.127+0000] {dagbag.py:508} INFO - Filling up the DagBag from /home/airflow/.local/lib/python3.7/site-packages/airflow/example_dags/example_task_group_decorator.py
[2025-06-20T13:11:52.145+0000] {processor.py:650} INFO - DAG(s) dict_keys(['example_task_group_decorator']) retrieved from /home/airflow/.local/lib/python3.7/site-packages/airflow/example_dags/example_task_group_decorator.py
[2025-06-20T13:11:52.161+0000] {logging_mixin.py:115} INFO - [2025-06-20T13:11:52.161+0000] {dag.py:2429} INFO - Sync 1 DAGs
[2025-06-20T13:11:52.183+0000] {logging_mixin.py:115} INFO - [2025-06-20T13:11:52.183+0000] {dag.py:2981} INFO - Setting next_dagrun for example_task_group_decorator to 2025-06-19T13:11:52.183230+00:00, run_after=2025-06-20T13:11:52.183230+00:00
[2025-06-20T13:11:52.190+0000] {processor.py:161} INFO - Processing /home/airflow/.local/lib/python3.7/site-packages/airflow/example_dags/example_task_group_decorator.py took 0.068 seconds
[2025-06-20T13:12:22.218+0000] {processor.py:153} INFO - Started process (PID=1067) to work on /home/airflow/.local/lib/python3.7/site-packages/airflow/example_dags/example_task_group_decorator.py
[2025-06-20T13:12:22.220+0000] {processor.py:640} INFO - Processing file /home/airflow/.local/lib/python3.7/site-packages/airflow/example_dags/example_task_group_decorator.py for tasks to queue
[2025-06-20T13:12:22.221+0000] {logging_mixin.py:115} INFO - [2025-06-20T13:12:22.220+0000] {dagbag.py:508} INFO - Filling up the DagBag from /home/airflow/.local/lib/python3.7/site-packages/airflow/example_dags/example_task_group_decorator.py
[2025-06-20T13:12:22.242+0000] {processor.py:650} INFO - DAG(s) dict_keys(['example_task_group_decorator']) retrieved from /home/airflow/.local/lib/python3.7/site-packages/airflow/example_dags/example_task_group_decorator.py
[2025-06-20T13:12:22.280+0000] {logging_mixin.py:115} INFO - [2025-06-20T13:12:22.280+0000] {dag.py:2429} INFO - Sync 1 DAGs
[2025-06-20T13:12:22.289+0000] {logging_mixin.py:115} INFO - [2025-06-20T13:12:22.289+0000] {dag.py:2981} INFO - Setting next_dagrun for example_task_group_decorator to 2025-06-19T13:12:22.289019+00:00, run_after=2025-06-20T13:12:22.289019+00:00
[2025-06-20T13:12:22.294+0000] {processor.py:161} INFO - Processing /home/airflow/.local/lib/python3.7/site-packages/airflow/example_dags/example_task_group_decorator.py took 0.080 seconds
[2025-06-20T13:12:52.342+0000] {processor.py:153} INFO - Started process (PID=1128) to work on /home/airflow/.local/lib/python3.7/site-packages/airflow/example_dags/example_task_group_decorator.py
[2025-06-20T13:12:52.344+0000] {processor.py:640} INFO - Processing file /home/airflow/.local/lib/python3.7/site-packages/airflow/example_dags/example_task_group_decorator.py for tasks to queue
[2025-06-20T13:12:52.345+0000] {logging_mixin.py:115} INFO - [2025-06-20T13:12:52.345+0000] {dagbag.py:508} INFO - Filling up the DagBag from /home/airflow/.local/lib/python3.7/site-packages/airflow/example_dags/example_task_group_decorator.py
[2025-06-20T13:12:52.366+0000] {processor.py:650} INFO - DAG(s) dict_keys(['example_task_group_decorator']) retrieved from /home/airflow/.local/lib/python3.7/site-packages/airflow/example_dags/example_task_group_decorator.py
[2025-06-20T13:12:52.403+0000] {logging_mixin.py:115} INFO - [2025-06-20T13:12:52.403+0000] {dag.py:2429} INFO - Sync 1 DAGs
[2025-06-20T13:12:52.412+0000] {logging_mixin.py:115} INFO - [2025-06-20T13:12:52.411+0000] {dag.py:2981} INFO - Setting next_dagrun for example_task_group_decorator to 2025-06-19T13:12:52.411885+00:00, run_after=2025-06-20T13:12:52.411885+00:00
[2025-06-20T13:12:52.416+0000] {processor.py:161} INFO - Processing /home/airflow/.local/lib/python3.7/site-packages/airflow/example_dags/example_task_group_decorator.py took 0.079 seconds
[2025-06-20T13:13:22.468+0000] {processor.py:153} INFO - Started process (PID=1189) to work on /home/airflow/.local/lib/python3.7/site-packages/airflow/example_dags/example_task_group_decorator.py
[2025-06-20T13:13:22.470+0000] {processor.py:640} INFO - Processing file /home/airflow/.local/lib/python3.7/site-packages/airflow/example_dags/example_task_group_decorator.py for tasks to queue
[2025-06-20T13:13:22.470+0000] {logging_mixin.py:115} INFO - [2025-06-20T13:13:22.470+0000] {dagbag.py:508} INFO - Filling up the DagBag from /home/airflow/.local/lib/python3.7/site-packages/airflow/example_dags/example_task_group_decorator.py
[2025-06-20T13:13:22.489+0000] {processor.py:650} INFO - DAG(s) dict_keys(['example_task_group_decorator']) retrieved from /home/airflow/.local/lib/python3.7/site-packages/airflow/example_dags/example_task_group_decorator.py
[2025-06-20T13:13:22.529+0000] {logging_mixin.py:115} INFO - [2025-06-20T13:13:22.529+0000] {dag.py:2429} INFO - Sync 1 DAGs
[2025-06-20T13:13:22.538+0000] {logging_mixin.py:115} INFO - [2025-06-20T13:13:22.538+0000] {dag.py:2981} INFO - Setting next_dagrun for example_task_group_decorator to 2025-06-19T13:13:22.538183+00:00, run_after=2025-06-20T13:13:22.538183+00:00
[2025-06-20T13:13:22.547+0000] {processor.py:161} INFO - Processing /home/airflow/.local/lib/python3.7/site-packages/airflow/example_dags/example_task_group_decorator.py took 0.083 seconds
[2025-06-20T13:13:52.784+0000] {processor.py:153} INFO - Started process (PID=1251) to work on /home/airflow/.local/lib/python3.7/site-packages/airflow/example_dags/example_task_group_decorator.py
[2025-06-20T13:13:52.785+0000] {processor.py:640} INFO - Processing file /home/airflow/.local/lib/python3.7/site-packages/airflow/example_dags/example_task_group_decorator.py for tasks to queue
[2025-06-20T13:13:52.785+0000] {logging_mixin.py:115} INFO - [2025-06-20T13:13:52.785+0000] {dagbag.py:508} INFO - Filling up the DagBag from /home/airflow/.local/lib/python3.7/site-packages/airflow/example_dags/example_task_group_decorator.py
[2025-06-20T13:13:52.809+0000] {processor.py:650} INFO - DAG(s) dict_keys(['example_task_group_decorator']) retrieved from /home/airflow/.local/lib/python3.7/site-packages/airflow/example_dags/example_task_group_decorator.py
[2025-06-20T13:13:52.849+0000] {logging_mixin.py:115} INFO - [2025-06-20T13:13:52.849+0000] {dag.py:2429} INFO - Sync 1 DAGs
[2025-06-20T13:13:52.860+0000] {logging_mixin.py:115} INFO - [2025-06-20T13:13:52.860+0000] {dag.py:2981} INFO - Setting next_dagrun for example_task_group_decorator to 2025-06-19T13:13:52.860422+00:00, run_after=2025-06-20T13:13:52.860422+00:00
[2025-06-20T13:13:52.867+0000] {processor.py:161} INFO - Processing /home/airflow/.local/lib/python3.7/site-packages/airflow/example_dags/example_task_group_decorator.py took 0.087 seconds
[2025-06-20T13:14:22.892+0000] {processor.py:153} INFO - Started process (PID=1302) to work on /home/airflow/.local/lib/python3.7/site-packages/airflow/example_dags/example_task_group_decorator.py
[2025-06-20T13:14:22.893+0000] {processor.py:640} INFO - Processing file /home/airflow/.local/lib/python3.7/site-packages/airflow/example_dags/example_task_group_decorator.py for tasks to queue
[2025-06-20T13:14:22.894+0000] {logging_mixin.py:115} INFO - [2025-06-20T13:14:22.894+0000] {dagbag.py:508} INFO - Filling up the DagBag from /home/airflow/.local/lib/python3.7/site-packages/airflow/example_dags/example_task_group_decorator.py
[2025-06-20T13:14:22.908+0000] {processor.py:650} INFO - DAG(s) dict_keys(['example_task_group_decorator']) retrieved from /home/airflow/.local/lib/python3.7/site-packages/airflow/example_dags/example_task_group_decorator.py
[2025-06-20T13:14:22.946+0000] {logging_mixin.py:115} INFO - [2025-06-20T13:14:22.946+0000] {dag.py:2429} INFO - Sync 1 DAGs
[2025-06-20T13:14:22.954+0000] {logging_mixin.py:115} INFO - [2025-06-20T13:14:22.954+0000] {dag.py:2981} INFO - Setting next_dagrun for example_task_group_decorator to 2025-06-19T13:14:22.954748+00:00, run_after=2025-06-20T13:14:22.954748+00:00
[2025-06-20T13:14:22.960+0000] {processor.py:161} INFO - Processing /home/airflow/.local/lib/python3.7/site-packages/airflow/example_dags/example_task_group_decorator.py took 0.071 seconds
[2025-06-20T13:14:53.054+0000] {processor.py:153} INFO - Started process (PID=1363) to work on /home/airflow/.local/lib/python3.7/site-packages/airflow/example_dags/example_task_group_decorator.py
[2025-06-20T13:14:53.056+0000] {processor.py:640} INFO - Processing file /home/airflow/.local/lib/python3.7/site-packages/airflow/example_dags/example_task_group_decorator.py for tasks to queue
[2025-06-20T13:14:53.056+0000] {logging_mixin.py:115} INFO - [2025-06-20T13:14:53.056+0000] {dagbag.py:508} INFO - Filling up the DagBag from /home/airflow/.local/lib/python3.7/site-packages/airflow/example_dags/example_task_group_decorator.py
[2025-06-20T13:14:53.074+0000] {processor.py:650} INFO - DAG(s) dict_keys(['example_task_group_decorator']) retrieved from /home/airflow/.local/lib/python3.7/site-packages/airflow/example_dags/example_task_group_decorator.py
[2025-06-20T13:14:53.108+0000] {logging_mixin.py:115} INFO - [2025-06-20T13:14:53.108+0000] {dag.py:2429} INFO - Sync 1 DAGs
[2025-06-20T13:14:53.117+0000] {logging_mixin.py:115} INFO - [2025-06-20T13:14:53.117+0000] {dag.py:2981} INFO - Setting next_dagrun for example_task_group_decorator to 2025-06-19T13:14:53.117546+00:00, run_after=2025-06-20T13:14:53.117546+00:00
[2025-06-20T13:14:53.122+0000] {processor.py:161} INFO - Processing /home/airflow/.local/lib/python3.7/site-packages/airflow/example_dags/example_task_group_decorator.py took 0.072 seconds
[2025-06-20T13:15:23.143+0000] {processor.py:153} INFO - Started process (PID=1424) to work on /home/airflow/.local/lib/python3.7/site-packages/airflow/example_dags/example_task_group_decorator.py
[2025-06-20T13:15:23.145+0000] {processor.py:640} INFO - Processing file /home/airflow/.local/lib/python3.7/site-packages/airflow/example_dags/example_task_group_decorator.py for tasks to queue
[2025-06-20T13:15:23.145+0000] {logging_mixin.py:115} INFO - [2025-06-20T13:15:23.145+0000] {dagbag.py:508} INFO - Filling up the DagBag from /home/airflow/.local/lib/python3.7/site-packages/airflow/example_dags/example_task_group_decorator.py
[2025-06-20T13:15:23.167+0000] {processor.py:650} INFO - DAG(s) dict_keys(['example_task_group_decorator']) retrieved from /home/airflow/.local/lib/python3.7/site-packages/airflow/example_dags/example_task_group_decorator.py
[2025-06-20T13:15:23.209+0000] {logging_mixin.py:115} INFO - [2025-06-20T13:15:23.208+0000] {dag.py:2429} INFO - Sync 1 DAGs
[2025-06-20T13:15:23.217+0000] {logging_mixin.py:115} INFO - [2025-06-20T13:15:23.217+0000] {dag.py:2981} INFO - Setting next_dagrun for example_task_group_decorator to 2025-06-19T13:15:23.217574+00:00, run_after=2025-06-20T13:15:23.217574+00:00
[2025-06-20T13:15:23.223+0000] {processor.py:161} INFO - Processing /home/airflow/.local/lib/python3.7/site-packages/airflow/example_dags/example_task_group_decorator.py took 0.084 seconds
[2025-06-20T13:15:53.241+0000] {processor.py:153} INFO - Started process (PID=1486) to work on /home/airflow/.local/lib/python3.7/site-packages/airflow/example_dags/example_task_group_decorator.py
[2025-06-20T13:15:53.242+0000] {processor.py:640} INFO - Processing file /home/airflow/.local/lib/python3.7/site-packages/airflow/example_dags/example_task_group_decorator.py for tasks to queue
[2025-06-20T13:15:53.243+0000] {logging_mixin.py:115} INFO - [2025-06-20T13:15:53.243+0000] {dagbag.py:508} INFO - Filling up the DagBag from /home/airflow/.local/lib/python3.7/site-packages/airflow/example_dags/example_task_group_decorator.py
[2025-06-20T13:15:53.262+0000] {processor.py:650} INFO - DAG(s) dict_keys(['example_task_group_decorator']) retrieved from /home/airflow/.local/lib/python3.7/site-packages/airflow/example_dags/example_task_group_decorator.py
[2025-06-20T13:15:53.300+0000] {logging_mixin.py:115} INFO - [2025-06-20T13:15:53.300+0000] {dag.py:2429} INFO - Sync 1 DAGs
[2025-06-20T13:15:53.309+0000] {logging_mixin.py:115} INFO - [2025-06-20T13:15:53.309+0000] {dag.py:2981} INFO - Setting next_dagrun for example_task_group_decorator to 2025-06-19T13:15:53.309366+00:00, run_after=2025-06-20T13:15:53.309366+00:00
[2025-06-20T13:15:53.316+0000] {processor.py:161} INFO - Processing /home/airflow/.local/lib/python3.7/site-packages/airflow/example_dags/example_task_group_decorator.py took 0.078 seconds
[2025-06-20T13:16:23.503+0000] {processor.py:153} INFO - Started process (PID=1547) to work on /home/airflow/.local/lib/python3.7/site-packages/airflow/example_dags/example_task_group_decorator.py
[2025-06-20T13:16:23.505+0000] {processor.py:640} INFO - Processing file /home/airflow/.local/lib/python3.7/site-packages/airflow/example_dags/example_task_group_decorator.py for tasks to queue
[2025-06-20T13:16:23.506+0000] {logging_mixin.py:115} INFO - [2025-06-20T13:16:23.506+0000] {dagbag.py:508} INFO - Filling up the DagBag from /home/airflow/.local/lib/python3.7/site-packages/airflow/example_dags/example_task_group_decorator.py
[2025-06-20T13:16:23.526+0000] {processor.py:650} INFO - DAG(s) dict_keys(['example_task_group_decorator']) retrieved from /home/airflow/.local/lib/python3.7/site-packages/airflow/example_dags/example_task_group_decorator.py
[2025-06-20T13:16:23.543+0000] {logging_mixin.py:115} INFO - [2025-06-20T13:16:23.543+0000] {dag.py:2429} INFO - Sync 1 DAGs
[2025-06-20T13:16:23.555+0000] {logging_mixin.py:115} INFO - [2025-06-20T13:16:23.555+0000] {dag.py:2981} INFO - Setting next_dagrun for example_task_group_decorator to 2025-06-19T13:16:23.555062+00:00, run_after=2025-06-20T13:16:23.555062+00:00
[2025-06-20T13:16:23.562+0000] {processor.py:161} INFO - Processing /home/airflow/.local/lib/python3.7/site-packages/airflow/example_dags/example_task_group_decorator.py took 0.063 seconds
[2025-06-20T13:16:53.712+0000] {processor.py:153} INFO - Started process (PID=1608) to work on /home/airflow/.local/lib/python3.7/site-packages/airflow/example_dags/example_task_group_decorator.py
[2025-06-20T13:16:53.713+0000] {processor.py:640} INFO - Processing file /home/airflow/.local/lib/python3.7/site-packages/airflow/example_dags/example_task_group_decorator.py for tasks to queue
[2025-06-20T13:16:53.713+0000] {logging_mixin.py:115} INFO - [2025-06-20T13:16:53.713+0000] {dagbag.py:508} INFO - Filling up the DagBag from /home/airflow/.local/lib/python3.7/site-packages/airflow/example_dags/example_task_group_decorator.py
[2025-06-20T13:16:53.726+0000] {processor.py:650} INFO - DAG(s) dict_keys(['example_task_group_decorator']) retrieved from /home/airflow/.local/lib/python3.7/site-packages/airflow/example_dags/example_task_group_decorator.py
[2025-06-20T13:16:53.757+0000] {logging_mixin.py:115} INFO - [2025-06-20T13:16:53.757+0000] {dag.py:2429} INFO - Sync 1 DAGs
[2025-06-20T13:16:53.767+0000] {logging_mixin.py:115} INFO - [2025-06-20T13:16:53.767+0000] {dag.py:2981} INFO - Setting next_dagrun for example_task_group_decorator to 2025-06-19T13:16:53.767432+00:00, run_after=2025-06-20T13:16:53.767432+00:00
[2025-06-20T13:16:53.772+0000] {processor.py:161} INFO - Processing /home/airflow/.local/lib/python3.7/site-packages/airflow/example_dags/example_task_group_decorator.py took 0.062 seconds
[2025-06-20T13:17:23.807+0000] {processor.py:153} INFO - Started process (PID=1659) to work on /home/airflow/.local/lib/python3.7/site-packages/airflow/example_dags/example_task_group_decorator.py
[2025-06-20T13:17:23.809+0000] {processor.py:640} INFO - Processing file /home/airflow/.local/lib/python3.7/site-packages/airflow/example_dags/example_task_group_decorator.py for tasks to queue
[2025-06-20T13:17:23.809+0000] {logging_mixin.py:115} INFO - [2025-06-20T13:17:23.809+0000] {dagbag.py:508} INFO - Filling up the DagBag from /home/airflow/.local/lib/python3.7/site-packages/airflow/example_dags/example_task_group_decorator.py
[2025-06-20T13:17:23.829+0000] {processor.py:650} INFO - DAG(s) dict_keys(['example_task_group_decorator']) retrieved from /home/airflow/.local/lib/python3.7/site-packages/airflow/example_dags/example_task_group_decorator.py
[2025-06-20T13:17:23.863+0000] {logging_mixin.py:115} INFO - [2025-06-20T13:17:23.863+0000] {dag.py:2429} INFO - Sync 1 DAGs
[2025-06-20T13:17:23.870+0000] {logging_mixin.py:115} INFO - [2025-06-20T13:17:23.870+0000] {dag.py:2981} INFO - Setting next_dagrun for example_task_group_decorator to 2025-06-19T13:17:23.870817+00:00, run_after=2025-06-20T13:17:23.870817+00:00
[2025-06-20T13:17:23.876+0000] {processor.py:161} INFO - Processing /home/airflow/.local/lib/python3.7/site-packages/airflow/example_dags/example_task_group_decorator.py took 0.073 seconds
[2025-06-20T13:17:53.894+0000] {processor.py:153} INFO - Started process (PID=1720) to work on /home/airflow/.local/lib/python3.7/site-packages/airflow/example_dags/example_task_group_decorator.py
[2025-06-20T13:17:53.896+0000] {processor.py:640} INFO - Processing file /home/airflow/.local/lib/python3.7/site-packages/airflow/example_dags/example_task_group_decorator.py for tasks to queue
[2025-06-20T13:17:53.896+0000] {logging_mixin.py:115} INFO - [2025-06-20T13:17:53.896+0000] {dagbag.py:508} INFO - Filling up the DagBag from /home/airflow/.local/lib/python3.7/site-packages/airflow/example_dags/example_task_group_decorator.py
[2025-06-20T13:17:53.915+0000] {processor.py:650} INFO - DAG(s) dict_keys(['example_task_group_decorator']) retrieved from /home/airflow/.local/lib/python3.7/site-packages/airflow/example_dags/example_task_group_decorator.py
[2025-06-20T13:17:53.929+0000] {logging_mixin.py:115} INFO - [2025-06-20T13:17:53.929+0000] {dag.py:2429} INFO - Sync 1 DAGs
[2025-06-20T13:17:53.940+0000] {logging_mixin.py:115} INFO - [2025-06-20T13:17:53.940+0000] {dag.py:2981} INFO - Setting next_dagrun for example_task_group_decorator to 2025-06-19T13:17:53.940133+00:00, run_after=2025-06-20T13:17:53.940133+00:00
[2025-06-20T13:17:53.944+0000] {processor.py:161} INFO - Processing /home/airflow/.local/lib/python3.7/site-packages/airflow/example_dags/example_task_group_decorator.py took 0.054 seconds
[2025-06-20T13:18:24.062+0000] {processor.py:153} INFO - Started process (PID=1781) to work on /home/airflow/.local/lib/python3.7/site-packages/airflow/example_dags/example_task_group_decorator.py
[2025-06-20T13:18:24.064+0000] {processor.py:640} INFO - Processing file /home/airflow/.local/lib/python3.7/site-packages/airflow/example_dags/example_task_group_decorator.py for tasks to queue
[2025-06-20T13:18:24.065+0000] {logging_mixin.py:115} INFO - [2025-06-20T13:18:24.065+0000] {dagbag.py:508} INFO - Filling up the DagBag from /home/airflow/.local/lib/python3.7/site-packages/airflow/example_dags/example_task_group_decorator.py
[2025-06-20T13:18:24.086+0000] {processor.py:650} INFO - DAG(s) dict_keys(['example_task_group_decorator']) retrieved from /home/airflow/.local/lib/python3.7/site-packages/airflow/example_dags/example_task_group_decorator.py
[2025-06-20T13:18:24.120+0000] {logging_mixin.py:115} INFO - [2025-06-20T13:18:24.120+0000] {dag.py:2429} INFO - Sync 1 DAGs
[2025-06-20T13:18:24.128+0000] {logging_mixin.py:115} INFO - [2025-06-20T13:18:24.128+0000] {dag.py:2981} INFO - Setting next_dagrun for example_task_group_decorator to 2025-06-19T13:18:24.128286+00:00, run_after=2025-06-20T13:18:24.128286+00:00
[2025-06-20T13:18:24.133+0000] {processor.py:161} INFO - Processing /home/airflow/.local/lib/python3.7/site-packages/airflow/example_dags/example_task_group_decorator.py took 0.075 seconds
[2025-06-20T13:18:54.260+0000] {processor.py:153} INFO - Started process (PID=1842) to work on /home/airflow/.local/lib/python3.7/site-packages/airflow/example_dags/example_task_group_decorator.py
[2025-06-20T13:18:54.265+0000] {processor.py:640} INFO - Processing file /home/airflow/.local/lib/python3.7/site-packages/airflow/example_dags/example_task_group_decorator.py for tasks to queue
[2025-06-20T13:18:54.266+0000] {logging_mixin.py:115} INFO - [2025-06-20T13:18:54.265+0000] {dagbag.py:508} INFO - Filling up the DagBag from /home/airflow/.local/lib/python3.7/site-packages/airflow/example_dags/example_task_group_decorator.py
[2025-06-20T13:18:54.283+0000] {processor.py:650} INFO - DAG(s) dict_keys(['example_task_group_decorator']) retrieved from /home/airflow/.local/lib/python3.7/site-packages/airflow/example_dags/example_task_group_decorator.py
[2025-06-20T13:18:54.318+0000] {logging_mixin.py:115} INFO - [2025-06-20T13:18:54.318+0000] {dag.py:2429} INFO - Sync 1 DAGs
[2025-06-20T13:18:54.325+0000] {logging_mixin.py:115} INFO - [2025-06-20T13:18:54.325+0000] {dag.py:2981} INFO - Setting next_dagrun for example_task_group_decorator to 2025-06-19T13:18:54.325703+00:00, run_after=2025-06-20T13:18:54.325703+00:00
[2025-06-20T13:18:54.330+0000] {processor.py:161} INFO - Processing /home/airflow/.local/lib/python3.7/site-packages/airflow/example_dags/example_task_group_decorator.py took 0.074 seconds
[2025-06-20T13:19:24.391+0000] {processor.py:153} INFO - Started process (PID=1903) to work on /home/airflow/.local/lib/python3.7/site-packages/airflow/example_dags/example_task_group_decorator.py
[2025-06-20T13:19:24.392+0000] {processor.py:640} INFO - Processing file /home/airflow/.local/lib/python3.7/site-packages/airflow/example_dags/example_task_group_decorator.py for tasks to queue
[2025-06-20T13:19:24.393+0000] {logging_mixin.py:115} INFO - [2025-06-20T13:19:24.393+0000] {dagbag.py:508} INFO - Filling up the DagBag from /home/airflow/.local/lib/python3.7/site-packages/airflow/example_dags/example_task_group_decorator.py
[2025-06-20T13:19:24.405+0000] {processor.py:650} INFO - DAG(s) dict_keys(['example_task_group_decorator']) retrieved from /home/airflow/.local/lib/python3.7/site-packages/airflow/example_dags/example_task_group_decorator.py
[2025-06-20T13:19:24.420+0000] {logging_mixin.py:115} INFO - [2025-06-20T13:19:24.420+0000] {dag.py:2429} INFO - Sync 1 DAGs
[2025-06-20T13:19:24.432+0000] {logging_mixin.py:115} INFO - [2025-06-20T13:19:24.432+0000] {dag.py:2981} INFO - Setting next_dagrun for example_task_group_decorator to 2025-06-19T13:19:24.431991+00:00, run_after=2025-06-20T13:19:24.431991+00:00
[2025-06-20T13:19:24.437+0000] {processor.py:161} INFO - Processing /home/airflow/.local/lib/python3.7/site-packages/airflow/example_dags/example_task_group_decorator.py took 0.049 seconds
[2025-06-20T13:19:54.518+0000] {processor.py:153} INFO - Started process (PID=1964) to work on /home/airflow/.local/lib/python3.7/site-packages/airflow/example_dags/example_task_group_decorator.py
[2025-06-20T13:19:54.519+0000] {processor.py:640} INFO - Processing file /home/airflow/.local/lib/python3.7/site-packages/airflow/example_dags/example_task_group_decorator.py for tasks to queue
[2025-06-20T13:19:54.520+0000] {logging_mixin.py:115} INFO - [2025-06-20T13:19:54.519+0000] {dagbag.py:508} INFO - Filling up the DagBag from /home/airflow/.local/lib/python3.7/site-packages/airflow/example_dags/example_task_group_decorator.py
[2025-06-20T13:19:54.536+0000] {processor.py:650} INFO - DAG(s) dict_keys(['example_task_group_decorator']) retrieved from /home/airflow/.local/lib/python3.7/site-packages/airflow/example_dags/example_task_group_decorator.py
[2025-06-20T13:19:54.584+0000] {logging_mixin.py:115} INFO - [2025-06-20T13:19:54.584+0000] {dag.py:2429} INFO - Sync 1 DAGs
[2025-06-20T13:19:54.594+0000] {logging_mixin.py:115} INFO - [2025-06-20T13:19:54.594+0000] {dag.py:2981} INFO - Setting next_dagrun for example_task_group_decorator to 2025-06-19T13:19:54.594324+00:00, run_after=2025-06-20T13:19:54.594324+00:00
[2025-06-20T13:19:54.600+0000] {processor.py:161} INFO - Processing /home/airflow/.local/lib/python3.7/site-packages/airflow/example_dags/example_task_group_decorator.py took 0.089 seconds
[2025-06-20T13:20:24.653+0000] {processor.py:153} INFO - Started process (PID=2016) to work on /home/airflow/.local/lib/python3.7/site-packages/airflow/example_dags/example_task_group_decorator.py
[2025-06-20T13:20:24.655+0000] {processor.py:640} INFO - Processing file /home/airflow/.local/lib/python3.7/site-packages/airflow/example_dags/example_task_group_decorator.py for tasks to queue
[2025-06-20T13:20:24.655+0000] {logging_mixin.py:115} INFO - [2025-06-20T13:20:24.655+0000] {dagbag.py:508} INFO - Filling up the DagBag from /home/airflow/.local/lib/python3.7/site-packages/airflow/example_dags/example_task_group_decorator.py
[2025-06-20T13:20:24.677+0000] {processor.py:650} INFO - DAG(s) dict_keys(['example_task_group_decorator']) retrieved from /home/airflow/.local/lib/python3.7/site-packages/airflow/example_dags/example_task_group_decorator.py
[2025-06-20T13:20:24.715+0000] {logging_mixin.py:115} INFO - [2025-06-20T13:20:24.715+0000] {dag.py:2429} INFO - Sync 1 DAGs
[2025-06-20T13:20:24.724+0000] {logging_mixin.py:115} INFO - [2025-06-20T13:20:24.724+0000] {dag.py:2981} INFO - Setting next_dagrun for example_task_group_decorator to 2025-06-19T13:20:24.723875+00:00, run_after=2025-06-20T13:20:24.723875+00:00
[2025-06-20T13:20:24.729+0000] {processor.py:161} INFO - Processing /home/airflow/.local/lib/python3.7/site-packages/airflow/example_dags/example_task_group_decorator.py took 0.080 seconds
[2025-06-20T13:20:54.762+0000] {processor.py:153} INFO - Started process (PID=2077) to work on /home/airflow/.local/lib/python3.7/site-packages/airflow/example_dags/example_task_group_decorator.py
[2025-06-20T13:20:54.764+0000] {processor.py:640} INFO - Processing file /home/airflow/.local/lib/python3.7/site-packages/airflow/example_dags/example_task_group_decorator.py for tasks to queue
[2025-06-20T13:20:54.765+0000] {logging_mixin.py:115} INFO - [2025-06-20T13:20:54.765+0000] {dagbag.py:508} INFO - Filling up the DagBag from /home/airflow/.local/lib/python3.7/site-packages/airflow/example_dags/example_task_group_decorator.py
[2025-06-20T13:20:54.784+0000] {processor.py:650} INFO - DAG(s) dict_keys(['example_task_group_decorator']) retrieved from /home/airflow/.local/lib/python3.7/site-packages/airflow/example_dags/example_task_group_decorator.py
[2025-06-20T13:20:54.800+0000] {logging_mixin.py:115} INFO - [2025-06-20T13:20:54.800+0000] {dag.py:2429} INFO - Sync 1 DAGs
[2025-06-20T13:20:54.812+0000] {logging_mixin.py:115} INFO - [2025-06-20T13:20:54.812+0000] {dag.py:2981} INFO - Setting next_dagrun for example_task_group_decorator to 2025-06-19T13:20:54.811911+00:00, run_after=2025-06-20T13:20:54.811911+00:00
[2025-06-20T13:20:54.816+0000] {processor.py:161} INFO - Processing /home/airflow/.local/lib/python3.7/site-packages/airflow/example_dags/example_task_group_decorator.py took 0.059 seconds
[2025-06-20T13:21:24.895+0000] {processor.py:153} INFO - Started process (PID=2138) to work on /home/airflow/.local/lib/python3.7/site-packages/airflow/example_dags/example_task_group_decorator.py
[2025-06-20T13:21:24.896+0000] {processor.py:640} INFO - Processing file /home/airflow/.local/lib/python3.7/site-packages/airflow/example_dags/example_task_group_decorator.py for tasks to queue
[2025-06-20T13:21:24.897+0000] {logging_mixin.py:115} INFO - [2025-06-20T13:21:24.897+0000] {dagbag.py:508} INFO - Filling up the DagBag from /home/airflow/.local/lib/python3.7/site-packages/airflow/example_dags/example_task_group_decorator.py
[2025-06-20T13:21:24.919+0000] {processor.py:650} INFO - DAG(s) dict_keys(['example_task_group_decorator']) retrieved from /home/airflow/.local/lib/python3.7/site-packages/airflow/example_dags/example_task_group_decorator.py
[2025-06-20T13:21:24.956+0000] {logging_mixin.py:115} INFO - [2025-06-20T13:21:24.955+0000] {dag.py:2429} INFO - Sync 1 DAGs
[2025-06-20T13:21:24.965+0000] {logging_mixin.py:115} INFO - [2025-06-20T13:21:24.965+0000] {dag.py:2981} INFO - Setting next_dagrun for example_task_group_decorator to 2025-06-19T13:21:24.965703+00:00, run_after=2025-06-20T13:21:24.965703+00:00
[2025-06-20T13:21:24.971+0000] {processor.py:161} INFO - Processing /home/airflow/.local/lib/python3.7/site-packages/airflow/example_dags/example_task_group_decorator.py took 0.079 seconds
[2025-06-20T13:21:54.998+0000] {processor.py:153} INFO - Started process (PID=2199) to work on /home/airflow/.local/lib/python3.7/site-packages/airflow/example_dags/example_task_group_decorator.py
[2025-06-20T13:21:55.000+0000] {processor.py:640} INFO - Processing file /home/airflow/.local/lib/python3.7/site-packages/airflow/example_dags/example_task_group_decorator.py for tasks to queue
[2025-06-20T13:21:55.001+0000] {logging_mixin.py:115} INFO - [2025-06-20T13:21:55.001+0000] {dagbag.py:508} INFO - Filling up the DagBag from /home/airflow/.local/lib/python3.7/site-packages/airflow/example_dags/example_task_group_decorator.py
[2025-06-20T13:21:55.020+0000] {processor.py:650} INFO - DAG(s) dict_keys(['example_task_group_decorator']) retrieved from /home/airflow/.local/lib/python3.7/site-packages/airflow/example_dags/example_task_group_decorator.py
[2025-06-20T13:21:55.053+0000] {logging_mixin.py:115} INFO - [2025-06-20T13:21:55.053+0000] {dag.py:2429} INFO - Sync 1 DAGs
[2025-06-20T13:21:55.062+0000] {logging_mixin.py:115} INFO - [2025-06-20T13:21:55.061+0000] {dag.py:2981} INFO - Setting next_dagrun for example_task_group_decorator to 2025-06-19T13:21:55.061886+00:00, run_after=2025-06-20T13:21:55.061886+00:00
[2025-06-20T13:21:55.067+0000] {processor.py:161} INFO - Processing /home/airflow/.local/lib/python3.7/site-packages/airflow/example_dags/example_task_group_decorator.py took 0.072 seconds
[2025-06-20T13:22:25.205+0000] {processor.py:153} INFO - Started process (PID=2260) to work on /home/airflow/.local/lib/python3.7/site-packages/airflow/example_dags/example_task_group_decorator.py
[2025-06-20T13:22:25.208+0000] {processor.py:640} INFO - Processing file /home/airflow/.local/lib/python3.7/site-packages/airflow/example_dags/example_task_group_decorator.py for tasks to queue
[2025-06-20T13:22:25.209+0000] {logging_mixin.py:115} INFO - [2025-06-20T13:22:25.209+0000] {dagbag.py:508} INFO - Filling up the DagBag from /home/airflow/.local/lib/python3.7/site-packages/airflow/example_dags/example_task_group_decorator.py
[2025-06-20T13:22:25.227+0000] {processor.py:650} INFO - DAG(s) dict_keys(['example_task_group_decorator']) retrieved from /home/airflow/.local/lib/python3.7/site-packages/airflow/example_dags/example_task_group_decorator.py
[2025-06-20T13:22:25.260+0000] {logging_mixin.py:115} INFO - [2025-06-20T13:22:25.260+0000] {dag.py:2429} INFO - Sync 1 DAGs
[2025-06-20T13:22:25.268+0000] {logging_mixin.py:115} INFO - [2025-06-20T13:22:25.268+0000] {dag.py:2981} INFO - Setting next_dagrun for example_task_group_decorator to 2025-06-19T13:22:25.268310+00:00, run_after=2025-06-20T13:22:25.268310+00:00
[2025-06-20T13:22:25.273+0000] {processor.py:161} INFO - Processing /home/airflow/.local/lib/python3.7/site-packages/airflow/example_dags/example_task_group_decorator.py took 0.072 seconds
[2025-06-20T13:22:55.346+0000] {processor.py:153} INFO - Started process (PID=2312) to work on /home/airflow/.local/lib/python3.7/site-packages/airflow/example_dags/example_task_group_decorator.py
[2025-06-20T13:22:55.349+0000] {processor.py:640} INFO - Processing file /home/airflow/.local/lib/python3.7/site-packages/airflow/example_dags/example_task_group_decorator.py for tasks to queue
[2025-06-20T13:22:55.349+0000] {logging_mixin.py:115} INFO - [2025-06-20T13:22:55.349+0000] {dagbag.py:508} INFO - Filling up the DagBag from /home/airflow/.local/lib/python3.7/site-packages/airflow/example_dags/example_task_group_decorator.py
[2025-06-20T13:22:55.369+0000] {processor.py:650} INFO - DAG(s) dict_keys(['example_task_group_decorator']) retrieved from /home/airflow/.local/lib/python3.7/site-packages/airflow/example_dags/example_task_group_decorator.py
[2025-06-20T13:22:55.403+0000] {logging_mixin.py:115} INFO - [2025-06-20T13:22:55.403+0000] {dag.py:2429} INFO - Sync 1 DAGs
[2025-06-20T13:22:55.411+0000] {logging_mixin.py:115} INFO - [2025-06-20T13:22:55.411+0000] {dag.py:2981} INFO - Setting next_dagrun for example_task_group_decorator to 2025-06-19T13:22:55.411195+00:00, run_after=2025-06-20T13:22:55.411195+00:00
[2025-06-20T13:22:55.416+0000] {processor.py:161} INFO - Processing /home/airflow/.local/lib/python3.7/site-packages/airflow/example_dags/example_task_group_decorator.py took 0.074 seconds
[2025-06-20T13:23:25.492+0000] {processor.py:153} INFO - Started process (PID=2373) to work on /home/airflow/.local/lib/python3.7/site-packages/airflow/example_dags/example_task_group_decorator.py
[2025-06-20T13:23:25.494+0000] {processor.py:640} INFO - Processing file /home/airflow/.local/lib/python3.7/site-packages/airflow/example_dags/example_task_group_decorator.py for tasks to queue
[2025-06-20T13:23:25.495+0000] {logging_mixin.py:115} INFO - [2025-06-20T13:23:25.495+0000] {dagbag.py:508} INFO - Filling up the DagBag from /home/airflow/.local/lib/python3.7/site-packages/airflow/example_dags/example_task_group_decorator.py
[2025-06-20T13:23:25.514+0000] {processor.py:650} INFO - DAG(s) dict_keys(['example_task_group_decorator']) retrieved from /home/airflow/.local/lib/python3.7/site-packages/airflow/example_dags/example_task_group_decorator.py
[2025-06-20T13:23:25.549+0000] {logging_mixin.py:115} INFO - [2025-06-20T13:23:25.549+0000] {dag.py:2429} INFO - Sync 1 DAGs
[2025-06-20T13:23:25.558+0000] {logging_mixin.py:115} INFO - [2025-06-20T13:23:25.558+0000] {dag.py:2981} INFO - Setting next_dagrun for example_task_group_decorator to 2025-06-19T13:23:25.558052+00:00, run_after=2025-06-20T13:23:25.558052+00:00
[2025-06-20T13:23:25.564+0000] {processor.py:161} INFO - Processing /home/airflow/.local/lib/python3.7/site-packages/airflow/example_dags/example_task_group_decorator.py took 0.076 seconds
[2025-06-20T13:23:55.643+0000] {processor.py:153} INFO - Started process (PID=2434) to work on /home/airflow/.local/lib/python3.7/site-packages/airflow/example_dags/example_task_group_decorator.py
[2025-06-20T13:23:55.644+0000] {processor.py:640} INFO - Processing file /home/airflow/.local/lib/python3.7/site-packages/airflow/example_dags/example_task_group_decorator.py for tasks to queue
[2025-06-20T13:23:55.645+0000] {logging_mixin.py:115} INFO - [2025-06-20T13:23:55.644+0000] {dagbag.py:508} INFO - Filling up the DagBag from /home/airflow/.local/lib/python3.7/site-packages/airflow/example_dags/example_task_group_decorator.py
[2025-06-20T13:23:55.663+0000] {processor.py:650} INFO - DAG(s) dict_keys(['example_task_group_decorator']) retrieved from /home/airflow/.local/lib/python3.7/site-packages/airflow/example_dags/example_task_group_decorator.py
[2025-06-20T13:23:55.696+0000] {logging_mixin.py:115} INFO - [2025-06-20T13:23:55.696+0000] {dag.py:2429} INFO - Sync 1 DAGs
[2025-06-20T13:23:55.704+0000] {logging_mixin.py:115} INFO - [2025-06-20T13:23:55.704+0000] {dag.py:2981} INFO - Setting next_dagrun for example_task_group_decorator to 2025-06-19T13:23:55.704517+00:00, run_after=2025-06-20T13:23:55.704517+00:00
[2025-06-20T13:23:55.709+0000] {processor.py:161} INFO - Processing /home/airflow/.local/lib/python3.7/site-packages/airflow/example_dags/example_task_group_decorator.py took 0.070 seconds
[2025-06-20T13:24:25.825+0000] {processor.py:153} INFO - Started process (PID=2495) to work on /home/airflow/.local/lib/python3.7/site-packages/airflow/example_dags/example_task_group_decorator.py
[2025-06-20T13:24:25.828+0000] {processor.py:640} INFO - Processing file /home/airflow/.local/lib/python3.7/site-packages/airflow/example_dags/example_task_group_decorator.py for tasks to queue
[2025-06-20T13:24:25.829+0000] {logging_mixin.py:115} INFO - [2025-06-20T13:24:25.829+0000] {dagbag.py:508} INFO - Filling up the DagBag from /home/airflow/.local/lib/python3.7/site-packages/airflow/example_dags/example_task_group_decorator.py
[2025-06-20T13:24:25.848+0000] {processor.py:650} INFO - DAG(s) dict_keys(['example_task_group_decorator']) retrieved from /home/airflow/.local/lib/python3.7/site-packages/airflow/example_dags/example_task_group_decorator.py
[2025-06-20T13:24:25.862+0000] {logging_mixin.py:115} INFO - [2025-06-20T13:24:25.862+0000] {dag.py:2429} INFO - Sync 1 DAGs
[2025-06-20T13:24:25.875+0000] {logging_mixin.py:115} INFO - [2025-06-20T13:24:25.875+0000] {dag.py:2981} INFO - Setting next_dagrun for example_task_group_decorator to 2025-06-19T13:24:25.874933+00:00, run_after=2025-06-20T13:24:25.874933+00:00
[2025-06-20T13:24:25.879+0000] {processor.py:161} INFO - Processing /home/airflow/.local/lib/python3.7/site-packages/airflow/example_dags/example_task_group_decorator.py took 0.057 seconds
