[2025-06-20T12:58:52.780+0000] {processor.py:153} INFO - Started process (PID=53) to work on /home/airflow/.local/lib/python3.7/site-packages/airflow/example_dags/example_short_circuit_operator.py
[2025-06-20T12:58:52.781+0000] {processor.py:640} INFO - Processing file /home/airflow/.local/lib/python3.7/site-packages/airflow/example_dags/example_short_circuit_operator.py for tasks to queue
[2025-06-20T12:58:52.781+0000] {logging_mixin.py:115} INFO - [2025-06-20T12:58:52.781+0000] {dagbag.py:508} INFO - Filling up the DagBag from /home/airflow/.local/lib/python3.7/site-packages/airflow/example_dags/example_short_circuit_operator.py
[2025-06-20T12:58:52.786+0000] {processor.py:650} INFO - DAG(s) dict_keys(['example_short_circuit_operator']) retrieved from /home/airflow/.local/lib/python3.7/site-packages/airflow/example_dags/example_short_circuit_operator.py
[2025-06-20T12:58:52.838+0000] {logging_mixin.py:115} INFO - [2025-06-20T12:58:52.838+0000] {manager.py:508} INFO - Created Permission View: can read on DAG:example_short_circuit_operator
[2025-06-20T12:58:52.850+0000] {logging_mixin.py:115} INFO - [2025-06-20T12:58:52.850+0000] {manager.py:508} INFO - Created Permission View: can delete on DAG:example_short_circuit_operator
[2025-06-20T12:58:52.859+0000] {logging_mixin.py:115} INFO - [2025-06-20T12:58:52.859+0000] {manager.py:508} INFO - Created Permission View: can edit on DAG:example_short_circuit_operator
[2025-06-20T12:58:52.859+0000] {logging_mixin.py:115} INFO - [2025-06-20T12:58:52.859+0000] {dag.py:2429} INFO - Sync 1 DAGs
[2025-06-20T12:58:52.865+0000] {logging_mixin.py:115} INFO - [2025-06-20T12:58:52.864+0000] {dag.py:2448} INFO - Creating ORM DAG for example_short_circuit_operator
[2025-06-20T12:58:52.872+0000] {logging_mixin.py:115} INFO - [2025-06-20T12:58:52.872+0000] {dag.py:2981} INFO - Setting next_dagrun for example_short_circuit_operator to 2025-06-19T12:58:52.871930+00:00, run_after=2025-06-20T12:58:52.871930+00:00
[2025-06-20T12:58:52.882+0000] {processor.py:161} INFO - Processing /home/airflow/.local/lib/python3.7/site-packages/airflow/example_dags/example_short_circuit_operator.py took 0.104 seconds
[2025-06-20T12:59:23.757+0000] {processor.py:153} INFO - Started process (PID=113) to work on /home/airflow/.local/lib/python3.7/site-packages/airflow/example_dags/example_short_circuit_operator.py
[2025-06-20T12:59:23.757+0000] {processor.py:640} INFO - Processing file /home/airflow/.local/lib/python3.7/site-packages/airflow/example_dags/example_short_circuit_operator.py for tasks to queue
[2025-06-20T12:59:23.759+0000] {logging_mixin.py:115} INFO - [2025-06-20T12:59:23.759+0000] {dagbag.py:508} INFO - Filling up the DagBag from /home/airflow/.local/lib/python3.7/site-packages/airflow/example_dags/example_short_circuit_operator.py
[2025-06-20T12:59:23.762+0000] {processor.py:650} INFO - DAG(s) dict_keys(['example_short_circuit_operator']) retrieved from /home/airflow/.local/lib/python3.7/site-packages/airflow/example_dags/example_short_circuit_operator.py
[2025-06-20T12:59:23.776+0000] {logging_mixin.py:115} INFO - [2025-06-20T12:59:23.775+0000] {dag.py:2429} INFO - Sync 1 DAGs
[2025-06-20T12:59:23.786+0000] {logging_mixin.py:115} INFO - [2025-06-20T12:59:23.785+0000] {dag.py:2981} INFO - Setting next_dagrun for example_short_circuit_operator to 2025-06-19T12:59:23.785819+00:00, run_after=2025-06-20T12:59:23.785819+00:00
[2025-06-20T12:59:23.791+0000] {processor.py:161} INFO - Processing /home/airflow/.local/lib/python3.7/site-packages/airflow/example_dags/example_short_circuit_operator.py took 0.036 seconds
[2025-06-20T12:59:53.851+0000] {processor.py:153} INFO - Started process (PID=174) to work on /home/airflow/.local/lib/python3.7/site-packages/airflow/example_dags/example_short_circuit_operator.py
[2025-06-20T12:59:53.851+0000] {processor.py:640} INFO - Processing file /home/airflow/.local/lib/python3.7/site-packages/airflow/example_dags/example_short_circuit_operator.py for tasks to queue
[2025-06-20T12:59:53.852+0000] {logging_mixin.py:115} INFO - [2025-06-20T12:59:53.852+0000] {dagbag.py:508} INFO - Filling up the DagBag from /home/airflow/.local/lib/python3.7/site-packages/airflow/example_dags/example_short_circuit_operator.py
[2025-06-20T12:59:53.855+0000] {processor.py:650} INFO - DAG(s) dict_keys(['example_short_circuit_operator']) retrieved from /home/airflow/.local/lib/python3.7/site-packages/airflow/example_dags/example_short_circuit_operator.py
[2025-06-20T12:59:53.868+0000] {logging_mixin.py:115} INFO - [2025-06-20T12:59:53.868+0000] {dag.py:2429} INFO - Sync 1 DAGs
[2025-06-20T12:59:53.878+0000] {logging_mixin.py:115} INFO - [2025-06-20T12:59:53.878+0000] {dag.py:2981} INFO - Setting next_dagrun for example_short_circuit_operator to 2025-06-19T12:59:53.877995+00:00, run_after=2025-06-20T12:59:53.877995+00:00
[2025-06-20T12:59:53.885+0000] {processor.py:161} INFO - Processing /home/airflow/.local/lib/python3.7/site-packages/airflow/example_dags/example_short_circuit_operator.py took 0.035 seconds
[2025-06-20T13:03:47.520+0000] {processor.py:153} INFO - Started process (PID=52) to work on /home/airflow/.local/lib/python3.7/site-packages/airflow/example_dags/example_short_circuit_operator.py
[2025-06-20T13:03:47.521+0000] {processor.py:640} INFO - Processing file /home/airflow/.local/lib/python3.7/site-packages/airflow/example_dags/example_short_circuit_operator.py for tasks to queue
[2025-06-20T13:03:47.522+0000] {logging_mixin.py:115} INFO - [2025-06-20T13:03:47.521+0000] {dagbag.py:508} INFO - Filling up the DagBag from /home/airflow/.local/lib/python3.7/site-packages/airflow/example_dags/example_short_circuit_operator.py
[2025-06-20T13:03:47.534+0000] {processor.py:650} INFO - DAG(s) dict_keys(['example_short_circuit_operator']) retrieved from /home/airflow/.local/lib/python3.7/site-packages/airflow/example_dags/example_short_circuit_operator.py
[2025-06-20T13:03:47.612+0000] {logging_mixin.py:115} INFO - [2025-06-20T13:03:47.612+0000] {manager.py:508} INFO - Created Permission View: can delete on DAG:example_short_circuit_operator
[2025-06-20T13:03:47.626+0000] {logging_mixin.py:115} INFO - [2025-06-20T13:03:47.626+0000] {manager.py:508} INFO - Created Permission View: can edit on DAG:example_short_circuit_operator
[2025-06-20T13:03:47.640+0000] {logging_mixin.py:115} INFO - [2025-06-20T13:03:47.640+0000] {manager.py:508} INFO - Created Permission View: can read on DAG:example_short_circuit_operator
[2025-06-20T13:03:47.641+0000] {logging_mixin.py:115} INFO - [2025-06-20T13:03:47.641+0000] {dag.py:2429} INFO - Sync 1 DAGs
[2025-06-20T13:03:47.655+0000] {logging_mixin.py:115} INFO - [2025-06-20T13:03:47.654+0000] {dag.py:2448} INFO - Creating ORM DAG for example_short_circuit_operator
[2025-06-20T13:03:47.666+0000] {logging_mixin.py:115} INFO - [2025-06-20T13:03:47.666+0000] {dag.py:2981} INFO - Setting next_dagrun for example_short_circuit_operator to 2025-06-19T13:03:47.666389+00:00, run_after=2025-06-20T13:03:47.666389+00:00
[2025-06-20T13:03:47.678+0000] {processor.py:161} INFO - Processing /home/airflow/.local/lib/python3.7/site-packages/airflow/example_dags/example_short_circuit_operator.py took 0.161 seconds
[2025-06-20T13:04:18.564+0000] {processor.py:153} INFO - Started process (PID=113) to work on /home/airflow/.local/lib/python3.7/site-packages/airflow/example_dags/example_short_circuit_operator.py
[2025-06-20T13:04:18.564+0000] {processor.py:640} INFO - Processing file /home/airflow/.local/lib/python3.7/site-packages/airflow/example_dags/example_short_circuit_operator.py for tasks to queue
[2025-06-20T13:04:18.564+0000] {logging_mixin.py:115} INFO - [2025-06-20T13:04:18.564+0000] {dagbag.py:508} INFO - Filling up the DagBag from /home/airflow/.local/lib/python3.7/site-packages/airflow/example_dags/example_short_circuit_operator.py
[2025-06-20T13:04:18.568+0000] {processor.py:650} INFO - DAG(s) dict_keys(['example_short_circuit_operator']) retrieved from /home/airflow/.local/lib/python3.7/site-packages/airflow/example_dags/example_short_circuit_operator.py
[2025-06-20T13:04:18.579+0000] {logging_mixin.py:115} INFO - [2025-06-20T13:04:18.579+0000] {dag.py:2429} INFO - Sync 1 DAGs
[2025-06-20T13:04:18.587+0000] {logging_mixin.py:115} INFO - [2025-06-20T13:04:18.587+0000] {dag.py:2981} INFO - Setting next_dagrun for example_short_circuit_operator to 2025-06-19T13:04:18.587647+00:00, run_after=2025-06-20T13:04:18.587647+00:00
[2025-06-20T13:04:18.592+0000] {processor.py:161} INFO - Processing /home/airflow/.local/lib/python3.7/site-packages/airflow/example_dags/example_short_circuit_operator.py took 0.030 seconds
[2025-06-20T13:04:48.768+0000] {processor.py:153} INFO - Started process (PID=174) to work on /home/airflow/.local/lib/python3.7/site-packages/airflow/example_dags/example_short_circuit_operator.py
[2025-06-20T13:04:48.769+0000] {processor.py:640} INFO - Processing file /home/airflow/.local/lib/python3.7/site-packages/airflow/example_dags/example_short_circuit_operator.py for tasks to queue
[2025-06-20T13:04:48.769+0000] {logging_mixin.py:115} INFO - [2025-06-20T13:04:48.769+0000] {dagbag.py:508} INFO - Filling up the DagBag from /home/airflow/.local/lib/python3.7/site-packages/airflow/example_dags/example_short_circuit_operator.py
[2025-06-20T13:04:48.773+0000] {processor.py:650} INFO - DAG(s) dict_keys(['example_short_circuit_operator']) retrieved from /home/airflow/.local/lib/python3.7/site-packages/airflow/example_dags/example_short_circuit_operator.py
[2025-06-20T13:04:48.787+0000] {logging_mixin.py:115} INFO - [2025-06-20T13:04:48.787+0000] {dag.py:2429} INFO - Sync 1 DAGs
[2025-06-20T13:04:48.797+0000] {logging_mixin.py:115} INFO - [2025-06-20T13:04:48.797+0000] {dag.py:2981} INFO - Setting next_dagrun for example_short_circuit_operator to 2025-06-19T13:04:48.797777+00:00, run_after=2025-06-20T13:04:48.797777+00:00
[2025-06-20T13:04:48.805+0000] {processor.py:161} INFO - Processing /home/airflow/.local/lib/python3.7/site-packages/airflow/example_dags/example_short_circuit_operator.py took 0.038 seconds
[2025-06-20T13:05:19.012+0000] {processor.py:153} INFO - Started process (PID=234) to work on /home/airflow/.local/lib/python3.7/site-packages/airflow/example_dags/example_short_circuit_operator.py
[2025-06-20T13:05:19.013+0000] {processor.py:640} INFO - Processing file /home/airflow/.local/lib/python3.7/site-packages/airflow/example_dags/example_short_circuit_operator.py for tasks to queue
[2025-06-20T13:05:19.014+0000] {logging_mixin.py:115} INFO - [2025-06-20T13:05:19.014+0000] {dagbag.py:508} INFO - Filling up the DagBag from /home/airflow/.local/lib/python3.7/site-packages/airflow/example_dags/example_short_circuit_operator.py
[2025-06-20T13:05:19.019+0000] {processor.py:650} INFO - DAG(s) dict_keys(['example_short_circuit_operator']) retrieved from /home/airflow/.local/lib/python3.7/site-packages/airflow/example_dags/example_short_circuit_operator.py
[2025-06-20T13:05:19.032+0000] {logging_mixin.py:115} INFO - [2025-06-20T13:05:19.032+0000] {dag.py:2429} INFO - Sync 1 DAGs
[2025-06-20T13:05:19.041+0000] {logging_mixin.py:115} INFO - [2025-06-20T13:05:19.041+0000] {dag.py:2981} INFO - Setting next_dagrun for example_short_circuit_operator to 2025-06-19T13:05:19.041580+00:00, run_after=2025-06-20T13:05:19.041580+00:00
[2025-06-20T13:05:19.047+0000] {processor.py:161} INFO - Processing /home/airflow/.local/lib/python3.7/site-packages/airflow/example_dags/example_short_circuit_operator.py took 0.036 seconds
[2025-06-20T13:05:49.166+0000] {processor.py:153} INFO - Started process (PID=286) to work on /home/airflow/.local/lib/python3.7/site-packages/airflow/example_dags/example_short_circuit_operator.py
[2025-06-20T13:05:49.167+0000] {processor.py:640} INFO - Processing file /home/airflow/.local/lib/python3.7/site-packages/airflow/example_dags/example_short_circuit_operator.py for tasks to queue
[2025-06-20T13:05:49.167+0000] {logging_mixin.py:115} INFO - [2025-06-20T13:05:49.167+0000] {dagbag.py:508} INFO - Filling up the DagBag from /home/airflow/.local/lib/python3.7/site-packages/airflow/example_dags/example_short_circuit_operator.py
[2025-06-20T13:05:49.172+0000] {processor.py:650} INFO - DAG(s) dict_keys(['example_short_circuit_operator']) retrieved from /home/airflow/.local/lib/python3.7/site-packages/airflow/example_dags/example_short_circuit_operator.py
[2025-06-20T13:05:49.193+0000] {logging_mixin.py:115} INFO - [2025-06-20T13:05:49.193+0000] {dag.py:2429} INFO - Sync 1 DAGs
[2025-06-20T13:05:49.203+0000] {logging_mixin.py:115} INFO - [2025-06-20T13:05:49.203+0000] {dag.py:2981} INFO - Setting next_dagrun for example_short_circuit_operator to 2025-06-19T13:05:49.203065+00:00, run_after=2025-06-20T13:05:49.203065+00:00
[2025-06-20T13:05:49.209+0000] {processor.py:161} INFO - Processing /home/airflow/.local/lib/python3.7/site-packages/airflow/example_dags/example_short_circuit_operator.py took 0.045 seconds
[2025-06-20T13:06:19.537+0000] {processor.py:153} INFO - Started process (PID=347) to work on /home/airflow/.local/lib/python3.7/site-packages/airflow/example_dags/example_short_circuit_operator.py
[2025-06-20T13:06:19.537+0000] {processor.py:640} INFO - Processing file /home/airflow/.local/lib/python3.7/site-packages/airflow/example_dags/example_short_circuit_operator.py for tasks to queue
[2025-06-20T13:06:19.538+0000] {logging_mixin.py:115} INFO - [2025-06-20T13:06:19.538+0000] {dagbag.py:508} INFO - Filling up the DagBag from /home/airflow/.local/lib/python3.7/site-packages/airflow/example_dags/example_short_circuit_operator.py
[2025-06-20T13:06:19.543+0000] {processor.py:650} INFO - DAG(s) dict_keys(['example_short_circuit_operator']) retrieved from /home/airflow/.local/lib/python3.7/site-packages/airflow/example_dags/example_short_circuit_operator.py
[2025-06-20T13:06:19.557+0000] {logging_mixin.py:115} INFO - [2025-06-20T13:06:19.557+0000] {dag.py:2429} INFO - Sync 1 DAGs
[2025-06-20T13:06:19.571+0000] {logging_mixin.py:115} INFO - [2025-06-20T13:06:19.571+0000] {dag.py:2981} INFO - Setting next_dagrun for example_short_circuit_operator to 2025-06-19T13:06:19.571117+00:00, run_after=2025-06-20T13:06:19.571117+00:00
[2025-06-20T13:06:19.580+0000] {processor.py:161} INFO - Processing /home/airflow/.local/lib/python3.7/site-packages/airflow/example_dags/example_short_circuit_operator.py took 0.045 seconds
[2025-06-20T13:06:49.722+0000] {processor.py:153} INFO - Started process (PID=407) to work on /home/airflow/.local/lib/python3.7/site-packages/airflow/example_dags/example_short_circuit_operator.py
[2025-06-20T13:06:49.723+0000] {processor.py:640} INFO - Processing file /home/airflow/.local/lib/python3.7/site-packages/airflow/example_dags/example_short_circuit_operator.py for tasks to queue
[2025-06-20T13:06:49.723+0000] {logging_mixin.py:115} INFO - [2025-06-20T13:06:49.723+0000] {dagbag.py:508} INFO - Filling up the DagBag from /home/airflow/.local/lib/python3.7/site-packages/airflow/example_dags/example_short_circuit_operator.py
[2025-06-20T13:06:49.727+0000] {processor.py:650} INFO - DAG(s) dict_keys(['example_short_circuit_operator']) retrieved from /home/airflow/.local/lib/python3.7/site-packages/airflow/example_dags/example_short_circuit_operator.py
[2025-06-20T13:06:49.741+0000] {logging_mixin.py:115} INFO - [2025-06-20T13:06:49.741+0000] {dag.py:2429} INFO - Sync 1 DAGs
[2025-06-20T13:06:49.753+0000] {logging_mixin.py:115} INFO - [2025-06-20T13:06:49.753+0000] {dag.py:2981} INFO - Setting next_dagrun for example_short_circuit_operator to 2025-06-19T13:06:49.752831+00:00, run_after=2025-06-20T13:06:49.752831+00:00
[2025-06-20T13:06:49.764+0000] {processor.py:161} INFO - Processing /home/airflow/.local/lib/python3.7/site-packages/airflow/example_dags/example_short_circuit_operator.py took 0.043 seconds
[2025-06-20T13:07:19.817+0000] {processor.py:153} INFO - Started process (PID=468) to work on /home/airflow/.local/lib/python3.7/site-packages/airflow/example_dags/example_short_circuit_operator.py
[2025-06-20T13:07:19.819+0000] {processor.py:640} INFO - Processing file /home/airflow/.local/lib/python3.7/site-packages/airflow/example_dags/example_short_circuit_operator.py for tasks to queue
[2025-06-20T13:07:19.819+0000] {logging_mixin.py:115} INFO - [2025-06-20T13:07:19.819+0000] {dagbag.py:508} INFO - Filling up the DagBag from /home/airflow/.local/lib/python3.7/site-packages/airflow/example_dags/example_short_circuit_operator.py
[2025-06-20T13:07:19.823+0000] {processor.py:650} INFO - DAG(s) dict_keys(['example_short_circuit_operator']) retrieved from /home/airflow/.local/lib/python3.7/site-packages/airflow/example_dags/example_short_circuit_operator.py
[2025-06-20T13:07:19.833+0000] {logging_mixin.py:115} INFO - [2025-06-20T13:07:19.833+0000] {dag.py:2429} INFO - Sync 1 DAGs
[2025-06-20T13:07:19.842+0000] {logging_mixin.py:115} INFO - [2025-06-20T13:07:19.842+0000] {dag.py:2981} INFO - Setting next_dagrun for example_short_circuit_operator to 2025-06-19T13:07:19.842043+00:00, run_after=2025-06-20T13:07:19.842043+00:00
[2025-06-20T13:07:19.846+0000] {processor.py:161} INFO - Processing /home/airflow/.local/lib/python3.7/site-packages/airflow/example_dags/example_short_circuit_operator.py took 0.030 seconds
[2025-06-20T13:07:49.931+0000] {processor.py:153} INFO - Started process (PID=529) to work on /home/airflow/.local/lib/python3.7/site-packages/airflow/example_dags/example_short_circuit_operator.py
[2025-06-20T13:07:49.932+0000] {processor.py:640} INFO - Processing file /home/airflow/.local/lib/python3.7/site-packages/airflow/example_dags/example_short_circuit_operator.py for tasks to queue
[2025-06-20T13:07:49.933+0000] {logging_mixin.py:115} INFO - [2025-06-20T13:07:49.933+0000] {dagbag.py:508} INFO - Filling up the DagBag from /home/airflow/.local/lib/python3.7/site-packages/airflow/example_dags/example_short_circuit_operator.py
[2025-06-20T13:07:49.937+0000] {processor.py:650} INFO - DAG(s) dict_keys(['example_short_circuit_operator']) retrieved from /home/airflow/.local/lib/python3.7/site-packages/airflow/example_dags/example_short_circuit_operator.py
[2025-06-20T13:07:49.950+0000] {logging_mixin.py:115} INFO - [2025-06-20T13:07:49.950+0000] {dag.py:2429} INFO - Sync 1 DAGs
[2025-06-20T13:07:49.959+0000] {logging_mixin.py:115} INFO - [2025-06-20T13:07:49.959+0000] {dag.py:2981} INFO - Setting next_dagrun for example_short_circuit_operator to 2025-06-19T13:07:49.959591+00:00, run_after=2025-06-20T13:07:49.959591+00:00
[2025-06-20T13:07:49.966+0000] {processor.py:161} INFO - Processing /home/airflow/.local/lib/python3.7/site-packages/airflow/example_dags/example_short_circuit_operator.py took 0.036 seconds
[2025-06-20T13:08:20.020+0000] {processor.py:153} INFO - Started process (PID=590) to work on /home/airflow/.local/lib/python3.7/site-packages/airflow/example_dags/example_short_circuit_operator.py
[2025-06-20T13:08:20.020+0000] {processor.py:640} INFO - Processing file /home/airflow/.local/lib/python3.7/site-packages/airflow/example_dags/example_short_circuit_operator.py for tasks to queue
[2025-06-20T13:08:20.021+0000] {logging_mixin.py:115} INFO - [2025-06-20T13:08:20.021+0000] {dagbag.py:508} INFO - Filling up the DagBag from /home/airflow/.local/lib/python3.7/site-packages/airflow/example_dags/example_short_circuit_operator.py
[2025-06-20T13:08:20.025+0000] {processor.py:650} INFO - DAG(s) dict_keys(['example_short_circuit_operator']) retrieved from /home/airflow/.local/lib/python3.7/site-packages/airflow/example_dags/example_short_circuit_operator.py
[2025-06-20T13:08:20.046+0000] {logging_mixin.py:115} INFO - [2025-06-20T13:08:20.046+0000] {dag.py:2429} INFO - Sync 1 DAGs
[2025-06-20T13:08:20.057+0000] {logging_mixin.py:115} INFO - [2025-06-20T13:08:20.057+0000] {dag.py:2981} INFO - Setting next_dagrun for example_short_circuit_operator to 2025-06-19T13:08:20.057494+00:00, run_after=2025-06-20T13:08:20.057494+00:00
[2025-06-20T13:08:20.063+0000] {processor.py:161} INFO - Processing /home/airflow/.local/lib/python3.7/site-packages/airflow/example_dags/example_short_circuit_operator.py took 0.044 seconds
[2025-06-20T13:08:50.102+0000] {processor.py:153} INFO - Started process (PID=642) to work on /home/airflow/.local/lib/python3.7/site-packages/airflow/example_dags/example_short_circuit_operator.py
[2025-06-20T13:08:50.103+0000] {processor.py:640} INFO - Processing file /home/airflow/.local/lib/python3.7/site-packages/airflow/example_dags/example_short_circuit_operator.py for tasks to queue
[2025-06-20T13:08:50.103+0000] {logging_mixin.py:115} INFO - [2025-06-20T13:08:50.103+0000] {dagbag.py:508} INFO - Filling up the DagBag from /home/airflow/.local/lib/python3.7/site-packages/airflow/example_dags/example_short_circuit_operator.py
[2025-06-20T13:08:50.107+0000] {processor.py:650} INFO - DAG(s) dict_keys(['example_short_circuit_operator']) retrieved from /home/airflow/.local/lib/python3.7/site-packages/airflow/example_dags/example_short_circuit_operator.py
[2025-06-20T13:08:50.119+0000] {logging_mixin.py:115} INFO - [2025-06-20T13:08:50.119+0000] {dag.py:2429} INFO - Sync 1 DAGs
[2025-06-20T13:08:50.132+0000] {logging_mixin.py:115} INFO - [2025-06-20T13:08:50.132+0000] {dag.py:2981} INFO - Setting next_dagrun for example_short_circuit_operator to 2025-06-19T13:08:50.132347+00:00, run_after=2025-06-20T13:08:50.132347+00:00
[2025-06-20T13:08:50.140+0000] {processor.py:161} INFO - Processing /home/airflow/.local/lib/python3.7/site-packages/airflow/example_dags/example_short_circuit_operator.py took 0.039 seconds
[2025-06-20T13:09:20.231+0000] {processor.py:153} INFO - Started process (PID=703) to work on /home/airflow/.local/lib/python3.7/site-packages/airflow/example_dags/example_short_circuit_operator.py
[2025-06-20T13:09:20.231+0000] {processor.py:640} INFO - Processing file /home/airflow/.local/lib/python3.7/site-packages/airflow/example_dags/example_short_circuit_operator.py for tasks to queue
[2025-06-20T13:09:20.232+0000] {logging_mixin.py:115} INFO - [2025-06-20T13:09:20.231+0000] {dagbag.py:508} INFO - Filling up the DagBag from /home/airflow/.local/lib/python3.7/site-packages/airflow/example_dags/example_short_circuit_operator.py
[2025-06-20T13:09:20.236+0000] {processor.py:650} INFO - DAG(s) dict_keys(['example_short_circuit_operator']) retrieved from /home/airflow/.local/lib/python3.7/site-packages/airflow/example_dags/example_short_circuit_operator.py
[2025-06-20T13:09:20.247+0000] {logging_mixin.py:115} INFO - [2025-06-20T13:09:20.247+0000] {dag.py:2429} INFO - Sync 1 DAGs
[2025-06-20T13:09:20.257+0000] {logging_mixin.py:115} INFO - [2025-06-20T13:09:20.256+0000] {dag.py:2981} INFO - Setting next_dagrun for example_short_circuit_operator to 2025-06-19T13:09:20.256832+00:00, run_after=2025-06-20T13:09:20.256832+00:00
[2025-06-20T13:09:20.261+0000] {processor.py:161} INFO - Processing /home/airflow/.local/lib/python3.7/site-packages/airflow/example_dags/example_short_circuit_operator.py took 0.032 seconds
[2025-06-20T13:09:50.326+0000] {processor.py:153} INFO - Started process (PID=764) to work on /home/airflow/.local/lib/python3.7/site-packages/airflow/example_dags/example_short_circuit_operator.py
[2025-06-20T13:09:50.327+0000] {processor.py:640} INFO - Processing file /home/airflow/.local/lib/python3.7/site-packages/airflow/example_dags/example_short_circuit_operator.py for tasks to queue
[2025-06-20T13:09:50.329+0000] {logging_mixin.py:115} INFO - [2025-06-20T13:09:50.329+0000] {dagbag.py:508} INFO - Filling up the DagBag from /home/airflow/.local/lib/python3.7/site-packages/airflow/example_dags/example_short_circuit_operator.py
[2025-06-20T13:09:50.333+0000] {processor.py:650} INFO - DAG(s) dict_keys(['example_short_circuit_operator']) retrieved from /home/airflow/.local/lib/python3.7/site-packages/airflow/example_dags/example_short_circuit_operator.py
[2025-06-20T13:09:50.345+0000] {logging_mixin.py:115} INFO - [2025-06-20T13:09:50.345+0000] {dag.py:2429} INFO - Sync 1 DAGs
[2025-06-20T13:09:50.354+0000] {logging_mixin.py:115} INFO - [2025-06-20T13:09:50.354+0000] {dag.py:2981} INFO - Setting next_dagrun for example_short_circuit_operator to 2025-06-19T13:09:50.353994+00:00, run_after=2025-06-20T13:09:50.353994+00:00
[2025-06-20T13:09:50.358+0000] {processor.py:161} INFO - Processing /home/airflow/.local/lib/python3.7/site-packages/airflow/example_dags/example_short_circuit_operator.py took 0.034 seconds
[2025-06-20T13:10:20.485+0000] {processor.py:153} INFO - Started process (PID=825) to work on /home/airflow/.local/lib/python3.7/site-packages/airflow/example_dags/example_short_circuit_operator.py
[2025-06-20T13:10:20.486+0000] {processor.py:640} INFO - Processing file /home/airflow/.local/lib/python3.7/site-packages/airflow/example_dags/example_short_circuit_operator.py for tasks to queue
[2025-06-20T13:10:20.486+0000] {logging_mixin.py:115} INFO - [2025-06-20T13:10:20.486+0000] {dagbag.py:508} INFO - Filling up the DagBag from /home/airflow/.local/lib/python3.7/site-packages/airflow/example_dags/example_short_circuit_operator.py
[2025-06-20T13:10:20.490+0000] {processor.py:650} INFO - DAG(s) dict_keys(['example_short_circuit_operator']) retrieved from /home/airflow/.local/lib/python3.7/site-packages/airflow/example_dags/example_short_circuit_operator.py
[2025-06-20T13:10:20.501+0000] {logging_mixin.py:115} INFO - [2025-06-20T13:10:20.501+0000] {dag.py:2429} INFO - Sync 1 DAGs
[2025-06-20T13:10:20.509+0000] {logging_mixin.py:115} INFO - [2025-06-20T13:10:20.509+0000] {dag.py:2981} INFO - Setting next_dagrun for example_short_circuit_operator to 2025-06-19T13:10:20.509806+00:00, run_after=2025-06-20T13:10:20.509806+00:00
[2025-06-20T13:10:20.514+0000] {processor.py:161} INFO - Processing /home/airflow/.local/lib/python3.7/site-packages/airflow/example_dags/example_short_circuit_operator.py took 0.031 seconds
[2025-06-20T13:10:50.617+0000] {processor.py:153} INFO - Started process (PID=886) to work on /home/airflow/.local/lib/python3.7/site-packages/airflow/example_dags/example_short_circuit_operator.py
[2025-06-20T13:10:50.619+0000] {processor.py:640} INFO - Processing file /home/airflow/.local/lib/python3.7/site-packages/airflow/example_dags/example_short_circuit_operator.py for tasks to queue
[2025-06-20T13:10:50.620+0000] {logging_mixin.py:115} INFO - [2025-06-20T13:10:50.620+0000] {dagbag.py:508} INFO - Filling up the DagBag from /home/airflow/.local/lib/python3.7/site-packages/airflow/example_dags/example_short_circuit_operator.py
[2025-06-20T13:10:50.626+0000] {processor.py:650} INFO - DAG(s) dict_keys(['example_short_circuit_operator']) retrieved from /home/airflow/.local/lib/python3.7/site-packages/airflow/example_dags/example_short_circuit_operator.py
[2025-06-20T13:10:50.637+0000] {logging_mixin.py:115} INFO - [2025-06-20T13:10:50.637+0000] {dag.py:2429} INFO - Sync 1 DAGs
[2025-06-20T13:10:50.646+0000] {logging_mixin.py:115} INFO - [2025-06-20T13:10:50.645+0000] {dag.py:2981} INFO - Setting next_dagrun for example_short_circuit_operator to 2025-06-19T13:10:50.645901+00:00, run_after=2025-06-20T13:10:50.645901+00:00
[2025-06-20T13:10:50.650+0000] {processor.py:161} INFO - Processing /home/airflow/.local/lib/python3.7/site-packages/airflow/example_dags/example_short_circuit_operator.py took 0.035 seconds
[2025-06-20T13:11:20.795+0000] {processor.py:153} INFO - Started process (PID=947) to work on /home/airflow/.local/lib/python3.7/site-packages/airflow/example_dags/example_short_circuit_operator.py
[2025-06-20T13:11:20.795+0000] {processor.py:640} INFO - Processing file /home/airflow/.local/lib/python3.7/site-packages/airflow/example_dags/example_short_circuit_operator.py for tasks to queue
[2025-06-20T13:11:20.796+0000] {logging_mixin.py:115} INFO - [2025-06-20T13:11:20.795+0000] {dagbag.py:508} INFO - Filling up the DagBag from /home/airflow/.local/lib/python3.7/site-packages/airflow/example_dags/example_short_circuit_operator.py
[2025-06-20T13:11:20.800+0000] {processor.py:650} INFO - DAG(s) dict_keys(['example_short_circuit_operator']) retrieved from /home/airflow/.local/lib/python3.7/site-packages/airflow/example_dags/example_short_circuit_operator.py
[2025-06-20T13:11:20.813+0000] {logging_mixin.py:115} INFO - [2025-06-20T13:11:20.813+0000] {dag.py:2429} INFO - Sync 1 DAGs
[2025-06-20T13:11:20.825+0000] {logging_mixin.py:115} INFO - [2025-06-20T13:11:20.825+0000] {dag.py:2981} INFO - Setting next_dagrun for example_short_circuit_operator to 2025-06-19T13:11:20.825157+00:00, run_after=2025-06-20T13:11:20.825157+00:00
[2025-06-20T13:11:20.834+0000] {processor.py:161} INFO - Processing /home/airflow/.local/lib/python3.7/site-packages/airflow/example_dags/example_short_circuit_operator.py took 0.041 seconds
[2025-06-20T13:11:50.905+0000] {processor.py:153} INFO - Started process (PID=999) to work on /home/airflow/.local/lib/python3.7/site-packages/airflow/example_dags/example_short_circuit_operator.py
[2025-06-20T13:11:50.906+0000] {processor.py:640} INFO - Processing file /home/airflow/.local/lib/python3.7/site-packages/airflow/example_dags/example_short_circuit_operator.py for tasks to queue
[2025-06-20T13:11:50.907+0000] {logging_mixin.py:115} INFO - [2025-06-20T13:11:50.907+0000] {dagbag.py:508} INFO - Filling up the DagBag from /home/airflow/.local/lib/python3.7/site-packages/airflow/example_dags/example_short_circuit_operator.py
[2025-06-20T13:11:50.911+0000] {processor.py:650} INFO - DAG(s) dict_keys(['example_short_circuit_operator']) retrieved from /home/airflow/.local/lib/python3.7/site-packages/airflow/example_dags/example_short_circuit_operator.py
[2025-06-20T13:11:50.922+0000] {logging_mixin.py:115} INFO - [2025-06-20T13:11:50.922+0000] {dag.py:2429} INFO - Sync 1 DAGs
[2025-06-20T13:11:50.933+0000] {logging_mixin.py:115} INFO - [2025-06-20T13:11:50.933+0000] {dag.py:2981} INFO - Setting next_dagrun for example_short_circuit_operator to 2025-06-19T13:11:50.933160+00:00, run_after=2025-06-20T13:11:50.933160+00:00
[2025-06-20T13:11:50.938+0000] {processor.py:161} INFO - Processing /home/airflow/.local/lib/python3.7/site-packages/airflow/example_dags/example_short_circuit_operator.py took 0.034 seconds
[2025-06-20T13:12:21.036+0000] {processor.py:153} INFO - Started process (PID=1060) to work on /home/airflow/.local/lib/python3.7/site-packages/airflow/example_dags/example_short_circuit_operator.py
[2025-06-20T13:12:21.038+0000] {processor.py:640} INFO - Processing file /home/airflow/.local/lib/python3.7/site-packages/airflow/example_dags/example_short_circuit_operator.py for tasks to queue
[2025-06-20T13:12:21.039+0000] {logging_mixin.py:115} INFO - [2025-06-20T13:12:21.039+0000] {dagbag.py:508} INFO - Filling up the DagBag from /home/airflow/.local/lib/python3.7/site-packages/airflow/example_dags/example_short_circuit_operator.py
[2025-06-20T13:12:21.043+0000] {processor.py:650} INFO - DAG(s) dict_keys(['example_short_circuit_operator']) retrieved from /home/airflow/.local/lib/python3.7/site-packages/airflow/example_dags/example_short_circuit_operator.py
[2025-06-20T13:12:21.055+0000] {logging_mixin.py:115} INFO - [2025-06-20T13:12:21.055+0000] {dag.py:2429} INFO - Sync 1 DAGs
[2025-06-20T13:12:21.064+0000] {logging_mixin.py:115} INFO - [2025-06-20T13:12:21.064+0000] {dag.py:2981} INFO - Setting next_dagrun for example_short_circuit_operator to 2025-06-19T13:12:21.064645+00:00, run_after=2025-06-20T13:12:21.064645+00:00
[2025-06-20T13:12:21.069+0000] {processor.py:161} INFO - Processing /home/airflow/.local/lib/python3.7/site-packages/airflow/example_dags/example_short_circuit_operator.py took 0.035 seconds
[2025-06-20T13:12:51.135+0000] {processor.py:153} INFO - Started process (PID=1121) to work on /home/airflow/.local/lib/python3.7/site-packages/airflow/example_dags/example_short_circuit_operator.py
[2025-06-20T13:12:51.136+0000] {processor.py:640} INFO - Processing file /home/airflow/.local/lib/python3.7/site-packages/airflow/example_dags/example_short_circuit_operator.py for tasks to queue
[2025-06-20T13:12:51.136+0000] {logging_mixin.py:115} INFO - [2025-06-20T13:12:51.136+0000] {dagbag.py:508} INFO - Filling up the DagBag from /home/airflow/.local/lib/python3.7/site-packages/airflow/example_dags/example_short_circuit_operator.py
[2025-06-20T13:12:51.140+0000] {processor.py:650} INFO - DAG(s) dict_keys(['example_short_circuit_operator']) retrieved from /home/airflow/.local/lib/python3.7/site-packages/airflow/example_dags/example_short_circuit_operator.py
[2025-06-20T13:12:51.151+0000] {logging_mixin.py:115} INFO - [2025-06-20T13:12:51.151+0000] {dag.py:2429} INFO - Sync 1 DAGs
[2025-06-20T13:12:51.160+0000] {logging_mixin.py:115} INFO - [2025-06-20T13:12:51.160+0000] {dag.py:2981} INFO - Setting next_dagrun for example_short_circuit_operator to 2025-06-19T13:12:51.160600+00:00, run_after=2025-06-20T13:12:51.160600+00:00
[2025-06-20T13:12:51.165+0000] {processor.py:161} INFO - Processing /home/airflow/.local/lib/python3.7/site-packages/airflow/example_dags/example_short_circuit_operator.py took 0.031 seconds
[2025-06-20T13:13:21.232+0000] {processor.py:153} INFO - Started process (PID=1182) to work on /home/airflow/.local/lib/python3.7/site-packages/airflow/example_dags/example_short_circuit_operator.py
[2025-06-20T13:13:21.233+0000] {processor.py:640} INFO - Processing file /home/airflow/.local/lib/python3.7/site-packages/airflow/example_dags/example_short_circuit_operator.py for tasks to queue
[2025-06-20T13:13:21.233+0000] {logging_mixin.py:115} INFO - [2025-06-20T13:13:21.233+0000] {dagbag.py:508} INFO - Filling up the DagBag from /home/airflow/.local/lib/python3.7/site-packages/airflow/example_dags/example_short_circuit_operator.py
[2025-06-20T13:13:21.237+0000] {processor.py:650} INFO - DAG(s) dict_keys(['example_short_circuit_operator']) retrieved from /home/airflow/.local/lib/python3.7/site-packages/airflow/example_dags/example_short_circuit_operator.py
[2025-06-20T13:13:21.251+0000] {logging_mixin.py:115} INFO - [2025-06-20T13:13:21.251+0000] {dag.py:2429} INFO - Sync 1 DAGs
[2025-06-20T13:13:21.261+0000] {logging_mixin.py:115} INFO - [2025-06-20T13:13:21.261+0000] {dag.py:2981} INFO - Setting next_dagrun for example_short_circuit_operator to 2025-06-19T13:13:21.261097+00:00, run_after=2025-06-20T13:13:21.261097+00:00
[2025-06-20T13:13:21.266+0000] {processor.py:161} INFO - Processing /home/airflow/.local/lib/python3.7/site-packages/airflow/example_dags/example_short_circuit_operator.py took 0.035 seconds
[2025-06-20T13:13:51.527+0000] {processor.py:153} INFO - Started process (PID=1243) to work on /home/airflow/.local/lib/python3.7/site-packages/airflow/example_dags/example_short_circuit_operator.py
[2025-06-20T13:13:51.528+0000] {processor.py:640} INFO - Processing file /home/airflow/.local/lib/python3.7/site-packages/airflow/example_dags/example_short_circuit_operator.py for tasks to queue
[2025-06-20T13:13:51.528+0000] {logging_mixin.py:115} INFO - [2025-06-20T13:13:51.528+0000] {dagbag.py:508} INFO - Filling up the DagBag from /home/airflow/.local/lib/python3.7/site-packages/airflow/example_dags/example_short_circuit_operator.py
[2025-06-20T13:13:51.532+0000] {processor.py:650} INFO - DAG(s) dict_keys(['example_short_circuit_operator']) retrieved from /home/airflow/.local/lib/python3.7/site-packages/airflow/example_dags/example_short_circuit_operator.py
[2025-06-20T13:13:51.547+0000] {logging_mixin.py:115} INFO - [2025-06-20T13:13:51.547+0000] {dag.py:2429} INFO - Sync 1 DAGs
[2025-06-20T13:13:51.560+0000] {logging_mixin.py:115} INFO - [2025-06-20T13:13:51.560+0000] {dag.py:2981} INFO - Setting next_dagrun for example_short_circuit_operator to 2025-06-19T13:13:51.560309+00:00, run_after=2025-06-20T13:13:51.560309+00:00
[2025-06-20T13:13:51.572+0000] {processor.py:161} INFO - Processing /home/airflow/.local/lib/python3.7/site-packages/airflow/example_dags/example_short_circuit_operator.py took 0.047 seconds
[2025-06-20T13:14:21.717+0000] {processor.py:153} INFO - Started process (PID=1295) to work on /home/airflow/.local/lib/python3.7/site-packages/airflow/example_dags/example_short_circuit_operator.py
[2025-06-20T13:14:21.720+0000] {processor.py:640} INFO - Processing file /home/airflow/.local/lib/python3.7/site-packages/airflow/example_dags/example_short_circuit_operator.py for tasks to queue
[2025-06-20T13:14:21.721+0000] {logging_mixin.py:115} INFO - [2025-06-20T13:14:21.721+0000] {dagbag.py:508} INFO - Filling up the DagBag from /home/airflow/.local/lib/python3.7/site-packages/airflow/example_dags/example_short_circuit_operator.py
[2025-06-20T13:14:21.724+0000] {processor.py:650} INFO - DAG(s) dict_keys(['example_short_circuit_operator']) retrieved from /home/airflow/.local/lib/python3.7/site-packages/airflow/example_dags/example_short_circuit_operator.py
[2025-06-20T13:14:21.736+0000] {logging_mixin.py:115} INFO - [2025-06-20T13:14:21.736+0000] {dag.py:2429} INFO - Sync 1 DAGs
[2025-06-20T13:14:21.746+0000] {logging_mixin.py:115} INFO - [2025-06-20T13:14:21.746+0000] {dag.py:2981} INFO - Setting next_dagrun for example_short_circuit_operator to 2025-06-19T13:14:21.746537+00:00, run_after=2025-06-20T13:14:21.746537+00:00
[2025-06-20T13:14:21.752+0000] {processor.py:161} INFO - Processing /home/airflow/.local/lib/python3.7/site-packages/airflow/example_dags/example_short_circuit_operator.py took 0.038 seconds
[2025-06-20T13:14:51.844+0000] {processor.py:153} INFO - Started process (PID=1356) to work on /home/airflow/.local/lib/python3.7/site-packages/airflow/example_dags/example_short_circuit_operator.py
[2025-06-20T13:14:51.844+0000] {processor.py:640} INFO - Processing file /home/airflow/.local/lib/python3.7/site-packages/airflow/example_dags/example_short_circuit_operator.py for tasks to queue
[2025-06-20T13:14:51.845+0000] {logging_mixin.py:115} INFO - [2025-06-20T13:14:51.845+0000] {dagbag.py:508} INFO - Filling up the DagBag from /home/airflow/.local/lib/python3.7/site-packages/airflow/example_dags/example_short_circuit_operator.py
[2025-06-20T13:14:51.848+0000] {processor.py:650} INFO - DAG(s) dict_keys(['example_short_circuit_operator']) retrieved from /home/airflow/.local/lib/python3.7/site-packages/airflow/example_dags/example_short_circuit_operator.py
[2025-06-20T13:14:51.859+0000] {logging_mixin.py:115} INFO - [2025-06-20T13:14:51.859+0000] {dag.py:2429} INFO - Sync 1 DAGs
[2025-06-20T13:14:51.867+0000] {logging_mixin.py:115} INFO - [2025-06-20T13:14:51.867+0000] {dag.py:2981} INFO - Setting next_dagrun for example_short_circuit_operator to 2025-06-19T13:14:51.867779+00:00, run_after=2025-06-20T13:14:51.867779+00:00
[2025-06-20T13:14:51.872+0000] {processor.py:161} INFO - Processing /home/airflow/.local/lib/python3.7/site-packages/airflow/example_dags/example_short_circuit_operator.py took 0.029 seconds
[2025-06-20T13:15:21.922+0000] {processor.py:153} INFO - Started process (PID=1417) to work on /home/airflow/.local/lib/python3.7/site-packages/airflow/example_dags/example_short_circuit_operator.py
[2025-06-20T13:15:21.923+0000] {processor.py:640} INFO - Processing file /home/airflow/.local/lib/python3.7/site-packages/airflow/example_dags/example_short_circuit_operator.py for tasks to queue
[2025-06-20T13:15:21.925+0000] {logging_mixin.py:115} INFO - [2025-06-20T13:15:21.925+0000] {dagbag.py:508} INFO - Filling up the DagBag from /home/airflow/.local/lib/python3.7/site-packages/airflow/example_dags/example_short_circuit_operator.py
[2025-06-20T13:15:21.930+0000] {processor.py:650} INFO - DAG(s) dict_keys(['example_short_circuit_operator']) retrieved from /home/airflow/.local/lib/python3.7/site-packages/airflow/example_dags/example_short_circuit_operator.py
[2025-06-20T13:15:21.941+0000] {logging_mixin.py:115} INFO - [2025-06-20T13:15:21.941+0000] {dag.py:2429} INFO - Sync 1 DAGs
[2025-06-20T13:15:21.952+0000] {logging_mixin.py:115} INFO - [2025-06-20T13:15:21.952+0000] {dag.py:2981} INFO - Setting next_dagrun for example_short_circuit_operator to 2025-06-19T13:15:21.952726+00:00, run_after=2025-06-20T13:15:21.952726+00:00
[2025-06-20T13:15:21.959+0000] {processor.py:161} INFO - Processing /home/airflow/.local/lib/python3.7/site-packages/airflow/example_dags/example_short_circuit_operator.py took 0.041 seconds
[2025-06-20T13:15:51.984+0000] {processor.py:153} INFO - Started process (PID=1477) to work on /home/airflow/.local/lib/python3.7/site-packages/airflow/example_dags/example_short_circuit_operator.py
[2025-06-20T13:15:51.984+0000] {processor.py:640} INFO - Processing file /home/airflow/.local/lib/python3.7/site-packages/airflow/example_dags/example_short_circuit_operator.py for tasks to queue
[2025-06-20T13:15:51.984+0000] {logging_mixin.py:115} INFO - [2025-06-20T13:15:51.984+0000] {dagbag.py:508} INFO - Filling up the DagBag from /home/airflow/.local/lib/python3.7/site-packages/airflow/example_dags/example_short_circuit_operator.py
[2025-06-20T13:15:51.988+0000] {processor.py:650} INFO - DAG(s) dict_keys(['example_short_circuit_operator']) retrieved from /home/airflow/.local/lib/python3.7/site-packages/airflow/example_dags/example_short_circuit_operator.py
[2025-06-20T13:15:51.999+0000] {logging_mixin.py:115} INFO - [2025-06-20T13:15:51.999+0000] {dag.py:2429} INFO - Sync 1 DAGs
[2025-06-20T13:15:52.007+0000] {logging_mixin.py:115} INFO - [2025-06-20T13:15:52.007+0000] {dag.py:2981} INFO - Setting next_dagrun for example_short_circuit_operator to 2025-06-19T13:15:52.007613+00:00, run_after=2025-06-20T13:15:52.007613+00:00
[2025-06-20T13:15:52.012+0000] {processor.py:161} INFO - Processing /home/airflow/.local/lib/python3.7/site-packages/airflow/example_dags/example_short_circuit_operator.py took 0.030 seconds
[2025-06-20T13:16:22.186+0000] {processor.py:153} INFO - Started process (PID=1538) to work on /home/airflow/.local/lib/python3.7/site-packages/airflow/example_dags/example_short_circuit_operator.py
[2025-06-20T13:16:22.186+0000] {processor.py:640} INFO - Processing file /home/airflow/.local/lib/python3.7/site-packages/airflow/example_dags/example_short_circuit_operator.py for tasks to queue
[2025-06-20T13:16:22.187+0000] {logging_mixin.py:115} INFO - [2025-06-20T13:16:22.187+0000] {dagbag.py:508} INFO - Filling up the DagBag from /home/airflow/.local/lib/python3.7/site-packages/airflow/example_dags/example_short_circuit_operator.py
[2025-06-20T13:16:22.191+0000] {processor.py:650} INFO - DAG(s) dict_keys(['example_short_circuit_operator']) retrieved from /home/airflow/.local/lib/python3.7/site-packages/airflow/example_dags/example_short_circuit_operator.py
[2025-06-20T13:16:22.206+0000] {logging_mixin.py:115} INFO - [2025-06-20T13:16:22.206+0000] {dag.py:2429} INFO - Sync 1 DAGs
[2025-06-20T13:16:22.218+0000] {logging_mixin.py:115} INFO - [2025-06-20T13:16:22.217+0000] {dag.py:2981} INFO - Setting next_dagrun for example_short_circuit_operator to 2025-06-19T13:16:22.217807+00:00, run_after=2025-06-20T13:16:22.217807+00:00
[2025-06-20T13:16:22.224+0000] {processor.py:161} INFO - Processing /home/airflow/.local/lib/python3.7/site-packages/airflow/example_dags/example_short_circuit_operator.py took 0.040 seconds
[2025-06-20T13:16:52.455+0000] {processor.py:153} INFO - Started process (PID=1597) to work on /home/airflow/.local/lib/python3.7/site-packages/airflow/example_dags/example_short_circuit_operator.py
[2025-06-20T13:16:52.455+0000] {processor.py:640} INFO - Processing file /home/airflow/.local/lib/python3.7/site-packages/airflow/example_dags/example_short_circuit_operator.py for tasks to queue
[2025-06-20T13:16:52.456+0000] {logging_mixin.py:115} INFO - [2025-06-20T13:16:52.456+0000] {dagbag.py:508} INFO - Filling up the DagBag from /home/airflow/.local/lib/python3.7/site-packages/airflow/example_dags/example_short_circuit_operator.py
[2025-06-20T13:16:52.460+0000] {processor.py:650} INFO - DAG(s) dict_keys(['example_short_circuit_operator']) retrieved from /home/airflow/.local/lib/python3.7/site-packages/airflow/example_dags/example_short_circuit_operator.py
[2025-06-20T13:16:52.474+0000] {logging_mixin.py:115} INFO - [2025-06-20T13:16:52.474+0000] {dag.py:2429} INFO - Sync 1 DAGs
[2025-06-20T13:16:52.484+0000] {logging_mixin.py:115} INFO - [2025-06-20T13:16:52.484+0000] {dag.py:2981} INFO - Setting next_dagrun for example_short_circuit_operator to 2025-06-19T13:16:52.484505+00:00, run_after=2025-06-20T13:16:52.484505+00:00
[2025-06-20T13:16:52.489+0000] {processor.py:161} INFO - Processing /home/airflow/.local/lib/python3.7/site-packages/airflow/example_dags/example_short_circuit_operator.py took 0.036 seconds
[2025-06-20T13:17:22.567+0000] {processor.py:153} INFO - Started process (PID=1651) to work on /home/airflow/.local/lib/python3.7/site-packages/airflow/example_dags/example_short_circuit_operator.py
[2025-06-20T13:17:22.568+0000] {processor.py:640} INFO - Processing file /home/airflow/.local/lib/python3.7/site-packages/airflow/example_dags/example_short_circuit_operator.py for tasks to queue
[2025-06-20T13:17:22.569+0000] {logging_mixin.py:115} INFO - [2025-06-20T13:17:22.569+0000] {dagbag.py:508} INFO - Filling up the DagBag from /home/airflow/.local/lib/python3.7/site-packages/airflow/example_dags/example_short_circuit_operator.py
[2025-06-20T13:17:22.574+0000] {processor.py:650} INFO - DAG(s) dict_keys(['example_short_circuit_operator']) retrieved from /home/airflow/.local/lib/python3.7/site-packages/airflow/example_dags/example_short_circuit_operator.py
[2025-06-20T13:17:22.587+0000] {logging_mixin.py:115} INFO - [2025-06-20T13:17:22.587+0000] {dag.py:2429} INFO - Sync 1 DAGs
[2025-06-20T13:17:22.599+0000] {logging_mixin.py:115} INFO - [2025-06-20T13:17:22.599+0000] {dag.py:2981} INFO - Setting next_dagrun for example_short_circuit_operator to 2025-06-19T13:17:22.599272+00:00, run_after=2025-06-20T13:17:22.599272+00:00
[2025-06-20T13:17:22.605+0000] {processor.py:161} INFO - Processing /home/airflow/.local/lib/python3.7/site-packages/airflow/example_dags/example_short_circuit_operator.py took 0.039 seconds
[2025-06-20T13:17:52.638+0000] {processor.py:153} INFO - Started process (PID=1712) to work on /home/airflow/.local/lib/python3.7/site-packages/airflow/example_dags/example_short_circuit_operator.py
[2025-06-20T13:17:52.638+0000] {processor.py:640} INFO - Processing file /home/airflow/.local/lib/python3.7/site-packages/airflow/example_dags/example_short_circuit_operator.py for tasks to queue
[2025-06-20T13:17:52.638+0000] {logging_mixin.py:115} INFO - [2025-06-20T13:17:52.638+0000] {dagbag.py:508} INFO - Filling up the DagBag from /home/airflow/.local/lib/python3.7/site-packages/airflow/example_dags/example_short_circuit_operator.py
[2025-06-20T13:17:52.643+0000] {processor.py:650} INFO - DAG(s) dict_keys(['example_short_circuit_operator']) retrieved from /home/airflow/.local/lib/python3.7/site-packages/airflow/example_dags/example_short_circuit_operator.py
[2025-06-20T13:17:52.654+0000] {logging_mixin.py:115} INFO - [2025-06-20T13:17:52.654+0000] {dag.py:2429} INFO - Sync 1 DAGs
[2025-06-20T13:17:52.664+0000] {logging_mixin.py:115} INFO - [2025-06-20T13:17:52.664+0000] {dag.py:2981} INFO - Setting next_dagrun for example_short_circuit_operator to 2025-06-19T13:17:52.664539+00:00, run_after=2025-06-20T13:17:52.664539+00:00
[2025-06-20T13:17:52.669+0000] {processor.py:161} INFO - Processing /home/airflow/.local/lib/python3.7/site-packages/airflow/example_dags/example_short_circuit_operator.py took 0.033 seconds
[2025-06-20T13:18:22.754+0000] {processor.py:153} INFO - Started process (PID=1773) to work on /home/airflow/.local/lib/python3.7/site-packages/airflow/example_dags/example_short_circuit_operator.py
[2025-06-20T13:18:22.756+0000] {processor.py:640} INFO - Processing file /home/airflow/.local/lib/python3.7/site-packages/airflow/example_dags/example_short_circuit_operator.py for tasks to queue
[2025-06-20T13:18:22.757+0000] {logging_mixin.py:115} INFO - [2025-06-20T13:18:22.757+0000] {dagbag.py:508} INFO - Filling up the DagBag from /home/airflow/.local/lib/python3.7/site-packages/airflow/example_dags/example_short_circuit_operator.py
[2025-06-20T13:18:22.763+0000] {processor.py:650} INFO - DAG(s) dict_keys(['example_short_circuit_operator']) retrieved from /home/airflow/.local/lib/python3.7/site-packages/airflow/example_dags/example_short_circuit_operator.py
[2025-06-20T13:18:22.778+0000] {logging_mixin.py:115} INFO - [2025-06-20T13:18:22.778+0000] {dag.py:2429} INFO - Sync 1 DAGs
[2025-06-20T13:18:22.788+0000] {logging_mixin.py:115} INFO - [2025-06-20T13:18:22.788+0000] {dag.py:2981} INFO - Setting next_dagrun for example_short_circuit_operator to 2025-06-19T13:18:22.788286+00:00, run_after=2025-06-20T13:18:22.788286+00:00
[2025-06-20T13:18:22.793+0000] {processor.py:161} INFO - Processing /home/airflow/.local/lib/python3.7/site-packages/airflow/example_dags/example_short_circuit_operator.py took 0.040 seconds
[2025-06-20T13:18:53.029+0000] {processor.py:153} INFO - Started process (PID=1834) to work on /home/airflow/.local/lib/python3.7/site-packages/airflow/example_dags/example_short_circuit_operator.py
[2025-06-20T13:18:53.029+0000] {processor.py:640} INFO - Processing file /home/airflow/.local/lib/python3.7/site-packages/airflow/example_dags/example_short_circuit_operator.py for tasks to queue
[2025-06-20T13:18:53.032+0000] {logging_mixin.py:115} INFO - [2025-06-20T13:18:53.032+0000] {dagbag.py:508} INFO - Filling up the DagBag from /home/airflow/.local/lib/python3.7/site-packages/airflow/example_dags/example_short_circuit_operator.py
[2025-06-20T13:18:53.037+0000] {processor.py:650} INFO - DAG(s) dict_keys(['example_short_circuit_operator']) retrieved from /home/airflow/.local/lib/python3.7/site-packages/airflow/example_dags/example_short_circuit_operator.py
[2025-06-20T13:18:53.048+0000] {logging_mixin.py:115} INFO - [2025-06-20T13:18:53.048+0000] {dag.py:2429} INFO - Sync 1 DAGs
[2025-06-20T13:18:53.057+0000] {logging_mixin.py:115} INFO - [2025-06-20T13:18:53.057+0000] {dag.py:2981} INFO - Setting next_dagrun for example_short_circuit_operator to 2025-06-19T13:18:53.057359+00:00, run_after=2025-06-20T13:18:53.057359+00:00
[2025-06-20T13:18:53.062+0000] {processor.py:161} INFO - Processing /home/airflow/.local/lib/python3.7/site-packages/airflow/example_dags/example_short_circuit_operator.py took 0.035 seconds
[2025-06-20T13:19:23.160+0000] {processor.py:153} INFO - Started process (PID=1895) to work on /home/airflow/.local/lib/python3.7/site-packages/airflow/example_dags/example_short_circuit_operator.py
[2025-06-20T13:19:23.161+0000] {processor.py:640} INFO - Processing file /home/airflow/.local/lib/python3.7/site-packages/airflow/example_dags/example_short_circuit_operator.py for tasks to queue
[2025-06-20T13:19:23.161+0000] {logging_mixin.py:115} INFO - [2025-06-20T13:19:23.161+0000] {dagbag.py:508} INFO - Filling up the DagBag from /home/airflow/.local/lib/python3.7/site-packages/airflow/example_dags/example_short_circuit_operator.py
[2025-06-20T13:19:23.165+0000] {processor.py:650} INFO - DAG(s) dict_keys(['example_short_circuit_operator']) retrieved from /home/airflow/.local/lib/python3.7/site-packages/airflow/example_dags/example_short_circuit_operator.py
[2025-06-20T13:19:23.176+0000] {logging_mixin.py:115} INFO - [2025-06-20T13:19:23.176+0000] {dag.py:2429} INFO - Sync 1 DAGs
[2025-06-20T13:19:23.184+0000] {logging_mixin.py:115} INFO - [2025-06-20T13:19:23.184+0000] {dag.py:2981} INFO - Setting next_dagrun for example_short_circuit_operator to 2025-06-19T13:19:23.184432+00:00, run_after=2025-06-20T13:19:23.184432+00:00
[2025-06-20T13:19:23.189+0000] {processor.py:161} INFO - Processing /home/airflow/.local/lib/python3.7/site-packages/airflow/example_dags/example_short_circuit_operator.py took 0.030 seconds
[2025-06-20T13:19:53.291+0000] {processor.py:153} INFO - Started process (PID=1947) to work on /home/airflow/.local/lib/python3.7/site-packages/airflow/example_dags/example_short_circuit_operator.py
[2025-06-20T13:19:53.291+0000] {processor.py:640} INFO - Processing file /home/airflow/.local/lib/python3.7/site-packages/airflow/example_dags/example_short_circuit_operator.py for tasks to queue
[2025-06-20T13:19:53.292+0000] {logging_mixin.py:115} INFO - [2025-06-20T13:19:53.292+0000] {dagbag.py:508} INFO - Filling up the DagBag from /home/airflow/.local/lib/python3.7/site-packages/airflow/example_dags/example_short_circuit_operator.py
[2025-06-20T13:19:53.297+0000] {processor.py:650} INFO - DAG(s) dict_keys(['example_short_circuit_operator']) retrieved from /home/airflow/.local/lib/python3.7/site-packages/airflow/example_dags/example_short_circuit_operator.py
[2025-06-20T13:19:53.309+0000] {logging_mixin.py:115} INFO - [2025-06-20T13:19:53.309+0000] {dag.py:2429} INFO - Sync 1 DAGs
[2025-06-20T13:19:53.319+0000] {logging_mixin.py:115} INFO - [2025-06-20T13:19:53.319+0000] {dag.py:2981} INFO - Setting next_dagrun for example_short_circuit_operator to 2025-06-19T13:19:53.319674+00:00, run_after=2025-06-20T13:19:53.319674+00:00
[2025-06-20T13:19:53.325+0000] {processor.py:161} INFO - Processing /home/airflow/.local/lib/python3.7/site-packages/airflow/example_dags/example_short_circuit_operator.py took 0.036 seconds
[2025-06-20T13:20:23.373+0000] {processor.py:153} INFO - Started process (PID=2008) to work on /home/airflow/.local/lib/python3.7/site-packages/airflow/example_dags/example_short_circuit_operator.py
[2025-06-20T13:20:23.377+0000] {processor.py:640} INFO - Processing file /home/airflow/.local/lib/python3.7/site-packages/airflow/example_dags/example_short_circuit_operator.py for tasks to queue
[2025-06-20T13:20:23.378+0000] {logging_mixin.py:115} INFO - [2025-06-20T13:20:23.377+0000] {dagbag.py:508} INFO - Filling up the DagBag from /home/airflow/.local/lib/python3.7/site-packages/airflow/example_dags/example_short_circuit_operator.py
[2025-06-20T13:20:23.381+0000] {processor.py:650} INFO - DAG(s) dict_keys(['example_short_circuit_operator']) retrieved from /home/airflow/.local/lib/python3.7/site-packages/airflow/example_dags/example_short_circuit_operator.py
[2025-06-20T13:20:23.393+0000] {logging_mixin.py:115} INFO - [2025-06-20T13:20:23.393+0000] {dag.py:2429} INFO - Sync 1 DAGs
[2025-06-20T13:20:23.403+0000] {logging_mixin.py:115} INFO - [2025-06-20T13:20:23.403+0000] {dag.py:2981} INFO - Setting next_dagrun for example_short_circuit_operator to 2025-06-19T13:20:23.403289+00:00, run_after=2025-06-20T13:20:23.403289+00:00
[2025-06-20T13:20:23.408+0000] {processor.py:161} INFO - Processing /home/airflow/.local/lib/python3.7/site-packages/airflow/example_dags/example_short_circuit_operator.py took 0.036 seconds
[2025-06-20T13:20:53.551+0000] {processor.py:153} INFO - Started process (PID=2069) to work on /home/airflow/.local/lib/python3.7/site-packages/airflow/example_dags/example_short_circuit_operator.py
[2025-06-20T13:20:53.552+0000] {processor.py:640} INFO - Processing file /home/airflow/.local/lib/python3.7/site-packages/airflow/example_dags/example_short_circuit_operator.py for tasks to queue
[2025-06-20T13:20:53.552+0000] {logging_mixin.py:115} INFO - [2025-06-20T13:20:53.552+0000] {dagbag.py:508} INFO - Filling up the DagBag from /home/airflow/.local/lib/python3.7/site-packages/airflow/example_dags/example_short_circuit_operator.py
[2025-06-20T13:20:53.556+0000] {processor.py:650} INFO - DAG(s) dict_keys(['example_short_circuit_operator']) retrieved from /home/airflow/.local/lib/python3.7/site-packages/airflow/example_dags/example_short_circuit_operator.py
[2025-06-20T13:20:53.569+0000] {logging_mixin.py:115} INFO - [2025-06-20T13:20:53.569+0000] {dag.py:2429} INFO - Sync 1 DAGs
[2025-06-20T13:20:53.578+0000] {logging_mixin.py:115} INFO - [2025-06-20T13:20:53.578+0000] {dag.py:2981} INFO - Setting next_dagrun for example_short_circuit_operator to 2025-06-19T13:20:53.578351+00:00, run_after=2025-06-20T13:20:53.578351+00:00
[2025-06-20T13:20:53.584+0000] {processor.py:161} INFO - Processing /home/airflow/.local/lib/python3.7/site-packages/airflow/example_dags/example_short_circuit_operator.py took 0.035 seconds
[2025-06-20T13:21:23.667+0000] {processor.py:153} INFO - Started process (PID=2130) to work on /home/airflow/.local/lib/python3.7/site-packages/airflow/example_dags/example_short_circuit_operator.py
[2025-06-20T13:21:23.667+0000] {processor.py:640} INFO - Processing file /home/airflow/.local/lib/python3.7/site-packages/airflow/example_dags/example_short_circuit_operator.py for tasks to queue
[2025-06-20T13:21:23.668+0000] {logging_mixin.py:115} INFO - [2025-06-20T13:21:23.668+0000] {dagbag.py:508} INFO - Filling up the DagBag from /home/airflow/.local/lib/python3.7/site-packages/airflow/example_dags/example_short_circuit_operator.py
[2025-06-20T13:21:23.672+0000] {processor.py:650} INFO - DAG(s) dict_keys(['example_short_circuit_operator']) retrieved from /home/airflow/.local/lib/python3.7/site-packages/airflow/example_dags/example_short_circuit_operator.py
[2025-06-20T13:21:23.684+0000] {logging_mixin.py:115} INFO - [2025-06-20T13:21:23.684+0000] {dag.py:2429} INFO - Sync 1 DAGs
[2025-06-20T13:21:23.695+0000] {logging_mixin.py:115} INFO - [2025-06-20T13:21:23.695+0000] {dag.py:2981} INFO - Setting next_dagrun for example_short_circuit_operator to 2025-06-19T13:21:23.695305+00:00, run_after=2025-06-20T13:21:23.695305+00:00
[2025-06-20T13:21:23.701+0000] {processor.py:161} INFO - Processing /home/airflow/.local/lib/python3.7/site-packages/airflow/example_dags/example_short_circuit_operator.py took 0.036 seconds
[2025-06-20T13:21:53.776+0000] {processor.py:153} INFO - Started process (PID=2191) to work on /home/airflow/.local/lib/python3.7/site-packages/airflow/example_dags/example_short_circuit_operator.py
[2025-06-20T13:21:53.778+0000] {processor.py:640} INFO - Processing file /home/airflow/.local/lib/python3.7/site-packages/airflow/example_dags/example_short_circuit_operator.py for tasks to queue
[2025-06-20T13:21:53.778+0000] {logging_mixin.py:115} INFO - [2025-06-20T13:21:53.778+0000] {dagbag.py:508} INFO - Filling up the DagBag from /home/airflow/.local/lib/python3.7/site-packages/airflow/example_dags/example_short_circuit_operator.py
[2025-06-20T13:21:53.783+0000] {processor.py:650} INFO - DAG(s) dict_keys(['example_short_circuit_operator']) retrieved from /home/airflow/.local/lib/python3.7/site-packages/airflow/example_dags/example_short_circuit_operator.py
[2025-06-20T13:21:53.796+0000] {logging_mixin.py:115} INFO - [2025-06-20T13:21:53.796+0000] {dag.py:2429} INFO - Sync 1 DAGs
[2025-06-20T13:21:53.810+0000] {logging_mixin.py:115} INFO - [2025-06-20T13:21:53.810+0000] {dag.py:2981} INFO - Setting next_dagrun for example_short_circuit_operator to 2025-06-19T13:21:53.810136+00:00, run_after=2025-06-20T13:21:53.810136+00:00
[2025-06-20T13:21:53.818+0000] {processor.py:161} INFO - Processing /home/airflow/.local/lib/python3.7/site-packages/airflow/example_dags/example_short_circuit_operator.py took 0.043 seconds
[2025-06-20T13:22:23.909+0000] {processor.py:153} INFO - Started process (PID=2252) to work on /home/airflow/.local/lib/python3.7/site-packages/airflow/example_dags/example_short_circuit_operator.py
[2025-06-20T13:22:23.910+0000] {processor.py:640} INFO - Processing file /home/airflow/.local/lib/python3.7/site-packages/airflow/example_dags/example_short_circuit_operator.py for tasks to queue
[2025-06-20T13:22:23.911+0000] {logging_mixin.py:115} INFO - [2025-06-20T13:22:23.911+0000] {dagbag.py:508} INFO - Filling up the DagBag from /home/airflow/.local/lib/python3.7/site-packages/airflow/example_dags/example_short_circuit_operator.py
[2025-06-20T13:22:23.915+0000] {processor.py:650} INFO - DAG(s) dict_keys(['example_short_circuit_operator']) retrieved from /home/airflow/.local/lib/python3.7/site-packages/airflow/example_dags/example_short_circuit_operator.py
[2025-06-20T13:22:23.931+0000] {logging_mixin.py:115} INFO - [2025-06-20T13:22:23.931+0000] {dag.py:2429} INFO - Sync 1 DAGs
[2025-06-20T13:22:23.941+0000] {logging_mixin.py:115} INFO - [2025-06-20T13:22:23.941+0000] {dag.py:2981} INFO - Setting next_dagrun for example_short_circuit_operator to 2025-06-19T13:22:23.941726+00:00, run_after=2025-06-20T13:22:23.941726+00:00
[2025-06-20T13:22:23.948+0000] {processor.py:161} INFO - Processing /home/airflow/.local/lib/python3.7/site-packages/airflow/example_dags/example_short_circuit_operator.py took 0.040 seconds
[2025-06-20T13:22:54.030+0000] {processor.py:153} INFO - Started process (PID=2304) to work on /home/airflow/.local/lib/python3.7/site-packages/airflow/example_dags/example_short_circuit_operator.py
[2025-06-20T13:22:54.030+0000] {processor.py:640} INFO - Processing file /home/airflow/.local/lib/python3.7/site-packages/airflow/example_dags/example_short_circuit_operator.py for tasks to queue
[2025-06-20T13:22:54.031+0000] {logging_mixin.py:115} INFO - [2025-06-20T13:22:54.031+0000] {dagbag.py:508} INFO - Filling up the DagBag from /home/airflow/.local/lib/python3.7/site-packages/airflow/example_dags/example_short_circuit_operator.py
[2025-06-20T13:22:54.034+0000] {processor.py:650} INFO - DAG(s) dict_keys(['example_short_circuit_operator']) retrieved from /home/airflow/.local/lib/python3.7/site-packages/airflow/example_dags/example_short_circuit_operator.py
[2025-06-20T13:22:54.045+0000] {logging_mixin.py:115} INFO - [2025-06-20T13:22:54.045+0000] {dag.py:2429} INFO - Sync 1 DAGs
[2025-06-20T13:22:54.054+0000] {logging_mixin.py:115} INFO - [2025-06-20T13:22:54.054+0000] {dag.py:2981} INFO - Setting next_dagrun for example_short_circuit_operator to 2025-06-19T13:22:54.053924+00:00, run_after=2025-06-20T13:22:54.053924+00:00
[2025-06-20T13:22:54.059+0000] {processor.py:161} INFO - Processing /home/airflow/.local/lib/python3.7/site-packages/airflow/example_dags/example_short_circuit_operator.py took 0.030 seconds
[2025-06-20T13:23:24.216+0000] {processor.py:153} INFO - Started process (PID=2365) to work on /home/airflow/.local/lib/python3.7/site-packages/airflow/example_dags/example_short_circuit_operator.py
[2025-06-20T13:23:24.217+0000] {processor.py:640} INFO - Processing file /home/airflow/.local/lib/python3.7/site-packages/airflow/example_dags/example_short_circuit_operator.py for tasks to queue
[2025-06-20T13:23:24.217+0000] {logging_mixin.py:115} INFO - [2025-06-20T13:23:24.217+0000] {dagbag.py:508} INFO - Filling up the DagBag from /home/airflow/.local/lib/python3.7/site-packages/airflow/example_dags/example_short_circuit_operator.py
[2025-06-20T13:23:24.221+0000] {processor.py:650} INFO - DAG(s) dict_keys(['example_short_circuit_operator']) retrieved from /home/airflow/.local/lib/python3.7/site-packages/airflow/example_dags/example_short_circuit_operator.py
[2025-06-20T13:23:24.233+0000] {logging_mixin.py:115} INFO - [2025-06-20T13:23:24.233+0000] {dag.py:2429} INFO - Sync 1 DAGs
[2025-06-20T13:23:24.242+0000] {logging_mixin.py:115} INFO - [2025-06-20T13:23:24.242+0000] {dag.py:2981} INFO - Setting next_dagrun for example_short_circuit_operator to 2025-06-19T13:23:24.242462+00:00, run_after=2025-06-20T13:23:24.242462+00:00
[2025-06-20T13:23:24.248+0000] {processor.py:161} INFO - Processing /home/airflow/.local/lib/python3.7/site-packages/airflow/example_dags/example_short_circuit_operator.py took 0.033 seconds
[2025-06-20T13:23:54.410+0000] {processor.py:153} INFO - Started process (PID=2426) to work on /home/airflow/.local/lib/python3.7/site-packages/airflow/example_dags/example_short_circuit_operator.py
[2025-06-20T13:23:54.410+0000] {processor.py:640} INFO - Processing file /home/airflow/.local/lib/python3.7/site-packages/airflow/example_dags/example_short_circuit_operator.py for tasks to queue
[2025-06-20T13:23:54.411+0000] {logging_mixin.py:115} INFO - [2025-06-20T13:23:54.411+0000] {dagbag.py:508} INFO - Filling up the DagBag from /home/airflow/.local/lib/python3.7/site-packages/airflow/example_dags/example_short_circuit_operator.py
[2025-06-20T13:23:54.415+0000] {processor.py:650} INFO - DAG(s) dict_keys(['example_short_circuit_operator']) retrieved from /home/airflow/.local/lib/python3.7/site-packages/airflow/example_dags/example_short_circuit_operator.py
[2025-06-20T13:23:54.426+0000] {logging_mixin.py:115} INFO - [2025-06-20T13:23:54.426+0000] {dag.py:2429} INFO - Sync 1 DAGs
[2025-06-20T13:23:54.435+0000] {logging_mixin.py:115} INFO - [2025-06-20T13:23:54.435+0000] {dag.py:2981} INFO - Setting next_dagrun for example_short_circuit_operator to 2025-06-19T13:23:54.435467+00:00, run_after=2025-06-20T13:23:54.435467+00:00
[2025-06-20T13:23:54.441+0000] {processor.py:161} INFO - Processing /home/airflow/.local/lib/python3.7/site-packages/airflow/example_dags/example_short_circuit_operator.py took 0.032 seconds
[2025-06-20T13:24:24.598+0000] {processor.py:153} INFO - Started process (PID=2487) to work on /home/airflow/.local/lib/python3.7/site-packages/airflow/example_dags/example_short_circuit_operator.py
[2025-06-20T13:24:24.599+0000] {processor.py:640} INFO - Processing file /home/airflow/.local/lib/python3.7/site-packages/airflow/example_dags/example_short_circuit_operator.py for tasks to queue
[2025-06-20T13:24:24.599+0000] {logging_mixin.py:115} INFO - [2025-06-20T13:24:24.599+0000] {dagbag.py:508} INFO - Filling up the DagBag from /home/airflow/.local/lib/python3.7/site-packages/airflow/example_dags/example_short_circuit_operator.py
[2025-06-20T13:24:24.605+0000] {processor.py:650} INFO - DAG(s) dict_keys(['example_short_circuit_operator']) retrieved from /home/airflow/.local/lib/python3.7/site-packages/airflow/example_dags/example_short_circuit_operator.py
[2025-06-20T13:24:24.620+0000] {logging_mixin.py:115} INFO - [2025-06-20T13:24:24.620+0000] {dag.py:2429} INFO - Sync 1 DAGs
[2025-06-20T13:24:24.630+0000] {logging_mixin.py:115} INFO - [2025-06-20T13:24:24.630+0000] {dag.py:2981} INFO - Setting next_dagrun for example_short_circuit_operator to 2025-06-19T13:24:24.630358+00:00, run_after=2025-06-20T13:24:24.630358+00:00
[2025-06-20T13:24:24.640+0000] {processor.py:161} INFO - Processing /home/airflow/.local/lib/python3.7/site-packages/airflow/example_dags/example_short_circuit_operator.py took 0.044 seconds
