[2025-06-20T12:58:52.009+0000] {processor.py:153} INFO - Started process (PID=40) to work on /home/airflow/.local/lib/python3.7/site-packages/airflow/example_dags/example_branch_python_dop_operator_3.py
[2025-06-20T12:58:52.009+0000] {processor.py:640} INFO - Processing file /home/airflow/.local/lib/python3.7/site-packages/airflow/example_dags/example_branch_python_dop_operator_3.py for tasks to queue
[2025-06-20T12:58:52.011+0000] {logging_mixin.py:115} INFO - [2025-06-20T12:58:52.011+0000] {dagbag.py:508} INFO - Filling up the DagBag from /home/airflow/.local/lib/python3.7/site-packages/airflow/example_dags/example_branch_python_dop_operator_3.py
[2025-06-20T12:58:52.018+0000] {processor.py:650} INFO - DAG(s) dict_keys(['example_branch_dop_operator_v3']) retrieved from /home/airflow/.local/lib/python3.7/site-packages/airflow/example_dags/example_branch_python_dop_operator_3.py
[2025-06-20T12:58:52.072+0000] {logging_mixin.py:115} INFO - [2025-06-20T12:58:52.072+0000] {manager.py:508} INFO - Created Permission View: can read on DAG:example_branch_dop_operator_v3
[2025-06-20T12:58:52.079+0000] {logging_mixin.py:115} INFO - [2025-06-20T12:58:52.079+0000] {manager.py:508} INFO - Created Permission View: can delete on DAG:example_branch_dop_operator_v3
[2025-06-20T12:58:52.085+0000] {logging_mixin.py:115} INFO - [2025-06-20T12:58:52.085+0000] {manager.py:508} INFO - Created Permission View: can edit on DAG:example_branch_dop_operator_v3
[2025-06-20T12:58:52.085+0000] {logging_mixin.py:115} INFO - [2025-06-20T12:58:52.085+0000] {dag.py:2429} INFO - Sync 1 DAGs
[2025-06-20T12:58:52.091+0000] {logging_mixin.py:115} INFO - [2025-06-20T12:58:52.091+0000] {dag.py:2448} INFO - Creating ORM DAG for example_branch_dop_operator_v3
[2025-06-20T12:58:52.101+0000] {logging_mixin.py:115} INFO - [2025-06-20T12:58:52.101+0000] {dag.py:2981} INFO - Setting next_dagrun for example_branch_dop_operator_v3 to 2025-06-20T12:57:00+00:00, run_after=2025-06-20T12:58:00+00:00
[2025-06-20T12:58:52.113+0000] {processor.py:161} INFO - Processing /home/airflow/.local/lib/python3.7/site-packages/airflow/example_dags/example_branch_python_dop_operator_3.py took 0.106 seconds
[2025-06-20T12:59:22.373+0000] {processor.py:153} INFO - Started process (PID=100) to work on /home/airflow/.local/lib/python3.7/site-packages/airflow/example_dags/example_branch_python_dop_operator_3.py
[2025-06-20T12:59:22.373+0000] {processor.py:640} INFO - Processing file /home/airflow/.local/lib/python3.7/site-packages/airflow/example_dags/example_branch_python_dop_operator_3.py for tasks to queue
[2025-06-20T12:59:22.373+0000] {logging_mixin.py:115} INFO - [2025-06-20T12:59:22.373+0000] {dagbag.py:508} INFO - Filling up the DagBag from /home/airflow/.local/lib/python3.7/site-packages/airflow/example_dags/example_branch_python_dop_operator_3.py
[2025-06-20T12:59:22.377+0000] {processor.py:650} INFO - DAG(s) dict_keys(['example_branch_dop_operator_v3']) retrieved from /home/airflow/.local/lib/python3.7/site-packages/airflow/example_dags/example_branch_python_dop_operator_3.py
[2025-06-20T12:59:22.394+0000] {logging_mixin.py:115} INFO - [2025-06-20T12:59:22.394+0000] {dag.py:2429} INFO - Sync 1 DAGs
[2025-06-20T12:59:22.405+0000] {logging_mixin.py:115} INFO - [2025-06-20T12:59:22.405+0000] {dag.py:2981} INFO - Setting next_dagrun for example_branch_dop_operator_v3 to 2025-06-20T12:58:00+00:00, run_after=2025-06-20T12:59:00+00:00
[2025-06-20T12:59:22.412+0000] {processor.py:161} INFO - Processing /home/airflow/.local/lib/python3.7/site-packages/airflow/example_dags/example_branch_python_dop_operator_3.py took 0.040 seconds
[2025-06-20T12:59:52.491+0000] {processor.py:153} INFO - Started process (PID=161) to work on /home/airflow/.local/lib/python3.7/site-packages/airflow/example_dags/example_branch_python_dop_operator_3.py
[2025-06-20T12:59:52.494+0000] {processor.py:640} INFO - Processing file /home/airflow/.local/lib/python3.7/site-packages/airflow/example_dags/example_branch_python_dop_operator_3.py for tasks to queue
[2025-06-20T12:59:52.494+0000] {logging_mixin.py:115} INFO - [2025-06-20T12:59:52.494+0000] {dagbag.py:508} INFO - Filling up the DagBag from /home/airflow/.local/lib/python3.7/site-packages/airflow/example_dags/example_branch_python_dop_operator_3.py
[2025-06-20T12:59:52.498+0000] {processor.py:650} INFO - DAG(s) dict_keys(['example_branch_dop_operator_v3']) retrieved from /home/airflow/.local/lib/python3.7/site-packages/airflow/example_dags/example_branch_python_dop_operator_3.py
[2025-06-20T12:59:52.509+0000] {logging_mixin.py:115} INFO - [2025-06-20T12:59:52.509+0000] {dag.py:2429} INFO - Sync 1 DAGs
[2025-06-20T12:59:52.519+0000] {logging_mixin.py:115} INFO - [2025-06-20T12:59:52.519+0000] {dag.py:2981} INFO - Setting next_dagrun for example_branch_dop_operator_v3 to 2025-06-20T12:58:00+00:00, run_after=2025-06-20T12:59:00+00:00
[2025-06-20T12:59:52.524+0000] {processor.py:161} INFO - Processing /home/airflow/.local/lib/python3.7/site-packages/airflow/example_dags/example_branch_python_dop_operator_3.py took 0.034 seconds
[2025-06-20T13:03:46.637+0000] {processor.py:153} INFO - Started process (PID=39) to work on /home/airflow/.local/lib/python3.7/site-packages/airflow/example_dags/example_branch_python_dop_operator_3.py
[2025-06-20T13:03:46.638+0000] {processor.py:640} INFO - Processing file /home/airflow/.local/lib/python3.7/site-packages/airflow/example_dags/example_branch_python_dop_operator_3.py for tasks to queue
[2025-06-20T13:03:46.639+0000] {logging_mixin.py:115} INFO - [2025-06-20T13:03:46.639+0000] {dagbag.py:508} INFO - Filling up the DagBag from /home/airflow/.local/lib/python3.7/site-packages/airflow/example_dags/example_branch_python_dop_operator_3.py
[2025-06-20T13:03:46.644+0000] {processor.py:650} INFO - DAG(s) dict_keys(['example_branch_dop_operator_v3']) retrieved from /home/airflow/.local/lib/python3.7/site-packages/airflow/example_dags/example_branch_python_dop_operator_3.py
[2025-06-20T13:03:46.695+0000] {logging_mixin.py:115} INFO - [2025-06-20T13:03:46.695+0000] {manager.py:508} INFO - Created Permission View: can delete on DAG:example_branch_dop_operator_v3
[2025-06-20T13:03:46.699+0000] {logging_mixin.py:115} INFO - [2025-06-20T13:03:46.699+0000] {manager.py:508} INFO - Created Permission View: can edit on DAG:example_branch_dop_operator_v3
[2025-06-20T13:03:46.704+0000] {logging_mixin.py:115} INFO - [2025-06-20T13:03:46.704+0000] {manager.py:508} INFO - Created Permission View: can read on DAG:example_branch_dop_operator_v3
[2025-06-20T13:03:46.704+0000] {logging_mixin.py:115} INFO - [2025-06-20T13:03:46.704+0000] {dag.py:2429} INFO - Sync 1 DAGs
[2025-06-20T13:03:46.710+0000] {logging_mixin.py:115} INFO - [2025-06-20T13:03:46.710+0000] {dag.py:2448} INFO - Creating ORM DAG for example_branch_dop_operator_v3
[2025-06-20T13:03:46.720+0000] {logging_mixin.py:115} INFO - [2025-06-20T13:03:46.720+0000] {dag.py:2981} INFO - Setting next_dagrun for example_branch_dop_operator_v3 to 2025-06-20T13:02:00+00:00, run_after=2025-06-20T13:03:00+00:00
[2025-06-20T13:03:46.728+0000] {processor.py:161} INFO - Processing /home/airflow/.local/lib/python3.7/site-packages/airflow/example_dags/example_branch_python_dop_operator_3.py took 0.093 seconds
[2025-06-20T13:04:17.188+0000] {processor.py:153} INFO - Started process (PID=100) to work on /home/airflow/.local/lib/python3.7/site-packages/airflow/example_dags/example_branch_python_dop_operator_3.py
[2025-06-20T13:04:17.189+0000] {processor.py:640} INFO - Processing file /home/airflow/.local/lib/python3.7/site-packages/airflow/example_dags/example_branch_python_dop_operator_3.py for tasks to queue
[2025-06-20T13:04:17.190+0000] {logging_mixin.py:115} INFO - [2025-06-20T13:04:17.189+0000] {dagbag.py:508} INFO - Filling up the DagBag from /home/airflow/.local/lib/python3.7/site-packages/airflow/example_dags/example_branch_python_dop_operator_3.py
[2025-06-20T13:04:17.194+0000] {processor.py:650} INFO - DAG(s) dict_keys(['example_branch_dop_operator_v3']) retrieved from /home/airflow/.local/lib/python3.7/site-packages/airflow/example_dags/example_branch_python_dop_operator_3.py
[2025-06-20T13:04:17.206+0000] {logging_mixin.py:115} INFO - [2025-06-20T13:04:17.205+0000] {dag.py:2429} INFO - Sync 1 DAGs
[2025-06-20T13:04:17.216+0000] {logging_mixin.py:115} INFO - [2025-06-20T13:04:17.216+0000] {dag.py:2981} INFO - Setting next_dagrun for example_branch_dop_operator_v3 to 2025-06-20T13:03:00+00:00, run_after=2025-06-20T13:04:00+00:00
[2025-06-20T13:04:17.223+0000] {processor.py:161} INFO - Processing /home/airflow/.local/lib/python3.7/site-packages/airflow/example_dags/example_branch_python_dop_operator_3.py took 0.036 seconds
[2025-06-20T13:04:47.348+0000] {processor.py:153} INFO - Started process (PID=161) to work on /home/airflow/.local/lib/python3.7/site-packages/airflow/example_dags/example_branch_python_dop_operator_3.py
[2025-06-20T13:04:47.351+0000] {processor.py:640} INFO - Processing file /home/airflow/.local/lib/python3.7/site-packages/airflow/example_dags/example_branch_python_dop_operator_3.py for tasks to queue
[2025-06-20T13:04:47.352+0000] {logging_mixin.py:115} INFO - [2025-06-20T13:04:47.352+0000] {dagbag.py:508} INFO - Filling up the DagBag from /home/airflow/.local/lib/python3.7/site-packages/airflow/example_dags/example_branch_python_dop_operator_3.py
[2025-06-20T13:04:47.356+0000] {processor.py:650} INFO - DAG(s) dict_keys(['example_branch_dop_operator_v3']) retrieved from /home/airflow/.local/lib/python3.7/site-packages/airflow/example_dags/example_branch_python_dop_operator_3.py
[2025-06-20T13:04:47.373+0000] {logging_mixin.py:115} INFO - [2025-06-20T13:04:47.373+0000] {dag.py:2429} INFO - Sync 1 DAGs
[2025-06-20T13:04:47.386+0000] {logging_mixin.py:115} INFO - [2025-06-20T13:04:47.386+0000] {dag.py:2981} INFO - Setting next_dagrun for example_branch_dop_operator_v3 to 2025-06-20T13:03:00+00:00, run_after=2025-06-20T13:04:00+00:00
[2025-06-20T13:04:47.392+0000] {processor.py:161} INFO - Processing /home/airflow/.local/lib/python3.7/site-packages/airflow/example_dags/example_branch_python_dop_operator_3.py took 0.045 seconds
[2025-06-20T13:05:17.581+0000] {processor.py:153} INFO - Started process (PID=221) to work on /home/airflow/.local/lib/python3.7/site-packages/airflow/example_dags/example_branch_python_dop_operator_3.py
[2025-06-20T13:05:17.582+0000] {processor.py:640} INFO - Processing file /home/airflow/.local/lib/python3.7/site-packages/airflow/example_dags/example_branch_python_dop_operator_3.py for tasks to queue
[2025-06-20T13:05:17.586+0000] {logging_mixin.py:115} INFO - [2025-06-20T13:05:17.586+0000] {dagbag.py:508} INFO - Filling up the DagBag from /home/airflow/.local/lib/python3.7/site-packages/airflow/example_dags/example_branch_python_dop_operator_3.py
[2025-06-20T13:05:17.595+0000] {processor.py:650} INFO - DAG(s) dict_keys(['example_branch_dop_operator_v3']) retrieved from /home/airflow/.local/lib/python3.7/site-packages/airflow/example_dags/example_branch_python_dop_operator_3.py
[2025-06-20T13:05:17.617+0000] {logging_mixin.py:115} INFO - [2025-06-20T13:05:17.617+0000] {dag.py:2429} INFO - Sync 1 DAGs
[2025-06-20T13:05:17.636+0000] {logging_mixin.py:115} INFO - [2025-06-20T13:05:17.636+0000] {dag.py:2981} INFO - Setting next_dagrun for example_branch_dop_operator_v3 to 2025-06-20T13:04:00+00:00, run_after=2025-06-20T13:05:00+00:00
[2025-06-20T13:05:17.647+0000] {processor.py:161} INFO - Processing /home/airflow/.local/lib/python3.7/site-packages/airflow/example_dags/example_branch_python_dop_operator_3.py took 0.069 seconds
[2025-06-20T13:05:47.776+0000] {processor.py:153} INFO - Started process (PID=273) to work on /home/airflow/.local/lib/python3.7/site-packages/airflow/example_dags/example_branch_python_dop_operator_3.py
[2025-06-20T13:05:47.778+0000] {processor.py:640} INFO - Processing file /home/airflow/.local/lib/python3.7/site-packages/airflow/example_dags/example_branch_python_dop_operator_3.py for tasks to queue
[2025-06-20T13:05:47.778+0000] {logging_mixin.py:115} INFO - [2025-06-20T13:05:47.778+0000] {dagbag.py:508} INFO - Filling up the DagBag from /home/airflow/.local/lib/python3.7/site-packages/airflow/example_dags/example_branch_python_dop_operator_3.py
[2025-06-20T13:05:47.784+0000] {processor.py:650} INFO - DAG(s) dict_keys(['example_branch_dop_operator_v3']) retrieved from /home/airflow/.local/lib/python3.7/site-packages/airflow/example_dags/example_branch_python_dop_operator_3.py
[2025-06-20T13:05:47.797+0000] {logging_mixin.py:115} INFO - [2025-06-20T13:05:47.796+0000] {dag.py:2429} INFO - Sync 1 DAGs
[2025-06-20T13:05:47.809+0000] {logging_mixin.py:115} INFO - [2025-06-20T13:05:47.809+0000] {dag.py:2981} INFO - Setting next_dagrun for example_branch_dop_operator_v3 to 2025-06-20T13:04:00+00:00, run_after=2025-06-20T13:05:00+00:00
[2025-06-20T13:05:47.814+0000] {processor.py:161} INFO - Processing /home/airflow/.local/lib/python3.7/site-packages/airflow/example_dags/example_branch_python_dop_operator_3.py took 0.040 seconds
[2025-06-20T13:06:18.076+0000] {processor.py:153} INFO - Started process (PID=334) to work on /home/airflow/.local/lib/python3.7/site-packages/airflow/example_dags/example_branch_python_dop_operator_3.py
[2025-06-20T13:06:18.077+0000] {processor.py:640} INFO - Processing file /home/airflow/.local/lib/python3.7/site-packages/airflow/example_dags/example_branch_python_dop_operator_3.py for tasks to queue
[2025-06-20T13:06:18.078+0000] {logging_mixin.py:115} INFO - [2025-06-20T13:06:18.078+0000] {dagbag.py:508} INFO - Filling up the DagBag from /home/airflow/.local/lib/python3.7/site-packages/airflow/example_dags/example_branch_python_dop_operator_3.py
[2025-06-20T13:06:18.084+0000] {processor.py:650} INFO - DAG(s) dict_keys(['example_branch_dop_operator_v3']) retrieved from /home/airflow/.local/lib/python3.7/site-packages/airflow/example_dags/example_branch_python_dop_operator_3.py
[2025-06-20T13:06:18.099+0000] {logging_mixin.py:115} INFO - [2025-06-20T13:06:18.099+0000] {dag.py:2429} INFO - Sync 1 DAGs
[2025-06-20T13:06:18.111+0000] {logging_mixin.py:115} INFO - [2025-06-20T13:06:18.111+0000] {dag.py:2981} INFO - Setting next_dagrun for example_branch_dop_operator_v3 to 2025-06-20T13:05:00+00:00, run_after=2025-06-20T13:06:00+00:00
[2025-06-20T13:06:18.120+0000] {processor.py:161} INFO - Processing /home/airflow/.local/lib/python3.7/site-packages/airflow/example_dags/example_branch_python_dop_operator_3.py took 0.046 seconds
[2025-06-20T13:06:48.335+0000] {processor.py:153} INFO - Started process (PID=394) to work on /home/airflow/.local/lib/python3.7/site-packages/airflow/example_dags/example_branch_python_dop_operator_3.py
[2025-06-20T13:06:48.336+0000] {processor.py:640} INFO - Processing file /home/airflow/.local/lib/python3.7/site-packages/airflow/example_dags/example_branch_python_dop_operator_3.py for tasks to queue
[2025-06-20T13:06:48.337+0000] {logging_mixin.py:115} INFO - [2025-06-20T13:06:48.337+0000] {dagbag.py:508} INFO - Filling up the DagBag from /home/airflow/.local/lib/python3.7/site-packages/airflow/example_dags/example_branch_python_dop_operator_3.py
[2025-06-20T13:06:48.342+0000] {processor.py:650} INFO - DAG(s) dict_keys(['example_branch_dop_operator_v3']) retrieved from /home/airflow/.local/lib/python3.7/site-packages/airflow/example_dags/example_branch_python_dop_operator_3.py
[2025-06-20T13:06:48.352+0000] {logging_mixin.py:115} INFO - [2025-06-20T13:06:48.352+0000] {dag.py:2429} INFO - Sync 1 DAGs
[2025-06-20T13:06:48.366+0000] {logging_mixin.py:115} INFO - [2025-06-20T13:06:48.366+0000] {dag.py:2981} INFO - Setting next_dagrun for example_branch_dop_operator_v3 to 2025-06-20T13:05:00+00:00, run_after=2025-06-20T13:06:00+00:00
[2025-06-20T13:06:48.372+0000] {processor.py:161} INFO - Processing /home/airflow/.local/lib/python3.7/site-packages/airflow/example_dags/example_branch_python_dop_operator_3.py took 0.038 seconds
[2025-06-20T13:07:18.425+0000] {processor.py:153} INFO - Started process (PID=455) to work on /home/airflow/.local/lib/python3.7/site-packages/airflow/example_dags/example_branch_python_dop_operator_3.py
[2025-06-20T13:07:18.428+0000] {processor.py:640} INFO - Processing file /home/airflow/.local/lib/python3.7/site-packages/airflow/example_dags/example_branch_python_dop_operator_3.py for tasks to queue
[2025-06-20T13:07:18.428+0000] {logging_mixin.py:115} INFO - [2025-06-20T13:07:18.428+0000] {dagbag.py:508} INFO - Filling up the DagBag from /home/airflow/.local/lib/python3.7/site-packages/airflow/example_dags/example_branch_python_dop_operator_3.py
[2025-06-20T13:07:18.433+0000] {processor.py:650} INFO - DAG(s) dict_keys(['example_branch_dop_operator_v3']) retrieved from /home/airflow/.local/lib/python3.7/site-packages/airflow/example_dags/example_branch_python_dop_operator_3.py
[2025-06-20T13:07:18.447+0000] {logging_mixin.py:115} INFO - [2025-06-20T13:07:18.447+0000] {dag.py:2429} INFO - Sync 1 DAGs
[2025-06-20T13:07:18.458+0000] {logging_mixin.py:115} INFO - [2025-06-20T13:07:18.458+0000] {dag.py:2981} INFO - Setting next_dagrun for example_branch_dop_operator_v3 to 2025-06-20T13:06:00+00:00, run_after=2025-06-20T13:07:00+00:00
[2025-06-20T13:07:18.465+0000] {processor.py:161} INFO - Processing /home/airflow/.local/lib/python3.7/site-packages/airflow/example_dags/example_branch_python_dop_operator_3.py took 0.042 seconds
[2025-06-20T13:07:48.540+0000] {processor.py:153} INFO - Started process (PID=516) to work on /home/airflow/.local/lib/python3.7/site-packages/airflow/example_dags/example_branch_python_dop_operator_3.py
[2025-06-20T13:07:48.540+0000] {processor.py:640} INFO - Processing file /home/airflow/.local/lib/python3.7/site-packages/airflow/example_dags/example_branch_python_dop_operator_3.py for tasks to queue
[2025-06-20T13:07:48.541+0000] {logging_mixin.py:115} INFO - [2025-06-20T13:07:48.541+0000] {dagbag.py:508} INFO - Filling up the DagBag from /home/airflow/.local/lib/python3.7/site-packages/airflow/example_dags/example_branch_python_dop_operator_3.py
[2025-06-20T13:07:48.545+0000] {processor.py:650} INFO - DAG(s) dict_keys(['example_branch_dop_operator_v3']) retrieved from /home/airflow/.local/lib/python3.7/site-packages/airflow/example_dags/example_branch_python_dop_operator_3.py
[2025-06-20T13:07:48.557+0000] {logging_mixin.py:115} INFO - [2025-06-20T13:07:48.557+0000] {dag.py:2429} INFO - Sync 1 DAGs
[2025-06-20T13:07:48.568+0000] {logging_mixin.py:115} INFO - [2025-06-20T13:07:48.568+0000] {dag.py:2981} INFO - Setting next_dagrun for example_branch_dop_operator_v3 to 2025-06-20T13:06:00+00:00, run_after=2025-06-20T13:07:00+00:00
[2025-06-20T13:07:48.575+0000] {processor.py:161} INFO - Processing /home/airflow/.local/lib/python3.7/site-packages/airflow/example_dags/example_branch_python_dop_operator_3.py took 0.037 seconds
[2025-06-20T13:08:18.645+0000] {processor.py:153} INFO - Started process (PID=568) to work on /home/airflow/.local/lib/python3.7/site-packages/airflow/example_dags/example_branch_python_dop_operator_3.py
[2025-06-20T13:08:18.647+0000] {processor.py:640} INFO - Processing file /home/airflow/.local/lib/python3.7/site-packages/airflow/example_dags/example_branch_python_dop_operator_3.py for tasks to queue
[2025-06-20T13:08:18.647+0000] {logging_mixin.py:115} INFO - [2025-06-20T13:08:18.647+0000] {dagbag.py:508} INFO - Filling up the DagBag from /home/airflow/.local/lib/python3.7/site-packages/airflow/example_dags/example_branch_python_dop_operator_3.py
[2025-06-20T13:08:18.652+0000] {processor.py:650} INFO - DAG(s) dict_keys(['example_branch_dop_operator_v3']) retrieved from /home/airflow/.local/lib/python3.7/site-packages/airflow/example_dags/example_branch_python_dop_operator_3.py
[2025-06-20T13:08:18.664+0000] {logging_mixin.py:115} INFO - [2025-06-20T13:08:18.664+0000] {dag.py:2429} INFO - Sync 1 DAGs
[2025-06-20T13:08:18.679+0000] {logging_mixin.py:115} INFO - [2025-06-20T13:08:18.679+0000] {dag.py:2981} INFO - Setting next_dagrun for example_branch_dop_operator_v3 to 2025-06-20T13:07:00+00:00, run_after=2025-06-20T13:08:00+00:00
[2025-06-20T13:08:18.684+0000] {processor.py:161} INFO - Processing /home/airflow/.local/lib/python3.7/site-packages/airflow/example_dags/example_branch_python_dop_operator_3.py took 0.040 seconds
[2025-06-20T13:08:48.769+0000] {processor.py:153} INFO - Started process (PID=629) to work on /home/airflow/.local/lib/python3.7/site-packages/airflow/example_dags/example_branch_python_dop_operator_3.py
[2025-06-20T13:08:48.773+0000] {processor.py:640} INFO - Processing file /home/airflow/.local/lib/python3.7/site-packages/airflow/example_dags/example_branch_python_dop_operator_3.py for tasks to queue
[2025-06-20T13:08:48.773+0000] {logging_mixin.py:115} INFO - [2025-06-20T13:08:48.773+0000] {dagbag.py:508} INFO - Filling up the DagBag from /home/airflow/.local/lib/python3.7/site-packages/airflow/example_dags/example_branch_python_dop_operator_3.py
[2025-06-20T13:08:48.777+0000] {processor.py:650} INFO - DAG(s) dict_keys(['example_branch_dop_operator_v3']) retrieved from /home/airflow/.local/lib/python3.7/site-packages/airflow/example_dags/example_branch_python_dop_operator_3.py
[2025-06-20T13:08:48.787+0000] {logging_mixin.py:115} INFO - [2025-06-20T13:08:48.786+0000] {dag.py:2429} INFO - Sync 1 DAGs
[2025-06-20T13:08:48.799+0000] {logging_mixin.py:115} INFO - [2025-06-20T13:08:48.799+0000] {dag.py:2981} INFO - Setting next_dagrun for example_branch_dop_operator_v3 to 2025-06-20T13:07:00+00:00, run_after=2025-06-20T13:08:00+00:00
[2025-06-20T13:08:48.803+0000] {processor.py:161} INFO - Processing /home/airflow/.local/lib/python3.7/site-packages/airflow/example_dags/example_branch_python_dop_operator_3.py took 0.036 seconds
[2025-06-20T13:09:18.900+0000] {processor.py:153} INFO - Started process (PID=690) to work on /home/airflow/.local/lib/python3.7/site-packages/airflow/example_dags/example_branch_python_dop_operator_3.py
[2025-06-20T13:09:18.901+0000] {processor.py:640} INFO - Processing file /home/airflow/.local/lib/python3.7/site-packages/airflow/example_dags/example_branch_python_dop_operator_3.py for tasks to queue
[2025-06-20T13:09:18.901+0000] {logging_mixin.py:115} INFO - [2025-06-20T13:09:18.901+0000] {dagbag.py:508} INFO - Filling up the DagBag from /home/airflow/.local/lib/python3.7/site-packages/airflow/example_dags/example_branch_python_dop_operator_3.py
[2025-06-20T13:09:18.906+0000] {processor.py:650} INFO - DAG(s) dict_keys(['example_branch_dop_operator_v3']) retrieved from /home/airflow/.local/lib/python3.7/site-packages/airflow/example_dags/example_branch_python_dop_operator_3.py
[2025-06-20T13:09:18.920+0000] {logging_mixin.py:115} INFO - [2025-06-20T13:09:18.920+0000] {dag.py:2429} INFO - Sync 1 DAGs
[2025-06-20T13:09:18.931+0000] {logging_mixin.py:115} INFO - [2025-06-20T13:09:18.931+0000] {dag.py:2981} INFO - Setting next_dagrun for example_branch_dop_operator_v3 to 2025-06-20T13:08:00+00:00, run_after=2025-06-20T13:09:00+00:00
[2025-06-20T13:09:18.936+0000] {processor.py:161} INFO - Processing /home/airflow/.local/lib/python3.7/site-packages/airflow/example_dags/example_branch_python_dop_operator_3.py took 0.037 seconds
[2025-06-20T13:09:48.985+0000] {processor.py:153} INFO - Started process (PID=751) to work on /home/airflow/.local/lib/python3.7/site-packages/airflow/example_dags/example_branch_python_dop_operator_3.py
[2025-06-20T13:09:48.986+0000] {processor.py:640} INFO - Processing file /home/airflow/.local/lib/python3.7/site-packages/airflow/example_dags/example_branch_python_dop_operator_3.py for tasks to queue
[2025-06-20T13:09:48.986+0000] {logging_mixin.py:115} INFO - [2025-06-20T13:09:48.986+0000] {dagbag.py:508} INFO - Filling up the DagBag from /home/airflow/.local/lib/python3.7/site-packages/airflow/example_dags/example_branch_python_dop_operator_3.py
[2025-06-20T13:09:48.990+0000] {processor.py:650} INFO - DAG(s) dict_keys(['example_branch_dop_operator_v3']) retrieved from /home/airflow/.local/lib/python3.7/site-packages/airflow/example_dags/example_branch_python_dop_operator_3.py
[2025-06-20T13:09:49.005+0000] {logging_mixin.py:115} INFO - [2025-06-20T13:09:49.005+0000] {dag.py:2429} INFO - Sync 1 DAGs
[2025-06-20T13:09:49.017+0000] {logging_mixin.py:115} INFO - [2025-06-20T13:09:49.017+0000] {dag.py:2981} INFO - Setting next_dagrun for example_branch_dop_operator_v3 to 2025-06-20T13:08:00+00:00, run_after=2025-06-20T13:09:00+00:00
[2025-06-20T13:09:49.021+0000] {processor.py:161} INFO - Processing /home/airflow/.local/lib/python3.7/site-packages/airflow/example_dags/example_branch_python_dop_operator_3.py took 0.038 seconds
[2025-06-20T13:10:19.076+0000] {processor.py:153} INFO - Started process (PID=812) to work on /home/airflow/.local/lib/python3.7/site-packages/airflow/example_dags/example_branch_python_dop_operator_3.py
[2025-06-20T13:10:19.078+0000] {processor.py:640} INFO - Processing file /home/airflow/.local/lib/python3.7/site-packages/airflow/example_dags/example_branch_python_dop_operator_3.py for tasks to queue
[2025-06-20T13:10:19.078+0000] {logging_mixin.py:115} INFO - [2025-06-20T13:10:19.078+0000] {dagbag.py:508} INFO - Filling up the DagBag from /home/airflow/.local/lib/python3.7/site-packages/airflow/example_dags/example_branch_python_dop_operator_3.py
[2025-06-20T13:10:19.082+0000] {processor.py:650} INFO - DAG(s) dict_keys(['example_branch_dop_operator_v3']) retrieved from /home/airflow/.local/lib/python3.7/site-packages/airflow/example_dags/example_branch_python_dop_operator_3.py
[2025-06-20T13:10:19.095+0000] {logging_mixin.py:115} INFO - [2025-06-20T13:10:19.095+0000] {dag.py:2429} INFO - Sync 1 DAGs
[2025-06-20T13:10:19.107+0000] {logging_mixin.py:115} INFO - [2025-06-20T13:10:19.107+0000] {dag.py:2981} INFO - Setting next_dagrun for example_branch_dop_operator_v3 to 2025-06-20T13:09:00+00:00, run_after=2025-06-20T13:10:00+00:00
[2025-06-20T13:10:19.111+0000] {processor.py:161} INFO - Processing /home/airflow/.local/lib/python3.7/site-packages/airflow/example_dags/example_branch_python_dop_operator_3.py took 0.037 seconds
[2025-06-20T13:10:49.179+0000] {processor.py:153} INFO - Started process (PID=873) to work on /home/airflow/.local/lib/python3.7/site-packages/airflow/example_dags/example_branch_python_dop_operator_3.py
[2025-06-20T13:10:49.180+0000] {processor.py:640} INFO - Processing file /home/airflow/.local/lib/python3.7/site-packages/airflow/example_dags/example_branch_python_dop_operator_3.py for tasks to queue
[2025-06-20T13:10:49.181+0000] {logging_mixin.py:115} INFO - [2025-06-20T13:10:49.181+0000] {dagbag.py:508} INFO - Filling up the DagBag from /home/airflow/.local/lib/python3.7/site-packages/airflow/example_dags/example_branch_python_dop_operator_3.py
[2025-06-20T13:10:49.189+0000] {processor.py:650} INFO - DAG(s) dict_keys(['example_branch_dop_operator_v3']) retrieved from /home/airflow/.local/lib/python3.7/site-packages/airflow/example_dags/example_branch_python_dop_operator_3.py
[2025-06-20T13:10:49.204+0000] {logging_mixin.py:115} INFO - [2025-06-20T13:10:49.204+0000] {dag.py:2429} INFO - Sync 1 DAGs
[2025-06-20T13:10:49.223+0000] {logging_mixin.py:115} INFO - [2025-06-20T13:10:49.223+0000] {dag.py:2981} INFO - Setting next_dagrun for example_branch_dop_operator_v3 to 2025-06-20T13:09:00+00:00, run_after=2025-06-20T13:10:00+00:00
[2025-06-20T13:10:49.235+0000] {processor.py:161} INFO - Processing /home/airflow/.local/lib/python3.7/site-packages/airflow/example_dags/example_branch_python_dop_operator_3.py took 0.059 seconds
[2025-06-20T13:11:19.312+0000] {processor.py:153} INFO - Started process (PID=925) to work on /home/airflow/.local/lib/python3.7/site-packages/airflow/example_dags/example_branch_python_dop_operator_3.py
[2025-06-20T13:11:19.313+0000] {processor.py:640} INFO - Processing file /home/airflow/.local/lib/python3.7/site-packages/airflow/example_dags/example_branch_python_dop_operator_3.py for tasks to queue
[2025-06-20T13:11:19.313+0000] {logging_mixin.py:115} INFO - [2025-06-20T13:11:19.313+0000] {dagbag.py:508} INFO - Filling up the DagBag from /home/airflow/.local/lib/python3.7/site-packages/airflow/example_dags/example_branch_python_dop_operator_3.py
[2025-06-20T13:11:19.318+0000] {processor.py:650} INFO - DAG(s) dict_keys(['example_branch_dop_operator_v3']) retrieved from /home/airflow/.local/lib/python3.7/site-packages/airflow/example_dags/example_branch_python_dop_operator_3.py
[2025-06-20T13:11:19.328+0000] {logging_mixin.py:115} INFO - [2025-06-20T13:11:19.328+0000] {dag.py:2429} INFO - Sync 1 DAGs
[2025-06-20T13:11:19.341+0000] {logging_mixin.py:115} INFO - [2025-06-20T13:11:19.341+0000] {dag.py:2981} INFO - Setting next_dagrun for example_branch_dop_operator_v3 to 2025-06-20T13:10:00+00:00, run_after=2025-06-20T13:11:00+00:00
[2025-06-20T13:11:19.346+0000] {processor.py:161} INFO - Processing /home/airflow/.local/lib/python3.7/site-packages/airflow/example_dags/example_branch_python_dop_operator_3.py took 0.035 seconds
[2025-06-20T13:11:49.528+0000] {processor.py:153} INFO - Started process (PID=986) to work on /home/airflow/.local/lib/python3.7/site-packages/airflow/example_dags/example_branch_python_dop_operator_3.py
[2025-06-20T13:11:49.528+0000] {processor.py:640} INFO - Processing file /home/airflow/.local/lib/python3.7/site-packages/airflow/example_dags/example_branch_python_dop_operator_3.py for tasks to queue
[2025-06-20T13:11:49.529+0000] {logging_mixin.py:115} INFO - [2025-06-20T13:11:49.528+0000] {dagbag.py:508} INFO - Filling up the DagBag from /home/airflow/.local/lib/python3.7/site-packages/airflow/example_dags/example_branch_python_dop_operator_3.py
[2025-06-20T13:11:49.532+0000] {processor.py:650} INFO - DAG(s) dict_keys(['example_branch_dop_operator_v3']) retrieved from /home/airflow/.local/lib/python3.7/site-packages/airflow/example_dags/example_branch_python_dop_operator_3.py
[2025-06-20T13:11:49.543+0000] {logging_mixin.py:115} INFO - [2025-06-20T13:11:49.543+0000] {dag.py:2429} INFO - Sync 1 DAGs
[2025-06-20T13:11:49.554+0000] {logging_mixin.py:115} INFO - [2025-06-20T13:11:49.554+0000] {dag.py:2981} INFO - Setting next_dagrun for example_branch_dop_operator_v3 to 2025-06-20T13:10:00+00:00, run_after=2025-06-20T13:11:00+00:00
[2025-06-20T13:11:49.559+0000] {processor.py:161} INFO - Processing /home/airflow/.local/lib/python3.7/site-packages/airflow/example_dags/example_branch_python_dop_operator_3.py took 0.033 seconds
[2025-06-20T13:12:19.647+0000] {processor.py:153} INFO - Started process (PID=1047) to work on /home/airflow/.local/lib/python3.7/site-packages/airflow/example_dags/example_branch_python_dop_operator_3.py
[2025-06-20T13:12:19.649+0000] {processor.py:640} INFO - Processing file /home/airflow/.local/lib/python3.7/site-packages/airflow/example_dags/example_branch_python_dop_operator_3.py for tasks to queue
[2025-06-20T13:12:19.650+0000] {logging_mixin.py:115} INFO - [2025-06-20T13:12:19.650+0000] {dagbag.py:508} INFO - Filling up the DagBag from /home/airflow/.local/lib/python3.7/site-packages/airflow/example_dags/example_branch_python_dop_operator_3.py
[2025-06-20T13:12:19.655+0000] {processor.py:650} INFO - DAG(s) dict_keys(['example_branch_dop_operator_v3']) retrieved from /home/airflow/.local/lib/python3.7/site-packages/airflow/example_dags/example_branch_python_dop_operator_3.py
[2025-06-20T13:12:19.668+0000] {logging_mixin.py:115} INFO - [2025-06-20T13:12:19.668+0000] {dag.py:2429} INFO - Sync 1 DAGs
[2025-06-20T13:12:19.680+0000] {logging_mixin.py:115} INFO - [2025-06-20T13:12:19.680+0000] {dag.py:2981} INFO - Setting next_dagrun for example_branch_dop_operator_v3 to 2025-06-20T13:11:00+00:00, run_after=2025-06-20T13:12:00+00:00
[2025-06-20T13:12:19.685+0000] {processor.py:161} INFO - Processing /home/airflow/.local/lib/python3.7/site-packages/airflow/example_dags/example_branch_python_dop_operator_3.py took 0.040 seconds
[2025-06-20T13:12:49.779+0000] {processor.py:153} INFO - Started process (PID=1108) to work on /home/airflow/.local/lib/python3.7/site-packages/airflow/example_dags/example_branch_python_dop_operator_3.py
[2025-06-20T13:12:49.780+0000] {processor.py:640} INFO - Processing file /home/airflow/.local/lib/python3.7/site-packages/airflow/example_dags/example_branch_python_dop_operator_3.py for tasks to queue
[2025-06-20T13:12:49.780+0000] {logging_mixin.py:115} INFO - [2025-06-20T13:12:49.780+0000] {dagbag.py:508} INFO - Filling up the DagBag from /home/airflow/.local/lib/python3.7/site-packages/airflow/example_dags/example_branch_python_dop_operator_3.py
[2025-06-20T13:12:49.788+0000] {processor.py:650} INFO - DAG(s) dict_keys(['example_branch_dop_operator_v3']) retrieved from /home/airflow/.local/lib/python3.7/site-packages/airflow/example_dags/example_branch_python_dop_operator_3.py
[2025-06-20T13:12:49.799+0000] {logging_mixin.py:115} INFO - [2025-06-20T13:12:49.799+0000] {dag.py:2429} INFO - Sync 1 DAGs
[2025-06-20T13:12:49.812+0000] {logging_mixin.py:115} INFO - [2025-06-20T13:12:49.811+0000] {dag.py:2981} INFO - Setting next_dagrun for example_branch_dop_operator_v3 to 2025-06-20T13:11:00+00:00, run_after=2025-06-20T13:12:00+00:00
[2025-06-20T13:12:49.817+0000] {processor.py:161} INFO - Processing /home/airflow/.local/lib/python3.7/site-packages/airflow/example_dags/example_branch_python_dop_operator_3.py took 0.040 seconds
[2025-06-20T13:13:19.901+0000] {processor.py:153} INFO - Started process (PID=1169) to work on /home/airflow/.local/lib/python3.7/site-packages/airflow/example_dags/example_branch_python_dop_operator_3.py
[2025-06-20T13:13:19.902+0000] {processor.py:640} INFO - Processing file /home/airflow/.local/lib/python3.7/site-packages/airflow/example_dags/example_branch_python_dop_operator_3.py for tasks to queue
[2025-06-20T13:13:19.902+0000] {logging_mixin.py:115} INFO - [2025-06-20T13:13:19.902+0000] {dagbag.py:508} INFO - Filling up the DagBag from /home/airflow/.local/lib/python3.7/site-packages/airflow/example_dags/example_branch_python_dop_operator_3.py
[2025-06-20T13:13:19.907+0000] {processor.py:650} INFO - DAG(s) dict_keys(['example_branch_dop_operator_v3']) retrieved from /home/airflow/.local/lib/python3.7/site-packages/airflow/example_dags/example_branch_python_dop_operator_3.py
[2025-06-20T13:13:19.916+0000] {logging_mixin.py:115} INFO - [2025-06-20T13:13:19.916+0000] {dag.py:2429} INFO - Sync 1 DAGs
[2025-06-20T13:13:19.928+0000] {logging_mixin.py:115} INFO - [2025-06-20T13:13:19.928+0000] {dag.py:2981} INFO - Setting next_dagrun for example_branch_dop_operator_v3 to 2025-06-20T13:12:00+00:00, run_after=2025-06-20T13:13:00+00:00
[2025-06-20T13:13:19.932+0000] {processor.py:161} INFO - Processing /home/airflow/.local/lib/python3.7/site-packages/airflow/example_dags/example_branch_python_dop_operator_3.py took 0.032 seconds
[2025-06-20T13:13:50.068+0000] {processor.py:153} INFO - Started process (PID=1221) to work on /home/airflow/.local/lib/python3.7/site-packages/airflow/example_dags/example_branch_python_dop_operator_3.py
[2025-06-20T13:13:50.068+0000] {processor.py:640} INFO - Processing file /home/airflow/.local/lib/python3.7/site-packages/airflow/example_dags/example_branch_python_dop_operator_3.py for tasks to queue
[2025-06-20T13:13:50.069+0000] {logging_mixin.py:115} INFO - [2025-06-20T13:13:50.068+0000] {dagbag.py:508} INFO - Filling up the DagBag from /home/airflow/.local/lib/python3.7/site-packages/airflow/example_dags/example_branch_python_dop_operator_3.py
[2025-06-20T13:13:50.074+0000] {processor.py:650} INFO - DAG(s) dict_keys(['example_branch_dop_operator_v3']) retrieved from /home/airflow/.local/lib/python3.7/site-packages/airflow/example_dags/example_branch_python_dop_operator_3.py
[2025-06-20T13:13:50.087+0000] {logging_mixin.py:115} INFO - [2025-06-20T13:13:50.087+0000] {dag.py:2429} INFO - Sync 1 DAGs
[2025-06-20T13:13:50.098+0000] {logging_mixin.py:115} INFO - [2025-06-20T13:13:50.098+0000] {dag.py:2981} INFO - Setting next_dagrun for example_branch_dop_operator_v3 to 2025-06-20T13:12:00+00:00, run_after=2025-06-20T13:13:00+00:00
[2025-06-20T13:13:50.104+0000] {processor.py:161} INFO - Processing /home/airflow/.local/lib/python3.7/site-packages/airflow/example_dags/example_branch_python_dop_operator_3.py took 0.038 seconds
[2025-06-20T13:14:20.336+0000] {processor.py:153} INFO - Started process (PID=1282) to work on /home/airflow/.local/lib/python3.7/site-packages/airflow/example_dags/example_branch_python_dop_operator_3.py
[2025-06-20T13:14:20.336+0000] {processor.py:640} INFO - Processing file /home/airflow/.local/lib/python3.7/site-packages/airflow/example_dags/example_branch_python_dop_operator_3.py for tasks to queue
[2025-06-20T13:14:20.338+0000] {logging_mixin.py:115} INFO - [2025-06-20T13:14:20.338+0000] {dagbag.py:508} INFO - Filling up the DagBag from /home/airflow/.local/lib/python3.7/site-packages/airflow/example_dags/example_branch_python_dop_operator_3.py
[2025-06-20T13:14:20.342+0000] {processor.py:650} INFO - DAG(s) dict_keys(['example_branch_dop_operator_v3']) retrieved from /home/airflow/.local/lib/python3.7/site-packages/airflow/example_dags/example_branch_python_dop_operator_3.py
[2025-06-20T13:14:20.358+0000] {logging_mixin.py:115} INFO - [2025-06-20T13:14:20.357+0000] {dag.py:2429} INFO - Sync 1 DAGs
[2025-06-20T13:14:20.371+0000] {logging_mixin.py:115} INFO - [2025-06-20T13:14:20.371+0000] {dag.py:2981} INFO - Setting next_dagrun for example_branch_dop_operator_v3 to 2025-06-20T13:13:00+00:00, run_after=2025-06-20T13:14:00+00:00
[2025-06-20T13:14:20.376+0000] {processor.py:161} INFO - Processing /home/airflow/.local/lib/python3.7/site-packages/airflow/example_dags/example_branch_python_dop_operator_3.py took 0.041 seconds
[2025-06-20T13:14:50.409+0000] {processor.py:153} INFO - Started process (PID=1343) to work on /home/airflow/.local/lib/python3.7/site-packages/airflow/example_dags/example_branch_python_dop_operator_3.py
[2025-06-20T13:14:50.409+0000] {processor.py:640} INFO - Processing file /home/airflow/.local/lib/python3.7/site-packages/airflow/example_dags/example_branch_python_dop_operator_3.py for tasks to queue
[2025-06-20T13:14:50.410+0000] {logging_mixin.py:115} INFO - [2025-06-20T13:14:50.409+0000] {dagbag.py:508} INFO - Filling up the DagBag from /home/airflow/.local/lib/python3.7/site-packages/airflow/example_dags/example_branch_python_dop_operator_3.py
[2025-06-20T13:14:50.413+0000] {processor.py:650} INFO - DAG(s) dict_keys(['example_branch_dop_operator_v3']) retrieved from /home/airflow/.local/lib/python3.7/site-packages/airflow/example_dags/example_branch_python_dop_operator_3.py
[2025-06-20T13:14:50.424+0000] {logging_mixin.py:115} INFO - [2025-06-20T13:14:50.424+0000] {dag.py:2429} INFO - Sync 1 DAGs
[2025-06-20T13:14:50.435+0000] {logging_mixin.py:115} INFO - [2025-06-20T13:14:50.434+0000] {dag.py:2981} INFO - Setting next_dagrun for example_branch_dop_operator_v3 to 2025-06-20T13:13:00+00:00, run_after=2025-06-20T13:14:00+00:00
[2025-06-20T13:14:50.439+0000] {processor.py:161} INFO - Processing /home/airflow/.local/lib/python3.7/site-packages/airflow/example_dags/example_branch_python_dop_operator_3.py took 0.032 seconds
[2025-06-20T13:15:20.535+0000] {processor.py:153} INFO - Started process (PID=1404) to work on /home/airflow/.local/lib/python3.7/site-packages/airflow/example_dags/example_branch_python_dop_operator_3.py
[2025-06-20T13:15:20.538+0000] {processor.py:640} INFO - Processing file /home/airflow/.local/lib/python3.7/site-packages/airflow/example_dags/example_branch_python_dop_operator_3.py for tasks to queue
[2025-06-20T13:15:20.538+0000] {logging_mixin.py:115} INFO - [2025-06-20T13:15:20.538+0000] {dagbag.py:508} INFO - Filling up the DagBag from /home/airflow/.local/lib/python3.7/site-packages/airflow/example_dags/example_branch_python_dop_operator_3.py
[2025-06-20T13:15:20.542+0000] {processor.py:650} INFO - DAG(s) dict_keys(['example_branch_dop_operator_v3']) retrieved from /home/airflow/.local/lib/python3.7/site-packages/airflow/example_dags/example_branch_python_dop_operator_3.py
[2025-06-20T13:15:20.552+0000] {logging_mixin.py:115} INFO - [2025-06-20T13:15:20.552+0000] {dag.py:2429} INFO - Sync 1 DAGs
[2025-06-20T13:15:20.564+0000] {logging_mixin.py:115} INFO - [2025-06-20T13:15:20.564+0000] {dag.py:2981} INFO - Setting next_dagrun for example_branch_dop_operator_v3 to 2025-06-20T13:14:00+00:00, run_after=2025-06-20T13:15:00+00:00
[2025-06-20T13:15:20.569+0000] {processor.py:161} INFO - Processing /home/airflow/.local/lib/python3.7/site-packages/airflow/example_dags/example_branch_python_dop_operator_3.py took 0.035 seconds
[2025-06-20T13:15:50.669+0000] {processor.py:153} INFO - Started process (PID=1465) to work on /home/airflow/.local/lib/python3.7/site-packages/airflow/example_dags/example_branch_python_dop_operator_3.py
[2025-06-20T13:15:50.670+0000] {processor.py:640} INFO - Processing file /home/airflow/.local/lib/python3.7/site-packages/airflow/example_dags/example_branch_python_dop_operator_3.py for tasks to queue
[2025-06-20T13:15:50.671+0000] {logging_mixin.py:115} INFO - [2025-06-20T13:15:50.671+0000] {dagbag.py:508} INFO - Filling up the DagBag from /home/airflow/.local/lib/python3.7/site-packages/airflow/example_dags/example_branch_python_dop_operator_3.py
[2025-06-20T13:15:50.675+0000] {processor.py:650} INFO - DAG(s) dict_keys(['example_branch_dop_operator_v3']) retrieved from /home/airflow/.local/lib/python3.7/site-packages/airflow/example_dags/example_branch_python_dop_operator_3.py
[2025-06-20T13:15:50.688+0000] {logging_mixin.py:115} INFO - [2025-06-20T13:15:50.688+0000] {dag.py:2429} INFO - Sync 1 DAGs
[2025-06-20T13:15:50.699+0000] {logging_mixin.py:115} INFO - [2025-06-20T13:15:50.699+0000] {dag.py:2981} INFO - Setting next_dagrun for example_branch_dop_operator_v3 to 2025-06-20T13:14:00+00:00, run_after=2025-06-20T13:15:00+00:00
[2025-06-20T13:15:50.704+0000] {processor.py:161} INFO - Processing /home/airflow/.local/lib/python3.7/site-packages/airflow/example_dags/example_branch_python_dop_operator_3.py took 0.037 seconds
[2025-06-20T13:16:20.739+0000] {processor.py:153} INFO - Started process (PID=1526) to work on /home/airflow/.local/lib/python3.7/site-packages/airflow/example_dags/example_branch_python_dop_operator_3.py
[2025-06-20T13:16:20.740+0000] {processor.py:640} INFO - Processing file /home/airflow/.local/lib/python3.7/site-packages/airflow/example_dags/example_branch_python_dop_operator_3.py for tasks to queue
[2025-06-20T13:16:20.740+0000] {logging_mixin.py:115} INFO - [2025-06-20T13:16:20.740+0000] {dagbag.py:508} INFO - Filling up the DagBag from /home/airflow/.local/lib/python3.7/site-packages/airflow/example_dags/example_branch_python_dop_operator_3.py
[2025-06-20T13:16:20.746+0000] {processor.py:650} INFO - DAG(s) dict_keys(['example_branch_dop_operator_v3']) retrieved from /home/airflow/.local/lib/python3.7/site-packages/airflow/example_dags/example_branch_python_dop_operator_3.py
[2025-06-20T13:16:20.771+0000] {logging_mixin.py:115} INFO - [2025-06-20T13:16:20.771+0000] {dag.py:2429} INFO - Sync 1 DAGs
[2025-06-20T13:16:20.791+0000] {logging_mixin.py:115} INFO - [2025-06-20T13:16:20.791+0000] {dag.py:2981} INFO - Setting next_dagrun for example_branch_dop_operator_v3 to 2025-06-20T13:15:00+00:00, run_after=2025-06-20T13:16:00+00:00
[2025-06-20T13:16:20.801+0000] {processor.py:161} INFO - Processing /home/airflow/.local/lib/python3.7/site-packages/airflow/example_dags/example_branch_python_dop_operator_3.py took 0.064 seconds
[2025-06-20T13:16:51.092+0000] {processor.py:153} INFO - Started process (PID=1578) to work on /home/airflow/.local/lib/python3.7/site-packages/airflow/example_dags/example_branch_python_dop_operator_3.py
[2025-06-20T13:16:51.093+0000] {processor.py:640} INFO - Processing file /home/airflow/.local/lib/python3.7/site-packages/airflow/example_dags/example_branch_python_dop_operator_3.py for tasks to queue
[2025-06-20T13:16:51.093+0000] {logging_mixin.py:115} INFO - [2025-06-20T13:16:51.093+0000] {dagbag.py:508} INFO - Filling up the DagBag from /home/airflow/.local/lib/python3.7/site-packages/airflow/example_dags/example_branch_python_dop_operator_3.py
[2025-06-20T13:16:51.098+0000] {processor.py:650} INFO - DAG(s) dict_keys(['example_branch_dop_operator_v3']) retrieved from /home/airflow/.local/lib/python3.7/site-packages/airflow/example_dags/example_branch_python_dop_operator_3.py
[2025-06-20T13:16:51.109+0000] {logging_mixin.py:115} INFO - [2025-06-20T13:16:51.109+0000] {dag.py:2429} INFO - Sync 1 DAGs
[2025-06-20T13:16:51.121+0000] {logging_mixin.py:115} INFO - [2025-06-20T13:16:51.121+0000] {dag.py:2981} INFO - Setting next_dagrun for example_branch_dop_operator_v3 to 2025-06-20T13:15:00+00:00, run_after=2025-06-20T13:16:00+00:00
[2025-06-20T13:16:51.126+0000] {processor.py:161} INFO - Processing /home/airflow/.local/lib/python3.7/site-packages/airflow/example_dags/example_branch_python_dop_operator_3.py took 0.036 seconds
[2025-06-20T13:17:21.243+0000] {processor.py:153} INFO - Started process (PID=1639) to work on /home/airflow/.local/lib/python3.7/site-packages/airflow/example_dags/example_branch_python_dop_operator_3.py
[2025-06-20T13:17:21.245+0000] {processor.py:640} INFO - Processing file /home/airflow/.local/lib/python3.7/site-packages/airflow/example_dags/example_branch_python_dop_operator_3.py for tasks to queue
[2025-06-20T13:17:21.245+0000] {logging_mixin.py:115} INFO - [2025-06-20T13:17:21.245+0000] {dagbag.py:508} INFO - Filling up the DagBag from /home/airflow/.local/lib/python3.7/site-packages/airflow/example_dags/example_branch_python_dop_operator_3.py
[2025-06-20T13:17:21.250+0000] {processor.py:650} INFO - DAG(s) dict_keys(['example_branch_dop_operator_v3']) retrieved from /home/airflow/.local/lib/python3.7/site-packages/airflow/example_dags/example_branch_python_dop_operator_3.py
[2025-06-20T13:17:21.261+0000] {logging_mixin.py:115} INFO - [2025-06-20T13:17:21.261+0000] {dag.py:2429} INFO - Sync 1 DAGs
[2025-06-20T13:17:21.272+0000] {logging_mixin.py:115} INFO - [2025-06-20T13:17:21.272+0000] {dag.py:2981} INFO - Setting next_dagrun for example_branch_dop_operator_v3 to 2025-06-20T13:16:00+00:00, run_after=2025-06-20T13:17:00+00:00
[2025-06-20T13:17:21.277+0000] {processor.py:161} INFO - Processing /home/airflow/.local/lib/python3.7/site-packages/airflow/example_dags/example_branch_python_dop_operator_3.py took 0.036 seconds
[2025-06-20T13:17:51.359+0000] {processor.py:153} INFO - Started process (PID=1700) to work on /home/airflow/.local/lib/python3.7/site-packages/airflow/example_dags/example_branch_python_dop_operator_3.py
[2025-06-20T13:17:51.360+0000] {processor.py:640} INFO - Processing file /home/airflow/.local/lib/python3.7/site-packages/airflow/example_dags/example_branch_python_dop_operator_3.py for tasks to queue
[2025-06-20T13:17:51.360+0000] {logging_mixin.py:115} INFO - [2025-06-20T13:17:51.360+0000] {dagbag.py:508} INFO - Filling up the DagBag from /home/airflow/.local/lib/python3.7/site-packages/airflow/example_dags/example_branch_python_dop_operator_3.py
[2025-06-20T13:17:51.364+0000] {processor.py:650} INFO - DAG(s) dict_keys(['example_branch_dop_operator_v3']) retrieved from /home/airflow/.local/lib/python3.7/site-packages/airflow/example_dags/example_branch_python_dop_operator_3.py
[2025-06-20T13:17:51.374+0000] {logging_mixin.py:115} INFO - [2025-06-20T13:17:51.374+0000] {dag.py:2429} INFO - Sync 1 DAGs
[2025-06-20T13:17:51.387+0000] {logging_mixin.py:115} INFO - [2025-06-20T13:17:51.386+0000] {dag.py:2981} INFO - Setting next_dagrun for example_branch_dop_operator_v3 to 2025-06-20T13:16:00+00:00, run_after=2025-06-20T13:17:00+00:00
[2025-06-20T13:17:51.391+0000] {processor.py:161} INFO - Processing /home/airflow/.local/lib/python3.7/site-packages/airflow/example_dags/example_branch_python_dop_operator_3.py took 0.033 seconds
[2025-06-20T13:18:21.462+0000] {processor.py:153} INFO - Started process (PID=1761) to work on /home/airflow/.local/lib/python3.7/site-packages/airflow/example_dags/example_branch_python_dop_operator_3.py
[2025-06-20T13:18:21.463+0000] {processor.py:640} INFO - Processing file /home/airflow/.local/lib/python3.7/site-packages/airflow/example_dags/example_branch_python_dop_operator_3.py for tasks to queue
[2025-06-20T13:18:21.463+0000] {logging_mixin.py:115} INFO - [2025-06-20T13:18:21.463+0000] {dagbag.py:508} INFO - Filling up the DagBag from /home/airflow/.local/lib/python3.7/site-packages/airflow/example_dags/example_branch_python_dop_operator_3.py
[2025-06-20T13:18:21.468+0000] {processor.py:650} INFO - DAG(s) dict_keys(['example_branch_dop_operator_v3']) retrieved from /home/airflow/.local/lib/python3.7/site-packages/airflow/example_dags/example_branch_python_dop_operator_3.py
[2025-06-20T13:18:21.481+0000] {logging_mixin.py:115} INFO - [2025-06-20T13:18:21.481+0000] {dag.py:2429} INFO - Sync 1 DAGs
[2025-06-20T13:18:21.492+0000] {logging_mixin.py:115} INFO - [2025-06-20T13:18:21.492+0000] {dag.py:2981} INFO - Setting next_dagrun for example_branch_dop_operator_v3 to 2025-06-20T13:17:00+00:00, run_after=2025-06-20T13:18:00+00:00
[2025-06-20T13:18:21.496+0000] {processor.py:161} INFO - Processing /home/airflow/.local/lib/python3.7/site-packages/airflow/example_dags/example_branch_python_dop_operator_3.py took 0.036 seconds
[2025-06-20T13:18:51.675+0000] {processor.py:153} INFO - Started process (PID=1822) to work on /home/airflow/.local/lib/python3.7/site-packages/airflow/example_dags/example_branch_python_dop_operator_3.py
[2025-06-20T13:18:51.676+0000] {processor.py:640} INFO - Processing file /home/airflow/.local/lib/python3.7/site-packages/airflow/example_dags/example_branch_python_dop_operator_3.py for tasks to queue
[2025-06-20T13:18:51.679+0000] {logging_mixin.py:115} INFO - [2025-06-20T13:18:51.679+0000] {dagbag.py:508} INFO - Filling up the DagBag from /home/airflow/.local/lib/python3.7/site-packages/airflow/example_dags/example_branch_python_dop_operator_3.py
[2025-06-20T13:18:51.684+0000] {processor.py:650} INFO - DAG(s) dict_keys(['example_branch_dop_operator_v3']) retrieved from /home/airflow/.local/lib/python3.7/site-packages/airflow/example_dags/example_branch_python_dop_operator_3.py
[2025-06-20T13:18:51.696+0000] {logging_mixin.py:115} INFO - [2025-06-20T13:18:51.696+0000] {dag.py:2429} INFO - Sync 1 DAGs
[2025-06-20T13:18:51.708+0000] {logging_mixin.py:115} INFO - [2025-06-20T13:18:51.707+0000] {dag.py:2981} INFO - Setting next_dagrun for example_branch_dop_operator_v3 to 2025-06-20T13:17:00+00:00, run_after=2025-06-20T13:18:00+00:00
[2025-06-20T13:18:51.712+0000] {processor.py:161} INFO - Processing /home/airflow/.local/lib/python3.7/site-packages/airflow/example_dags/example_branch_python_dop_operator_3.py took 0.038 seconds
[2025-06-20T13:19:21.788+0000] {processor.py:153} INFO - Started process (PID=1880) to work on /home/airflow/.local/lib/python3.7/site-packages/airflow/example_dags/example_branch_python_dop_operator_3.py
[2025-06-20T13:19:21.789+0000] {processor.py:640} INFO - Processing file /home/airflow/.local/lib/python3.7/site-packages/airflow/example_dags/example_branch_python_dop_operator_3.py for tasks to queue
[2025-06-20T13:19:21.789+0000] {logging_mixin.py:115} INFO - [2025-06-20T13:19:21.789+0000] {dagbag.py:508} INFO - Filling up the DagBag from /home/airflow/.local/lib/python3.7/site-packages/airflow/example_dags/example_branch_python_dop_operator_3.py
[2025-06-20T13:19:21.794+0000] {processor.py:650} INFO - DAG(s) dict_keys(['example_branch_dop_operator_v3']) retrieved from /home/airflow/.local/lib/python3.7/site-packages/airflow/example_dags/example_branch_python_dop_operator_3.py
[2025-06-20T13:19:21.807+0000] {logging_mixin.py:115} INFO - [2025-06-20T13:19:21.806+0000] {dag.py:2429} INFO - Sync 1 DAGs
[2025-06-20T13:19:21.818+0000] {logging_mixin.py:115} INFO - [2025-06-20T13:19:21.818+0000] {dag.py:2981} INFO - Setting next_dagrun for example_branch_dop_operator_v3 to 2025-06-20T13:18:00+00:00, run_after=2025-06-20T13:19:00+00:00
[2025-06-20T13:19:21.825+0000] {processor.py:161} INFO - Processing /home/airflow/.local/lib/python3.7/site-packages/airflow/example_dags/example_branch_python_dop_operator_3.py took 0.039 seconds
[2025-06-20T13:19:51.954+0000] {processor.py:153} INFO - Started process (PID=1935) to work on /home/airflow/.local/lib/python3.7/site-packages/airflow/example_dags/example_branch_python_dop_operator_3.py
[2025-06-20T13:19:51.954+0000] {processor.py:640} INFO - Processing file /home/airflow/.local/lib/python3.7/site-packages/airflow/example_dags/example_branch_python_dop_operator_3.py for tasks to queue
[2025-06-20T13:19:51.955+0000] {logging_mixin.py:115} INFO - [2025-06-20T13:19:51.955+0000] {dagbag.py:508} INFO - Filling up the DagBag from /home/airflow/.local/lib/python3.7/site-packages/airflow/example_dags/example_branch_python_dop_operator_3.py
[2025-06-20T13:19:51.959+0000] {processor.py:650} INFO - DAG(s) dict_keys(['example_branch_dop_operator_v3']) retrieved from /home/airflow/.local/lib/python3.7/site-packages/airflow/example_dags/example_branch_python_dop_operator_3.py
[2025-06-20T13:19:51.971+0000] {logging_mixin.py:115} INFO - [2025-06-20T13:19:51.971+0000] {dag.py:2429} INFO - Sync 1 DAGs
[2025-06-20T13:19:51.985+0000] {logging_mixin.py:115} INFO - [2025-06-20T13:19:51.985+0000] {dag.py:2981} INFO - Setting next_dagrun for example_branch_dop_operator_v3 to 2025-06-20T13:18:00+00:00, run_after=2025-06-20T13:19:00+00:00
[2025-06-20T13:19:51.991+0000] {processor.py:161} INFO - Processing /home/airflow/.local/lib/python3.7/site-packages/airflow/example_dags/example_branch_python_dop_operator_3.py took 0.039 seconds
[2025-06-20T13:20:22.046+0000] {processor.py:153} INFO - Started process (PID=1996) to work on /home/airflow/.local/lib/python3.7/site-packages/airflow/example_dags/example_branch_python_dop_operator_3.py
[2025-06-20T13:20:22.046+0000] {processor.py:640} INFO - Processing file /home/airflow/.local/lib/python3.7/site-packages/airflow/example_dags/example_branch_python_dop_operator_3.py for tasks to queue
[2025-06-20T13:20:22.047+0000] {logging_mixin.py:115} INFO - [2025-06-20T13:20:22.047+0000] {dagbag.py:508} INFO - Filling up the DagBag from /home/airflow/.local/lib/python3.7/site-packages/airflow/example_dags/example_branch_python_dop_operator_3.py
[2025-06-20T13:20:22.051+0000] {processor.py:650} INFO - DAG(s) dict_keys(['example_branch_dop_operator_v3']) retrieved from /home/airflow/.local/lib/python3.7/site-packages/airflow/example_dags/example_branch_python_dop_operator_3.py
[2025-06-20T13:20:22.060+0000] {logging_mixin.py:115} INFO - [2025-06-20T13:20:22.060+0000] {dag.py:2429} INFO - Sync 1 DAGs
[2025-06-20T13:20:22.072+0000] {logging_mixin.py:115} INFO - [2025-06-20T13:20:22.072+0000] {dag.py:2981} INFO - Setting next_dagrun for example_branch_dop_operator_v3 to 2025-06-20T13:19:00+00:00, run_after=2025-06-20T13:20:00+00:00
[2025-06-20T13:20:22.077+0000] {processor.py:161} INFO - Processing /home/airflow/.local/lib/python3.7/site-packages/airflow/example_dags/example_branch_python_dop_operator_3.py took 0.033 seconds
[2025-06-20T13:20:52.226+0000] {processor.py:153} INFO - Started process (PID=2057) to work on /home/airflow/.local/lib/python3.7/site-packages/airflow/example_dags/example_branch_python_dop_operator_3.py
[2025-06-20T13:20:52.228+0000] {processor.py:640} INFO - Processing file /home/airflow/.local/lib/python3.7/site-packages/airflow/example_dags/example_branch_python_dop_operator_3.py for tasks to queue
[2025-06-20T13:20:52.228+0000] {logging_mixin.py:115} INFO - [2025-06-20T13:20:52.228+0000] {dagbag.py:508} INFO - Filling up the DagBag from /home/airflow/.local/lib/python3.7/site-packages/airflow/example_dags/example_branch_python_dop_operator_3.py
[2025-06-20T13:20:52.233+0000] {processor.py:650} INFO - DAG(s) dict_keys(['example_branch_dop_operator_v3']) retrieved from /home/airflow/.local/lib/python3.7/site-packages/airflow/example_dags/example_branch_python_dop_operator_3.py
[2025-06-20T13:20:52.245+0000] {logging_mixin.py:115} INFO - [2025-06-20T13:20:52.245+0000] {dag.py:2429} INFO - Sync 1 DAGs
[2025-06-20T13:20:52.257+0000] {logging_mixin.py:115} INFO - [2025-06-20T13:20:52.257+0000] {dag.py:2981} INFO - Setting next_dagrun for example_branch_dop_operator_v3 to 2025-06-20T13:19:00+00:00, run_after=2025-06-20T13:20:00+00:00
[2025-06-20T13:20:52.263+0000] {processor.py:161} INFO - Processing /home/airflow/.local/lib/python3.7/site-packages/airflow/example_dags/example_branch_python_dop_operator_3.py took 0.038 seconds
[2025-06-20T13:21:22.336+0000] {processor.py:153} INFO - Started process (PID=2118) to work on /home/airflow/.local/lib/python3.7/site-packages/airflow/example_dags/example_branch_python_dop_operator_3.py
[2025-06-20T13:21:22.337+0000] {processor.py:640} INFO - Processing file /home/airflow/.local/lib/python3.7/site-packages/airflow/example_dags/example_branch_python_dop_operator_3.py for tasks to queue
[2025-06-20T13:21:22.337+0000] {logging_mixin.py:115} INFO - [2025-06-20T13:21:22.337+0000] {dagbag.py:508} INFO - Filling up the DagBag from /home/airflow/.local/lib/python3.7/site-packages/airflow/example_dags/example_branch_python_dop_operator_3.py
[2025-06-20T13:21:22.342+0000] {processor.py:650} INFO - DAG(s) dict_keys(['example_branch_dop_operator_v3']) retrieved from /home/airflow/.local/lib/python3.7/site-packages/airflow/example_dags/example_branch_python_dop_operator_3.py
[2025-06-20T13:21:22.357+0000] {logging_mixin.py:115} INFO - [2025-06-20T13:21:22.357+0000] {dag.py:2429} INFO - Sync 1 DAGs
[2025-06-20T13:21:22.377+0000] {logging_mixin.py:115} INFO - [2025-06-20T13:21:22.377+0000] {dag.py:2981} INFO - Setting next_dagrun for example_branch_dop_operator_v3 to 2025-06-20T13:20:00+00:00, run_after=2025-06-20T13:21:00+00:00
[2025-06-20T13:21:22.388+0000] {processor.py:161} INFO - Processing /home/airflow/.local/lib/python3.7/site-packages/airflow/example_dags/example_branch_python_dop_operator_3.py took 0.054 seconds
[2025-06-20T13:21:52.512+0000] {processor.py:153} INFO - Started process (PID=2179) to work on /home/airflow/.local/lib/python3.7/site-packages/airflow/example_dags/example_branch_python_dop_operator_3.py
[2025-06-20T13:21:52.513+0000] {processor.py:640} INFO - Processing file /home/airflow/.local/lib/python3.7/site-packages/airflow/example_dags/example_branch_python_dop_operator_3.py for tasks to queue
[2025-06-20T13:21:52.514+0000] {logging_mixin.py:115} INFO - [2025-06-20T13:21:52.514+0000] {dagbag.py:508} INFO - Filling up the DagBag from /home/airflow/.local/lib/python3.7/site-packages/airflow/example_dags/example_branch_python_dop_operator_3.py
[2025-06-20T13:21:52.519+0000] {processor.py:650} INFO - DAG(s) dict_keys(['example_branch_dop_operator_v3']) retrieved from /home/airflow/.local/lib/python3.7/site-packages/airflow/example_dags/example_branch_python_dop_operator_3.py
[2025-06-20T13:21:52.530+0000] {logging_mixin.py:115} INFO - [2025-06-20T13:21:52.529+0000] {dag.py:2429} INFO - Sync 1 DAGs
[2025-06-20T13:21:52.541+0000] {logging_mixin.py:115} INFO - [2025-06-20T13:21:52.541+0000] {dag.py:2981} INFO - Setting next_dagrun for example_branch_dop_operator_v3 to 2025-06-20T13:20:00+00:00, run_after=2025-06-20T13:21:00+00:00
[2025-06-20T13:21:52.545+0000] {processor.py:161} INFO - Processing /home/airflow/.local/lib/python3.7/site-packages/airflow/example_dags/example_branch_python_dop_operator_3.py took 0.035 seconds
[2025-06-20T13:22:22.615+0000] {processor.py:153} INFO - Started process (PID=2231) to work on /home/airflow/.local/lib/python3.7/site-packages/airflow/example_dags/example_branch_python_dop_operator_3.py
[2025-06-20T13:22:22.619+0000] {processor.py:640} INFO - Processing file /home/airflow/.local/lib/python3.7/site-packages/airflow/example_dags/example_branch_python_dop_operator_3.py for tasks to queue
[2025-06-20T13:22:22.619+0000] {logging_mixin.py:115} INFO - [2025-06-20T13:22:22.619+0000] {dagbag.py:508} INFO - Filling up the DagBag from /home/airflow/.local/lib/python3.7/site-packages/airflow/example_dags/example_branch_python_dop_operator_3.py
[2025-06-20T13:22:22.624+0000] {processor.py:650} INFO - DAG(s) dict_keys(['example_branch_dop_operator_v3']) retrieved from /home/airflow/.local/lib/python3.7/site-packages/airflow/example_dags/example_branch_python_dop_operator_3.py
[2025-06-20T13:22:22.636+0000] {logging_mixin.py:115} INFO - [2025-06-20T13:22:22.636+0000] {dag.py:2429} INFO - Sync 1 DAGs
[2025-06-20T13:22:22.648+0000] {logging_mixin.py:115} INFO - [2025-06-20T13:22:22.648+0000] {dag.py:2981} INFO - Setting next_dagrun for example_branch_dop_operator_v3 to 2025-06-20T13:21:00+00:00, run_after=2025-06-20T13:22:00+00:00
[2025-06-20T13:22:22.656+0000] {processor.py:161} INFO - Processing /home/airflow/.local/lib/python3.7/site-packages/airflow/example_dags/example_branch_python_dop_operator_3.py took 0.042 seconds
[2025-06-20T13:22:52.689+0000] {processor.py:153} INFO - Started process (PID=2292) to work on /home/airflow/.local/lib/python3.7/site-packages/airflow/example_dags/example_branch_python_dop_operator_3.py
[2025-06-20T13:22:52.690+0000] {processor.py:640} INFO - Processing file /home/airflow/.local/lib/python3.7/site-packages/airflow/example_dags/example_branch_python_dop_operator_3.py for tasks to queue
[2025-06-20T13:22:52.690+0000] {logging_mixin.py:115} INFO - [2025-06-20T13:22:52.690+0000] {dagbag.py:508} INFO - Filling up the DagBag from /home/airflow/.local/lib/python3.7/site-packages/airflow/example_dags/example_branch_python_dop_operator_3.py
[2025-06-20T13:22:52.697+0000] {processor.py:650} INFO - DAG(s) dict_keys(['example_branch_dop_operator_v3']) retrieved from /home/airflow/.local/lib/python3.7/site-packages/airflow/example_dags/example_branch_python_dop_operator_3.py
[2025-06-20T13:22:52.707+0000] {logging_mixin.py:115} INFO - [2025-06-20T13:22:52.707+0000] {dag.py:2429} INFO - Sync 1 DAGs
[2025-06-20T13:22:52.720+0000] {logging_mixin.py:115} INFO - [2025-06-20T13:22:52.720+0000] {dag.py:2981} INFO - Setting next_dagrun for example_branch_dop_operator_v3 to 2025-06-20T13:21:00+00:00, run_after=2025-06-20T13:22:00+00:00
[2025-06-20T13:22:52.724+0000] {processor.py:161} INFO - Processing /home/airflow/.local/lib/python3.7/site-packages/airflow/example_dags/example_branch_python_dop_operator_3.py took 0.037 seconds
[2025-06-20T13:23:22.876+0000] {processor.py:153} INFO - Started process (PID=2353) to work on /home/airflow/.local/lib/python3.7/site-packages/airflow/example_dags/example_branch_python_dop_operator_3.py
[2025-06-20T13:23:22.877+0000] {processor.py:640} INFO - Processing file /home/airflow/.local/lib/python3.7/site-packages/airflow/example_dags/example_branch_python_dop_operator_3.py for tasks to queue
[2025-06-20T13:23:22.879+0000] {logging_mixin.py:115} INFO - [2025-06-20T13:23:22.879+0000] {dagbag.py:508} INFO - Filling up the DagBag from /home/airflow/.local/lib/python3.7/site-packages/airflow/example_dags/example_branch_python_dop_operator_3.py
[2025-06-20T13:23:22.886+0000] {processor.py:650} INFO - DAG(s) dict_keys(['example_branch_dop_operator_v3']) retrieved from /home/airflow/.local/lib/python3.7/site-packages/airflow/example_dags/example_branch_python_dop_operator_3.py
[2025-06-20T13:23:22.900+0000] {logging_mixin.py:115} INFO - [2025-06-20T13:23:22.900+0000] {dag.py:2429} INFO - Sync 1 DAGs
[2025-06-20T13:23:22.913+0000] {logging_mixin.py:115} INFO - [2025-06-20T13:23:22.913+0000] {dag.py:2981} INFO - Setting next_dagrun for example_branch_dop_operator_v3 to 2025-06-20T13:22:00+00:00, run_after=2025-06-20T13:23:00+00:00
[2025-06-20T13:23:22.919+0000] {processor.py:161} INFO - Processing /home/airflow/.local/lib/python3.7/site-packages/airflow/example_dags/example_branch_python_dop_operator_3.py took 0.044 seconds
[2025-06-20T13:23:53.085+0000] {processor.py:153} INFO - Started process (PID=2414) to work on /home/airflow/.local/lib/python3.7/site-packages/airflow/example_dags/example_branch_python_dop_operator_3.py
[2025-06-20T13:23:53.088+0000] {processor.py:640} INFO - Processing file /home/airflow/.local/lib/python3.7/site-packages/airflow/example_dags/example_branch_python_dop_operator_3.py for tasks to queue
[2025-06-20T13:23:53.088+0000] {logging_mixin.py:115} INFO - [2025-06-20T13:23:53.088+0000] {dagbag.py:508} INFO - Filling up the DagBag from /home/airflow/.local/lib/python3.7/site-packages/airflow/example_dags/example_branch_python_dop_operator_3.py
[2025-06-20T13:23:53.093+0000] {processor.py:650} INFO - DAG(s) dict_keys(['example_branch_dop_operator_v3']) retrieved from /home/airflow/.local/lib/python3.7/site-packages/airflow/example_dags/example_branch_python_dop_operator_3.py
[2025-06-20T13:23:53.103+0000] {logging_mixin.py:115} INFO - [2025-06-20T13:23:53.103+0000] {dag.py:2429} INFO - Sync 1 DAGs
[2025-06-20T13:23:53.114+0000] {logging_mixin.py:115} INFO - [2025-06-20T13:23:53.114+0000] {dag.py:2981} INFO - Setting next_dagrun for example_branch_dop_operator_v3 to 2025-06-20T13:22:00+00:00, run_after=2025-06-20T13:23:00+00:00
[2025-06-20T13:23:53.119+0000] {processor.py:161} INFO - Processing /home/airflow/.local/lib/python3.7/site-packages/airflow/example_dags/example_branch_python_dop_operator_3.py took 0.036 seconds
[2025-06-20T13:24:23.214+0000] {processor.py:153} INFO - Started process (PID=2475) to work on /home/airflow/.local/lib/python3.7/site-packages/airflow/example_dags/example_branch_python_dop_operator_3.py
[2025-06-20T13:24:23.215+0000] {processor.py:640} INFO - Processing file /home/airflow/.local/lib/python3.7/site-packages/airflow/example_dags/example_branch_python_dop_operator_3.py for tasks to queue
[2025-06-20T13:24:23.216+0000] {logging_mixin.py:115} INFO - [2025-06-20T13:24:23.216+0000] {dagbag.py:508} INFO - Filling up the DagBag from /home/airflow/.local/lib/python3.7/site-packages/airflow/example_dags/example_branch_python_dop_operator_3.py
[2025-06-20T13:24:23.221+0000] {processor.py:650} INFO - DAG(s) dict_keys(['example_branch_dop_operator_v3']) retrieved from /home/airflow/.local/lib/python3.7/site-packages/airflow/example_dags/example_branch_python_dop_operator_3.py
[2025-06-20T13:24:23.234+0000] {logging_mixin.py:115} INFO - [2025-06-20T13:24:23.234+0000] {dag.py:2429} INFO - Sync 1 DAGs
[2025-06-20T13:24:23.248+0000] {logging_mixin.py:115} INFO - [2025-06-20T13:24:23.248+0000] {dag.py:2981} INFO - Setting next_dagrun for example_branch_dop_operator_v3 to 2025-06-20T13:23:00+00:00, run_after=2025-06-20T13:24:00+00:00
[2025-06-20T13:24:23.258+0000] {processor.py:161} INFO - Processing /home/airflow/.local/lib/python3.7/site-packages/airflow/example_dags/example_branch_python_dop_operator_3.py took 0.047 seconds
