[2025-06-20T12:58:52.123+0000] {processor.py:153} INFO - Started process (PID=42) to work on /home/airflow/.local/lib/python3.7/site-packages/airflow/example_dags/example_branch_operator.py
[2025-06-20T12:58:52.124+0000] {processor.py:640} INFO - Processing file /home/airflow/.local/lib/python3.7/site-packages/airflow/example_dags/example_branch_operator.py for tasks to queue
[2025-06-20T12:58:52.124+0000] {logging_mixin.py:115} INFO - [2025-06-20T12:58:52.124+0000] {dagbag.py:508} INFO - Filling up the DagBag from /home/airflow/.local/lib/python3.7/site-packages/airflow/example_dags/example_branch_operator.py
[2025-06-20T12:58:52.130+0000] {processor.py:650} INFO - DAG(s) dict_keys(['example_branch_operator']) retrieved from /home/airflow/.local/lib/python3.7/site-packages/airflow/example_dags/example_branch_operator.py
[2025-06-20T12:58:52.183+0000] {logging_mixin.py:115} INFO - [2025-06-20T12:58:52.183+0000] {manager.py:508} INFO - Created Permission View: can read on DAG:example_branch_operator
[2025-06-20T12:58:52.189+0000] {logging_mixin.py:115} INFO - [2025-06-20T12:58:52.189+0000] {manager.py:508} INFO - Created Permission View: can delete on DAG:example_branch_operator
[2025-06-20T12:58:52.194+0000] {logging_mixin.py:115} INFO - [2025-06-20T12:58:52.194+0000] {manager.py:508} INFO - Created Permission View: can edit on DAG:example_branch_operator
[2025-06-20T12:58:52.194+0000] {logging_mixin.py:115} INFO - [2025-06-20T12:58:52.194+0000] {dag.py:2429} INFO - Sync 1 DAGs
[2025-06-20T12:58:52.199+0000] {logging_mixin.py:115} INFO - [2025-06-20T12:58:52.199+0000] {dag.py:2448} INFO - Creating ORM DAG for example_branch_operator
[2025-06-20T12:58:52.205+0000] {logging_mixin.py:115} INFO - [2025-06-20T12:58:52.205+0000] {dag.py:2981} INFO - Setting next_dagrun for example_branch_operator to 2025-06-19T00:00:00+00:00, run_after=2025-06-20T00:00:00+00:00
[2025-06-20T12:58:52.215+0000] {processor.py:161} INFO - Processing /home/airflow/.local/lib/python3.7/site-packages/airflow/example_dags/example_branch_operator.py took 0.094 seconds
[2025-06-20T12:59:22.421+0000] {processor.py:153} INFO - Started process (PID=102) to work on /home/airflow/.local/lib/python3.7/site-packages/airflow/example_dags/example_branch_operator.py
[2025-06-20T12:59:22.422+0000] {processor.py:640} INFO - Processing file /home/airflow/.local/lib/python3.7/site-packages/airflow/example_dags/example_branch_operator.py for tasks to queue
[2025-06-20T12:59:22.422+0000] {logging_mixin.py:115} INFO - [2025-06-20T12:59:22.422+0000] {dagbag.py:508} INFO - Filling up the DagBag from /home/airflow/.local/lib/python3.7/site-packages/airflow/example_dags/example_branch_operator.py
[2025-06-20T12:59:22.428+0000] {processor.py:650} INFO - DAG(s) dict_keys(['example_branch_operator']) retrieved from /home/airflow/.local/lib/python3.7/site-packages/airflow/example_dags/example_branch_operator.py
[2025-06-20T12:59:22.438+0000] {logging_mixin.py:115} INFO - [2025-06-20T12:59:22.438+0000] {dag.py:2429} INFO - Sync 1 DAGs
[2025-06-20T12:59:22.448+0000] {logging_mixin.py:115} INFO - [2025-06-20T12:59:22.448+0000] {dag.py:2981} INFO - Setting next_dagrun for example_branch_operator to 2025-06-19T00:00:00+00:00, run_after=2025-06-20T00:00:00+00:00
[2025-06-20T12:59:22.456+0000] {processor.py:161} INFO - Processing /home/airflow/.local/lib/python3.7/site-packages/airflow/example_dags/example_branch_operator.py took 0.037 seconds
[2025-06-20T12:59:52.565+0000] {processor.py:153} INFO - Started process (PID=163) to work on /home/airflow/.local/lib/python3.7/site-packages/airflow/example_dags/example_branch_operator.py
[2025-06-20T12:59:52.565+0000] {processor.py:640} INFO - Processing file /home/airflow/.local/lib/python3.7/site-packages/airflow/example_dags/example_branch_operator.py for tasks to queue
[2025-06-20T12:59:52.565+0000] {logging_mixin.py:115} INFO - [2025-06-20T12:59:52.565+0000] {dagbag.py:508} INFO - Filling up the DagBag from /home/airflow/.local/lib/python3.7/site-packages/airflow/example_dags/example_branch_operator.py
[2025-06-20T12:59:52.570+0000] {processor.py:650} INFO - DAG(s) dict_keys(['example_branch_operator']) retrieved from /home/airflow/.local/lib/python3.7/site-packages/airflow/example_dags/example_branch_operator.py
[2025-06-20T12:59:52.584+0000] {logging_mixin.py:115} INFO - [2025-06-20T12:59:52.584+0000] {dag.py:2429} INFO - Sync 1 DAGs
[2025-06-20T12:59:52.596+0000] {logging_mixin.py:115} INFO - [2025-06-20T12:59:52.596+0000] {dag.py:2981} INFO - Setting next_dagrun for example_branch_operator to 2025-06-19T00:00:00+00:00, run_after=2025-06-20T00:00:00+00:00
[2025-06-20T12:59:52.601+0000] {processor.py:161} INFO - Processing /home/airflow/.local/lib/python3.7/site-packages/airflow/example_dags/example_branch_operator.py took 0.038 seconds
[2025-06-20T13:03:46.736+0000] {processor.py:153} INFO - Started process (PID=41) to work on /home/airflow/.local/lib/python3.7/site-packages/airflow/example_dags/example_branch_operator.py
[2025-06-20T13:03:46.740+0000] {processor.py:640} INFO - Processing file /home/airflow/.local/lib/python3.7/site-packages/airflow/example_dags/example_branch_operator.py for tasks to queue
[2025-06-20T13:03:46.741+0000] {logging_mixin.py:115} INFO - [2025-06-20T13:03:46.741+0000] {dagbag.py:508} INFO - Filling up the DagBag from /home/airflow/.local/lib/python3.7/site-packages/airflow/example_dags/example_branch_operator.py
[2025-06-20T13:03:46.747+0000] {processor.py:650} INFO - DAG(s) dict_keys(['example_branch_operator']) retrieved from /home/airflow/.local/lib/python3.7/site-packages/airflow/example_dags/example_branch_operator.py
[2025-06-20T13:03:46.787+0000] {logging_mixin.py:115} INFO - [2025-06-20T13:03:46.787+0000] {manager.py:508} INFO - Created Permission View: can delete on DAG:example_branch_operator
[2025-06-20T13:03:46.792+0000] {logging_mixin.py:115} INFO - [2025-06-20T13:03:46.792+0000] {manager.py:508} INFO - Created Permission View: can edit on DAG:example_branch_operator
[2025-06-20T13:03:46.796+0000] {logging_mixin.py:115} INFO - [2025-06-20T13:03:46.796+0000] {manager.py:508} INFO - Created Permission View: can read on DAG:example_branch_operator
[2025-06-20T13:03:46.796+0000] {logging_mixin.py:115} INFO - [2025-06-20T13:03:46.796+0000] {dag.py:2429} INFO - Sync 1 DAGs
[2025-06-20T13:03:46.801+0000] {logging_mixin.py:115} INFO - [2025-06-20T13:03:46.801+0000] {dag.py:2448} INFO - Creating ORM DAG for example_branch_operator
[2025-06-20T13:03:46.808+0000] {logging_mixin.py:115} INFO - [2025-06-20T13:03:46.808+0000] {dag.py:2981} INFO - Setting next_dagrun for example_branch_operator to 2025-06-19T00:00:00+00:00, run_after=2025-06-20T00:00:00+00:00
[2025-06-20T13:03:46.819+0000] {processor.py:161} INFO - Processing /home/airflow/.local/lib/python3.7/site-packages/airflow/example_dags/example_branch_operator.py took 0.084 seconds
[2025-06-20T13:04:17.232+0000] {processor.py:153} INFO - Started process (PID=102) to work on /home/airflow/.local/lib/python3.7/site-packages/airflow/example_dags/example_branch_operator.py
[2025-06-20T13:04:17.236+0000] {processor.py:640} INFO - Processing file /home/airflow/.local/lib/python3.7/site-packages/airflow/example_dags/example_branch_operator.py for tasks to queue
[2025-06-20T13:04:17.237+0000] {logging_mixin.py:115} INFO - [2025-06-20T13:04:17.237+0000] {dagbag.py:508} INFO - Filling up the DagBag from /home/airflow/.local/lib/python3.7/site-packages/airflow/example_dags/example_branch_operator.py
[2025-06-20T13:04:17.246+0000] {processor.py:650} INFO - DAG(s) dict_keys(['example_branch_operator']) retrieved from /home/airflow/.local/lib/python3.7/site-packages/airflow/example_dags/example_branch_operator.py
[2025-06-20T13:04:17.258+0000] {logging_mixin.py:115} INFO - [2025-06-20T13:04:17.258+0000] {dag.py:2429} INFO - Sync 1 DAGs
[2025-06-20T13:04:17.269+0000] {logging_mixin.py:115} INFO - [2025-06-20T13:04:17.269+0000] {dag.py:2981} INFO - Setting next_dagrun for example_branch_operator to 2025-06-19T00:00:00+00:00, run_after=2025-06-20T00:00:00+00:00
[2025-06-20T13:04:17.275+0000] {processor.py:161} INFO - Processing /home/airflow/.local/lib/python3.7/site-packages/airflow/example_dags/example_branch_operator.py took 0.044 seconds
[2025-06-20T13:04:47.435+0000] {processor.py:153} INFO - Started process (PID=163) to work on /home/airflow/.local/lib/python3.7/site-packages/airflow/example_dags/example_branch_operator.py
[2025-06-20T13:04:47.436+0000] {processor.py:640} INFO - Processing file /home/airflow/.local/lib/python3.7/site-packages/airflow/example_dags/example_branch_operator.py for tasks to queue
[2025-06-20T13:04:47.436+0000] {logging_mixin.py:115} INFO - [2025-06-20T13:04:47.436+0000] {dagbag.py:508} INFO - Filling up the DagBag from /home/airflow/.local/lib/python3.7/site-packages/airflow/example_dags/example_branch_operator.py
[2025-06-20T13:04:47.441+0000] {processor.py:650} INFO - DAG(s) dict_keys(['example_branch_operator']) retrieved from /home/airflow/.local/lib/python3.7/site-packages/airflow/example_dags/example_branch_operator.py
[2025-06-20T13:04:47.452+0000] {logging_mixin.py:115} INFO - [2025-06-20T13:04:47.451+0000] {dag.py:2429} INFO - Sync 1 DAGs
[2025-06-20T13:04:47.461+0000] {logging_mixin.py:115} INFO - [2025-06-20T13:04:47.461+0000] {dag.py:2981} INFO - Setting next_dagrun for example_branch_operator to 2025-06-19T00:00:00+00:00, run_after=2025-06-20T00:00:00+00:00
[2025-06-20T13:04:47.465+0000] {processor.py:161} INFO - Processing /home/airflow/.local/lib/python3.7/site-packages/airflow/example_dags/example_branch_operator.py took 0.032 seconds
[2025-06-20T13:05:17.664+0000] {processor.py:153} INFO - Started process (PID=223) to work on /home/airflow/.local/lib/python3.7/site-packages/airflow/example_dags/example_branch_operator.py
[2025-06-20T13:05:17.665+0000] {processor.py:640} INFO - Processing file /home/airflow/.local/lib/python3.7/site-packages/airflow/example_dags/example_branch_operator.py for tasks to queue
[2025-06-20T13:05:17.666+0000] {logging_mixin.py:115} INFO - [2025-06-20T13:05:17.666+0000] {dagbag.py:508} INFO - Filling up the DagBag from /home/airflow/.local/lib/python3.7/site-packages/airflow/example_dags/example_branch_operator.py
[2025-06-20T13:05:17.672+0000] {processor.py:650} INFO - DAG(s) dict_keys(['example_branch_operator']) retrieved from /home/airflow/.local/lib/python3.7/site-packages/airflow/example_dags/example_branch_operator.py
[2025-06-20T13:05:17.683+0000] {logging_mixin.py:115} INFO - [2025-06-20T13:05:17.683+0000] {dag.py:2429} INFO - Sync 1 DAGs
[2025-06-20T13:05:17.696+0000] {logging_mixin.py:115} INFO - [2025-06-20T13:05:17.696+0000] {dag.py:2981} INFO - Setting next_dagrun for example_branch_operator to 2025-06-19T00:00:00+00:00, run_after=2025-06-20T00:00:00+00:00
[2025-06-20T13:05:17.701+0000] {processor.py:161} INFO - Processing /home/airflow/.local/lib/python3.7/site-packages/airflow/example_dags/example_branch_operator.py took 0.039 seconds
[2025-06-20T13:05:47.821+0000] {processor.py:153} INFO - Started process (PID=275) to work on /home/airflow/.local/lib/python3.7/site-packages/airflow/example_dags/example_branch_operator.py
[2025-06-20T13:05:47.823+0000] {processor.py:640} INFO - Processing file /home/airflow/.local/lib/python3.7/site-packages/airflow/example_dags/example_branch_operator.py for tasks to queue
[2025-06-20T13:05:47.824+0000] {logging_mixin.py:115} INFO - [2025-06-20T13:05:47.824+0000] {dagbag.py:508} INFO - Filling up the DagBag from /home/airflow/.local/lib/python3.7/site-packages/airflow/example_dags/example_branch_operator.py
[2025-06-20T13:05:47.829+0000] {processor.py:650} INFO - DAG(s) dict_keys(['example_branch_operator']) retrieved from /home/airflow/.local/lib/python3.7/site-packages/airflow/example_dags/example_branch_operator.py
[2025-06-20T13:05:47.844+0000] {logging_mixin.py:115} INFO - [2025-06-20T13:05:47.843+0000] {dag.py:2429} INFO - Sync 1 DAGs
[2025-06-20T13:05:47.856+0000] {logging_mixin.py:115} INFO - [2025-06-20T13:05:47.856+0000] {dag.py:2981} INFO - Setting next_dagrun for example_branch_operator to 2025-06-19T00:00:00+00:00, run_after=2025-06-20T00:00:00+00:00
[2025-06-20T13:05:47.861+0000] {processor.py:161} INFO - Processing /home/airflow/.local/lib/python3.7/site-packages/airflow/example_dags/example_branch_operator.py took 0.041 seconds
[2025-06-20T13:06:18.127+0000] {processor.py:153} INFO - Started process (PID=336) to work on /home/airflow/.local/lib/python3.7/site-packages/airflow/example_dags/example_branch_operator.py
[2025-06-20T13:06:18.130+0000] {processor.py:640} INFO - Processing file /home/airflow/.local/lib/python3.7/site-packages/airflow/example_dags/example_branch_operator.py for tasks to queue
[2025-06-20T13:06:18.131+0000] {logging_mixin.py:115} INFO - [2025-06-20T13:06:18.131+0000] {dagbag.py:508} INFO - Filling up the DagBag from /home/airflow/.local/lib/python3.7/site-packages/airflow/example_dags/example_branch_operator.py
[2025-06-20T13:06:18.137+0000] {processor.py:650} INFO - DAG(s) dict_keys(['example_branch_operator']) retrieved from /home/airflow/.local/lib/python3.7/site-packages/airflow/example_dags/example_branch_operator.py
[2025-06-20T13:06:18.152+0000] {logging_mixin.py:115} INFO - [2025-06-20T13:06:18.152+0000] {dag.py:2429} INFO - Sync 1 DAGs
[2025-06-20T13:06:18.161+0000] {logging_mixin.py:115} INFO - [2025-06-20T13:06:18.161+0000] {dag.py:2981} INFO - Setting next_dagrun for example_branch_operator to 2025-06-19T00:00:00+00:00, run_after=2025-06-20T00:00:00+00:00
[2025-06-20T13:06:18.168+0000] {processor.py:161} INFO - Processing /home/airflow/.local/lib/python3.7/site-packages/airflow/example_dags/example_branch_operator.py took 0.042 seconds
[2025-06-20T13:06:48.379+0000] {processor.py:153} INFO - Started process (PID=396) to work on /home/airflow/.local/lib/python3.7/site-packages/airflow/example_dags/example_branch_operator.py
[2025-06-20T13:06:48.380+0000] {processor.py:640} INFO - Processing file /home/airflow/.local/lib/python3.7/site-packages/airflow/example_dags/example_branch_operator.py for tasks to queue
[2025-06-20T13:06:48.381+0000] {logging_mixin.py:115} INFO - [2025-06-20T13:06:48.381+0000] {dagbag.py:508} INFO - Filling up the DagBag from /home/airflow/.local/lib/python3.7/site-packages/airflow/example_dags/example_branch_operator.py
[2025-06-20T13:06:48.386+0000] {processor.py:650} INFO - DAG(s) dict_keys(['example_branch_operator']) retrieved from /home/airflow/.local/lib/python3.7/site-packages/airflow/example_dags/example_branch_operator.py
[2025-06-20T13:06:48.403+0000] {logging_mixin.py:115} INFO - [2025-06-20T13:06:48.403+0000] {dag.py:2429} INFO - Sync 1 DAGs
[2025-06-20T13:06:48.413+0000] {logging_mixin.py:115} INFO - [2025-06-20T13:06:48.413+0000] {dag.py:2981} INFO - Setting next_dagrun for example_branch_operator to 2025-06-19T00:00:00+00:00, run_after=2025-06-20T00:00:00+00:00
[2025-06-20T13:06:48.420+0000] {processor.py:161} INFO - Processing /home/airflow/.local/lib/python3.7/site-packages/airflow/example_dags/example_branch_operator.py took 0.042 seconds
[2025-06-20T13:07:18.472+0000] {processor.py:153} INFO - Started process (PID=457) to work on /home/airflow/.local/lib/python3.7/site-packages/airflow/example_dags/example_branch_operator.py
[2025-06-20T13:07:18.475+0000] {processor.py:640} INFO - Processing file /home/airflow/.local/lib/python3.7/site-packages/airflow/example_dags/example_branch_operator.py for tasks to queue
[2025-06-20T13:07:18.476+0000] {logging_mixin.py:115} INFO - [2025-06-20T13:07:18.476+0000] {dagbag.py:508} INFO - Filling up the DagBag from /home/airflow/.local/lib/python3.7/site-packages/airflow/example_dags/example_branch_operator.py
[2025-06-20T13:07:18.481+0000] {processor.py:650} INFO - DAG(s) dict_keys(['example_branch_operator']) retrieved from /home/airflow/.local/lib/python3.7/site-packages/airflow/example_dags/example_branch_operator.py
[2025-06-20T13:07:18.501+0000] {logging_mixin.py:115} INFO - [2025-06-20T13:07:18.501+0000] {dag.py:2429} INFO - Sync 1 DAGs
[2025-06-20T13:07:18.513+0000] {logging_mixin.py:115} INFO - [2025-06-20T13:07:18.513+0000] {dag.py:2981} INFO - Setting next_dagrun for example_branch_operator to 2025-06-19T00:00:00+00:00, run_after=2025-06-20T00:00:00+00:00
[2025-06-20T13:07:18.521+0000] {processor.py:161} INFO - Processing /home/airflow/.local/lib/python3.7/site-packages/airflow/example_dags/example_branch_operator.py took 0.050 seconds
[2025-06-20T13:07:48.616+0000] {processor.py:153} INFO - Started process (PID=518) to work on /home/airflow/.local/lib/python3.7/site-packages/airflow/example_dags/example_branch_operator.py
[2025-06-20T13:07:48.617+0000] {processor.py:640} INFO - Processing file /home/airflow/.local/lib/python3.7/site-packages/airflow/example_dags/example_branch_operator.py for tasks to queue
[2025-06-20T13:07:48.617+0000] {logging_mixin.py:115} INFO - [2025-06-20T13:07:48.617+0000] {dagbag.py:508} INFO - Filling up the DagBag from /home/airflow/.local/lib/python3.7/site-packages/airflow/example_dags/example_branch_operator.py
[2025-06-20T13:07:48.621+0000] {processor.py:650} INFO - DAG(s) dict_keys(['example_branch_operator']) retrieved from /home/airflow/.local/lib/python3.7/site-packages/airflow/example_dags/example_branch_operator.py
[2025-06-20T13:07:48.631+0000] {logging_mixin.py:115} INFO - [2025-06-20T13:07:48.631+0000] {dag.py:2429} INFO - Sync 1 DAGs
[2025-06-20T13:07:48.639+0000] {logging_mixin.py:115} INFO - [2025-06-20T13:07:48.639+0000] {dag.py:2981} INFO - Setting next_dagrun for example_branch_operator to 2025-06-19T00:00:00+00:00, run_after=2025-06-20T00:00:00+00:00
[2025-06-20T13:07:48.643+0000] {processor.py:161} INFO - Processing /home/airflow/.local/lib/python3.7/site-packages/airflow/example_dags/example_branch_operator.py took 0.028 seconds
[2025-06-20T13:08:18.692+0000] {processor.py:153} INFO - Started process (PID=570) to work on /home/airflow/.local/lib/python3.7/site-packages/airflow/example_dags/example_branch_operator.py
[2025-06-20T13:08:18.693+0000] {processor.py:640} INFO - Processing file /home/airflow/.local/lib/python3.7/site-packages/airflow/example_dags/example_branch_operator.py for tasks to queue
[2025-06-20T13:08:18.694+0000] {logging_mixin.py:115} INFO - [2025-06-20T13:08:18.694+0000] {dagbag.py:508} INFO - Filling up the DagBag from /home/airflow/.local/lib/python3.7/site-packages/airflow/example_dags/example_branch_operator.py
[2025-06-20T13:08:18.699+0000] {processor.py:650} INFO - DAG(s) dict_keys(['example_branch_operator']) retrieved from /home/airflow/.local/lib/python3.7/site-packages/airflow/example_dags/example_branch_operator.py
[2025-06-20T13:08:18.710+0000] {logging_mixin.py:115} INFO - [2025-06-20T13:08:18.709+0000] {dag.py:2429} INFO - Sync 1 DAGs
[2025-06-20T13:08:18.720+0000] {logging_mixin.py:115} INFO - [2025-06-20T13:08:18.720+0000] {dag.py:2981} INFO - Setting next_dagrun for example_branch_operator to 2025-06-19T00:00:00+00:00, run_after=2025-06-20T00:00:00+00:00
[2025-06-20T13:08:18.726+0000] {processor.py:161} INFO - Processing /home/airflow/.local/lib/python3.7/site-packages/airflow/example_dags/example_branch_operator.py took 0.035 seconds
[2025-06-20T13:08:48.813+0000] {processor.py:153} INFO - Started process (PID=631) to work on /home/airflow/.local/lib/python3.7/site-packages/airflow/example_dags/example_branch_operator.py
[2025-06-20T13:08:48.814+0000] {processor.py:640} INFO - Processing file /home/airflow/.local/lib/python3.7/site-packages/airflow/example_dags/example_branch_operator.py for tasks to queue
[2025-06-20T13:08:48.814+0000] {logging_mixin.py:115} INFO - [2025-06-20T13:08:48.814+0000] {dagbag.py:508} INFO - Filling up the DagBag from /home/airflow/.local/lib/python3.7/site-packages/airflow/example_dags/example_branch_operator.py
[2025-06-20T13:08:48.819+0000] {processor.py:650} INFO - DAG(s) dict_keys(['example_branch_operator']) retrieved from /home/airflow/.local/lib/python3.7/site-packages/airflow/example_dags/example_branch_operator.py
[2025-06-20T13:08:48.830+0000] {logging_mixin.py:115} INFO - [2025-06-20T13:08:48.829+0000] {dag.py:2429} INFO - Sync 1 DAGs
[2025-06-20T13:08:48.841+0000] {logging_mixin.py:115} INFO - [2025-06-20T13:08:48.841+0000] {dag.py:2981} INFO - Setting next_dagrun for example_branch_operator to 2025-06-19T00:00:00+00:00, run_after=2025-06-20T00:00:00+00:00
[2025-06-20T13:08:48.846+0000] {processor.py:161} INFO - Processing /home/airflow/.local/lib/python3.7/site-packages/airflow/example_dags/example_branch_operator.py took 0.034 seconds
[2025-06-20T13:09:18.943+0000] {processor.py:153} INFO - Started process (PID=692) to work on /home/airflow/.local/lib/python3.7/site-packages/airflow/example_dags/example_branch_operator.py
[2025-06-20T13:09:18.943+0000] {processor.py:640} INFO - Processing file /home/airflow/.local/lib/python3.7/site-packages/airflow/example_dags/example_branch_operator.py for tasks to queue
[2025-06-20T13:09:18.944+0000] {logging_mixin.py:115} INFO - [2025-06-20T13:09:18.944+0000] {dagbag.py:508} INFO - Filling up the DagBag from /home/airflow/.local/lib/python3.7/site-packages/airflow/example_dags/example_branch_operator.py
[2025-06-20T13:09:18.948+0000] {processor.py:650} INFO - DAG(s) dict_keys(['example_branch_operator']) retrieved from /home/airflow/.local/lib/python3.7/site-packages/airflow/example_dags/example_branch_operator.py
[2025-06-20T13:09:18.958+0000] {logging_mixin.py:115} INFO - [2025-06-20T13:09:18.958+0000] {dag.py:2429} INFO - Sync 1 DAGs
[2025-06-20T13:09:18.967+0000] {logging_mixin.py:115} INFO - [2025-06-20T13:09:18.967+0000] {dag.py:2981} INFO - Setting next_dagrun for example_branch_operator to 2025-06-19T00:00:00+00:00, run_after=2025-06-20T00:00:00+00:00
[2025-06-20T13:09:18.972+0000] {processor.py:161} INFO - Processing /home/airflow/.local/lib/python3.7/site-packages/airflow/example_dags/example_branch_operator.py took 0.030 seconds
[2025-06-20T13:09:49.031+0000] {processor.py:153} INFO - Started process (PID=753) to work on /home/airflow/.local/lib/python3.7/site-packages/airflow/example_dags/example_branch_operator.py
[2025-06-20T13:09:49.032+0000] {processor.py:640} INFO - Processing file /home/airflow/.local/lib/python3.7/site-packages/airflow/example_dags/example_branch_operator.py for tasks to queue
[2025-06-20T13:09:49.032+0000] {logging_mixin.py:115} INFO - [2025-06-20T13:09:49.032+0000] {dagbag.py:508} INFO - Filling up the DagBag from /home/airflow/.local/lib/python3.7/site-packages/airflow/example_dags/example_branch_operator.py
[2025-06-20T13:09:49.040+0000] {processor.py:650} INFO - DAG(s) dict_keys(['example_branch_operator']) retrieved from /home/airflow/.local/lib/python3.7/site-packages/airflow/example_dags/example_branch_operator.py
[2025-06-20T13:09:49.052+0000] {logging_mixin.py:115} INFO - [2025-06-20T13:09:49.052+0000] {dag.py:2429} INFO - Sync 1 DAGs
[2025-06-20T13:09:49.062+0000] {logging_mixin.py:115} INFO - [2025-06-20T13:09:49.062+0000] {dag.py:2981} INFO - Setting next_dagrun for example_branch_operator to 2025-06-19T00:00:00+00:00, run_after=2025-06-20T00:00:00+00:00
[2025-06-20T13:09:49.070+0000] {processor.py:161} INFO - Processing /home/airflow/.local/lib/python3.7/site-packages/airflow/example_dags/example_branch_operator.py took 0.040 seconds
[2025-06-20T13:10:19.121+0000] {processor.py:153} INFO - Started process (PID=814) to work on /home/airflow/.local/lib/python3.7/site-packages/airflow/example_dags/example_branch_operator.py
[2025-06-20T13:10:19.122+0000] {processor.py:640} INFO - Processing file /home/airflow/.local/lib/python3.7/site-packages/airflow/example_dags/example_branch_operator.py for tasks to queue
[2025-06-20T13:10:19.123+0000] {logging_mixin.py:115} INFO - [2025-06-20T13:10:19.122+0000] {dagbag.py:508} INFO - Filling up the DagBag from /home/airflow/.local/lib/python3.7/site-packages/airflow/example_dags/example_branch_operator.py
[2025-06-20T13:10:19.131+0000] {processor.py:650} INFO - DAG(s) dict_keys(['example_branch_operator']) retrieved from /home/airflow/.local/lib/python3.7/site-packages/airflow/example_dags/example_branch_operator.py
[2025-06-20T13:10:19.145+0000] {logging_mixin.py:115} INFO - [2025-06-20T13:10:19.145+0000] {dag.py:2429} INFO - Sync 1 DAGs
[2025-06-20T13:10:19.155+0000] {logging_mixin.py:115} INFO - [2025-06-20T13:10:19.155+0000] {dag.py:2981} INFO - Setting next_dagrun for example_branch_operator to 2025-06-19T00:00:00+00:00, run_after=2025-06-20T00:00:00+00:00
[2025-06-20T13:10:19.160+0000] {processor.py:161} INFO - Processing /home/airflow/.local/lib/python3.7/site-packages/airflow/example_dags/example_branch_operator.py took 0.041 seconds
[2025-06-20T13:10:49.254+0000] {processor.py:153} INFO - Started process (PID=875) to work on /home/airflow/.local/lib/python3.7/site-packages/airflow/example_dags/example_branch_operator.py
[2025-06-20T13:10:49.256+0000] {processor.py:640} INFO - Processing file /home/airflow/.local/lib/python3.7/site-packages/airflow/example_dags/example_branch_operator.py for tasks to queue
[2025-06-20T13:10:49.260+0000] {logging_mixin.py:115} INFO - [2025-06-20T13:10:49.260+0000] {dagbag.py:508} INFO - Filling up the DagBag from /home/airflow/.local/lib/python3.7/site-packages/airflow/example_dags/example_branch_operator.py
[2025-06-20T13:10:49.267+0000] {processor.py:650} INFO - DAG(s) dict_keys(['example_branch_operator']) retrieved from /home/airflow/.local/lib/python3.7/site-packages/airflow/example_dags/example_branch_operator.py
[2025-06-20T13:10:49.279+0000] {logging_mixin.py:115} INFO - [2025-06-20T13:10:49.279+0000] {dag.py:2429} INFO - Sync 1 DAGs
[2025-06-20T13:10:49.289+0000] {logging_mixin.py:115} INFO - [2025-06-20T13:10:49.289+0000] {dag.py:2981} INFO - Setting next_dagrun for example_branch_operator to 2025-06-19T00:00:00+00:00, run_after=2025-06-20T00:00:00+00:00
[2025-06-20T13:10:49.296+0000] {processor.py:161} INFO - Processing /home/airflow/.local/lib/python3.7/site-packages/airflow/example_dags/example_branch_operator.py took 0.044 seconds
[2025-06-20T13:11:19.353+0000] {processor.py:153} INFO - Started process (PID=927) to work on /home/airflow/.local/lib/python3.7/site-packages/airflow/example_dags/example_branch_operator.py
[2025-06-20T13:11:19.356+0000] {processor.py:640} INFO - Processing file /home/airflow/.local/lib/python3.7/site-packages/airflow/example_dags/example_branch_operator.py for tasks to queue
[2025-06-20T13:11:19.356+0000] {logging_mixin.py:115} INFO - [2025-06-20T13:11:19.356+0000] {dagbag.py:508} INFO - Filling up the DagBag from /home/airflow/.local/lib/python3.7/site-packages/airflow/example_dags/example_branch_operator.py
[2025-06-20T13:11:19.361+0000] {processor.py:650} INFO - DAG(s) dict_keys(['example_branch_operator']) retrieved from /home/airflow/.local/lib/python3.7/site-packages/airflow/example_dags/example_branch_operator.py
[2025-06-20T13:11:19.372+0000] {logging_mixin.py:115} INFO - [2025-06-20T13:11:19.372+0000] {dag.py:2429} INFO - Sync 1 DAGs
[2025-06-20T13:11:19.382+0000] {logging_mixin.py:115} INFO - [2025-06-20T13:11:19.382+0000] {dag.py:2981} INFO - Setting next_dagrun for example_branch_operator to 2025-06-19T00:00:00+00:00, run_after=2025-06-20T00:00:00+00:00
[2025-06-20T13:11:19.386+0000] {processor.py:161} INFO - Processing /home/airflow/.local/lib/python3.7/site-packages/airflow/example_dags/example_branch_operator.py took 0.034 seconds
[2025-06-20T13:11:49.569+0000] {processor.py:153} INFO - Started process (PID=988) to work on /home/airflow/.local/lib/python3.7/site-packages/airflow/example_dags/example_branch_operator.py
[2025-06-20T13:11:49.571+0000] {processor.py:640} INFO - Processing file /home/airflow/.local/lib/python3.7/site-packages/airflow/example_dags/example_branch_operator.py for tasks to queue
[2025-06-20T13:11:49.572+0000] {logging_mixin.py:115} INFO - [2025-06-20T13:11:49.572+0000] {dagbag.py:508} INFO - Filling up the DagBag from /home/airflow/.local/lib/python3.7/site-packages/airflow/example_dags/example_branch_operator.py
[2025-06-20T13:11:49.578+0000] {processor.py:650} INFO - DAG(s) dict_keys(['example_branch_operator']) retrieved from /home/airflow/.local/lib/python3.7/site-packages/airflow/example_dags/example_branch_operator.py
[2025-06-20T13:11:49.589+0000] {logging_mixin.py:115} INFO - [2025-06-20T13:11:49.589+0000] {dag.py:2429} INFO - Sync 1 DAGs
[2025-06-20T13:11:49.598+0000] {logging_mixin.py:115} INFO - [2025-06-20T13:11:49.598+0000] {dag.py:2981} INFO - Setting next_dagrun for example_branch_operator to 2025-06-19T00:00:00+00:00, run_after=2025-06-20T00:00:00+00:00
[2025-06-20T13:11:49.603+0000] {processor.py:161} INFO - Processing /home/airflow/.local/lib/python3.7/site-packages/airflow/example_dags/example_branch_operator.py took 0.036 seconds
[2025-06-20T13:12:19.692+0000] {processor.py:153} INFO - Started process (PID=1049) to work on /home/airflow/.local/lib/python3.7/site-packages/airflow/example_dags/example_branch_operator.py
[2025-06-20T13:12:19.693+0000] {processor.py:640} INFO - Processing file /home/airflow/.local/lib/python3.7/site-packages/airflow/example_dags/example_branch_operator.py for tasks to queue
[2025-06-20T13:12:19.693+0000] {logging_mixin.py:115} INFO - [2025-06-20T13:12:19.693+0000] {dagbag.py:508} INFO - Filling up the DagBag from /home/airflow/.local/lib/python3.7/site-packages/airflow/example_dags/example_branch_operator.py
[2025-06-20T13:12:19.699+0000] {processor.py:650} INFO - DAG(s) dict_keys(['example_branch_operator']) retrieved from /home/airflow/.local/lib/python3.7/site-packages/airflow/example_dags/example_branch_operator.py
[2025-06-20T13:12:19.710+0000] {logging_mixin.py:115} INFO - [2025-06-20T13:12:19.710+0000] {dag.py:2429} INFO - Sync 1 DAGs
[2025-06-20T13:12:19.720+0000] {logging_mixin.py:115} INFO - [2025-06-20T13:12:19.720+0000] {dag.py:2981} INFO - Setting next_dagrun for example_branch_operator to 2025-06-19T00:00:00+00:00, run_after=2025-06-20T00:00:00+00:00
[2025-06-20T13:12:19.725+0000] {processor.py:161} INFO - Processing /home/airflow/.local/lib/python3.7/site-packages/airflow/example_dags/example_branch_operator.py took 0.034 seconds
[2025-06-20T13:12:49.862+0000] {processor.py:153} INFO - Started process (PID=1110) to work on /home/airflow/.local/lib/python3.7/site-packages/airflow/example_dags/example_branch_operator.py
[2025-06-20T13:12:49.862+0000] {processor.py:640} INFO - Processing file /home/airflow/.local/lib/python3.7/site-packages/airflow/example_dags/example_branch_operator.py for tasks to queue
[2025-06-20T13:12:49.862+0000] {logging_mixin.py:115} INFO - [2025-06-20T13:12:49.862+0000] {dagbag.py:508} INFO - Filling up the DagBag from /home/airflow/.local/lib/python3.7/site-packages/airflow/example_dags/example_branch_operator.py
[2025-06-20T13:12:49.867+0000] {processor.py:650} INFO - DAG(s) dict_keys(['example_branch_operator']) retrieved from /home/airflow/.local/lib/python3.7/site-packages/airflow/example_dags/example_branch_operator.py
[2025-06-20T13:12:49.879+0000] {logging_mixin.py:115} INFO - [2025-06-20T13:12:49.879+0000] {dag.py:2429} INFO - Sync 1 DAGs
[2025-06-20T13:12:49.889+0000] {logging_mixin.py:115} INFO - [2025-06-20T13:12:49.889+0000] {dag.py:2981} INFO - Setting next_dagrun for example_branch_operator to 2025-06-19T00:00:00+00:00, run_after=2025-06-20T00:00:00+00:00
[2025-06-20T13:12:49.893+0000] {processor.py:161} INFO - Processing /home/airflow/.local/lib/python3.7/site-packages/airflow/example_dags/example_branch_operator.py took 0.033 seconds
[2025-06-20T13:13:19.942+0000] {processor.py:153} INFO - Started process (PID=1171) to work on /home/airflow/.local/lib/python3.7/site-packages/airflow/example_dags/example_branch_operator.py
[2025-06-20T13:13:19.943+0000] {processor.py:640} INFO - Processing file /home/airflow/.local/lib/python3.7/site-packages/airflow/example_dags/example_branch_operator.py for tasks to queue
[2025-06-20T13:13:19.943+0000] {logging_mixin.py:115} INFO - [2025-06-20T13:13:19.943+0000] {dagbag.py:508} INFO - Filling up the DagBag from /home/airflow/.local/lib/python3.7/site-packages/airflow/example_dags/example_branch_operator.py
[2025-06-20T13:13:19.948+0000] {processor.py:650} INFO - DAG(s) dict_keys(['example_branch_operator']) retrieved from /home/airflow/.local/lib/python3.7/site-packages/airflow/example_dags/example_branch_operator.py
[2025-06-20T13:13:19.958+0000] {logging_mixin.py:115} INFO - [2025-06-20T13:13:19.958+0000] {dag.py:2429} INFO - Sync 1 DAGs
[2025-06-20T13:13:19.967+0000] {logging_mixin.py:115} INFO - [2025-06-20T13:13:19.967+0000] {dag.py:2981} INFO - Setting next_dagrun for example_branch_operator to 2025-06-19T00:00:00+00:00, run_after=2025-06-20T00:00:00+00:00
[2025-06-20T13:13:19.972+0000] {processor.py:161} INFO - Processing /home/airflow/.local/lib/python3.7/site-packages/airflow/example_dags/example_branch_operator.py took 0.031 seconds
[2025-06-20T13:13:50.114+0000] {processor.py:153} INFO - Started process (PID=1223) to work on /home/airflow/.local/lib/python3.7/site-packages/airflow/example_dags/example_branch_operator.py
[2025-06-20T13:13:50.115+0000] {processor.py:640} INFO - Processing file /home/airflow/.local/lib/python3.7/site-packages/airflow/example_dags/example_branch_operator.py for tasks to queue
[2025-06-20T13:13:50.115+0000] {logging_mixin.py:115} INFO - [2025-06-20T13:13:50.115+0000] {dagbag.py:508} INFO - Filling up the DagBag from /home/airflow/.local/lib/python3.7/site-packages/airflow/example_dags/example_branch_operator.py
[2025-06-20T13:13:50.121+0000] {processor.py:650} INFO - DAG(s) dict_keys(['example_branch_operator']) retrieved from /home/airflow/.local/lib/python3.7/site-packages/airflow/example_dags/example_branch_operator.py
[2025-06-20T13:13:50.135+0000] {logging_mixin.py:115} INFO - [2025-06-20T13:13:50.134+0000] {dag.py:2429} INFO - Sync 1 DAGs
[2025-06-20T13:13:50.149+0000] {logging_mixin.py:115} INFO - [2025-06-20T13:13:50.149+0000] {dag.py:2981} INFO - Setting next_dagrun for example_branch_operator to 2025-06-19T00:00:00+00:00, run_after=2025-06-20T00:00:00+00:00
[2025-06-20T13:13:50.155+0000] {processor.py:161} INFO - Processing /home/airflow/.local/lib/python3.7/site-packages/airflow/example_dags/example_branch_operator.py took 0.043 seconds
[2025-06-20T13:14:20.386+0000] {processor.py:153} INFO - Started process (PID=1284) to work on /home/airflow/.local/lib/python3.7/site-packages/airflow/example_dags/example_branch_operator.py
[2025-06-20T13:14:20.386+0000] {processor.py:640} INFO - Processing file /home/airflow/.local/lib/python3.7/site-packages/airflow/example_dags/example_branch_operator.py for tasks to queue
[2025-06-20T13:14:20.387+0000] {logging_mixin.py:115} INFO - [2025-06-20T13:14:20.387+0000] {dagbag.py:508} INFO - Filling up the DagBag from /home/airflow/.local/lib/python3.7/site-packages/airflow/example_dags/example_branch_operator.py
[2025-06-20T13:14:20.391+0000] {processor.py:650} INFO - DAG(s) dict_keys(['example_branch_operator']) retrieved from /home/airflow/.local/lib/python3.7/site-packages/airflow/example_dags/example_branch_operator.py
[2025-06-20T13:14:20.403+0000] {logging_mixin.py:115} INFO - [2025-06-20T13:14:20.403+0000] {dag.py:2429} INFO - Sync 1 DAGs
[2025-06-20T13:14:20.414+0000] {logging_mixin.py:115} INFO - [2025-06-20T13:14:20.414+0000] {dag.py:2981} INFO - Setting next_dagrun for example_branch_operator to 2025-06-19T00:00:00+00:00, run_after=2025-06-20T00:00:00+00:00
[2025-06-20T13:14:20.419+0000] {processor.py:161} INFO - Processing /home/airflow/.local/lib/python3.7/site-packages/airflow/example_dags/example_branch_operator.py took 0.035 seconds
[2025-06-20T13:14:50.480+0000] {processor.py:153} INFO - Started process (PID=1345) to work on /home/airflow/.local/lib/python3.7/site-packages/airflow/example_dags/example_branch_operator.py
[2025-06-20T13:14:50.481+0000] {processor.py:640} INFO - Processing file /home/airflow/.local/lib/python3.7/site-packages/airflow/example_dags/example_branch_operator.py for tasks to queue
[2025-06-20T13:14:50.481+0000] {logging_mixin.py:115} INFO - [2025-06-20T13:14:50.481+0000] {dagbag.py:508} INFO - Filling up the DagBag from /home/airflow/.local/lib/python3.7/site-packages/airflow/example_dags/example_branch_operator.py
[2025-06-20T13:14:50.485+0000] {processor.py:650} INFO - DAG(s) dict_keys(['example_branch_operator']) retrieved from /home/airflow/.local/lib/python3.7/site-packages/airflow/example_dags/example_branch_operator.py
[2025-06-20T13:14:50.495+0000] {logging_mixin.py:115} INFO - [2025-06-20T13:14:50.495+0000] {dag.py:2429} INFO - Sync 1 DAGs
[2025-06-20T13:14:50.503+0000] {logging_mixin.py:115} INFO - [2025-06-20T13:14:50.503+0000] {dag.py:2981} INFO - Setting next_dagrun for example_branch_operator to 2025-06-19T00:00:00+00:00, run_after=2025-06-20T00:00:00+00:00
[2025-06-20T13:14:50.507+0000] {processor.py:161} INFO - Processing /home/airflow/.local/lib/python3.7/site-packages/airflow/example_dags/example_branch_operator.py took 0.029 seconds
[2025-06-20T13:15:20.577+0000] {processor.py:153} INFO - Started process (PID=1406) to work on /home/airflow/.local/lib/python3.7/site-packages/airflow/example_dags/example_branch_operator.py
[2025-06-20T13:15:20.577+0000] {processor.py:640} INFO - Processing file /home/airflow/.local/lib/python3.7/site-packages/airflow/example_dags/example_branch_operator.py for tasks to queue
[2025-06-20T13:15:20.578+0000] {logging_mixin.py:115} INFO - [2025-06-20T13:15:20.578+0000] {dagbag.py:508} INFO - Filling up the DagBag from /home/airflow/.local/lib/python3.7/site-packages/airflow/example_dags/example_branch_operator.py
[2025-06-20T13:15:20.582+0000] {processor.py:650} INFO - DAG(s) dict_keys(['example_branch_operator']) retrieved from /home/airflow/.local/lib/python3.7/site-packages/airflow/example_dags/example_branch_operator.py
[2025-06-20T13:15:20.593+0000] {logging_mixin.py:115} INFO - [2025-06-20T13:15:20.593+0000] {dag.py:2429} INFO - Sync 1 DAGs
[2025-06-20T13:15:20.607+0000] {logging_mixin.py:115} INFO - [2025-06-20T13:15:20.607+0000] {dag.py:2981} INFO - Setting next_dagrun for example_branch_operator to 2025-06-19T00:00:00+00:00, run_after=2025-06-20T00:00:00+00:00
[2025-06-20T13:15:20.611+0000] {processor.py:161} INFO - Processing /home/airflow/.local/lib/python3.7/site-packages/airflow/example_dags/example_branch_operator.py took 0.036 seconds
[2025-06-20T13:15:50.715+0000] {processor.py:153} INFO - Started process (PID=1467) to work on /home/airflow/.local/lib/python3.7/site-packages/airflow/example_dags/example_branch_operator.py
[2025-06-20T13:15:50.716+0000] {processor.py:640} INFO - Processing file /home/airflow/.local/lib/python3.7/site-packages/airflow/example_dags/example_branch_operator.py for tasks to queue
[2025-06-20T13:15:50.716+0000] {logging_mixin.py:115} INFO - [2025-06-20T13:15:50.716+0000] {dagbag.py:508} INFO - Filling up the DagBag from /home/airflow/.local/lib/python3.7/site-packages/airflow/example_dags/example_branch_operator.py
[2025-06-20T13:15:50.725+0000] {processor.py:650} INFO - DAG(s) dict_keys(['example_branch_operator']) retrieved from /home/airflow/.local/lib/python3.7/site-packages/airflow/example_dags/example_branch_operator.py
[2025-06-20T13:15:50.739+0000] {logging_mixin.py:115} INFO - [2025-06-20T13:15:50.738+0000] {dag.py:2429} INFO - Sync 1 DAGs
[2025-06-20T13:15:50.749+0000] {logging_mixin.py:115} INFO - [2025-06-20T13:15:50.749+0000] {dag.py:2981} INFO - Setting next_dagrun for example_branch_operator to 2025-06-19T00:00:00+00:00, run_after=2025-06-20T00:00:00+00:00
[2025-06-20T13:15:50.756+0000] {processor.py:161} INFO - Processing /home/airflow/.local/lib/python3.7/site-packages/airflow/example_dags/example_branch_operator.py took 0.043 seconds
[2025-06-20T13:16:20.823+0000] {processor.py:153} INFO - Started process (PID=1528) to work on /home/airflow/.local/lib/python3.7/site-packages/airflow/example_dags/example_branch_operator.py
[2025-06-20T13:16:20.825+0000] {processor.py:640} INFO - Processing file /home/airflow/.local/lib/python3.7/site-packages/airflow/example_dags/example_branch_operator.py for tasks to queue
[2025-06-20T13:16:20.826+0000] {logging_mixin.py:115} INFO - [2025-06-20T13:16:20.826+0000] {dagbag.py:508} INFO - Filling up the DagBag from /home/airflow/.local/lib/python3.7/site-packages/airflow/example_dags/example_branch_operator.py
[2025-06-20T13:16:20.834+0000] {processor.py:650} INFO - DAG(s) dict_keys(['example_branch_operator']) retrieved from /home/airflow/.local/lib/python3.7/site-packages/airflow/example_dags/example_branch_operator.py
[2025-06-20T13:16:20.865+0000] {logging_mixin.py:115} INFO - [2025-06-20T13:16:20.865+0000] {dag.py:2429} INFO - Sync 1 DAGs
[2025-06-20T13:16:20.885+0000] {logging_mixin.py:115} INFO - [2025-06-20T13:16:20.885+0000] {dag.py:2981} INFO - Setting next_dagrun for example_branch_operator to 2025-06-19T00:00:00+00:00, run_after=2025-06-20T00:00:00+00:00
[2025-06-20T13:16:20.893+0000] {processor.py:161} INFO - Processing /home/airflow/.local/lib/python3.7/site-packages/airflow/example_dags/example_branch_operator.py took 0.074 seconds
[2025-06-20T13:16:51.134+0000] {processor.py:153} INFO - Started process (PID=1580) to work on /home/airflow/.local/lib/python3.7/site-packages/airflow/example_dags/example_branch_operator.py
[2025-06-20T13:16:51.139+0000] {processor.py:640} INFO - Processing file /home/airflow/.local/lib/python3.7/site-packages/airflow/example_dags/example_branch_operator.py for tasks to queue
[2025-06-20T13:16:51.140+0000] {logging_mixin.py:115} INFO - [2025-06-20T13:16:51.140+0000] {dagbag.py:508} INFO - Filling up the DagBag from /home/airflow/.local/lib/python3.7/site-packages/airflow/example_dags/example_branch_operator.py
[2025-06-20T13:16:51.147+0000] {processor.py:650} INFO - DAG(s) dict_keys(['example_branch_operator']) retrieved from /home/airflow/.local/lib/python3.7/site-packages/airflow/example_dags/example_branch_operator.py
[2025-06-20T13:16:51.160+0000] {logging_mixin.py:115} INFO - [2025-06-20T13:16:51.160+0000] {dag.py:2429} INFO - Sync 1 DAGs
[2025-06-20T13:16:51.174+0000] {logging_mixin.py:115} INFO - [2025-06-20T13:16:51.174+0000] {dag.py:2981} INFO - Setting next_dagrun for example_branch_operator to 2025-06-19T00:00:00+00:00, run_after=2025-06-20T00:00:00+00:00
[2025-06-20T13:16:51.182+0000] {processor.py:161} INFO - Processing /home/airflow/.local/lib/python3.7/site-packages/airflow/example_dags/example_branch_operator.py took 0.050 seconds
[2025-06-20T13:17:21.285+0000] {processor.py:153} INFO - Started process (PID=1641) to work on /home/airflow/.local/lib/python3.7/site-packages/airflow/example_dags/example_branch_operator.py
[2025-06-20T13:17:21.286+0000] {processor.py:640} INFO - Processing file /home/airflow/.local/lib/python3.7/site-packages/airflow/example_dags/example_branch_operator.py for tasks to queue
[2025-06-20T13:17:21.286+0000] {logging_mixin.py:115} INFO - [2025-06-20T13:17:21.286+0000] {dagbag.py:508} INFO - Filling up the DagBag from /home/airflow/.local/lib/python3.7/site-packages/airflow/example_dags/example_branch_operator.py
[2025-06-20T13:17:21.291+0000] {processor.py:650} INFO - DAG(s) dict_keys(['example_branch_operator']) retrieved from /home/airflow/.local/lib/python3.7/site-packages/airflow/example_dags/example_branch_operator.py
[2025-06-20T13:17:21.303+0000] {logging_mixin.py:115} INFO - [2025-06-20T13:17:21.303+0000] {dag.py:2429} INFO - Sync 1 DAGs
[2025-06-20T13:17:21.312+0000] {logging_mixin.py:115} INFO - [2025-06-20T13:17:21.312+0000] {dag.py:2981} INFO - Setting next_dagrun for example_branch_operator to 2025-06-19T00:00:00+00:00, run_after=2025-06-20T00:00:00+00:00
[2025-06-20T13:17:21.317+0000] {processor.py:161} INFO - Processing /home/airflow/.local/lib/python3.7/site-packages/airflow/example_dags/example_branch_operator.py took 0.033 seconds
[2025-06-20T13:17:51.401+0000] {processor.py:153} INFO - Started process (PID=1702) to work on /home/airflow/.local/lib/python3.7/site-packages/airflow/example_dags/example_branch_operator.py
[2025-06-20T13:17:51.402+0000] {processor.py:640} INFO - Processing file /home/airflow/.local/lib/python3.7/site-packages/airflow/example_dags/example_branch_operator.py for tasks to queue
[2025-06-20T13:17:51.402+0000] {logging_mixin.py:115} INFO - [2025-06-20T13:17:51.402+0000] {dagbag.py:508} INFO - Filling up the DagBag from /home/airflow/.local/lib/python3.7/site-packages/airflow/example_dags/example_branch_operator.py
[2025-06-20T13:17:51.407+0000] {processor.py:650} INFO - DAG(s) dict_keys(['example_branch_operator']) retrieved from /home/airflow/.local/lib/python3.7/site-packages/airflow/example_dags/example_branch_operator.py
[2025-06-20T13:17:51.418+0000] {logging_mixin.py:115} INFO - [2025-06-20T13:17:51.418+0000] {dag.py:2429} INFO - Sync 1 DAGs
[2025-06-20T13:17:51.429+0000] {logging_mixin.py:115} INFO - [2025-06-20T13:17:51.429+0000] {dag.py:2981} INFO - Setting next_dagrun for example_branch_operator to 2025-06-19T00:00:00+00:00, run_after=2025-06-20T00:00:00+00:00
[2025-06-20T13:17:51.434+0000] {processor.py:161} INFO - Processing /home/airflow/.local/lib/python3.7/site-packages/airflow/example_dags/example_branch_operator.py took 0.034 seconds
[2025-06-20T13:18:21.504+0000] {processor.py:153} INFO - Started process (PID=1763) to work on /home/airflow/.local/lib/python3.7/site-packages/airflow/example_dags/example_branch_operator.py
[2025-06-20T13:18:21.505+0000] {processor.py:640} INFO - Processing file /home/airflow/.local/lib/python3.7/site-packages/airflow/example_dags/example_branch_operator.py for tasks to queue
[2025-06-20T13:18:21.505+0000] {logging_mixin.py:115} INFO - [2025-06-20T13:18:21.505+0000] {dagbag.py:508} INFO - Filling up the DagBag from /home/airflow/.local/lib/python3.7/site-packages/airflow/example_dags/example_branch_operator.py
[2025-06-20T13:18:21.510+0000] {processor.py:650} INFO - DAG(s) dict_keys(['example_branch_operator']) retrieved from /home/airflow/.local/lib/python3.7/site-packages/airflow/example_dags/example_branch_operator.py
[2025-06-20T13:18:21.521+0000] {logging_mixin.py:115} INFO - [2025-06-20T13:18:21.521+0000] {dag.py:2429} INFO - Sync 1 DAGs
[2025-06-20T13:18:21.533+0000] {logging_mixin.py:115} INFO - [2025-06-20T13:18:21.533+0000] {dag.py:2981} INFO - Setting next_dagrun for example_branch_operator to 2025-06-19T00:00:00+00:00, run_after=2025-06-20T00:00:00+00:00
[2025-06-20T13:18:21.539+0000] {processor.py:161} INFO - Processing /home/airflow/.local/lib/python3.7/site-packages/airflow/example_dags/example_branch_operator.py took 0.036 seconds
[2025-06-20T13:18:51.720+0000] {processor.py:153} INFO - Started process (PID=1824) to work on /home/airflow/.local/lib/python3.7/site-packages/airflow/example_dags/example_branch_operator.py
[2025-06-20T13:18:51.721+0000] {processor.py:640} INFO - Processing file /home/airflow/.local/lib/python3.7/site-packages/airflow/example_dags/example_branch_operator.py for tasks to queue
[2025-06-20T13:18:51.721+0000] {logging_mixin.py:115} INFO - [2025-06-20T13:18:51.721+0000] {dagbag.py:508} INFO - Filling up the DagBag from /home/airflow/.local/lib/python3.7/site-packages/airflow/example_dags/example_branch_operator.py
[2025-06-20T13:18:51.726+0000] {processor.py:650} INFO - DAG(s) dict_keys(['example_branch_operator']) retrieved from /home/airflow/.local/lib/python3.7/site-packages/airflow/example_dags/example_branch_operator.py
[2025-06-20T13:18:51.738+0000] {logging_mixin.py:115} INFO - [2025-06-20T13:18:51.738+0000] {dag.py:2429} INFO - Sync 1 DAGs
[2025-06-20T13:18:51.748+0000] {logging_mixin.py:115} INFO - [2025-06-20T13:18:51.748+0000] {dag.py:2981} INFO - Setting next_dagrun for example_branch_operator to 2025-06-19T00:00:00+00:00, run_after=2025-06-20T00:00:00+00:00
[2025-06-20T13:18:51.753+0000] {processor.py:161} INFO - Processing /home/airflow/.local/lib/python3.7/site-packages/airflow/example_dags/example_branch_operator.py took 0.035 seconds
[2025-06-20T13:19:21.873+0000] {processor.py:153} INFO - Started process (PID=1883) to work on /home/airflow/.local/lib/python3.7/site-packages/airflow/example_dags/example_branch_operator.py
[2025-06-20T13:19:21.873+0000] {processor.py:640} INFO - Processing file /home/airflow/.local/lib/python3.7/site-packages/airflow/example_dags/example_branch_operator.py for tasks to queue
[2025-06-20T13:19:21.873+0000] {logging_mixin.py:115} INFO - [2025-06-20T13:19:21.873+0000] {dagbag.py:508} INFO - Filling up the DagBag from /home/airflow/.local/lib/python3.7/site-packages/airflow/example_dags/example_branch_operator.py
[2025-06-20T13:19:21.878+0000] {processor.py:650} INFO - DAG(s) dict_keys(['example_branch_operator']) retrieved from /home/airflow/.local/lib/python3.7/site-packages/airflow/example_dags/example_branch_operator.py
[2025-06-20T13:19:21.890+0000] {logging_mixin.py:115} INFO - [2025-06-20T13:19:21.890+0000] {dag.py:2429} INFO - Sync 1 DAGs
[2025-06-20T13:19:21.900+0000] {logging_mixin.py:115} INFO - [2025-06-20T13:19:21.900+0000] {dag.py:2981} INFO - Setting next_dagrun for example_branch_operator to 2025-06-19T00:00:00+00:00, run_after=2025-06-20T00:00:00+00:00
[2025-06-20T13:19:21.906+0000] {processor.py:161} INFO - Processing /home/airflow/.local/lib/python3.7/site-packages/airflow/example_dags/example_branch_operator.py took 0.035 seconds
[2025-06-20T13:19:52.001+0000] {processor.py:153} INFO - Started process (PID=1937) to work on /home/airflow/.local/lib/python3.7/site-packages/airflow/example_dags/example_branch_operator.py
[2025-06-20T13:19:52.002+0000] {processor.py:640} INFO - Processing file /home/airflow/.local/lib/python3.7/site-packages/airflow/example_dags/example_branch_operator.py for tasks to queue
[2025-06-20T13:19:52.003+0000] {logging_mixin.py:115} INFO - [2025-06-20T13:19:52.003+0000] {dagbag.py:508} INFO - Filling up the DagBag from /home/airflow/.local/lib/python3.7/site-packages/airflow/example_dags/example_branch_operator.py
[2025-06-20T13:19:52.008+0000] {processor.py:650} INFO - DAG(s) dict_keys(['example_branch_operator']) retrieved from /home/airflow/.local/lib/python3.7/site-packages/airflow/example_dags/example_branch_operator.py
[2025-06-20T13:19:52.022+0000] {logging_mixin.py:115} INFO - [2025-06-20T13:19:52.022+0000] {dag.py:2429} INFO - Sync 1 DAGs
[2025-06-20T13:19:52.034+0000] {logging_mixin.py:115} INFO - [2025-06-20T13:19:52.034+0000] {dag.py:2981} INFO - Setting next_dagrun for example_branch_operator to 2025-06-19T00:00:00+00:00, run_after=2025-06-20T00:00:00+00:00
[2025-06-20T13:19:52.039+0000] {processor.py:161} INFO - Processing /home/airflow/.local/lib/python3.7/site-packages/airflow/example_dags/example_branch_operator.py took 0.041 seconds
[2025-06-20T13:20:22.084+0000] {processor.py:153} INFO - Started process (PID=1998) to work on /home/airflow/.local/lib/python3.7/site-packages/airflow/example_dags/example_branch_operator.py
[2025-06-20T13:20:22.085+0000] {processor.py:640} INFO - Processing file /home/airflow/.local/lib/python3.7/site-packages/airflow/example_dags/example_branch_operator.py for tasks to queue
[2025-06-20T13:20:22.085+0000] {logging_mixin.py:115} INFO - [2025-06-20T13:20:22.085+0000] {dagbag.py:508} INFO - Filling up the DagBag from /home/airflow/.local/lib/python3.7/site-packages/airflow/example_dags/example_branch_operator.py
[2025-06-20T13:20:22.090+0000] {processor.py:650} INFO - DAG(s) dict_keys(['example_branch_operator']) retrieved from /home/airflow/.local/lib/python3.7/site-packages/airflow/example_dags/example_branch_operator.py
[2025-06-20T13:20:22.100+0000] {logging_mixin.py:115} INFO - [2025-06-20T13:20:22.100+0000] {dag.py:2429} INFO - Sync 1 DAGs
[2025-06-20T13:20:22.111+0000] {logging_mixin.py:115} INFO - [2025-06-20T13:20:22.111+0000] {dag.py:2981} INFO - Setting next_dagrun for example_branch_operator to 2025-06-19T00:00:00+00:00, run_after=2025-06-20T00:00:00+00:00
[2025-06-20T13:20:22.116+0000] {processor.py:161} INFO - Processing /home/airflow/.local/lib/python3.7/site-packages/airflow/example_dags/example_branch_operator.py took 0.033 seconds
[2025-06-20T13:20:52.271+0000] {processor.py:153} INFO - Started process (PID=2059) to work on /home/airflow/.local/lib/python3.7/site-packages/airflow/example_dags/example_branch_operator.py
[2025-06-20T13:20:52.272+0000] {processor.py:640} INFO - Processing file /home/airflow/.local/lib/python3.7/site-packages/airflow/example_dags/example_branch_operator.py for tasks to queue
[2025-06-20T13:20:52.272+0000] {logging_mixin.py:115} INFO - [2025-06-20T13:20:52.272+0000] {dagbag.py:508} INFO - Filling up the DagBag from /home/airflow/.local/lib/python3.7/site-packages/airflow/example_dags/example_branch_operator.py
[2025-06-20T13:20:52.279+0000] {processor.py:650} INFO - DAG(s) dict_keys(['example_branch_operator']) retrieved from /home/airflow/.local/lib/python3.7/site-packages/airflow/example_dags/example_branch_operator.py
[2025-06-20T13:20:52.289+0000] {logging_mixin.py:115} INFO - [2025-06-20T13:20:52.289+0000] {dag.py:2429} INFO - Sync 1 DAGs
[2025-06-20T13:20:52.300+0000] {logging_mixin.py:115} INFO - [2025-06-20T13:20:52.300+0000] {dag.py:2981} INFO - Setting next_dagrun for example_branch_operator to 2025-06-19T00:00:00+00:00, run_after=2025-06-20T00:00:00+00:00
[2025-06-20T13:20:52.306+0000] {processor.py:161} INFO - Processing /home/airflow/.local/lib/python3.7/site-packages/airflow/example_dags/example_branch_operator.py took 0.037 seconds
[2025-06-20T13:21:22.400+0000] {processor.py:153} INFO - Started process (PID=2120) to work on /home/airflow/.local/lib/python3.7/site-packages/airflow/example_dags/example_branch_operator.py
[2025-06-20T13:21:22.401+0000] {processor.py:640} INFO - Processing file /home/airflow/.local/lib/python3.7/site-packages/airflow/example_dags/example_branch_operator.py for tasks to queue
[2025-06-20T13:21:22.403+0000] {logging_mixin.py:115} INFO - [2025-06-20T13:21:22.403+0000] {dagbag.py:508} INFO - Filling up the DagBag from /home/airflow/.local/lib/python3.7/site-packages/airflow/example_dags/example_branch_operator.py
[2025-06-20T13:21:22.409+0000] {processor.py:650} INFO - DAG(s) dict_keys(['example_branch_operator']) retrieved from /home/airflow/.local/lib/python3.7/site-packages/airflow/example_dags/example_branch_operator.py
[2025-06-20T13:21:22.424+0000] {logging_mixin.py:115} INFO - [2025-06-20T13:21:22.423+0000] {dag.py:2429} INFO - Sync 1 DAGs
[2025-06-20T13:21:22.434+0000] {logging_mixin.py:115} INFO - [2025-06-20T13:21:22.434+0000] {dag.py:2981} INFO - Setting next_dagrun for example_branch_operator to 2025-06-19T00:00:00+00:00, run_after=2025-06-20T00:00:00+00:00
[2025-06-20T13:21:22.441+0000] {processor.py:161} INFO - Processing /home/airflow/.local/lib/python3.7/site-packages/airflow/example_dags/example_branch_operator.py took 0.044 seconds
[2025-06-20T13:21:52.552+0000] {processor.py:153} INFO - Started process (PID=2181) to work on /home/airflow/.local/lib/python3.7/site-packages/airflow/example_dags/example_branch_operator.py
[2025-06-20T13:21:52.553+0000] {processor.py:640} INFO - Processing file /home/airflow/.local/lib/python3.7/site-packages/airflow/example_dags/example_branch_operator.py for tasks to queue
[2025-06-20T13:21:52.553+0000] {logging_mixin.py:115} INFO - [2025-06-20T13:21:52.553+0000] {dagbag.py:508} INFO - Filling up the DagBag from /home/airflow/.local/lib/python3.7/site-packages/airflow/example_dags/example_branch_operator.py
[2025-06-20T13:21:52.557+0000] {processor.py:650} INFO - DAG(s) dict_keys(['example_branch_operator']) retrieved from /home/airflow/.local/lib/python3.7/site-packages/airflow/example_dags/example_branch_operator.py
[2025-06-20T13:21:52.567+0000] {logging_mixin.py:115} INFO - [2025-06-20T13:21:52.567+0000] {dag.py:2429} INFO - Sync 1 DAGs
[2025-06-20T13:21:52.577+0000] {logging_mixin.py:115} INFO - [2025-06-20T13:21:52.577+0000] {dag.py:2981} INFO - Setting next_dagrun for example_branch_operator to 2025-06-19T00:00:00+00:00, run_after=2025-06-20T00:00:00+00:00
[2025-06-20T13:21:52.583+0000] {processor.py:161} INFO - Processing /home/airflow/.local/lib/python3.7/site-packages/airflow/example_dags/example_branch_operator.py took 0.032 seconds
[2025-06-20T13:22:22.667+0000] {processor.py:153} INFO - Started process (PID=2233) to work on /home/airflow/.local/lib/python3.7/site-packages/airflow/example_dags/example_branch_operator.py
[2025-06-20T13:22:22.669+0000] {processor.py:640} INFO - Processing file /home/airflow/.local/lib/python3.7/site-packages/airflow/example_dags/example_branch_operator.py for tasks to queue
[2025-06-20T13:22:22.670+0000] {logging_mixin.py:115} INFO - [2025-06-20T13:22:22.670+0000] {dagbag.py:508} INFO - Filling up the DagBag from /home/airflow/.local/lib/python3.7/site-packages/airflow/example_dags/example_branch_operator.py
[2025-06-20T13:22:22.678+0000] {processor.py:650} INFO - DAG(s) dict_keys(['example_branch_operator']) retrieved from /home/airflow/.local/lib/python3.7/site-packages/airflow/example_dags/example_branch_operator.py
[2025-06-20T13:22:22.690+0000] {logging_mixin.py:115} INFO - [2025-06-20T13:22:22.690+0000] {dag.py:2429} INFO - Sync 1 DAGs
[2025-06-20T13:22:22.703+0000] {logging_mixin.py:115} INFO - [2025-06-20T13:22:22.703+0000] {dag.py:2981} INFO - Setting next_dagrun for example_branch_operator to 2025-06-19T00:00:00+00:00, run_after=2025-06-20T00:00:00+00:00
[2025-06-20T13:22:22.709+0000] {processor.py:161} INFO - Processing /home/airflow/.local/lib/python3.7/site-packages/airflow/example_dags/example_branch_operator.py took 0.044 seconds
[2025-06-20T13:22:52.735+0000] {processor.py:153} INFO - Started process (PID=2294) to work on /home/airflow/.local/lib/python3.7/site-packages/airflow/example_dags/example_branch_operator.py
[2025-06-20T13:22:52.736+0000] {processor.py:640} INFO - Processing file /home/airflow/.local/lib/python3.7/site-packages/airflow/example_dags/example_branch_operator.py for tasks to queue
[2025-06-20T13:22:52.736+0000] {logging_mixin.py:115} INFO - [2025-06-20T13:22:52.736+0000] {dagbag.py:508} INFO - Filling up the DagBag from /home/airflow/.local/lib/python3.7/site-packages/airflow/example_dags/example_branch_operator.py
[2025-06-20T13:22:52.741+0000] {processor.py:650} INFO - DAG(s) dict_keys(['example_branch_operator']) retrieved from /home/airflow/.local/lib/python3.7/site-packages/airflow/example_dags/example_branch_operator.py
[2025-06-20T13:22:52.753+0000] {logging_mixin.py:115} INFO - [2025-06-20T13:22:52.752+0000] {dag.py:2429} INFO - Sync 1 DAGs
[2025-06-20T13:22:52.765+0000] {logging_mixin.py:115} INFO - [2025-06-20T13:22:52.765+0000] {dag.py:2981} INFO - Setting next_dagrun for example_branch_operator to 2025-06-19T00:00:00+00:00, run_after=2025-06-20T00:00:00+00:00
[2025-06-20T13:22:52.770+0000] {processor.py:161} INFO - Processing /home/airflow/.local/lib/python3.7/site-packages/airflow/example_dags/example_branch_operator.py took 0.036 seconds
[2025-06-20T13:23:22.926+0000] {processor.py:153} INFO - Started process (PID=2355) to work on /home/airflow/.local/lib/python3.7/site-packages/airflow/example_dags/example_branch_operator.py
[2025-06-20T13:23:22.927+0000] {processor.py:640} INFO - Processing file /home/airflow/.local/lib/python3.7/site-packages/airflow/example_dags/example_branch_operator.py for tasks to queue
[2025-06-20T13:23:22.927+0000] {logging_mixin.py:115} INFO - [2025-06-20T13:23:22.927+0000] {dagbag.py:508} INFO - Filling up the DagBag from /home/airflow/.local/lib/python3.7/site-packages/airflow/example_dags/example_branch_operator.py
[2025-06-20T13:23:22.931+0000] {processor.py:650} INFO - DAG(s) dict_keys(['example_branch_operator']) retrieved from /home/airflow/.local/lib/python3.7/site-packages/airflow/example_dags/example_branch_operator.py
[2025-06-20T13:23:22.942+0000] {logging_mixin.py:115} INFO - [2025-06-20T13:23:22.942+0000] {dag.py:2429} INFO - Sync 1 DAGs
[2025-06-20T13:23:22.952+0000] {logging_mixin.py:115} INFO - [2025-06-20T13:23:22.952+0000] {dag.py:2981} INFO - Setting next_dagrun for example_branch_operator to 2025-06-19T00:00:00+00:00, run_after=2025-06-20T00:00:00+00:00
[2025-06-20T13:23:22.957+0000] {processor.py:161} INFO - Processing /home/airflow/.local/lib/python3.7/site-packages/airflow/example_dags/example_branch_operator.py took 0.033 seconds
[2025-06-20T13:23:53.130+0000] {processor.py:153} INFO - Started process (PID=2416) to work on /home/airflow/.local/lib/python3.7/site-packages/airflow/example_dags/example_branch_operator.py
[2025-06-20T13:23:53.131+0000] {processor.py:640} INFO - Processing file /home/airflow/.local/lib/python3.7/site-packages/airflow/example_dags/example_branch_operator.py for tasks to queue
[2025-06-20T13:23:53.131+0000] {logging_mixin.py:115} INFO - [2025-06-20T13:23:53.131+0000] {dagbag.py:508} INFO - Filling up the DagBag from /home/airflow/.local/lib/python3.7/site-packages/airflow/example_dags/example_branch_operator.py
[2025-06-20T13:23:53.137+0000] {processor.py:650} INFO - DAG(s) dict_keys(['example_branch_operator']) retrieved from /home/airflow/.local/lib/python3.7/site-packages/airflow/example_dags/example_branch_operator.py
[2025-06-20T13:23:53.150+0000] {logging_mixin.py:115} INFO - [2025-06-20T13:23:53.150+0000] {dag.py:2429} INFO - Sync 1 DAGs
[2025-06-20T13:23:53.161+0000] {logging_mixin.py:115} INFO - [2025-06-20T13:23:53.161+0000] {dag.py:2981} INFO - Setting next_dagrun for example_branch_operator to 2025-06-19T00:00:00+00:00, run_after=2025-06-20T00:00:00+00:00
[2025-06-20T13:23:53.167+0000] {processor.py:161} INFO - Processing /home/airflow/.local/lib/python3.7/site-packages/airflow/example_dags/example_branch_operator.py took 0.038 seconds
[2025-06-20T13:24:23.312+0000] {processor.py:153} INFO - Started process (PID=2477) to work on /home/airflow/.local/lib/python3.7/site-packages/airflow/example_dags/example_branch_operator.py
[2025-06-20T13:24:23.313+0000] {processor.py:640} INFO - Processing file /home/airflow/.local/lib/python3.7/site-packages/airflow/example_dags/example_branch_operator.py for tasks to queue
[2025-06-20T13:24:23.313+0000] {logging_mixin.py:115} INFO - [2025-06-20T13:24:23.313+0000] {dagbag.py:508} INFO - Filling up the DagBag from /home/airflow/.local/lib/python3.7/site-packages/airflow/example_dags/example_branch_operator.py
[2025-06-20T13:24:23.319+0000] {processor.py:650} INFO - DAG(s) dict_keys(['example_branch_operator']) retrieved from /home/airflow/.local/lib/python3.7/site-packages/airflow/example_dags/example_branch_operator.py
[2025-06-20T13:24:23.339+0000] {logging_mixin.py:115} INFO - [2025-06-20T13:24:23.339+0000] {dag.py:2429} INFO - Sync 1 DAGs
[2025-06-20T13:24:23.353+0000] {logging_mixin.py:115} INFO - [2025-06-20T13:24:23.353+0000] {dag.py:2981} INFO - Setting next_dagrun for example_branch_operator to 2025-06-19T00:00:00+00:00, run_after=2025-06-20T00:00:00+00:00
[2025-06-20T13:24:23.362+0000] {processor.py:161} INFO - Processing /home/airflow/.local/lib/python3.7/site-packages/airflow/example_dags/example_branch_operator.py took 0.051 seconds
