[2025-06-20T12:58:53.473+0000] {processor.py:153} INFO - Started process (PID=62) to work on /home/airflow/.local/lib/python3.7/site-packages/airflow/example_dags/example_trigger_controller_dag.py
[2025-06-20T12:58:53.474+0000] {processor.py:640} INFO - Processing file /home/airflow/.local/lib/python3.7/site-packages/airflow/example_dags/example_trigger_controller_dag.py for tasks to queue
[2025-06-20T12:58:53.474+0000] {logging_mixin.py:115} INFO - [2025-06-20T12:58:53.474+0000] {dagbag.py:508} INFO - Filling up the DagBag from /home/airflow/.local/lib/python3.7/site-packages/airflow/example_dags/example_trigger_controller_dag.py
[2025-06-20T12:58:53.476+0000] {processor.py:650} INFO - DAG(s) dict_keys(['example_trigger_controller_dag']) retrieved from /home/airflow/.local/lib/python3.7/site-packages/airflow/example_dags/example_trigger_controller_dag.py
[2025-06-20T12:58:53.535+0000] {logging_mixin.py:115} INFO - [2025-06-20T12:58:53.535+0000] {manager.py:508} INFO - Created Permission View: can read on DAG:example_trigger_controller_dag
[2025-06-20T12:58:53.543+0000] {logging_mixin.py:115} INFO - [2025-06-20T12:58:53.543+0000] {manager.py:508} INFO - Created Permission View: can delete on DAG:example_trigger_controller_dag
[2025-06-20T12:58:53.548+0000] {logging_mixin.py:115} INFO - [2025-06-20T12:58:53.548+0000] {manager.py:508} INFO - Created Permission View: can edit on DAG:example_trigger_controller_dag
[2025-06-20T12:58:53.548+0000] {logging_mixin.py:115} INFO - [2025-06-20T12:58:53.548+0000] {dag.py:2429} INFO - Sync 1 DAGs
[2025-06-20T12:58:53.553+0000] {logging_mixin.py:115} INFO - [2025-06-20T12:58:53.553+0000] {dag.py:2448} INFO - Creating ORM DAG for example_trigger_controller_dag
[2025-06-20T12:58:53.559+0000] {logging_mixin.py:115} INFO - [2025-06-20T12:58:53.559+0000] {dag.py:2981} INFO - Setting next_dagrun for example_trigger_controller_dag to 2021-01-01T00:00:00+00:00, run_after=2021-01-01T00:00:00+00:00
[2025-06-20T12:58:53.565+0000] {processor.py:161} INFO - Processing /home/airflow/.local/lib/python3.7/site-packages/airflow/example_dags/example_trigger_controller_dag.py took 0.095 seconds
[2025-06-20T12:59:24.072+0000] {processor.py:153} INFO - Started process (PID=122) to work on /home/airflow/.local/lib/python3.7/site-packages/airflow/example_dags/example_trigger_controller_dag.py
[2025-06-20T12:59:24.073+0000] {processor.py:640} INFO - Processing file /home/airflow/.local/lib/python3.7/site-packages/airflow/example_dags/example_trigger_controller_dag.py for tasks to queue
[2025-06-20T12:59:24.074+0000] {logging_mixin.py:115} INFO - [2025-06-20T12:59:24.074+0000] {dagbag.py:508} INFO - Filling up the DagBag from /home/airflow/.local/lib/python3.7/site-packages/airflow/example_dags/example_trigger_controller_dag.py
[2025-06-20T12:59:24.076+0000] {processor.py:650} INFO - DAG(s) dict_keys(['example_trigger_controller_dag']) retrieved from /home/airflow/.local/lib/python3.7/site-packages/airflow/example_dags/example_trigger_controller_dag.py
[2025-06-20T12:59:24.089+0000] {logging_mixin.py:115} INFO - [2025-06-20T12:59:24.089+0000] {dag.py:2429} INFO - Sync 1 DAGs
[2025-06-20T12:59:24.097+0000] {logging_mixin.py:115} INFO - [2025-06-20T12:59:24.097+0000] {dag.py:2981} INFO - Setting next_dagrun for example_trigger_controller_dag to 2021-01-01T00:00:00+00:00, run_after=2021-01-01T00:00:00+00:00
[2025-06-20T12:59:24.103+0000] {processor.py:161} INFO - Processing /home/airflow/.local/lib/python3.7/site-packages/airflow/example_dags/example_trigger_controller_dag.py took 0.032 seconds
[2025-06-20T12:59:55.129+0000] {processor.py:153} INFO - Started process (PID=183) to work on /home/airflow/.local/lib/python3.7/site-packages/airflow/example_dags/example_trigger_controller_dag.py
[2025-06-20T12:59:55.130+0000] {processor.py:640} INFO - Processing file /home/airflow/.local/lib/python3.7/site-packages/airflow/example_dags/example_trigger_controller_dag.py for tasks to queue
[2025-06-20T12:59:55.130+0000] {logging_mixin.py:115} INFO - [2025-06-20T12:59:55.130+0000] {dagbag.py:508} INFO - Filling up the DagBag from /home/airflow/.local/lib/python3.7/site-packages/airflow/example_dags/example_trigger_controller_dag.py
[2025-06-20T12:59:55.132+0000] {processor.py:650} INFO - DAG(s) dict_keys(['example_trigger_controller_dag']) retrieved from /home/airflow/.local/lib/python3.7/site-packages/airflow/example_dags/example_trigger_controller_dag.py
[2025-06-20T12:59:55.143+0000] {logging_mixin.py:115} INFO - [2025-06-20T12:59:55.143+0000] {dag.py:2429} INFO - Sync 1 DAGs
[2025-06-20T12:59:55.152+0000] {logging_mixin.py:115} INFO - [2025-06-20T12:59:55.152+0000] {dag.py:2981} INFO - Setting next_dagrun for example_trigger_controller_dag to 2021-01-01T00:00:00+00:00, run_after=2021-01-01T00:00:00+00:00
[2025-06-20T12:59:55.157+0000] {processor.py:161} INFO - Processing /home/airflow/.local/lib/python3.7/site-packages/airflow/example_dags/example_trigger_controller_dag.py took 0.030 seconds
[2025-06-20T13:03:48.263+0000] {processor.py:153} INFO - Started process (PID=61) to work on /home/airflow/.local/lib/python3.7/site-packages/airflow/example_dags/example_trigger_controller_dag.py
[2025-06-20T13:03:48.264+0000] {processor.py:640} INFO - Processing file /home/airflow/.local/lib/python3.7/site-packages/airflow/example_dags/example_trigger_controller_dag.py for tasks to queue
[2025-06-20T13:03:48.264+0000] {logging_mixin.py:115} INFO - [2025-06-20T13:03:48.264+0000] {dagbag.py:508} INFO - Filling up the DagBag from /home/airflow/.local/lib/python3.7/site-packages/airflow/example_dags/example_trigger_controller_dag.py
[2025-06-20T13:03:48.266+0000] {processor.py:650} INFO - DAG(s) dict_keys(['example_trigger_controller_dag']) retrieved from /home/airflow/.local/lib/python3.7/site-packages/airflow/example_dags/example_trigger_controller_dag.py
[2025-06-20T13:03:48.346+0000] {logging_mixin.py:115} INFO - [2025-06-20T13:03:48.346+0000] {manager.py:508} INFO - Created Permission View: can delete on DAG:example_trigger_controller_dag
[2025-06-20T13:03:48.356+0000] {logging_mixin.py:115} INFO - [2025-06-20T13:03:48.356+0000] {manager.py:508} INFO - Created Permission View: can edit on DAG:example_trigger_controller_dag
[2025-06-20T13:03:48.361+0000] {logging_mixin.py:115} INFO - [2025-06-20T13:03:48.361+0000] {manager.py:508} INFO - Created Permission View: can read on DAG:example_trigger_controller_dag
[2025-06-20T13:03:48.362+0000] {logging_mixin.py:115} INFO - [2025-06-20T13:03:48.361+0000] {dag.py:2429} INFO - Sync 1 DAGs
[2025-06-20T13:03:48.370+0000] {logging_mixin.py:115} INFO - [2025-06-20T13:03:48.370+0000] {dag.py:2448} INFO - Creating ORM DAG for example_trigger_controller_dag
[2025-06-20T13:03:48.378+0000] {logging_mixin.py:115} INFO - [2025-06-20T13:03:48.378+0000] {dag.py:2981} INFO - Setting next_dagrun for example_trigger_controller_dag to 2021-01-01T00:00:00+00:00, run_after=2021-01-01T00:00:00+00:00
[2025-06-20T13:03:48.385+0000] {processor.py:161} INFO - Processing /home/airflow/.local/lib/python3.7/site-packages/airflow/example_dags/example_trigger_controller_dag.py took 0.125 seconds
[2025-06-20T13:04:18.873+0000] {processor.py:153} INFO - Started process (PID=122) to work on /home/airflow/.local/lib/python3.7/site-packages/airflow/example_dags/example_trigger_controller_dag.py
[2025-06-20T13:04:18.874+0000] {processor.py:640} INFO - Processing file /home/airflow/.local/lib/python3.7/site-packages/airflow/example_dags/example_trigger_controller_dag.py for tasks to queue
[2025-06-20T13:04:18.874+0000] {logging_mixin.py:115} INFO - [2025-06-20T13:04:18.874+0000] {dagbag.py:508} INFO - Filling up the DagBag from /home/airflow/.local/lib/python3.7/site-packages/airflow/example_dags/example_trigger_controller_dag.py
[2025-06-20T13:04:18.876+0000] {processor.py:650} INFO - DAG(s) dict_keys(['example_trigger_controller_dag']) retrieved from /home/airflow/.local/lib/python3.7/site-packages/airflow/example_dags/example_trigger_controller_dag.py
[2025-06-20T13:04:18.886+0000] {logging_mixin.py:115} INFO - [2025-06-20T13:04:18.886+0000] {dag.py:2429} INFO - Sync 1 DAGs
[2025-06-20T13:04:18.897+0000] {logging_mixin.py:115} INFO - [2025-06-20T13:04:18.896+0000] {dag.py:2981} INFO - Setting next_dagrun for example_trigger_controller_dag to 2021-01-01T00:00:00+00:00, run_after=2021-01-01T00:00:00+00:00
[2025-06-20T13:04:18.901+0000] {processor.py:161} INFO - Processing /home/airflow/.local/lib/python3.7/site-packages/airflow/example_dags/example_trigger_controller_dag.py took 0.029 seconds
[2025-06-20T13:04:49.055+0000] {processor.py:153} INFO - Started process (PID=183) to work on /home/airflow/.local/lib/python3.7/site-packages/airflow/example_dags/example_trigger_controller_dag.py
[2025-06-20T13:04:49.056+0000] {processor.py:640} INFO - Processing file /home/airflow/.local/lib/python3.7/site-packages/airflow/example_dags/example_trigger_controller_dag.py for tasks to queue
[2025-06-20T13:04:49.057+0000] {logging_mixin.py:115} INFO - [2025-06-20T13:04:49.057+0000] {dagbag.py:508} INFO - Filling up the DagBag from /home/airflow/.local/lib/python3.7/site-packages/airflow/example_dags/example_trigger_controller_dag.py
[2025-06-20T13:04:49.059+0000] {processor.py:650} INFO - DAG(s) dict_keys(['example_trigger_controller_dag']) retrieved from /home/airflow/.local/lib/python3.7/site-packages/airflow/example_dags/example_trigger_controller_dag.py
[2025-06-20T13:04:49.072+0000] {logging_mixin.py:115} INFO - [2025-06-20T13:04:49.072+0000] {dag.py:2429} INFO - Sync 1 DAGs
[2025-06-20T13:04:49.082+0000] {logging_mixin.py:115} INFO - [2025-06-20T13:04:49.082+0000] {dag.py:2981} INFO - Setting next_dagrun for example_trigger_controller_dag to 2021-01-01T00:00:00+00:00, run_after=2021-01-01T00:00:00+00:00
[2025-06-20T13:04:49.091+0000] {processor.py:161} INFO - Processing /home/airflow/.local/lib/python3.7/site-packages/airflow/example_dags/example_trigger_controller_dag.py took 0.037 seconds
[2025-06-20T13:05:19.280+0000] {processor.py:153} INFO - Started process (PID=243) to work on /home/airflow/.local/lib/python3.7/site-packages/airflow/example_dags/example_trigger_controller_dag.py
[2025-06-20T13:05:19.281+0000] {processor.py:640} INFO - Processing file /home/airflow/.local/lib/python3.7/site-packages/airflow/example_dags/example_trigger_controller_dag.py for tasks to queue
[2025-06-20T13:05:19.281+0000] {logging_mixin.py:115} INFO - [2025-06-20T13:05:19.281+0000] {dagbag.py:508} INFO - Filling up the DagBag from /home/airflow/.local/lib/python3.7/site-packages/airflow/example_dags/example_trigger_controller_dag.py
[2025-06-20T13:05:19.283+0000] {processor.py:650} INFO - DAG(s) dict_keys(['example_trigger_controller_dag']) retrieved from /home/airflow/.local/lib/python3.7/site-packages/airflow/example_dags/example_trigger_controller_dag.py
[2025-06-20T13:05:19.296+0000] {logging_mixin.py:115} INFO - [2025-06-20T13:05:19.296+0000] {dag.py:2429} INFO - Sync 1 DAGs
[2025-06-20T13:05:19.309+0000] {logging_mixin.py:115} INFO - [2025-06-20T13:05:19.309+0000] {dag.py:2981} INFO - Setting next_dagrun for example_trigger_controller_dag to 2021-01-01T00:00:00+00:00, run_after=2021-01-01T00:00:00+00:00
[2025-06-20T13:05:19.315+0000] {processor.py:161} INFO - Processing /home/airflow/.local/lib/python3.7/site-packages/airflow/example_dags/example_trigger_controller_dag.py took 0.037 seconds
[2025-06-20T13:05:49.453+0000] {processor.py:153} INFO - Started process (PID=304) to work on /home/airflow/.local/lib/python3.7/site-packages/airflow/example_dags/example_trigger_controller_dag.py
[2025-06-20T13:05:49.454+0000] {processor.py:640} INFO - Processing file /home/airflow/.local/lib/python3.7/site-packages/airflow/example_dags/example_trigger_controller_dag.py for tasks to queue
[2025-06-20T13:05:49.455+0000] {logging_mixin.py:115} INFO - [2025-06-20T13:05:49.455+0000] {dagbag.py:508} INFO - Filling up the DagBag from /home/airflow/.local/lib/python3.7/site-packages/airflow/example_dags/example_trigger_controller_dag.py
[2025-06-20T13:05:49.457+0000] {processor.py:650} INFO - DAG(s) dict_keys(['example_trigger_controller_dag']) retrieved from /home/airflow/.local/lib/python3.7/site-packages/airflow/example_dags/example_trigger_controller_dag.py
[2025-06-20T13:05:49.472+0000] {logging_mixin.py:115} INFO - [2025-06-20T13:05:49.472+0000] {dag.py:2429} INFO - Sync 1 DAGs
[2025-06-20T13:05:49.483+0000] {logging_mixin.py:115} INFO - [2025-06-20T13:05:49.483+0000] {dag.py:2981} INFO - Setting next_dagrun for example_trigger_controller_dag to 2021-01-01T00:00:00+00:00, run_after=2021-01-01T00:00:00+00:00
[2025-06-20T13:05:49.494+0000] {processor.py:161} INFO - Processing /home/airflow/.local/lib/python3.7/site-packages/airflow/example_dags/example_trigger_controller_dag.py took 0.042 seconds
[2025-06-20T13:06:19.794+0000] {processor.py:153} INFO - Started process (PID=356) to work on /home/airflow/.local/lib/python3.7/site-packages/airflow/example_dags/example_trigger_controller_dag.py
[2025-06-20T13:06:19.794+0000] {processor.py:640} INFO - Processing file /home/airflow/.local/lib/python3.7/site-packages/airflow/example_dags/example_trigger_controller_dag.py for tasks to queue
[2025-06-20T13:06:19.796+0000] {logging_mixin.py:115} INFO - [2025-06-20T13:06:19.795+0000] {dagbag.py:508} INFO - Filling up the DagBag from /home/airflow/.local/lib/python3.7/site-packages/airflow/example_dags/example_trigger_controller_dag.py
[2025-06-20T13:06:19.797+0000] {processor.py:650} INFO - DAG(s) dict_keys(['example_trigger_controller_dag']) retrieved from /home/airflow/.local/lib/python3.7/site-packages/airflow/example_dags/example_trigger_controller_dag.py
[2025-06-20T13:06:19.822+0000] {logging_mixin.py:115} INFO - [2025-06-20T13:06:19.822+0000] {dag.py:2429} INFO - Sync 1 DAGs
[2025-06-20T13:06:19.835+0000] {logging_mixin.py:115} INFO - [2025-06-20T13:06:19.835+0000] {dag.py:2981} INFO - Setting next_dagrun for example_trigger_controller_dag to 2021-01-01T00:00:00+00:00, run_after=2021-01-01T00:00:00+00:00
[2025-06-20T13:06:19.840+0000] {processor.py:161} INFO - Processing /home/airflow/.local/lib/python3.7/site-packages/airflow/example_dags/example_trigger_controller_dag.py took 0.047 seconds
[2025-06-20T13:06:50.003+0000] {processor.py:153} INFO - Started process (PID=416) to work on /home/airflow/.local/lib/python3.7/site-packages/airflow/example_dags/example_trigger_controller_dag.py
[2025-06-20T13:06:50.004+0000] {processor.py:640} INFO - Processing file /home/airflow/.local/lib/python3.7/site-packages/airflow/example_dags/example_trigger_controller_dag.py for tasks to queue
[2025-06-20T13:06:50.005+0000] {logging_mixin.py:115} INFO - [2025-06-20T13:06:50.004+0000] {dagbag.py:508} INFO - Filling up the DagBag from /home/airflow/.local/lib/python3.7/site-packages/airflow/example_dags/example_trigger_controller_dag.py
[2025-06-20T13:06:50.009+0000] {processor.py:650} INFO - DAG(s) dict_keys(['example_trigger_controller_dag']) retrieved from /home/airflow/.local/lib/python3.7/site-packages/airflow/example_dags/example_trigger_controller_dag.py
[2025-06-20T13:06:50.023+0000] {logging_mixin.py:115} INFO - [2025-06-20T13:06:50.023+0000] {dag.py:2429} INFO - Sync 1 DAGs
[2025-06-20T13:06:50.032+0000] {logging_mixin.py:115} INFO - [2025-06-20T13:06:50.032+0000] {dag.py:2981} INFO - Setting next_dagrun for example_trigger_controller_dag to 2021-01-01T00:00:00+00:00, run_after=2021-01-01T00:00:00+00:00
[2025-06-20T13:06:50.036+0000] {processor.py:161} INFO - Processing /home/airflow/.local/lib/python3.7/site-packages/airflow/example_dags/example_trigger_controller_dag.py took 0.034 seconds
[2025-06-20T13:07:20.072+0000] {processor.py:153} INFO - Started process (PID=477) to work on /home/airflow/.local/lib/python3.7/site-packages/airflow/example_dags/example_trigger_controller_dag.py
[2025-06-20T13:07:20.072+0000] {processor.py:640} INFO - Processing file /home/airflow/.local/lib/python3.7/site-packages/airflow/example_dags/example_trigger_controller_dag.py for tasks to queue
[2025-06-20T13:07:20.073+0000] {logging_mixin.py:115} INFO - [2025-06-20T13:07:20.072+0000] {dagbag.py:508} INFO - Filling up the DagBag from /home/airflow/.local/lib/python3.7/site-packages/airflow/example_dags/example_trigger_controller_dag.py
[2025-06-20T13:07:20.074+0000] {processor.py:650} INFO - DAG(s) dict_keys(['example_trigger_controller_dag']) retrieved from /home/airflow/.local/lib/python3.7/site-packages/airflow/example_dags/example_trigger_controller_dag.py
[2025-06-20T13:07:20.084+0000] {logging_mixin.py:115} INFO - [2025-06-20T13:07:20.084+0000] {dag.py:2429} INFO - Sync 1 DAGs
[2025-06-20T13:07:20.093+0000] {logging_mixin.py:115} INFO - [2025-06-20T13:07:20.093+0000] {dag.py:2981} INFO - Setting next_dagrun for example_trigger_controller_dag to 2021-01-01T00:00:00+00:00, run_after=2021-01-01T00:00:00+00:00
[2025-06-20T13:07:20.097+0000] {processor.py:161} INFO - Processing /home/airflow/.local/lib/python3.7/site-packages/airflow/example_dags/example_trigger_controller_dag.py took 0.027 seconds
[2025-06-20T13:07:50.154+0000] {processor.py:153} INFO - Started process (PID=537) to work on /home/airflow/.local/lib/python3.7/site-packages/airflow/example_dags/example_trigger_controller_dag.py
[2025-06-20T13:07:50.154+0000] {processor.py:640} INFO - Processing file /home/airflow/.local/lib/python3.7/site-packages/airflow/example_dags/example_trigger_controller_dag.py for tasks to queue
[2025-06-20T13:07:50.155+0000] {logging_mixin.py:115} INFO - [2025-06-20T13:07:50.155+0000] {dagbag.py:508} INFO - Filling up the DagBag from /home/airflow/.local/lib/python3.7/site-packages/airflow/example_dags/example_trigger_controller_dag.py
[2025-06-20T13:07:50.156+0000] {processor.py:650} INFO - DAG(s) dict_keys(['example_trigger_controller_dag']) retrieved from /home/airflow/.local/lib/python3.7/site-packages/airflow/example_dags/example_trigger_controller_dag.py
[2025-06-20T13:07:50.167+0000] {logging_mixin.py:115} INFO - [2025-06-20T13:07:50.167+0000] {dag.py:2429} INFO - Sync 1 DAGs
[2025-06-20T13:07:50.177+0000] {logging_mixin.py:115} INFO - [2025-06-20T13:07:50.176+0000] {dag.py:2981} INFO - Setting next_dagrun for example_trigger_controller_dag to 2021-01-01T00:00:00+00:00, run_after=2021-01-01T00:00:00+00:00
[2025-06-20T13:07:50.185+0000] {processor.py:161} INFO - Processing /home/airflow/.local/lib/python3.7/site-packages/airflow/example_dags/example_trigger_controller_dag.py took 0.033 seconds
[2025-06-20T13:08:20.284+0000] {processor.py:153} INFO - Started process (PID=599) to work on /home/airflow/.local/lib/python3.7/site-packages/airflow/example_dags/example_trigger_controller_dag.py
[2025-06-20T13:08:20.284+0000] {processor.py:640} INFO - Processing file /home/airflow/.local/lib/python3.7/site-packages/airflow/example_dags/example_trigger_controller_dag.py for tasks to queue
[2025-06-20T13:08:20.285+0000] {logging_mixin.py:115} INFO - [2025-06-20T13:08:20.285+0000] {dagbag.py:508} INFO - Filling up the DagBag from /home/airflow/.local/lib/python3.7/site-packages/airflow/example_dags/example_trigger_controller_dag.py
[2025-06-20T13:08:20.287+0000] {processor.py:650} INFO - DAG(s) dict_keys(['example_trigger_controller_dag']) retrieved from /home/airflow/.local/lib/python3.7/site-packages/airflow/example_dags/example_trigger_controller_dag.py
[2025-06-20T13:08:20.307+0000] {logging_mixin.py:115} INFO - [2025-06-20T13:08:20.307+0000] {dag.py:2429} INFO - Sync 1 DAGs
[2025-06-20T13:08:20.318+0000] {logging_mixin.py:115} INFO - [2025-06-20T13:08:20.317+0000] {dag.py:2981} INFO - Setting next_dagrun for example_trigger_controller_dag to 2021-01-01T00:00:00+00:00, run_after=2021-01-01T00:00:00+00:00
[2025-06-20T13:08:20.323+0000] {processor.py:161} INFO - Processing /home/airflow/.local/lib/python3.7/site-packages/airflow/example_dags/example_trigger_controller_dag.py took 0.041 seconds
[2025-06-20T13:08:50.402+0000] {processor.py:153} INFO - Started process (PID=651) to work on /home/airflow/.local/lib/python3.7/site-packages/airflow/example_dags/example_trigger_controller_dag.py
[2025-06-20T13:08:50.402+0000] {processor.py:640} INFO - Processing file /home/airflow/.local/lib/python3.7/site-packages/airflow/example_dags/example_trigger_controller_dag.py for tasks to queue
[2025-06-20T13:08:50.406+0000] {logging_mixin.py:115} INFO - [2025-06-20T13:08:50.406+0000] {dagbag.py:508} INFO - Filling up the DagBag from /home/airflow/.local/lib/python3.7/site-packages/airflow/example_dags/example_trigger_controller_dag.py
[2025-06-20T13:08:50.407+0000] {processor.py:650} INFO - DAG(s) dict_keys(['example_trigger_controller_dag']) retrieved from /home/airflow/.local/lib/python3.7/site-packages/airflow/example_dags/example_trigger_controller_dag.py
[2025-06-20T13:08:50.419+0000] {logging_mixin.py:115} INFO - [2025-06-20T13:08:50.419+0000] {dag.py:2429} INFO - Sync 1 DAGs
[2025-06-20T13:08:50.428+0000] {logging_mixin.py:115} INFO - [2025-06-20T13:08:50.428+0000] {dag.py:2981} INFO - Setting next_dagrun for example_trigger_controller_dag to 2021-01-01T00:00:00+00:00, run_after=2021-01-01T00:00:00+00:00
[2025-06-20T13:08:50.435+0000] {processor.py:161} INFO - Processing /home/airflow/.local/lib/python3.7/site-packages/airflow/example_dags/example_trigger_controller_dag.py took 0.035 seconds
[2025-06-20T13:09:21.496+0000] {processor.py:153} INFO - Started process (PID=712) to work on /home/airflow/.local/lib/python3.7/site-packages/airflow/example_dags/example_trigger_controller_dag.py
[2025-06-20T13:09:21.496+0000] {processor.py:640} INFO - Processing file /home/airflow/.local/lib/python3.7/site-packages/airflow/example_dags/example_trigger_controller_dag.py for tasks to queue
[2025-06-20T13:09:21.497+0000] {logging_mixin.py:115} INFO - [2025-06-20T13:09:21.497+0000] {dagbag.py:508} INFO - Filling up the DagBag from /home/airflow/.local/lib/python3.7/site-packages/airflow/example_dags/example_trigger_controller_dag.py
[2025-06-20T13:09:21.498+0000] {processor.py:650} INFO - DAG(s) dict_keys(['example_trigger_controller_dag']) retrieved from /home/airflow/.local/lib/python3.7/site-packages/airflow/example_dags/example_trigger_controller_dag.py
[2025-06-20T13:09:21.509+0000] {logging_mixin.py:115} INFO - [2025-06-20T13:09:21.509+0000] {dag.py:2429} INFO - Sync 1 DAGs
[2025-06-20T13:09:21.518+0000] {logging_mixin.py:115} INFO - [2025-06-20T13:09:21.518+0000] {dag.py:2981} INFO - Setting next_dagrun for example_trigger_controller_dag to 2021-01-01T00:00:00+00:00, run_after=2021-01-01T00:00:00+00:00
[2025-06-20T13:09:21.522+0000] {processor.py:161} INFO - Processing /home/airflow/.local/lib/python3.7/site-packages/airflow/example_dags/example_trigger_controller_dag.py took 0.028 seconds
[2025-06-20T13:09:51.589+0000] {processor.py:153} INFO - Started process (PID=773) to work on /home/airflow/.local/lib/python3.7/site-packages/airflow/example_dags/example_trigger_controller_dag.py
[2025-06-20T13:09:51.592+0000] {processor.py:640} INFO - Processing file /home/airflow/.local/lib/python3.7/site-packages/airflow/example_dags/example_trigger_controller_dag.py for tasks to queue
[2025-06-20T13:09:51.593+0000] {logging_mixin.py:115} INFO - [2025-06-20T13:09:51.593+0000] {dagbag.py:508} INFO - Filling up the DagBag from /home/airflow/.local/lib/python3.7/site-packages/airflow/example_dags/example_trigger_controller_dag.py
[2025-06-20T13:09:51.594+0000] {processor.py:650} INFO - DAG(s) dict_keys(['example_trigger_controller_dag']) retrieved from /home/airflow/.local/lib/python3.7/site-packages/airflow/example_dags/example_trigger_controller_dag.py
[2025-06-20T13:09:51.605+0000] {logging_mixin.py:115} INFO - [2025-06-20T13:09:51.605+0000] {dag.py:2429} INFO - Sync 1 DAGs
[2025-06-20T13:09:51.621+0000] {logging_mixin.py:115} INFO - [2025-06-20T13:09:51.621+0000] {dag.py:2981} INFO - Setting next_dagrun for example_trigger_controller_dag to 2021-01-01T00:00:00+00:00, run_after=2021-01-01T00:00:00+00:00
[2025-06-20T13:09:51.626+0000] {processor.py:161} INFO - Processing /home/airflow/.local/lib/python3.7/site-packages/airflow/example_dags/example_trigger_controller_dag.py took 0.038 seconds
[2025-06-20T13:10:21.651+0000] {processor.py:153} INFO - Started process (PID=833) to work on /home/airflow/.local/lib/python3.7/site-packages/airflow/example_dags/example_trigger_controller_dag.py
[2025-06-20T13:10:21.655+0000] {processor.py:640} INFO - Processing file /home/airflow/.local/lib/python3.7/site-packages/airflow/example_dags/example_trigger_controller_dag.py for tasks to queue
[2025-06-20T13:10:21.655+0000] {logging_mixin.py:115} INFO - [2025-06-20T13:10:21.655+0000] {dagbag.py:508} INFO - Filling up the DagBag from /home/airflow/.local/lib/python3.7/site-packages/airflow/example_dags/example_trigger_controller_dag.py
[2025-06-20T13:10:21.658+0000] {processor.py:650} INFO - DAG(s) dict_keys(['example_trigger_controller_dag']) retrieved from /home/airflow/.local/lib/python3.7/site-packages/airflow/example_dags/example_trigger_controller_dag.py
[2025-06-20T13:10:21.675+0000] {logging_mixin.py:115} INFO - [2025-06-20T13:10:21.674+0000] {dag.py:2429} INFO - Sync 1 DAGs
[2025-06-20T13:10:21.686+0000] {logging_mixin.py:115} INFO - [2025-06-20T13:10:21.686+0000] {dag.py:2981} INFO - Setting next_dagrun for example_trigger_controller_dag to 2021-01-01T00:00:00+00:00, run_after=2021-01-01T00:00:00+00:00
[2025-06-20T13:10:21.692+0000] {processor.py:161} INFO - Processing /home/airflow/.local/lib/python3.7/site-packages/airflow/example_dags/example_trigger_controller_dag.py took 0.044 seconds
[2025-06-20T13:10:51.787+0000] {processor.py:153} INFO - Started process (PID=894) to work on /home/airflow/.local/lib/python3.7/site-packages/airflow/example_dags/example_trigger_controller_dag.py
[2025-06-20T13:10:51.788+0000] {processor.py:640} INFO - Processing file /home/airflow/.local/lib/python3.7/site-packages/airflow/example_dags/example_trigger_controller_dag.py for tasks to queue
[2025-06-20T13:10:51.789+0000] {logging_mixin.py:115} INFO - [2025-06-20T13:10:51.789+0000] {dagbag.py:508} INFO - Filling up the DagBag from /home/airflow/.local/lib/python3.7/site-packages/airflow/example_dags/example_trigger_controller_dag.py
[2025-06-20T13:10:51.791+0000] {processor.py:650} INFO - DAG(s) dict_keys(['example_trigger_controller_dag']) retrieved from /home/airflow/.local/lib/python3.7/site-packages/airflow/example_dags/example_trigger_controller_dag.py
[2025-06-20T13:10:51.809+0000] {logging_mixin.py:115} INFO - [2025-06-20T13:10:51.809+0000] {dag.py:2429} INFO - Sync 1 DAGs
[2025-06-20T13:10:51.820+0000] {logging_mixin.py:115} INFO - [2025-06-20T13:10:51.820+0000] {dag.py:2981} INFO - Setting next_dagrun for example_trigger_controller_dag to 2021-01-01T00:00:00+00:00, run_after=2021-01-01T00:00:00+00:00
[2025-06-20T13:10:51.827+0000] {processor.py:161} INFO - Processing /home/airflow/.local/lib/python3.7/site-packages/airflow/example_dags/example_trigger_controller_dag.py took 0.043 seconds
[2025-06-20T13:11:22.051+0000] {processor.py:153} INFO - Started process (PID=956) to work on /home/airflow/.local/lib/python3.7/site-packages/airflow/example_dags/example_trigger_controller_dag.py
[2025-06-20T13:11:22.052+0000] {processor.py:640} INFO - Processing file /home/airflow/.local/lib/python3.7/site-packages/airflow/example_dags/example_trigger_controller_dag.py for tasks to queue
[2025-06-20T13:11:22.052+0000] {logging_mixin.py:115} INFO - [2025-06-20T13:11:22.052+0000] {dagbag.py:508} INFO - Filling up the DagBag from /home/airflow/.local/lib/python3.7/site-packages/airflow/example_dags/example_trigger_controller_dag.py
[2025-06-20T13:11:22.053+0000] {processor.py:650} INFO - DAG(s) dict_keys(['example_trigger_controller_dag']) retrieved from /home/airflow/.local/lib/python3.7/site-packages/airflow/example_dags/example_trigger_controller_dag.py
[2025-06-20T13:11:22.064+0000] {logging_mixin.py:115} INFO - [2025-06-20T13:11:22.064+0000] {dag.py:2429} INFO - Sync 1 DAGs
[2025-06-20T13:11:22.073+0000] {logging_mixin.py:115} INFO - [2025-06-20T13:11:22.073+0000] {dag.py:2981} INFO - Setting next_dagrun for example_trigger_controller_dag to 2021-01-01T00:00:00+00:00, run_after=2021-01-01T00:00:00+00:00
[2025-06-20T13:11:22.077+0000] {processor.py:161} INFO - Processing /home/airflow/.local/lib/python3.7/site-packages/airflow/example_dags/example_trigger_controller_dag.py took 0.027 seconds
[2025-06-20T13:11:52.197+0000] {processor.py:153} INFO - Started process (PID=1008) to work on /home/airflow/.local/lib/python3.7/site-packages/airflow/example_dags/example_trigger_controller_dag.py
[2025-06-20T13:11:52.197+0000] {processor.py:640} INFO - Processing file /home/airflow/.local/lib/python3.7/site-packages/airflow/example_dags/example_trigger_controller_dag.py for tasks to queue
[2025-06-20T13:11:52.198+0000] {logging_mixin.py:115} INFO - [2025-06-20T13:11:52.198+0000] {dagbag.py:508} INFO - Filling up the DagBag from /home/airflow/.local/lib/python3.7/site-packages/airflow/example_dags/example_trigger_controller_dag.py
[2025-06-20T13:11:52.199+0000] {processor.py:650} INFO - DAG(s) dict_keys(['example_trigger_controller_dag']) retrieved from /home/airflow/.local/lib/python3.7/site-packages/airflow/example_dags/example_trigger_controller_dag.py
[2025-06-20T13:11:52.210+0000] {logging_mixin.py:115} INFO - [2025-06-20T13:11:52.210+0000] {dag.py:2429} INFO - Sync 1 DAGs
[2025-06-20T13:11:52.218+0000] {logging_mixin.py:115} INFO - [2025-06-20T13:11:52.218+0000] {dag.py:2981} INFO - Setting next_dagrun for example_trigger_controller_dag to 2021-01-01T00:00:00+00:00, run_after=2021-01-01T00:00:00+00:00
[2025-06-20T13:11:52.223+0000] {processor.py:161} INFO - Processing /home/airflow/.local/lib/python3.7/site-packages/airflow/example_dags/example_trigger_controller_dag.py took 0.027 seconds
[2025-06-20T13:12:22.303+0000] {processor.py:153} INFO - Started process (PID=1069) to work on /home/airflow/.local/lib/python3.7/site-packages/airflow/example_dags/example_trigger_controller_dag.py
[2025-06-20T13:12:22.305+0000] {processor.py:640} INFO - Processing file /home/airflow/.local/lib/python3.7/site-packages/airflow/example_dags/example_trigger_controller_dag.py for tasks to queue
[2025-06-20T13:12:22.305+0000] {logging_mixin.py:115} INFO - [2025-06-20T13:12:22.305+0000] {dagbag.py:508} INFO - Filling up the DagBag from /home/airflow/.local/lib/python3.7/site-packages/airflow/example_dags/example_trigger_controller_dag.py
[2025-06-20T13:12:22.306+0000] {processor.py:650} INFO - DAG(s) dict_keys(['example_trigger_controller_dag']) retrieved from /home/airflow/.local/lib/python3.7/site-packages/airflow/example_dags/example_trigger_controller_dag.py
[2025-06-20T13:12:22.319+0000] {logging_mixin.py:115} INFO - [2025-06-20T13:12:22.319+0000] {dag.py:2429} INFO - Sync 1 DAGs
[2025-06-20T13:12:22.331+0000] {logging_mixin.py:115} INFO - [2025-06-20T13:12:22.331+0000] {dag.py:2981} INFO - Setting next_dagrun for example_trigger_controller_dag to 2021-01-01T00:00:00+00:00, run_after=2021-01-01T00:00:00+00:00
[2025-06-20T13:12:22.340+0000] {processor.py:161} INFO - Processing /home/airflow/.local/lib/python3.7/site-packages/airflow/example_dags/example_trigger_controller_dag.py took 0.039 seconds
[2025-06-20T13:12:52.371+0000] {processor.py:153} INFO - Started process (PID=1129) to work on /home/airflow/.local/lib/python3.7/site-packages/airflow/example_dags/example_trigger_controller_dag.py
[2025-06-20T13:12:52.372+0000] {processor.py:640} INFO - Processing file /home/airflow/.local/lib/python3.7/site-packages/airflow/example_dags/example_trigger_controller_dag.py for tasks to queue
[2025-06-20T13:12:52.372+0000] {logging_mixin.py:115} INFO - [2025-06-20T13:12:52.372+0000] {dagbag.py:508} INFO - Filling up the DagBag from /home/airflow/.local/lib/python3.7/site-packages/airflow/example_dags/example_trigger_controller_dag.py
[2025-06-20T13:12:52.374+0000] {processor.py:650} INFO - DAG(s) dict_keys(['example_trigger_controller_dag']) retrieved from /home/airflow/.local/lib/python3.7/site-packages/airflow/example_dags/example_trigger_controller_dag.py
[2025-06-20T13:12:52.387+0000] {logging_mixin.py:115} INFO - [2025-06-20T13:12:52.387+0000] {dag.py:2429} INFO - Sync 1 DAGs
[2025-06-20T13:12:52.397+0000] {logging_mixin.py:115} INFO - [2025-06-20T13:12:52.397+0000] {dag.py:2981} INFO - Setting next_dagrun for example_trigger_controller_dag to 2021-01-01T00:00:00+00:00, run_after=2021-01-01T00:00:00+00:00
[2025-06-20T13:12:52.402+0000] {processor.py:161} INFO - Processing /home/airflow/.local/lib/python3.7/site-packages/airflow/example_dags/example_trigger_controller_dag.py took 0.034 seconds
[2025-06-20T13:13:22.468+0000] {processor.py:153} INFO - Started process (PID=1190) to work on /home/airflow/.local/lib/python3.7/site-packages/airflow/example_dags/example_trigger_controller_dag.py
[2025-06-20T13:13:22.470+0000] {processor.py:640} INFO - Processing file /home/airflow/.local/lib/python3.7/site-packages/airflow/example_dags/example_trigger_controller_dag.py for tasks to queue
[2025-06-20T13:13:22.470+0000] {logging_mixin.py:115} INFO - [2025-06-20T13:13:22.470+0000] {dagbag.py:508} INFO - Filling up the DagBag from /home/airflow/.local/lib/python3.7/site-packages/airflow/example_dags/example_trigger_controller_dag.py
[2025-06-20T13:13:22.473+0000] {processor.py:650} INFO - DAG(s) dict_keys(['example_trigger_controller_dag']) retrieved from /home/airflow/.local/lib/python3.7/site-packages/airflow/example_dags/example_trigger_controller_dag.py
[2025-06-20T13:13:22.491+0000] {logging_mixin.py:115} INFO - [2025-06-20T13:13:22.491+0000] {dag.py:2429} INFO - Sync 1 DAGs
[2025-06-20T13:13:22.504+0000] {logging_mixin.py:115} INFO - [2025-06-20T13:13:22.504+0000] {dag.py:2981} INFO - Setting next_dagrun for example_trigger_controller_dag to 2021-01-01T00:00:00+00:00, run_after=2021-01-01T00:00:00+00:00
[2025-06-20T13:13:22.511+0000] {processor.py:161} INFO - Processing /home/airflow/.local/lib/python3.7/site-packages/airflow/example_dags/example_trigger_controller_dag.py took 0.047 seconds
[2025-06-20T13:13:52.879+0000] {processor.py:153} INFO - Started process (PID=1252) to work on /home/airflow/.local/lib/python3.7/site-packages/airflow/example_dags/example_trigger_controller_dag.py
[2025-06-20T13:13:52.880+0000] {processor.py:640} INFO - Processing file /home/airflow/.local/lib/python3.7/site-packages/airflow/example_dags/example_trigger_controller_dag.py for tasks to queue
[2025-06-20T13:13:52.880+0000] {logging_mixin.py:115} INFO - [2025-06-20T13:13:52.880+0000] {dagbag.py:508} INFO - Filling up the DagBag from /home/airflow/.local/lib/python3.7/site-packages/airflow/example_dags/example_trigger_controller_dag.py
[2025-06-20T13:13:52.882+0000] {processor.py:650} INFO - DAG(s) dict_keys(['example_trigger_controller_dag']) retrieved from /home/airflow/.local/lib/python3.7/site-packages/airflow/example_dags/example_trigger_controller_dag.py
[2025-06-20T13:13:52.893+0000] {logging_mixin.py:115} INFO - [2025-06-20T13:13:52.893+0000] {dag.py:2429} INFO - Sync 1 DAGs
[2025-06-20T13:13:52.902+0000] {logging_mixin.py:115} INFO - [2025-06-20T13:13:52.902+0000] {dag.py:2981} INFO - Setting next_dagrun for example_trigger_controller_dag to 2021-01-01T00:00:00+00:00, run_after=2021-01-01T00:00:00+00:00
[2025-06-20T13:13:52.907+0000] {processor.py:161} INFO - Processing /home/airflow/.local/lib/python3.7/site-packages/airflow/example_dags/example_trigger_controller_dag.py took 0.030 seconds
[2025-06-20T13:14:22.969+0000] {processor.py:153} INFO - Started process (PID=1311) to work on /home/airflow/.local/lib/python3.7/site-packages/airflow/example_dags/example_trigger_controller_dag.py
[2025-06-20T13:14:22.970+0000] {processor.py:640} INFO - Processing file /home/airflow/.local/lib/python3.7/site-packages/airflow/example_dags/example_trigger_controller_dag.py for tasks to queue
[2025-06-20T13:14:22.970+0000] {logging_mixin.py:115} INFO - [2025-06-20T13:14:22.970+0000] {dagbag.py:508} INFO - Filling up the DagBag from /home/airflow/.local/lib/python3.7/site-packages/airflow/example_dags/example_trigger_controller_dag.py
[2025-06-20T13:14:22.971+0000] {processor.py:650} INFO - DAG(s) dict_keys(['example_trigger_controller_dag']) retrieved from /home/airflow/.local/lib/python3.7/site-packages/airflow/example_dags/example_trigger_controller_dag.py
[2025-06-20T13:14:22.984+0000] {logging_mixin.py:115} INFO - [2025-06-20T13:14:22.984+0000] {dag.py:2429} INFO - Sync 1 DAGs
[2025-06-20T13:14:22.993+0000] {logging_mixin.py:115} INFO - [2025-06-20T13:14:22.993+0000] {dag.py:2981} INFO - Setting next_dagrun for example_trigger_controller_dag to 2021-01-01T00:00:00+00:00, run_after=2021-01-01T00:00:00+00:00
[2025-06-20T13:14:22.998+0000] {processor.py:161} INFO - Processing /home/airflow/.local/lib/python3.7/site-packages/airflow/example_dags/example_trigger_controller_dag.py took 0.031 seconds
[2025-06-20T13:14:53.055+0000] {processor.py:153} INFO - Started process (PID=1364) to work on /home/airflow/.local/lib/python3.7/site-packages/airflow/example_dags/example_trigger_controller_dag.py
[2025-06-20T13:14:53.056+0000] {processor.py:640} INFO - Processing file /home/airflow/.local/lib/python3.7/site-packages/airflow/example_dags/example_trigger_controller_dag.py for tasks to queue
[2025-06-20T13:14:53.056+0000] {logging_mixin.py:115} INFO - [2025-06-20T13:14:53.056+0000] {dagbag.py:508} INFO - Filling up the DagBag from /home/airflow/.local/lib/python3.7/site-packages/airflow/example_dags/example_trigger_controller_dag.py
[2025-06-20T13:14:53.059+0000] {processor.py:650} INFO - DAG(s) dict_keys(['example_trigger_controller_dag']) retrieved from /home/airflow/.local/lib/python3.7/site-packages/airflow/example_dags/example_trigger_controller_dag.py
[2025-06-20T13:14:53.075+0000] {logging_mixin.py:115} INFO - [2025-06-20T13:14:53.075+0000] {dag.py:2429} INFO - Sync 1 DAGs
[2025-06-20T13:14:53.086+0000] {logging_mixin.py:115} INFO - [2025-06-20T13:14:53.086+0000] {dag.py:2981} INFO - Setting next_dagrun for example_trigger_controller_dag to 2021-01-01T00:00:00+00:00, run_after=2021-01-01T00:00:00+00:00
[2025-06-20T13:14:53.092+0000] {processor.py:161} INFO - Processing /home/airflow/.local/lib/python3.7/site-packages/airflow/example_dags/example_trigger_controller_dag.py took 0.040 seconds
[2025-06-20T13:15:23.145+0000] {processor.py:153} INFO - Started process (PID=1425) to work on /home/airflow/.local/lib/python3.7/site-packages/airflow/example_dags/example_trigger_controller_dag.py
[2025-06-20T13:15:23.149+0000] {processor.py:640} INFO - Processing file /home/airflow/.local/lib/python3.7/site-packages/airflow/example_dags/example_trigger_controller_dag.py for tasks to queue
[2025-06-20T13:15:23.150+0000] {logging_mixin.py:115} INFO - [2025-06-20T13:15:23.149+0000] {dagbag.py:508} INFO - Filling up the DagBag from /home/airflow/.local/lib/python3.7/site-packages/airflow/example_dags/example_trigger_controller_dag.py
[2025-06-20T13:15:23.152+0000] {processor.py:650} INFO - DAG(s) dict_keys(['example_trigger_controller_dag']) retrieved from /home/airflow/.local/lib/python3.7/site-packages/airflow/example_dags/example_trigger_controller_dag.py
[2025-06-20T13:15:23.173+0000] {logging_mixin.py:115} INFO - [2025-06-20T13:15:23.173+0000] {dag.py:2429} INFO - Sync 1 DAGs
[2025-06-20T13:15:23.189+0000] {logging_mixin.py:115} INFO - [2025-06-20T13:15:23.189+0000] {dag.py:2981} INFO - Setting next_dagrun for example_trigger_controller_dag to 2021-01-01T00:00:00+00:00, run_after=2021-01-01T00:00:00+00:00
[2025-06-20T13:15:23.198+0000] {processor.py:161} INFO - Processing /home/airflow/.local/lib/python3.7/site-packages/airflow/example_dags/example_trigger_controller_dag.py took 0.055 seconds
[2025-06-20T13:15:53.237+0000] {processor.py:153} INFO - Started process (PID=1485) to work on /home/airflow/.local/lib/python3.7/site-packages/airflow/example_dags/example_trigger_controller_dag.py
[2025-06-20T13:15:53.238+0000] {processor.py:640} INFO - Processing file /home/airflow/.local/lib/python3.7/site-packages/airflow/example_dags/example_trigger_controller_dag.py for tasks to queue
[2025-06-20T13:15:53.239+0000] {logging_mixin.py:115} INFO - [2025-06-20T13:15:53.239+0000] {dagbag.py:508} INFO - Filling up the DagBag from /home/airflow/.local/lib/python3.7/site-packages/airflow/example_dags/example_trigger_controller_dag.py
[2025-06-20T13:15:53.242+0000] {processor.py:650} INFO - DAG(s) dict_keys(['example_trigger_controller_dag']) retrieved from /home/airflow/.local/lib/python3.7/site-packages/airflow/example_dags/example_trigger_controller_dag.py
[2025-06-20T13:15:53.261+0000] {logging_mixin.py:115} INFO - [2025-06-20T13:15:53.261+0000] {dag.py:2429} INFO - Sync 1 DAGs
[2025-06-20T13:15:53.273+0000] {logging_mixin.py:115} INFO - [2025-06-20T13:15:53.273+0000] {dag.py:2981} INFO - Setting next_dagrun for example_trigger_controller_dag to 2021-01-01T00:00:00+00:00, run_after=2021-01-01T00:00:00+00:00
[2025-06-20T13:15:53.279+0000] {processor.py:161} INFO - Processing /home/airflow/.local/lib/python3.7/site-packages/airflow/example_dags/example_trigger_controller_dag.py took 0.046 seconds
[2025-06-20T13:16:23.572+0000] {processor.py:153} INFO - Started process (PID=1548) to work on /home/airflow/.local/lib/python3.7/site-packages/airflow/example_dags/example_trigger_controller_dag.py
[2025-06-20T13:16:23.574+0000] {processor.py:640} INFO - Processing file /home/airflow/.local/lib/python3.7/site-packages/airflow/example_dags/example_trigger_controller_dag.py for tasks to queue
[2025-06-20T13:16:23.576+0000] {logging_mixin.py:115} INFO - [2025-06-20T13:16:23.576+0000] {dagbag.py:508} INFO - Filling up the DagBag from /home/airflow/.local/lib/python3.7/site-packages/airflow/example_dags/example_trigger_controller_dag.py
[2025-06-20T13:16:23.578+0000] {processor.py:650} INFO - DAG(s) dict_keys(['example_trigger_controller_dag']) retrieved from /home/airflow/.local/lib/python3.7/site-packages/airflow/example_dags/example_trigger_controller_dag.py
[2025-06-20T13:16:23.591+0000] {logging_mixin.py:115} INFO - [2025-06-20T13:16:23.591+0000] {dag.py:2429} INFO - Sync 1 DAGs
[2025-06-20T13:16:23.601+0000] {logging_mixin.py:115} INFO - [2025-06-20T13:16:23.601+0000] {dag.py:2981} INFO - Setting next_dagrun for example_trigger_controller_dag to 2021-01-01T00:00:00+00:00, run_after=2021-01-01T00:00:00+00:00
[2025-06-20T13:16:23.606+0000] {processor.py:161} INFO - Processing /home/airflow/.local/lib/python3.7/site-packages/airflow/example_dags/example_trigger_controller_dag.py took 0.035 seconds
[2025-06-20T13:16:53.780+0000] {processor.py:153} INFO - Started process (PID=1609) to work on /home/airflow/.local/lib/python3.7/site-packages/airflow/example_dags/example_trigger_controller_dag.py
[2025-06-20T13:16:53.780+0000] {processor.py:640} INFO - Processing file /home/airflow/.local/lib/python3.7/site-packages/airflow/example_dags/example_trigger_controller_dag.py for tasks to queue
[2025-06-20T13:16:53.780+0000] {logging_mixin.py:115} INFO - [2025-06-20T13:16:53.780+0000] {dagbag.py:508} INFO - Filling up the DagBag from /home/airflow/.local/lib/python3.7/site-packages/airflow/example_dags/example_trigger_controller_dag.py
[2025-06-20T13:16:53.782+0000] {processor.py:650} INFO - DAG(s) dict_keys(['example_trigger_controller_dag']) retrieved from /home/airflow/.local/lib/python3.7/site-packages/airflow/example_dags/example_trigger_controller_dag.py
[2025-06-20T13:16:53.793+0000] {logging_mixin.py:115} INFO - [2025-06-20T13:16:53.792+0000] {dag.py:2429} INFO - Sync 1 DAGs
[2025-06-20T13:16:53.804+0000] {logging_mixin.py:115} INFO - [2025-06-20T13:16:53.804+0000] {dag.py:2981} INFO - Setting next_dagrun for example_trigger_controller_dag to 2021-01-01T00:00:00+00:00, run_after=2021-01-01T00:00:00+00:00
[2025-06-20T13:16:53.808+0000] {processor.py:161} INFO - Processing /home/airflow/.local/lib/python3.7/site-packages/airflow/example_dags/example_trigger_controller_dag.py took 0.030 seconds
[2025-06-20T13:17:23.884+0000] {processor.py:153} INFO - Started process (PID=1661) to work on /home/airflow/.local/lib/python3.7/site-packages/airflow/example_dags/example_trigger_controller_dag.py
[2025-06-20T13:17:23.885+0000] {processor.py:640} INFO - Processing file /home/airflow/.local/lib/python3.7/site-packages/airflow/example_dags/example_trigger_controller_dag.py for tasks to queue
[2025-06-20T13:17:23.889+0000] {logging_mixin.py:115} INFO - [2025-06-20T13:17:23.889+0000] {dagbag.py:508} INFO - Filling up the DagBag from /home/airflow/.local/lib/python3.7/site-packages/airflow/example_dags/example_trigger_controller_dag.py
[2025-06-20T13:17:23.890+0000] {processor.py:650} INFO - DAG(s) dict_keys(['example_trigger_controller_dag']) retrieved from /home/airflow/.local/lib/python3.7/site-packages/airflow/example_dags/example_trigger_controller_dag.py
[2025-06-20T13:17:23.901+0000] {logging_mixin.py:115} INFO - [2025-06-20T13:17:23.901+0000] {dag.py:2429} INFO - Sync 1 DAGs
[2025-06-20T13:17:23.912+0000] {logging_mixin.py:115} INFO - [2025-06-20T13:17:23.912+0000] {dag.py:2981} INFO - Setting next_dagrun for example_trigger_controller_dag to 2021-01-01T00:00:00+00:00, run_after=2021-01-01T00:00:00+00:00
[2025-06-20T13:17:23.917+0000] {processor.py:161} INFO - Processing /home/airflow/.local/lib/python3.7/site-packages/airflow/example_dags/example_trigger_controller_dag.py took 0.035 seconds
[2025-06-20T13:17:53.952+0000] {processor.py:153} INFO - Started process (PID=1721) to work on /home/airflow/.local/lib/python3.7/site-packages/airflow/example_dags/example_trigger_controller_dag.py
[2025-06-20T13:17:53.952+0000] {processor.py:640} INFO - Processing file /home/airflow/.local/lib/python3.7/site-packages/airflow/example_dags/example_trigger_controller_dag.py for tasks to queue
[2025-06-20T13:17:53.952+0000] {logging_mixin.py:115} INFO - [2025-06-20T13:17:53.952+0000] {dagbag.py:508} INFO - Filling up the DagBag from /home/airflow/.local/lib/python3.7/site-packages/airflow/example_dags/example_trigger_controller_dag.py
[2025-06-20T13:17:53.953+0000] {processor.py:650} INFO - DAG(s) dict_keys(['example_trigger_controller_dag']) retrieved from /home/airflow/.local/lib/python3.7/site-packages/airflow/example_dags/example_trigger_controller_dag.py
[2025-06-20T13:17:53.964+0000] {logging_mixin.py:115} INFO - [2025-06-20T13:17:53.963+0000] {dag.py:2429} INFO - Sync 1 DAGs
[2025-06-20T13:17:53.972+0000] {logging_mixin.py:115} INFO - [2025-06-20T13:17:53.972+0000] {dag.py:2981} INFO - Setting next_dagrun for example_trigger_controller_dag to 2021-01-01T00:00:00+00:00, run_after=2021-01-01T00:00:00+00:00
[2025-06-20T13:17:53.976+0000] {processor.py:161} INFO - Processing /home/airflow/.local/lib/python3.7/site-packages/airflow/example_dags/example_trigger_controller_dag.py took 0.026 seconds
[2025-06-20T13:18:24.064+0000] {processor.py:153} INFO - Started process (PID=1782) to work on /home/airflow/.local/lib/python3.7/site-packages/airflow/example_dags/example_trigger_controller_dag.py
[2025-06-20T13:18:24.066+0000] {processor.py:640} INFO - Processing file /home/airflow/.local/lib/python3.7/site-packages/airflow/example_dags/example_trigger_controller_dag.py for tasks to queue
[2025-06-20T13:18:24.069+0000] {logging_mixin.py:115} INFO - [2025-06-20T13:18:24.069+0000] {dagbag.py:508} INFO - Filling up the DagBag from /home/airflow/.local/lib/python3.7/site-packages/airflow/example_dags/example_trigger_controller_dag.py
[2025-06-20T13:18:24.072+0000] {processor.py:650} INFO - DAG(s) dict_keys(['example_trigger_controller_dag']) retrieved from /home/airflow/.local/lib/python3.7/site-packages/airflow/example_dags/example_trigger_controller_dag.py
[2025-06-20T13:18:24.090+0000] {logging_mixin.py:115} INFO - [2025-06-20T13:18:24.090+0000] {dag.py:2429} INFO - Sync 1 DAGs
[2025-06-20T13:18:24.102+0000] {logging_mixin.py:115} INFO - [2025-06-20T13:18:24.102+0000] {dag.py:2981} INFO - Setting next_dagrun for example_trigger_controller_dag to 2021-01-01T00:00:00+00:00, run_after=2021-01-01T00:00:00+00:00
[2025-06-20T13:18:24.107+0000] {processor.py:161} INFO - Processing /home/airflow/.local/lib/python3.7/site-packages/airflow/example_dags/example_trigger_controller_dag.py took 0.047 seconds
[2025-06-20T13:18:54.262+0000] {processor.py:153} INFO - Started process (PID=1843) to work on /home/airflow/.local/lib/python3.7/site-packages/airflow/example_dags/example_trigger_controller_dag.py
[2025-06-20T13:18:54.265+0000] {processor.py:640} INFO - Processing file /home/airflow/.local/lib/python3.7/site-packages/airflow/example_dags/example_trigger_controller_dag.py for tasks to queue
[2025-06-20T13:18:54.266+0000] {logging_mixin.py:115} INFO - [2025-06-20T13:18:54.265+0000] {dagbag.py:508} INFO - Filling up the DagBag from /home/airflow/.local/lib/python3.7/site-packages/airflow/example_dags/example_trigger_controller_dag.py
[2025-06-20T13:18:54.268+0000] {processor.py:650} INFO - DAG(s) dict_keys(['example_trigger_controller_dag']) retrieved from /home/airflow/.local/lib/python3.7/site-packages/airflow/example_dags/example_trigger_controller_dag.py
[2025-06-20T13:18:54.285+0000] {logging_mixin.py:115} INFO - [2025-06-20T13:18:54.285+0000] {dag.py:2429} INFO - Sync 1 DAGs
[2025-06-20T13:18:54.297+0000] {logging_mixin.py:115} INFO - [2025-06-20T13:18:54.297+0000] {dag.py:2981} INFO - Setting next_dagrun for example_trigger_controller_dag to 2021-01-01T00:00:00+00:00, run_after=2021-01-01T00:00:00+00:00
[2025-06-20T13:18:54.302+0000] {processor.py:161} INFO - Processing /home/airflow/.local/lib/python3.7/site-packages/airflow/example_dags/example_trigger_controller_dag.py took 0.043 seconds
[2025-06-20T13:19:24.392+0000] {processor.py:153} INFO - Started process (PID=1904) to work on /home/airflow/.local/lib/python3.7/site-packages/airflow/example_dags/example_trigger_controller_dag.py
[2025-06-20T13:19:24.393+0000] {processor.py:640} INFO - Processing file /home/airflow/.local/lib/python3.7/site-packages/airflow/example_dags/example_trigger_controller_dag.py for tasks to queue
[2025-06-20T13:19:24.397+0000] {logging_mixin.py:115} INFO - [2025-06-20T13:19:24.397+0000] {dagbag.py:508} INFO - Filling up the DagBag from /home/airflow/.local/lib/python3.7/site-packages/airflow/example_dags/example_trigger_controller_dag.py
[2025-06-20T13:19:24.399+0000] {processor.py:650} INFO - DAG(s) dict_keys(['example_trigger_controller_dag']) retrieved from /home/airflow/.local/lib/python3.7/site-packages/airflow/example_dags/example_trigger_controller_dag.py
[2025-06-20T13:19:24.412+0000] {logging_mixin.py:115} INFO - [2025-06-20T13:19:24.412+0000] {dag.py:2429} INFO - Sync 1 DAGs
[2025-06-20T13:19:24.423+0000] {logging_mixin.py:115} INFO - [2025-06-20T13:19:24.423+0000] {dag.py:2981} INFO - Setting next_dagrun for example_trigger_controller_dag to 2021-01-01T00:00:00+00:00, run_after=2021-01-01T00:00:00+00:00
[2025-06-20T13:19:24.429+0000] {processor.py:161} INFO - Processing /home/airflow/.local/lib/python3.7/site-packages/airflow/example_dags/example_trigger_controller_dag.py took 0.039 seconds
[2025-06-20T13:19:54.520+0000] {processor.py:153} INFO - Started process (PID=1965) to work on /home/airflow/.local/lib/python3.7/site-packages/airflow/example_dags/example_trigger_controller_dag.py
[2025-06-20T13:19:54.524+0000] {processor.py:640} INFO - Processing file /home/airflow/.local/lib/python3.7/site-packages/airflow/example_dags/example_trigger_controller_dag.py for tasks to queue
[2025-06-20T13:19:54.524+0000] {logging_mixin.py:115} INFO - [2025-06-20T13:19:54.524+0000] {dagbag.py:508} INFO - Filling up the DagBag from /home/airflow/.local/lib/python3.7/site-packages/airflow/example_dags/example_trigger_controller_dag.py
[2025-06-20T13:19:54.526+0000] {processor.py:650} INFO - DAG(s) dict_keys(['example_trigger_controller_dag']) retrieved from /home/airflow/.local/lib/python3.7/site-packages/airflow/example_dags/example_trigger_controller_dag.py
[2025-06-20T13:19:54.543+0000] {logging_mixin.py:115} INFO - [2025-06-20T13:19:54.543+0000] {dag.py:2429} INFO - Sync 1 DAGs
[2025-06-20T13:19:54.555+0000] {logging_mixin.py:115} INFO - [2025-06-20T13:19:54.555+0000] {dag.py:2981} INFO - Setting next_dagrun for example_trigger_controller_dag to 2021-01-01T00:00:00+00:00, run_after=2021-01-01T00:00:00+00:00
[2025-06-20T13:19:54.563+0000] {processor.py:161} INFO - Processing /home/airflow/.local/lib/python3.7/site-packages/airflow/example_dags/example_trigger_controller_dag.py took 0.046 seconds
[2025-06-20T13:20:24.654+0000] {processor.py:153} INFO - Started process (PID=2017) to work on /home/airflow/.local/lib/python3.7/site-packages/airflow/example_dags/example_trigger_controller_dag.py
[2025-06-20T13:20:24.655+0000] {processor.py:640} INFO - Processing file /home/airflow/.local/lib/python3.7/site-packages/airflow/example_dags/example_trigger_controller_dag.py for tasks to queue
[2025-06-20T13:20:24.656+0000] {logging_mixin.py:115} INFO - [2025-06-20T13:20:24.656+0000] {dagbag.py:508} INFO - Filling up the DagBag from /home/airflow/.local/lib/python3.7/site-packages/airflow/example_dags/example_trigger_controller_dag.py
[2025-06-20T13:20:24.658+0000] {processor.py:650} INFO - DAG(s) dict_keys(['example_trigger_controller_dag']) retrieved from /home/airflow/.local/lib/python3.7/site-packages/airflow/example_dags/example_trigger_controller_dag.py
[2025-06-20T13:20:24.679+0000] {logging_mixin.py:115} INFO - [2025-06-20T13:20:24.678+0000] {dag.py:2429} INFO - Sync 1 DAGs
[2025-06-20T13:20:24.692+0000] {logging_mixin.py:115} INFO - [2025-06-20T13:20:24.692+0000] {dag.py:2981} INFO - Setting next_dagrun for example_trigger_controller_dag to 2021-01-01T00:00:00+00:00, run_after=2021-01-01T00:00:00+00:00
[2025-06-20T13:20:24.698+0000] {processor.py:161} INFO - Processing /home/airflow/.local/lib/python3.7/site-packages/airflow/example_dags/example_trigger_controller_dag.py took 0.047 seconds
[2025-06-20T13:20:54.764+0000] {processor.py:153} INFO - Started process (PID=2078) to work on /home/airflow/.local/lib/python3.7/site-packages/airflow/example_dags/example_trigger_controller_dag.py
[2025-06-20T13:20:54.765+0000] {processor.py:640} INFO - Processing file /home/airflow/.local/lib/python3.7/site-packages/airflow/example_dags/example_trigger_controller_dag.py for tasks to queue
[2025-06-20T13:20:54.766+0000] {logging_mixin.py:115} INFO - [2025-06-20T13:20:54.765+0000] {dagbag.py:508} INFO - Filling up the DagBag from /home/airflow/.local/lib/python3.7/site-packages/airflow/example_dags/example_trigger_controller_dag.py
[2025-06-20T13:20:54.768+0000] {processor.py:650} INFO - DAG(s) dict_keys(['example_trigger_controller_dag']) retrieved from /home/airflow/.local/lib/python3.7/site-packages/airflow/example_dags/example_trigger_controller_dag.py
[2025-06-20T13:20:54.787+0000] {logging_mixin.py:115} INFO - [2025-06-20T13:20:54.787+0000] {dag.py:2429} INFO - Sync 1 DAGs
[2025-06-20T13:20:54.799+0000] {logging_mixin.py:115} INFO - [2025-06-20T13:20:54.799+0000] {dag.py:2981} INFO - Setting next_dagrun for example_trigger_controller_dag to 2021-01-01T00:00:00+00:00, run_after=2021-01-01T00:00:00+00:00
[2025-06-20T13:20:54.805+0000] {processor.py:161} INFO - Processing /home/airflow/.local/lib/python3.7/site-packages/airflow/example_dags/example_trigger_controller_dag.py took 0.045 seconds
[2025-06-20T13:21:24.898+0000] {processor.py:153} INFO - Started process (PID=2139) to work on /home/airflow/.local/lib/python3.7/site-packages/airflow/example_dags/example_trigger_controller_dag.py
[2025-06-20T13:21:24.901+0000] {processor.py:640} INFO - Processing file /home/airflow/.local/lib/python3.7/site-packages/airflow/example_dags/example_trigger_controller_dag.py for tasks to queue
[2025-06-20T13:21:24.901+0000] {logging_mixin.py:115} INFO - [2025-06-20T13:21:24.901+0000] {dagbag.py:508} INFO - Filling up the DagBag from /home/airflow/.local/lib/python3.7/site-packages/airflow/example_dags/example_trigger_controller_dag.py
[2025-06-20T13:21:24.903+0000] {processor.py:650} INFO - DAG(s) dict_keys(['example_trigger_controller_dag']) retrieved from /home/airflow/.local/lib/python3.7/site-packages/airflow/example_dags/example_trigger_controller_dag.py
[2025-06-20T13:21:24.923+0000] {logging_mixin.py:115} INFO - [2025-06-20T13:21:24.923+0000] {dag.py:2429} INFO - Sync 1 DAGs
[2025-06-20T13:21:24.936+0000] {logging_mixin.py:115} INFO - [2025-06-20T13:21:24.936+0000] {dag.py:2981} INFO - Setting next_dagrun for example_trigger_controller_dag to 2021-01-01T00:00:00+00:00, run_after=2021-01-01T00:00:00+00:00
[2025-06-20T13:21:24.942+0000] {processor.py:161} INFO - Processing /home/airflow/.local/lib/python3.7/site-packages/airflow/example_dags/example_trigger_controller_dag.py took 0.047 seconds
[2025-06-20T13:21:55.000+0000] {processor.py:153} INFO - Started process (PID=2200) to work on /home/airflow/.local/lib/python3.7/site-packages/airflow/example_dags/example_trigger_controller_dag.py
[2025-06-20T13:21:55.001+0000] {processor.py:640} INFO - Processing file /home/airflow/.local/lib/python3.7/site-packages/airflow/example_dags/example_trigger_controller_dag.py for tasks to queue
[2025-06-20T13:21:55.002+0000] {logging_mixin.py:115} INFO - [2025-06-20T13:21:55.002+0000] {dagbag.py:508} INFO - Filling up the DagBag from /home/airflow/.local/lib/python3.7/site-packages/airflow/example_dags/example_trigger_controller_dag.py
[2025-06-20T13:21:55.007+0000] {processor.py:650} INFO - DAG(s) dict_keys(['example_trigger_controller_dag']) retrieved from /home/airflow/.local/lib/python3.7/site-packages/airflow/example_dags/example_trigger_controller_dag.py
[2025-06-20T13:21:55.023+0000] {logging_mixin.py:115} INFO - [2025-06-20T13:21:55.023+0000] {dag.py:2429} INFO - Sync 1 DAGs
[2025-06-20T13:21:55.035+0000] {logging_mixin.py:115} INFO - [2025-06-20T13:21:55.035+0000] {dag.py:2981} INFO - Setting next_dagrun for example_trigger_controller_dag to 2021-01-01T00:00:00+00:00, run_after=2021-01-01T00:00:00+00:00
[2025-06-20T13:21:55.040+0000] {processor.py:161} INFO - Processing /home/airflow/.local/lib/python3.7/site-packages/airflow/example_dags/example_trigger_controller_dag.py took 0.044 seconds
[2025-06-20T13:22:25.206+0000] {processor.py:153} INFO - Started process (PID=2261) to work on /home/airflow/.local/lib/python3.7/site-packages/airflow/example_dags/example_trigger_controller_dag.py
[2025-06-20T13:22:25.208+0000] {processor.py:640} INFO - Processing file /home/airflow/.local/lib/python3.7/site-packages/airflow/example_dags/example_trigger_controller_dag.py for tasks to queue
[2025-06-20T13:22:25.209+0000] {logging_mixin.py:115} INFO - [2025-06-20T13:22:25.209+0000] {dagbag.py:508} INFO - Filling up the DagBag from /home/airflow/.local/lib/python3.7/site-packages/airflow/example_dags/example_trigger_controller_dag.py
[2025-06-20T13:22:25.212+0000] {processor.py:650} INFO - DAG(s) dict_keys(['example_trigger_controller_dag']) retrieved from /home/airflow/.local/lib/python3.7/site-packages/airflow/example_dags/example_trigger_controller_dag.py
[2025-06-20T13:22:25.229+0000] {logging_mixin.py:115} INFO - [2025-06-20T13:22:25.229+0000] {dag.py:2429} INFO - Sync 1 DAGs
[2025-06-20T13:22:25.240+0000] {logging_mixin.py:115} INFO - [2025-06-20T13:22:25.240+0000] {dag.py:2981} INFO - Setting next_dagrun for example_trigger_controller_dag to 2021-01-01T00:00:00+00:00, run_after=2021-01-01T00:00:00+00:00
[2025-06-20T13:22:25.247+0000] {processor.py:161} INFO - Processing /home/airflow/.local/lib/python3.7/site-packages/airflow/example_dags/example_trigger_controller_dag.py took 0.044 seconds
[2025-06-20T13:22:55.350+0000] {processor.py:153} INFO - Started process (PID=2313) to work on /home/airflow/.local/lib/python3.7/site-packages/airflow/example_dags/example_trigger_controller_dag.py
[2025-06-20T13:22:55.353+0000] {processor.py:640} INFO - Processing file /home/airflow/.local/lib/python3.7/site-packages/airflow/example_dags/example_trigger_controller_dag.py for tasks to queue
[2025-06-20T13:22:55.354+0000] {logging_mixin.py:115} INFO - [2025-06-20T13:22:55.354+0000] {dagbag.py:508} INFO - Filling up the DagBag from /home/airflow/.local/lib/python3.7/site-packages/airflow/example_dags/example_trigger_controller_dag.py
[2025-06-20T13:22:55.356+0000] {processor.py:650} INFO - DAG(s) dict_keys(['example_trigger_controller_dag']) retrieved from /home/airflow/.local/lib/python3.7/site-packages/airflow/example_dags/example_trigger_controller_dag.py
[2025-06-20T13:22:55.374+0000] {logging_mixin.py:115} INFO - [2025-06-20T13:22:55.374+0000] {dag.py:2429} INFO - Sync 1 DAGs
[2025-06-20T13:22:55.385+0000] {logging_mixin.py:115} INFO - [2025-06-20T13:22:55.385+0000] {dag.py:2981} INFO - Setting next_dagrun for example_trigger_controller_dag to 2021-01-01T00:00:00+00:00, run_after=2021-01-01T00:00:00+00:00
[2025-06-20T13:22:55.393+0000] {processor.py:161} INFO - Processing /home/airflow/.local/lib/python3.7/site-packages/airflow/example_dags/example_trigger_controller_dag.py took 0.047 seconds
[2025-06-20T13:23:25.494+0000] {processor.py:153} INFO - Started process (PID=2374) to work on /home/airflow/.local/lib/python3.7/site-packages/airflow/example_dags/example_trigger_controller_dag.py
[2025-06-20T13:23:25.495+0000] {processor.py:640} INFO - Processing file /home/airflow/.local/lib/python3.7/site-packages/airflow/example_dags/example_trigger_controller_dag.py for tasks to queue
[2025-06-20T13:23:25.496+0000] {logging_mixin.py:115} INFO - [2025-06-20T13:23:25.496+0000] {dagbag.py:508} INFO - Filling up the DagBag from /home/airflow/.local/lib/python3.7/site-packages/airflow/example_dags/example_trigger_controller_dag.py
[2025-06-20T13:23:25.498+0000] {processor.py:650} INFO - DAG(s) dict_keys(['example_trigger_controller_dag']) retrieved from /home/airflow/.local/lib/python3.7/site-packages/airflow/example_dags/example_trigger_controller_dag.py
[2025-06-20T13:23:25.517+0000] {logging_mixin.py:115} INFO - [2025-06-20T13:23:25.517+0000] {dag.py:2429} INFO - Sync 1 DAGs
[2025-06-20T13:23:25.529+0000] {logging_mixin.py:115} INFO - [2025-06-20T13:23:25.529+0000] {dag.py:2981} INFO - Setting next_dagrun for example_trigger_controller_dag to 2021-01-01T00:00:00+00:00, run_after=2021-01-01T00:00:00+00:00
[2025-06-20T13:23:25.535+0000] {processor.py:161} INFO - Processing /home/airflow/.local/lib/python3.7/site-packages/airflow/example_dags/example_trigger_controller_dag.py took 0.045 seconds
[2025-06-20T13:23:55.644+0000] {processor.py:153} INFO - Started process (PID=2435) to work on /home/airflow/.local/lib/python3.7/site-packages/airflow/example_dags/example_trigger_controller_dag.py
[2025-06-20T13:23:55.644+0000] {processor.py:640} INFO - Processing file /home/airflow/.local/lib/python3.7/site-packages/airflow/example_dags/example_trigger_controller_dag.py for tasks to queue
[2025-06-20T13:23:55.645+0000] {logging_mixin.py:115} INFO - [2025-06-20T13:23:55.645+0000] {dagbag.py:508} INFO - Filling up the DagBag from /home/airflow/.local/lib/python3.7/site-packages/airflow/example_dags/example_trigger_controller_dag.py
[2025-06-20T13:23:55.650+0000] {processor.py:650} INFO - DAG(s) dict_keys(['example_trigger_controller_dag']) retrieved from /home/airflow/.local/lib/python3.7/site-packages/airflow/example_dags/example_trigger_controller_dag.py
[2025-06-20T13:23:55.666+0000] {logging_mixin.py:115} INFO - [2025-06-20T13:23:55.666+0000] {dag.py:2429} INFO - Sync 1 DAGs
[2025-06-20T13:23:55.677+0000] {logging_mixin.py:115} INFO - [2025-06-20T13:23:55.677+0000] {dag.py:2981} INFO - Setting next_dagrun for example_trigger_controller_dag to 2021-01-01T00:00:00+00:00, run_after=2021-01-01T00:00:00+00:00
[2025-06-20T13:23:55.684+0000] {processor.py:161} INFO - Processing /home/airflow/.local/lib/python3.7/site-packages/airflow/example_dags/example_trigger_controller_dag.py took 0.043 seconds
[2025-06-20T13:24:25.827+0000] {processor.py:153} INFO - Started process (PID=2496) to work on /home/airflow/.local/lib/python3.7/site-packages/airflow/example_dags/example_trigger_controller_dag.py
[2025-06-20T13:24:25.829+0000] {processor.py:640} INFO - Processing file /home/airflow/.local/lib/python3.7/site-packages/airflow/example_dags/example_trigger_controller_dag.py for tasks to queue
[2025-06-20T13:24:25.829+0000] {logging_mixin.py:115} INFO - [2025-06-20T13:24:25.829+0000] {dagbag.py:508} INFO - Filling up the DagBag from /home/airflow/.local/lib/python3.7/site-packages/airflow/example_dags/example_trigger_controller_dag.py
[2025-06-20T13:24:25.833+0000] {processor.py:650} INFO - DAG(s) dict_keys(['example_trigger_controller_dag']) retrieved from /home/airflow/.local/lib/python3.7/site-packages/airflow/example_dags/example_trigger_controller_dag.py
[2025-06-20T13:24:25.851+0000] {logging_mixin.py:115} INFO - [2025-06-20T13:24:25.851+0000] {dag.py:2429} INFO - Sync 1 DAGs
[2025-06-20T13:24:25.864+0000] {logging_mixin.py:115} INFO - [2025-06-20T13:24:25.863+0000] {dag.py:2981} INFO - Setting next_dagrun for example_trigger_controller_dag to 2021-01-01T00:00:00+00:00, run_after=2021-01-01T00:00:00+00:00
[2025-06-20T13:24:25.872+0000] {processor.py:161} INFO - Processing /home/airflow/.local/lib/python3.7/site-packages/airflow/example_dags/example_trigger_controller_dag.py took 0.048 seconds
