[2025-06-20T12:58:52.237+0000] {processor.py:153} INFO - Started process (PID=45) to work on /home/airflow/.local/lib/python3.7/site-packages/airflow/example_dags/example_complex.py
[2025-06-20T12:58:52.237+0000] {processor.py:640} INFO - Processing file /home/airflow/.local/lib/python3.7/site-packages/airflow/example_dags/example_complex.py for tasks to queue
[2025-06-20T12:58:52.238+0000] {logging_mixin.py:115} INFO - [2025-06-20T12:58:52.237+0000] {dagbag.py:508} INFO - Filling up the DagBag from /home/airflow/.local/lib/python3.7/site-packages/airflow/example_dags/example_complex.py
[2025-06-20T12:58:52.246+0000] {processor.py:650} INFO - DAG(s) dict_keys(['example_complex']) retrieved from /home/airflow/.local/lib/python3.7/site-packages/airflow/example_dags/example_complex.py
[2025-06-20T12:58:52.291+0000] {logging_mixin.py:115} INFO - [2025-06-20T12:58:52.291+0000] {manager.py:508} INFO - Created Permission View: can read on DAG:example_complex
[2025-06-20T12:58:52.296+0000] {logging_mixin.py:115} INFO - [2025-06-20T12:58:52.296+0000] {manager.py:508} INFO - Created Permission View: can delete on DAG:example_complex
[2025-06-20T12:58:52.303+0000] {logging_mixin.py:115} INFO - [2025-06-20T12:58:52.303+0000] {manager.py:508} INFO - Created Permission View: can edit on DAG:example_complex
[2025-06-20T12:58:52.303+0000] {logging_mixin.py:115} INFO - [2025-06-20T12:58:52.303+0000] {dag.py:2429} INFO - Sync 1 DAGs
[2025-06-20T12:58:52.309+0000] {logging_mixin.py:115} INFO - [2025-06-20T12:58:52.308+0000] {dag.py:2448} INFO - Creating ORM DAG for example_complex
[2025-06-20T12:58:52.315+0000] {logging_mixin.py:115} INFO - [2025-06-20T12:58:52.315+0000] {dag.py:2981} INFO - Setting next_dagrun for example_complex to None, run_after=None
[2025-06-20T12:58:52.323+0000] {processor.py:161} INFO - Processing /home/airflow/.local/lib/python3.7/site-packages/airflow/example_dags/example_complex.py took 0.089 seconds
[2025-06-20T12:59:22.480+0000] {processor.py:153} INFO - Started process (PID=105) to work on /home/airflow/.local/lib/python3.7/site-packages/airflow/example_dags/example_complex.py
[2025-06-20T12:59:22.482+0000] {processor.py:640} INFO - Processing file /home/airflow/.local/lib/python3.7/site-packages/airflow/example_dags/example_complex.py for tasks to queue
[2025-06-20T12:59:22.482+0000] {logging_mixin.py:115} INFO - [2025-06-20T12:59:22.482+0000] {dagbag.py:508} INFO - Filling up the DagBag from /home/airflow/.local/lib/python3.7/site-packages/airflow/example_dags/example_complex.py
[2025-06-20T12:59:22.489+0000] {processor.py:650} INFO - DAG(s) dict_keys(['example_complex']) retrieved from /home/airflow/.local/lib/python3.7/site-packages/airflow/example_dags/example_complex.py
[2025-06-20T12:59:22.505+0000] {logging_mixin.py:115} INFO - [2025-06-20T12:59:22.505+0000] {dag.py:2429} INFO - Sync 1 DAGs
[2025-06-20T12:59:22.517+0000] {logging_mixin.py:115} INFO - [2025-06-20T12:59:22.517+0000] {dag.py:2981} INFO - Setting next_dagrun for example_complex to None, run_after=None
[2025-06-20T12:59:22.523+0000] {processor.py:161} INFO - Processing /home/airflow/.local/lib/python3.7/site-packages/airflow/example_dags/example_complex.py took 0.044 seconds
[2025-06-20T12:59:52.611+0000] {processor.py:153} INFO - Started process (PID=166) to work on /home/airflow/.local/lib/python3.7/site-packages/airflow/example_dags/example_complex.py
[2025-06-20T12:59:52.612+0000] {processor.py:640} INFO - Processing file /home/airflow/.local/lib/python3.7/site-packages/airflow/example_dags/example_complex.py for tasks to queue
[2025-06-20T12:59:52.612+0000] {logging_mixin.py:115} INFO - [2025-06-20T12:59:52.612+0000] {dagbag.py:508} INFO - Filling up the DagBag from /home/airflow/.local/lib/python3.7/site-packages/airflow/example_dags/example_complex.py
[2025-06-20T12:59:52.617+0000] {processor.py:650} INFO - DAG(s) dict_keys(['example_complex']) retrieved from /home/airflow/.local/lib/python3.7/site-packages/airflow/example_dags/example_complex.py
[2025-06-20T12:59:52.632+0000] {logging_mixin.py:115} INFO - [2025-06-20T12:59:52.632+0000] {dag.py:2429} INFO - Sync 1 DAGs
[2025-06-20T12:59:52.642+0000] {logging_mixin.py:115} INFO - [2025-06-20T12:59:52.642+0000] {dag.py:2981} INFO - Setting next_dagrun for example_complex to None, run_after=None
[2025-06-20T12:59:52.647+0000] {processor.py:161} INFO - Processing /home/airflow/.local/lib/python3.7/site-packages/airflow/example_dags/example_complex.py took 0.037 seconds
[2025-06-20T13:03:46.927+0000] {processor.py:153} INFO - Started process (PID=44) to work on /home/airflow/.local/lib/python3.7/site-packages/airflow/example_dags/example_complex.py
[2025-06-20T13:03:46.927+0000] {processor.py:640} INFO - Processing file /home/airflow/.local/lib/python3.7/site-packages/airflow/example_dags/example_complex.py for tasks to queue
[2025-06-20T13:03:46.927+0000] {logging_mixin.py:115} INFO - [2025-06-20T13:03:46.927+0000] {dagbag.py:508} INFO - Filling up the DagBag from /home/airflow/.local/lib/python3.7/site-packages/airflow/example_dags/example_complex.py
[2025-06-20T13:03:46.933+0000] {processor.py:650} INFO - DAG(s) dict_keys(['example_complex']) retrieved from /home/airflow/.local/lib/python3.7/site-packages/airflow/example_dags/example_complex.py
[2025-06-20T13:03:46.971+0000] {logging_mixin.py:115} INFO - [2025-06-20T13:03:46.970+0000] {manager.py:508} INFO - Created Permission View: can delete on DAG:example_complex
[2025-06-20T13:03:46.974+0000] {logging_mixin.py:115} INFO - [2025-06-20T13:03:46.974+0000] {manager.py:508} INFO - Created Permission View: can edit on DAG:example_complex
[2025-06-20T13:03:46.976+0000] {logging_mixin.py:115} INFO - [2025-06-20T13:03:46.976+0000] {manager.py:508} INFO - Created Permission View: can read on DAG:example_complex
[2025-06-20T13:03:46.976+0000] {logging_mixin.py:115} INFO - [2025-06-20T13:03:46.976+0000] {dag.py:2429} INFO - Sync 1 DAGs
[2025-06-20T13:03:46.980+0000] {logging_mixin.py:115} INFO - [2025-06-20T13:03:46.980+0000] {dag.py:2448} INFO - Creating ORM DAG for example_complex
[2025-06-20T13:03:46.985+0000] {logging_mixin.py:115} INFO - [2025-06-20T13:03:46.985+0000] {dag.py:2981} INFO - Setting next_dagrun for example_complex to None, run_after=None
[2025-06-20T13:03:46.992+0000] {processor.py:161} INFO - Processing /home/airflow/.local/lib/python3.7/site-packages/airflow/example_dags/example_complex.py took 0.067 seconds
[2025-06-20T13:04:17.322+0000] {processor.py:153} INFO - Started process (PID=105) to work on /home/airflow/.local/lib/python3.7/site-packages/airflow/example_dags/example_complex.py
[2025-06-20T13:04:17.322+0000] {processor.py:640} INFO - Processing file /home/airflow/.local/lib/python3.7/site-packages/airflow/example_dags/example_complex.py for tasks to queue
[2025-06-20T13:04:17.323+0000] {logging_mixin.py:115} INFO - [2025-06-20T13:04:17.323+0000] {dagbag.py:508} INFO - Filling up the DagBag from /home/airflow/.local/lib/python3.7/site-packages/airflow/example_dags/example_complex.py
[2025-06-20T13:04:17.328+0000] {processor.py:650} INFO - DAG(s) dict_keys(['example_complex']) retrieved from /home/airflow/.local/lib/python3.7/site-packages/airflow/example_dags/example_complex.py
[2025-06-20T13:04:17.345+0000] {logging_mixin.py:115} INFO - [2025-06-20T13:04:17.344+0000] {dag.py:2429} INFO - Sync 1 DAGs
[2025-06-20T13:04:17.354+0000] {logging_mixin.py:115} INFO - [2025-06-20T13:04:17.354+0000] {dag.py:2981} INFO - Setting next_dagrun for example_complex to None, run_after=None
[2025-06-20T13:04:17.361+0000] {processor.py:161} INFO - Processing /home/airflow/.local/lib/python3.7/site-packages/airflow/example_dags/example_complex.py took 0.040 seconds
[2025-06-20T13:04:47.522+0000] {processor.py:153} INFO - Started process (PID=166) to work on /home/airflow/.local/lib/python3.7/site-packages/airflow/example_dags/example_complex.py
[2025-06-20T13:04:47.523+0000] {processor.py:640} INFO - Processing file /home/airflow/.local/lib/python3.7/site-packages/airflow/example_dags/example_complex.py for tasks to queue
[2025-06-20T13:04:47.523+0000] {logging_mixin.py:115} INFO - [2025-06-20T13:04:47.523+0000] {dagbag.py:508} INFO - Filling up the DagBag from /home/airflow/.local/lib/python3.7/site-packages/airflow/example_dags/example_complex.py
[2025-06-20T13:04:47.530+0000] {processor.py:650} INFO - DAG(s) dict_keys(['example_complex']) retrieved from /home/airflow/.local/lib/python3.7/site-packages/airflow/example_dags/example_complex.py
[2025-06-20T13:04:47.545+0000] {logging_mixin.py:115} INFO - [2025-06-20T13:04:47.545+0000] {dag.py:2429} INFO - Sync 1 DAGs
[2025-06-20T13:04:47.555+0000] {logging_mixin.py:115} INFO - [2025-06-20T13:04:47.555+0000] {dag.py:2981} INFO - Setting next_dagrun for example_complex to None, run_after=None
[2025-06-20T13:04:47.561+0000] {processor.py:161} INFO - Processing /home/airflow/.local/lib/python3.7/site-packages/airflow/example_dags/example_complex.py took 0.041 seconds
[2025-06-20T13:05:17.757+0000] {processor.py:153} INFO - Started process (PID=226) to work on /home/airflow/.local/lib/python3.7/site-packages/airflow/example_dags/example_complex.py
[2025-06-20T13:05:17.757+0000] {processor.py:640} INFO - Processing file /home/airflow/.local/lib/python3.7/site-packages/airflow/example_dags/example_complex.py for tasks to queue
[2025-06-20T13:05:17.757+0000] {logging_mixin.py:115} INFO - [2025-06-20T13:05:17.757+0000] {dagbag.py:508} INFO - Filling up the DagBag from /home/airflow/.local/lib/python3.7/site-packages/airflow/example_dags/example_complex.py
[2025-06-20T13:05:17.765+0000] {processor.py:650} INFO - DAG(s) dict_keys(['example_complex']) retrieved from /home/airflow/.local/lib/python3.7/site-packages/airflow/example_dags/example_complex.py
[2025-06-20T13:05:17.782+0000] {logging_mixin.py:115} INFO - [2025-06-20T13:05:17.782+0000] {dag.py:2429} INFO - Sync 1 DAGs
[2025-06-20T13:05:17.791+0000] {logging_mixin.py:115} INFO - [2025-06-20T13:05:17.791+0000] {dag.py:2981} INFO - Setting next_dagrun for example_complex to None, run_after=None
[2025-06-20T13:05:17.795+0000] {processor.py:161} INFO - Processing /home/airflow/.local/lib/python3.7/site-packages/airflow/example_dags/example_complex.py took 0.040 seconds
[2025-06-20T13:05:47.909+0000] {processor.py:153} INFO - Started process (PID=278) to work on /home/airflow/.local/lib/python3.7/site-packages/airflow/example_dags/example_complex.py
[2025-06-20T13:05:47.909+0000] {processor.py:640} INFO - Processing file /home/airflow/.local/lib/python3.7/site-packages/airflow/example_dags/example_complex.py for tasks to queue
[2025-06-20T13:05:47.910+0000] {logging_mixin.py:115} INFO - [2025-06-20T13:05:47.910+0000] {dagbag.py:508} INFO - Filling up the DagBag from /home/airflow/.local/lib/python3.7/site-packages/airflow/example_dags/example_complex.py
[2025-06-20T13:05:47.918+0000] {processor.py:650} INFO - DAG(s) dict_keys(['example_complex']) retrieved from /home/airflow/.local/lib/python3.7/site-packages/airflow/example_dags/example_complex.py
[2025-06-20T13:05:47.931+0000] {logging_mixin.py:115} INFO - [2025-06-20T13:05:47.931+0000] {dag.py:2429} INFO - Sync 1 DAGs
[2025-06-20T13:05:47.941+0000] {logging_mixin.py:115} INFO - [2025-06-20T13:05:47.941+0000] {dag.py:2981} INFO - Setting next_dagrun for example_complex to None, run_after=None
[2025-06-20T13:05:47.948+0000] {processor.py:161} INFO - Processing /home/airflow/.local/lib/python3.7/site-packages/airflow/example_dags/example_complex.py took 0.040 seconds
[2025-06-20T13:06:18.216+0000] {processor.py:153} INFO - Started process (PID=339) to work on /home/airflow/.local/lib/python3.7/site-packages/airflow/example_dags/example_complex.py
[2025-06-20T13:06:18.217+0000] {processor.py:640} INFO - Processing file /home/airflow/.local/lib/python3.7/site-packages/airflow/example_dags/example_complex.py for tasks to queue
[2025-06-20T13:06:18.217+0000] {logging_mixin.py:115} INFO - [2025-06-20T13:06:18.217+0000] {dagbag.py:508} INFO - Filling up the DagBag from /home/airflow/.local/lib/python3.7/site-packages/airflow/example_dags/example_complex.py
[2025-06-20T13:06:18.225+0000] {processor.py:650} INFO - DAG(s) dict_keys(['example_complex']) retrieved from /home/airflow/.local/lib/python3.7/site-packages/airflow/example_dags/example_complex.py
[2025-06-20T13:06:18.241+0000] {logging_mixin.py:115} INFO - [2025-06-20T13:06:18.241+0000] {dag.py:2429} INFO - Sync 1 DAGs
[2025-06-20T13:06:18.253+0000] {logging_mixin.py:115} INFO - [2025-06-20T13:06:18.253+0000] {dag.py:2981} INFO - Setting next_dagrun for example_complex to None, run_after=None
[2025-06-20T13:06:18.259+0000] {processor.py:161} INFO - Processing /home/airflow/.local/lib/python3.7/site-packages/airflow/example_dags/example_complex.py took 0.044 seconds
[2025-06-20T13:06:48.473+0000] {processor.py:153} INFO - Started process (PID=399) to work on /home/airflow/.local/lib/python3.7/site-packages/airflow/example_dags/example_complex.py
[2025-06-20T13:06:48.474+0000] {processor.py:640} INFO - Processing file /home/airflow/.local/lib/python3.7/site-packages/airflow/example_dags/example_complex.py for tasks to queue
[2025-06-20T13:06:48.475+0000] {logging_mixin.py:115} INFO - [2025-06-20T13:06:48.475+0000] {dagbag.py:508} INFO - Filling up the DagBag from /home/airflow/.local/lib/python3.7/site-packages/airflow/example_dags/example_complex.py
[2025-06-20T13:06:48.481+0000] {processor.py:650} INFO - DAG(s) dict_keys(['example_complex']) retrieved from /home/airflow/.local/lib/python3.7/site-packages/airflow/example_dags/example_complex.py
[2025-06-20T13:06:48.496+0000] {logging_mixin.py:115} INFO - [2025-06-20T13:06:48.496+0000] {dag.py:2429} INFO - Sync 1 DAGs
[2025-06-20T13:06:48.508+0000] {logging_mixin.py:115} INFO - [2025-06-20T13:06:48.508+0000] {dag.py:2981} INFO - Setting next_dagrun for example_complex to None, run_after=None
[2025-06-20T13:06:48.523+0000] {processor.py:161} INFO - Processing /home/airflow/.local/lib/python3.7/site-packages/airflow/example_dags/example_complex.py took 0.051 seconds
[2025-06-20T13:07:18.560+0000] {processor.py:153} INFO - Started process (PID=460) to work on /home/airflow/.local/lib/python3.7/site-packages/airflow/example_dags/example_complex.py
[2025-06-20T13:07:18.561+0000] {processor.py:640} INFO - Processing file /home/airflow/.local/lib/python3.7/site-packages/airflow/example_dags/example_complex.py for tasks to queue
[2025-06-20T13:07:18.561+0000] {logging_mixin.py:115} INFO - [2025-06-20T13:07:18.561+0000] {dagbag.py:508} INFO - Filling up the DagBag from /home/airflow/.local/lib/python3.7/site-packages/airflow/example_dags/example_complex.py
[2025-06-20T13:07:18.566+0000] {processor.py:650} INFO - DAG(s) dict_keys(['example_complex']) retrieved from /home/airflow/.local/lib/python3.7/site-packages/airflow/example_dags/example_complex.py
[2025-06-20T13:07:18.578+0000] {logging_mixin.py:115} INFO - [2025-06-20T13:07:18.578+0000] {dag.py:2429} INFO - Sync 1 DAGs
[2025-06-20T13:07:18.586+0000] {logging_mixin.py:115} INFO - [2025-06-20T13:07:18.586+0000] {dag.py:2981} INFO - Setting next_dagrun for example_complex to None, run_after=None
[2025-06-20T13:07:18.591+0000] {processor.py:161} INFO - Processing /home/airflow/.local/lib/python3.7/site-packages/airflow/example_dags/example_complex.py took 0.031 seconds
[2025-06-20T13:07:48.696+0000] {processor.py:153} INFO - Started process (PID=521) to work on /home/airflow/.local/lib/python3.7/site-packages/airflow/example_dags/example_complex.py
[2025-06-20T13:07:48.696+0000] {processor.py:640} INFO - Processing file /home/airflow/.local/lib/python3.7/site-packages/airflow/example_dags/example_complex.py for tasks to queue
[2025-06-20T13:07:48.697+0000] {logging_mixin.py:115} INFO - [2025-06-20T13:07:48.696+0000] {dagbag.py:508} INFO - Filling up the DagBag from /home/airflow/.local/lib/python3.7/site-packages/airflow/example_dags/example_complex.py
[2025-06-20T13:07:48.702+0000] {processor.py:650} INFO - DAG(s) dict_keys(['example_complex']) retrieved from /home/airflow/.local/lib/python3.7/site-packages/airflow/example_dags/example_complex.py
[2025-06-20T13:07:48.719+0000] {logging_mixin.py:115} INFO - [2025-06-20T13:07:48.719+0000] {dag.py:2429} INFO - Sync 1 DAGs
[2025-06-20T13:07:48.728+0000] {logging_mixin.py:115} INFO - [2025-06-20T13:07:48.728+0000] {dag.py:2981} INFO - Setting next_dagrun for example_complex to None, run_after=None
[2025-06-20T13:07:48.734+0000] {processor.py:161} INFO - Processing /home/airflow/.local/lib/python3.7/site-packages/airflow/example_dags/example_complex.py took 0.040 seconds
[2025-06-20T13:08:18.771+0000] {processor.py:153} INFO - Started process (PID=573) to work on /home/airflow/.local/lib/python3.7/site-packages/airflow/example_dags/example_complex.py
[2025-06-20T13:08:18.772+0000] {processor.py:640} INFO - Processing file /home/airflow/.local/lib/python3.7/site-packages/airflow/example_dags/example_complex.py for tasks to queue
[2025-06-20T13:08:18.772+0000] {logging_mixin.py:115} INFO - [2025-06-20T13:08:18.772+0000] {dagbag.py:508} INFO - Filling up the DagBag from /home/airflow/.local/lib/python3.7/site-packages/airflow/example_dags/example_complex.py
[2025-06-20T13:08:18.777+0000] {processor.py:650} INFO - DAG(s) dict_keys(['example_complex']) retrieved from /home/airflow/.local/lib/python3.7/site-packages/airflow/example_dags/example_complex.py
[2025-06-20T13:08:18.792+0000] {logging_mixin.py:115} INFO - [2025-06-20T13:08:18.792+0000] {dag.py:2429} INFO - Sync 1 DAGs
[2025-06-20T13:08:18.801+0000] {logging_mixin.py:115} INFO - [2025-06-20T13:08:18.801+0000] {dag.py:2981} INFO - Setting next_dagrun for example_complex to None, run_after=None
[2025-06-20T13:08:18.806+0000] {processor.py:161} INFO - Processing /home/airflow/.local/lib/python3.7/site-packages/airflow/example_dags/example_complex.py took 0.037 seconds
[2025-06-20T13:08:48.890+0000] {processor.py:153} INFO - Started process (PID=634) to work on /home/airflow/.local/lib/python3.7/site-packages/airflow/example_dags/example_complex.py
[2025-06-20T13:08:48.890+0000] {processor.py:640} INFO - Processing file /home/airflow/.local/lib/python3.7/site-packages/airflow/example_dags/example_complex.py for tasks to queue
[2025-06-20T13:08:48.890+0000] {logging_mixin.py:115} INFO - [2025-06-20T13:08:48.890+0000] {dagbag.py:508} INFO - Filling up the DagBag from /home/airflow/.local/lib/python3.7/site-packages/airflow/example_dags/example_complex.py
[2025-06-20T13:08:48.895+0000] {processor.py:650} INFO - DAG(s) dict_keys(['example_complex']) retrieved from /home/airflow/.local/lib/python3.7/site-packages/airflow/example_dags/example_complex.py
[2025-06-20T13:08:48.907+0000] {logging_mixin.py:115} INFO - [2025-06-20T13:08:48.907+0000] {dag.py:2429} INFO - Sync 1 DAGs
[2025-06-20T13:08:48.915+0000] {logging_mixin.py:115} INFO - [2025-06-20T13:08:48.915+0000] {dag.py:2981} INFO - Setting next_dagrun for example_complex to None, run_after=None
[2025-06-20T13:08:48.919+0000] {processor.py:161} INFO - Processing /home/airflow/.local/lib/python3.7/site-packages/airflow/example_dags/example_complex.py took 0.031 seconds
[2025-06-20T13:09:19.020+0000] {processor.py:153} INFO - Started process (PID=695) to work on /home/airflow/.local/lib/python3.7/site-packages/airflow/example_dags/example_complex.py
[2025-06-20T13:09:19.020+0000] {processor.py:640} INFO - Processing file /home/airflow/.local/lib/python3.7/site-packages/airflow/example_dags/example_complex.py for tasks to queue
[2025-06-20T13:09:19.020+0000] {logging_mixin.py:115} INFO - [2025-06-20T13:09:19.020+0000] {dagbag.py:508} INFO - Filling up the DagBag from /home/airflow/.local/lib/python3.7/site-packages/airflow/example_dags/example_complex.py
[2025-06-20T13:09:19.026+0000] {processor.py:650} INFO - DAG(s) dict_keys(['example_complex']) retrieved from /home/airflow/.local/lib/python3.7/site-packages/airflow/example_dags/example_complex.py
[2025-06-20T13:09:19.039+0000] {logging_mixin.py:115} INFO - [2025-06-20T13:09:19.039+0000] {dag.py:2429} INFO - Sync 1 DAGs
[2025-06-20T13:09:19.047+0000] {logging_mixin.py:115} INFO - [2025-06-20T13:09:19.047+0000] {dag.py:2981} INFO - Setting next_dagrun for example_complex to None, run_after=None
[2025-06-20T13:09:19.052+0000] {processor.py:161} INFO - Processing /home/airflow/.local/lib/python3.7/site-packages/airflow/example_dags/example_complex.py took 0.033 seconds
[2025-06-20T13:09:49.106+0000] {processor.py:153} INFO - Started process (PID=756) to work on /home/airflow/.local/lib/python3.7/site-packages/airflow/example_dags/example_complex.py
[2025-06-20T13:09:49.108+0000] {processor.py:640} INFO - Processing file /home/airflow/.local/lib/python3.7/site-packages/airflow/example_dags/example_complex.py for tasks to queue
[2025-06-20T13:09:49.109+0000] {logging_mixin.py:115} INFO - [2025-06-20T13:09:49.108+0000] {dagbag.py:508} INFO - Filling up the DagBag from /home/airflow/.local/lib/python3.7/site-packages/airflow/example_dags/example_complex.py
[2025-06-20T13:09:49.115+0000] {processor.py:650} INFO - DAG(s) dict_keys(['example_complex']) retrieved from /home/airflow/.local/lib/python3.7/site-packages/airflow/example_dags/example_complex.py
[2025-06-20T13:09:49.128+0000] {logging_mixin.py:115} INFO - [2025-06-20T13:09:49.128+0000] {dag.py:2429} INFO - Sync 1 DAGs
[2025-06-20T13:09:49.136+0000] {logging_mixin.py:115} INFO - [2025-06-20T13:09:49.136+0000] {dag.py:2981} INFO - Setting next_dagrun for example_complex to None, run_after=None
[2025-06-20T13:09:49.141+0000] {processor.py:161} INFO - Processing /home/airflow/.local/lib/python3.7/site-packages/airflow/example_dags/example_complex.py took 0.036 seconds
[2025-06-20T13:10:19.197+0000] {processor.py:153} INFO - Started process (PID=817) to work on /home/airflow/.local/lib/python3.7/site-packages/airflow/example_dags/example_complex.py
[2025-06-20T13:10:19.198+0000] {processor.py:640} INFO - Processing file /home/airflow/.local/lib/python3.7/site-packages/airflow/example_dags/example_complex.py for tasks to queue
[2025-06-20T13:10:19.199+0000] {logging_mixin.py:115} INFO - [2025-06-20T13:10:19.199+0000] {dagbag.py:508} INFO - Filling up the DagBag from /home/airflow/.local/lib/python3.7/site-packages/airflow/example_dags/example_complex.py
[2025-06-20T13:10:19.204+0000] {processor.py:650} INFO - DAG(s) dict_keys(['example_complex']) retrieved from /home/airflow/.local/lib/python3.7/site-packages/airflow/example_dags/example_complex.py
[2025-06-20T13:10:19.217+0000] {logging_mixin.py:115} INFO - [2025-06-20T13:10:19.216+0000] {dag.py:2429} INFO - Sync 1 DAGs
[2025-06-20T13:10:19.225+0000] {logging_mixin.py:115} INFO - [2025-06-20T13:10:19.225+0000] {dag.py:2981} INFO - Setting next_dagrun for example_complex to None, run_after=None
[2025-06-20T13:10:19.230+0000] {processor.py:161} INFO - Processing /home/airflow/.local/lib/python3.7/site-packages/airflow/example_dags/example_complex.py took 0.035 seconds
[2025-06-20T13:10:49.334+0000] {processor.py:153} INFO - Started process (PID=878) to work on /home/airflow/.local/lib/python3.7/site-packages/airflow/example_dags/example_complex.py
[2025-06-20T13:10:49.336+0000] {processor.py:640} INFO - Processing file /home/airflow/.local/lib/python3.7/site-packages/airflow/example_dags/example_complex.py for tasks to queue
[2025-06-20T13:10:49.338+0000] {logging_mixin.py:115} INFO - [2025-06-20T13:10:49.338+0000] {dagbag.py:508} INFO - Filling up the DagBag from /home/airflow/.local/lib/python3.7/site-packages/airflow/example_dags/example_complex.py
[2025-06-20T13:10:49.344+0000] {processor.py:650} INFO - DAG(s) dict_keys(['example_complex']) retrieved from /home/airflow/.local/lib/python3.7/site-packages/airflow/example_dags/example_complex.py
[2025-06-20T13:10:49.357+0000] {logging_mixin.py:115} INFO - [2025-06-20T13:10:49.357+0000] {dag.py:2429} INFO - Sync 1 DAGs
[2025-06-20T13:10:49.366+0000] {logging_mixin.py:115} INFO - [2025-06-20T13:10:49.366+0000] {dag.py:2981} INFO - Setting next_dagrun for example_complex to None, run_after=None
[2025-06-20T13:10:49.370+0000] {processor.py:161} INFO - Processing /home/airflow/.local/lib/python3.7/site-packages/airflow/example_dags/example_complex.py took 0.038 seconds
[2025-06-20T13:11:19.434+0000] {processor.py:153} INFO - Started process (PID=930) to work on /home/airflow/.local/lib/python3.7/site-packages/airflow/example_dags/example_complex.py
[2025-06-20T13:11:19.435+0000] {processor.py:640} INFO - Processing file /home/airflow/.local/lib/python3.7/site-packages/airflow/example_dags/example_complex.py for tasks to queue
[2025-06-20T13:11:19.435+0000] {logging_mixin.py:115} INFO - [2025-06-20T13:11:19.435+0000] {dagbag.py:508} INFO - Filling up the DagBag from /home/airflow/.local/lib/python3.7/site-packages/airflow/example_dags/example_complex.py
[2025-06-20T13:11:19.440+0000] {processor.py:650} INFO - DAG(s) dict_keys(['example_complex']) retrieved from /home/airflow/.local/lib/python3.7/site-packages/airflow/example_dags/example_complex.py
[2025-06-20T13:11:19.452+0000] {logging_mixin.py:115} INFO - [2025-06-20T13:11:19.452+0000] {dag.py:2429} INFO - Sync 1 DAGs
[2025-06-20T13:11:19.460+0000] {logging_mixin.py:115} INFO - [2025-06-20T13:11:19.460+0000] {dag.py:2981} INFO - Setting next_dagrun for example_complex to None, run_after=None
[2025-06-20T13:11:19.464+0000] {processor.py:161} INFO - Processing /home/airflow/.local/lib/python3.7/site-packages/airflow/example_dags/example_complex.py took 0.031 seconds
[2025-06-20T13:11:49.622+0000] {processor.py:153} INFO - Started process (PID=991) to work on /home/airflow/.local/lib/python3.7/site-packages/airflow/example_dags/example_complex.py
[2025-06-20T13:11:49.622+0000] {processor.py:640} INFO - Processing file /home/airflow/.local/lib/python3.7/site-packages/airflow/example_dags/example_complex.py for tasks to queue
[2025-06-20T13:11:49.623+0000] {logging_mixin.py:115} INFO - [2025-06-20T13:11:49.623+0000] {dagbag.py:508} INFO - Filling up the DagBag from /home/airflow/.local/lib/python3.7/site-packages/airflow/example_dags/example_complex.py
[2025-06-20T13:11:49.628+0000] {processor.py:650} INFO - DAG(s) dict_keys(['example_complex']) retrieved from /home/airflow/.local/lib/python3.7/site-packages/airflow/example_dags/example_complex.py
[2025-06-20T13:11:49.642+0000] {logging_mixin.py:115} INFO - [2025-06-20T13:11:49.642+0000] {dag.py:2429} INFO - Sync 1 DAGs
[2025-06-20T13:11:49.651+0000] {logging_mixin.py:115} INFO - [2025-06-20T13:11:49.651+0000] {dag.py:2981} INFO - Setting next_dagrun for example_complex to None, run_after=None
[2025-06-20T13:11:49.657+0000] {processor.py:161} INFO - Processing /home/airflow/.local/lib/python3.7/site-packages/airflow/example_dags/example_complex.py took 0.037 seconds
[2025-06-20T13:12:19.780+0000] {processor.py:153} INFO - Started process (PID=1052) to work on /home/airflow/.local/lib/python3.7/site-packages/airflow/example_dags/example_complex.py
[2025-06-20T13:12:19.780+0000] {processor.py:640} INFO - Processing file /home/airflow/.local/lib/python3.7/site-packages/airflow/example_dags/example_complex.py for tasks to queue
[2025-06-20T13:12:19.780+0000] {logging_mixin.py:115} INFO - [2025-06-20T13:12:19.780+0000] {dagbag.py:508} INFO - Filling up the DagBag from /home/airflow/.local/lib/python3.7/site-packages/airflow/example_dags/example_complex.py
[2025-06-20T13:12:19.786+0000] {processor.py:650} INFO - DAG(s) dict_keys(['example_complex']) retrieved from /home/airflow/.local/lib/python3.7/site-packages/airflow/example_dags/example_complex.py
[2025-06-20T13:12:19.799+0000] {logging_mixin.py:115} INFO - [2025-06-20T13:12:19.799+0000] {dag.py:2429} INFO - Sync 1 DAGs
[2025-06-20T13:12:19.807+0000] {logging_mixin.py:115} INFO - [2025-06-20T13:12:19.807+0000] {dag.py:2981} INFO - Setting next_dagrun for example_complex to None, run_after=None
[2025-06-20T13:12:19.812+0000] {processor.py:161} INFO - Processing /home/airflow/.local/lib/python3.7/site-packages/airflow/example_dags/example_complex.py took 0.034 seconds
[2025-06-20T13:12:49.913+0000] {processor.py:153} INFO - Started process (PID=1113) to work on /home/airflow/.local/lib/python3.7/site-packages/airflow/example_dags/example_complex.py
[2025-06-20T13:12:49.916+0000] {processor.py:640} INFO - Processing file /home/airflow/.local/lib/python3.7/site-packages/airflow/example_dags/example_complex.py for tasks to queue
[2025-06-20T13:12:49.916+0000] {logging_mixin.py:115} INFO - [2025-06-20T13:12:49.916+0000] {dagbag.py:508} INFO - Filling up the DagBag from /home/airflow/.local/lib/python3.7/site-packages/airflow/example_dags/example_complex.py
[2025-06-20T13:12:49.922+0000] {processor.py:650} INFO - DAG(s) dict_keys(['example_complex']) retrieved from /home/airflow/.local/lib/python3.7/site-packages/airflow/example_dags/example_complex.py
[2025-06-20T13:12:49.941+0000] {logging_mixin.py:115} INFO - [2025-06-20T13:12:49.941+0000] {dag.py:2429} INFO - Sync 1 DAGs
[2025-06-20T13:12:49.951+0000] {logging_mixin.py:115} INFO - [2025-06-20T13:12:49.950+0000] {dag.py:2981} INFO - Setting next_dagrun for example_complex to None, run_after=None
[2025-06-20T13:12:49.957+0000] {processor.py:161} INFO - Processing /home/airflow/.local/lib/python3.7/site-packages/airflow/example_dags/example_complex.py took 0.045 seconds
[2025-06-20T13:13:20.020+0000] {processor.py:153} INFO - Started process (PID=1174) to work on /home/airflow/.local/lib/python3.7/site-packages/airflow/example_dags/example_complex.py
[2025-06-20T13:13:20.020+0000] {processor.py:640} INFO - Processing file /home/airflow/.local/lib/python3.7/site-packages/airflow/example_dags/example_complex.py for tasks to queue
[2025-06-20T13:13:20.021+0000] {logging_mixin.py:115} INFO - [2025-06-20T13:13:20.021+0000] {dagbag.py:508} INFO - Filling up the DagBag from /home/airflow/.local/lib/python3.7/site-packages/airflow/example_dags/example_complex.py
[2025-06-20T13:13:20.025+0000] {processor.py:650} INFO - DAG(s) dict_keys(['example_complex']) retrieved from /home/airflow/.local/lib/python3.7/site-packages/airflow/example_dags/example_complex.py
[2025-06-20T13:13:20.038+0000] {logging_mixin.py:115} INFO - [2025-06-20T13:13:20.038+0000] {dag.py:2429} INFO - Sync 1 DAGs
[2025-06-20T13:13:20.046+0000] {logging_mixin.py:115} INFO - [2025-06-20T13:13:20.046+0000] {dag.py:2981} INFO - Setting next_dagrun for example_complex to None, run_after=None
[2025-06-20T13:13:20.050+0000] {processor.py:161} INFO - Processing /home/airflow/.local/lib/python3.7/site-packages/airflow/example_dags/example_complex.py took 0.031 seconds
[2025-06-20T13:13:50.210+0000] {processor.py:153} INFO - Started process (PID=1226) to work on /home/airflow/.local/lib/python3.7/site-packages/airflow/example_dags/example_complex.py
[2025-06-20T13:13:50.211+0000] {processor.py:640} INFO - Processing file /home/airflow/.local/lib/python3.7/site-packages/airflow/example_dags/example_complex.py for tasks to queue
[2025-06-20T13:13:50.211+0000] {logging_mixin.py:115} INFO - [2025-06-20T13:13:50.211+0000] {dagbag.py:508} INFO - Filling up the DagBag from /home/airflow/.local/lib/python3.7/site-packages/airflow/example_dags/example_complex.py
[2025-06-20T13:13:50.218+0000] {processor.py:650} INFO - DAG(s) dict_keys(['example_complex']) retrieved from /home/airflow/.local/lib/python3.7/site-packages/airflow/example_dags/example_complex.py
[2025-06-20T13:13:50.236+0000] {logging_mixin.py:115} INFO - [2025-06-20T13:13:50.236+0000] {dag.py:2429} INFO - Sync 1 DAGs
[2025-06-20T13:13:50.246+0000] {logging_mixin.py:115} INFO - [2025-06-20T13:13:50.246+0000] {dag.py:2981} INFO - Setting next_dagrun for example_complex to None, run_after=None
[2025-06-20T13:13:50.251+0000] {processor.py:161} INFO - Processing /home/airflow/.local/lib/python3.7/site-packages/airflow/example_dags/example_complex.py took 0.042 seconds
[2025-06-20T13:14:20.484+0000] {processor.py:153} INFO - Started process (PID=1287) to work on /home/airflow/.local/lib/python3.7/site-packages/airflow/example_dags/example_complex.py
[2025-06-20T13:14:20.488+0000] {processor.py:640} INFO - Processing file /home/airflow/.local/lib/python3.7/site-packages/airflow/example_dags/example_complex.py for tasks to queue
[2025-06-20T13:14:20.488+0000] {logging_mixin.py:115} INFO - [2025-06-20T13:14:20.488+0000] {dagbag.py:508} INFO - Filling up the DagBag from /home/airflow/.local/lib/python3.7/site-packages/airflow/example_dags/example_complex.py
[2025-06-20T13:14:20.497+0000] {processor.py:650} INFO - DAG(s) dict_keys(['example_complex']) retrieved from /home/airflow/.local/lib/python3.7/site-packages/airflow/example_dags/example_complex.py
[2025-06-20T13:14:20.512+0000] {logging_mixin.py:115} INFO - [2025-06-20T13:14:20.512+0000] {dag.py:2429} INFO - Sync 1 DAGs
[2025-06-20T13:14:20.523+0000] {logging_mixin.py:115} INFO - [2025-06-20T13:14:20.523+0000] {dag.py:2981} INFO - Setting next_dagrun for example_complex to None, run_after=None
[2025-06-20T13:14:20.530+0000] {processor.py:161} INFO - Processing /home/airflow/.local/lib/python3.7/site-packages/airflow/example_dags/example_complex.py took 0.048 seconds
[2025-06-20T13:14:50.555+0000] {processor.py:153} INFO - Started process (PID=1348) to work on /home/airflow/.local/lib/python3.7/site-packages/airflow/example_dags/example_complex.py
[2025-06-20T13:14:50.556+0000] {processor.py:640} INFO - Processing file /home/airflow/.local/lib/python3.7/site-packages/airflow/example_dags/example_complex.py for tasks to queue
[2025-06-20T13:14:50.556+0000] {logging_mixin.py:115} INFO - [2025-06-20T13:14:50.556+0000] {dagbag.py:508} INFO - Filling up the DagBag from /home/airflow/.local/lib/python3.7/site-packages/airflow/example_dags/example_complex.py
[2025-06-20T13:14:50.561+0000] {processor.py:650} INFO - DAG(s) dict_keys(['example_complex']) retrieved from /home/airflow/.local/lib/python3.7/site-packages/airflow/example_dags/example_complex.py
[2025-06-20T13:14:50.573+0000] {logging_mixin.py:115} INFO - [2025-06-20T13:14:50.573+0000] {dag.py:2429} INFO - Sync 1 DAGs
[2025-06-20T13:14:50.580+0000] {logging_mixin.py:115} INFO - [2025-06-20T13:14:50.580+0000] {dag.py:2981} INFO - Setting next_dagrun for example_complex to None, run_after=None
[2025-06-20T13:14:50.585+0000] {processor.py:161} INFO - Processing /home/airflow/.local/lib/python3.7/site-packages/airflow/example_dags/example_complex.py took 0.031 seconds
[2025-06-20T13:15:20.658+0000] {processor.py:153} INFO - Started process (PID=1409) to work on /home/airflow/.local/lib/python3.7/site-packages/airflow/example_dags/example_complex.py
[2025-06-20T13:15:20.658+0000] {processor.py:640} INFO - Processing file /home/airflow/.local/lib/python3.7/site-packages/airflow/example_dags/example_complex.py for tasks to queue
[2025-06-20T13:15:20.658+0000] {logging_mixin.py:115} INFO - [2025-06-20T13:15:20.658+0000] {dagbag.py:508} INFO - Filling up the DagBag from /home/airflow/.local/lib/python3.7/site-packages/airflow/example_dags/example_complex.py
[2025-06-20T13:15:20.663+0000] {processor.py:650} INFO - DAG(s) dict_keys(['example_complex']) retrieved from /home/airflow/.local/lib/python3.7/site-packages/airflow/example_dags/example_complex.py
[2025-06-20T13:15:20.675+0000] {logging_mixin.py:115} INFO - [2025-06-20T13:15:20.675+0000] {dag.py:2429} INFO - Sync 1 DAGs
[2025-06-20T13:15:20.683+0000] {logging_mixin.py:115} INFO - [2025-06-20T13:15:20.683+0000] {dag.py:2981} INFO - Setting next_dagrun for example_complex to None, run_after=None
[2025-06-20T13:15:20.687+0000] {processor.py:161} INFO - Processing /home/airflow/.local/lib/python3.7/site-packages/airflow/example_dags/example_complex.py took 0.031 seconds
[2025-06-20T13:15:50.787+0000] {processor.py:153} INFO - Started process (PID=1470) to work on /home/airflow/.local/lib/python3.7/site-packages/airflow/example_dags/example_complex.py
[2025-06-20T13:15:50.790+0000] {processor.py:640} INFO - Processing file /home/airflow/.local/lib/python3.7/site-packages/airflow/example_dags/example_complex.py for tasks to queue
[2025-06-20T13:15:50.790+0000] {logging_mixin.py:115} INFO - [2025-06-20T13:15:50.790+0000] {dagbag.py:508} INFO - Filling up the DagBag from /home/airflow/.local/lib/python3.7/site-packages/airflow/example_dags/example_complex.py
[2025-06-20T13:15:50.795+0000] {processor.py:650} INFO - DAG(s) dict_keys(['example_complex']) retrieved from /home/airflow/.local/lib/python3.7/site-packages/airflow/example_dags/example_complex.py
[2025-06-20T13:15:50.811+0000] {logging_mixin.py:115} INFO - [2025-06-20T13:15:50.811+0000] {dag.py:2429} INFO - Sync 1 DAGs
[2025-06-20T13:15:50.820+0000] {logging_mixin.py:115} INFO - [2025-06-20T13:15:50.820+0000] {dag.py:2981} INFO - Setting next_dagrun for example_complex to None, run_after=None
[2025-06-20T13:15:50.825+0000] {processor.py:161} INFO - Processing /home/airflow/.local/lib/python3.7/site-packages/airflow/example_dags/example_complex.py took 0.039 seconds
[2025-06-20T13:16:20.959+0000] {processor.py:153} INFO - Started process (PID=1531) to work on /home/airflow/.local/lib/python3.7/site-packages/airflow/example_dags/example_complex.py
[2025-06-20T13:16:20.962+0000] {processor.py:640} INFO - Processing file /home/airflow/.local/lib/python3.7/site-packages/airflow/example_dags/example_complex.py for tasks to queue
[2025-06-20T13:16:20.963+0000] {logging_mixin.py:115} INFO - [2025-06-20T13:16:20.963+0000] {dagbag.py:508} INFO - Filling up the DagBag from /home/airflow/.local/lib/python3.7/site-packages/airflow/example_dags/example_complex.py
[2025-06-20T13:16:20.973+0000] {processor.py:650} INFO - DAG(s) dict_keys(['example_complex']) retrieved from /home/airflow/.local/lib/python3.7/site-packages/airflow/example_dags/example_complex.py
[2025-06-20T13:16:20.991+0000] {logging_mixin.py:115} INFO - [2025-06-20T13:16:20.991+0000] {dag.py:2429} INFO - Sync 1 DAGs
[2025-06-20T13:16:21.005+0000] {logging_mixin.py:115} INFO - [2025-06-20T13:16:21.005+0000] {dag.py:2981} INFO - Setting next_dagrun for example_complex to None, run_after=None
[2025-06-20T13:16:21.016+0000] {processor.py:161} INFO - Processing /home/airflow/.local/lib/python3.7/site-packages/airflow/example_dags/example_complex.py took 0.059 seconds
[2025-06-20T13:16:51.232+0000] {processor.py:153} INFO - Started process (PID=1583) to work on /home/airflow/.local/lib/python3.7/site-packages/airflow/example_dags/example_complex.py
[2025-06-20T13:16:51.234+0000] {processor.py:640} INFO - Processing file /home/airflow/.local/lib/python3.7/site-packages/airflow/example_dags/example_complex.py for tasks to queue
[2025-06-20T13:16:51.235+0000] {logging_mixin.py:115} INFO - [2025-06-20T13:16:51.235+0000] {dagbag.py:508} INFO - Filling up the DagBag from /home/airflow/.local/lib/python3.7/site-packages/airflow/example_dags/example_complex.py
[2025-06-20T13:16:51.243+0000] {processor.py:650} INFO - DAG(s) dict_keys(['example_complex']) retrieved from /home/airflow/.local/lib/python3.7/site-packages/airflow/example_dags/example_complex.py
[2025-06-20T13:16:51.260+0000] {logging_mixin.py:115} INFO - [2025-06-20T13:16:51.260+0000] {dag.py:2429} INFO - Sync 1 DAGs
[2025-06-20T13:16:51.274+0000] {logging_mixin.py:115} INFO - [2025-06-20T13:16:51.274+0000] {dag.py:2981} INFO - Setting next_dagrun for example_complex to None, run_after=None
[2025-06-20T13:16:51.279+0000] {processor.py:161} INFO - Processing /home/airflow/.local/lib/python3.7/site-packages/airflow/example_dags/example_complex.py took 0.049 seconds
[2025-06-20T13:17:21.369+0000] {processor.py:153} INFO - Started process (PID=1644) to work on /home/airflow/.local/lib/python3.7/site-packages/airflow/example_dags/example_complex.py
[2025-06-20T13:17:21.370+0000] {processor.py:640} INFO - Processing file /home/airflow/.local/lib/python3.7/site-packages/airflow/example_dags/example_complex.py for tasks to queue
[2025-06-20T13:17:21.370+0000] {logging_mixin.py:115} INFO - [2025-06-20T13:17:21.370+0000] {dagbag.py:508} INFO - Filling up the DagBag from /home/airflow/.local/lib/python3.7/site-packages/airflow/example_dags/example_complex.py
[2025-06-20T13:17:21.376+0000] {processor.py:650} INFO - DAG(s) dict_keys(['example_complex']) retrieved from /home/airflow/.local/lib/python3.7/site-packages/airflow/example_dags/example_complex.py
[2025-06-20T13:17:21.388+0000] {logging_mixin.py:115} INFO - [2025-06-20T13:17:21.388+0000] {dag.py:2429} INFO - Sync 1 DAGs
[2025-06-20T13:17:21.397+0000] {logging_mixin.py:115} INFO - [2025-06-20T13:17:21.397+0000] {dag.py:2981} INFO - Setting next_dagrun for example_complex to None, run_after=None
[2025-06-20T13:17:21.401+0000] {processor.py:161} INFO - Processing /home/airflow/.local/lib/python3.7/site-packages/airflow/example_dags/example_complex.py took 0.034 seconds
[2025-06-20T13:17:51.477+0000] {processor.py:153} INFO - Started process (PID=1705) to work on /home/airflow/.local/lib/python3.7/site-packages/airflow/example_dags/example_complex.py
[2025-06-20T13:17:51.478+0000] {processor.py:640} INFO - Processing file /home/airflow/.local/lib/python3.7/site-packages/airflow/example_dags/example_complex.py for tasks to queue
[2025-06-20T13:17:51.478+0000] {logging_mixin.py:115} INFO - [2025-06-20T13:17:51.478+0000] {dagbag.py:508} INFO - Filling up the DagBag from /home/airflow/.local/lib/python3.7/site-packages/airflow/example_dags/example_complex.py
[2025-06-20T13:17:51.483+0000] {processor.py:650} INFO - DAG(s) dict_keys(['example_complex']) retrieved from /home/airflow/.local/lib/python3.7/site-packages/airflow/example_dags/example_complex.py
[2025-06-20T13:17:51.494+0000] {logging_mixin.py:115} INFO - [2025-06-20T13:17:51.494+0000] {dag.py:2429} INFO - Sync 1 DAGs
[2025-06-20T13:17:51.502+0000] {logging_mixin.py:115} INFO - [2025-06-20T13:17:51.502+0000] {dag.py:2981} INFO - Setting next_dagrun for example_complex to None, run_after=None
[2025-06-20T13:17:51.507+0000] {processor.py:161} INFO - Processing /home/airflow/.local/lib/python3.7/site-packages/airflow/example_dags/example_complex.py took 0.031 seconds
[2025-06-20T13:18:21.587+0000] {processor.py:153} INFO - Started process (PID=1766) to work on /home/airflow/.local/lib/python3.7/site-packages/airflow/example_dags/example_complex.py
[2025-06-20T13:18:21.587+0000] {processor.py:640} INFO - Processing file /home/airflow/.local/lib/python3.7/site-packages/airflow/example_dags/example_complex.py for tasks to queue
[2025-06-20T13:18:21.588+0000] {logging_mixin.py:115} INFO - [2025-06-20T13:18:21.588+0000] {dagbag.py:508} INFO - Filling up the DagBag from /home/airflow/.local/lib/python3.7/site-packages/airflow/example_dags/example_complex.py
[2025-06-20T13:18:21.593+0000] {processor.py:650} INFO - DAG(s) dict_keys(['example_complex']) retrieved from /home/airflow/.local/lib/python3.7/site-packages/airflow/example_dags/example_complex.py
[2025-06-20T13:18:21.606+0000] {logging_mixin.py:115} INFO - [2025-06-20T13:18:21.606+0000] {dag.py:2429} INFO - Sync 1 DAGs
[2025-06-20T13:18:21.615+0000] {logging_mixin.py:115} INFO - [2025-06-20T13:18:21.615+0000] {dag.py:2981} INFO - Setting next_dagrun for example_complex to None, run_after=None
[2025-06-20T13:18:21.619+0000] {processor.py:161} INFO - Processing /home/airflow/.local/lib/python3.7/site-packages/airflow/example_dags/example_complex.py took 0.034 seconds
[2025-06-20T13:18:51.802+0000] {processor.py:153} INFO - Started process (PID=1827) to work on /home/airflow/.local/lib/python3.7/site-packages/airflow/example_dags/example_complex.py
[2025-06-20T13:18:51.803+0000] {processor.py:640} INFO - Processing file /home/airflow/.local/lib/python3.7/site-packages/airflow/example_dags/example_complex.py for tasks to queue
[2025-06-20T13:18:51.803+0000] {logging_mixin.py:115} INFO - [2025-06-20T13:18:51.803+0000] {dagbag.py:508} INFO - Filling up the DagBag from /home/airflow/.local/lib/python3.7/site-packages/airflow/example_dags/example_complex.py
[2025-06-20T13:18:51.810+0000] {processor.py:650} INFO - DAG(s) dict_keys(['example_complex']) retrieved from /home/airflow/.local/lib/python3.7/site-packages/airflow/example_dags/example_complex.py
[2025-06-20T13:18:51.823+0000] {logging_mixin.py:115} INFO - [2025-06-20T13:18:51.822+0000] {dag.py:2429} INFO - Sync 1 DAGs
[2025-06-20T13:18:51.831+0000] {logging_mixin.py:115} INFO - [2025-06-20T13:18:51.831+0000] {dag.py:2981} INFO - Setting next_dagrun for example_complex to None, run_after=None
[2025-06-20T13:18:51.836+0000] {processor.py:161} INFO - Processing /home/airflow/.local/lib/python3.7/site-packages/airflow/example_dags/example_complex.py took 0.035 seconds
[2025-06-20T13:19:21.960+0000] {processor.py:153} INFO - Started process (PID=1888) to work on /home/airflow/.local/lib/python3.7/site-packages/airflow/example_dags/example_complex.py
[2025-06-20T13:19:21.961+0000] {processor.py:640} INFO - Processing file /home/airflow/.local/lib/python3.7/site-packages/airflow/example_dags/example_complex.py for tasks to queue
[2025-06-20T13:19:21.961+0000] {logging_mixin.py:115} INFO - [2025-06-20T13:19:21.961+0000] {dagbag.py:508} INFO - Filling up the DagBag from /home/airflow/.local/lib/python3.7/site-packages/airflow/example_dags/example_complex.py
[2025-06-20T13:19:21.967+0000] {processor.py:650} INFO - DAG(s) dict_keys(['example_complex']) retrieved from /home/airflow/.local/lib/python3.7/site-packages/airflow/example_dags/example_complex.py
[2025-06-20T13:19:21.981+0000] {logging_mixin.py:115} INFO - [2025-06-20T13:19:21.981+0000] {dag.py:2429} INFO - Sync 1 DAGs
[2025-06-20T13:19:21.991+0000] {logging_mixin.py:115} INFO - [2025-06-20T13:19:21.991+0000] {dag.py:2981} INFO - Setting next_dagrun for example_complex to None, run_after=None
[2025-06-20T13:19:21.997+0000] {processor.py:161} INFO - Processing /home/airflow/.local/lib/python3.7/site-packages/airflow/example_dags/example_complex.py took 0.039 seconds
[2025-06-20T13:19:52.085+0000] {processor.py:153} INFO - Started process (PID=1940) to work on /home/airflow/.local/lib/python3.7/site-packages/airflow/example_dags/example_complex.py
[2025-06-20T13:19:52.085+0000] {processor.py:640} INFO - Processing file /home/airflow/.local/lib/python3.7/site-packages/airflow/example_dags/example_complex.py for tasks to queue
[2025-06-20T13:19:52.085+0000] {logging_mixin.py:115} INFO - [2025-06-20T13:19:52.085+0000] {dagbag.py:508} INFO - Filling up the DagBag from /home/airflow/.local/lib/python3.7/site-packages/airflow/example_dags/example_complex.py
[2025-06-20T13:19:52.090+0000] {processor.py:650} INFO - DAG(s) dict_keys(['example_complex']) retrieved from /home/airflow/.local/lib/python3.7/site-packages/airflow/example_dags/example_complex.py
[2025-06-20T13:19:52.102+0000] {logging_mixin.py:115} INFO - [2025-06-20T13:19:52.102+0000] {dag.py:2429} INFO - Sync 1 DAGs
[2025-06-20T13:19:52.110+0000] {logging_mixin.py:115} INFO - [2025-06-20T13:19:52.110+0000] {dag.py:2981} INFO - Setting next_dagrun for example_complex to None, run_after=None
[2025-06-20T13:19:52.115+0000] {processor.py:161} INFO - Processing /home/airflow/.local/lib/python3.7/site-packages/airflow/example_dags/example_complex.py took 0.032 seconds
[2025-06-20T13:20:22.161+0000] {processor.py:153} INFO - Started process (PID=2001) to work on /home/airflow/.local/lib/python3.7/site-packages/airflow/example_dags/example_complex.py
[2025-06-20T13:20:22.163+0000] {processor.py:640} INFO - Processing file /home/airflow/.local/lib/python3.7/site-packages/airflow/example_dags/example_complex.py for tasks to queue
[2025-06-20T13:20:22.163+0000] {logging_mixin.py:115} INFO - [2025-06-20T13:20:22.163+0000] {dagbag.py:508} INFO - Filling up the DagBag from /home/airflow/.local/lib/python3.7/site-packages/airflow/example_dags/example_complex.py
[2025-06-20T13:20:22.168+0000] {processor.py:650} INFO - DAG(s) dict_keys(['example_complex']) retrieved from /home/airflow/.local/lib/python3.7/site-packages/airflow/example_dags/example_complex.py
[2025-06-20T13:20:22.181+0000] {logging_mixin.py:115} INFO - [2025-06-20T13:20:22.181+0000] {dag.py:2429} INFO - Sync 1 DAGs
[2025-06-20T13:20:22.190+0000] {logging_mixin.py:115} INFO - [2025-06-20T13:20:22.190+0000] {dag.py:2981} INFO - Setting next_dagrun for example_complex to None, run_after=None
[2025-06-20T13:20:22.195+0000] {processor.py:161} INFO - Processing /home/airflow/.local/lib/python3.7/site-packages/airflow/example_dags/example_complex.py took 0.036 seconds
[2025-06-20T13:20:52.351+0000] {processor.py:153} INFO - Started process (PID=2062) to work on /home/airflow/.local/lib/python3.7/site-packages/airflow/example_dags/example_complex.py
[2025-06-20T13:20:52.352+0000] {processor.py:640} INFO - Processing file /home/airflow/.local/lib/python3.7/site-packages/airflow/example_dags/example_complex.py for tasks to queue
[2025-06-20T13:20:52.352+0000] {logging_mixin.py:115} INFO - [2025-06-20T13:20:52.352+0000] {dagbag.py:508} INFO - Filling up the DagBag from /home/airflow/.local/lib/python3.7/site-packages/airflow/example_dags/example_complex.py
[2025-06-20T13:20:52.358+0000] {processor.py:650} INFO - DAG(s) dict_keys(['example_complex']) retrieved from /home/airflow/.local/lib/python3.7/site-packages/airflow/example_dags/example_complex.py
[2025-06-20T13:20:52.372+0000] {logging_mixin.py:115} INFO - [2025-06-20T13:20:52.372+0000] {dag.py:2429} INFO - Sync 1 DAGs
[2025-06-20T13:20:52.381+0000] {logging_mixin.py:115} INFO - [2025-06-20T13:20:52.381+0000] {dag.py:2981} INFO - Setting next_dagrun for example_complex to None, run_after=None
[2025-06-20T13:20:52.386+0000] {processor.py:161} INFO - Processing /home/airflow/.local/lib/python3.7/site-packages/airflow/example_dags/example_complex.py took 0.037 seconds
[2025-06-20T13:21:22.490+0000] {processor.py:153} INFO - Started process (PID=2123) to work on /home/airflow/.local/lib/python3.7/site-packages/airflow/example_dags/example_complex.py
[2025-06-20T13:21:22.491+0000] {processor.py:640} INFO - Processing file /home/airflow/.local/lib/python3.7/site-packages/airflow/example_dags/example_complex.py for tasks to queue
[2025-06-20T13:21:22.491+0000] {logging_mixin.py:115} INFO - [2025-06-20T13:21:22.491+0000] {dagbag.py:508} INFO - Filling up the DagBag from /home/airflow/.local/lib/python3.7/site-packages/airflow/example_dags/example_complex.py
[2025-06-20T13:21:22.498+0000] {processor.py:650} INFO - DAG(s) dict_keys(['example_complex']) retrieved from /home/airflow/.local/lib/python3.7/site-packages/airflow/example_dags/example_complex.py
[2025-06-20T13:21:22.513+0000] {logging_mixin.py:115} INFO - [2025-06-20T13:21:22.513+0000] {dag.py:2429} INFO - Sync 1 DAGs
[2025-06-20T13:21:22.523+0000] {logging_mixin.py:115} INFO - [2025-06-20T13:21:22.523+0000] {dag.py:2981} INFO - Setting next_dagrun for example_complex to None, run_after=None
[2025-06-20T13:21:22.529+0000] {processor.py:161} INFO - Processing /home/airflow/.local/lib/python3.7/site-packages/airflow/example_dags/example_complex.py took 0.040 seconds
[2025-06-20T13:21:52.626+0000] {processor.py:153} INFO - Started process (PID=2184) to work on /home/airflow/.local/lib/python3.7/site-packages/airflow/example_dags/example_complex.py
[2025-06-20T13:21:52.626+0000] {processor.py:640} INFO - Processing file /home/airflow/.local/lib/python3.7/site-packages/airflow/example_dags/example_complex.py for tasks to queue
[2025-06-20T13:21:52.626+0000] {logging_mixin.py:115} INFO - [2025-06-20T13:21:52.626+0000] {dagbag.py:508} INFO - Filling up the DagBag from /home/airflow/.local/lib/python3.7/site-packages/airflow/example_dags/example_complex.py
[2025-06-20T13:21:52.631+0000] {processor.py:650} INFO - DAG(s) dict_keys(['example_complex']) retrieved from /home/airflow/.local/lib/python3.7/site-packages/airflow/example_dags/example_complex.py
[2025-06-20T13:21:52.644+0000] {logging_mixin.py:115} INFO - [2025-06-20T13:21:52.644+0000] {dag.py:2429} INFO - Sync 1 DAGs
[2025-06-20T13:21:52.653+0000] {logging_mixin.py:115} INFO - [2025-06-20T13:21:52.653+0000] {dag.py:2981} INFO - Setting next_dagrun for example_complex to None, run_after=None
[2025-06-20T13:21:52.658+0000] {processor.py:161} INFO - Processing /home/airflow/.local/lib/python3.7/site-packages/airflow/example_dags/example_complex.py took 0.034 seconds
[2025-06-20T13:22:22.736+0000] {processor.py:153} INFO - Started process (PID=2236) to work on /home/airflow/.local/lib/python3.7/site-packages/airflow/example_dags/example_complex.py
[2025-06-20T13:22:22.738+0000] {processor.py:640} INFO - Processing file /home/airflow/.local/lib/python3.7/site-packages/airflow/example_dags/example_complex.py for tasks to queue
[2025-06-20T13:22:22.738+0000] {logging_mixin.py:115} INFO - [2025-06-20T13:22:22.738+0000] {dagbag.py:508} INFO - Filling up the DagBag from /home/airflow/.local/lib/python3.7/site-packages/airflow/example_dags/example_complex.py
[2025-06-20T13:22:22.744+0000] {processor.py:650} INFO - DAG(s) dict_keys(['example_complex']) retrieved from /home/airflow/.local/lib/python3.7/site-packages/airflow/example_dags/example_complex.py
[2025-06-20T13:22:22.758+0000] {logging_mixin.py:115} INFO - [2025-06-20T13:22:22.758+0000] {dag.py:2429} INFO - Sync 1 DAGs
[2025-06-20T13:22:22.768+0000] {logging_mixin.py:115} INFO - [2025-06-20T13:22:22.768+0000] {dag.py:2981} INFO - Setting next_dagrun for example_complex to None, run_after=None
[2025-06-20T13:22:22.773+0000] {processor.py:161} INFO - Processing /home/airflow/.local/lib/python3.7/site-packages/airflow/example_dags/example_complex.py took 0.039 seconds
[2025-06-20T13:22:52.815+0000] {processor.py:153} INFO - Started process (PID=2297) to work on /home/airflow/.local/lib/python3.7/site-packages/airflow/example_dags/example_complex.py
[2025-06-20T13:22:52.815+0000] {processor.py:640} INFO - Processing file /home/airflow/.local/lib/python3.7/site-packages/airflow/example_dags/example_complex.py for tasks to queue
[2025-06-20T13:22:52.815+0000] {logging_mixin.py:115} INFO - [2025-06-20T13:22:52.815+0000] {dagbag.py:508} INFO - Filling up the DagBag from /home/airflow/.local/lib/python3.7/site-packages/airflow/example_dags/example_complex.py
[2025-06-20T13:22:52.820+0000] {processor.py:650} INFO - DAG(s) dict_keys(['example_complex']) retrieved from /home/airflow/.local/lib/python3.7/site-packages/airflow/example_dags/example_complex.py
[2025-06-20T13:22:52.832+0000] {logging_mixin.py:115} INFO - [2025-06-20T13:22:52.832+0000] {dag.py:2429} INFO - Sync 1 DAGs
[2025-06-20T13:22:52.840+0000] {logging_mixin.py:115} INFO - [2025-06-20T13:22:52.840+0000] {dag.py:2981} INFO - Setting next_dagrun for example_complex to None, run_after=None
[2025-06-20T13:22:52.845+0000] {processor.py:161} INFO - Processing /home/airflow/.local/lib/python3.7/site-packages/airflow/example_dags/example_complex.py took 0.032 seconds
[2025-06-20T13:23:23.005+0000] {processor.py:153} INFO - Started process (PID=2358) to work on /home/airflow/.local/lib/python3.7/site-packages/airflow/example_dags/example_complex.py
[2025-06-20T13:23:23.008+0000] {processor.py:640} INFO - Processing file /home/airflow/.local/lib/python3.7/site-packages/airflow/example_dags/example_complex.py for tasks to queue
[2025-06-20T13:23:23.008+0000] {logging_mixin.py:115} INFO - [2025-06-20T13:23:23.008+0000] {dagbag.py:508} INFO - Filling up the DagBag from /home/airflow/.local/lib/python3.7/site-packages/airflow/example_dags/example_complex.py
[2025-06-20T13:23:23.014+0000] {processor.py:650} INFO - DAG(s) dict_keys(['example_complex']) retrieved from /home/airflow/.local/lib/python3.7/site-packages/airflow/example_dags/example_complex.py
[2025-06-20T13:23:23.030+0000] {logging_mixin.py:115} INFO - [2025-06-20T13:23:23.030+0000] {dag.py:2429} INFO - Sync 1 DAGs
[2025-06-20T13:23:23.040+0000] {logging_mixin.py:115} INFO - [2025-06-20T13:23:23.040+0000] {dag.py:2981} INFO - Setting next_dagrun for example_complex to None, run_after=None
[2025-06-20T13:23:23.046+0000] {processor.py:161} INFO - Processing /home/airflow/.local/lib/python3.7/site-packages/airflow/example_dags/example_complex.py took 0.042 seconds
[2025-06-20T13:23:53.214+0000] {processor.py:153} INFO - Started process (PID=2419) to work on /home/airflow/.local/lib/python3.7/site-packages/airflow/example_dags/example_complex.py
[2025-06-20T13:23:53.217+0000] {processor.py:640} INFO - Processing file /home/airflow/.local/lib/python3.7/site-packages/airflow/example_dags/example_complex.py for tasks to queue
[2025-06-20T13:23:53.217+0000] {logging_mixin.py:115} INFO - [2025-06-20T13:23:53.217+0000] {dagbag.py:508} INFO - Filling up the DagBag from /home/airflow/.local/lib/python3.7/site-packages/airflow/example_dags/example_complex.py
[2025-06-20T13:23:53.223+0000] {processor.py:650} INFO - DAG(s) dict_keys(['example_complex']) retrieved from /home/airflow/.local/lib/python3.7/site-packages/airflow/example_dags/example_complex.py
[2025-06-20T13:23:53.236+0000] {logging_mixin.py:115} INFO - [2025-06-20T13:23:53.236+0000] {dag.py:2429} INFO - Sync 1 DAGs
[2025-06-20T13:23:53.245+0000] {logging_mixin.py:115} INFO - [2025-06-20T13:23:53.245+0000] {dag.py:2981} INFO - Setting next_dagrun for example_complex to None, run_after=None
[2025-06-20T13:23:53.250+0000] {processor.py:161} INFO - Processing /home/airflow/.local/lib/python3.7/site-packages/airflow/example_dags/example_complex.py took 0.037 seconds
[2025-06-20T13:24:23.382+0000] {processor.py:153} INFO - Started process (PID=2480) to work on /home/airflow/.local/lib/python3.7/site-packages/airflow/example_dags/example_complex.py
[2025-06-20T13:24:23.383+0000] {processor.py:640} INFO - Processing file /home/airflow/.local/lib/python3.7/site-packages/airflow/example_dags/example_complex.py for tasks to queue
[2025-06-20T13:24:23.383+0000] {logging_mixin.py:115} INFO - [2025-06-20T13:24:23.383+0000] {dagbag.py:508} INFO - Filling up the DagBag from /home/airflow/.local/lib/python3.7/site-packages/airflow/example_dags/example_complex.py
[2025-06-20T13:24:23.393+0000] {processor.py:650} INFO - DAG(s) dict_keys(['example_complex']) retrieved from /home/airflow/.local/lib/python3.7/site-packages/airflow/example_dags/example_complex.py
[2025-06-20T13:24:23.408+0000] {logging_mixin.py:115} INFO - [2025-06-20T13:24:23.408+0000] {dag.py:2429} INFO - Sync 1 DAGs
[2025-06-20T13:24:23.420+0000] {logging_mixin.py:115} INFO - [2025-06-20T13:24:23.420+0000] {dag.py:2981} INFO - Setting next_dagrun for example_complex to None, run_after=None
[2025-06-20T13:24:23.425+0000] {processor.py:161} INFO - Processing /home/airflow/.local/lib/python3.7/site-packages/airflow/example_dags/example_complex.py took 0.045 seconds
