[2025-06-20T12:58:52.011+0000] {processor.py:153} INFO - Started process (PID=41) to work on /home/airflow/.local/lib/python3.7/site-packages/airflow/example_dags/example_trigger_target_dag.py
[2025-06-20T12:58:52.013+0000] {processor.py:640} INFO - Processing file /home/airflow/.local/lib/python3.7/site-packages/airflow/example_dags/example_trigger_target_dag.py for tasks to queue
[2025-06-20T12:58:52.016+0000] {logging_mixin.py:115} INFO - [2025-06-20T12:58:52.016+0000] {dagbag.py:508} INFO - Filling up the DagBag from /home/airflow/.local/lib/python3.7/site-packages/airflow/example_dags/example_trigger_target_dag.py
[2025-06-20T12:58:52.033+0000] {processor.py:650} INFO - DAG(s) dict_keys(['example_trigger_target_dag']) retrieved from /home/airflow/.local/lib/python3.7/site-packages/airflow/example_dags/example_trigger_target_dag.py
[2025-06-20T12:58:52.085+0000] {logging_mixin.py:115} INFO - [2025-06-20T12:58:52.085+0000] {manager.py:508} INFO - Created Permission View: can read on DAG:example_trigger_target_dag
[2025-06-20T12:58:52.094+0000] {logging_mixin.py:115} INFO - [2025-06-20T12:58:52.093+0000] {manager.py:508} INFO - Created Permission View: can delete on DAG:example_trigger_target_dag
[2025-06-20T12:58:52.101+0000] {logging_mixin.py:115} INFO - [2025-06-20T12:58:52.101+0000] {manager.py:508} INFO - Created Permission View: can edit on DAG:example_trigger_target_dag
[2025-06-20T12:58:52.101+0000] {logging_mixin.py:115} INFO - [2025-06-20T12:58:52.101+0000] {dag.py:2429} INFO - Sync 1 DAGs
[2025-06-20T12:58:52.106+0000] {logging_mixin.py:115} INFO - [2025-06-20T12:58:52.106+0000] {dag.py:2448} INFO - Creating ORM DAG for example_trigger_target_dag
[2025-06-20T12:58:52.112+0000] {logging_mixin.py:115} INFO - [2025-06-20T12:58:52.111+0000] {dag.py:2981} INFO - Setting next_dagrun for example_trigger_target_dag to None, run_after=None
[2025-06-20T12:58:52.120+0000] {processor.py:161} INFO - Processing /home/airflow/.local/lib/python3.7/site-packages/airflow/example_dags/example_trigger_target_dag.py took 0.111 seconds
[2025-06-20T12:59:22.374+0000] {processor.py:153} INFO - Started process (PID=101) to work on /home/airflow/.local/lib/python3.7/site-packages/airflow/example_dags/example_trigger_target_dag.py
[2025-06-20T12:59:22.378+0000] {processor.py:640} INFO - Processing file /home/airflow/.local/lib/python3.7/site-packages/airflow/example_dags/example_trigger_target_dag.py for tasks to queue
[2025-06-20T12:59:22.379+0000] {logging_mixin.py:115} INFO - [2025-06-20T12:59:22.378+0000] {dagbag.py:508} INFO - Filling up the DagBag from /home/airflow/.local/lib/python3.7/site-packages/airflow/example_dags/example_trigger_target_dag.py
[2025-06-20T12:59:22.386+0000] {processor.py:650} INFO - DAG(s) dict_keys(['example_trigger_target_dag']) retrieved from /home/airflow/.local/lib/python3.7/site-packages/airflow/example_dags/example_trigger_target_dag.py
[2025-06-20T12:59:22.398+0000] {logging_mixin.py:115} INFO - [2025-06-20T12:59:22.398+0000] {dag.py:2429} INFO - Sync 1 DAGs
[2025-06-20T12:59:22.410+0000] {logging_mixin.py:115} INFO - [2025-06-20T12:59:22.410+0000] {dag.py:2981} INFO - Setting next_dagrun for example_trigger_target_dag to None, run_after=None
[2025-06-20T12:59:22.417+0000] {processor.py:161} INFO - Processing /home/airflow/.local/lib/python3.7/site-packages/airflow/example_dags/example_trigger_target_dag.py took 0.044 seconds
[2025-06-20T12:59:52.530+0000] {processor.py:153} INFO - Started process (PID=162) to work on /home/airflow/.local/lib/python3.7/site-packages/airflow/example_dags/example_trigger_target_dag.py
[2025-06-20T12:59:52.531+0000] {processor.py:640} INFO - Processing file /home/airflow/.local/lib/python3.7/site-packages/airflow/example_dags/example_trigger_target_dag.py for tasks to queue
[2025-06-20T12:59:52.531+0000] {logging_mixin.py:115} INFO - [2025-06-20T12:59:52.531+0000] {dagbag.py:508} INFO - Filling up the DagBag from /home/airflow/.local/lib/python3.7/site-packages/airflow/example_dags/example_trigger_target_dag.py
[2025-06-20T12:59:52.536+0000] {processor.py:650} INFO - DAG(s) dict_keys(['example_trigger_target_dag']) retrieved from /home/airflow/.local/lib/python3.7/site-packages/airflow/example_dags/example_trigger_target_dag.py
[2025-06-20T12:59:52.546+0000] {logging_mixin.py:115} INFO - [2025-06-20T12:59:52.546+0000] {dag.py:2429} INFO - Sync 1 DAGs
[2025-06-20T12:59:52.554+0000] {logging_mixin.py:115} INFO - [2025-06-20T12:59:52.554+0000] {dag.py:2981} INFO - Setting next_dagrun for example_trigger_target_dag to None, run_after=None
[2025-06-20T12:59:52.558+0000] {processor.py:161} INFO - Processing /home/airflow/.local/lib/python3.7/site-packages/airflow/example_dags/example_trigger_target_dag.py took 0.029 seconds
[2025-06-20T13:03:46.735+0000] {processor.py:153} INFO - Started process (PID=40) to work on /home/airflow/.local/lib/python3.7/site-packages/airflow/example_dags/example_trigger_target_dag.py
[2025-06-20T13:03:46.735+0000] {processor.py:640} INFO - Processing file /home/airflow/.local/lib/python3.7/site-packages/airflow/example_dags/example_trigger_target_dag.py for tasks to queue
[2025-06-20T13:03:46.736+0000] {logging_mixin.py:115} INFO - [2025-06-20T13:03:46.736+0000] {dagbag.py:508} INFO - Filling up the DagBag from /home/airflow/.local/lib/python3.7/site-packages/airflow/example_dags/example_trigger_target_dag.py
[2025-06-20T13:03:46.746+0000] {processor.py:650} INFO - DAG(s) dict_keys(['example_trigger_target_dag']) retrieved from /home/airflow/.local/lib/python3.7/site-packages/airflow/example_dags/example_trigger_target_dag.py
[2025-06-20T13:03:46.784+0000] {logging_mixin.py:115} INFO - [2025-06-20T13:03:46.784+0000] {manager.py:508} INFO - Created Permission View: can delete on DAG:example_trigger_target_dag
[2025-06-20T13:03:46.790+0000] {logging_mixin.py:115} INFO - [2025-06-20T13:03:46.790+0000] {manager.py:508} INFO - Created Permission View: can edit on DAG:example_trigger_target_dag
[2025-06-20T13:03:46.794+0000] {logging_mixin.py:115} INFO - [2025-06-20T13:03:46.794+0000] {manager.py:508} INFO - Created Permission View: can read on DAG:example_trigger_target_dag
[2025-06-20T13:03:46.794+0000] {logging_mixin.py:115} INFO - [2025-06-20T13:03:46.794+0000] {dag.py:2429} INFO - Sync 1 DAGs
[2025-06-20T13:03:46.799+0000] {logging_mixin.py:115} INFO - [2025-06-20T13:03:46.799+0000] {dag.py:2448} INFO - Creating ORM DAG for example_trigger_target_dag
[2025-06-20T13:03:46.805+0000] {logging_mixin.py:115} INFO - [2025-06-20T13:03:46.805+0000] {dag.py:2981} INFO - Setting next_dagrun for example_trigger_target_dag to None, run_after=None
[2025-06-20T13:03:46.813+0000] {processor.py:161} INFO - Processing /home/airflow/.local/lib/python3.7/site-packages/airflow/example_dags/example_trigger_target_dag.py took 0.079 seconds
[2025-06-20T13:04:17.230+0000] {processor.py:153} INFO - Started process (PID=101) to work on /home/airflow/.local/lib/python3.7/site-packages/airflow/example_dags/example_trigger_target_dag.py
[2025-06-20T13:04:17.230+0000] {processor.py:640} INFO - Processing file /home/airflow/.local/lib/python3.7/site-packages/airflow/example_dags/example_trigger_target_dag.py for tasks to queue
[2025-06-20T13:04:17.231+0000] {logging_mixin.py:115} INFO - [2025-06-20T13:04:17.231+0000] {dagbag.py:508} INFO - Filling up the DagBag from /home/airflow/.local/lib/python3.7/site-packages/airflow/example_dags/example_trigger_target_dag.py
[2025-06-20T13:04:17.237+0000] {processor.py:650} INFO - DAG(s) dict_keys(['example_trigger_target_dag']) retrieved from /home/airflow/.local/lib/python3.7/site-packages/airflow/example_dags/example_trigger_target_dag.py
[2025-06-20T13:04:17.252+0000] {logging_mixin.py:115} INFO - [2025-06-20T13:04:17.252+0000] {dag.py:2429} INFO - Sync 1 DAGs
[2025-06-20T13:04:17.261+0000] {logging_mixin.py:115} INFO - [2025-06-20T13:04:17.261+0000] {dag.py:2981} INFO - Setting next_dagrun for example_trigger_target_dag to None, run_after=None
[2025-06-20T13:04:17.269+0000] {processor.py:161} INFO - Processing /home/airflow/.local/lib/python3.7/site-packages/airflow/example_dags/example_trigger_target_dag.py took 0.041 seconds
[2025-06-20T13:04:47.399+0000] {processor.py:153} INFO - Started process (PID=162) to work on /home/airflow/.local/lib/python3.7/site-packages/airflow/example_dags/example_trigger_target_dag.py
[2025-06-20T13:04:47.400+0000] {processor.py:640} INFO - Processing file /home/airflow/.local/lib/python3.7/site-packages/airflow/example_dags/example_trigger_target_dag.py for tasks to queue
[2025-06-20T13:04:47.400+0000] {logging_mixin.py:115} INFO - [2025-06-20T13:04:47.400+0000] {dagbag.py:508} INFO - Filling up the DagBag from /home/airflow/.local/lib/python3.7/site-packages/airflow/example_dags/example_trigger_target_dag.py
[2025-06-20T13:04:47.406+0000] {processor.py:650} INFO - DAG(s) dict_keys(['example_trigger_target_dag']) retrieved from /home/airflow/.local/lib/python3.7/site-packages/airflow/example_dags/example_trigger_target_dag.py
[2025-06-20T13:04:47.416+0000] {logging_mixin.py:115} INFO - [2025-06-20T13:04:47.416+0000] {dag.py:2429} INFO - Sync 1 DAGs
[2025-06-20T13:04:47.424+0000] {logging_mixin.py:115} INFO - [2025-06-20T13:04:47.424+0000] {dag.py:2981} INFO - Setting next_dagrun for example_trigger_target_dag to None, run_after=None
[2025-06-20T13:04:47.428+0000] {processor.py:161} INFO - Processing /home/airflow/.local/lib/python3.7/site-packages/airflow/example_dags/example_trigger_target_dag.py took 0.031 seconds
[2025-06-20T13:05:17.645+0000] {processor.py:153} INFO - Started process (PID=222) to work on /home/airflow/.local/lib/python3.7/site-packages/airflow/example_dags/example_trigger_target_dag.py
[2025-06-20T13:05:17.646+0000] {processor.py:640} INFO - Processing file /home/airflow/.local/lib/python3.7/site-packages/airflow/example_dags/example_trigger_target_dag.py for tasks to queue
[2025-06-20T13:05:17.648+0000] {logging_mixin.py:115} INFO - [2025-06-20T13:05:17.647+0000] {dagbag.py:508} INFO - Filling up the DagBag from /home/airflow/.local/lib/python3.7/site-packages/airflow/example_dags/example_trigger_target_dag.py
[2025-06-20T13:05:17.657+0000] {processor.py:650} INFO - DAG(s) dict_keys(['example_trigger_target_dag']) retrieved from /home/airflow/.local/lib/python3.7/site-packages/airflow/example_dags/example_trigger_target_dag.py
[2025-06-20T13:05:17.674+0000] {logging_mixin.py:115} INFO - [2025-06-20T13:05:17.674+0000] {dag.py:2429} INFO - Sync 1 DAGs
[2025-06-20T13:05:17.684+0000] {logging_mixin.py:115} INFO - [2025-06-20T13:05:17.684+0000] {dag.py:2981} INFO - Setting next_dagrun for example_trigger_target_dag to None, run_after=None
[2025-06-20T13:05:17.693+0000] {processor.py:161} INFO - Processing /home/airflow/.local/lib/python3.7/site-packages/airflow/example_dags/example_trigger_target_dag.py took 0.050 seconds
[2025-06-20T13:05:47.819+0000] {processor.py:153} INFO - Started process (PID=274) to work on /home/airflow/.local/lib/python3.7/site-packages/airflow/example_dags/example_trigger_target_dag.py
[2025-06-20T13:05:47.819+0000] {processor.py:640} INFO - Processing file /home/airflow/.local/lib/python3.7/site-packages/airflow/example_dags/example_trigger_target_dag.py for tasks to queue
[2025-06-20T13:05:47.820+0000] {logging_mixin.py:115} INFO - [2025-06-20T13:05:47.820+0000] {dagbag.py:508} INFO - Filling up the DagBag from /home/airflow/.local/lib/python3.7/site-packages/airflow/example_dags/example_trigger_target_dag.py
[2025-06-20T13:05:47.826+0000] {processor.py:650} INFO - DAG(s) dict_keys(['example_trigger_target_dag']) retrieved from /home/airflow/.local/lib/python3.7/site-packages/airflow/example_dags/example_trigger_target_dag.py
[2025-06-20T13:05:47.837+0000] {logging_mixin.py:115} INFO - [2025-06-20T13:05:47.837+0000] {dag.py:2429} INFO - Sync 1 DAGs
[2025-06-20T13:05:47.847+0000] {logging_mixin.py:115} INFO - [2025-06-20T13:05:47.847+0000] {dag.py:2981} INFO - Setting next_dagrun for example_trigger_target_dag to None, run_after=None
[2025-06-20T13:05:47.854+0000] {processor.py:161} INFO - Processing /home/airflow/.local/lib/python3.7/site-packages/airflow/example_dags/example_trigger_target_dag.py took 0.037 seconds
[2025-06-20T13:06:18.125+0000] {processor.py:153} INFO - Started process (PID=335) to work on /home/airflow/.local/lib/python3.7/site-packages/airflow/example_dags/example_trigger_target_dag.py
[2025-06-20T13:06:18.126+0000] {processor.py:640} INFO - Processing file /home/airflow/.local/lib/python3.7/site-packages/airflow/example_dags/example_trigger_target_dag.py for tasks to queue
[2025-06-20T13:06:18.126+0000] {logging_mixin.py:115} INFO - [2025-06-20T13:06:18.126+0000] {dagbag.py:508} INFO - Filling up the DagBag from /home/airflow/.local/lib/python3.7/site-packages/airflow/example_dags/example_trigger_target_dag.py
[2025-06-20T13:06:18.137+0000] {processor.py:650} INFO - DAG(s) dict_keys(['example_trigger_target_dag']) retrieved from /home/airflow/.local/lib/python3.7/site-packages/airflow/example_dags/example_trigger_target_dag.py
[2025-06-20T13:06:18.149+0000] {logging_mixin.py:115} INFO - [2025-06-20T13:06:18.149+0000] {dag.py:2429} INFO - Sync 1 DAGs
[2025-06-20T13:06:18.160+0000] {logging_mixin.py:115} INFO - [2025-06-20T13:06:18.160+0000] {dag.py:2981} INFO - Setting next_dagrun for example_trigger_target_dag to None, run_after=None
[2025-06-20T13:06:18.167+0000] {processor.py:161} INFO - Processing /home/airflow/.local/lib/python3.7/site-packages/airflow/example_dags/example_trigger_target_dag.py took 0.044 seconds
[2025-06-20T13:06:48.376+0000] {processor.py:153} INFO - Started process (PID=395) to work on /home/airflow/.local/lib/python3.7/site-packages/airflow/example_dags/example_trigger_target_dag.py
[2025-06-20T13:06:48.377+0000] {processor.py:640} INFO - Processing file /home/airflow/.local/lib/python3.7/site-packages/airflow/example_dags/example_trigger_target_dag.py for tasks to queue
[2025-06-20T13:06:48.377+0000] {logging_mixin.py:115} INFO - [2025-06-20T13:06:48.377+0000] {dagbag.py:508} INFO - Filling up the DagBag from /home/airflow/.local/lib/python3.7/site-packages/airflow/example_dags/example_trigger_target_dag.py
[2025-06-20T13:06:48.385+0000] {processor.py:650} INFO - DAG(s) dict_keys(['example_trigger_target_dag']) retrieved from /home/airflow/.local/lib/python3.7/site-packages/airflow/example_dags/example_trigger_target_dag.py
[2025-06-20T13:06:48.398+0000] {logging_mixin.py:115} INFO - [2025-06-20T13:06:48.398+0000] {dag.py:2429} INFO - Sync 1 DAGs
[2025-06-20T13:06:48.410+0000] {logging_mixin.py:115} INFO - [2025-06-20T13:06:48.410+0000] {dag.py:2981} INFO - Setting next_dagrun for example_trigger_target_dag to None, run_after=None
[2025-06-20T13:06:48.416+0000] {processor.py:161} INFO - Processing /home/airflow/.local/lib/python3.7/site-packages/airflow/example_dags/example_trigger_target_dag.py took 0.042 seconds
[2025-06-20T13:07:18.470+0000] {processor.py:153} INFO - Started process (PID=456) to work on /home/airflow/.local/lib/python3.7/site-packages/airflow/example_dags/example_trigger_target_dag.py
[2025-06-20T13:07:18.470+0000] {processor.py:640} INFO - Processing file /home/airflow/.local/lib/python3.7/site-packages/airflow/example_dags/example_trigger_target_dag.py for tasks to queue
[2025-06-20T13:07:18.471+0000] {logging_mixin.py:115} INFO - [2025-06-20T13:07:18.471+0000] {dagbag.py:508} INFO - Filling up the DagBag from /home/airflow/.local/lib/python3.7/site-packages/airflow/example_dags/example_trigger_target_dag.py
[2025-06-20T13:07:18.477+0000] {processor.py:650} INFO - DAG(s) dict_keys(['example_trigger_target_dag']) retrieved from /home/airflow/.local/lib/python3.7/site-packages/airflow/example_dags/example_trigger_target_dag.py
[2025-06-20T13:07:18.487+0000] {logging_mixin.py:115} INFO - [2025-06-20T13:07:18.487+0000] {dag.py:2429} INFO - Sync 1 DAGs
[2025-06-20T13:07:18.497+0000] {logging_mixin.py:115} INFO - [2025-06-20T13:07:18.497+0000] {dag.py:2981} INFO - Setting next_dagrun for example_trigger_target_dag to None, run_after=None
[2025-06-20T13:07:18.505+0000] {processor.py:161} INFO - Processing /home/airflow/.local/lib/python3.7/site-packages/airflow/example_dags/example_trigger_target_dag.py took 0.036 seconds
[2025-06-20T13:07:48.582+0000] {processor.py:153} INFO - Started process (PID=517) to work on /home/airflow/.local/lib/python3.7/site-packages/airflow/example_dags/example_trigger_target_dag.py
[2025-06-20T13:07:48.582+0000] {processor.py:640} INFO - Processing file /home/airflow/.local/lib/python3.7/site-packages/airflow/example_dags/example_trigger_target_dag.py for tasks to queue
[2025-06-20T13:07:48.583+0000] {logging_mixin.py:115} INFO - [2025-06-20T13:07:48.583+0000] {dagbag.py:508} INFO - Filling up the DagBag from /home/airflow/.local/lib/python3.7/site-packages/airflow/example_dags/example_trigger_target_dag.py
[2025-06-20T13:07:48.589+0000] {processor.py:650} INFO - DAG(s) dict_keys(['example_trigger_target_dag']) retrieved from /home/airflow/.local/lib/python3.7/site-packages/airflow/example_dags/example_trigger_target_dag.py
[2025-06-20T13:07:48.598+0000] {logging_mixin.py:115} INFO - [2025-06-20T13:07:48.598+0000] {dag.py:2429} INFO - Sync 1 DAGs
[2025-06-20T13:07:48.606+0000] {logging_mixin.py:115} INFO - [2025-06-20T13:07:48.606+0000] {dag.py:2981} INFO - Setting next_dagrun for example_trigger_target_dag to None, run_after=None
[2025-06-20T13:07:48.610+0000] {processor.py:161} INFO - Processing /home/airflow/.local/lib/python3.7/site-packages/airflow/example_dags/example_trigger_target_dag.py took 0.029 seconds
[2025-06-20T13:08:18.684+0000] {processor.py:153} INFO - Started process (PID=569) to work on /home/airflow/.local/lib/python3.7/site-packages/airflow/example_dags/example_trigger_target_dag.py
[2025-06-20T13:08:18.686+0000] {processor.py:640} INFO - Processing file /home/airflow/.local/lib/python3.7/site-packages/airflow/example_dags/example_trigger_target_dag.py for tasks to queue
[2025-06-20T13:08:18.686+0000] {logging_mixin.py:115} INFO - [2025-06-20T13:08:18.686+0000] {dagbag.py:508} INFO - Filling up the DagBag from /home/airflow/.local/lib/python3.7/site-packages/airflow/example_dags/example_trigger_target_dag.py
[2025-06-20T13:08:18.693+0000] {processor.py:650} INFO - DAG(s) dict_keys(['example_trigger_target_dag']) retrieved from /home/airflow/.local/lib/python3.7/site-packages/airflow/example_dags/example_trigger_target_dag.py
[2025-06-20T13:08:18.706+0000] {logging_mixin.py:115} INFO - [2025-06-20T13:08:18.705+0000] {dag.py:2429} INFO - Sync 1 DAGs
[2025-06-20T13:08:18.716+0000] {logging_mixin.py:115} INFO - [2025-06-20T13:08:18.716+0000] {dag.py:2981} INFO - Setting next_dagrun for example_trigger_target_dag to None, run_after=None
[2025-06-20T13:08:18.724+0000] {processor.py:161} INFO - Processing /home/airflow/.local/lib/python3.7/site-packages/airflow/example_dags/example_trigger_target_dag.py took 0.041 seconds
[2025-06-20T13:08:48.807+0000] {processor.py:153} INFO - Started process (PID=630) to work on /home/airflow/.local/lib/python3.7/site-packages/airflow/example_dags/example_trigger_target_dag.py
[2025-06-20T13:08:48.808+0000] {processor.py:640} INFO - Processing file /home/airflow/.local/lib/python3.7/site-packages/airflow/example_dags/example_trigger_target_dag.py for tasks to queue
[2025-06-20T13:08:48.808+0000] {logging_mixin.py:115} INFO - [2025-06-20T13:08:48.808+0000] {dagbag.py:508} INFO - Filling up the DagBag from /home/airflow/.local/lib/python3.7/site-packages/airflow/example_dags/example_trigger_target_dag.py
[2025-06-20T13:08:48.814+0000] {processor.py:650} INFO - DAG(s) dict_keys(['example_trigger_target_dag']) retrieved from /home/airflow/.local/lib/python3.7/site-packages/airflow/example_dags/example_trigger_target_dag.py
[2025-06-20T13:08:48.825+0000] {logging_mixin.py:115} INFO - [2025-06-20T13:08:48.825+0000] {dag.py:2429} INFO - Sync 1 DAGs
[2025-06-20T13:08:48.833+0000] {logging_mixin.py:115} INFO - [2025-06-20T13:08:48.833+0000] {dag.py:2981} INFO - Setting next_dagrun for example_trigger_target_dag to None, run_after=None
[2025-06-20T13:08:48.839+0000] {processor.py:161} INFO - Processing /home/airflow/.local/lib/python3.7/site-packages/airflow/example_dags/example_trigger_target_dag.py took 0.034 seconds
[2025-06-20T13:09:18.935+0000] {processor.py:153} INFO - Started process (PID=691) to work on /home/airflow/.local/lib/python3.7/site-packages/airflow/example_dags/example_trigger_target_dag.py
[2025-06-20T13:09:18.936+0000] {processor.py:640} INFO - Processing file /home/airflow/.local/lib/python3.7/site-packages/airflow/example_dags/example_trigger_target_dag.py for tasks to queue
[2025-06-20T13:09:18.936+0000] {logging_mixin.py:115} INFO - [2025-06-20T13:09:18.936+0000] {dagbag.py:508} INFO - Filling up the DagBag from /home/airflow/.local/lib/python3.7/site-packages/airflow/example_dags/example_trigger_target_dag.py
[2025-06-20T13:09:18.945+0000] {processor.py:650} INFO - DAG(s) dict_keys(['example_trigger_target_dag']) retrieved from /home/airflow/.local/lib/python3.7/site-packages/airflow/example_dags/example_trigger_target_dag.py
[2025-06-20T13:09:18.958+0000] {logging_mixin.py:115} INFO - [2025-06-20T13:09:18.958+0000] {dag.py:2429} INFO - Sync 1 DAGs
[2025-06-20T13:09:18.967+0000] {logging_mixin.py:115} INFO - [2025-06-20T13:09:18.967+0000] {dag.py:2981} INFO - Setting next_dagrun for example_trigger_target_dag to None, run_after=None
[2025-06-20T13:09:18.972+0000] {processor.py:161} INFO - Processing /home/airflow/.local/lib/python3.7/site-packages/airflow/example_dags/example_trigger_target_dag.py took 0.039 seconds
[2025-06-20T13:09:49.018+0000] {processor.py:153} INFO - Started process (PID=752) to work on /home/airflow/.local/lib/python3.7/site-packages/airflow/example_dags/example_trigger_target_dag.py
[2025-06-20T13:09:49.019+0000] {processor.py:640} INFO - Processing file /home/airflow/.local/lib/python3.7/site-packages/airflow/example_dags/example_trigger_target_dag.py for tasks to queue
[2025-06-20T13:09:49.020+0000] {logging_mixin.py:115} INFO - [2025-06-20T13:09:49.020+0000] {dagbag.py:508} INFO - Filling up the DagBag from /home/airflow/.local/lib/python3.7/site-packages/airflow/example_dags/example_trigger_target_dag.py
[2025-06-20T13:09:49.026+0000] {processor.py:650} INFO - DAG(s) dict_keys(['example_trigger_target_dag']) retrieved from /home/airflow/.local/lib/python3.7/site-packages/airflow/example_dags/example_trigger_target_dag.py
[2025-06-20T13:09:49.037+0000] {logging_mixin.py:115} INFO - [2025-06-20T13:09:49.037+0000] {dag.py:2429} INFO - Sync 1 DAGs
[2025-06-20T13:09:49.047+0000] {logging_mixin.py:115} INFO - [2025-06-20T13:09:49.046+0000] {dag.py:2981} INFO - Setting next_dagrun for example_trigger_target_dag to None, run_after=None
[2025-06-20T13:09:49.052+0000] {processor.py:161} INFO - Processing /home/airflow/.local/lib/python3.7/site-packages/airflow/example_dags/example_trigger_target_dag.py took 0.036 seconds
[2025-06-20T13:10:19.108+0000] {processor.py:153} INFO - Started process (PID=813) to work on /home/airflow/.local/lib/python3.7/site-packages/airflow/example_dags/example_trigger_target_dag.py
[2025-06-20T13:10:19.109+0000] {processor.py:640} INFO - Processing file /home/airflow/.local/lib/python3.7/site-packages/airflow/example_dags/example_trigger_target_dag.py for tasks to queue
[2025-06-20T13:10:19.110+0000] {logging_mixin.py:115} INFO - [2025-06-20T13:10:19.110+0000] {dagbag.py:508} INFO - Filling up the DagBag from /home/airflow/.local/lib/python3.7/site-packages/airflow/example_dags/example_trigger_target_dag.py
[2025-06-20T13:10:19.117+0000] {processor.py:650} INFO - DAG(s) dict_keys(['example_trigger_target_dag']) retrieved from /home/airflow/.local/lib/python3.7/site-packages/airflow/example_dags/example_trigger_target_dag.py
[2025-06-20T13:10:19.127+0000] {logging_mixin.py:115} INFO - [2025-06-20T13:10:19.127+0000] {dag.py:2429} INFO - Sync 1 DAGs
[2025-06-20T13:10:19.136+0000] {logging_mixin.py:115} INFO - [2025-06-20T13:10:19.136+0000] {dag.py:2981} INFO - Setting next_dagrun for example_trigger_target_dag to None, run_after=None
[2025-06-20T13:10:19.141+0000] {processor.py:161} INFO - Processing /home/airflow/.local/lib/python3.7/site-packages/airflow/example_dags/example_trigger_target_dag.py took 0.035 seconds
[2025-06-20T13:10:49.230+0000] {processor.py:153} INFO - Started process (PID=874) to work on /home/airflow/.local/lib/python3.7/site-packages/airflow/example_dags/example_trigger_target_dag.py
[2025-06-20T13:10:49.232+0000] {processor.py:640} INFO - Processing file /home/airflow/.local/lib/python3.7/site-packages/airflow/example_dags/example_trigger_target_dag.py for tasks to queue
[2025-06-20T13:10:49.233+0000] {logging_mixin.py:115} INFO - [2025-06-20T13:10:49.233+0000] {dagbag.py:508} INFO - Filling up the DagBag from /home/airflow/.local/lib/python3.7/site-packages/airflow/example_dags/example_trigger_target_dag.py
[2025-06-20T13:10:49.241+0000] {processor.py:650} INFO - DAG(s) dict_keys(['example_trigger_target_dag']) retrieved from /home/airflow/.local/lib/python3.7/site-packages/airflow/example_dags/example_trigger_target_dag.py
[2025-06-20T13:10:49.263+0000] {logging_mixin.py:115} INFO - [2025-06-20T13:10:49.263+0000] {dag.py:2429} INFO - Sync 1 DAGs
[2025-06-20T13:10:49.274+0000] {logging_mixin.py:115} INFO - [2025-06-20T13:10:49.274+0000] {dag.py:2981} INFO - Setting next_dagrun for example_trigger_target_dag to None, run_after=None
[2025-06-20T13:10:49.279+0000] {processor.py:161} INFO - Processing /home/airflow/.local/lib/python3.7/site-packages/airflow/example_dags/example_trigger_target_dag.py took 0.052 seconds
[2025-06-20T13:11:19.350+0000] {processor.py:153} INFO - Started process (PID=926) to work on /home/airflow/.local/lib/python3.7/site-packages/airflow/example_dags/example_trigger_target_dag.py
[2025-06-20T13:11:19.351+0000] {processor.py:640} INFO - Processing file /home/airflow/.local/lib/python3.7/site-packages/airflow/example_dags/example_trigger_target_dag.py for tasks to queue
[2025-06-20T13:11:19.352+0000] {logging_mixin.py:115} INFO - [2025-06-20T13:11:19.352+0000] {dagbag.py:508} INFO - Filling up the DagBag from /home/airflow/.local/lib/python3.7/site-packages/airflow/example_dags/example_trigger_target_dag.py
[2025-06-20T13:11:19.359+0000] {processor.py:650} INFO - DAG(s) dict_keys(['example_trigger_target_dag']) retrieved from /home/airflow/.local/lib/python3.7/site-packages/airflow/example_dags/example_trigger_target_dag.py
[2025-06-20T13:11:19.370+0000] {logging_mixin.py:115} INFO - [2025-06-20T13:11:19.370+0000] {dag.py:2429} INFO - Sync 1 DAGs
[2025-06-20T13:11:19.378+0000] {logging_mixin.py:115} INFO - [2025-06-20T13:11:19.378+0000] {dag.py:2981} INFO - Setting next_dagrun for example_trigger_target_dag to None, run_after=None
[2025-06-20T13:11:19.384+0000] {processor.py:161} INFO - Processing /home/airflow/.local/lib/python3.7/site-packages/airflow/example_dags/example_trigger_target_dag.py took 0.035 seconds
[2025-06-20T13:11:49.528+0000] {processor.py:153} INFO - Started process (PID=987) to work on /home/airflow/.local/lib/python3.7/site-packages/airflow/example_dags/example_trigger_target_dag.py
[2025-06-20T13:11:49.533+0000] {processor.py:640} INFO - Processing file /home/airflow/.local/lib/python3.7/site-packages/airflow/example_dags/example_trigger_target_dag.py for tasks to queue
[2025-06-20T13:11:49.533+0000] {logging_mixin.py:115} INFO - [2025-06-20T13:11:49.533+0000] {dagbag.py:508} INFO - Filling up the DagBag from /home/airflow/.local/lib/python3.7/site-packages/airflow/example_dags/example_trigger_target_dag.py
[2025-06-20T13:11:49.540+0000] {processor.py:650} INFO - DAG(s) dict_keys(['example_trigger_target_dag']) retrieved from /home/airflow/.local/lib/python3.7/site-packages/airflow/example_dags/example_trigger_target_dag.py
[2025-06-20T13:11:49.553+0000] {logging_mixin.py:115} INFO - [2025-06-20T13:11:49.553+0000] {dag.py:2429} INFO - Sync 1 DAGs
[2025-06-20T13:11:49.563+0000] {logging_mixin.py:115} INFO - [2025-06-20T13:11:49.563+0000] {dag.py:2981} INFO - Setting next_dagrun for example_trigger_target_dag to None, run_after=None
[2025-06-20T13:11:49.569+0000] {processor.py:161} INFO - Processing /home/airflow/.local/lib/python3.7/site-packages/airflow/example_dags/example_trigger_target_dag.py took 0.041 seconds
[2025-06-20T13:12:19.684+0000] {processor.py:153} INFO - Started process (PID=1048) to work on /home/airflow/.local/lib/python3.7/site-packages/airflow/example_dags/example_trigger_target_dag.py
[2025-06-20T13:12:19.685+0000] {processor.py:640} INFO - Processing file /home/airflow/.local/lib/python3.7/site-packages/airflow/example_dags/example_trigger_target_dag.py for tasks to queue
[2025-06-20T13:12:19.688+0000] {logging_mixin.py:115} INFO - [2025-06-20T13:12:19.687+0000] {dagbag.py:508} INFO - Filling up the DagBag from /home/airflow/.local/lib/python3.7/site-packages/airflow/example_dags/example_trigger_target_dag.py
[2025-06-20T13:12:19.696+0000] {processor.py:650} INFO - DAG(s) dict_keys(['example_trigger_target_dag']) retrieved from /home/airflow/.local/lib/python3.7/site-packages/airflow/example_dags/example_trigger_target_dag.py
[2025-06-20T13:12:19.709+0000] {logging_mixin.py:115} INFO - [2025-06-20T13:12:19.709+0000] {dag.py:2429} INFO - Sync 1 DAGs
[2025-06-20T13:12:19.719+0000] {logging_mixin.py:115} INFO - [2025-06-20T13:12:19.719+0000] {dag.py:2981} INFO - Setting next_dagrun for example_trigger_target_dag to None, run_after=None
[2025-06-20T13:12:19.726+0000] {processor.py:161} INFO - Processing /home/airflow/.local/lib/python3.7/site-packages/airflow/example_dags/example_trigger_target_dag.py took 0.043 seconds
[2025-06-20T13:12:49.823+0000] {processor.py:153} INFO - Started process (PID=1109) to work on /home/airflow/.local/lib/python3.7/site-packages/airflow/example_dags/example_trigger_target_dag.py
[2025-06-20T13:12:49.824+0000] {processor.py:640} INFO - Processing file /home/airflow/.local/lib/python3.7/site-packages/airflow/example_dags/example_trigger_target_dag.py for tasks to queue
[2025-06-20T13:12:49.824+0000] {logging_mixin.py:115} INFO - [2025-06-20T13:12:49.824+0000] {dagbag.py:508} INFO - Filling up the DagBag from /home/airflow/.local/lib/python3.7/site-packages/airflow/example_dags/example_trigger_target_dag.py
[2025-06-20T13:12:49.830+0000] {processor.py:650} INFO - DAG(s) dict_keys(['example_trigger_target_dag']) retrieved from /home/airflow/.local/lib/python3.7/site-packages/airflow/example_dags/example_trigger_target_dag.py
[2025-06-20T13:12:49.840+0000] {logging_mixin.py:115} INFO - [2025-06-20T13:12:49.840+0000] {dag.py:2429} INFO - Sync 1 DAGs
[2025-06-20T13:12:49.849+0000] {logging_mixin.py:115} INFO - [2025-06-20T13:12:49.848+0000] {dag.py:2981} INFO - Setting next_dagrun for example_trigger_target_dag to None, run_after=None
[2025-06-20T13:12:49.854+0000] {processor.py:161} INFO - Processing /home/airflow/.local/lib/python3.7/site-packages/airflow/example_dags/example_trigger_target_dag.py took 0.032 seconds
[2025-06-20T13:13:19.936+0000] {processor.py:153} INFO - Started process (PID=1170) to work on /home/airflow/.local/lib/python3.7/site-packages/airflow/example_dags/example_trigger_target_dag.py
[2025-06-20T13:13:19.937+0000] {processor.py:640} INFO - Processing file /home/airflow/.local/lib/python3.7/site-packages/airflow/example_dags/example_trigger_target_dag.py for tasks to queue
[2025-06-20T13:13:19.937+0000] {logging_mixin.py:115} INFO - [2025-06-20T13:13:19.937+0000] {dagbag.py:508} INFO - Filling up the DagBag from /home/airflow/.local/lib/python3.7/site-packages/airflow/example_dags/example_trigger_target_dag.py
[2025-06-20T13:13:19.944+0000] {processor.py:650} INFO - DAG(s) dict_keys(['example_trigger_target_dag']) retrieved from /home/airflow/.local/lib/python3.7/site-packages/airflow/example_dags/example_trigger_target_dag.py
[2025-06-20T13:13:19.955+0000] {logging_mixin.py:115} INFO - [2025-06-20T13:13:19.954+0000] {dag.py:2429} INFO - Sync 1 DAGs
[2025-06-20T13:13:19.963+0000] {logging_mixin.py:115} INFO - [2025-06-20T13:13:19.963+0000] {dag.py:2981} INFO - Setting next_dagrun for example_trigger_target_dag to None, run_after=None
[2025-06-20T13:13:19.969+0000] {processor.py:161} INFO - Processing /home/airflow/.local/lib/python3.7/site-packages/airflow/example_dags/example_trigger_target_dag.py took 0.034 seconds
[2025-06-20T13:13:50.110+0000] {processor.py:153} INFO - Started process (PID=1222) to work on /home/airflow/.local/lib/python3.7/site-packages/airflow/example_dags/example_trigger_target_dag.py
[2025-06-20T13:13:50.111+0000] {processor.py:640} INFO - Processing file /home/airflow/.local/lib/python3.7/site-packages/airflow/example_dags/example_trigger_target_dag.py for tasks to queue
[2025-06-20T13:13:50.112+0000] {logging_mixin.py:115} INFO - [2025-06-20T13:13:50.112+0000] {dagbag.py:508} INFO - Filling up the DagBag from /home/airflow/.local/lib/python3.7/site-packages/airflow/example_dags/example_trigger_target_dag.py
[2025-06-20T13:13:50.120+0000] {processor.py:650} INFO - DAG(s) dict_keys(['example_trigger_target_dag']) retrieved from /home/airflow/.local/lib/python3.7/site-packages/airflow/example_dags/example_trigger_target_dag.py
[2025-06-20T13:13:50.133+0000] {logging_mixin.py:115} INFO - [2025-06-20T13:13:50.133+0000] {dag.py:2429} INFO - Sync 1 DAGs
[2025-06-20T13:13:50.145+0000] {logging_mixin.py:115} INFO - [2025-06-20T13:13:50.145+0000] {dag.py:2981} INFO - Setting next_dagrun for example_trigger_target_dag to None, run_after=None
[2025-06-20T13:13:50.152+0000] {processor.py:161} INFO - Processing /home/airflow/.local/lib/python3.7/site-packages/airflow/example_dags/example_trigger_target_dag.py took 0.044 seconds
[2025-06-20T13:14:20.372+0000] {processor.py:153} INFO - Started process (PID=1283) to work on /home/airflow/.local/lib/python3.7/site-packages/airflow/example_dags/example_trigger_target_dag.py
[2025-06-20T13:14:20.373+0000] {processor.py:640} INFO - Processing file /home/airflow/.local/lib/python3.7/site-packages/airflow/example_dags/example_trigger_target_dag.py for tasks to queue
[2025-06-20T13:14:20.374+0000] {logging_mixin.py:115} INFO - [2025-06-20T13:14:20.374+0000] {dagbag.py:508} INFO - Filling up the DagBag from /home/airflow/.local/lib/python3.7/site-packages/airflow/example_dags/example_trigger_target_dag.py
[2025-06-20T13:14:20.382+0000] {processor.py:650} INFO - DAG(s) dict_keys(['example_trigger_target_dag']) retrieved from /home/airflow/.local/lib/python3.7/site-packages/airflow/example_dags/example_trigger_target_dag.py
[2025-06-20T13:14:20.394+0000] {logging_mixin.py:115} INFO - [2025-06-20T13:14:20.394+0000] {dag.py:2429} INFO - Sync 1 DAGs
[2025-06-20T13:14:20.403+0000] {logging_mixin.py:115} INFO - [2025-06-20T13:14:20.403+0000] {dag.py:2981} INFO - Setting next_dagrun for example_trigger_target_dag to None, run_after=None
[2025-06-20T13:14:20.408+0000] {processor.py:161} INFO - Processing /home/airflow/.local/lib/python3.7/site-packages/airflow/example_dags/example_trigger_target_dag.py took 0.038 seconds
[2025-06-20T13:14:50.444+0000] {processor.py:153} INFO - Started process (PID=1344) to work on /home/airflow/.local/lib/python3.7/site-packages/airflow/example_dags/example_trigger_target_dag.py
[2025-06-20T13:14:50.445+0000] {processor.py:640} INFO - Processing file /home/airflow/.local/lib/python3.7/site-packages/airflow/example_dags/example_trigger_target_dag.py for tasks to queue
[2025-06-20T13:14:50.445+0000] {logging_mixin.py:115} INFO - [2025-06-20T13:14:50.445+0000] {dagbag.py:508} INFO - Filling up the DagBag from /home/airflow/.local/lib/python3.7/site-packages/airflow/example_dags/example_trigger_target_dag.py
[2025-06-20T13:14:50.451+0000] {processor.py:650} INFO - DAG(s) dict_keys(['example_trigger_target_dag']) retrieved from /home/airflow/.local/lib/python3.7/site-packages/airflow/example_dags/example_trigger_target_dag.py
[2025-06-20T13:14:50.461+0000] {logging_mixin.py:115} INFO - [2025-06-20T13:14:50.461+0000] {dag.py:2429} INFO - Sync 1 DAGs
[2025-06-20T13:14:50.469+0000] {logging_mixin.py:115} INFO - [2025-06-20T13:14:50.469+0000] {dag.py:2981} INFO - Setting next_dagrun for example_trigger_target_dag to None, run_after=None
[2025-06-20T13:14:50.474+0000] {processor.py:161} INFO - Processing /home/airflow/.local/lib/python3.7/site-packages/airflow/example_dags/example_trigger_target_dag.py took 0.031 seconds
[2025-06-20T13:15:20.576+0000] {processor.py:153} INFO - Started process (PID=1405) to work on /home/airflow/.local/lib/python3.7/site-packages/airflow/example_dags/example_trigger_target_dag.py
[2025-06-20T13:15:20.577+0000] {processor.py:640} INFO - Processing file /home/airflow/.local/lib/python3.7/site-packages/airflow/example_dags/example_trigger_target_dag.py for tasks to queue
[2025-06-20T13:15:20.577+0000] {logging_mixin.py:115} INFO - [2025-06-20T13:15:20.577+0000] {dagbag.py:508} INFO - Filling up the DagBag from /home/airflow/.local/lib/python3.7/site-packages/airflow/example_dags/example_trigger_target_dag.py
[2025-06-20T13:15:20.584+0000] {processor.py:650} INFO - DAG(s) dict_keys(['example_trigger_target_dag']) retrieved from /home/airflow/.local/lib/python3.7/site-packages/airflow/example_dags/example_trigger_target_dag.py
[2025-06-20T13:15:20.593+0000] {logging_mixin.py:115} INFO - [2025-06-20T13:15:20.593+0000] {dag.py:2429} INFO - Sync 1 DAGs
[2025-06-20T13:15:20.604+0000] {logging_mixin.py:115} INFO - [2025-06-20T13:15:20.604+0000] {dag.py:2981} INFO - Setting next_dagrun for example_trigger_target_dag to None, run_after=None
[2025-06-20T13:15:20.610+0000] {processor.py:161} INFO - Processing /home/airflow/.local/lib/python3.7/site-packages/airflow/example_dags/example_trigger_target_dag.py took 0.035 seconds
[2025-06-20T13:15:50.701+0000] {processor.py:153} INFO - Started process (PID=1466) to work on /home/airflow/.local/lib/python3.7/site-packages/airflow/example_dags/example_trigger_target_dag.py
[2025-06-20T13:15:50.702+0000] {processor.py:640} INFO - Processing file /home/airflow/.local/lib/python3.7/site-packages/airflow/example_dags/example_trigger_target_dag.py for tasks to queue
[2025-06-20T13:15:50.702+0000] {logging_mixin.py:115} INFO - [2025-06-20T13:15:50.702+0000] {dagbag.py:508} INFO - Filling up the DagBag from /home/airflow/.local/lib/python3.7/site-packages/airflow/example_dags/example_trigger_target_dag.py
[2025-06-20T13:15:50.709+0000] {processor.py:650} INFO - DAG(s) dict_keys(['example_trigger_target_dag']) retrieved from /home/airflow/.local/lib/python3.7/site-packages/airflow/example_dags/example_trigger_target_dag.py
[2025-06-20T13:15:50.721+0000] {logging_mixin.py:115} INFO - [2025-06-20T13:15:50.721+0000] {dag.py:2429} INFO - Sync 1 DAGs
[2025-06-20T13:15:50.729+0000] {logging_mixin.py:115} INFO - [2025-06-20T13:15:50.729+0000] {dag.py:2981} INFO - Setting next_dagrun for example_trigger_target_dag to None, run_after=None
[2025-06-20T13:15:50.735+0000] {processor.py:161} INFO - Processing /home/airflow/.local/lib/python3.7/site-packages/airflow/example_dags/example_trigger_target_dag.py took 0.035 seconds
[2025-06-20T13:16:20.797+0000] {processor.py:153} INFO - Started process (PID=1527) to work on /home/airflow/.local/lib/python3.7/site-packages/airflow/example_dags/example_trigger_target_dag.py
[2025-06-20T13:16:20.797+0000] {processor.py:640} INFO - Processing file /home/airflow/.local/lib/python3.7/site-packages/airflow/example_dags/example_trigger_target_dag.py for tasks to queue
[2025-06-20T13:16:20.798+0000] {logging_mixin.py:115} INFO - [2025-06-20T13:16:20.798+0000] {dagbag.py:508} INFO - Filling up the DagBag from /home/airflow/.local/lib/python3.7/site-packages/airflow/example_dags/example_trigger_target_dag.py
[2025-06-20T13:16:20.813+0000] {processor.py:650} INFO - DAG(s) dict_keys(['example_trigger_target_dag']) retrieved from /home/airflow/.local/lib/python3.7/site-packages/airflow/example_dags/example_trigger_target_dag.py
[2025-06-20T13:16:20.841+0000] {logging_mixin.py:115} INFO - [2025-06-20T13:16:20.841+0000] {dag.py:2429} INFO - Sync 1 DAGs
[2025-06-20T13:16:20.864+0000] {logging_mixin.py:115} INFO - [2025-06-20T13:16:20.863+0000] {dag.py:2981} INFO - Setting next_dagrun for example_trigger_target_dag to None, run_after=None
[2025-06-20T13:16:20.877+0000] {processor.py:161} INFO - Processing /home/airflow/.local/lib/python3.7/site-packages/airflow/example_dags/example_trigger_target_dag.py took 0.083 seconds
[2025-06-20T13:16:51.131+0000] {processor.py:153} INFO - Started process (PID=1579) to work on /home/airflow/.local/lib/python3.7/site-packages/airflow/example_dags/example_trigger_target_dag.py
[2025-06-20T13:16:51.132+0000] {processor.py:640} INFO - Processing file /home/airflow/.local/lib/python3.7/site-packages/airflow/example_dags/example_trigger_target_dag.py for tasks to queue
[2025-06-20T13:16:51.132+0000] {logging_mixin.py:115} INFO - [2025-06-20T13:16:51.132+0000] {dagbag.py:508} INFO - Filling up the DagBag from /home/airflow/.local/lib/python3.7/site-packages/airflow/example_dags/example_trigger_target_dag.py
[2025-06-20T13:16:51.139+0000] {processor.py:650} INFO - DAG(s) dict_keys(['example_trigger_target_dag']) retrieved from /home/airflow/.local/lib/python3.7/site-packages/airflow/example_dags/example_trigger_target_dag.py
[2025-06-20T13:16:51.152+0000] {logging_mixin.py:115} INFO - [2025-06-20T13:16:51.151+0000] {dag.py:2429} INFO - Sync 1 DAGs
[2025-06-20T13:16:51.162+0000] {logging_mixin.py:115} INFO - [2025-06-20T13:16:51.162+0000] {dag.py:2981} INFO - Setting next_dagrun for example_trigger_target_dag to None, run_after=None
[2025-06-20T13:16:51.168+0000] {processor.py:161} INFO - Processing /home/airflow/.local/lib/python3.7/site-packages/airflow/example_dags/example_trigger_target_dag.py took 0.039 seconds
[2025-06-20T13:17:21.288+0000] {processor.py:153} INFO - Started process (PID=1640) to work on /home/airflow/.local/lib/python3.7/site-packages/airflow/example_dags/example_trigger_target_dag.py
[2025-06-20T13:17:21.288+0000] {processor.py:640} INFO - Processing file /home/airflow/.local/lib/python3.7/site-packages/airflow/example_dags/example_trigger_target_dag.py for tasks to queue
[2025-06-20T13:17:21.289+0000] {logging_mixin.py:115} INFO - [2025-06-20T13:17:21.289+0000] {dagbag.py:508} INFO - Filling up the DagBag from /home/airflow/.local/lib/python3.7/site-packages/airflow/example_dags/example_trigger_target_dag.py
[2025-06-20T13:17:21.295+0000] {processor.py:650} INFO - DAG(s) dict_keys(['example_trigger_target_dag']) retrieved from /home/airflow/.local/lib/python3.7/site-packages/airflow/example_dags/example_trigger_target_dag.py
[2025-06-20T13:17:21.305+0000] {logging_mixin.py:115} INFO - [2025-06-20T13:17:21.305+0000] {dag.py:2429} INFO - Sync 1 DAGs
[2025-06-20T13:17:21.314+0000] {logging_mixin.py:115} INFO - [2025-06-20T13:17:21.314+0000] {dag.py:2981} INFO - Setting next_dagrun for example_trigger_target_dag to None, run_after=None
[2025-06-20T13:17:21.320+0000] {processor.py:161} INFO - Processing /home/airflow/.local/lib/python3.7/site-packages/airflow/example_dags/example_trigger_target_dag.py took 0.038 seconds
[2025-06-20T13:17:51.395+0000] {processor.py:153} INFO - Started process (PID=1701) to work on /home/airflow/.local/lib/python3.7/site-packages/airflow/example_dags/example_trigger_target_dag.py
[2025-06-20T13:17:51.395+0000] {processor.py:640} INFO - Processing file /home/airflow/.local/lib/python3.7/site-packages/airflow/example_dags/example_trigger_target_dag.py for tasks to queue
[2025-06-20T13:17:51.396+0000] {logging_mixin.py:115} INFO - [2025-06-20T13:17:51.396+0000] {dagbag.py:508} INFO - Filling up the DagBag from /home/airflow/.local/lib/python3.7/site-packages/airflow/example_dags/example_trigger_target_dag.py
[2025-06-20T13:17:51.402+0000] {processor.py:650} INFO - DAG(s) dict_keys(['example_trigger_target_dag']) retrieved from /home/airflow/.local/lib/python3.7/site-packages/airflow/example_dags/example_trigger_target_dag.py
[2025-06-20T13:17:51.413+0000] {logging_mixin.py:115} INFO - [2025-06-20T13:17:51.413+0000] {dag.py:2429} INFO - Sync 1 DAGs
[2025-06-20T13:17:51.421+0000] {logging_mixin.py:115} INFO - [2025-06-20T13:17:51.421+0000] {dag.py:2981} INFO - Setting next_dagrun for example_trigger_target_dag to None, run_after=None
[2025-06-20T13:17:51.427+0000] {processor.py:161} INFO - Processing /home/airflow/.local/lib/python3.7/site-packages/airflow/example_dags/example_trigger_target_dag.py took 0.034 seconds
[2025-06-20T13:18:21.496+0000] {processor.py:153} INFO - Started process (PID=1762) to work on /home/airflow/.local/lib/python3.7/site-packages/airflow/example_dags/example_trigger_target_dag.py
[2025-06-20T13:18:21.497+0000] {processor.py:640} INFO - Processing file /home/airflow/.local/lib/python3.7/site-packages/airflow/example_dags/example_trigger_target_dag.py for tasks to queue
[2025-06-20T13:18:21.499+0000] {logging_mixin.py:115} INFO - [2025-06-20T13:18:21.499+0000] {dagbag.py:508} INFO - Filling up the DagBag from /home/airflow/.local/lib/python3.7/site-packages/airflow/example_dags/example_trigger_target_dag.py
[2025-06-20T13:18:21.506+0000] {processor.py:650} INFO - DAG(s) dict_keys(['example_trigger_target_dag']) retrieved from /home/airflow/.local/lib/python3.7/site-packages/airflow/example_dags/example_trigger_target_dag.py
[2025-06-20T13:18:21.516+0000] {logging_mixin.py:115} INFO - [2025-06-20T13:18:21.516+0000] {dag.py:2429} INFO - Sync 1 DAGs
[2025-06-20T13:18:21.526+0000] {logging_mixin.py:115} INFO - [2025-06-20T13:18:21.526+0000] {dag.py:2981} INFO - Setting next_dagrun for example_trigger_target_dag to None, run_after=None
[2025-06-20T13:18:21.531+0000] {processor.py:161} INFO - Processing /home/airflow/.local/lib/python3.7/site-packages/airflow/example_dags/example_trigger_target_dag.py took 0.037 seconds
[2025-06-20T13:18:51.705+0000] {processor.py:153} INFO - Started process (PID=1823) to work on /home/airflow/.local/lib/python3.7/site-packages/airflow/example_dags/example_trigger_target_dag.py
[2025-06-20T13:18:51.708+0000] {processor.py:640} INFO - Processing file /home/airflow/.local/lib/python3.7/site-packages/airflow/example_dags/example_trigger_target_dag.py for tasks to queue
[2025-06-20T13:18:51.708+0000] {logging_mixin.py:115} INFO - [2025-06-20T13:18:51.708+0000] {dagbag.py:508} INFO - Filling up the DagBag from /home/airflow/.local/lib/python3.7/site-packages/airflow/example_dags/example_trigger_target_dag.py
[2025-06-20T13:18:51.715+0000] {processor.py:650} INFO - DAG(s) dict_keys(['example_trigger_target_dag']) retrieved from /home/airflow/.local/lib/python3.7/site-packages/airflow/example_dags/example_trigger_target_dag.py
[2025-06-20T13:18:51.728+0000] {logging_mixin.py:115} INFO - [2025-06-20T13:18:51.728+0000] {dag.py:2429} INFO - Sync 1 DAGs
[2025-06-20T13:18:51.739+0000] {logging_mixin.py:115} INFO - [2025-06-20T13:18:51.739+0000] {dag.py:2981} INFO - Setting next_dagrun for example_trigger_target_dag to None, run_after=None
[2025-06-20T13:18:51.743+0000] {processor.py:161} INFO - Processing /home/airflow/.local/lib/python3.7/site-packages/airflow/example_dags/example_trigger_target_dag.py took 0.040 seconds
[2025-06-20T13:19:21.832+0000] {processor.py:153} INFO - Started process (PID=1882) to work on /home/airflow/.local/lib/python3.7/site-packages/airflow/example_dags/example_trigger_target_dag.py
[2025-06-20T13:19:21.833+0000] {processor.py:640} INFO - Processing file /home/airflow/.local/lib/python3.7/site-packages/airflow/example_dags/example_trigger_target_dag.py for tasks to queue
[2025-06-20T13:19:21.833+0000] {logging_mixin.py:115} INFO - [2025-06-20T13:19:21.833+0000] {dagbag.py:508} INFO - Filling up the DagBag from /home/airflow/.local/lib/python3.7/site-packages/airflow/example_dags/example_trigger_target_dag.py
[2025-06-20T13:19:21.840+0000] {processor.py:650} INFO - DAG(s) dict_keys(['example_trigger_target_dag']) retrieved from /home/airflow/.local/lib/python3.7/site-packages/airflow/example_dags/example_trigger_target_dag.py
[2025-06-20T13:19:21.850+0000] {logging_mixin.py:115} INFO - [2025-06-20T13:19:21.850+0000] {dag.py:2429} INFO - Sync 1 DAGs
[2025-06-20T13:19:21.860+0000] {logging_mixin.py:115} INFO - [2025-06-20T13:19:21.860+0000] {dag.py:2981} INFO - Setting next_dagrun for example_trigger_target_dag to None, run_after=None
[2025-06-20T13:19:21.865+0000] {processor.py:161} INFO - Processing /home/airflow/.local/lib/python3.7/site-packages/airflow/example_dags/example_trigger_target_dag.py took 0.034 seconds
[2025-06-20T13:19:51.990+0000] {processor.py:153} INFO - Started process (PID=1936) to work on /home/airflow/.local/lib/python3.7/site-packages/airflow/example_dags/example_trigger_target_dag.py
[2025-06-20T13:19:51.990+0000] {processor.py:640} INFO - Processing file /home/airflow/.local/lib/python3.7/site-packages/airflow/example_dags/example_trigger_target_dag.py for tasks to queue
[2025-06-20T13:19:51.991+0000] {logging_mixin.py:115} INFO - [2025-06-20T13:19:51.991+0000] {dagbag.py:508} INFO - Filling up the DagBag from /home/airflow/.local/lib/python3.7/site-packages/airflow/example_dags/example_trigger_target_dag.py
[2025-06-20T13:19:52.000+0000] {processor.py:650} INFO - DAG(s) dict_keys(['example_trigger_target_dag']) retrieved from /home/airflow/.local/lib/python3.7/site-packages/airflow/example_dags/example_trigger_target_dag.py
[2025-06-20T13:19:52.012+0000] {logging_mixin.py:115} INFO - [2025-06-20T13:19:52.012+0000] {dag.py:2429} INFO - Sync 1 DAGs
[2025-06-20T13:19:52.022+0000] {logging_mixin.py:115} INFO - [2025-06-20T13:19:52.022+0000] {dag.py:2981} INFO - Setting next_dagrun for example_trigger_target_dag to None, run_after=None
[2025-06-20T13:19:52.028+0000] {processor.py:161} INFO - Processing /home/airflow/.local/lib/python3.7/site-packages/airflow/example_dags/example_trigger_target_dag.py took 0.040 seconds
[2025-06-20T13:20:22.081+0000] {processor.py:153} INFO - Started process (PID=1997) to work on /home/airflow/.local/lib/python3.7/site-packages/airflow/example_dags/example_trigger_target_dag.py
[2025-06-20T13:20:22.082+0000] {processor.py:640} INFO - Processing file /home/airflow/.local/lib/python3.7/site-packages/airflow/example_dags/example_trigger_target_dag.py for tasks to queue
[2025-06-20T13:20:22.082+0000] {logging_mixin.py:115} INFO - [2025-06-20T13:20:22.082+0000] {dagbag.py:508} INFO - Filling up the DagBag from /home/airflow/.local/lib/python3.7/site-packages/airflow/example_dags/example_trigger_target_dag.py
[2025-06-20T13:20:22.089+0000] {processor.py:650} INFO - DAG(s) dict_keys(['example_trigger_target_dag']) retrieved from /home/airflow/.local/lib/python3.7/site-packages/airflow/example_dags/example_trigger_target_dag.py
[2025-06-20T13:20:22.099+0000] {logging_mixin.py:115} INFO - [2025-06-20T13:20:22.099+0000] {dag.py:2429} INFO - Sync 1 DAGs
[2025-06-20T13:20:22.109+0000] {logging_mixin.py:115} INFO - [2025-06-20T13:20:22.108+0000] {dag.py:2981} INFO - Setting next_dagrun for example_trigger_target_dag to None, run_after=None
[2025-06-20T13:20:22.113+0000] {processor.py:161} INFO - Processing /home/airflow/.local/lib/python3.7/site-packages/airflow/example_dags/example_trigger_target_dag.py took 0.033 seconds
[2025-06-20T13:20:52.262+0000] {processor.py:153} INFO - Started process (PID=2058) to work on /home/airflow/.local/lib/python3.7/site-packages/airflow/example_dags/example_trigger_target_dag.py
[2025-06-20T13:20:52.263+0000] {processor.py:640} INFO - Processing file /home/airflow/.local/lib/python3.7/site-packages/airflow/example_dags/example_trigger_target_dag.py for tasks to queue
[2025-06-20T13:20:52.265+0000] {logging_mixin.py:115} INFO - [2025-06-20T13:20:52.265+0000] {dagbag.py:508} INFO - Filling up the DagBag from /home/airflow/.local/lib/python3.7/site-packages/airflow/example_dags/example_trigger_target_dag.py
[2025-06-20T13:20:52.272+0000] {processor.py:650} INFO - DAG(s) dict_keys(['example_trigger_target_dag']) retrieved from /home/airflow/.local/lib/python3.7/site-packages/airflow/example_dags/example_trigger_target_dag.py
[2025-06-20T13:20:52.283+0000] {logging_mixin.py:115} INFO - [2025-06-20T13:20:52.283+0000] {dag.py:2429} INFO - Sync 1 DAGs
[2025-06-20T13:20:52.293+0000] {logging_mixin.py:115} INFO - [2025-06-20T13:20:52.293+0000] {dag.py:2981} INFO - Setting next_dagrun for example_trigger_target_dag to None, run_after=None
[2025-06-20T13:20:52.298+0000] {processor.py:161} INFO - Processing /home/airflow/.local/lib/python3.7/site-packages/airflow/example_dags/example_trigger_target_dag.py took 0.037 seconds
[2025-06-20T13:21:22.387+0000] {processor.py:153} INFO - Started process (PID=2119) to work on /home/airflow/.local/lib/python3.7/site-packages/airflow/example_dags/example_trigger_target_dag.py
[2025-06-20T13:21:22.388+0000] {processor.py:640} INFO - Processing file /home/airflow/.local/lib/python3.7/site-packages/airflow/example_dags/example_trigger_target_dag.py for tasks to queue
[2025-06-20T13:21:22.388+0000] {logging_mixin.py:115} INFO - [2025-06-20T13:21:22.388+0000] {dagbag.py:508} INFO - Filling up the DagBag from /home/airflow/.local/lib/python3.7/site-packages/airflow/example_dags/example_trigger_target_dag.py
[2025-06-20T13:21:22.401+0000] {processor.py:650} INFO - DAG(s) dict_keys(['example_trigger_target_dag']) retrieved from /home/airflow/.local/lib/python3.7/site-packages/airflow/example_dags/example_trigger_target_dag.py
[2025-06-20T13:21:22.415+0000] {logging_mixin.py:115} INFO - [2025-06-20T13:21:22.414+0000] {dag.py:2429} INFO - Sync 1 DAGs
[2025-06-20T13:21:22.426+0000] {logging_mixin.py:115} INFO - [2025-06-20T13:21:22.426+0000] {dag.py:2981} INFO - Setting next_dagrun for example_trigger_target_dag to None, run_after=None
[2025-06-20T13:21:22.431+0000] {processor.py:161} INFO - Processing /home/airflow/.local/lib/python3.7/site-packages/airflow/example_dags/example_trigger_target_dag.py took 0.046 seconds
[2025-06-20T13:21:52.544+0000] {processor.py:153} INFO - Started process (PID=2180) to work on /home/airflow/.local/lib/python3.7/site-packages/airflow/example_dags/example_trigger_target_dag.py
[2025-06-20T13:21:52.545+0000] {processor.py:640} INFO - Processing file /home/airflow/.local/lib/python3.7/site-packages/airflow/example_dags/example_trigger_target_dag.py for tasks to queue
[2025-06-20T13:21:52.547+0000] {logging_mixin.py:115} INFO - [2025-06-20T13:21:52.547+0000] {dagbag.py:508} INFO - Filling up the DagBag from /home/airflow/.local/lib/python3.7/site-packages/airflow/example_dags/example_trigger_target_dag.py
[2025-06-20T13:21:52.555+0000] {processor.py:650} INFO - DAG(s) dict_keys(['example_trigger_target_dag']) retrieved from /home/airflow/.local/lib/python3.7/site-packages/airflow/example_dags/example_trigger_target_dag.py
[2025-06-20T13:21:52.565+0000] {logging_mixin.py:115} INFO - [2025-06-20T13:21:52.565+0000] {dag.py:2429} INFO - Sync 1 DAGs
[2025-06-20T13:21:52.574+0000] {logging_mixin.py:115} INFO - [2025-06-20T13:21:52.574+0000] {dag.py:2981} INFO - Setting next_dagrun for example_trigger_target_dag to None, run_after=None
[2025-06-20T13:21:52.579+0000] {processor.py:161} INFO - Processing /home/airflow/.local/lib/python3.7/site-packages/airflow/example_dags/example_trigger_target_dag.py took 0.036 seconds
[2025-06-20T13:22:22.645+0000] {processor.py:153} INFO - Started process (PID=2232) to work on /home/airflow/.local/lib/python3.7/site-packages/airflow/example_dags/example_trigger_target_dag.py
[2025-06-20T13:22:22.646+0000] {processor.py:640} INFO - Processing file /home/airflow/.local/lib/python3.7/site-packages/airflow/example_dags/example_trigger_target_dag.py for tasks to queue
[2025-06-20T13:22:22.646+0000] {logging_mixin.py:115} INFO - [2025-06-20T13:22:22.646+0000] {dagbag.py:508} INFO - Filling up the DagBag from /home/airflow/.local/lib/python3.7/site-packages/airflow/example_dags/example_trigger_target_dag.py
[2025-06-20T13:22:22.653+0000] {processor.py:650} INFO - DAG(s) dict_keys(['example_trigger_target_dag']) retrieved from /home/airflow/.local/lib/python3.7/site-packages/airflow/example_dags/example_trigger_target_dag.py
[2025-06-20T13:22:22.666+0000] {logging_mixin.py:115} INFO - [2025-06-20T13:22:22.666+0000] {dag.py:2429} INFO - Sync 1 DAGs
[2025-06-20T13:22:22.676+0000] {logging_mixin.py:115} INFO - [2025-06-20T13:22:22.676+0000] {dag.py:2981} INFO - Setting next_dagrun for example_trigger_target_dag to None, run_after=None
[2025-06-20T13:22:22.680+0000] {processor.py:161} INFO - Processing /home/airflow/.local/lib/python3.7/site-packages/airflow/example_dags/example_trigger_target_dag.py took 0.037 seconds
[2025-06-20T13:22:52.729+0000] {processor.py:153} INFO - Started process (PID=2293) to work on /home/airflow/.local/lib/python3.7/site-packages/airflow/example_dags/example_trigger_target_dag.py
[2025-06-20T13:22:52.729+0000] {processor.py:640} INFO - Processing file /home/airflow/.local/lib/python3.7/site-packages/airflow/example_dags/example_trigger_target_dag.py for tasks to queue
[2025-06-20T13:22:52.730+0000] {logging_mixin.py:115} INFO - [2025-06-20T13:22:52.730+0000] {dagbag.py:508} INFO - Filling up the DagBag from /home/airflow/.local/lib/python3.7/site-packages/airflow/example_dags/example_trigger_target_dag.py
[2025-06-20T13:22:52.736+0000] {processor.py:650} INFO - DAG(s) dict_keys(['example_trigger_target_dag']) retrieved from /home/airflow/.local/lib/python3.7/site-packages/airflow/example_dags/example_trigger_target_dag.py
[2025-06-20T13:22:52.747+0000] {logging_mixin.py:115} INFO - [2025-06-20T13:22:52.747+0000] {dag.py:2429} INFO - Sync 1 DAGs
[2025-06-20T13:22:52.758+0000] {logging_mixin.py:115} INFO - [2025-06-20T13:22:52.758+0000] {dag.py:2981} INFO - Setting next_dagrun for example_trigger_target_dag to None, run_after=None
[2025-06-20T13:22:52.762+0000] {processor.py:161} INFO - Processing /home/airflow/.local/lib/python3.7/site-packages/airflow/example_dags/example_trigger_target_dag.py took 0.035 seconds
[2025-06-20T13:23:22.918+0000] {processor.py:153} INFO - Started process (PID=2354) to work on /home/airflow/.local/lib/python3.7/site-packages/airflow/example_dags/example_trigger_target_dag.py
[2025-06-20T13:23:22.919+0000] {processor.py:640} INFO - Processing file /home/airflow/.local/lib/python3.7/site-packages/airflow/example_dags/example_trigger_target_dag.py for tasks to queue
[2025-06-20T13:23:22.919+0000] {logging_mixin.py:115} INFO - [2025-06-20T13:23:22.919+0000] {dagbag.py:508} INFO - Filling up the DagBag from /home/airflow/.local/lib/python3.7/site-packages/airflow/example_dags/example_trigger_target_dag.py
[2025-06-20T13:23:22.929+0000] {processor.py:650} INFO - DAG(s) dict_keys(['example_trigger_target_dag']) retrieved from /home/airflow/.local/lib/python3.7/site-packages/airflow/example_dags/example_trigger_target_dag.py
[2025-06-20T13:23:22.942+0000] {logging_mixin.py:115} INFO - [2025-06-20T13:23:22.942+0000] {dag.py:2429} INFO - Sync 1 DAGs
[2025-06-20T13:23:22.952+0000] {logging_mixin.py:115} INFO - [2025-06-20T13:23:22.952+0000] {dag.py:2981} INFO - Setting next_dagrun for example_trigger_target_dag to None, run_after=None
[2025-06-20T13:23:22.957+0000] {processor.py:161} INFO - Processing /home/airflow/.local/lib/python3.7/site-packages/airflow/example_dags/example_trigger_target_dag.py took 0.041 seconds
[2025-06-20T13:23:53.123+0000] {processor.py:153} INFO - Started process (PID=2415) to work on /home/airflow/.local/lib/python3.7/site-packages/airflow/example_dags/example_trigger_target_dag.py
[2025-06-20T13:23:53.124+0000] {processor.py:640} INFO - Processing file /home/airflow/.local/lib/python3.7/site-packages/airflow/example_dags/example_trigger_target_dag.py for tasks to queue
[2025-06-20T13:23:53.124+0000] {logging_mixin.py:115} INFO - [2025-06-20T13:23:53.124+0000] {dagbag.py:508} INFO - Filling up the DagBag from /home/airflow/.local/lib/python3.7/site-packages/airflow/example_dags/example_trigger_target_dag.py
[2025-06-20T13:23:53.131+0000] {processor.py:650} INFO - DAG(s) dict_keys(['example_trigger_target_dag']) retrieved from /home/airflow/.local/lib/python3.7/site-packages/airflow/example_dags/example_trigger_target_dag.py
[2025-06-20T13:23:53.143+0000] {logging_mixin.py:115} INFO - [2025-06-20T13:23:53.143+0000] {dag.py:2429} INFO - Sync 1 DAGs
[2025-06-20T13:23:53.154+0000] {logging_mixin.py:115} INFO - [2025-06-20T13:23:53.154+0000] {dag.py:2981} INFO - Setting next_dagrun for example_trigger_target_dag to None, run_after=None
[2025-06-20T13:23:53.159+0000] {processor.py:161} INFO - Processing /home/airflow/.local/lib/python3.7/site-packages/airflow/example_dags/example_trigger_target_dag.py took 0.038 seconds
[2025-06-20T13:24:23.264+0000] {processor.py:153} INFO - Started process (PID=2476) to work on /home/airflow/.local/lib/python3.7/site-packages/airflow/example_dags/example_trigger_target_dag.py
[2025-06-20T13:24:23.264+0000] {processor.py:640} INFO - Processing file /home/airflow/.local/lib/python3.7/site-packages/airflow/example_dags/example_trigger_target_dag.py for tasks to queue
[2025-06-20T13:24:23.264+0000] {logging_mixin.py:115} INFO - [2025-06-20T13:24:23.264+0000] {dagbag.py:508} INFO - Filling up the DagBag from /home/airflow/.local/lib/python3.7/site-packages/airflow/example_dags/example_trigger_target_dag.py
[2025-06-20T13:24:23.274+0000] {processor.py:650} INFO - DAG(s) dict_keys(['example_trigger_target_dag']) retrieved from /home/airflow/.local/lib/python3.7/site-packages/airflow/example_dags/example_trigger_target_dag.py
[2025-06-20T13:24:23.288+0000] {logging_mixin.py:115} INFO - [2025-06-20T13:24:23.288+0000] {dag.py:2429} INFO - Sync 1 DAGs
[2025-06-20T13:24:23.299+0000] {logging_mixin.py:115} INFO - [2025-06-20T13:24:23.299+0000] {dag.py:2981} INFO - Setting next_dagrun for example_trigger_target_dag to None, run_after=None
[2025-06-20T13:24:23.303+0000] {processor.py:161} INFO - Processing /home/airflow/.local/lib/python3.7/site-packages/airflow/example_dags/example_trigger_target_dag.py took 0.041 seconds
