[2025-06-20T12:58:51.774+0000] {processor.py:153} INFO - Started process (PID=37) to work on /home/airflow/.local/lib/python3.7/site-packages/airflow/example_dags/example_sla_dag.py
[2025-06-20T12:58:51.777+0000] {processor.py:640} INFO - Processing file /home/airflow/.local/lib/python3.7/site-packages/airflow/example_dags/example_sla_dag.py for tasks to queue
[2025-06-20T12:58:51.777+0000] {logging_mixin.py:115} INFO - [2025-06-20T12:58:51.777+0000] {dagbag.py:508} INFO - Filling up the DagBag from /home/airflow/.local/lib/python3.7/site-packages/airflow/example_dags/example_sla_dag.py
[2025-06-20T12:58:51.801+0000] {processor.py:650} INFO - DAG(s) dict_keys(['example_sla_dag']) retrieved from /home/airflow/.local/lib/python3.7/site-packages/airflow/example_dags/example_sla_dag.py
[2025-06-20T12:58:51.848+0000] {logging_mixin.py:115} INFO - [2025-06-20T12:58:51.848+0000] {manager.py:508} INFO - Created Permission View: can read on DAG:example_sla_dag
[2025-06-20T12:58:51.853+0000] {logging_mixin.py:115} INFO - [2025-06-20T12:58:51.853+0000] {manager.py:508} INFO - Created Permission View: can delete on DAG:example_sla_dag
[2025-06-20T12:58:51.856+0000] {logging_mixin.py:115} INFO - [2025-06-20T12:58:51.856+0000] {manager.py:508} INFO - Created Permission View: can edit on DAG:example_sla_dag
[2025-06-20T12:58:51.857+0000] {logging_mixin.py:115} INFO - [2025-06-20T12:58:51.857+0000] {dag.py:2429} INFO - Sync 1 DAGs
[2025-06-20T12:58:51.861+0000] {logging_mixin.py:115} INFO - [2025-06-20T12:58:51.861+0000] {dag.py:2448} INFO - Creating ORM DAG for example_sla_dag
[2025-06-20T12:58:51.868+0000] {logging_mixin.py:115} INFO - [2025-06-20T12:58:51.868+0000] {dag.py:2981} INFO - Setting next_dagrun for example_sla_dag to 2025-06-20T12:56:00+00:00, run_after=2025-06-20T12:58:00+00:00
[2025-06-20T12:58:51.874+0000] {processor.py:161} INFO - Processing /home/airflow/.local/lib/python3.7/site-packages/airflow/example_dags/example_sla_dag.py took 0.102 seconds
[2025-06-20T12:59:22.275+0000] {processor.py:153} INFO - Started process (PID=97) to work on /home/airflow/.local/lib/python3.7/site-packages/airflow/example_dags/example_sla_dag.py
[2025-06-20T12:59:22.278+0000] {processor.py:640} INFO - Processing file /home/airflow/.local/lib/python3.7/site-packages/airflow/example_dags/example_sla_dag.py for tasks to queue
[2025-06-20T12:59:22.278+0000] {logging_mixin.py:115} INFO - [2025-06-20T12:59:22.278+0000] {dagbag.py:508} INFO - Filling up the DagBag from /home/airflow/.local/lib/python3.7/site-packages/airflow/example_dags/example_sla_dag.py
[2025-06-20T12:59:22.294+0000] {processor.py:650} INFO - DAG(s) dict_keys(['example_sla_dag']) retrieved from /home/airflow/.local/lib/python3.7/site-packages/airflow/example_dags/example_sla_dag.py
[2025-06-20T12:59:22.309+0000] {logging_mixin.py:115} INFO - [2025-06-20T12:59:22.308+0000] {dag.py:2429} INFO - Sync 1 DAGs
[2025-06-20T12:59:22.321+0000] {logging_mixin.py:115} INFO - [2025-06-20T12:59:22.321+0000] {dag.py:2981} INFO - Setting next_dagrun for example_sla_dag to 2025-06-20T12:56:00+00:00, run_after=2025-06-20T12:58:00+00:00
[2025-06-20T12:59:22.331+0000] {processor.py:161} INFO - Processing /home/airflow/.local/lib/python3.7/site-packages/airflow/example_dags/example_sla_dag.py took 0.061 seconds
[2025-06-20T12:59:52.439+0000] {processor.py:153} INFO - Started process (PID=158) to work on /home/airflow/.local/lib/python3.7/site-packages/airflow/example_dags/example_sla_dag.py
[2025-06-20T12:59:52.440+0000] {processor.py:640} INFO - Processing file /home/airflow/.local/lib/python3.7/site-packages/airflow/example_dags/example_sla_dag.py for tasks to queue
[2025-06-20T12:59:52.440+0000] {logging_mixin.py:115} INFO - [2025-06-20T12:59:52.440+0000] {dagbag.py:508} INFO - Filling up the DagBag from /home/airflow/.local/lib/python3.7/site-packages/airflow/example_dags/example_sla_dag.py
[2025-06-20T12:59:52.452+0000] {processor.py:650} INFO - DAG(s) dict_keys(['example_sla_dag']) retrieved from /home/airflow/.local/lib/python3.7/site-packages/airflow/example_dags/example_sla_dag.py
[2025-06-20T12:59:52.468+0000] {logging_mixin.py:115} INFO - [2025-06-20T12:59:52.468+0000] {dag.py:2429} INFO - Sync 1 DAGs
[2025-06-20T12:59:52.479+0000] {logging_mixin.py:115} INFO - [2025-06-20T12:59:52.479+0000] {dag.py:2981} INFO - Setting next_dagrun for example_sla_dag to 2025-06-20T12:56:00+00:00, run_after=2025-06-20T12:58:00+00:00
[2025-06-20T12:59:52.484+0000] {processor.py:161} INFO - Processing /home/airflow/.local/lib/python3.7/site-packages/airflow/example_dags/example_sla_dag.py took 0.048 seconds
[2025-06-20T13:03:46.505+0000] {processor.py:153} INFO - Started process (PID=36) to work on /home/airflow/.local/lib/python3.7/site-packages/airflow/example_dags/example_sla_dag.py
[2025-06-20T13:03:46.506+0000] {processor.py:640} INFO - Processing file /home/airflow/.local/lib/python3.7/site-packages/airflow/example_dags/example_sla_dag.py for tasks to queue
[2025-06-20T13:03:46.507+0000] {logging_mixin.py:115} INFO - [2025-06-20T13:03:46.507+0000] {dagbag.py:508} INFO - Filling up the DagBag from /home/airflow/.local/lib/python3.7/site-packages/airflow/example_dags/example_sla_dag.py
[2025-06-20T13:03:46.531+0000] {processor.py:650} INFO - DAG(s) dict_keys(['example_sla_dag']) retrieved from /home/airflow/.local/lib/python3.7/site-packages/airflow/example_dags/example_sla_dag.py
[2025-06-20T13:03:46.584+0000] {logging_mixin.py:115} INFO - [2025-06-20T13:03:46.584+0000] {manager.py:508} INFO - Created Permission View: can delete on DAG:example_sla_dag
[2025-06-20T13:03:46.589+0000] {logging_mixin.py:115} INFO - [2025-06-20T13:03:46.589+0000] {manager.py:508} INFO - Created Permission View: can edit on DAG:example_sla_dag
[2025-06-20T13:03:46.595+0000] {logging_mixin.py:115} INFO - [2025-06-20T13:03:46.595+0000] {manager.py:508} INFO - Created Permission View: can read on DAG:example_sla_dag
[2025-06-20T13:03:46.595+0000] {logging_mixin.py:115} INFO - [2025-06-20T13:03:46.595+0000] {dag.py:2429} INFO - Sync 1 DAGs
[2025-06-20T13:03:46.601+0000] {logging_mixin.py:115} INFO - [2025-06-20T13:03:46.601+0000] {dag.py:2448} INFO - Creating ORM DAG for example_sla_dag
[2025-06-20T13:03:46.609+0000] {logging_mixin.py:115} INFO - [2025-06-20T13:03:46.609+0000] {dag.py:2981} INFO - Setting next_dagrun for example_sla_dag to 2025-06-20T13:00:00+00:00, run_after=2025-06-20T13:02:00+00:00
[2025-06-20T13:03:46.622+0000] {processor.py:161} INFO - Processing /home/airflow/.local/lib/python3.7/site-packages/airflow/example_dags/example_sla_dag.py took 0.120 seconds
[2025-06-20T13:04:17.123+0000] {processor.py:153} INFO - Started process (PID=97) to work on /home/airflow/.local/lib/python3.7/site-packages/airflow/example_dags/example_sla_dag.py
[2025-06-20T13:04:17.125+0000] {processor.py:640} INFO - Processing file /home/airflow/.local/lib/python3.7/site-packages/airflow/example_dags/example_sla_dag.py for tasks to queue
[2025-06-20T13:04:17.125+0000] {logging_mixin.py:115} INFO - [2025-06-20T13:04:17.125+0000] {dagbag.py:508} INFO - Filling up the DagBag from /home/airflow/.local/lib/python3.7/site-packages/airflow/example_dags/example_sla_dag.py
[2025-06-20T13:04:17.145+0000] {processor.py:650} INFO - DAG(s) dict_keys(['example_sla_dag']) retrieved from /home/airflow/.local/lib/python3.7/site-packages/airflow/example_dags/example_sla_dag.py
[2025-06-20T13:04:17.159+0000] {logging_mixin.py:115} INFO - [2025-06-20T13:04:17.159+0000] {dag.py:2429} INFO - Sync 1 DAGs
[2025-06-20T13:04:17.173+0000] {logging_mixin.py:115} INFO - [2025-06-20T13:04:17.173+0000] {dag.py:2981} INFO - Setting next_dagrun for example_sla_dag to 2025-06-20T13:02:00+00:00, run_after=2025-06-20T13:04:00+00:00
[2025-06-20T13:04:17.181+0000] {processor.py:161} INFO - Processing /home/airflow/.local/lib/python3.7/site-packages/airflow/example_dags/example_sla_dag.py took 0.063 seconds
[2025-06-20T13:04:47.290+0000] {processor.py:153} INFO - Started process (PID=158) to work on /home/airflow/.local/lib/python3.7/site-packages/airflow/example_dags/example_sla_dag.py
[2025-06-20T13:04:47.292+0000] {processor.py:640} INFO - Processing file /home/airflow/.local/lib/python3.7/site-packages/airflow/example_dags/example_sla_dag.py for tasks to queue
[2025-06-20T13:04:47.294+0000] {logging_mixin.py:115} INFO - [2025-06-20T13:04:47.294+0000] {dagbag.py:508} INFO - Filling up the DagBag from /home/airflow/.local/lib/python3.7/site-packages/airflow/example_dags/example_sla_dag.py
[2025-06-20T13:04:47.307+0000] {processor.py:650} INFO - DAG(s) dict_keys(['example_sla_dag']) retrieved from /home/airflow/.local/lib/python3.7/site-packages/airflow/example_dags/example_sla_dag.py
[2025-06-20T13:04:47.323+0000] {logging_mixin.py:115} INFO - [2025-06-20T13:04:47.323+0000] {dag.py:2429} INFO - Sync 1 DAGs
[2025-06-20T13:04:47.333+0000] {logging_mixin.py:115} INFO - [2025-06-20T13:04:47.333+0000] {dag.py:2981} INFO - Setting next_dagrun for example_sla_dag to 2025-06-20T13:02:00+00:00, run_after=2025-06-20T13:04:00+00:00
[2025-06-20T13:04:47.339+0000] {processor.py:161} INFO - Processing /home/airflow/.local/lib/python3.7/site-packages/airflow/example_dags/example_sla_dag.py took 0.051 seconds
[2025-06-20T13:05:17.503+0000] {processor.py:153} INFO - Started process (PID=218) to work on /home/airflow/.local/lib/python3.7/site-packages/airflow/example_dags/example_sla_dag.py
[2025-06-20T13:05:17.505+0000] {processor.py:640} INFO - Processing file /home/airflow/.local/lib/python3.7/site-packages/airflow/example_dags/example_sla_dag.py for tasks to queue
[2025-06-20T13:05:17.506+0000] {logging_mixin.py:115} INFO - [2025-06-20T13:05:17.506+0000] {dagbag.py:508} INFO - Filling up the DagBag from /home/airflow/.local/lib/python3.7/site-packages/airflow/example_dags/example_sla_dag.py
[2025-06-20T13:05:17.516+0000] {processor.py:650} INFO - DAG(s) dict_keys(['example_sla_dag']) retrieved from /home/airflow/.local/lib/python3.7/site-packages/airflow/example_dags/example_sla_dag.py
[2025-06-20T13:05:17.538+0000] {logging_mixin.py:115} INFO - [2025-06-20T13:05:17.538+0000] {dag.py:2429} INFO - Sync 1 DAGs
[2025-06-20T13:05:17.557+0000] {logging_mixin.py:115} INFO - [2025-06-20T13:05:17.557+0000] {dag.py:2981} INFO - Setting next_dagrun for example_sla_dag to 2025-06-20T13:02:00+00:00, run_after=2025-06-20T13:04:00+00:00
[2025-06-20T13:05:17.568+0000] {processor.py:161} INFO - Processing /home/airflow/.local/lib/python3.7/site-packages/airflow/example_dags/example_sla_dag.py took 0.070 seconds
[2025-06-20T13:05:47.705+0000] {processor.py:153} INFO - Started process (PID=270) to work on /home/airflow/.local/lib/python3.7/site-packages/airflow/example_dags/example_sla_dag.py
[2025-06-20T13:05:47.707+0000] {processor.py:640} INFO - Processing file /home/airflow/.local/lib/python3.7/site-packages/airflow/example_dags/example_sla_dag.py for tasks to queue
[2025-06-20T13:05:47.708+0000] {logging_mixin.py:115} INFO - [2025-06-20T13:05:47.708+0000] {dagbag.py:508} INFO - Filling up the DagBag from /home/airflow/.local/lib/python3.7/site-packages/airflow/example_dags/example_sla_dag.py
[2025-06-20T13:05:47.728+0000] {processor.py:650} INFO - DAG(s) dict_keys(['example_sla_dag']) retrieved from /home/airflow/.local/lib/python3.7/site-packages/airflow/example_dags/example_sla_dag.py
[2025-06-20T13:05:47.744+0000] {logging_mixin.py:115} INFO - [2025-06-20T13:05:47.744+0000] {dag.py:2429} INFO - Sync 1 DAGs
[2025-06-20T13:05:47.759+0000] {logging_mixin.py:115} INFO - [2025-06-20T13:05:47.759+0000] {dag.py:2981} INFO - Setting next_dagrun for example_sla_dag to 2025-06-20T13:02:00+00:00, run_after=2025-06-20T13:04:00+00:00
[2025-06-20T13:05:47.768+0000] {processor.py:161} INFO - Processing /home/airflow/.local/lib/python3.7/site-packages/airflow/example_dags/example_sla_dag.py took 0.066 seconds
[2025-06-20T13:06:18.011+0000] {processor.py:153} INFO - Started process (PID=331) to work on /home/airflow/.local/lib/python3.7/site-packages/airflow/example_dags/example_sla_dag.py
[2025-06-20T13:06:18.014+0000] {processor.py:640} INFO - Processing file /home/airflow/.local/lib/python3.7/site-packages/airflow/example_dags/example_sla_dag.py for tasks to queue
[2025-06-20T13:06:18.015+0000] {logging_mixin.py:115} INFO - [2025-06-20T13:06:18.015+0000] {dagbag.py:508} INFO - Filling up the DagBag from /home/airflow/.local/lib/python3.7/site-packages/airflow/example_dags/example_sla_dag.py
[2025-06-20T13:06:18.031+0000] {processor.py:650} INFO - DAG(s) dict_keys(['example_sla_dag']) retrieved from /home/airflow/.local/lib/python3.7/site-packages/airflow/example_dags/example_sla_dag.py
[2025-06-20T13:06:18.051+0000] {logging_mixin.py:115} INFO - [2025-06-20T13:06:18.051+0000] {dag.py:2429} INFO - Sync 1 DAGs
[2025-06-20T13:06:18.062+0000] {logging_mixin.py:115} INFO - [2025-06-20T13:06:18.062+0000] {dag.py:2981} INFO - Setting next_dagrun for example_sla_dag to 2025-06-20T13:04:00+00:00, run_after=2025-06-20T13:06:00+00:00
[2025-06-20T13:06:18.069+0000] {processor.py:161} INFO - Processing /home/airflow/.local/lib/python3.7/site-packages/airflow/example_dags/example_sla_dag.py took 0.063 seconds
[2025-06-20T13:06:48.259+0000] {processor.py:153} INFO - Started process (PID=391) to work on /home/airflow/.local/lib/python3.7/site-packages/airflow/example_dags/example_sla_dag.py
[2025-06-20T13:06:48.261+0000] {processor.py:640} INFO - Processing file /home/airflow/.local/lib/python3.7/site-packages/airflow/example_dags/example_sla_dag.py for tasks to queue
[2025-06-20T13:06:48.262+0000] {logging_mixin.py:115} INFO - [2025-06-20T13:06:48.262+0000] {dagbag.py:508} INFO - Filling up the DagBag from /home/airflow/.local/lib/python3.7/site-packages/airflow/example_dags/example_sla_dag.py
[2025-06-20T13:06:48.278+0000] {processor.py:650} INFO - DAG(s) dict_keys(['example_sla_dag']) retrieved from /home/airflow/.local/lib/python3.7/site-packages/airflow/example_dags/example_sla_dag.py
[2025-06-20T13:06:48.299+0000] {logging_mixin.py:115} INFO - [2025-06-20T13:06:48.299+0000] {dag.py:2429} INFO - Sync 1 DAGs
[2025-06-20T13:06:48.315+0000] {logging_mixin.py:115} INFO - [2025-06-20T13:06:48.315+0000] {dag.py:2981} INFO - Setting next_dagrun for example_sla_dag to 2025-06-20T13:04:00+00:00, run_after=2025-06-20T13:06:00+00:00
[2025-06-20T13:06:48.323+0000] {processor.py:161} INFO - Processing /home/airflow/.local/lib/python3.7/site-packages/airflow/example_dags/example_sla_dag.py took 0.067 seconds
[2025-06-20T13:07:18.364+0000] {processor.py:153} INFO - Started process (PID=452) to work on /home/airflow/.local/lib/python3.7/site-packages/airflow/example_dags/example_sla_dag.py
[2025-06-20T13:07:18.366+0000] {processor.py:640} INFO - Processing file /home/airflow/.local/lib/python3.7/site-packages/airflow/example_dags/example_sla_dag.py for tasks to queue
[2025-06-20T13:07:18.366+0000] {logging_mixin.py:115} INFO - [2025-06-20T13:07:18.366+0000] {dagbag.py:508} INFO - Filling up the DagBag from /home/airflow/.local/lib/python3.7/site-packages/airflow/example_dags/example_sla_dag.py
[2025-06-20T13:07:18.378+0000] {processor.py:650} INFO - DAG(s) dict_keys(['example_sla_dag']) retrieved from /home/airflow/.local/lib/python3.7/site-packages/airflow/example_dags/example_sla_dag.py
[2025-06-20T13:07:18.394+0000] {logging_mixin.py:115} INFO - [2025-06-20T13:07:18.394+0000] {dag.py:2429} INFO - Sync 1 DAGs
[2025-06-20T13:07:18.406+0000] {logging_mixin.py:115} INFO - [2025-06-20T13:07:18.406+0000] {dag.py:2981} INFO - Setting next_dagrun for example_sla_dag to 2025-06-20T13:04:00+00:00, run_after=2025-06-20T13:06:00+00:00
[2025-06-20T13:07:18.414+0000] {processor.py:161} INFO - Processing /home/airflow/.local/lib/python3.7/site-packages/airflow/example_dags/example_sla_dag.py took 0.052 seconds
[2025-06-20T13:07:48.483+0000] {processor.py:153} INFO - Started process (PID=513) to work on /home/airflow/.local/lib/python3.7/site-packages/airflow/example_dags/example_sla_dag.py
[2025-06-20T13:07:48.485+0000] {processor.py:640} INFO - Processing file /home/airflow/.local/lib/python3.7/site-packages/airflow/example_dags/example_sla_dag.py for tasks to queue
[2025-06-20T13:07:48.485+0000] {logging_mixin.py:115} INFO - [2025-06-20T13:07:48.485+0000] {dagbag.py:508} INFO - Filling up the DagBag from /home/airflow/.local/lib/python3.7/site-packages/airflow/example_dags/example_sla_dag.py
[2025-06-20T13:07:48.499+0000] {processor.py:650} INFO - DAG(s) dict_keys(['example_sla_dag']) retrieved from /home/airflow/.local/lib/python3.7/site-packages/airflow/example_dags/example_sla_dag.py
[2025-06-20T13:07:48.515+0000] {logging_mixin.py:115} INFO - [2025-06-20T13:07:48.515+0000] {dag.py:2429} INFO - Sync 1 DAGs
[2025-06-20T13:07:48.527+0000] {logging_mixin.py:115} INFO - [2025-06-20T13:07:48.527+0000] {dag.py:2981} INFO - Setting next_dagrun for example_sla_dag to 2025-06-20T13:04:00+00:00, run_after=2025-06-20T13:06:00+00:00
[2025-06-20T13:07:48.532+0000] {processor.py:161} INFO - Processing /home/airflow/.local/lib/python3.7/site-packages/airflow/example_dags/example_sla_dag.py took 0.052 seconds
[2025-06-20T13:08:18.581+0000] {processor.py:153} INFO - Started process (PID=565) to work on /home/airflow/.local/lib/python3.7/site-packages/airflow/example_dags/example_sla_dag.py
[2025-06-20T13:08:18.582+0000] {processor.py:640} INFO - Processing file /home/airflow/.local/lib/python3.7/site-packages/airflow/example_dags/example_sla_dag.py for tasks to queue
[2025-06-20T13:08:18.583+0000] {logging_mixin.py:115} INFO - [2025-06-20T13:08:18.583+0000] {dagbag.py:508} INFO - Filling up the DagBag from /home/airflow/.local/lib/python3.7/site-packages/airflow/example_dags/example_sla_dag.py
[2025-06-20T13:08:18.597+0000] {processor.py:650} INFO - DAG(s) dict_keys(['example_sla_dag']) retrieved from /home/airflow/.local/lib/python3.7/site-packages/airflow/example_dags/example_sla_dag.py
[2025-06-20T13:08:18.615+0000] {logging_mixin.py:115} INFO - [2025-06-20T13:08:18.615+0000] {dag.py:2429} INFO - Sync 1 DAGs
[2025-06-20T13:08:18.630+0000] {logging_mixin.py:115} INFO - [2025-06-20T13:08:18.630+0000] {dag.py:2981} INFO - Setting next_dagrun for example_sla_dag to 2025-06-20T13:06:00+00:00, run_after=2025-06-20T13:08:00+00:00
[2025-06-20T13:08:18.637+0000] {processor.py:161} INFO - Processing /home/airflow/.local/lib/python3.7/site-packages/airflow/example_dags/example_sla_dag.py took 0.060 seconds
[2025-06-20T13:08:48.718+0000] {processor.py:153} INFO - Started process (PID=626) to work on /home/airflow/.local/lib/python3.7/site-packages/airflow/example_dags/example_sla_dag.py
[2025-06-20T13:08:48.719+0000] {processor.py:640} INFO - Processing file /home/airflow/.local/lib/python3.7/site-packages/airflow/example_dags/example_sla_dag.py for tasks to queue
[2025-06-20T13:08:48.719+0000] {logging_mixin.py:115} INFO - [2025-06-20T13:08:48.719+0000] {dagbag.py:508} INFO - Filling up the DagBag from /home/airflow/.local/lib/python3.7/site-packages/airflow/example_dags/example_sla_dag.py
[2025-06-20T13:08:48.731+0000] {processor.py:650} INFO - DAG(s) dict_keys(['example_sla_dag']) retrieved from /home/airflow/.local/lib/python3.7/site-packages/airflow/example_dags/example_sla_dag.py
[2025-06-20T13:08:48.743+0000] {logging_mixin.py:115} INFO - [2025-06-20T13:08:48.743+0000] {dag.py:2429} INFO - Sync 1 DAGs
[2025-06-20T13:08:48.755+0000] {logging_mixin.py:115} INFO - [2025-06-20T13:08:48.755+0000] {dag.py:2981} INFO - Setting next_dagrun for example_sla_dag to 2025-06-20T13:06:00+00:00, run_after=2025-06-20T13:08:00+00:00
[2025-06-20T13:08:48.760+0000] {processor.py:161} INFO - Processing /home/airflow/.local/lib/python3.7/site-packages/airflow/example_dags/example_sla_dag.py took 0.045 seconds
[2025-06-20T13:09:18.832+0000] {processor.py:153} INFO - Started process (PID=687) to work on /home/airflow/.local/lib/python3.7/site-packages/airflow/example_dags/example_sla_dag.py
[2025-06-20T13:09:18.834+0000] {processor.py:640} INFO - Processing file /home/airflow/.local/lib/python3.7/site-packages/airflow/example_dags/example_sla_dag.py for tasks to queue
[2025-06-20T13:09:18.835+0000] {logging_mixin.py:115} INFO - [2025-06-20T13:09:18.835+0000] {dagbag.py:508} INFO - Filling up the DagBag from /home/airflow/.local/lib/python3.7/site-packages/airflow/example_dags/example_sla_dag.py
[2025-06-20T13:09:18.852+0000] {processor.py:650} INFO - DAG(s) dict_keys(['example_sla_dag']) retrieved from /home/airflow/.local/lib/python3.7/site-packages/airflow/example_dags/example_sla_dag.py
[2025-06-20T13:09:18.867+0000] {logging_mixin.py:115} INFO - [2025-06-20T13:09:18.867+0000] {dag.py:2429} INFO - Sync 1 DAGs
[2025-06-20T13:09:18.882+0000] {logging_mixin.py:115} INFO - [2025-06-20T13:09:18.882+0000] {dag.py:2981} INFO - Setting next_dagrun for example_sla_dag to 2025-06-20T13:06:00+00:00, run_after=2025-06-20T13:08:00+00:00
[2025-06-20T13:09:18.891+0000] {processor.py:161} INFO - Processing /home/airflow/.local/lib/python3.7/site-packages/airflow/example_dags/example_sla_dag.py took 0.064 seconds
[2025-06-20T13:09:48.924+0000] {processor.py:153} INFO - Started process (PID=748) to work on /home/airflow/.local/lib/python3.7/site-packages/airflow/example_dags/example_sla_dag.py
[2025-06-20T13:09:48.926+0000] {processor.py:640} INFO - Processing file /home/airflow/.local/lib/python3.7/site-packages/airflow/example_dags/example_sla_dag.py for tasks to queue
[2025-06-20T13:09:48.927+0000] {logging_mixin.py:115} INFO - [2025-06-20T13:09:48.927+0000] {dagbag.py:508} INFO - Filling up the DagBag from /home/airflow/.local/lib/python3.7/site-packages/airflow/example_dags/example_sla_dag.py
[2025-06-20T13:09:48.940+0000] {processor.py:650} INFO - DAG(s) dict_keys(['example_sla_dag']) retrieved from /home/airflow/.local/lib/python3.7/site-packages/airflow/example_dags/example_sla_dag.py
[2025-06-20T13:09:48.953+0000] {logging_mixin.py:115} INFO - [2025-06-20T13:09:48.953+0000] {dag.py:2429} INFO - Sync 1 DAGs
[2025-06-20T13:09:48.968+0000] {logging_mixin.py:115} INFO - [2025-06-20T13:09:48.968+0000] {dag.py:2981} INFO - Setting next_dagrun for example_sla_dag to 2025-06-20T13:06:00+00:00, run_after=2025-06-20T13:08:00+00:00
[2025-06-20T13:09:48.974+0000] {processor.py:161} INFO - Processing /home/airflow/.local/lib/python3.7/site-packages/airflow/example_dags/example_sla_dag.py took 0.054 seconds
[2025-06-20T13:10:19.014+0000] {processor.py:153} INFO - Started process (PID=809) to work on /home/airflow/.local/lib/python3.7/site-packages/airflow/example_dags/example_sla_dag.py
[2025-06-20T13:10:19.016+0000] {processor.py:640} INFO - Processing file /home/airflow/.local/lib/python3.7/site-packages/airflow/example_dags/example_sla_dag.py for tasks to queue
[2025-06-20T13:10:19.017+0000] {logging_mixin.py:115} INFO - [2025-06-20T13:10:19.017+0000] {dagbag.py:508} INFO - Filling up the DagBag from /home/airflow/.local/lib/python3.7/site-packages/airflow/example_dags/example_sla_dag.py
[2025-06-20T13:10:19.033+0000] {processor.py:650} INFO - DAG(s) dict_keys(['example_sla_dag']) retrieved from /home/airflow/.local/lib/python3.7/site-packages/airflow/example_dags/example_sla_dag.py
[2025-06-20T13:10:19.046+0000] {logging_mixin.py:115} INFO - [2025-06-20T13:10:19.045+0000] {dag.py:2429} INFO - Sync 1 DAGs
[2025-06-20T13:10:19.058+0000] {logging_mixin.py:115} INFO - [2025-06-20T13:10:19.058+0000] {dag.py:2981} INFO - Setting next_dagrun for example_sla_dag to 2025-06-20T13:08:00+00:00, run_after=2025-06-20T13:10:00+00:00
[2025-06-20T13:10:19.066+0000] {processor.py:161} INFO - Processing /home/airflow/.local/lib/python3.7/site-packages/airflow/example_dags/example_sla_dag.py took 0.057 seconds
[2025-06-20T13:10:49.116+0000] {processor.py:153} INFO - Started process (PID=870) to work on /home/airflow/.local/lib/python3.7/site-packages/airflow/example_dags/example_sla_dag.py
[2025-06-20T13:10:49.117+0000] {processor.py:640} INFO - Processing file /home/airflow/.local/lib/python3.7/site-packages/airflow/example_dags/example_sla_dag.py for tasks to queue
[2025-06-20T13:10:49.117+0000] {logging_mixin.py:115} INFO - [2025-06-20T13:10:49.117+0000] {dagbag.py:508} INFO - Filling up the DagBag from /home/airflow/.local/lib/python3.7/site-packages/airflow/example_dags/example_sla_dag.py
[2025-06-20T13:10:49.127+0000] {processor.py:650} INFO - DAG(s) dict_keys(['example_sla_dag']) retrieved from /home/airflow/.local/lib/python3.7/site-packages/airflow/example_dags/example_sla_dag.py
[2025-06-20T13:10:49.139+0000] {logging_mixin.py:115} INFO - [2025-06-20T13:10:49.139+0000] {dag.py:2429} INFO - Sync 1 DAGs
[2025-06-20T13:10:49.155+0000] {logging_mixin.py:115} INFO - [2025-06-20T13:10:49.155+0000] {dag.py:2981} INFO - Setting next_dagrun for example_sla_dag to 2025-06-20T13:08:00+00:00, run_after=2025-06-20T13:10:00+00:00
[2025-06-20T13:10:49.164+0000] {processor.py:161} INFO - Processing /home/airflow/.local/lib/python3.7/site-packages/airflow/example_dags/example_sla_dag.py took 0.051 seconds
[2025-06-20T13:11:19.235+0000] {processor.py:153} INFO - Started process (PID=922) to work on /home/airflow/.local/lib/python3.7/site-packages/airflow/example_dags/example_sla_dag.py
[2025-06-20T13:11:19.237+0000] {processor.py:640} INFO - Processing file /home/airflow/.local/lib/python3.7/site-packages/airflow/example_dags/example_sla_dag.py for tasks to queue
[2025-06-20T13:11:19.238+0000] {logging_mixin.py:115} INFO - [2025-06-20T13:11:19.238+0000] {dagbag.py:508} INFO - Filling up the DagBag from /home/airflow/.local/lib/python3.7/site-packages/airflow/example_dags/example_sla_dag.py
[2025-06-20T13:11:19.262+0000] {processor.py:650} INFO - DAG(s) dict_keys(['example_sla_dag']) retrieved from /home/airflow/.local/lib/python3.7/site-packages/airflow/example_dags/example_sla_dag.py
[2025-06-20T13:11:19.278+0000] {logging_mixin.py:115} INFO - [2025-06-20T13:11:19.278+0000] {dag.py:2429} INFO - Sync 1 DAGs
[2025-06-20T13:11:19.294+0000] {logging_mixin.py:115} INFO - [2025-06-20T13:11:19.294+0000] {dag.py:2981} INFO - Setting next_dagrun for example_sla_dag to 2025-06-20T13:08:00+00:00, run_after=2025-06-20T13:10:00+00:00
[2025-06-20T13:11:19.304+0000] {processor.py:161} INFO - Processing /home/airflow/.local/lib/python3.7/site-packages/airflow/example_dags/example_sla_dag.py took 0.074 seconds
[2025-06-20T13:11:49.435+0000] {processor.py:153} INFO - Started process (PID=983) to work on /home/airflow/.local/lib/python3.7/site-packages/airflow/example_dags/example_sla_dag.py
[2025-06-20T13:11:49.435+0000] {processor.py:640} INFO - Processing file /home/airflow/.local/lib/python3.7/site-packages/airflow/example_dags/example_sla_dag.py for tasks to queue
[2025-06-20T13:11:49.436+0000] {logging_mixin.py:115} INFO - [2025-06-20T13:11:49.436+0000] {dagbag.py:508} INFO - Filling up the DagBag from /home/airflow/.local/lib/python3.7/site-packages/airflow/example_dags/example_sla_dag.py
[2025-06-20T13:11:49.452+0000] {processor.py:650} INFO - DAG(s) dict_keys(['example_sla_dag']) retrieved from /home/airflow/.local/lib/python3.7/site-packages/airflow/example_dags/example_sla_dag.py
[2025-06-20T13:11:49.465+0000] {logging_mixin.py:115} INFO - [2025-06-20T13:11:49.465+0000] {dag.py:2429} INFO - Sync 1 DAGs
[2025-06-20T13:11:49.477+0000] {logging_mixin.py:115} INFO - [2025-06-20T13:11:49.477+0000] {dag.py:2981} INFO - Setting next_dagrun for example_sla_dag to 2025-06-20T13:08:00+00:00, run_after=2025-06-20T13:10:00+00:00
[2025-06-20T13:11:49.485+0000] {processor.py:161} INFO - Processing /home/airflow/.local/lib/python3.7/site-packages/airflow/example_dags/example_sla_dag.py took 0.054 seconds
[2025-06-20T13:12:19.575+0000] {processor.py:153} INFO - Started process (PID=1044) to work on /home/airflow/.local/lib/python3.7/site-packages/airflow/example_dags/example_sla_dag.py
[2025-06-20T13:12:19.577+0000] {processor.py:640} INFO - Processing file /home/airflow/.local/lib/python3.7/site-packages/airflow/example_dags/example_sla_dag.py for tasks to queue
[2025-06-20T13:12:19.579+0000] {logging_mixin.py:115} INFO - [2025-06-20T13:12:19.579+0000] {dagbag.py:508} INFO - Filling up the DagBag from /home/airflow/.local/lib/python3.7/site-packages/airflow/example_dags/example_sla_dag.py
[2025-06-20T13:12:19.596+0000] {processor.py:650} INFO - DAG(s) dict_keys(['example_sla_dag']) retrieved from /home/airflow/.local/lib/python3.7/site-packages/airflow/example_dags/example_sla_dag.py
[2025-06-20T13:12:19.611+0000] {logging_mixin.py:115} INFO - [2025-06-20T13:12:19.611+0000] {dag.py:2429} INFO - Sync 1 DAGs
[2025-06-20T13:12:19.626+0000] {logging_mixin.py:115} INFO - [2025-06-20T13:12:19.626+0000] {dag.py:2981} INFO - Setting next_dagrun for example_sla_dag to 2025-06-20T13:10:00+00:00, run_after=2025-06-20T13:12:00+00:00
[2025-06-20T13:12:19.635+0000] {processor.py:161} INFO - Processing /home/airflow/.local/lib/python3.7/site-packages/airflow/example_dags/example_sla_dag.py took 0.066 seconds
[2025-06-20T13:12:49.720+0000] {processor.py:153} INFO - Started process (PID=1105) to work on /home/airflow/.local/lib/python3.7/site-packages/airflow/example_dags/example_sla_dag.py
[2025-06-20T13:12:49.722+0000] {processor.py:640} INFO - Processing file /home/airflow/.local/lib/python3.7/site-packages/airflow/example_dags/example_sla_dag.py for tasks to queue
[2025-06-20T13:12:49.722+0000] {logging_mixin.py:115} INFO - [2025-06-20T13:12:49.722+0000] {dagbag.py:508} INFO - Filling up the DagBag from /home/airflow/.local/lib/python3.7/site-packages/airflow/example_dags/example_sla_dag.py
[2025-06-20T13:12:49.736+0000] {processor.py:650} INFO - DAG(s) dict_keys(['example_sla_dag']) retrieved from /home/airflow/.local/lib/python3.7/site-packages/airflow/example_dags/example_sla_dag.py
[2025-06-20T13:12:49.749+0000] {logging_mixin.py:115} INFO - [2025-06-20T13:12:49.749+0000] {dag.py:2429} INFO - Sync 1 DAGs
[2025-06-20T13:12:49.761+0000] {logging_mixin.py:115} INFO - [2025-06-20T13:12:49.761+0000] {dag.py:2981} INFO - Setting next_dagrun for example_sla_dag to 2025-06-20T13:10:00+00:00, run_after=2025-06-20T13:12:00+00:00
[2025-06-20T13:12:49.771+0000] {processor.py:161} INFO - Processing /home/airflow/.local/lib/python3.7/site-packages/airflow/example_dags/example_sla_dag.py took 0.053 seconds
[2025-06-20T13:13:19.846+0000] {processor.py:153} INFO - Started process (PID=1166) to work on /home/airflow/.local/lib/python3.7/site-packages/airflow/example_dags/example_sla_dag.py
[2025-06-20T13:13:19.848+0000] {processor.py:640} INFO - Processing file /home/airflow/.local/lib/python3.7/site-packages/airflow/example_dags/example_sla_dag.py for tasks to queue
[2025-06-20T13:13:19.849+0000] {logging_mixin.py:115} INFO - [2025-06-20T13:13:19.848+0000] {dagbag.py:508} INFO - Filling up the DagBag from /home/airflow/.local/lib/python3.7/site-packages/airflow/example_dags/example_sla_dag.py
[2025-06-20T13:13:19.862+0000] {processor.py:650} INFO - DAG(s) dict_keys(['example_sla_dag']) retrieved from /home/airflow/.local/lib/python3.7/site-packages/airflow/example_dags/example_sla_dag.py
[2025-06-20T13:13:19.876+0000] {logging_mixin.py:115} INFO - [2025-06-20T13:13:19.876+0000] {dag.py:2429} INFO - Sync 1 DAGs
[2025-06-20T13:13:19.888+0000] {logging_mixin.py:115} INFO - [2025-06-20T13:13:19.888+0000] {dag.py:2981} INFO - Setting next_dagrun for example_sla_dag to 2025-06-20T13:10:00+00:00, run_after=2025-06-20T13:12:00+00:00
[2025-06-20T13:13:19.894+0000] {processor.py:161} INFO - Processing /home/airflow/.local/lib/python3.7/site-packages/airflow/example_dags/example_sla_dag.py took 0.052 seconds
[2025-06-20T13:13:49.998+0000] {processor.py:153} INFO - Started process (PID=1218) to work on /home/airflow/.local/lib/python3.7/site-packages/airflow/example_dags/example_sla_dag.py
[2025-06-20T13:13:49.999+0000] {processor.py:640} INFO - Processing file /home/airflow/.local/lib/python3.7/site-packages/airflow/example_dags/example_sla_dag.py for tasks to queue
[2025-06-20T13:13:50.000+0000] {logging_mixin.py:115} INFO - [2025-06-20T13:13:50.000+0000] {dagbag.py:508} INFO - Filling up the DagBag from /home/airflow/.local/lib/python3.7/site-packages/airflow/example_dags/example_sla_dag.py
[2025-06-20T13:13:50.015+0000] {processor.py:650} INFO - DAG(s) dict_keys(['example_sla_dag']) retrieved from /home/airflow/.local/lib/python3.7/site-packages/airflow/example_dags/example_sla_dag.py
[2025-06-20T13:13:50.039+0000] {logging_mixin.py:115} INFO - [2025-06-20T13:13:50.039+0000] {dag.py:2429} INFO - Sync 1 DAGs
[2025-06-20T13:13:50.053+0000] {logging_mixin.py:115} INFO - [2025-06-20T13:13:50.052+0000] {dag.py:2981} INFO - Setting next_dagrun for example_sla_dag to 2025-06-20T13:10:00+00:00, run_after=2025-06-20T13:12:00+00:00
[2025-06-20T13:13:50.059+0000] {processor.py:161} INFO - Processing /home/airflow/.local/lib/python3.7/site-packages/airflow/example_dags/example_sla_dag.py took 0.065 seconds
[2025-06-20T13:14:20.266+0000] {processor.py:153} INFO - Started process (PID=1279) to work on /home/airflow/.local/lib/python3.7/site-packages/airflow/example_dags/example_sla_dag.py
[2025-06-20T13:14:20.269+0000] {processor.py:640} INFO - Processing file /home/airflow/.local/lib/python3.7/site-packages/airflow/example_dags/example_sla_dag.py for tasks to queue
[2025-06-20T13:14:20.270+0000] {logging_mixin.py:115} INFO - [2025-06-20T13:14:20.270+0000] {dagbag.py:508} INFO - Filling up the DagBag from /home/airflow/.local/lib/python3.7/site-packages/airflow/example_dags/example_sla_dag.py
[2025-06-20T13:14:20.288+0000] {processor.py:650} INFO - DAG(s) dict_keys(['example_sla_dag']) retrieved from /home/airflow/.local/lib/python3.7/site-packages/airflow/example_dags/example_sla_dag.py
[2025-06-20T13:14:20.304+0000] {logging_mixin.py:115} INFO - [2025-06-20T13:14:20.304+0000] {dag.py:2429} INFO - Sync 1 DAGs
[2025-06-20T13:14:20.317+0000] {logging_mixin.py:115} INFO - [2025-06-20T13:14:20.317+0000] {dag.py:2981} INFO - Setting next_dagrun for example_sla_dag to 2025-06-20T13:12:00+00:00, run_after=2025-06-20T13:14:00+00:00
[2025-06-20T13:14:20.324+0000] {processor.py:161} INFO - Processing /home/airflow/.local/lib/python3.7/site-packages/airflow/example_dags/example_sla_dag.py took 0.062 seconds
[2025-06-20T13:14:50.360+0000] {processor.py:153} INFO - Started process (PID=1340) to work on /home/airflow/.local/lib/python3.7/site-packages/airflow/example_dags/example_sla_dag.py
[2025-06-20T13:14:50.361+0000] {processor.py:640} INFO - Processing file /home/airflow/.local/lib/python3.7/site-packages/airflow/example_dags/example_sla_dag.py for tasks to queue
[2025-06-20T13:14:50.362+0000] {logging_mixin.py:115} INFO - [2025-06-20T13:14:50.362+0000] {dagbag.py:508} INFO - Filling up the DagBag from /home/airflow/.local/lib/python3.7/site-packages/airflow/example_dags/example_sla_dag.py
[2025-06-20T13:14:50.374+0000] {processor.py:650} INFO - DAG(s) dict_keys(['example_sla_dag']) retrieved from /home/airflow/.local/lib/python3.7/site-packages/airflow/example_dags/example_sla_dag.py
[2025-06-20T13:14:50.386+0000] {logging_mixin.py:115} INFO - [2025-06-20T13:14:50.386+0000] {dag.py:2429} INFO - Sync 1 DAGs
[2025-06-20T13:14:50.398+0000] {logging_mixin.py:115} INFO - [2025-06-20T13:14:50.398+0000] {dag.py:2981} INFO - Setting next_dagrun for example_sla_dag to 2025-06-20T13:12:00+00:00, run_after=2025-06-20T13:14:00+00:00
[2025-06-20T13:14:50.402+0000] {processor.py:161} INFO - Processing /home/airflow/.local/lib/python3.7/site-packages/airflow/example_dags/example_sla_dag.py took 0.045 seconds
[2025-06-20T13:15:20.483+0000] {processor.py:153} INFO - Started process (PID=1401) to work on /home/airflow/.local/lib/python3.7/site-packages/airflow/example_dags/example_sla_dag.py
[2025-06-20T13:15:20.485+0000] {processor.py:640} INFO - Processing file /home/airflow/.local/lib/python3.7/site-packages/airflow/example_dags/example_sla_dag.py for tasks to queue
[2025-06-20T13:15:20.486+0000] {logging_mixin.py:115} INFO - [2025-06-20T13:15:20.486+0000] {dagbag.py:508} INFO - Filling up the DagBag from /home/airflow/.local/lib/python3.7/site-packages/airflow/example_dags/example_sla_dag.py
[2025-06-20T13:15:20.499+0000] {processor.py:650} INFO - DAG(s) dict_keys(['example_sla_dag']) retrieved from /home/airflow/.local/lib/python3.7/site-packages/airflow/example_dags/example_sla_dag.py
[2025-06-20T13:15:20.511+0000] {logging_mixin.py:115} INFO - [2025-06-20T13:15:20.511+0000] {dag.py:2429} INFO - Sync 1 DAGs
[2025-06-20T13:15:20.524+0000] {logging_mixin.py:115} INFO - [2025-06-20T13:15:20.524+0000] {dag.py:2981} INFO - Setting next_dagrun for example_sla_dag to 2025-06-20T13:12:00+00:00, run_after=2025-06-20T13:14:00+00:00
[2025-06-20T13:15:20.528+0000] {processor.py:161} INFO - Processing /home/airflow/.local/lib/python3.7/site-packages/airflow/example_dags/example_sla_dag.py took 0.049 seconds
[2025-06-20T13:15:50.607+0000] {processor.py:153} INFO - Started process (PID=1462) to work on /home/airflow/.local/lib/python3.7/site-packages/airflow/example_dags/example_sla_dag.py
[2025-06-20T13:15:50.609+0000] {processor.py:640} INFO - Processing file /home/airflow/.local/lib/python3.7/site-packages/airflow/example_dags/example_sla_dag.py for tasks to queue
[2025-06-20T13:15:50.609+0000] {logging_mixin.py:115} INFO - [2025-06-20T13:15:50.609+0000] {dagbag.py:508} INFO - Filling up the DagBag from /home/airflow/.local/lib/python3.7/site-packages/airflow/example_dags/example_sla_dag.py
[2025-06-20T13:15:50.626+0000] {processor.py:650} INFO - DAG(s) dict_keys(['example_sla_dag']) retrieved from /home/airflow/.local/lib/python3.7/site-packages/airflow/example_dags/example_sla_dag.py
[2025-06-20T13:15:50.640+0000] {logging_mixin.py:115} INFO - [2025-06-20T13:15:50.640+0000] {dag.py:2429} INFO - Sync 1 DAGs
[2025-06-20T13:15:50.655+0000] {logging_mixin.py:115} INFO - [2025-06-20T13:15:50.655+0000] {dag.py:2981} INFO - Setting next_dagrun for example_sla_dag to 2025-06-20T13:12:00+00:00, run_after=2025-06-20T13:14:00+00:00
[2025-06-20T13:15:50.661+0000] {processor.py:161} INFO - Processing /home/airflow/.local/lib/python3.7/site-packages/airflow/example_dags/example_sla_dag.py took 0.058 seconds
[2025-06-20T13:16:20.684+0000] {processor.py:153} INFO - Started process (PID=1523) to work on /home/airflow/.local/lib/python3.7/site-packages/airflow/example_dags/example_sla_dag.py
[2025-06-20T13:16:20.685+0000] {processor.py:640} INFO - Processing file /home/airflow/.local/lib/python3.7/site-packages/airflow/example_dags/example_sla_dag.py for tasks to queue
[2025-06-20T13:16:20.685+0000] {logging_mixin.py:115} INFO - [2025-06-20T13:16:20.685+0000] {dagbag.py:508} INFO - Filling up the DagBag from /home/airflow/.local/lib/python3.7/site-packages/airflow/example_dags/example_sla_dag.py
[2025-06-20T13:16:20.693+0000] {processor.py:650} INFO - DAG(s) dict_keys(['example_sla_dag']) retrieved from /home/airflow/.local/lib/python3.7/site-packages/airflow/example_dags/example_sla_dag.py
[2025-06-20T13:16:20.706+0000] {logging_mixin.py:115} INFO - [2025-06-20T13:16:20.706+0000] {dag.py:2429} INFO - Sync 1 DAGs
[2025-06-20T13:16:20.722+0000] {logging_mixin.py:115} INFO - [2025-06-20T13:16:20.721+0000] {dag.py:2981} INFO - Setting next_dagrun for example_sla_dag to 2025-06-20T13:14:00+00:00, run_after=2025-06-20T13:16:00+00:00
[2025-06-20T13:16:20.726+0000] {processor.py:161} INFO - Processing /home/airflow/.local/lib/python3.7/site-packages/airflow/example_dags/example_sla_dag.py took 0.044 seconds
[2025-06-20T13:16:51.026+0000] {processor.py:153} INFO - Started process (PID=1575) to work on /home/airflow/.local/lib/python3.7/site-packages/airflow/example_dags/example_sla_dag.py
[2025-06-20T13:16:51.028+0000] {processor.py:640} INFO - Processing file /home/airflow/.local/lib/python3.7/site-packages/airflow/example_dags/example_sla_dag.py for tasks to queue
[2025-06-20T13:16:51.028+0000] {logging_mixin.py:115} INFO - [2025-06-20T13:16:51.028+0000] {dagbag.py:508} INFO - Filling up the DagBag from /home/airflow/.local/lib/python3.7/site-packages/airflow/example_dags/example_sla_dag.py
[2025-06-20T13:16:51.046+0000] {processor.py:650} INFO - DAG(s) dict_keys(['example_sla_dag']) retrieved from /home/airflow/.local/lib/python3.7/site-packages/airflow/example_dags/example_sla_dag.py
[2025-06-20T13:16:51.063+0000] {logging_mixin.py:115} INFO - [2025-06-20T13:16:51.063+0000] {dag.py:2429} INFO - Sync 1 DAGs
[2025-06-20T13:16:51.079+0000] {logging_mixin.py:115} INFO - [2025-06-20T13:16:51.079+0000] {dag.py:2981} INFO - Setting next_dagrun for example_sla_dag to 2025-06-20T13:14:00+00:00, run_after=2025-06-20T13:16:00+00:00
[2025-06-20T13:16:51.084+0000] {processor.py:161} INFO - Processing /home/airflow/.local/lib/python3.7/site-packages/airflow/example_dags/example_sla_dag.py took 0.064 seconds
[2025-06-20T13:17:21.185+0000] {processor.py:153} INFO - Started process (PID=1636) to work on /home/airflow/.local/lib/python3.7/site-packages/airflow/example_dags/example_sla_dag.py
[2025-06-20T13:17:21.187+0000] {processor.py:640} INFO - Processing file /home/airflow/.local/lib/python3.7/site-packages/airflow/example_dags/example_sla_dag.py for tasks to queue
[2025-06-20T13:17:21.189+0000] {logging_mixin.py:115} INFO - [2025-06-20T13:17:21.189+0000] {dagbag.py:508} INFO - Filling up the DagBag from /home/airflow/.local/lib/python3.7/site-packages/airflow/example_dags/example_sla_dag.py
[2025-06-20T13:17:21.201+0000] {processor.py:650} INFO - DAG(s) dict_keys(['example_sla_dag']) retrieved from /home/airflow/.local/lib/python3.7/site-packages/airflow/example_dags/example_sla_dag.py
[2025-06-20T13:17:21.215+0000] {logging_mixin.py:115} INFO - [2025-06-20T13:17:21.215+0000] {dag.py:2429} INFO - Sync 1 DAGs
[2025-06-20T13:17:21.228+0000] {logging_mixin.py:115} INFO - [2025-06-20T13:17:21.228+0000] {dag.py:2981} INFO - Setting next_dagrun for example_sla_dag to 2025-06-20T13:14:00+00:00, run_after=2025-06-20T13:16:00+00:00
[2025-06-20T13:17:21.233+0000] {processor.py:161} INFO - Processing /home/airflow/.local/lib/python3.7/site-packages/airflow/example_dags/example_sla_dag.py took 0.052 seconds
[2025-06-20T13:17:51.305+0000] {processor.py:153} INFO - Started process (PID=1697) to work on /home/airflow/.local/lib/python3.7/site-packages/airflow/example_dags/example_sla_dag.py
[2025-06-20T13:17:51.306+0000] {processor.py:640} INFO - Processing file /home/airflow/.local/lib/python3.7/site-packages/airflow/example_dags/example_sla_dag.py for tasks to queue
[2025-06-20T13:17:51.306+0000] {logging_mixin.py:115} INFO - [2025-06-20T13:17:51.306+0000] {dagbag.py:508} INFO - Filling up the DagBag from /home/airflow/.local/lib/python3.7/site-packages/airflow/example_dags/example_sla_dag.py
[2025-06-20T13:17:51.318+0000] {processor.py:650} INFO - DAG(s) dict_keys(['example_sla_dag']) retrieved from /home/airflow/.local/lib/python3.7/site-packages/airflow/example_dags/example_sla_dag.py
[2025-06-20T13:17:51.331+0000] {logging_mixin.py:115} INFO - [2025-06-20T13:17:51.331+0000] {dag.py:2429} INFO - Sync 1 DAGs
[2025-06-20T13:17:51.348+0000] {logging_mixin.py:115} INFO - [2025-06-20T13:17:51.347+0000] {dag.py:2981} INFO - Setting next_dagrun for example_sla_dag to 2025-06-20T13:14:00+00:00, run_after=2025-06-20T13:16:00+00:00
[2025-06-20T13:17:51.352+0000] {processor.py:161} INFO - Processing /home/airflow/.local/lib/python3.7/site-packages/airflow/example_dags/example_sla_dag.py took 0.050 seconds
[2025-06-20T13:18:21.393+0000] {processor.py:153} INFO - Started process (PID=1758) to work on /home/airflow/.local/lib/python3.7/site-packages/airflow/example_dags/example_sla_dag.py
[2025-06-20T13:18:21.394+0000] {processor.py:640} INFO - Processing file /home/airflow/.local/lib/python3.7/site-packages/airflow/example_dags/example_sla_dag.py for tasks to queue
[2025-06-20T13:18:21.395+0000] {logging_mixin.py:115} INFO - [2025-06-20T13:18:21.395+0000] {dagbag.py:508} INFO - Filling up the DagBag from /home/airflow/.local/lib/python3.7/site-packages/airflow/example_dags/example_sla_dag.py
[2025-06-20T13:18:21.415+0000] {processor.py:650} INFO - DAG(s) dict_keys(['example_sla_dag']) retrieved from /home/airflow/.local/lib/python3.7/site-packages/airflow/example_dags/example_sla_dag.py
[2025-06-20T13:18:21.428+0000] {logging_mixin.py:115} INFO - [2025-06-20T13:18:21.428+0000] {dag.py:2429} INFO - Sync 1 DAGs
[2025-06-20T13:18:21.447+0000] {logging_mixin.py:115} INFO - [2025-06-20T13:18:21.447+0000] {dag.py:2981} INFO - Setting next_dagrun for example_sla_dag to 2025-06-20T13:16:00+00:00, run_after=2025-06-20T13:18:00+00:00
[2025-06-20T13:18:21.452+0000] {processor.py:161} INFO - Processing /home/airflow/.local/lib/python3.7/site-packages/airflow/example_dags/example_sla_dag.py took 0.068 seconds
[2025-06-20T13:18:51.603+0000] {processor.py:153} INFO - Started process (PID=1819) to work on /home/airflow/.local/lib/python3.7/site-packages/airflow/example_dags/example_sla_dag.py
[2025-06-20T13:18:51.605+0000] {processor.py:640} INFO - Processing file /home/airflow/.local/lib/python3.7/site-packages/airflow/example_dags/example_sla_dag.py for tasks to queue
[2025-06-20T13:18:51.607+0000] {logging_mixin.py:115} INFO - [2025-06-20T13:18:51.607+0000] {dagbag.py:508} INFO - Filling up the DagBag from /home/airflow/.local/lib/python3.7/site-packages/airflow/example_dags/example_sla_dag.py
[2025-06-20T13:18:51.624+0000] {processor.py:650} INFO - DAG(s) dict_keys(['example_sla_dag']) retrieved from /home/airflow/.local/lib/python3.7/site-packages/airflow/example_dags/example_sla_dag.py
[2025-06-20T13:18:51.638+0000] {logging_mixin.py:115} INFO - [2025-06-20T13:18:51.638+0000] {dag.py:2429} INFO - Sync 1 DAGs
[2025-06-20T13:18:51.654+0000] {logging_mixin.py:115} INFO - [2025-06-20T13:18:51.654+0000] {dag.py:2981} INFO - Setting next_dagrun for example_sla_dag to 2025-06-20T13:16:00+00:00, run_after=2025-06-20T13:18:00+00:00
[2025-06-20T13:18:51.659+0000] {processor.py:161} INFO - Processing /home/airflow/.local/lib/python3.7/site-packages/airflow/example_dags/example_sla_dag.py took 0.060 seconds
[2025-06-20T13:19:21.726+0000] {processor.py:153} INFO - Started process (PID=1871) to work on /home/airflow/.local/lib/python3.7/site-packages/airflow/example_dags/example_sla_dag.py
[2025-06-20T13:19:21.728+0000] {processor.py:640} INFO - Processing file /home/airflow/.local/lib/python3.7/site-packages/airflow/example_dags/example_sla_dag.py for tasks to queue
[2025-06-20T13:19:21.728+0000] {logging_mixin.py:115} INFO - [2025-06-20T13:19:21.728+0000] {dagbag.py:508} INFO - Filling up the DagBag from /home/airflow/.local/lib/python3.7/site-packages/airflow/example_dags/example_sla_dag.py
[2025-06-20T13:19:21.742+0000] {processor.py:650} INFO - DAG(s) dict_keys(['example_sla_dag']) retrieved from /home/airflow/.local/lib/python3.7/site-packages/airflow/example_dags/example_sla_dag.py
[2025-06-20T13:19:21.756+0000] {logging_mixin.py:115} INFO - [2025-06-20T13:19:21.755+0000] {dag.py:2429} INFO - Sync 1 DAGs
[2025-06-20T13:19:21.774+0000] {logging_mixin.py:115} INFO - [2025-06-20T13:19:21.774+0000] {dag.py:2981} INFO - Setting next_dagrun for example_sla_dag to 2025-06-20T13:16:00+00:00, run_after=2025-06-20T13:18:00+00:00
[2025-06-20T13:19:21.778+0000] {processor.py:161} INFO - Processing /home/airflow/.local/lib/python3.7/site-packages/airflow/example_dags/example_sla_dag.py took 0.056 seconds
[2025-06-20T13:19:51.882+0000] {processor.py:153} INFO - Started process (PID=1932) to work on /home/airflow/.local/lib/python3.7/site-packages/airflow/example_dags/example_sla_dag.py
[2025-06-20T13:19:51.883+0000] {processor.py:640} INFO - Processing file /home/airflow/.local/lib/python3.7/site-packages/airflow/example_dags/example_sla_dag.py for tasks to queue
[2025-06-20T13:19:51.884+0000] {logging_mixin.py:115} INFO - [2025-06-20T13:19:51.884+0000] {dagbag.py:508} INFO - Filling up the DagBag from /home/airflow/.local/lib/python3.7/site-packages/airflow/example_dags/example_sla_dag.py
[2025-06-20T13:19:51.901+0000] {processor.py:650} INFO - DAG(s) dict_keys(['example_sla_dag']) retrieved from /home/airflow/.local/lib/python3.7/site-packages/airflow/example_dags/example_sla_dag.py
[2025-06-20T13:19:51.924+0000] {logging_mixin.py:115} INFO - [2025-06-20T13:19:51.924+0000] {dag.py:2429} INFO - Sync 1 DAGs
[2025-06-20T13:19:51.939+0000] {logging_mixin.py:115} INFO - [2025-06-20T13:19:51.939+0000] {dag.py:2981} INFO - Setting next_dagrun for example_sla_dag to 2025-06-20T13:16:00+00:00, run_after=2025-06-20T13:18:00+00:00
[2025-06-20T13:19:51.945+0000] {processor.py:161} INFO - Processing /home/airflow/.local/lib/python3.7/site-packages/airflow/example_dags/example_sla_dag.py took 0.066 seconds
[2025-06-20T13:20:21.991+0000] {processor.py:153} INFO - Started process (PID=1993) to work on /home/airflow/.local/lib/python3.7/site-packages/airflow/example_dags/example_sla_dag.py
[2025-06-20T13:20:21.993+0000] {processor.py:640} INFO - Processing file /home/airflow/.local/lib/python3.7/site-packages/airflow/example_dags/example_sla_dag.py for tasks to queue
[2025-06-20T13:20:21.994+0000] {logging_mixin.py:115} INFO - [2025-06-20T13:20:21.993+0000] {dagbag.py:508} INFO - Filling up the DagBag from /home/airflow/.local/lib/python3.7/site-packages/airflow/example_dags/example_sla_dag.py
[2025-06-20T13:20:22.006+0000] {processor.py:650} INFO - DAG(s) dict_keys(['example_sla_dag']) retrieved from /home/airflow/.local/lib/python3.7/site-packages/airflow/example_dags/example_sla_dag.py
[2025-06-20T13:20:22.019+0000] {logging_mixin.py:115} INFO - [2025-06-20T13:20:22.019+0000] {dag.py:2429} INFO - Sync 1 DAGs
[2025-06-20T13:20:22.032+0000] {logging_mixin.py:115} INFO - [2025-06-20T13:20:22.032+0000] {dag.py:2981} INFO - Setting next_dagrun for example_sla_dag to 2025-06-20T13:18:00+00:00, run_after=2025-06-20T13:20:00+00:00
[2025-06-20T13:20:22.038+0000] {processor.py:161} INFO - Processing /home/airflow/.local/lib/python3.7/site-packages/airflow/example_dags/example_sla_dag.py took 0.051 seconds
[2025-06-20T13:20:52.163+0000] {processor.py:153} INFO - Started process (PID=2054) to work on /home/airflow/.local/lib/python3.7/site-packages/airflow/example_dags/example_sla_dag.py
[2025-06-20T13:20:52.165+0000] {processor.py:640} INFO - Processing file /home/airflow/.local/lib/python3.7/site-packages/airflow/example_dags/example_sla_dag.py for tasks to queue
[2025-06-20T13:20:52.165+0000] {logging_mixin.py:115} INFO - [2025-06-20T13:20:52.165+0000] {dagbag.py:508} INFO - Filling up the DagBag from /home/airflow/.local/lib/python3.7/site-packages/airflow/example_dags/example_sla_dag.py
[2025-06-20T13:20:52.182+0000] {processor.py:650} INFO - DAG(s) dict_keys(['example_sla_dag']) retrieved from /home/airflow/.local/lib/python3.7/site-packages/airflow/example_dags/example_sla_dag.py
[2025-06-20T13:20:52.197+0000] {logging_mixin.py:115} INFO - [2025-06-20T13:20:52.197+0000] {dag.py:2429} INFO - Sync 1 DAGs
[2025-06-20T13:20:52.212+0000] {logging_mixin.py:115} INFO - [2025-06-20T13:20:52.212+0000] {dag.py:2981} INFO - Setting next_dagrun for example_sla_dag to 2025-06-20T13:18:00+00:00, run_after=2025-06-20T13:20:00+00:00
[2025-06-20T13:20:52.218+0000] {processor.py:161} INFO - Processing /home/airflow/.local/lib/python3.7/site-packages/airflow/example_dags/example_sla_dag.py took 0.060 seconds
[2025-06-20T13:21:22.282+0000] {processor.py:153} INFO - Started process (PID=2115) to work on /home/airflow/.local/lib/python3.7/site-packages/airflow/example_dags/example_sla_dag.py
[2025-06-20T13:21:22.284+0000] {processor.py:640} INFO - Processing file /home/airflow/.local/lib/python3.7/site-packages/airflow/example_dags/example_sla_dag.py for tasks to queue
[2025-06-20T13:21:22.284+0000] {logging_mixin.py:115} INFO - [2025-06-20T13:21:22.284+0000] {dagbag.py:508} INFO - Filling up the DagBag from /home/airflow/.local/lib/python3.7/site-packages/airflow/example_dags/example_sla_dag.py
[2025-06-20T13:21:22.292+0000] {processor.py:650} INFO - DAG(s) dict_keys(['example_sla_dag']) retrieved from /home/airflow/.local/lib/python3.7/site-packages/airflow/example_dags/example_sla_dag.py
[2025-06-20T13:21:22.307+0000] {logging_mixin.py:115} INFO - [2025-06-20T13:21:22.307+0000] {dag.py:2429} INFO - Sync 1 DAGs
[2025-06-20T13:21:22.320+0000] {logging_mixin.py:115} INFO - [2025-06-20T13:21:22.320+0000] {dag.py:2981} INFO - Setting next_dagrun for example_sla_dag to 2025-06-20T13:18:00+00:00, run_after=2025-06-20T13:20:00+00:00
[2025-06-20T13:21:22.328+0000] {processor.py:161} INFO - Processing /home/airflow/.local/lib/python3.7/site-packages/airflow/example_dags/example_sla_dag.py took 0.047 seconds
[2025-06-20T13:21:52.443+0000] {processor.py:153} INFO - Started process (PID=2176) to work on /home/airflow/.local/lib/python3.7/site-packages/airflow/example_dags/example_sla_dag.py
[2025-06-20T13:21:52.444+0000] {processor.py:640} INFO - Processing file /home/airflow/.local/lib/python3.7/site-packages/airflow/example_dags/example_sla_dag.py for tasks to queue
[2025-06-20T13:21:52.446+0000] {logging_mixin.py:115} INFO - [2025-06-20T13:21:52.445+0000] {dagbag.py:508} INFO - Filling up the DagBag from /home/airflow/.local/lib/python3.7/site-packages/airflow/example_dags/example_sla_dag.py
[2025-06-20T13:21:52.469+0000] {processor.py:650} INFO - DAG(s) dict_keys(['example_sla_dag']) retrieved from /home/airflow/.local/lib/python3.7/site-packages/airflow/example_dags/example_sla_dag.py
[2025-06-20T13:21:52.481+0000] {logging_mixin.py:115} INFO - [2025-06-20T13:21:52.480+0000] {dag.py:2429} INFO - Sync 1 DAGs
[2025-06-20T13:21:52.496+0000] {logging_mixin.py:115} INFO - [2025-06-20T13:21:52.496+0000] {dag.py:2981} INFO - Setting next_dagrun for example_sla_dag to 2025-06-20T13:18:00+00:00, run_after=2025-06-20T13:20:00+00:00
[2025-06-20T13:21:52.502+0000] {processor.py:161} INFO - Processing /home/airflow/.local/lib/python3.7/site-packages/airflow/example_dags/example_sla_dag.py took 0.062 seconds
[2025-06-20T13:22:22.553+0000] {processor.py:153} INFO - Started process (PID=2228) to work on /home/airflow/.local/lib/python3.7/site-packages/airflow/example_dags/example_sla_dag.py
[2025-06-20T13:22:22.555+0000] {processor.py:640} INFO - Processing file /home/airflow/.local/lib/python3.7/site-packages/airflow/example_dags/example_sla_dag.py for tasks to queue
[2025-06-20T13:22:22.556+0000] {logging_mixin.py:115} INFO - [2025-06-20T13:22:22.556+0000] {dagbag.py:508} INFO - Filling up the DagBag from /home/airflow/.local/lib/python3.7/site-packages/airflow/example_dags/example_sla_dag.py
[2025-06-20T13:22:22.565+0000] {processor.py:650} INFO - DAG(s) dict_keys(['example_sla_dag']) retrieved from /home/airflow/.local/lib/python3.7/site-packages/airflow/example_dags/example_sla_dag.py
[2025-06-20T13:22:22.579+0000] {logging_mixin.py:115} INFO - [2025-06-20T13:22:22.579+0000] {dag.py:2429} INFO - Sync 1 DAGs
[2025-06-20T13:22:22.597+0000] {logging_mixin.py:115} INFO - [2025-06-20T13:22:22.597+0000] {dag.py:2981} INFO - Setting next_dagrun for example_sla_dag to 2025-06-20T13:20:00+00:00, run_after=2025-06-20T13:22:00+00:00
[2025-06-20T13:22:22.602+0000] {processor.py:161} INFO - Processing /home/airflow/.local/lib/python3.7/site-packages/airflow/example_dags/example_sla_dag.py took 0.053 seconds
[2025-06-20T13:22:52.633+0000] {processor.py:153} INFO - Started process (PID=2289) to work on /home/airflow/.local/lib/python3.7/site-packages/airflow/example_dags/example_sla_dag.py
[2025-06-20T13:22:52.636+0000] {processor.py:640} INFO - Processing file /home/airflow/.local/lib/python3.7/site-packages/airflow/example_dags/example_sla_dag.py for tasks to queue
[2025-06-20T13:22:52.637+0000] {logging_mixin.py:115} INFO - [2025-06-20T13:22:52.637+0000] {dagbag.py:508} INFO - Filling up the DagBag from /home/airflow/.local/lib/python3.7/site-packages/airflow/example_dags/example_sla_dag.py
[2025-06-20T13:22:52.650+0000] {processor.py:650} INFO - DAG(s) dict_keys(['example_sla_dag']) retrieved from /home/airflow/.local/lib/python3.7/site-packages/airflow/example_dags/example_sla_dag.py
[2025-06-20T13:22:52.664+0000] {logging_mixin.py:115} INFO - [2025-06-20T13:22:52.664+0000] {dag.py:2429} INFO - Sync 1 DAGs
[2025-06-20T13:22:52.677+0000] {logging_mixin.py:115} INFO - [2025-06-20T13:22:52.677+0000] {dag.py:2981} INFO - Setting next_dagrun for example_sla_dag to 2025-06-20T13:20:00+00:00, run_after=2025-06-20T13:22:00+00:00
[2025-06-20T13:22:52.682+0000] {processor.py:161} INFO - Processing /home/airflow/.local/lib/python3.7/site-packages/airflow/example_dags/example_sla_dag.py took 0.053 seconds
[2025-06-20T13:23:22.810+0000] {processor.py:153} INFO - Started process (PID=2350) to work on /home/airflow/.local/lib/python3.7/site-packages/airflow/example_dags/example_sla_dag.py
[2025-06-20T13:23:22.812+0000] {processor.py:640} INFO - Processing file /home/airflow/.local/lib/python3.7/site-packages/airflow/example_dags/example_sla_dag.py for tasks to queue
[2025-06-20T13:23:22.813+0000] {logging_mixin.py:115} INFO - [2025-06-20T13:23:22.813+0000] {dagbag.py:508} INFO - Filling up the DagBag from /home/airflow/.local/lib/python3.7/site-packages/airflow/example_dags/example_sla_dag.py
[2025-06-20T13:23:22.829+0000] {processor.py:650} INFO - DAG(s) dict_keys(['example_sla_dag']) retrieved from /home/airflow/.local/lib/python3.7/site-packages/airflow/example_dags/example_sla_dag.py
[2025-06-20T13:23:22.844+0000] {logging_mixin.py:115} INFO - [2025-06-20T13:23:22.844+0000] {dag.py:2429} INFO - Sync 1 DAGs
[2025-06-20T13:23:22.862+0000] {logging_mixin.py:115} INFO - [2025-06-20T13:23:22.862+0000] {dag.py:2981} INFO - Setting next_dagrun for example_sla_dag to 2025-06-20T13:20:00+00:00, run_after=2025-06-20T13:22:00+00:00
[2025-06-20T13:23:22.867+0000] {processor.py:161} INFO - Processing /home/airflow/.local/lib/python3.7/site-packages/airflow/example_dags/example_sla_dag.py took 0.061 seconds
[2025-06-20T13:23:53.019+0000] {processor.py:153} INFO - Started process (PID=2411) to work on /home/airflow/.local/lib/python3.7/site-packages/airflow/example_dags/example_sla_dag.py
[2025-06-20T13:23:53.021+0000] {processor.py:640} INFO - Processing file /home/airflow/.local/lib/python3.7/site-packages/airflow/example_dags/example_sla_dag.py for tasks to queue
[2025-06-20T13:23:53.021+0000] {logging_mixin.py:115} INFO - [2025-06-20T13:23:53.021+0000] {dagbag.py:508} INFO - Filling up the DagBag from /home/airflow/.local/lib/python3.7/site-packages/airflow/example_dags/example_sla_dag.py
[2025-06-20T13:23:53.038+0000] {processor.py:650} INFO - DAG(s) dict_keys(['example_sla_dag']) retrieved from /home/airflow/.local/lib/python3.7/site-packages/airflow/example_dags/example_sla_dag.py
[2025-06-20T13:23:53.055+0000] {logging_mixin.py:115} INFO - [2025-06-20T13:23:53.055+0000] {dag.py:2429} INFO - Sync 1 DAGs
[2025-06-20T13:23:53.070+0000] {logging_mixin.py:115} INFO - [2025-06-20T13:23:53.069+0000] {dag.py:2981} INFO - Setting next_dagrun for example_sla_dag to 2025-06-20T13:20:00+00:00, run_after=2025-06-20T13:22:00+00:00
[2025-06-20T13:23:53.075+0000] {processor.py:161} INFO - Processing /home/airflow/.local/lib/python3.7/site-packages/airflow/example_dags/example_sla_dag.py took 0.060 seconds
[2025-06-20T13:24:23.133+0000] {processor.py:153} INFO - Started process (PID=2472) to work on /home/airflow/.local/lib/python3.7/site-packages/airflow/example_dags/example_sla_dag.py
[2025-06-20T13:24:23.136+0000] {processor.py:640} INFO - Processing file /home/airflow/.local/lib/python3.7/site-packages/airflow/example_dags/example_sla_dag.py for tasks to queue
[2025-06-20T13:24:23.137+0000] {logging_mixin.py:115} INFO - [2025-06-20T13:24:23.137+0000] {dagbag.py:508} INFO - Filling up the DagBag from /home/airflow/.local/lib/python3.7/site-packages/airflow/example_dags/example_sla_dag.py
[2025-06-20T13:24:23.158+0000] {processor.py:650} INFO - DAG(s) dict_keys(['example_sla_dag']) retrieved from /home/airflow/.local/lib/python3.7/site-packages/airflow/example_dags/example_sla_dag.py
[2025-06-20T13:24:23.173+0000] {logging_mixin.py:115} INFO - [2025-06-20T13:24:23.173+0000] {dag.py:2429} INFO - Sync 1 DAGs
[2025-06-20T13:24:23.195+0000] {logging_mixin.py:115} INFO - [2025-06-20T13:24:23.195+0000] {dag.py:2981} INFO - Setting next_dagrun for example_sla_dag to 2025-06-20T13:22:00+00:00, run_after=2025-06-20T13:24:00+00:00
[2025-06-20T13:24:23.201+0000] {processor.py:161} INFO - Processing /home/airflow/.local/lib/python3.7/site-packages/airflow/example_dags/example_sla_dag.py took 0.072 seconds
