[2025-06-20T12:58:53.733+0000] {processor.py:153} INFO - Started process (PID=66) to work on /home/airflow/.local/lib/python3.7/site-packages/airflow/example_dags/example_task_group.py
[2025-06-20T12:58:53.735+0000] {processor.py:640} INFO - Processing file /home/airflow/.local/lib/python3.7/site-packages/airflow/example_dags/example_task_group.py for tasks to queue
[2025-06-20T12:58:53.737+0000] {logging_mixin.py:115} INFO - [2025-06-20T12:58:53.737+0000] {dagbag.py:508} INFO - Filling up the DagBag from /home/airflow/.local/lib/python3.7/site-packages/airflow/example_dags/example_task_group.py
[2025-06-20T12:58:53.744+0000] {processor.py:650} INFO - DAG(s) dict_keys(['example_task_group']) retrieved from /home/airflow/.local/lib/python3.7/site-packages/airflow/example_dags/example_task_group.py
[2025-06-20T12:58:53.795+0000] {logging_mixin.py:115} INFO - [2025-06-20T12:58:53.795+0000] {manager.py:508} INFO - Created Permission View: can read on DAG:example_task_group
[2025-06-20T12:58:53.802+0000] {logging_mixin.py:115} INFO - [2025-06-20T12:58:53.802+0000] {manager.py:508} INFO - Created Permission View: can delete on DAG:example_task_group
[2025-06-20T12:58:53.808+0000] {logging_mixin.py:115} INFO - [2025-06-20T12:58:53.808+0000] {manager.py:508} INFO - Created Permission View: can edit on DAG:example_task_group
[2025-06-20T12:58:53.808+0000] {logging_mixin.py:115} INFO - [2025-06-20T12:58:53.808+0000] {dag.py:2429} INFO - Sync 1 DAGs
[2025-06-20T12:58:53.816+0000] {logging_mixin.py:115} INFO - [2025-06-20T12:58:53.816+0000] {dag.py:2448} INFO - Creating ORM DAG for example_task_group
[2025-06-20T12:58:53.823+0000] {logging_mixin.py:115} INFO - [2025-06-20T12:58:53.823+0000] {dag.py:2981} INFO - Setting next_dagrun for example_task_group to 2025-06-19T12:58:53.823548+00:00, run_after=2025-06-20T12:58:53.823548+00:00
[2025-06-20T12:58:53.837+0000] {processor.py:161} INFO - Processing /home/airflow/.local/lib/python3.7/site-packages/airflow/example_dags/example_task_group.py took 0.108 seconds
[2025-06-20T12:59:24.196+0000] {processor.py:153} INFO - Started process (PID=126) to work on /home/airflow/.local/lib/python3.7/site-packages/airflow/example_dags/example_task_group.py
[2025-06-20T12:59:24.197+0000] {processor.py:640} INFO - Processing file /home/airflow/.local/lib/python3.7/site-packages/airflow/example_dags/example_task_group.py for tasks to queue
[2025-06-20T12:59:24.198+0000] {logging_mixin.py:115} INFO - [2025-06-20T12:59:24.198+0000] {dagbag.py:508} INFO - Filling up the DagBag from /home/airflow/.local/lib/python3.7/site-packages/airflow/example_dags/example_task_group.py
[2025-06-20T12:59:24.201+0000] {processor.py:650} INFO - DAG(s) dict_keys(['example_task_group']) retrieved from /home/airflow/.local/lib/python3.7/site-packages/airflow/example_dags/example_task_group.py
[2025-06-20T12:59:24.212+0000] {logging_mixin.py:115} INFO - [2025-06-20T12:59:24.212+0000] {dag.py:2429} INFO - Sync 1 DAGs
[2025-06-20T12:59:24.225+0000] {logging_mixin.py:115} INFO - [2025-06-20T12:59:24.225+0000] {dag.py:2981} INFO - Setting next_dagrun for example_task_group to 2025-06-19T12:59:24.224920+00:00, run_after=2025-06-20T12:59:24.224920+00:00
[2025-06-20T12:59:24.232+0000] {processor.py:161} INFO - Processing /home/airflow/.local/lib/python3.7/site-packages/airflow/example_dags/example_task_group.py took 0.038 seconds
[2025-06-20T12:59:55.227+0000] {processor.py:153} INFO - Started process (PID=187) to work on /home/airflow/.local/lib/python3.7/site-packages/airflow/example_dags/example_task_group.py
[2025-06-20T12:59:55.229+0000] {processor.py:640} INFO - Processing file /home/airflow/.local/lib/python3.7/site-packages/airflow/example_dags/example_task_group.py for tasks to queue
[2025-06-20T12:59:55.229+0000] {logging_mixin.py:115} INFO - [2025-06-20T12:59:55.229+0000] {dagbag.py:508} INFO - Filling up the DagBag from /home/airflow/.local/lib/python3.7/site-packages/airflow/example_dags/example_task_group.py
[2025-06-20T12:59:55.232+0000] {processor.py:650} INFO - DAG(s) dict_keys(['example_task_group']) retrieved from /home/airflow/.local/lib/python3.7/site-packages/airflow/example_dags/example_task_group.py
[2025-06-20T12:59:55.244+0000] {logging_mixin.py:115} INFO - [2025-06-20T12:59:55.244+0000] {dag.py:2429} INFO - Sync 1 DAGs
[2025-06-20T12:59:55.255+0000] {logging_mixin.py:115} INFO - [2025-06-20T12:59:55.255+0000] {dag.py:2981} INFO - Setting next_dagrun for example_task_group to 2025-06-19T12:59:55.255108+00:00, run_after=2025-06-20T12:59:55.255108+00:00
[2025-06-20T12:59:55.261+0000] {processor.py:161} INFO - Processing /home/airflow/.local/lib/python3.7/site-packages/airflow/example_dags/example_task_group.py took 0.035 seconds
[2025-06-20T13:03:48.533+0000] {processor.py:153} INFO - Started process (PID=65) to work on /home/airflow/.local/lib/python3.7/site-packages/airflow/example_dags/example_task_group.py
[2025-06-20T13:03:48.534+0000] {processor.py:640} INFO - Processing file /home/airflow/.local/lib/python3.7/site-packages/airflow/example_dags/example_task_group.py for tasks to queue
[2025-06-20T13:03:48.536+0000] {logging_mixin.py:115} INFO - [2025-06-20T13:03:48.535+0000] {dagbag.py:508} INFO - Filling up the DagBag from /home/airflow/.local/lib/python3.7/site-packages/airflow/example_dags/example_task_group.py
[2025-06-20T13:03:48.542+0000] {processor.py:650} INFO - DAG(s) dict_keys(['example_task_group']) retrieved from /home/airflow/.local/lib/python3.7/site-packages/airflow/example_dags/example_task_group.py
[2025-06-20T13:03:48.618+0000] {logging_mixin.py:115} INFO - [2025-06-20T13:03:48.617+0000] {manager.py:508} INFO - Created Permission View: can delete on DAG:example_task_group
[2025-06-20T13:03:48.624+0000] {logging_mixin.py:115} INFO - [2025-06-20T13:03:48.624+0000] {manager.py:508} INFO - Created Permission View: can edit on DAG:example_task_group
[2025-06-20T13:03:48.631+0000] {logging_mixin.py:115} INFO - [2025-06-20T13:03:48.630+0000] {manager.py:508} INFO - Created Permission View: can read on DAG:example_task_group
[2025-06-20T13:03:48.631+0000] {logging_mixin.py:115} INFO - [2025-06-20T13:03:48.631+0000] {dag.py:2429} INFO - Sync 1 DAGs
[2025-06-20T13:03:48.639+0000] {logging_mixin.py:115} INFO - [2025-06-20T13:03:48.639+0000] {dag.py:2448} INFO - Creating ORM DAG for example_task_group
[2025-06-20T13:03:48.648+0000] {logging_mixin.py:115} INFO - [2025-06-20T13:03:48.648+0000] {dag.py:2981} INFO - Setting next_dagrun for example_task_group to 2025-06-19T13:03:48.647826+00:00, run_after=2025-06-20T13:03:48.647826+00:00
[2025-06-20T13:03:48.667+0000] {processor.py:161} INFO - Processing /home/airflow/.local/lib/python3.7/site-packages/airflow/example_dags/example_task_group.py took 0.135 seconds
[2025-06-20T13:04:19.029+0000] {processor.py:153} INFO - Started process (PID=126) to work on /home/airflow/.local/lib/python3.7/site-packages/airflow/example_dags/example_task_group.py
[2025-06-20T13:04:19.030+0000] {processor.py:640} INFO - Processing file /home/airflow/.local/lib/python3.7/site-packages/airflow/example_dags/example_task_group.py for tasks to queue
[2025-06-20T13:04:19.031+0000] {logging_mixin.py:115} INFO - [2025-06-20T13:04:19.031+0000] {dagbag.py:508} INFO - Filling up the DagBag from /home/airflow/.local/lib/python3.7/site-packages/airflow/example_dags/example_task_group.py
[2025-06-20T13:04:19.035+0000] {processor.py:650} INFO - DAG(s) dict_keys(['example_task_group']) retrieved from /home/airflow/.local/lib/python3.7/site-packages/airflow/example_dags/example_task_group.py
[2025-06-20T13:04:19.049+0000] {logging_mixin.py:115} INFO - [2025-06-20T13:04:19.049+0000] {dag.py:2429} INFO - Sync 1 DAGs
[2025-06-20T13:04:19.060+0000] {logging_mixin.py:115} INFO - [2025-06-20T13:04:19.060+0000] {dag.py:2981} INFO - Setting next_dagrun for example_task_group to 2025-06-19T13:04:19.060320+00:00, run_after=2025-06-20T13:04:19.060320+00:00
[2025-06-20T13:04:19.068+0000] {processor.py:161} INFO - Processing /home/airflow/.local/lib/python3.7/site-packages/airflow/example_dags/example_task_group.py took 0.041 seconds
[2025-06-20T13:04:49.212+0000] {processor.py:153} INFO - Started process (PID=187) to work on /home/airflow/.local/lib/python3.7/site-packages/airflow/example_dags/example_task_group.py
[2025-06-20T13:04:49.212+0000] {processor.py:640} INFO - Processing file /home/airflow/.local/lib/python3.7/site-packages/airflow/example_dags/example_task_group.py for tasks to queue
[2025-06-20T13:04:49.213+0000] {logging_mixin.py:115} INFO - [2025-06-20T13:04:49.213+0000] {dagbag.py:508} INFO - Filling up the DagBag from /home/airflow/.local/lib/python3.7/site-packages/airflow/example_dags/example_task_group.py
[2025-06-20T13:04:49.216+0000] {processor.py:650} INFO - DAG(s) dict_keys(['example_task_group']) retrieved from /home/airflow/.local/lib/python3.7/site-packages/airflow/example_dags/example_task_group.py
[2025-06-20T13:04:49.235+0000] {logging_mixin.py:115} INFO - [2025-06-20T13:04:49.235+0000] {dag.py:2429} INFO - Sync 1 DAGs
[2025-06-20T13:04:49.249+0000] {logging_mixin.py:115} INFO - [2025-06-20T13:04:49.249+0000] {dag.py:2981} INFO - Setting next_dagrun for example_task_group to 2025-06-19T13:04:49.249063+00:00, run_after=2025-06-20T13:04:49.249063+00:00
[2025-06-20T13:04:49.255+0000] {processor.py:161} INFO - Processing /home/airflow/.local/lib/python3.7/site-packages/airflow/example_dags/example_task_group.py took 0.045 seconds
[2025-06-20T13:05:19.407+0000] {processor.py:153} INFO - Started process (PID=247) to work on /home/airflow/.local/lib/python3.7/site-packages/airflow/example_dags/example_task_group.py
[2025-06-20T13:05:19.410+0000] {processor.py:640} INFO - Processing file /home/airflow/.local/lib/python3.7/site-packages/airflow/example_dags/example_task_group.py for tasks to queue
[2025-06-20T13:05:19.411+0000] {logging_mixin.py:115} INFO - [2025-06-20T13:05:19.411+0000] {dagbag.py:508} INFO - Filling up the DagBag from /home/airflow/.local/lib/python3.7/site-packages/airflow/example_dags/example_task_group.py
[2025-06-20T13:05:19.415+0000] {processor.py:650} INFO - DAG(s) dict_keys(['example_task_group']) retrieved from /home/airflow/.local/lib/python3.7/site-packages/airflow/example_dags/example_task_group.py
[2025-06-20T13:05:19.431+0000] {logging_mixin.py:115} INFO - [2025-06-20T13:05:19.431+0000] {dag.py:2429} INFO - Sync 1 DAGs
[2025-06-20T13:05:19.443+0000] {logging_mixin.py:115} INFO - [2025-06-20T13:05:19.443+0000] {dag.py:2981} INFO - Setting next_dagrun for example_task_group to 2025-06-19T13:05:19.443376+00:00, run_after=2025-06-20T13:05:19.443376+00:00
[2025-06-20T13:05:19.449+0000] {processor.py:161} INFO - Processing /home/airflow/.local/lib/python3.7/site-packages/airflow/example_dags/example_task_group.py took 0.043 seconds
[2025-06-20T13:05:49.625+0000] {processor.py:153} INFO - Started process (PID=308) to work on /home/airflow/.local/lib/python3.7/site-packages/airflow/example_dags/example_task_group.py
[2025-06-20T13:05:49.625+0000] {processor.py:640} INFO - Processing file /home/airflow/.local/lib/python3.7/site-packages/airflow/example_dags/example_task_group.py for tasks to queue
[2025-06-20T13:05:49.626+0000] {logging_mixin.py:115} INFO - [2025-06-20T13:05:49.626+0000] {dagbag.py:508} INFO - Filling up the DagBag from /home/airflow/.local/lib/python3.7/site-packages/airflow/example_dags/example_task_group.py
[2025-06-20T13:05:49.630+0000] {processor.py:650} INFO - DAG(s) dict_keys(['example_task_group']) retrieved from /home/airflow/.local/lib/python3.7/site-packages/airflow/example_dags/example_task_group.py
[2025-06-20T13:05:49.649+0000] {logging_mixin.py:115} INFO - [2025-06-20T13:05:49.649+0000] {dag.py:2429} INFO - Sync 1 DAGs
[2025-06-20T13:05:49.665+0000] {logging_mixin.py:115} INFO - [2025-06-20T13:05:49.664+0000] {dag.py:2981} INFO - Setting next_dagrun for example_task_group to 2025-06-19T13:05:49.664692+00:00, run_after=2025-06-20T13:05:49.664692+00:00
[2025-06-20T13:05:49.675+0000] {processor.py:161} INFO - Processing /home/airflow/.local/lib/python3.7/site-packages/airflow/example_dags/example_task_group.py took 0.052 seconds
[2025-06-20T13:06:19.936+0000] {processor.py:153} INFO - Started process (PID=360) to work on /home/airflow/.local/lib/python3.7/site-packages/airflow/example_dags/example_task_group.py
[2025-06-20T13:06:19.937+0000] {processor.py:640} INFO - Processing file /home/airflow/.local/lib/python3.7/site-packages/airflow/example_dags/example_task_group.py for tasks to queue
[2025-06-20T13:06:19.937+0000] {logging_mixin.py:115} INFO - [2025-06-20T13:06:19.937+0000] {dagbag.py:508} INFO - Filling up the DagBag from /home/airflow/.local/lib/python3.7/site-packages/airflow/example_dags/example_task_group.py
[2025-06-20T13:06:19.941+0000] {processor.py:650} INFO - DAG(s) dict_keys(['example_task_group']) retrieved from /home/airflow/.local/lib/python3.7/site-packages/airflow/example_dags/example_task_group.py
[2025-06-20T13:06:19.959+0000] {logging_mixin.py:115} INFO - [2025-06-20T13:06:19.959+0000] {dag.py:2429} INFO - Sync 1 DAGs
[2025-06-20T13:06:19.971+0000] {logging_mixin.py:115} INFO - [2025-06-20T13:06:19.971+0000] {dag.py:2981} INFO - Setting next_dagrun for example_task_group to 2025-06-19T13:06:19.971307+00:00, run_after=2025-06-20T13:06:19.971307+00:00
[2025-06-20T13:06:19.986+0000] {processor.py:161} INFO - Processing /home/airflow/.local/lib/python3.7/site-packages/airflow/example_dags/example_task_group.py took 0.051 seconds
[2025-06-20T13:06:50.122+0000] {processor.py:153} INFO - Started process (PID=420) to work on /home/airflow/.local/lib/python3.7/site-packages/airflow/example_dags/example_task_group.py
[2025-06-20T13:06:50.123+0000] {processor.py:640} INFO - Processing file /home/airflow/.local/lib/python3.7/site-packages/airflow/example_dags/example_task_group.py for tasks to queue
[2025-06-20T13:06:50.124+0000] {logging_mixin.py:115} INFO - [2025-06-20T13:06:50.124+0000] {dagbag.py:508} INFO - Filling up the DagBag from /home/airflow/.local/lib/python3.7/site-packages/airflow/example_dags/example_task_group.py
[2025-06-20T13:06:50.126+0000] {processor.py:650} INFO - DAG(s) dict_keys(['example_task_group']) retrieved from /home/airflow/.local/lib/python3.7/site-packages/airflow/example_dags/example_task_group.py
[2025-06-20T13:06:50.137+0000] {logging_mixin.py:115} INFO - [2025-06-20T13:06:50.137+0000] {dag.py:2429} INFO - Sync 1 DAGs
[2025-06-20T13:06:50.147+0000] {logging_mixin.py:115} INFO - [2025-06-20T13:06:50.147+0000] {dag.py:2981} INFO - Setting next_dagrun for example_task_group to 2025-06-19T13:06:50.146926+00:00, run_after=2025-06-20T13:06:50.146926+00:00
[2025-06-20T13:06:50.152+0000] {processor.py:161} INFO - Processing /home/airflow/.local/lib/python3.7/site-packages/airflow/example_dags/example_task_group.py took 0.031 seconds
[2025-06-20T13:07:20.212+0000] {processor.py:153} INFO - Started process (PID=481) to work on /home/airflow/.local/lib/python3.7/site-packages/airflow/example_dags/example_task_group.py
[2025-06-20T13:07:20.213+0000] {processor.py:640} INFO - Processing file /home/airflow/.local/lib/python3.7/site-packages/airflow/example_dags/example_task_group.py for tasks to queue
[2025-06-20T13:07:20.213+0000] {logging_mixin.py:115} INFO - [2025-06-20T13:07:20.213+0000] {dagbag.py:508} INFO - Filling up the DagBag from /home/airflow/.local/lib/python3.7/site-packages/airflow/example_dags/example_task_group.py
[2025-06-20T13:07:20.216+0000] {processor.py:650} INFO - DAG(s) dict_keys(['example_task_group']) retrieved from /home/airflow/.local/lib/python3.7/site-packages/airflow/example_dags/example_task_group.py
[2025-06-20T13:07:20.227+0000] {logging_mixin.py:115} INFO - [2025-06-20T13:07:20.227+0000] {dag.py:2429} INFO - Sync 1 DAGs
[2025-06-20T13:07:20.241+0000] {logging_mixin.py:115} INFO - [2025-06-20T13:07:20.240+0000] {dag.py:2981} INFO - Setting next_dagrun for example_task_group to 2025-06-19T13:07:20.240909+00:00, run_after=2025-06-20T13:07:20.240909+00:00
[2025-06-20T13:07:20.249+0000] {processor.py:161} INFO - Processing /home/airflow/.local/lib/python3.7/site-packages/airflow/example_dags/example_task_group.py took 0.038 seconds
[2025-06-20T13:07:50.328+0000] {processor.py:153} INFO - Started process (PID=542) to work on /home/airflow/.local/lib/python3.7/site-packages/airflow/example_dags/example_task_group.py
[2025-06-20T13:07:50.328+0000] {processor.py:640} INFO - Processing file /home/airflow/.local/lib/python3.7/site-packages/airflow/example_dags/example_task_group.py for tasks to queue
[2025-06-20T13:07:50.329+0000] {logging_mixin.py:115} INFO - [2025-06-20T13:07:50.329+0000] {dagbag.py:508} INFO - Filling up the DagBag from /home/airflow/.local/lib/python3.7/site-packages/airflow/example_dags/example_task_group.py
[2025-06-20T13:07:50.331+0000] {processor.py:650} INFO - DAG(s) dict_keys(['example_task_group']) retrieved from /home/airflow/.local/lib/python3.7/site-packages/airflow/example_dags/example_task_group.py
[2025-06-20T13:07:50.344+0000] {logging_mixin.py:115} INFO - [2025-06-20T13:07:50.344+0000] {dag.py:2429} INFO - Sync 1 DAGs
[2025-06-20T13:07:50.354+0000] {logging_mixin.py:115} INFO - [2025-06-20T13:07:50.354+0000] {dag.py:2981} INFO - Setting next_dagrun for example_task_group to 2025-06-19T13:07:50.354179+00:00, run_after=2025-06-20T13:07:50.354179+00:00
[2025-06-20T13:07:50.362+0000] {processor.py:161} INFO - Processing /home/airflow/.local/lib/python3.7/site-packages/airflow/example_dags/example_task_group.py took 0.035 seconds
[2025-06-20T13:08:20.392+0000] {processor.py:153} INFO - Started process (PID=603) to work on /home/airflow/.local/lib/python3.7/site-packages/airflow/example_dags/example_task_group.py
[2025-06-20T13:08:20.393+0000] {processor.py:640} INFO - Processing file /home/airflow/.local/lib/python3.7/site-packages/airflow/example_dags/example_task_group.py for tasks to queue
[2025-06-20T13:08:20.394+0000] {logging_mixin.py:115} INFO - [2025-06-20T13:08:20.394+0000] {dagbag.py:508} INFO - Filling up the DagBag from /home/airflow/.local/lib/python3.7/site-packages/airflow/example_dags/example_task_group.py
[2025-06-20T13:08:20.397+0000] {processor.py:650} INFO - DAG(s) dict_keys(['example_task_group']) retrieved from /home/airflow/.local/lib/python3.7/site-packages/airflow/example_dags/example_task_group.py
[2025-06-20T13:08:20.407+0000] {logging_mixin.py:115} INFO - [2025-06-20T13:08:20.407+0000] {dag.py:2429} INFO - Sync 1 DAGs
[2025-06-20T13:08:20.416+0000] {logging_mixin.py:115} INFO - [2025-06-20T13:08:20.416+0000] {dag.py:2981} INFO - Setting next_dagrun for example_task_group to 2025-06-19T13:08:20.416100+00:00, run_after=2025-06-20T13:08:20.416100+00:00
[2025-06-20T13:08:20.420+0000] {processor.py:161} INFO - Processing /home/airflow/.local/lib/python3.7/site-packages/airflow/example_dags/example_task_group.py took 0.029 seconds
[2025-06-20T13:08:50.588+0000] {processor.py:153} INFO - Started process (PID=655) to work on /home/airflow/.local/lib/python3.7/site-packages/airflow/example_dags/example_task_group.py
[2025-06-20T13:08:50.588+0000] {processor.py:640} INFO - Processing file /home/airflow/.local/lib/python3.7/site-packages/airflow/example_dags/example_task_group.py for tasks to queue
[2025-06-20T13:08:50.589+0000] {logging_mixin.py:115} INFO - [2025-06-20T13:08:50.588+0000] {dagbag.py:508} INFO - Filling up the DagBag from /home/airflow/.local/lib/python3.7/site-packages/airflow/example_dags/example_task_group.py
[2025-06-20T13:08:50.591+0000] {processor.py:650} INFO - DAG(s) dict_keys(['example_task_group']) retrieved from /home/airflow/.local/lib/python3.7/site-packages/airflow/example_dags/example_task_group.py
[2025-06-20T13:08:50.602+0000] {logging_mixin.py:115} INFO - [2025-06-20T13:08:50.602+0000] {dag.py:2429} INFO - Sync 1 DAGs
[2025-06-20T13:08:50.612+0000] {logging_mixin.py:115} INFO - [2025-06-20T13:08:50.611+0000] {dag.py:2981} INFO - Setting next_dagrun for example_task_group to 2025-06-19T13:08:50.611839+00:00, run_after=2025-06-20T13:08:50.611839+00:00
[2025-06-20T13:08:50.616+0000] {processor.py:161} INFO - Processing /home/airflow/.local/lib/python3.7/site-packages/airflow/example_dags/example_task_group.py took 0.030 seconds
[2025-06-20T13:09:21.666+0000] {processor.py:153} INFO - Started process (PID=716) to work on /home/airflow/.local/lib/python3.7/site-packages/airflow/example_dags/example_task_group.py
[2025-06-20T13:09:21.667+0000] {processor.py:640} INFO - Processing file /home/airflow/.local/lib/python3.7/site-packages/airflow/example_dags/example_task_group.py for tasks to queue
[2025-06-20T13:09:21.667+0000] {logging_mixin.py:115} INFO - [2025-06-20T13:09:21.667+0000] {dagbag.py:508} INFO - Filling up the DagBag from /home/airflow/.local/lib/python3.7/site-packages/airflow/example_dags/example_task_group.py
[2025-06-20T13:09:21.670+0000] {processor.py:650} INFO - DAG(s) dict_keys(['example_task_group']) retrieved from /home/airflow/.local/lib/python3.7/site-packages/airflow/example_dags/example_task_group.py
[2025-06-20T13:09:21.683+0000] {logging_mixin.py:115} INFO - [2025-06-20T13:09:21.683+0000] {dag.py:2429} INFO - Sync 1 DAGs
[2025-06-20T13:09:21.693+0000] {logging_mixin.py:115} INFO - [2025-06-20T13:09:21.693+0000] {dag.py:2981} INFO - Setting next_dagrun for example_task_group to 2025-06-19T13:09:21.693620+00:00, run_after=2025-06-20T13:09:21.693620+00:00
[2025-06-20T13:09:21.698+0000] {processor.py:161} INFO - Processing /home/airflow/.local/lib/python3.7/site-packages/airflow/example_dags/example_task_group.py took 0.033 seconds
[2025-06-20T13:09:51.753+0000] {processor.py:153} INFO - Started process (PID=777) to work on /home/airflow/.local/lib/python3.7/site-packages/airflow/example_dags/example_task_group.py
[2025-06-20T13:09:51.753+0000] {processor.py:640} INFO - Processing file /home/airflow/.local/lib/python3.7/site-packages/airflow/example_dags/example_task_group.py for tasks to queue
[2025-06-20T13:09:51.753+0000] {logging_mixin.py:115} INFO - [2025-06-20T13:09:51.753+0000] {dagbag.py:508} INFO - Filling up the DagBag from /home/airflow/.local/lib/python3.7/site-packages/airflow/example_dags/example_task_group.py
[2025-06-20T13:09:51.756+0000] {processor.py:650} INFO - DAG(s) dict_keys(['example_task_group']) retrieved from /home/airflow/.local/lib/python3.7/site-packages/airflow/example_dags/example_task_group.py
[2025-06-20T13:09:51.768+0000] {logging_mixin.py:115} INFO - [2025-06-20T13:09:51.768+0000] {dag.py:2429} INFO - Sync 1 DAGs
[2025-06-20T13:09:51.778+0000] {logging_mixin.py:115} INFO - [2025-06-20T13:09:51.778+0000] {dag.py:2981} INFO - Setting next_dagrun for example_task_group to 2025-06-19T13:09:51.777902+00:00, run_after=2025-06-20T13:09:51.777902+00:00
[2025-06-20T13:09:51.782+0000] {processor.py:161} INFO - Processing /home/airflow/.local/lib/python3.7/site-packages/airflow/example_dags/example_task_group.py took 0.031 seconds
[2025-06-20T13:10:21.891+0000] {processor.py:153} INFO - Started process (PID=838) to work on /home/airflow/.local/lib/python3.7/site-packages/airflow/example_dags/example_task_group.py
[2025-06-20T13:10:21.892+0000] {processor.py:640} INFO - Processing file /home/airflow/.local/lib/python3.7/site-packages/airflow/example_dags/example_task_group.py for tasks to queue
[2025-06-20T13:10:21.893+0000] {logging_mixin.py:115} INFO - [2025-06-20T13:10:21.893+0000] {dagbag.py:508} INFO - Filling up the DagBag from /home/airflow/.local/lib/python3.7/site-packages/airflow/example_dags/example_task_group.py
[2025-06-20T13:10:21.897+0000] {processor.py:650} INFO - DAG(s) dict_keys(['example_task_group']) retrieved from /home/airflow/.local/lib/python3.7/site-packages/airflow/example_dags/example_task_group.py
[2025-06-20T13:10:21.908+0000] {logging_mixin.py:115} INFO - [2025-06-20T13:10:21.908+0000] {dag.py:2429} INFO - Sync 1 DAGs
[2025-06-20T13:10:21.920+0000] {logging_mixin.py:115} INFO - [2025-06-20T13:10:21.920+0000] {dag.py:2981} INFO - Setting next_dagrun for example_task_group to 2025-06-19T13:10:21.920515+00:00, run_after=2025-06-20T13:10:21.920515+00:00
[2025-06-20T13:10:21.928+0000] {processor.py:161} INFO - Processing /home/airflow/.local/lib/python3.7/site-packages/airflow/example_dags/example_task_group.py took 0.038 seconds
[2025-06-20T13:10:52.026+0000] {processor.py:153} INFO - Started process (PID=899) to work on /home/airflow/.local/lib/python3.7/site-packages/airflow/example_dags/example_task_group.py
[2025-06-20T13:10:52.027+0000] {processor.py:640} INFO - Processing file /home/airflow/.local/lib/python3.7/site-packages/airflow/example_dags/example_task_group.py for tasks to queue
[2025-06-20T13:10:52.027+0000] {logging_mixin.py:115} INFO - [2025-06-20T13:10:52.027+0000] {dagbag.py:508} INFO - Filling up the DagBag from /home/airflow/.local/lib/python3.7/site-packages/airflow/example_dags/example_task_group.py
[2025-06-20T13:10:52.030+0000] {processor.py:650} INFO - DAG(s) dict_keys(['example_task_group']) retrieved from /home/airflow/.local/lib/python3.7/site-packages/airflow/example_dags/example_task_group.py
[2025-06-20T13:10:52.043+0000] {logging_mixin.py:115} INFO - [2025-06-20T13:10:52.043+0000] {dag.py:2429} INFO - Sync 1 DAGs
[2025-06-20T13:10:52.054+0000] {logging_mixin.py:115} INFO - [2025-06-20T13:10:52.054+0000] {dag.py:2981} INFO - Setting next_dagrun for example_task_group to 2025-06-19T13:10:52.054308+00:00, run_after=2025-06-20T13:10:52.054308+00:00
[2025-06-20T13:10:52.058+0000] {processor.py:161} INFO - Processing /home/airflow/.local/lib/python3.7/site-packages/airflow/example_dags/example_task_group.py took 0.034 seconds
[2025-06-20T13:11:22.179+0000] {processor.py:153} INFO - Started process (PID=960) to work on /home/airflow/.local/lib/python3.7/site-packages/airflow/example_dags/example_task_group.py
[2025-06-20T13:11:22.180+0000] {processor.py:640} INFO - Processing file /home/airflow/.local/lib/python3.7/site-packages/airflow/example_dags/example_task_group.py for tasks to queue
[2025-06-20T13:11:22.180+0000] {logging_mixin.py:115} INFO - [2025-06-20T13:11:22.180+0000] {dagbag.py:508} INFO - Filling up the DagBag from /home/airflow/.local/lib/python3.7/site-packages/airflow/example_dags/example_task_group.py
[2025-06-20T13:11:22.183+0000] {processor.py:650} INFO - DAG(s) dict_keys(['example_task_group']) retrieved from /home/airflow/.local/lib/python3.7/site-packages/airflow/example_dags/example_task_group.py
[2025-06-20T13:11:22.194+0000] {logging_mixin.py:115} INFO - [2025-06-20T13:11:22.194+0000] {dag.py:2429} INFO - Sync 1 DAGs
[2025-06-20T13:11:22.203+0000] {logging_mixin.py:115} INFO - [2025-06-20T13:11:22.203+0000] {dag.py:2981} INFO - Setting next_dagrun for example_task_group to 2025-06-19T13:11:22.202938+00:00, run_after=2025-06-20T13:11:22.202938+00:00
[2025-06-20T13:11:22.207+0000] {processor.py:161} INFO - Processing /home/airflow/.local/lib/python3.7/site-packages/airflow/example_dags/example_task_group.py took 0.029 seconds
[2025-06-20T13:11:52.330+0000] {processor.py:153} INFO - Started process (PID=1012) to work on /home/airflow/.local/lib/python3.7/site-packages/airflow/example_dags/example_task_group.py
[2025-06-20T13:11:52.330+0000] {processor.py:640} INFO - Processing file /home/airflow/.local/lib/python3.7/site-packages/airflow/example_dags/example_task_group.py for tasks to queue
[2025-06-20T13:11:52.334+0000] {logging_mixin.py:115} INFO - [2025-06-20T13:11:52.334+0000] {dagbag.py:508} INFO - Filling up the DagBag from /home/airflow/.local/lib/python3.7/site-packages/airflow/example_dags/example_task_group.py
[2025-06-20T13:11:52.337+0000] {processor.py:650} INFO - DAG(s) dict_keys(['example_task_group']) retrieved from /home/airflow/.local/lib/python3.7/site-packages/airflow/example_dags/example_task_group.py
[2025-06-20T13:11:52.348+0000] {logging_mixin.py:115} INFO - [2025-06-20T13:11:52.348+0000] {dag.py:2429} INFO - Sync 1 DAGs
[2025-06-20T13:11:52.357+0000] {logging_mixin.py:115} INFO - [2025-06-20T13:11:52.357+0000] {dag.py:2981} INFO - Setting next_dagrun for example_task_group to 2025-06-19T13:11:52.356923+00:00, run_after=2025-06-20T13:11:52.356923+00:00
[2025-06-20T13:11:52.362+0000] {processor.py:161} INFO - Processing /home/airflow/.local/lib/python3.7/site-packages/airflow/example_dags/example_task_group.py took 0.033 seconds
[2025-06-20T13:12:22.465+0000] {processor.py:153} INFO - Started process (PID=1073) to work on /home/airflow/.local/lib/python3.7/site-packages/airflow/example_dags/example_task_group.py
[2025-06-20T13:12:22.466+0000] {processor.py:640} INFO - Processing file /home/airflow/.local/lib/python3.7/site-packages/airflow/example_dags/example_task_group.py for tasks to queue
[2025-06-20T13:12:22.467+0000] {logging_mixin.py:115} INFO - [2025-06-20T13:12:22.467+0000] {dagbag.py:508} INFO - Filling up the DagBag from /home/airflow/.local/lib/python3.7/site-packages/airflow/example_dags/example_task_group.py
[2025-06-20T13:12:22.469+0000] {processor.py:650} INFO - DAG(s) dict_keys(['example_task_group']) retrieved from /home/airflow/.local/lib/python3.7/site-packages/airflow/example_dags/example_task_group.py
[2025-06-20T13:12:22.480+0000] {logging_mixin.py:115} INFO - [2025-06-20T13:12:22.480+0000] {dag.py:2429} INFO - Sync 1 DAGs
[2025-06-20T13:12:22.489+0000] {logging_mixin.py:115} INFO - [2025-06-20T13:12:22.489+0000] {dag.py:2981} INFO - Setting next_dagrun for example_task_group to 2025-06-19T13:12:22.489569+00:00, run_after=2025-06-20T13:12:22.489569+00:00
[2025-06-20T13:12:22.495+0000] {processor.py:161} INFO - Processing /home/airflow/.local/lib/python3.7/site-packages/airflow/example_dags/example_task_group.py took 0.031 seconds
[2025-06-20T13:12:52.615+0000] {processor.py:153} INFO - Started process (PID=1134) to work on /home/airflow/.local/lib/python3.7/site-packages/airflow/example_dags/example_task_group.py
[2025-06-20T13:12:52.615+0000] {processor.py:640} INFO - Processing file /home/airflow/.local/lib/python3.7/site-packages/airflow/example_dags/example_task_group.py for tasks to queue
[2025-06-20T13:12:52.616+0000] {logging_mixin.py:115} INFO - [2025-06-20T13:12:52.616+0000] {dagbag.py:508} INFO - Filling up the DagBag from /home/airflow/.local/lib/python3.7/site-packages/airflow/example_dags/example_task_group.py
[2025-06-20T13:12:52.618+0000] {processor.py:650} INFO - DAG(s) dict_keys(['example_task_group']) retrieved from /home/airflow/.local/lib/python3.7/site-packages/airflow/example_dags/example_task_group.py
[2025-06-20T13:12:52.629+0000] {logging_mixin.py:115} INFO - [2025-06-20T13:12:52.629+0000] {dag.py:2429} INFO - Sync 1 DAGs
[2025-06-20T13:12:52.637+0000] {logging_mixin.py:115} INFO - [2025-06-20T13:12:52.637+0000] {dag.py:2981} INFO - Setting next_dagrun for example_task_group to 2025-06-19T13:12:52.637669+00:00, run_after=2025-06-20T13:12:52.637669+00:00
[2025-06-20T13:12:52.642+0000] {processor.py:161} INFO - Processing /home/airflow/.local/lib/python3.7/site-packages/airflow/example_dags/example_task_group.py took 0.028 seconds
[2025-06-20T13:13:22.721+0000] {processor.py:153} INFO - Started process (PID=1195) to work on /home/airflow/.local/lib/python3.7/site-packages/airflow/example_dags/example_task_group.py
[2025-06-20T13:13:22.723+0000] {processor.py:640} INFO - Processing file /home/airflow/.local/lib/python3.7/site-packages/airflow/example_dags/example_task_group.py for tasks to queue
[2025-06-20T13:13:22.723+0000] {logging_mixin.py:115} INFO - [2025-06-20T13:13:22.723+0000] {dagbag.py:508} INFO - Filling up the DagBag from /home/airflow/.local/lib/python3.7/site-packages/airflow/example_dags/example_task_group.py
[2025-06-20T13:13:22.727+0000] {processor.py:650} INFO - DAG(s) dict_keys(['example_task_group']) retrieved from /home/airflow/.local/lib/python3.7/site-packages/airflow/example_dags/example_task_group.py
[2025-06-20T13:13:22.740+0000] {logging_mixin.py:115} INFO - [2025-06-20T13:13:22.740+0000] {dag.py:2429} INFO - Sync 1 DAGs
[2025-06-20T13:13:22.752+0000] {logging_mixin.py:115} INFO - [2025-06-20T13:13:22.752+0000] {dag.py:2981} INFO - Setting next_dagrun for example_task_group to 2025-06-19T13:13:22.752297+00:00, run_after=2025-06-20T13:13:22.752297+00:00
[2025-06-20T13:13:22.757+0000] {processor.py:161} INFO - Processing /home/airflow/.local/lib/python3.7/site-packages/airflow/example_dags/example_task_group.py took 0.038 seconds
[2025-06-20T13:13:53.024+0000] {processor.py:153} INFO - Started process (PID=1256) to work on /home/airflow/.local/lib/python3.7/site-packages/airflow/example_dags/example_task_group.py
[2025-06-20T13:13:53.025+0000] {processor.py:640} INFO - Processing file /home/airflow/.local/lib/python3.7/site-packages/airflow/example_dags/example_task_group.py for tasks to queue
[2025-06-20T13:13:53.025+0000] {logging_mixin.py:115} INFO - [2025-06-20T13:13:53.025+0000] {dagbag.py:508} INFO - Filling up the DagBag from /home/airflow/.local/lib/python3.7/site-packages/airflow/example_dags/example_task_group.py
[2025-06-20T13:13:53.028+0000] {processor.py:650} INFO - DAG(s) dict_keys(['example_task_group']) retrieved from /home/airflow/.local/lib/python3.7/site-packages/airflow/example_dags/example_task_group.py
[2025-06-20T13:13:53.042+0000] {logging_mixin.py:115} INFO - [2025-06-20T13:13:53.042+0000] {dag.py:2429} INFO - Sync 1 DAGs
[2025-06-20T13:13:53.053+0000] {logging_mixin.py:115} INFO - [2025-06-20T13:13:53.053+0000] {dag.py:2981} INFO - Setting next_dagrun for example_task_group to 2025-06-19T13:13:53.053576+00:00, run_after=2025-06-20T13:13:53.053576+00:00
[2025-06-20T13:13:53.059+0000] {processor.py:161} INFO - Processing /home/airflow/.local/lib/python3.7/site-packages/airflow/example_dags/example_task_group.py took 0.036 seconds
[2025-06-20T13:14:23.112+0000] {processor.py:153} INFO - Started process (PID=1317) to work on /home/airflow/.local/lib/python3.7/site-packages/airflow/example_dags/example_task_group.py
[2025-06-20T13:14:23.112+0000] {processor.py:640} INFO - Processing file /home/airflow/.local/lib/python3.7/site-packages/airflow/example_dags/example_task_group.py for tasks to queue
[2025-06-20T13:14:23.112+0000] {logging_mixin.py:115} INFO - [2025-06-20T13:14:23.112+0000] {dagbag.py:508} INFO - Filling up the DagBag from /home/airflow/.local/lib/python3.7/site-packages/airflow/example_dags/example_task_group.py
[2025-06-20T13:14:23.116+0000] {processor.py:650} INFO - DAG(s) dict_keys(['example_task_group']) retrieved from /home/airflow/.local/lib/python3.7/site-packages/airflow/example_dags/example_task_group.py
[2025-06-20T13:14:23.128+0000] {logging_mixin.py:115} INFO - [2025-06-20T13:14:23.128+0000] {dag.py:2429} INFO - Sync 1 DAGs
[2025-06-20T13:14:23.138+0000] {logging_mixin.py:115} INFO - [2025-06-20T13:14:23.138+0000] {dag.py:2981} INFO - Setting next_dagrun for example_task_group to 2025-06-19T13:14:23.137997+00:00, run_after=2025-06-20T13:14:23.137997+00:00
[2025-06-20T13:14:23.144+0000] {processor.py:161} INFO - Processing /home/airflow/.local/lib/python3.7/site-packages/airflow/example_dags/example_task_group.py took 0.034 seconds
[2025-06-20T13:14:53.218+0000] {processor.py:153} INFO - Started process (PID=1369) to work on /home/airflow/.local/lib/python3.7/site-packages/airflow/example_dags/example_task_group.py
[2025-06-20T13:14:53.219+0000] {processor.py:640} INFO - Processing file /home/airflow/.local/lib/python3.7/site-packages/airflow/example_dags/example_task_group.py for tasks to queue
[2025-06-20T13:14:53.221+0000] {logging_mixin.py:115} INFO - [2025-06-20T13:14:53.221+0000] {dagbag.py:508} INFO - Filling up the DagBag from /home/airflow/.local/lib/python3.7/site-packages/airflow/example_dags/example_task_group.py
[2025-06-20T13:14:53.224+0000] {processor.py:650} INFO - DAG(s) dict_keys(['example_task_group']) retrieved from /home/airflow/.local/lib/python3.7/site-packages/airflow/example_dags/example_task_group.py
[2025-06-20T13:14:53.234+0000] {logging_mixin.py:115} INFO - [2025-06-20T13:14:53.234+0000] {dag.py:2429} INFO - Sync 1 DAGs
[2025-06-20T13:14:53.244+0000] {logging_mixin.py:115} INFO - [2025-06-20T13:14:53.244+0000] {dag.py:2981} INFO - Setting next_dagrun for example_task_group to 2025-06-19T13:14:53.244752+00:00, run_after=2025-06-20T13:14:53.244752+00:00
[2025-06-20T13:14:53.249+0000] {processor.py:161} INFO - Processing /home/airflow/.local/lib/python3.7/site-packages/airflow/example_dags/example_task_group.py took 0.032 seconds
[2025-06-20T13:15:23.307+0000] {processor.py:153} INFO - Started process (PID=1429) to work on /home/airflow/.local/lib/python3.7/site-packages/airflow/example_dags/example_task_group.py
[2025-06-20T13:15:23.308+0000] {processor.py:640} INFO - Processing file /home/airflow/.local/lib/python3.7/site-packages/airflow/example_dags/example_task_group.py for tasks to queue
[2025-06-20T13:15:23.308+0000] {logging_mixin.py:115} INFO - [2025-06-20T13:15:23.308+0000] {dagbag.py:508} INFO - Filling up the DagBag from /home/airflow/.local/lib/python3.7/site-packages/airflow/example_dags/example_task_group.py
[2025-06-20T13:15:23.311+0000] {processor.py:650} INFO - DAG(s) dict_keys(['example_task_group']) retrieved from /home/airflow/.local/lib/python3.7/site-packages/airflow/example_dags/example_task_group.py
[2025-06-20T13:15:23.323+0000] {logging_mixin.py:115} INFO - [2025-06-20T13:15:23.323+0000] {dag.py:2429} INFO - Sync 1 DAGs
[2025-06-20T13:15:23.332+0000] {logging_mixin.py:115} INFO - [2025-06-20T13:15:23.332+0000] {dag.py:2981} INFO - Setting next_dagrun for example_task_group to 2025-06-19T13:15:23.332187+00:00, run_after=2025-06-20T13:15:23.332187+00:00
[2025-06-20T13:15:23.338+0000] {processor.py:161} INFO - Processing /home/airflow/.local/lib/python3.7/site-packages/airflow/example_dags/example_task_group.py took 0.032 seconds
[2025-06-20T13:15:53.374+0000] {processor.py:153} INFO - Started process (PID=1490) to work on /home/airflow/.local/lib/python3.7/site-packages/airflow/example_dags/example_task_group.py
[2025-06-20T13:15:53.375+0000] {processor.py:640} INFO - Processing file /home/airflow/.local/lib/python3.7/site-packages/airflow/example_dags/example_task_group.py for tasks to queue
[2025-06-20T13:15:53.376+0000] {logging_mixin.py:115} INFO - [2025-06-20T13:15:53.376+0000] {dagbag.py:508} INFO - Filling up the DagBag from /home/airflow/.local/lib/python3.7/site-packages/airflow/example_dags/example_task_group.py
[2025-06-20T13:15:53.380+0000] {processor.py:650} INFO - DAG(s) dict_keys(['example_task_group']) retrieved from /home/airflow/.local/lib/python3.7/site-packages/airflow/example_dags/example_task_group.py
[2025-06-20T13:15:53.402+0000] {logging_mixin.py:115} INFO - [2025-06-20T13:15:53.402+0000] {dag.py:2429} INFO - Sync 1 DAGs
[2025-06-20T13:15:53.415+0000] {logging_mixin.py:115} INFO - [2025-06-20T13:15:53.415+0000] {dag.py:2981} INFO - Setting next_dagrun for example_task_group to 2025-06-19T13:15:53.415526+00:00, run_after=2025-06-20T13:15:53.415526+00:00
[2025-06-20T13:15:53.426+0000] {processor.py:161} INFO - Processing /home/airflow/.local/lib/python3.7/site-packages/airflow/example_dags/example_task_group.py took 0.053 seconds
[2025-06-20T13:16:23.679+0000] {processor.py:153} INFO - Started process (PID=1551) to work on /home/airflow/.local/lib/python3.7/site-packages/airflow/example_dags/example_task_group.py
[2025-06-20T13:16:23.679+0000] {processor.py:640} INFO - Processing file /home/airflow/.local/lib/python3.7/site-packages/airflow/example_dags/example_task_group.py for tasks to queue
[2025-06-20T13:16:23.680+0000] {logging_mixin.py:115} INFO - [2025-06-20T13:16:23.680+0000] {dagbag.py:508} INFO - Filling up the DagBag from /home/airflow/.local/lib/python3.7/site-packages/airflow/example_dags/example_task_group.py
[2025-06-20T13:16:23.683+0000] {processor.py:650} INFO - DAG(s) dict_keys(['example_task_group']) retrieved from /home/airflow/.local/lib/python3.7/site-packages/airflow/example_dags/example_task_group.py
[2025-06-20T13:16:23.693+0000] {logging_mixin.py:115} INFO - [2025-06-20T13:16:23.693+0000] {dag.py:2429} INFO - Sync 1 DAGs
[2025-06-20T13:16:23.703+0000] {logging_mixin.py:115} INFO - [2025-06-20T13:16:23.703+0000] {dag.py:2981} INFO - Setting next_dagrun for example_task_group to 2025-06-19T13:16:23.703234+00:00, run_after=2025-06-20T13:16:23.703234+00:00
[2025-06-20T13:16:23.708+0000] {processor.py:161} INFO - Processing /home/airflow/.local/lib/python3.7/site-packages/airflow/example_dags/example_task_group.py took 0.030 seconds
[2025-06-20T13:16:53.871+0000] {processor.py:153} INFO - Started process (PID=1613) to work on /home/airflow/.local/lib/python3.7/site-packages/airflow/example_dags/example_task_group.py
[2025-06-20T13:16:53.871+0000] {processor.py:640} INFO - Processing file /home/airflow/.local/lib/python3.7/site-packages/airflow/example_dags/example_task_group.py for tasks to queue
[2025-06-20T13:16:53.872+0000] {logging_mixin.py:115} INFO - [2025-06-20T13:16:53.872+0000] {dagbag.py:508} INFO - Filling up the DagBag from /home/airflow/.local/lib/python3.7/site-packages/airflow/example_dags/example_task_group.py
[2025-06-20T13:16:53.875+0000] {processor.py:650} INFO - DAG(s) dict_keys(['example_task_group']) retrieved from /home/airflow/.local/lib/python3.7/site-packages/airflow/example_dags/example_task_group.py
[2025-06-20T13:16:53.885+0000] {logging_mixin.py:115} INFO - [2025-06-20T13:16:53.885+0000] {dag.py:2429} INFO - Sync 1 DAGs
[2025-06-20T13:16:53.899+0000] {logging_mixin.py:115} INFO - [2025-06-20T13:16:53.899+0000] {dag.py:2981} INFO - Setting next_dagrun for example_task_group to 2025-06-19T13:16:53.899055+00:00, run_after=2025-06-20T13:16:53.899055+00:00
[2025-06-20T13:16:53.903+0000] {processor.py:161} INFO - Processing /home/airflow/.local/lib/python3.7/site-packages/airflow/example_dags/example_task_group.py took 0.034 seconds
[2025-06-20T13:17:24.026+0000] {processor.py:153} INFO - Started process (PID=1665) to work on /home/airflow/.local/lib/python3.7/site-packages/airflow/example_dags/example_task_group.py
[2025-06-20T13:17:24.027+0000] {processor.py:640} INFO - Processing file /home/airflow/.local/lib/python3.7/site-packages/airflow/example_dags/example_task_group.py for tasks to queue
[2025-06-20T13:17:24.027+0000] {logging_mixin.py:115} INFO - [2025-06-20T13:17:24.027+0000] {dagbag.py:508} INFO - Filling up the DagBag from /home/airflow/.local/lib/python3.7/site-packages/airflow/example_dags/example_task_group.py
[2025-06-20T13:17:24.030+0000] {processor.py:650} INFO - DAG(s) dict_keys(['example_task_group']) retrieved from /home/airflow/.local/lib/python3.7/site-packages/airflow/example_dags/example_task_group.py
[2025-06-20T13:17:24.041+0000] {logging_mixin.py:115} INFO - [2025-06-20T13:17:24.041+0000] {dag.py:2429} INFO - Sync 1 DAGs
[2025-06-20T13:17:24.049+0000] {logging_mixin.py:115} INFO - [2025-06-20T13:17:24.049+0000] {dag.py:2981} INFO - Setting next_dagrun for example_task_group to 2025-06-19T13:17:24.049590+00:00, run_after=2025-06-20T13:17:24.049590+00:00
[2025-06-20T13:17:24.054+0000] {processor.py:161} INFO - Processing /home/airflow/.local/lib/python3.7/site-packages/airflow/example_dags/example_task_group.py took 0.029 seconds
[2025-06-20T13:17:55.135+0000] {processor.py:153} INFO - Started process (PID=1726) to work on /home/airflow/.local/lib/python3.7/site-packages/airflow/example_dags/example_task_group.py
[2025-06-20T13:17:55.136+0000] {processor.py:640} INFO - Processing file /home/airflow/.local/lib/python3.7/site-packages/airflow/example_dags/example_task_group.py for tasks to queue
[2025-06-20T13:17:55.136+0000] {logging_mixin.py:115} INFO - [2025-06-20T13:17:55.136+0000] {dagbag.py:508} INFO - Filling up the DagBag from /home/airflow/.local/lib/python3.7/site-packages/airflow/example_dags/example_task_group.py
[2025-06-20T13:17:55.139+0000] {processor.py:650} INFO - DAG(s) dict_keys(['example_task_group']) retrieved from /home/airflow/.local/lib/python3.7/site-packages/airflow/example_dags/example_task_group.py
[2025-06-20T13:17:55.150+0000] {logging_mixin.py:115} INFO - [2025-06-20T13:17:55.150+0000] {dag.py:2429} INFO - Sync 1 DAGs
[2025-06-20T13:17:55.160+0000] {logging_mixin.py:115} INFO - [2025-06-20T13:17:55.160+0000] {dag.py:2981} INFO - Setting next_dagrun for example_task_group to 2025-06-19T13:17:55.160697+00:00, run_after=2025-06-20T13:17:55.160697+00:00
[2025-06-20T13:17:55.166+0000] {processor.py:161} INFO - Processing /home/airflow/.local/lib/python3.7/site-packages/airflow/example_dags/example_task_group.py took 0.032 seconds
[2025-06-20T13:18:25.296+0000] {processor.py:153} INFO - Started process (PID=1787) to work on /home/airflow/.local/lib/python3.7/site-packages/airflow/example_dags/example_task_group.py
[2025-06-20T13:18:25.298+0000] {processor.py:640} INFO - Processing file /home/airflow/.local/lib/python3.7/site-packages/airflow/example_dags/example_task_group.py for tasks to queue
[2025-06-20T13:18:25.298+0000] {logging_mixin.py:115} INFO - [2025-06-20T13:18:25.298+0000] {dagbag.py:508} INFO - Filling up the DagBag from /home/airflow/.local/lib/python3.7/site-packages/airflow/example_dags/example_task_group.py
[2025-06-20T13:18:25.301+0000] {processor.py:650} INFO - DAG(s) dict_keys(['example_task_group']) retrieved from /home/airflow/.local/lib/python3.7/site-packages/airflow/example_dags/example_task_group.py
[2025-06-20T13:18:25.313+0000] {logging_mixin.py:115} INFO - [2025-06-20T13:18:25.313+0000] {dag.py:2429} INFO - Sync 1 DAGs
[2025-06-20T13:18:25.324+0000] {logging_mixin.py:115} INFO - [2025-06-20T13:18:25.324+0000] {dag.py:2981} INFO - Setting next_dagrun for example_task_group to 2025-06-19T13:18:25.323988+00:00, run_after=2025-06-20T13:18:25.323988+00:00
[2025-06-20T13:18:25.332+0000] {processor.py:161} INFO - Processing /home/airflow/.local/lib/python3.7/site-packages/airflow/example_dags/example_task_group.py took 0.037 seconds
[2025-06-20T13:18:55.490+0000] {processor.py:153} INFO - Started process (PID=1848) to work on /home/airflow/.local/lib/python3.7/site-packages/airflow/example_dags/example_task_group.py
[2025-06-20T13:18:55.492+0000] {processor.py:640} INFO - Processing file /home/airflow/.local/lib/python3.7/site-packages/airflow/example_dags/example_task_group.py for tasks to queue
[2025-06-20T13:18:55.493+0000] {logging_mixin.py:115} INFO - [2025-06-20T13:18:55.493+0000] {dagbag.py:508} INFO - Filling up the DagBag from /home/airflow/.local/lib/python3.7/site-packages/airflow/example_dags/example_task_group.py
[2025-06-20T13:18:55.496+0000] {processor.py:650} INFO - DAG(s) dict_keys(['example_task_group']) retrieved from /home/airflow/.local/lib/python3.7/site-packages/airflow/example_dags/example_task_group.py
[2025-06-20T13:18:55.508+0000] {logging_mixin.py:115} INFO - [2025-06-20T13:18:55.508+0000] {dag.py:2429} INFO - Sync 1 DAGs
[2025-06-20T13:18:55.517+0000] {logging_mixin.py:115} INFO - [2025-06-20T13:18:55.517+0000] {dag.py:2981} INFO - Setting next_dagrun for example_task_group to 2025-06-19T13:18:55.516899+00:00, run_after=2025-06-20T13:18:55.516899+00:00
[2025-06-20T13:18:55.521+0000] {processor.py:161} INFO - Processing /home/airflow/.local/lib/python3.7/site-packages/airflow/example_dags/example_task_group.py took 0.033 seconds
[2025-06-20T13:19:25.635+0000] {processor.py:153} INFO - Started process (PID=1909) to work on /home/airflow/.local/lib/python3.7/site-packages/airflow/example_dags/example_task_group.py
[2025-06-20T13:19:25.636+0000] {processor.py:640} INFO - Processing file /home/airflow/.local/lib/python3.7/site-packages/airflow/example_dags/example_task_group.py for tasks to queue
[2025-06-20T13:19:25.637+0000] {logging_mixin.py:115} INFO - [2025-06-20T13:19:25.637+0000] {dagbag.py:508} INFO - Filling up the DagBag from /home/airflow/.local/lib/python3.7/site-packages/airflow/example_dags/example_task_group.py
[2025-06-20T13:19:25.640+0000] {processor.py:650} INFO - DAG(s) dict_keys(['example_task_group']) retrieved from /home/airflow/.local/lib/python3.7/site-packages/airflow/example_dags/example_task_group.py
[2025-06-20T13:19:25.653+0000] {logging_mixin.py:115} INFO - [2025-06-20T13:19:25.653+0000] {dag.py:2429} INFO - Sync 1 DAGs
[2025-06-20T13:19:25.664+0000] {logging_mixin.py:115} INFO - [2025-06-20T13:19:25.664+0000] {dag.py:2981} INFO - Setting next_dagrun for example_task_group to 2025-06-19T13:19:25.664438+00:00, run_after=2025-06-20T13:19:25.664438+00:00
[2025-06-20T13:19:25.669+0000] {processor.py:161} INFO - Processing /home/airflow/.local/lib/python3.7/site-packages/airflow/example_dags/example_task_group.py took 0.035 seconds
[2025-06-20T13:19:55.755+0000] {processor.py:153} INFO - Started process (PID=1970) to work on /home/airflow/.local/lib/python3.7/site-packages/airflow/example_dags/example_task_group.py
[2025-06-20T13:19:55.755+0000] {processor.py:640} INFO - Processing file /home/airflow/.local/lib/python3.7/site-packages/airflow/example_dags/example_task_group.py for tasks to queue
[2025-06-20T13:19:55.755+0000] {logging_mixin.py:115} INFO - [2025-06-20T13:19:55.755+0000] {dagbag.py:508} INFO - Filling up the DagBag from /home/airflow/.local/lib/python3.7/site-packages/airflow/example_dags/example_task_group.py
[2025-06-20T13:19:55.758+0000] {processor.py:650} INFO - DAG(s) dict_keys(['example_task_group']) retrieved from /home/airflow/.local/lib/python3.7/site-packages/airflow/example_dags/example_task_group.py
[2025-06-20T13:19:55.770+0000] {logging_mixin.py:115} INFO - [2025-06-20T13:19:55.770+0000] {dag.py:2429} INFO - Sync 1 DAGs
[2025-06-20T13:19:55.779+0000] {logging_mixin.py:115} INFO - [2025-06-20T13:19:55.779+0000] {dag.py:2981} INFO - Setting next_dagrun for example_task_group to 2025-06-19T13:19:55.778971+00:00, run_after=2025-06-20T13:19:55.778971+00:00
[2025-06-20T13:19:55.783+0000] {processor.py:161} INFO - Processing /home/airflow/.local/lib/python3.7/site-packages/airflow/example_dags/example_task_group.py took 0.030 seconds
[2025-06-20T13:20:25.907+0000] {processor.py:153} INFO - Started process (PID=2029) to work on /home/airflow/.local/lib/python3.7/site-packages/airflow/example_dags/example_task_group.py
[2025-06-20T13:20:25.907+0000] {processor.py:640} INFO - Processing file /home/airflow/.local/lib/python3.7/site-packages/airflow/example_dags/example_task_group.py for tasks to queue
[2025-06-20T13:20:25.908+0000] {logging_mixin.py:115} INFO - [2025-06-20T13:20:25.908+0000] {dagbag.py:508} INFO - Filling up the DagBag from /home/airflow/.local/lib/python3.7/site-packages/airflow/example_dags/example_task_group.py
[2025-06-20T13:20:25.911+0000] {processor.py:650} INFO - DAG(s) dict_keys(['example_task_group']) retrieved from /home/airflow/.local/lib/python3.7/site-packages/airflow/example_dags/example_task_group.py
[2025-06-20T13:20:25.924+0000] {logging_mixin.py:115} INFO - [2025-06-20T13:20:25.924+0000] {dag.py:2429} INFO - Sync 1 DAGs
[2025-06-20T13:20:25.935+0000] {logging_mixin.py:115} INFO - [2025-06-20T13:20:25.935+0000] {dag.py:2981} INFO - Setting next_dagrun for example_task_group to 2025-06-19T13:20:25.935503+00:00, run_after=2025-06-20T13:20:25.935503+00:00
[2025-06-20T13:20:25.942+0000] {processor.py:161} INFO - Processing /home/airflow/.local/lib/python3.7/site-packages/airflow/example_dags/example_task_group.py took 0.037 seconds
[2025-06-20T13:20:56.030+0000] {processor.py:153} INFO - Started process (PID=2083) to work on /home/airflow/.local/lib/python3.7/site-packages/airflow/example_dags/example_task_group.py
[2025-06-20T13:20:56.031+0000] {processor.py:640} INFO - Processing file /home/airflow/.local/lib/python3.7/site-packages/airflow/example_dags/example_task_group.py for tasks to queue
[2025-06-20T13:20:56.031+0000] {logging_mixin.py:115} INFO - [2025-06-20T13:20:56.031+0000] {dagbag.py:508} INFO - Filling up the DagBag from /home/airflow/.local/lib/python3.7/site-packages/airflow/example_dags/example_task_group.py
[2025-06-20T13:20:56.036+0000] {processor.py:650} INFO - DAG(s) dict_keys(['example_task_group']) retrieved from /home/airflow/.local/lib/python3.7/site-packages/airflow/example_dags/example_task_group.py
[2025-06-20T13:20:56.048+0000] {logging_mixin.py:115} INFO - [2025-06-20T13:20:56.048+0000] {dag.py:2429} INFO - Sync 1 DAGs
[2025-06-20T13:20:56.057+0000] {logging_mixin.py:115} INFO - [2025-06-20T13:20:56.057+0000] {dag.py:2981} INFO - Setting next_dagrun for example_task_group to 2025-06-19T13:20:56.057183+00:00, run_after=2025-06-20T13:20:56.057183+00:00
[2025-06-20T13:20:56.061+0000] {processor.py:161} INFO - Processing /home/airflow/.local/lib/python3.7/site-packages/airflow/example_dags/example_task_group.py took 0.033 seconds
[2025-06-20T13:21:26.163+0000] {processor.py:153} INFO - Started process (PID=2144) to work on /home/airflow/.local/lib/python3.7/site-packages/airflow/example_dags/example_task_group.py
[2025-06-20T13:21:26.164+0000] {processor.py:640} INFO - Processing file /home/airflow/.local/lib/python3.7/site-packages/airflow/example_dags/example_task_group.py for tasks to queue
[2025-06-20T13:21:26.164+0000] {logging_mixin.py:115} INFO - [2025-06-20T13:21:26.164+0000] {dagbag.py:508} INFO - Filling up the DagBag from /home/airflow/.local/lib/python3.7/site-packages/airflow/example_dags/example_task_group.py
[2025-06-20T13:21:26.167+0000] {processor.py:650} INFO - DAG(s) dict_keys(['example_task_group']) retrieved from /home/airflow/.local/lib/python3.7/site-packages/airflow/example_dags/example_task_group.py
[2025-06-20T13:21:26.179+0000] {logging_mixin.py:115} INFO - [2025-06-20T13:21:26.179+0000] {dag.py:2429} INFO - Sync 1 DAGs
[2025-06-20T13:21:26.188+0000] {logging_mixin.py:115} INFO - [2025-06-20T13:21:26.188+0000] {dag.py:2981} INFO - Setting next_dagrun for example_task_group to 2025-06-19T13:21:26.188523+00:00, run_after=2025-06-20T13:21:26.188523+00:00
[2025-06-20T13:21:26.193+0000] {processor.py:161} INFO - Processing /home/airflow/.local/lib/python3.7/site-packages/airflow/example_dags/example_task_group.py took 0.031 seconds
[2025-06-20T13:21:56.297+0000] {processor.py:153} INFO - Started process (PID=2205) to work on /home/airflow/.local/lib/python3.7/site-packages/airflow/example_dags/example_task_group.py
[2025-06-20T13:21:56.299+0000] {processor.py:640} INFO - Processing file /home/airflow/.local/lib/python3.7/site-packages/airflow/example_dags/example_task_group.py for tasks to queue
[2025-06-20T13:21:56.299+0000] {logging_mixin.py:115} INFO - [2025-06-20T13:21:56.299+0000] {dagbag.py:508} INFO - Filling up the DagBag from /home/airflow/.local/lib/python3.7/site-packages/airflow/example_dags/example_task_group.py
[2025-06-20T13:21:56.302+0000] {processor.py:650} INFO - DAG(s) dict_keys(['example_task_group']) retrieved from /home/airflow/.local/lib/python3.7/site-packages/airflow/example_dags/example_task_group.py
[2025-06-20T13:21:56.313+0000] {logging_mixin.py:115} INFO - [2025-06-20T13:21:56.313+0000] {dag.py:2429} INFO - Sync 1 DAGs
[2025-06-20T13:21:56.321+0000] {logging_mixin.py:115} INFO - [2025-06-20T13:21:56.321+0000] {dag.py:2981} INFO - Setting next_dagrun for example_task_group to 2025-06-19T13:21:56.321534+00:00, run_after=2025-06-20T13:21:56.321534+00:00
[2025-06-20T13:21:56.326+0000] {processor.py:161} INFO - Processing /home/airflow/.local/lib/python3.7/site-packages/airflow/example_dags/example_task_group.py took 0.031 seconds
[2025-06-20T13:22:26.374+0000] {processor.py:153} INFO - Started process (PID=2266) to work on /home/airflow/.local/lib/python3.7/site-packages/airflow/example_dags/example_task_group.py
[2025-06-20T13:22:26.374+0000] {processor.py:640} INFO - Processing file /home/airflow/.local/lib/python3.7/site-packages/airflow/example_dags/example_task_group.py for tasks to queue
[2025-06-20T13:22:26.375+0000] {logging_mixin.py:115} INFO - [2025-06-20T13:22:26.374+0000] {dagbag.py:508} INFO - Filling up the DagBag from /home/airflow/.local/lib/python3.7/site-packages/airflow/example_dags/example_task_group.py
[2025-06-20T13:22:26.377+0000] {processor.py:650} INFO - DAG(s) dict_keys(['example_task_group']) retrieved from /home/airflow/.local/lib/python3.7/site-packages/airflow/example_dags/example_task_group.py
[2025-06-20T13:22:26.389+0000] {logging_mixin.py:115} INFO - [2025-06-20T13:22:26.388+0000] {dag.py:2429} INFO - Sync 1 DAGs
[2025-06-20T13:22:26.397+0000] {logging_mixin.py:115} INFO - [2025-06-20T13:22:26.397+0000] {dag.py:2981} INFO - Setting next_dagrun for example_task_group to 2025-06-19T13:22:26.397723+00:00, run_after=2025-06-20T13:22:26.397723+00:00
[2025-06-20T13:22:26.402+0000] {processor.py:161} INFO - Processing /home/airflow/.local/lib/python3.7/site-packages/airflow/example_dags/example_task_group.py took 0.030 seconds
[2025-06-20T13:22:56.545+0000] {processor.py:153} INFO - Started process (PID=2327) to work on /home/airflow/.local/lib/python3.7/site-packages/airflow/example_dags/example_task_group.py
[2025-06-20T13:22:56.546+0000] {processor.py:640} INFO - Processing file /home/airflow/.local/lib/python3.7/site-packages/airflow/example_dags/example_task_group.py for tasks to queue
[2025-06-20T13:22:56.546+0000] {logging_mixin.py:115} INFO - [2025-06-20T13:22:56.546+0000] {dagbag.py:508} INFO - Filling up the DagBag from /home/airflow/.local/lib/python3.7/site-packages/airflow/example_dags/example_task_group.py
[2025-06-20T13:22:56.549+0000] {processor.py:650} INFO - DAG(s) dict_keys(['example_task_group']) retrieved from /home/airflow/.local/lib/python3.7/site-packages/airflow/example_dags/example_task_group.py
[2025-06-20T13:22:56.560+0000] {logging_mixin.py:115} INFO - [2025-06-20T13:22:56.560+0000] {dag.py:2429} INFO - Sync 1 DAGs
[2025-06-20T13:22:56.568+0000] {logging_mixin.py:115} INFO - [2025-06-20T13:22:56.568+0000] {dag.py:2981} INFO - Setting next_dagrun for example_task_group to 2025-06-19T13:22:56.568750+00:00, run_after=2025-06-20T13:22:56.568750+00:00
[2025-06-20T13:22:56.573+0000] {processor.py:161} INFO - Processing /home/airflow/.local/lib/python3.7/site-packages/airflow/example_dags/example_task_group.py took 0.029 seconds
[2025-06-20T13:23:26.692+0000] {processor.py:153} INFO - Started process (PID=2379) to work on /home/airflow/.local/lib/python3.7/site-packages/airflow/example_dags/example_task_group.py
[2025-06-20T13:23:26.693+0000] {processor.py:640} INFO - Processing file /home/airflow/.local/lib/python3.7/site-packages/airflow/example_dags/example_task_group.py for tasks to queue
[2025-06-20T13:23:26.693+0000] {logging_mixin.py:115} INFO - [2025-06-20T13:23:26.693+0000] {dagbag.py:508} INFO - Filling up the DagBag from /home/airflow/.local/lib/python3.7/site-packages/airflow/example_dags/example_task_group.py
[2025-06-20T13:23:26.698+0000] {processor.py:650} INFO - DAG(s) dict_keys(['example_task_group']) retrieved from /home/airflow/.local/lib/python3.7/site-packages/airflow/example_dags/example_task_group.py
[2025-06-20T13:23:26.712+0000] {logging_mixin.py:115} INFO - [2025-06-20T13:23:26.712+0000] {dag.py:2429} INFO - Sync 1 DAGs
[2025-06-20T13:23:26.723+0000] {logging_mixin.py:115} INFO - [2025-06-20T13:23:26.723+0000] {dag.py:2981} INFO - Setting next_dagrun for example_task_group to 2025-06-19T13:23:26.722842+00:00, run_after=2025-06-20T13:23:26.722842+00:00
[2025-06-20T13:23:26.728+0000] {processor.py:161} INFO - Processing /home/airflow/.local/lib/python3.7/site-packages/airflow/example_dags/example_task_group.py took 0.039 seconds
[2025-06-20T13:23:56.826+0000] {processor.py:153} INFO - Started process (PID=2440) to work on /home/airflow/.local/lib/python3.7/site-packages/airflow/example_dags/example_task_group.py
[2025-06-20T13:23:56.829+0000] {processor.py:640} INFO - Processing file /home/airflow/.local/lib/python3.7/site-packages/airflow/example_dags/example_task_group.py for tasks to queue
[2025-06-20T13:23:56.829+0000] {logging_mixin.py:115} INFO - [2025-06-20T13:23:56.829+0000] {dagbag.py:508} INFO - Filling up the DagBag from /home/airflow/.local/lib/python3.7/site-packages/airflow/example_dags/example_task_group.py
[2025-06-20T13:23:56.833+0000] {processor.py:650} INFO - DAG(s) dict_keys(['example_task_group']) retrieved from /home/airflow/.local/lib/python3.7/site-packages/airflow/example_dags/example_task_group.py
[2025-06-20T13:23:56.849+0000] {logging_mixin.py:115} INFO - [2025-06-20T13:23:56.849+0000] {dag.py:2429} INFO - Sync 1 DAGs
[2025-06-20T13:23:56.860+0000] {logging_mixin.py:115} INFO - [2025-06-20T13:23:56.860+0000] {dag.py:2981} INFO - Setting next_dagrun for example_task_group to 2025-06-19T13:23:56.860203+00:00, run_after=2025-06-20T13:23:56.860203+00:00
[2025-06-20T13:23:56.865+0000] {processor.py:161} INFO - Processing /home/airflow/.local/lib/python3.7/site-packages/airflow/example_dags/example_task_group.py took 0.040 seconds
[2025-06-20T13:24:27.030+0000] {processor.py:153} INFO - Started process (PID=2500) to work on /home/airflow/.local/lib/python3.7/site-packages/airflow/example_dags/example_task_group.py
[2025-06-20T13:24:27.030+0000] {processor.py:640} INFO - Processing file /home/airflow/.local/lib/python3.7/site-packages/airflow/example_dags/example_task_group.py for tasks to queue
[2025-06-20T13:24:27.030+0000] {logging_mixin.py:115} INFO - [2025-06-20T13:24:27.030+0000] {dagbag.py:508} INFO - Filling up the DagBag from /home/airflow/.local/lib/python3.7/site-packages/airflow/example_dags/example_task_group.py
[2025-06-20T13:24:27.033+0000] {processor.py:650} INFO - DAG(s) dict_keys(['example_task_group']) retrieved from /home/airflow/.local/lib/python3.7/site-packages/airflow/example_dags/example_task_group.py
[2025-06-20T13:24:27.044+0000] {logging_mixin.py:115} INFO - [2025-06-20T13:24:27.044+0000] {dag.py:2429} INFO - Sync 1 DAGs
[2025-06-20T13:24:27.052+0000] {logging_mixin.py:115} INFO - [2025-06-20T13:24:27.052+0000] {dag.py:2981} INFO - Setting next_dagrun for example_task_group to 2025-06-19T13:24:27.052244+00:00, run_after=2025-06-20T13:24:27.052244+00:00
[2025-06-20T13:24:27.057+0000] {processor.py:161} INFO - Processing /home/airflow/.local/lib/python3.7/site-packages/airflow/example_dags/example_task_group.py took 0.029 seconds
