[2025-06-20T12:58:53.021+0000] {processor.py:153} INFO - Started process (PID=57) to work on /home/airflow/.local/lib/python3.7/site-packages/airflow/example_dags/example_xcomargs.py
[2025-06-20T12:58:53.023+0000] {processor.py:640} INFO - Processing file /home/airflow/.local/lib/python3.7/site-packages/airflow/example_dags/example_xcomargs.py for tasks to queue
[2025-06-20T12:58:53.023+0000] {logging_mixin.py:115} INFO - [2025-06-20T12:58:53.023+0000] {dagbag.py:508} INFO - Filling up the DagBag from /home/airflow/.local/lib/python3.7/site-packages/airflow/example_dags/example_xcomargs.py
[2025-06-20T12:58:53.035+0000] {processor.py:650} INFO - DAG(s) dict_keys(['example_xcom_args', 'example_xcom_args_with_operators']) retrieved from /home/airflow/.local/lib/python3.7/site-packages/airflow/example_dags/example_xcomargs.py
[2025-06-20T12:58:53.100+0000] {logging_mixin.py:115} INFO - [2025-06-20T12:58:53.099+0000] {manager.py:508} INFO - Created Permission View: can read on DAG:example_xcom_args
[2025-06-20T12:58:53.114+0000] {logging_mixin.py:115} INFO - [2025-06-20T12:58:53.114+0000] {manager.py:508} INFO - Created Permission View: can delete on DAG:example_xcom_args
[2025-06-20T12:58:53.122+0000] {logging_mixin.py:115} INFO - [2025-06-20T12:58:53.121+0000] {manager.py:508} INFO - Created Permission View: can edit on DAG:example_xcom_args
[2025-06-20T12:58:53.133+0000] {logging_mixin.py:115} INFO - [2025-06-20T12:58:53.133+0000] {manager.py:508} INFO - Created Permission View: can read on DAG:example_xcom_args_with_operators
[2025-06-20T12:58:53.138+0000] {logging_mixin.py:115} INFO - [2025-06-20T12:58:53.138+0000] {manager.py:508} INFO - Created Permission View: can delete on DAG:example_xcom_args_with_operators
[2025-06-20T12:58:53.142+0000] {logging_mixin.py:115} INFO - [2025-06-20T12:58:53.142+0000] {manager.py:508} INFO - Created Permission View: can edit on DAG:example_xcom_args_with_operators
[2025-06-20T12:58:53.143+0000] {logging_mixin.py:115} INFO - [2025-06-20T12:58:53.143+0000] {dag.py:2429} INFO - Sync 2 DAGs
[2025-06-20T12:58:53.149+0000] {logging_mixin.py:115} INFO - [2025-06-20T12:58:53.149+0000] {dag.py:2448} INFO - Creating ORM DAG for example_xcom_args
[2025-06-20T12:58:53.150+0000] {logging_mixin.py:115} INFO - [2025-06-20T12:58:53.150+0000] {dag.py:2448} INFO - Creating ORM DAG for example_xcom_args_with_operators
[2025-06-20T12:58:53.156+0000] {logging_mixin.py:115} INFO - [2025-06-20T12:58:53.156+0000] {dag.py:2981} INFO - Setting next_dagrun for example_xcom_args to None, run_after=None
[2025-06-20T12:58:53.156+0000] {logging_mixin.py:115} INFO - [2025-06-20T12:58:53.156+0000] {dag.py:2981} INFO - Setting next_dagrun for example_xcom_args_with_operators to None, run_after=None
[2025-06-20T12:58:53.167+0000] {processor.py:161} INFO - Processing /home/airflow/.local/lib/python3.7/site-packages/airflow/example_dags/example_xcomargs.py took 0.147 seconds
[2025-06-20T12:59:23.935+0000] {processor.py:153} INFO - Started process (PID=117) to work on /home/airflow/.local/lib/python3.7/site-packages/airflow/example_dags/example_xcomargs.py
[2025-06-20T12:59:23.936+0000] {processor.py:640} INFO - Processing file /home/airflow/.local/lib/python3.7/site-packages/airflow/example_dags/example_xcomargs.py for tasks to queue
[2025-06-20T12:59:23.936+0000] {logging_mixin.py:115} INFO - [2025-06-20T12:59:23.936+0000] {dagbag.py:508} INFO - Filling up the DagBag from /home/airflow/.local/lib/python3.7/site-packages/airflow/example_dags/example_xcomargs.py
[2025-06-20T12:59:23.945+0000] {processor.py:650} INFO - DAG(s) dict_keys(['example_xcom_args', 'example_xcom_args_with_operators']) retrieved from /home/airflow/.local/lib/python3.7/site-packages/airflow/example_dags/example_xcomargs.py
[2025-06-20T12:59:23.978+0000] {logging_mixin.py:115} INFO - [2025-06-20T12:59:23.978+0000] {dag.py:2429} INFO - Sync 2 DAGs
[2025-06-20T12:59:23.987+0000] {logging_mixin.py:115} INFO - [2025-06-20T12:59:23.987+0000] {dag.py:2981} INFO - Setting next_dagrun for example_xcom_args to None, run_after=None
[2025-06-20T12:59:23.989+0000] {logging_mixin.py:115} INFO - [2025-06-20T12:59:23.989+0000] {dag.py:2981} INFO - Setting next_dagrun for example_xcom_args_with_operators to None, run_after=None
[2025-06-20T12:59:23.997+0000] {processor.py:161} INFO - Processing /home/airflow/.local/lib/python3.7/site-packages/airflow/example_dags/example_xcomargs.py took 0.063 seconds
[2025-06-20T12:59:54.936+0000] {processor.py:153} INFO - Started process (PID=178) to work on /home/airflow/.local/lib/python3.7/site-packages/airflow/example_dags/example_xcomargs.py
[2025-06-20T12:59:54.938+0000] {processor.py:640} INFO - Processing file /home/airflow/.local/lib/python3.7/site-packages/airflow/example_dags/example_xcomargs.py for tasks to queue
[2025-06-20T12:59:54.939+0000] {logging_mixin.py:115} INFO - [2025-06-20T12:59:54.939+0000] {dagbag.py:508} INFO - Filling up the DagBag from /home/airflow/.local/lib/python3.7/site-packages/airflow/example_dags/example_xcomargs.py
[2025-06-20T12:59:54.953+0000] {processor.py:650} INFO - DAG(s) dict_keys(['example_xcom_args', 'example_xcom_args_with_operators']) retrieved from /home/airflow/.local/lib/python3.7/site-packages/airflow/example_dags/example_xcomargs.py
[2025-06-20T12:59:54.989+0000] {logging_mixin.py:115} INFO - [2025-06-20T12:59:54.989+0000] {dag.py:2429} INFO - Sync 2 DAGs
[2025-06-20T12:59:54.998+0000] {logging_mixin.py:115} INFO - [2025-06-20T12:59:54.998+0000] {dag.py:2981} INFO - Setting next_dagrun for example_xcom_args to None, run_after=None
[2025-06-20T12:59:54.998+0000] {logging_mixin.py:115} INFO - [2025-06-20T12:59:54.998+0000] {dag.py:2981} INFO - Setting next_dagrun for example_xcom_args_with_operators to None, run_after=None
[2025-06-20T12:59:55.004+0000] {processor.py:161} INFO - Processing /home/airflow/.local/lib/python3.7/site-packages/airflow/example_dags/example_xcomargs.py took 0.071 seconds
[2025-06-20T13:03:47.811+0000] {processor.py:153} INFO - Started process (PID=56) to work on /home/airflow/.local/lib/python3.7/site-packages/airflow/example_dags/example_xcomargs.py
[2025-06-20T13:03:47.812+0000] {processor.py:640} INFO - Processing file /home/airflow/.local/lib/python3.7/site-packages/airflow/example_dags/example_xcomargs.py for tasks to queue
[2025-06-20T13:03:47.812+0000] {logging_mixin.py:115} INFO - [2025-06-20T13:03:47.812+0000] {dagbag.py:508} INFO - Filling up the DagBag from /home/airflow/.local/lib/python3.7/site-packages/airflow/example_dags/example_xcomargs.py
[2025-06-20T13:03:47.824+0000] {processor.py:650} INFO - DAG(s) dict_keys(['example_xcom_args', 'example_xcom_args_with_operators']) retrieved from /home/airflow/.local/lib/python3.7/site-packages/airflow/example_dags/example_xcomargs.py
[2025-06-20T13:03:47.871+0000] {logging_mixin.py:115} INFO - [2025-06-20T13:03:47.871+0000] {manager.py:508} INFO - Created Permission View: can delete on DAG:example_xcom_args
[2025-06-20T13:03:47.883+0000] {logging_mixin.py:115} INFO - [2025-06-20T13:03:47.882+0000] {manager.py:508} INFO - Created Permission View: can edit on DAG:example_xcom_args
[2025-06-20T13:03:47.894+0000] {logging_mixin.py:115} INFO - [2025-06-20T13:03:47.894+0000] {manager.py:508} INFO - Created Permission View: can read on DAG:example_xcom_args
[2025-06-20T13:03:47.915+0000] {logging_mixin.py:115} INFO - [2025-06-20T13:03:47.915+0000] {manager.py:508} INFO - Created Permission View: can delete on DAG:example_xcom_args_with_operators
[2025-06-20T13:03:47.926+0000] {logging_mixin.py:115} INFO - [2025-06-20T13:03:47.926+0000] {manager.py:508} INFO - Created Permission View: can edit on DAG:example_xcom_args_with_operators
[2025-06-20T13:03:47.941+0000] {logging_mixin.py:115} INFO - [2025-06-20T13:03:47.941+0000] {manager.py:508} INFO - Created Permission View: can read on DAG:example_xcom_args_with_operators
[2025-06-20T13:03:47.941+0000] {logging_mixin.py:115} INFO - [2025-06-20T13:03:47.941+0000] {dag.py:2429} INFO - Sync 2 DAGs
[2025-06-20T13:03:47.947+0000] {logging_mixin.py:115} INFO - [2025-06-20T13:03:47.947+0000] {dag.py:2448} INFO - Creating ORM DAG for example_xcom_args_with_operators
[2025-06-20T13:03:47.947+0000] {logging_mixin.py:115} INFO - [2025-06-20T13:03:47.947+0000] {dag.py:2448} INFO - Creating ORM DAG for example_xcom_args
[2025-06-20T13:03:47.961+0000] {logging_mixin.py:115} INFO - [2025-06-20T13:03:47.961+0000] {dag.py:2981} INFO - Setting next_dagrun for example_xcom_args to None, run_after=None
[2025-06-20T13:03:47.964+0000] {logging_mixin.py:115} INFO - [2025-06-20T13:03:47.964+0000] {dag.py:2981} INFO - Setting next_dagrun for example_xcom_args_with_operators to None, run_after=None
[2025-06-20T13:03:47.977+0000] {processor.py:161} INFO - Processing /home/airflow/.local/lib/python3.7/site-packages/airflow/example_dags/example_xcomargs.py took 0.169 seconds
[2025-06-20T13:04:18.650+0000] {processor.py:153} INFO - Started process (PID=117) to work on /home/airflow/.local/lib/python3.7/site-packages/airflow/example_dags/example_xcomargs.py
[2025-06-20T13:04:18.653+0000] {processor.py:640} INFO - Processing file /home/airflow/.local/lib/python3.7/site-packages/airflow/example_dags/example_xcomargs.py for tasks to queue
[2025-06-20T13:04:18.653+0000] {logging_mixin.py:115} INFO - [2025-06-20T13:04:18.653+0000] {dagbag.py:508} INFO - Filling up the DagBag from /home/airflow/.local/lib/python3.7/site-packages/airflow/example_dags/example_xcomargs.py
[2025-06-20T13:04:18.663+0000] {processor.py:650} INFO - DAG(s) dict_keys(['example_xcom_args', 'example_xcom_args_with_operators']) retrieved from /home/airflow/.local/lib/python3.7/site-packages/airflow/example_dags/example_xcomargs.py
[2025-06-20T13:04:18.695+0000] {logging_mixin.py:115} INFO - [2025-06-20T13:04:18.695+0000] {dag.py:2429} INFO - Sync 2 DAGs
[2025-06-20T13:04:18.703+0000] {logging_mixin.py:115} INFO - [2025-06-20T13:04:18.703+0000] {dag.py:2981} INFO - Setting next_dagrun for example_xcom_args to None, run_after=None
[2025-06-20T13:04:18.703+0000] {logging_mixin.py:115} INFO - [2025-06-20T13:04:18.703+0000] {dag.py:2981} INFO - Setting next_dagrun for example_xcom_args_with_operators to None, run_after=None
[2025-06-20T13:04:18.709+0000] {processor.py:161} INFO - Processing /home/airflow/.local/lib/python3.7/site-packages/airflow/example_dags/example_xcomargs.py took 0.061 seconds
[2025-06-20T13:04:48.850+0000] {processor.py:153} INFO - Started process (PID=177) to work on /home/airflow/.local/lib/python3.7/site-packages/airflow/example_dags/example_xcomargs.py
[2025-06-20T13:04:48.852+0000] {processor.py:640} INFO - Processing file /home/airflow/.local/lib/python3.7/site-packages/airflow/example_dags/example_xcomargs.py for tasks to queue
[2025-06-20T13:04:48.852+0000] {logging_mixin.py:115} INFO - [2025-06-20T13:04:48.852+0000] {dagbag.py:508} INFO - Filling up the DagBag from /home/airflow/.local/lib/python3.7/site-packages/airflow/example_dags/example_xcomargs.py
[2025-06-20T13:04:48.862+0000] {processor.py:650} INFO - DAG(s) dict_keys(['example_xcom_args', 'example_xcom_args_with_operators']) retrieved from /home/airflow/.local/lib/python3.7/site-packages/airflow/example_dags/example_xcomargs.py
[2025-06-20T13:04:48.892+0000] {logging_mixin.py:115} INFO - [2025-06-20T13:04:48.892+0000] {dag.py:2429} INFO - Sync 2 DAGs
[2025-06-20T13:04:48.904+0000] {logging_mixin.py:115} INFO - [2025-06-20T13:04:48.903+0000] {dag.py:2981} INFO - Setting next_dagrun for example_xcom_args to None, run_after=None
[2025-06-20T13:04:48.907+0000] {logging_mixin.py:115} INFO - [2025-06-20T13:04:48.907+0000] {dag.py:2981} INFO - Setting next_dagrun for example_xcom_args_with_operators to None, run_after=None
[2025-06-20T13:04:48.912+0000] {processor.py:161} INFO - Processing /home/airflow/.local/lib/python3.7/site-packages/airflow/example_dags/example_xcomargs.py took 0.063 seconds
[2025-06-20T13:05:19.086+0000] {processor.py:153} INFO - Started process (PID=237) to work on /home/airflow/.local/lib/python3.7/site-packages/airflow/example_dags/example_xcomargs.py
[2025-06-20T13:05:19.087+0000] {processor.py:640} INFO - Processing file /home/airflow/.local/lib/python3.7/site-packages/airflow/example_dags/example_xcomargs.py for tasks to queue
[2025-06-20T13:05:19.088+0000] {logging_mixin.py:115} INFO - [2025-06-20T13:05:19.088+0000] {dagbag.py:508} INFO - Filling up the DagBag from /home/airflow/.local/lib/python3.7/site-packages/airflow/example_dags/example_xcomargs.py
[2025-06-20T13:05:19.096+0000] {processor.py:650} INFO - DAG(s) dict_keys(['example_xcom_args', 'example_xcom_args_with_operators']) retrieved from /home/airflow/.local/lib/python3.7/site-packages/airflow/example_dags/example_xcomargs.py
[2025-06-20T13:05:19.133+0000] {logging_mixin.py:115} INFO - [2025-06-20T13:05:19.133+0000] {dag.py:2429} INFO - Sync 2 DAGs
[2025-06-20T13:05:19.142+0000] {logging_mixin.py:115} INFO - [2025-06-20T13:05:19.142+0000] {dag.py:2981} INFO - Setting next_dagrun for example_xcom_args to None, run_after=None
[2025-06-20T13:05:19.142+0000] {logging_mixin.py:115} INFO - [2025-06-20T13:05:19.142+0000] {dag.py:2981} INFO - Setting next_dagrun for example_xcom_args_with_operators to None, run_after=None
[2025-06-20T13:05:19.147+0000] {processor.py:161} INFO - Processing /home/airflow/.local/lib/python3.7/site-packages/airflow/example_dags/example_xcomargs.py took 0.062 seconds
[2025-06-20T13:05:49.268+0000] {processor.py:153} INFO - Started process (PID=297) to work on /home/airflow/.local/lib/python3.7/site-packages/airflow/example_dags/example_xcomargs.py
[2025-06-20T13:05:49.271+0000] {processor.py:640} INFO - Processing file /home/airflow/.local/lib/python3.7/site-packages/airflow/example_dags/example_xcomargs.py for tasks to queue
[2025-06-20T13:05:49.272+0000] {logging_mixin.py:115} INFO - [2025-06-20T13:05:49.272+0000] {dagbag.py:508} INFO - Filling up the DagBag from /home/airflow/.local/lib/python3.7/site-packages/airflow/example_dags/example_xcomargs.py
[2025-06-20T13:05:49.280+0000] {processor.py:650} INFO - DAG(s) dict_keys(['example_xcom_args', 'example_xcom_args_with_operators']) retrieved from /home/airflow/.local/lib/python3.7/site-packages/airflow/example_dags/example_xcomargs.py
[2025-06-20T13:05:49.311+0000] {logging_mixin.py:115} INFO - [2025-06-20T13:05:49.311+0000] {dag.py:2429} INFO - Sync 2 DAGs
[2025-06-20T13:05:49.320+0000] {logging_mixin.py:115} INFO - [2025-06-20T13:05:49.320+0000] {dag.py:2981} INFO - Setting next_dagrun for example_xcom_args to None, run_after=None
[2025-06-20T13:05:49.320+0000] {logging_mixin.py:115} INFO - [2025-06-20T13:05:49.320+0000] {dag.py:2981} INFO - Setting next_dagrun for example_xcom_args_with_operators to None, run_after=None
[2025-06-20T13:05:49.326+0000] {processor.py:161} INFO - Processing /home/airflow/.local/lib/python3.7/site-packages/airflow/example_dags/example_xcomargs.py took 0.060 seconds
[2025-06-20T13:06:19.630+0000] {processor.py:153} INFO - Started process (PID=351) to work on /home/airflow/.local/lib/python3.7/site-packages/airflow/example_dags/example_xcomargs.py
[2025-06-20T13:06:19.631+0000] {processor.py:640} INFO - Processing file /home/airflow/.local/lib/python3.7/site-packages/airflow/example_dags/example_xcomargs.py for tasks to queue
[2025-06-20T13:06:19.631+0000] {logging_mixin.py:115} INFO - [2025-06-20T13:06:19.631+0000] {dagbag.py:508} INFO - Filling up the DagBag from /home/airflow/.local/lib/python3.7/site-packages/airflow/example_dags/example_xcomargs.py
[2025-06-20T13:06:19.639+0000] {processor.py:650} INFO - DAG(s) dict_keys(['example_xcom_args', 'example_xcom_args_with_operators']) retrieved from /home/airflow/.local/lib/python3.7/site-packages/airflow/example_dags/example_xcomargs.py
[2025-06-20T13:06:19.650+0000] {logging_mixin.py:115} INFO - [2025-06-20T13:06:19.650+0000] {dag.py:2429} INFO - Sync 2 DAGs
[2025-06-20T13:06:19.658+0000] {logging_mixin.py:115} INFO - [2025-06-20T13:06:19.658+0000] {dag.py:2981} INFO - Setting next_dagrun for example_xcom_args to None, run_after=None
[2025-06-20T13:06:19.658+0000] {logging_mixin.py:115} INFO - [2025-06-20T13:06:19.658+0000] {dag.py:2981} INFO - Setting next_dagrun for example_xcom_args_with_operators to None, run_after=None
[2025-06-20T13:06:19.664+0000] {processor.py:161} INFO - Processing /home/airflow/.local/lib/python3.7/site-packages/airflow/example_dags/example_xcomargs.py took 0.035 seconds
[2025-06-20T13:06:49.820+0000] {processor.py:153} INFO - Started process (PID=411) to work on /home/airflow/.local/lib/python3.7/site-packages/airflow/example_dags/example_xcomargs.py
[2025-06-20T13:06:49.821+0000] {processor.py:640} INFO - Processing file /home/airflow/.local/lib/python3.7/site-packages/airflow/example_dags/example_xcomargs.py for tasks to queue
[2025-06-20T13:06:49.821+0000] {logging_mixin.py:115} INFO - [2025-06-20T13:06:49.821+0000] {dagbag.py:508} INFO - Filling up the DagBag from /home/airflow/.local/lib/python3.7/site-packages/airflow/example_dags/example_xcomargs.py
[2025-06-20T13:06:49.829+0000] {processor.py:650} INFO - DAG(s) dict_keys(['example_xcom_args', 'example_xcom_args_with_operators']) retrieved from /home/airflow/.local/lib/python3.7/site-packages/airflow/example_dags/example_xcomargs.py
[2025-06-20T13:06:49.847+0000] {logging_mixin.py:115} INFO - [2025-06-20T13:06:49.847+0000] {dag.py:2429} INFO - Sync 2 DAGs
[2025-06-20T13:06:49.858+0000] {logging_mixin.py:115} INFO - [2025-06-20T13:06:49.858+0000] {dag.py:2981} INFO - Setting next_dagrun for example_xcom_args to None, run_after=None
[2025-06-20T13:06:49.860+0000] {logging_mixin.py:115} INFO - [2025-06-20T13:06:49.860+0000] {dag.py:2981} INFO - Setting next_dagrun for example_xcom_args_with_operators to None, run_after=None
[2025-06-20T13:06:49.872+0000] {processor.py:161} INFO - Processing /home/airflow/.local/lib/python3.7/site-packages/airflow/example_dags/example_xcomargs.py took 0.054 seconds
[2025-06-20T13:07:19.896+0000] {processor.py:153} INFO - Started process (PID=471) to work on /home/airflow/.local/lib/python3.7/site-packages/airflow/example_dags/example_xcomargs.py
[2025-06-20T13:07:19.897+0000] {processor.py:640} INFO - Processing file /home/airflow/.local/lib/python3.7/site-packages/airflow/example_dags/example_xcomargs.py for tasks to queue
[2025-06-20T13:07:19.898+0000] {logging_mixin.py:115} INFO - [2025-06-20T13:07:19.898+0000] {dagbag.py:508} INFO - Filling up the DagBag from /home/airflow/.local/lib/python3.7/site-packages/airflow/example_dags/example_xcomargs.py
[2025-06-20T13:07:19.906+0000] {processor.py:650} INFO - DAG(s) dict_keys(['example_xcom_args', 'example_xcom_args_with_operators']) retrieved from /home/airflow/.local/lib/python3.7/site-packages/airflow/example_dags/example_xcomargs.py
[2025-06-20T13:07:19.917+0000] {logging_mixin.py:115} INFO - [2025-06-20T13:07:19.917+0000] {dag.py:2429} INFO - Sync 2 DAGs
[2025-06-20T13:07:19.925+0000] {logging_mixin.py:115} INFO - [2025-06-20T13:07:19.924+0000] {dag.py:2981} INFO - Setting next_dagrun for example_xcom_args to None, run_after=None
[2025-06-20T13:07:19.925+0000] {logging_mixin.py:115} INFO - [2025-06-20T13:07:19.925+0000] {dag.py:2981} INFO - Setting next_dagrun for example_xcom_args_with_operators to None, run_after=None
[2025-06-20T13:07:19.930+0000] {processor.py:161} INFO - Processing /home/airflow/.local/lib/python3.7/site-packages/airflow/example_dags/example_xcomargs.py took 0.035 seconds
[2025-06-20T13:07:50.006+0000] {processor.py:153} INFO - Started process (PID=532) to work on /home/airflow/.local/lib/python3.7/site-packages/airflow/example_dags/example_xcomargs.py
[2025-06-20T13:07:50.007+0000] {processor.py:640} INFO - Processing file /home/airflow/.local/lib/python3.7/site-packages/airflow/example_dags/example_xcomargs.py for tasks to queue
[2025-06-20T13:07:50.007+0000] {logging_mixin.py:115} INFO - [2025-06-20T13:07:50.007+0000] {dagbag.py:508} INFO - Filling up the DagBag from /home/airflow/.local/lib/python3.7/site-packages/airflow/example_dags/example_xcomargs.py
[2025-06-20T13:07:50.015+0000] {processor.py:650} INFO - DAG(s) dict_keys(['example_xcom_args', 'example_xcom_args_with_operators']) retrieved from /home/airflow/.local/lib/python3.7/site-packages/airflow/example_dags/example_xcomargs.py
[2025-06-20T13:07:50.030+0000] {logging_mixin.py:115} INFO - [2025-06-20T13:07:50.030+0000] {dag.py:2429} INFO - Sync 2 DAGs
[2025-06-20T13:07:50.042+0000] {logging_mixin.py:115} INFO - [2025-06-20T13:07:50.042+0000] {dag.py:2981} INFO - Setting next_dagrun for example_xcom_args to None, run_after=None
[2025-06-20T13:07:50.042+0000] {logging_mixin.py:115} INFO - [2025-06-20T13:07:50.042+0000] {dag.py:2981} INFO - Setting next_dagrun for example_xcom_args_with_operators to None, run_after=None
[2025-06-20T13:07:50.050+0000] {processor.py:161} INFO - Processing /home/airflow/.local/lib/python3.7/site-packages/airflow/example_dags/example_xcomargs.py took 0.046 seconds
[2025-06-20T13:08:20.076+0000] {processor.py:153} INFO - Started process (PID=593) to work on /home/airflow/.local/lib/python3.7/site-packages/airflow/example_dags/example_xcomargs.py
[2025-06-20T13:08:20.077+0000] {processor.py:640} INFO - Processing file /home/airflow/.local/lib/python3.7/site-packages/airflow/example_dags/example_xcomargs.py for tasks to queue
[2025-06-20T13:08:20.077+0000] {logging_mixin.py:115} INFO - [2025-06-20T13:08:20.077+0000] {dagbag.py:508} INFO - Filling up the DagBag from /home/airflow/.local/lib/python3.7/site-packages/airflow/example_dags/example_xcomargs.py
[2025-06-20T13:08:20.087+0000] {processor.py:650} INFO - DAG(s) dict_keys(['example_xcom_args', 'example_xcom_args_with_operators']) retrieved from /home/airflow/.local/lib/python3.7/site-packages/airflow/example_dags/example_xcomargs.py
[2025-06-20T13:08:20.098+0000] {logging_mixin.py:115} INFO - [2025-06-20T13:08:20.098+0000] {dag.py:2429} INFO - Sync 2 DAGs
[2025-06-20T13:08:20.108+0000] {logging_mixin.py:115} INFO - [2025-06-20T13:08:20.108+0000] {dag.py:2981} INFO - Setting next_dagrun for example_xcom_args to None, run_after=None
[2025-06-20T13:08:20.108+0000] {logging_mixin.py:115} INFO - [2025-06-20T13:08:20.108+0000] {dag.py:2981} INFO - Setting next_dagrun for example_xcom_args_with_operators to None, run_after=None
[2025-06-20T13:08:20.116+0000] {processor.py:161} INFO - Processing /home/airflow/.local/lib/python3.7/site-packages/airflow/example_dags/example_xcomargs.py took 0.042 seconds
[2025-06-20T13:08:50.160+0000] {processor.py:153} INFO - Started process (PID=645) to work on /home/airflow/.local/lib/python3.7/site-packages/airflow/example_dags/example_xcomargs.py
[2025-06-20T13:08:50.161+0000] {processor.py:640} INFO - Processing file /home/airflow/.local/lib/python3.7/site-packages/airflow/example_dags/example_xcomargs.py for tasks to queue
[2025-06-20T13:08:50.161+0000] {logging_mixin.py:115} INFO - [2025-06-20T13:08:50.161+0000] {dagbag.py:508} INFO - Filling up the DagBag from /home/airflow/.local/lib/python3.7/site-packages/airflow/example_dags/example_xcomargs.py
[2025-06-20T13:08:50.169+0000] {processor.py:650} INFO - DAG(s) dict_keys(['example_xcom_args', 'example_xcom_args_with_operators']) retrieved from /home/airflow/.local/lib/python3.7/site-packages/airflow/example_dags/example_xcomargs.py
[2025-06-20T13:08:50.197+0000] {logging_mixin.py:115} INFO - [2025-06-20T13:08:50.197+0000] {dag.py:2429} INFO - Sync 2 DAGs
[2025-06-20T13:08:50.205+0000] {logging_mixin.py:115} INFO - [2025-06-20T13:08:50.205+0000] {dag.py:2981} INFO - Setting next_dagrun for example_xcom_args to None, run_after=None
[2025-06-20T13:08:50.206+0000] {logging_mixin.py:115} INFO - [2025-06-20T13:08:50.206+0000] {dag.py:2981} INFO - Setting next_dagrun for example_xcom_args_with_operators to None, run_after=None
[2025-06-20T13:08:50.211+0000] {processor.py:161} INFO - Processing /home/airflow/.local/lib/python3.7/site-packages/airflow/example_dags/example_xcomargs.py took 0.052 seconds
[2025-06-20T13:09:20.290+0000] {processor.py:153} INFO - Started process (PID=706) to work on /home/airflow/.local/lib/python3.7/site-packages/airflow/example_dags/example_xcomargs.py
[2025-06-20T13:09:20.291+0000] {processor.py:640} INFO - Processing file /home/airflow/.local/lib/python3.7/site-packages/airflow/example_dags/example_xcomargs.py for tasks to queue
[2025-06-20T13:09:20.291+0000] {logging_mixin.py:115} INFO - [2025-06-20T13:09:20.291+0000] {dagbag.py:508} INFO - Filling up the DagBag from /home/airflow/.local/lib/python3.7/site-packages/airflow/example_dags/example_xcomargs.py
[2025-06-20T13:09:20.300+0000] {processor.py:650} INFO - DAG(s) dict_keys(['example_xcom_args', 'example_xcom_args_with_operators']) retrieved from /home/airflow/.local/lib/python3.7/site-packages/airflow/example_dags/example_xcomargs.py
[2025-06-20T13:09:20.328+0000] {logging_mixin.py:115} INFO - [2025-06-20T13:09:20.328+0000] {dag.py:2429} INFO - Sync 2 DAGs
[2025-06-20T13:09:20.338+0000] {logging_mixin.py:115} INFO - [2025-06-20T13:09:20.337+0000] {dag.py:2981} INFO - Setting next_dagrun for example_xcom_args to None, run_after=None
[2025-06-20T13:09:20.339+0000] {logging_mixin.py:115} INFO - [2025-06-20T13:09:20.339+0000] {dag.py:2981} INFO - Setting next_dagrun for example_xcom_args_with_operators to None, run_after=None
[2025-06-20T13:09:20.344+0000] {processor.py:161} INFO - Processing /home/airflow/.local/lib/python3.7/site-packages/airflow/example_dags/example_xcomargs.py took 0.055 seconds
[2025-06-20T13:09:50.398+0000] {processor.py:153} INFO - Started process (PID=767) to work on /home/airflow/.local/lib/python3.7/site-packages/airflow/example_dags/example_xcomargs.py
[2025-06-20T13:09:50.399+0000] {processor.py:640} INFO - Processing file /home/airflow/.local/lib/python3.7/site-packages/airflow/example_dags/example_xcomargs.py for tasks to queue
[2025-06-20T13:09:50.399+0000] {logging_mixin.py:115} INFO - [2025-06-20T13:09:50.399+0000] {dagbag.py:508} INFO - Filling up the DagBag from /home/airflow/.local/lib/python3.7/site-packages/airflow/example_dags/example_xcomargs.py
[2025-06-20T13:09:50.406+0000] {processor.py:650} INFO - DAG(s) dict_keys(['example_xcom_args', 'example_xcom_args_with_operators']) retrieved from /home/airflow/.local/lib/python3.7/site-packages/airflow/example_dags/example_xcomargs.py
[2025-06-20T13:09:50.432+0000] {logging_mixin.py:115} INFO - [2025-06-20T13:09:50.432+0000] {dag.py:2429} INFO - Sync 2 DAGs
[2025-06-20T13:09:50.439+0000] {logging_mixin.py:115} INFO - [2025-06-20T13:09:50.439+0000] {dag.py:2981} INFO - Setting next_dagrun for example_xcom_args to None, run_after=None
[2025-06-20T13:09:50.440+0000] {logging_mixin.py:115} INFO - [2025-06-20T13:09:50.440+0000] {dag.py:2981} INFO - Setting next_dagrun for example_xcom_args_with_operators to None, run_after=None
[2025-06-20T13:09:50.444+0000] {processor.py:161} INFO - Processing /home/airflow/.local/lib/python3.7/site-packages/airflow/example_dags/example_xcomargs.py took 0.047 seconds
[2025-06-20T13:10:20.545+0000] {processor.py:153} INFO - Started process (PID=828) to work on /home/airflow/.local/lib/python3.7/site-packages/airflow/example_dags/example_xcomargs.py
[2025-06-20T13:10:20.546+0000] {processor.py:640} INFO - Processing file /home/airflow/.local/lib/python3.7/site-packages/airflow/example_dags/example_xcomargs.py for tasks to queue
[2025-06-20T13:10:20.546+0000] {logging_mixin.py:115} INFO - [2025-06-20T13:10:20.546+0000] {dagbag.py:508} INFO - Filling up the DagBag from /home/airflow/.local/lib/python3.7/site-packages/airflow/example_dags/example_xcomargs.py
[2025-06-20T13:10:20.554+0000] {processor.py:650} INFO - DAG(s) dict_keys(['example_xcom_args', 'example_xcom_args_with_operators']) retrieved from /home/airflow/.local/lib/python3.7/site-packages/airflow/example_dags/example_xcomargs.py
[2025-06-20T13:10:20.565+0000] {logging_mixin.py:115} INFO - [2025-06-20T13:10:20.565+0000] {dag.py:2429} INFO - Sync 2 DAGs
[2025-06-20T13:10:20.575+0000] {logging_mixin.py:115} INFO - [2025-06-20T13:10:20.575+0000] {dag.py:2981} INFO - Setting next_dagrun for example_xcom_args to None, run_after=None
[2025-06-20T13:10:20.576+0000] {logging_mixin.py:115} INFO - [2025-06-20T13:10:20.576+0000] {dag.py:2981} INFO - Setting next_dagrun for example_xcom_args_with_operators to None, run_after=None
[2025-06-20T13:10:20.580+0000] {processor.py:161} INFO - Processing /home/airflow/.local/lib/python3.7/site-packages/airflow/example_dags/example_xcomargs.py took 0.036 seconds
[2025-06-20T13:10:50.669+0000] {processor.py:153} INFO - Started process (PID=889) to work on /home/airflow/.local/lib/python3.7/site-packages/airflow/example_dags/example_xcomargs.py
[2025-06-20T13:10:50.669+0000] {processor.py:640} INFO - Processing file /home/airflow/.local/lib/python3.7/site-packages/airflow/example_dags/example_xcomargs.py for tasks to queue
[2025-06-20T13:10:50.670+0000] {logging_mixin.py:115} INFO - [2025-06-20T13:10:50.670+0000] {dagbag.py:508} INFO - Filling up the DagBag from /home/airflow/.local/lib/python3.7/site-packages/airflow/example_dags/example_xcomargs.py
[2025-06-20T13:10:50.677+0000] {processor.py:650} INFO - DAG(s) dict_keys(['example_xcom_args', 'example_xcom_args_with_operators']) retrieved from /home/airflow/.local/lib/python3.7/site-packages/airflow/example_dags/example_xcomargs.py
[2025-06-20T13:10:50.691+0000] {logging_mixin.py:115} INFO - [2025-06-20T13:10:50.691+0000] {dag.py:2429} INFO - Sync 2 DAGs
[2025-06-20T13:10:50.701+0000] {logging_mixin.py:115} INFO - [2025-06-20T13:10:50.701+0000] {dag.py:2981} INFO - Setting next_dagrun for example_xcom_args to None, run_after=None
[2025-06-20T13:10:50.702+0000] {logging_mixin.py:115} INFO - [2025-06-20T13:10:50.702+0000] {dag.py:2981} INFO - Setting next_dagrun for example_xcom_args_with_operators to None, run_after=None
[2025-06-20T13:10:50.707+0000] {processor.py:161} INFO - Processing /home/airflow/.local/lib/python3.7/site-packages/airflow/example_dags/example_xcomargs.py took 0.039 seconds
[2025-06-20T13:11:20.859+0000] {processor.py:153} INFO - Started process (PID=950) to work on /home/airflow/.local/lib/python3.7/site-packages/airflow/example_dags/example_xcomargs.py
[2025-06-20T13:11:20.860+0000] {processor.py:640} INFO - Processing file /home/airflow/.local/lib/python3.7/site-packages/airflow/example_dags/example_xcomargs.py for tasks to queue
[2025-06-20T13:11:20.861+0000] {logging_mixin.py:115} INFO - [2025-06-20T13:11:20.860+0000] {dagbag.py:508} INFO - Filling up the DagBag from /home/airflow/.local/lib/python3.7/site-packages/airflow/example_dags/example_xcomargs.py
[2025-06-20T13:11:20.869+0000] {processor.py:650} INFO - DAG(s) dict_keys(['example_xcom_args', 'example_xcom_args_with_operators']) retrieved from /home/airflow/.local/lib/python3.7/site-packages/airflow/example_dags/example_xcomargs.py
[2025-06-20T13:11:20.905+0000] {logging_mixin.py:115} INFO - [2025-06-20T13:11:20.905+0000] {dag.py:2429} INFO - Sync 2 DAGs
[2025-06-20T13:11:20.915+0000] {logging_mixin.py:115} INFO - [2025-06-20T13:11:20.915+0000] {dag.py:2981} INFO - Setting next_dagrun for example_xcom_args to None, run_after=None
[2025-06-20T13:11:20.915+0000] {logging_mixin.py:115} INFO - [2025-06-20T13:11:20.915+0000] {dag.py:2981} INFO - Setting next_dagrun for example_xcom_args_with_operators to None, run_after=None
[2025-06-20T13:11:20.921+0000] {processor.py:161} INFO - Processing /home/airflow/.local/lib/python3.7/site-packages/airflow/example_dags/example_xcomargs.py took 0.063 seconds
[2025-06-20T13:11:50.962+0000] {processor.py:153} INFO - Started process (PID=1002) to work on /home/airflow/.local/lib/python3.7/site-packages/airflow/example_dags/example_xcomargs.py
[2025-06-20T13:11:50.962+0000] {processor.py:640} INFO - Processing file /home/airflow/.local/lib/python3.7/site-packages/airflow/example_dags/example_xcomargs.py for tasks to queue
[2025-06-20T13:11:50.962+0000] {logging_mixin.py:115} INFO - [2025-06-20T13:11:50.962+0000] {dagbag.py:508} INFO - Filling up the DagBag from /home/airflow/.local/lib/python3.7/site-packages/airflow/example_dags/example_xcomargs.py
[2025-06-20T13:11:50.970+0000] {processor.py:650} INFO - DAG(s) dict_keys(['example_xcom_args', 'example_xcom_args_with_operators']) retrieved from /home/airflow/.local/lib/python3.7/site-packages/airflow/example_dags/example_xcomargs.py
[2025-06-20T13:11:50.982+0000] {logging_mixin.py:115} INFO - [2025-06-20T13:11:50.982+0000] {dag.py:2429} INFO - Sync 2 DAGs
[2025-06-20T13:11:51.026+0000] {logging_mixin.py:115} INFO - [2025-06-20T13:11:51.025+0000] {dag.py:2981} INFO - Setting next_dagrun for example_xcom_args to None, run_after=None
[2025-06-20T13:11:51.027+0000] {logging_mixin.py:115} INFO - [2025-06-20T13:11:51.026+0000] {dag.py:2981} INFO - Setting next_dagrun for example_xcom_args_with_operators to None, run_after=None
[2025-06-20T13:11:51.040+0000] {processor.py:161} INFO - Processing /home/airflow/.local/lib/python3.7/site-packages/airflow/example_dags/example_xcomargs.py took 0.080 seconds
[2025-06-20T13:12:21.100+0000] {processor.py:153} INFO - Started process (PID=1063) to work on /home/airflow/.local/lib/python3.7/site-packages/airflow/example_dags/example_xcomargs.py
[2025-06-20T13:12:21.101+0000] {processor.py:640} INFO - Processing file /home/airflow/.local/lib/python3.7/site-packages/airflow/example_dags/example_xcomargs.py for tasks to queue
[2025-06-20T13:12:21.102+0000] {logging_mixin.py:115} INFO - [2025-06-20T13:12:21.102+0000] {dagbag.py:508} INFO - Filling up the DagBag from /home/airflow/.local/lib/python3.7/site-packages/airflow/example_dags/example_xcomargs.py
[2025-06-20T13:12:21.110+0000] {processor.py:650} INFO - DAG(s) dict_keys(['example_xcom_args', 'example_xcom_args_with_operators']) retrieved from /home/airflow/.local/lib/python3.7/site-packages/airflow/example_dags/example_xcomargs.py
[2025-06-20T13:12:21.139+0000] {logging_mixin.py:115} INFO - [2025-06-20T13:12:21.139+0000] {dag.py:2429} INFO - Sync 2 DAGs
[2025-06-20T13:12:21.149+0000] {logging_mixin.py:115} INFO - [2025-06-20T13:12:21.148+0000] {dag.py:2981} INFO - Setting next_dagrun for example_xcom_args to None, run_after=None
[2025-06-20T13:12:21.149+0000] {logging_mixin.py:115} INFO - [2025-06-20T13:12:21.149+0000] {dag.py:2981} INFO - Setting next_dagrun for example_xcom_args_with_operators to None, run_after=None
[2025-06-20T13:12:21.154+0000] {processor.py:161} INFO - Processing /home/airflow/.local/lib/python3.7/site-packages/airflow/example_dags/example_xcomargs.py took 0.055 seconds
[2025-06-20T13:12:51.209+0000] {processor.py:153} INFO - Started process (PID=1124) to work on /home/airflow/.local/lib/python3.7/site-packages/airflow/example_dags/example_xcomargs.py
[2025-06-20T13:12:51.209+0000] {processor.py:640} INFO - Processing file /home/airflow/.local/lib/python3.7/site-packages/airflow/example_dags/example_xcomargs.py for tasks to queue
[2025-06-20T13:12:51.210+0000] {logging_mixin.py:115} INFO - [2025-06-20T13:12:51.210+0000] {dagbag.py:508} INFO - Filling up the DagBag from /home/airflow/.local/lib/python3.7/site-packages/airflow/example_dags/example_xcomargs.py
[2025-06-20T13:12:51.217+0000] {processor.py:650} INFO - DAG(s) dict_keys(['example_xcom_args', 'example_xcom_args_with_operators']) retrieved from /home/airflow/.local/lib/python3.7/site-packages/airflow/example_dags/example_xcomargs.py
[2025-06-20T13:12:51.245+0000] {logging_mixin.py:115} INFO - [2025-06-20T13:12:51.245+0000] {dag.py:2429} INFO - Sync 2 DAGs
[2025-06-20T13:12:51.252+0000] {logging_mixin.py:115} INFO - [2025-06-20T13:12:51.252+0000] {dag.py:2981} INFO - Setting next_dagrun for example_xcom_args to None, run_after=None
[2025-06-20T13:12:51.252+0000] {logging_mixin.py:115} INFO - [2025-06-20T13:12:51.252+0000] {dag.py:2981} INFO - Setting next_dagrun for example_xcom_args_with_operators to None, run_after=None
[2025-06-20T13:12:51.257+0000] {processor.py:161} INFO - Processing /home/airflow/.local/lib/python3.7/site-packages/airflow/example_dags/example_xcomargs.py took 0.049 seconds
[2025-06-20T13:13:21.330+0000] {processor.py:153} INFO - Started process (PID=1185) to work on /home/airflow/.local/lib/python3.7/site-packages/airflow/example_dags/example_xcomargs.py
[2025-06-20T13:13:21.331+0000] {processor.py:640} INFO - Processing file /home/airflow/.local/lib/python3.7/site-packages/airflow/example_dags/example_xcomargs.py for tasks to queue
[2025-06-20T13:13:21.331+0000] {logging_mixin.py:115} INFO - [2025-06-20T13:13:21.331+0000] {dagbag.py:508} INFO - Filling up the DagBag from /home/airflow/.local/lib/python3.7/site-packages/airflow/example_dags/example_xcomargs.py
[2025-06-20T13:13:21.339+0000] {processor.py:650} INFO - DAG(s) dict_keys(['example_xcom_args', 'example_xcom_args_with_operators']) retrieved from /home/airflow/.local/lib/python3.7/site-packages/airflow/example_dags/example_xcomargs.py
[2025-06-20T13:13:21.352+0000] {logging_mixin.py:115} INFO - [2025-06-20T13:13:21.352+0000] {dag.py:2429} INFO - Sync 2 DAGs
[2025-06-20T13:13:21.362+0000] {logging_mixin.py:115} INFO - [2025-06-20T13:13:21.362+0000] {dag.py:2981} INFO - Setting next_dagrun for example_xcom_args to None, run_after=None
[2025-06-20T13:13:21.365+0000] {logging_mixin.py:115} INFO - [2025-06-20T13:13:21.365+0000] {dag.py:2981} INFO - Setting next_dagrun for example_xcom_args_with_operators to None, run_after=None
[2025-06-20T13:13:21.371+0000] {processor.py:161} INFO - Processing /home/airflow/.local/lib/python3.7/site-packages/airflow/example_dags/example_xcomargs.py took 0.043 seconds
[2025-06-20T13:13:51.611+0000] {processor.py:153} INFO - Started process (PID=1246) to work on /home/airflow/.local/lib/python3.7/site-packages/airflow/example_dags/example_xcomargs.py
[2025-06-20T13:13:51.612+0000] {processor.py:640} INFO - Processing file /home/airflow/.local/lib/python3.7/site-packages/airflow/example_dags/example_xcomargs.py for tasks to queue
[2025-06-20T13:13:51.612+0000] {logging_mixin.py:115} INFO - [2025-06-20T13:13:51.612+0000] {dagbag.py:508} INFO - Filling up the DagBag from /home/airflow/.local/lib/python3.7/site-packages/airflow/example_dags/example_xcomargs.py
[2025-06-20T13:13:51.622+0000] {processor.py:650} INFO - DAG(s) dict_keys(['example_xcom_args', 'example_xcom_args_with_operators']) retrieved from /home/airflow/.local/lib/python3.7/site-packages/airflow/example_dags/example_xcomargs.py
[2025-06-20T13:13:51.665+0000] {logging_mixin.py:115} INFO - [2025-06-20T13:13:51.665+0000] {dag.py:2429} INFO - Sync 2 DAGs
[2025-06-20T13:13:51.676+0000] {logging_mixin.py:115} INFO - [2025-06-20T13:13:51.676+0000] {dag.py:2981} INFO - Setting next_dagrun for example_xcom_args to None, run_after=None
[2025-06-20T13:13:51.676+0000] {logging_mixin.py:115} INFO - [2025-06-20T13:13:51.676+0000] {dag.py:2981} INFO - Setting next_dagrun for example_xcom_args_with_operators to None, run_after=None
[2025-06-20T13:13:51.682+0000] {processor.py:161} INFO - Processing /home/airflow/.local/lib/python3.7/site-packages/airflow/example_dags/example_xcomargs.py took 0.073 seconds
[2025-06-20T13:14:21.792+0000] {processor.py:153} INFO - Started process (PID=1298) to work on /home/airflow/.local/lib/python3.7/site-packages/airflow/example_dags/example_xcomargs.py
[2025-06-20T13:14:21.793+0000] {processor.py:640} INFO - Processing file /home/airflow/.local/lib/python3.7/site-packages/airflow/example_dags/example_xcomargs.py for tasks to queue
[2025-06-20T13:14:21.794+0000] {logging_mixin.py:115} INFO - [2025-06-20T13:14:21.794+0000] {dagbag.py:508} INFO - Filling up the DagBag from /home/airflow/.local/lib/python3.7/site-packages/airflow/example_dags/example_xcomargs.py
[2025-06-20T13:14:21.803+0000] {processor.py:650} INFO - DAG(s) dict_keys(['example_xcom_args', 'example_xcom_args_with_operators']) retrieved from /home/airflow/.local/lib/python3.7/site-packages/airflow/example_dags/example_xcomargs.py
[2025-06-20T13:14:21.813+0000] {logging_mixin.py:115} INFO - [2025-06-20T13:14:21.813+0000] {dag.py:2429} INFO - Sync 2 DAGs
[2025-06-20T13:14:21.823+0000] {logging_mixin.py:115} INFO - [2025-06-20T13:14:21.823+0000] {dag.py:2981} INFO - Setting next_dagrun for example_xcom_args to None, run_after=None
[2025-06-20T13:14:21.823+0000] {logging_mixin.py:115} INFO - [2025-06-20T13:14:21.823+0000] {dag.py:2981} INFO - Setting next_dagrun for example_xcom_args_with_operators to None, run_after=None
[2025-06-20T13:14:21.827+0000] {processor.py:161} INFO - Processing /home/airflow/.local/lib/python3.7/site-packages/airflow/example_dags/example_xcomargs.py took 0.036 seconds
[2025-06-20T13:14:51.923+0000] {processor.py:153} INFO - Started process (PID=1359) to work on /home/airflow/.local/lib/python3.7/site-packages/airflow/example_dags/example_xcomargs.py
[2025-06-20T13:14:51.924+0000] {processor.py:640} INFO - Processing file /home/airflow/.local/lib/python3.7/site-packages/airflow/example_dags/example_xcomargs.py for tasks to queue
[2025-06-20T13:14:51.924+0000] {logging_mixin.py:115} INFO - [2025-06-20T13:14:51.924+0000] {dagbag.py:508} INFO - Filling up the DagBag from /home/airflow/.local/lib/python3.7/site-packages/airflow/example_dags/example_xcomargs.py
[2025-06-20T13:14:51.931+0000] {processor.py:650} INFO - DAG(s) dict_keys(['example_xcom_args', 'example_xcom_args_with_operators']) retrieved from /home/airflow/.local/lib/python3.7/site-packages/airflow/example_dags/example_xcomargs.py
[2025-06-20T13:14:51.942+0000] {logging_mixin.py:115} INFO - [2025-06-20T13:14:51.942+0000] {dag.py:2429} INFO - Sync 2 DAGs
[2025-06-20T13:14:51.951+0000] {logging_mixin.py:115} INFO - [2025-06-20T13:14:51.951+0000] {dag.py:2981} INFO - Setting next_dagrun for example_xcom_args to None, run_after=None
[2025-06-20T13:14:51.951+0000] {logging_mixin.py:115} INFO - [2025-06-20T13:14:51.951+0000] {dag.py:2981} INFO - Setting next_dagrun for example_xcom_args_with_operators to None, run_after=None
[2025-06-20T13:14:51.955+0000] {processor.py:161} INFO - Processing /home/airflow/.local/lib/python3.7/site-packages/airflow/example_dags/example_xcomargs.py took 0.032 seconds
[2025-06-20T13:15:22.019+0000] {processor.py:153} INFO - Started process (PID=1420) to work on /home/airflow/.local/lib/python3.7/site-packages/airflow/example_dags/example_xcomargs.py
[2025-06-20T13:15:22.020+0000] {processor.py:640} INFO - Processing file /home/airflow/.local/lib/python3.7/site-packages/airflow/example_dags/example_xcomargs.py for tasks to queue
[2025-06-20T13:15:22.020+0000] {logging_mixin.py:115} INFO - [2025-06-20T13:15:22.020+0000] {dagbag.py:508} INFO - Filling up the DagBag from /home/airflow/.local/lib/python3.7/site-packages/airflow/example_dags/example_xcomargs.py
[2025-06-20T13:15:22.029+0000] {processor.py:650} INFO - DAG(s) dict_keys(['example_xcom_args', 'example_xcom_args_with_operators']) retrieved from /home/airflow/.local/lib/python3.7/site-packages/airflow/example_dags/example_xcomargs.py
[2025-06-20T13:15:22.045+0000] {logging_mixin.py:115} INFO - [2025-06-20T13:15:22.045+0000] {dag.py:2429} INFO - Sync 2 DAGs
[2025-06-20T13:15:22.055+0000] {logging_mixin.py:115} INFO - [2025-06-20T13:15:22.055+0000] {dag.py:2981} INFO - Setting next_dagrun for example_xcom_args to None, run_after=None
[2025-06-20T13:15:22.055+0000] {logging_mixin.py:115} INFO - [2025-06-20T13:15:22.055+0000] {dag.py:2981} INFO - Setting next_dagrun for example_xcom_args_with_operators to None, run_after=None
[2025-06-20T13:15:22.060+0000] {processor.py:161} INFO - Processing /home/airflow/.local/lib/python3.7/site-packages/airflow/example_dags/example_xcomargs.py took 0.042 seconds
[2025-06-20T13:15:52.113+0000] {processor.py:153} INFO - Started process (PID=1481) to work on /home/airflow/.local/lib/python3.7/site-packages/airflow/example_dags/example_xcomargs.py
[2025-06-20T13:15:52.114+0000] {processor.py:640} INFO - Processing file /home/airflow/.local/lib/python3.7/site-packages/airflow/example_dags/example_xcomargs.py for tasks to queue
[2025-06-20T13:15:52.115+0000] {logging_mixin.py:115} INFO - [2025-06-20T13:15:52.115+0000] {dagbag.py:508} INFO - Filling up the DagBag from /home/airflow/.local/lib/python3.7/site-packages/airflow/example_dags/example_xcomargs.py
[2025-06-20T13:15:52.123+0000] {processor.py:650} INFO - DAG(s) dict_keys(['example_xcom_args', 'example_xcom_args_with_operators']) retrieved from /home/airflow/.local/lib/python3.7/site-packages/airflow/example_dags/example_xcomargs.py
[2025-06-20T13:15:52.153+0000] {logging_mixin.py:115} INFO - [2025-06-20T13:15:52.153+0000] {dag.py:2429} INFO - Sync 2 DAGs
[2025-06-20T13:15:52.161+0000] {logging_mixin.py:115} INFO - [2025-06-20T13:15:52.161+0000] {dag.py:2981} INFO - Setting next_dagrun for example_xcom_args to None, run_after=None
[2025-06-20T13:15:52.162+0000] {logging_mixin.py:115} INFO - [2025-06-20T13:15:52.162+0000] {dag.py:2981} INFO - Setting next_dagrun for example_xcom_args_with_operators to None, run_after=None
[2025-06-20T13:15:52.166+0000] {processor.py:161} INFO - Processing /home/airflow/.local/lib/python3.7/site-packages/airflow/example_dags/example_xcomargs.py took 0.055 seconds
[2025-06-20T13:16:22.378+0000] {processor.py:153} INFO - Started process (PID=1542) to work on /home/airflow/.local/lib/python3.7/site-packages/airflow/example_dags/example_xcomargs.py
[2025-06-20T13:16:22.379+0000] {processor.py:640} INFO - Processing file /home/airflow/.local/lib/python3.7/site-packages/airflow/example_dags/example_xcomargs.py for tasks to queue
[2025-06-20T13:16:22.379+0000] {logging_mixin.py:115} INFO - [2025-06-20T13:16:22.379+0000] {dagbag.py:508} INFO - Filling up the DagBag from /home/airflow/.local/lib/python3.7/site-packages/airflow/example_dags/example_xcomargs.py
[2025-06-20T13:16:22.388+0000] {processor.py:650} INFO - DAG(s) dict_keys(['example_xcom_args', 'example_xcom_args_with_operators']) retrieved from /home/airflow/.local/lib/python3.7/site-packages/airflow/example_dags/example_xcomargs.py
[2025-06-20T13:16:22.418+0000] {logging_mixin.py:115} INFO - [2025-06-20T13:16:22.418+0000] {dag.py:2429} INFO - Sync 2 DAGs
[2025-06-20T13:16:22.429+0000] {logging_mixin.py:115} INFO - [2025-06-20T13:16:22.429+0000] {dag.py:2981} INFO - Setting next_dagrun for example_xcom_args to None, run_after=None
[2025-06-20T13:16:22.429+0000] {logging_mixin.py:115} INFO - [2025-06-20T13:16:22.429+0000] {dag.py:2981} INFO - Setting next_dagrun for example_xcom_args_with_operators to None, run_after=None
[2025-06-20T13:16:22.434+0000] {processor.py:161} INFO - Processing /home/airflow/.local/lib/python3.7/site-packages/airflow/example_dags/example_xcomargs.py took 0.057 seconds
[2025-06-20T13:16:52.544+0000] {processor.py:153} INFO - Started process (PID=1601) to work on /home/airflow/.local/lib/python3.7/site-packages/airflow/example_dags/example_xcomargs.py
[2025-06-20T13:16:52.545+0000] {processor.py:640} INFO - Processing file /home/airflow/.local/lib/python3.7/site-packages/airflow/example_dags/example_xcomargs.py for tasks to queue
[2025-06-20T13:16:52.547+0000] {logging_mixin.py:115} INFO - [2025-06-20T13:16:52.547+0000] {dagbag.py:508} INFO - Filling up the DagBag from /home/airflow/.local/lib/python3.7/site-packages/airflow/example_dags/example_xcomargs.py
[2025-06-20T13:16:52.556+0000] {processor.py:650} INFO - DAG(s) dict_keys(['example_xcom_args', 'example_xcom_args_with_operators']) retrieved from /home/airflow/.local/lib/python3.7/site-packages/airflow/example_dags/example_xcomargs.py
[2025-06-20T13:16:52.592+0000] {logging_mixin.py:115} INFO - [2025-06-20T13:16:52.592+0000] {dag.py:2429} INFO - Sync 2 DAGs
[2025-06-20T13:16:52.601+0000] {logging_mixin.py:115} INFO - [2025-06-20T13:16:52.601+0000] {dag.py:2981} INFO - Setting next_dagrun for example_xcom_args to None, run_after=None
[2025-06-20T13:16:52.602+0000] {logging_mixin.py:115} INFO - [2025-06-20T13:16:52.602+0000] {dag.py:2981} INFO - Setting next_dagrun for example_xcom_args_with_operators to None, run_after=None
[2025-06-20T13:16:52.607+0000] {processor.py:161} INFO - Processing /home/airflow/.local/lib/python3.7/site-packages/airflow/example_dags/example_xcomargs.py took 0.065 seconds
[2025-06-20T13:17:22.624+0000] {processor.py:153} INFO - Started process (PID=1654) to work on /home/airflow/.local/lib/python3.7/site-packages/airflow/example_dags/example_xcomargs.py
[2025-06-20T13:17:22.625+0000] {processor.py:640} INFO - Processing file /home/airflow/.local/lib/python3.7/site-packages/airflow/example_dags/example_xcomargs.py for tasks to queue
[2025-06-20T13:17:22.625+0000] {logging_mixin.py:115} INFO - [2025-06-20T13:17:22.625+0000] {dagbag.py:508} INFO - Filling up the DagBag from /home/airflow/.local/lib/python3.7/site-packages/airflow/example_dags/example_xcomargs.py
[2025-06-20T13:17:22.632+0000] {processor.py:650} INFO - DAG(s) dict_keys(['example_xcom_args', 'example_xcom_args_with_operators']) retrieved from /home/airflow/.local/lib/python3.7/site-packages/airflow/example_dags/example_xcomargs.py
[2025-06-20T13:17:22.644+0000] {logging_mixin.py:115} INFO - [2025-06-20T13:17:22.644+0000] {dag.py:2429} INFO - Sync 2 DAGs
[2025-06-20T13:17:22.653+0000] {logging_mixin.py:115} INFO - [2025-06-20T13:17:22.653+0000] {dag.py:2981} INFO - Setting next_dagrun for example_xcom_args to None, run_after=None
[2025-06-20T13:17:22.654+0000] {logging_mixin.py:115} INFO - [2025-06-20T13:17:22.654+0000] {dag.py:2981} INFO - Setting next_dagrun for example_xcom_args_with_operators to None, run_after=None
[2025-06-20T13:17:22.659+0000] {processor.py:161} INFO - Processing /home/airflow/.local/lib/python3.7/site-packages/airflow/example_dags/example_xcomargs.py took 0.036 seconds
[2025-06-20T13:17:52.710+0000] {processor.py:153} INFO - Started process (PID=1715) to work on /home/airflow/.local/lib/python3.7/site-packages/airflow/example_dags/example_xcomargs.py
[2025-06-20T13:17:52.711+0000] {processor.py:640} INFO - Processing file /home/airflow/.local/lib/python3.7/site-packages/airflow/example_dags/example_xcomargs.py for tasks to queue
[2025-06-20T13:17:52.712+0000] {logging_mixin.py:115} INFO - [2025-06-20T13:17:52.712+0000] {dagbag.py:508} INFO - Filling up the DagBag from /home/airflow/.local/lib/python3.7/site-packages/airflow/example_dags/example_xcomargs.py
[2025-06-20T13:17:52.720+0000] {processor.py:650} INFO - DAG(s) dict_keys(['example_xcom_args', 'example_xcom_args_with_operators']) retrieved from /home/airflow/.local/lib/python3.7/site-packages/airflow/example_dags/example_xcomargs.py
[2025-06-20T13:17:52.732+0000] {logging_mixin.py:115} INFO - [2025-06-20T13:17:52.732+0000] {dag.py:2429} INFO - Sync 2 DAGs
[2025-06-20T13:17:52.741+0000] {logging_mixin.py:115} INFO - [2025-06-20T13:17:52.741+0000] {dag.py:2981} INFO - Setting next_dagrun for example_xcom_args to None, run_after=None
[2025-06-20T13:17:52.741+0000] {logging_mixin.py:115} INFO - [2025-06-20T13:17:52.741+0000] {dag.py:2981} INFO - Setting next_dagrun for example_xcom_args_with_operators to None, run_after=None
[2025-06-20T13:17:52.746+0000] {processor.py:161} INFO - Processing /home/airflow/.local/lib/python3.7/site-packages/airflow/example_dags/example_xcomargs.py took 0.037 seconds
[2025-06-20T13:18:22.832+0000] {processor.py:153} INFO - Started process (PID=1776) to work on /home/airflow/.local/lib/python3.7/site-packages/airflow/example_dags/example_xcomargs.py
[2025-06-20T13:18:22.832+0000] {processor.py:640} INFO - Processing file /home/airflow/.local/lib/python3.7/site-packages/airflow/example_dags/example_xcomargs.py for tasks to queue
[2025-06-20T13:18:22.835+0000] {logging_mixin.py:115} INFO - [2025-06-20T13:18:22.835+0000] {dagbag.py:508} INFO - Filling up the DagBag from /home/airflow/.local/lib/python3.7/site-packages/airflow/example_dags/example_xcomargs.py
[2025-06-20T13:18:22.843+0000] {processor.py:650} INFO - DAG(s) dict_keys(['example_xcom_args', 'example_xcom_args_with_operators']) retrieved from /home/airflow/.local/lib/python3.7/site-packages/airflow/example_dags/example_xcomargs.py
[2025-06-20T13:18:22.876+0000] {logging_mixin.py:115} INFO - [2025-06-20T13:18:22.876+0000] {dag.py:2429} INFO - Sync 2 DAGs
[2025-06-20T13:18:22.886+0000] {logging_mixin.py:115} INFO - [2025-06-20T13:18:22.886+0000] {dag.py:2981} INFO - Setting next_dagrun for example_xcom_args to None, run_after=None
[2025-06-20T13:18:22.887+0000] {logging_mixin.py:115} INFO - [2025-06-20T13:18:22.887+0000] {dag.py:2981} INFO - Setting next_dagrun for example_xcom_args_with_operators to None, run_after=None
[2025-06-20T13:18:22.892+0000] {processor.py:161} INFO - Processing /home/airflow/.local/lib/python3.7/site-packages/airflow/example_dags/example_xcomargs.py took 0.062 seconds
[2025-06-20T13:18:53.087+0000] {processor.py:153} INFO - Started process (PID=1837) to work on /home/airflow/.local/lib/python3.7/site-packages/airflow/example_dags/example_xcomargs.py
[2025-06-20T13:18:53.087+0000] {processor.py:640} INFO - Processing file /home/airflow/.local/lib/python3.7/site-packages/airflow/example_dags/example_xcomargs.py for tasks to queue
[2025-06-20T13:18:53.087+0000] {logging_mixin.py:115} INFO - [2025-06-20T13:18:53.087+0000] {dagbag.py:508} INFO - Filling up the DagBag from /home/airflow/.local/lib/python3.7/site-packages/airflow/example_dags/example_xcomargs.py
[2025-06-20T13:18:53.095+0000] {processor.py:650} INFO - DAG(s) dict_keys(['example_xcom_args', 'example_xcom_args_with_operators']) retrieved from /home/airflow/.local/lib/python3.7/site-packages/airflow/example_dags/example_xcomargs.py
[2025-06-20T13:18:53.125+0000] {logging_mixin.py:115} INFO - [2025-06-20T13:18:53.125+0000] {dag.py:2429} INFO - Sync 2 DAGs
[2025-06-20T13:18:53.135+0000] {logging_mixin.py:115} INFO - [2025-06-20T13:18:53.135+0000] {dag.py:2981} INFO - Setting next_dagrun for example_xcom_args to None, run_after=None
[2025-06-20T13:18:53.136+0000] {logging_mixin.py:115} INFO - [2025-06-20T13:18:53.136+0000] {dag.py:2981} INFO - Setting next_dagrun for example_xcom_args_with_operators to None, run_after=None
[2025-06-20T13:18:53.141+0000] {processor.py:161} INFO - Processing /home/airflow/.local/lib/python3.7/site-packages/airflow/example_dags/example_xcomargs.py took 0.056 seconds
[2025-06-20T13:19:23.238+0000] {processor.py:153} INFO - Started process (PID=1898) to work on /home/airflow/.local/lib/python3.7/site-packages/airflow/example_dags/example_xcomargs.py
[2025-06-20T13:19:23.239+0000] {processor.py:640} INFO - Processing file /home/airflow/.local/lib/python3.7/site-packages/airflow/example_dags/example_xcomargs.py for tasks to queue
[2025-06-20T13:19:23.239+0000] {logging_mixin.py:115} INFO - [2025-06-20T13:19:23.239+0000] {dagbag.py:508} INFO - Filling up the DagBag from /home/airflow/.local/lib/python3.7/site-packages/airflow/example_dags/example_xcomargs.py
[2025-06-20T13:19:23.246+0000] {processor.py:650} INFO - DAG(s) dict_keys(['example_xcom_args', 'example_xcom_args_with_operators']) retrieved from /home/airflow/.local/lib/python3.7/site-packages/airflow/example_dags/example_xcomargs.py
[2025-06-20T13:19:23.278+0000] {logging_mixin.py:115} INFO - [2025-06-20T13:19:23.277+0000] {dag.py:2429} INFO - Sync 2 DAGs
[2025-06-20T13:19:23.288+0000] {logging_mixin.py:115} INFO - [2025-06-20T13:19:23.288+0000] {dag.py:2981} INFO - Setting next_dagrun for example_xcom_args to None, run_after=None
[2025-06-20T13:19:23.289+0000] {logging_mixin.py:115} INFO - [2025-06-20T13:19:23.289+0000] {dag.py:2981} INFO - Setting next_dagrun for example_xcom_args_with_operators to None, run_after=None
[2025-06-20T13:19:23.294+0000] {processor.py:161} INFO - Processing /home/airflow/.local/lib/python3.7/site-packages/airflow/example_dags/example_xcomargs.py took 0.058 seconds
[2025-06-20T13:19:53.352+0000] {processor.py:153} INFO - Started process (PID=1950) to work on /home/airflow/.local/lib/python3.7/site-packages/airflow/example_dags/example_xcomargs.py
[2025-06-20T13:19:53.352+0000] {processor.py:640} INFO - Processing file /home/airflow/.local/lib/python3.7/site-packages/airflow/example_dags/example_xcomargs.py for tasks to queue
[2025-06-20T13:19:53.352+0000] {logging_mixin.py:115} INFO - [2025-06-20T13:19:53.352+0000] {dagbag.py:508} INFO - Filling up the DagBag from /home/airflow/.local/lib/python3.7/site-packages/airflow/example_dags/example_xcomargs.py
[2025-06-20T13:19:53.360+0000] {processor.py:650} INFO - DAG(s) dict_keys(['example_xcom_args', 'example_xcom_args_with_operators']) retrieved from /home/airflow/.local/lib/python3.7/site-packages/airflow/example_dags/example_xcomargs.py
[2025-06-20T13:19:53.390+0000] {logging_mixin.py:115} INFO - [2025-06-20T13:19:53.390+0000] {dag.py:2429} INFO - Sync 2 DAGs
[2025-06-20T13:19:53.398+0000] {logging_mixin.py:115} INFO - [2025-06-20T13:19:53.398+0000] {dag.py:2981} INFO - Setting next_dagrun for example_xcom_args to None, run_after=None
[2025-06-20T13:19:53.399+0000] {logging_mixin.py:115} INFO - [2025-06-20T13:19:53.399+0000] {dag.py:2981} INFO - Setting next_dagrun for example_xcom_args_with_operators to None, run_after=None
[2025-06-20T13:19:53.404+0000] {processor.py:161} INFO - Processing /home/airflow/.local/lib/python3.7/site-packages/airflow/example_dags/example_xcomargs.py took 0.054 seconds
[2025-06-20T13:20:23.454+0000] {processor.py:153} INFO - Started process (PID=2011) to work on /home/airflow/.local/lib/python3.7/site-packages/airflow/example_dags/example_xcomargs.py
[2025-06-20T13:20:23.455+0000] {processor.py:640} INFO - Processing file /home/airflow/.local/lib/python3.7/site-packages/airflow/example_dags/example_xcomargs.py for tasks to queue
[2025-06-20T13:20:23.455+0000] {logging_mixin.py:115} INFO - [2025-06-20T13:20:23.455+0000] {dagbag.py:508} INFO - Filling up the DagBag from /home/airflow/.local/lib/python3.7/site-packages/airflow/example_dags/example_xcomargs.py
[2025-06-20T13:20:23.462+0000] {processor.py:650} INFO - DAG(s) dict_keys(['example_xcom_args', 'example_xcom_args_with_operators']) retrieved from /home/airflow/.local/lib/python3.7/site-packages/airflow/example_dags/example_xcomargs.py
[2025-06-20T13:20:23.488+0000] {logging_mixin.py:115} INFO - [2025-06-20T13:20:23.488+0000] {dag.py:2429} INFO - Sync 2 DAGs
[2025-06-20T13:20:23.495+0000] {logging_mixin.py:115} INFO - [2025-06-20T13:20:23.495+0000] {dag.py:2981} INFO - Setting next_dagrun for example_xcom_args to None, run_after=None
[2025-06-20T13:20:23.495+0000] {logging_mixin.py:115} INFO - [2025-06-20T13:20:23.495+0000] {dag.py:2981} INFO - Setting next_dagrun for example_xcom_args_with_operators to None, run_after=None
[2025-06-20T13:20:23.499+0000] {processor.py:161} INFO - Processing /home/airflow/.local/lib/python3.7/site-packages/airflow/example_dags/example_xcomargs.py took 0.047 seconds
[2025-06-20T13:20:53.607+0000] {processor.py:153} INFO - Started process (PID=2072) to work on /home/airflow/.local/lib/python3.7/site-packages/airflow/example_dags/example_xcomargs.py
[2025-06-20T13:20:53.610+0000] {processor.py:640} INFO - Processing file /home/airflow/.local/lib/python3.7/site-packages/airflow/example_dags/example_xcomargs.py for tasks to queue
[2025-06-20T13:20:53.610+0000] {logging_mixin.py:115} INFO - [2025-06-20T13:20:53.610+0000] {dagbag.py:508} INFO - Filling up the DagBag from /home/airflow/.local/lib/python3.7/site-packages/airflow/example_dags/example_xcomargs.py
[2025-06-20T13:20:53.620+0000] {processor.py:650} INFO - DAG(s) dict_keys(['example_xcom_args', 'example_xcom_args_with_operators']) retrieved from /home/airflow/.local/lib/python3.7/site-packages/airflow/example_dags/example_xcomargs.py
[2025-06-20T13:20:53.633+0000] {logging_mixin.py:115} INFO - [2025-06-20T13:20:53.633+0000] {dag.py:2429} INFO - Sync 2 DAGs
[2025-06-20T13:20:53.646+0000] {logging_mixin.py:115} INFO - [2025-06-20T13:20:53.646+0000] {dag.py:2981} INFO - Setting next_dagrun for example_xcom_args to None, run_after=None
[2025-06-20T13:20:53.647+0000] {logging_mixin.py:115} INFO - [2025-06-20T13:20:53.647+0000] {dag.py:2981} INFO - Setting next_dagrun for example_xcom_args_with_operators to None, run_after=None
[2025-06-20T13:20:53.651+0000] {processor.py:161} INFO - Processing /home/airflow/.local/lib/python3.7/site-packages/airflow/example_dags/example_xcomargs.py took 0.045 seconds
[2025-06-20T13:21:23.728+0000] {processor.py:153} INFO - Started process (PID=2133) to work on /home/airflow/.local/lib/python3.7/site-packages/airflow/example_dags/example_xcomargs.py
[2025-06-20T13:21:23.729+0000] {processor.py:640} INFO - Processing file /home/airflow/.local/lib/python3.7/site-packages/airflow/example_dags/example_xcomargs.py for tasks to queue
[2025-06-20T13:21:23.730+0000] {logging_mixin.py:115} INFO - [2025-06-20T13:21:23.730+0000] {dagbag.py:508} INFO - Filling up the DagBag from /home/airflow/.local/lib/python3.7/site-packages/airflow/example_dags/example_xcomargs.py
[2025-06-20T13:21:23.738+0000] {processor.py:650} INFO - DAG(s) dict_keys(['example_xcom_args', 'example_xcom_args_with_operators']) retrieved from /home/airflow/.local/lib/python3.7/site-packages/airflow/example_dags/example_xcomargs.py
[2025-06-20T13:21:23.750+0000] {logging_mixin.py:115} INFO - [2025-06-20T13:21:23.750+0000] {dag.py:2429} INFO - Sync 2 DAGs
[2025-06-20T13:21:23.761+0000] {logging_mixin.py:115} INFO - [2025-06-20T13:21:23.761+0000] {dag.py:2981} INFO - Setting next_dagrun for example_xcom_args to None, run_after=None
[2025-06-20T13:21:23.761+0000] {logging_mixin.py:115} INFO - [2025-06-20T13:21:23.761+0000] {dag.py:2981} INFO - Setting next_dagrun for example_xcom_args_with_operators to None, run_after=None
[2025-06-20T13:21:23.768+0000] {processor.py:161} INFO - Processing /home/airflow/.local/lib/python3.7/site-packages/airflow/example_dags/example_xcomargs.py took 0.041 seconds
[2025-06-20T13:21:53.842+0000] {processor.py:153} INFO - Started process (PID=2194) to work on /home/airflow/.local/lib/python3.7/site-packages/airflow/example_dags/example_xcomargs.py
[2025-06-20T13:21:53.843+0000] {processor.py:640} INFO - Processing file /home/airflow/.local/lib/python3.7/site-packages/airflow/example_dags/example_xcomargs.py for tasks to queue
[2025-06-20T13:21:53.844+0000] {logging_mixin.py:115} INFO - [2025-06-20T13:21:53.844+0000] {dagbag.py:508} INFO - Filling up the DagBag from /home/airflow/.local/lib/python3.7/site-packages/airflow/example_dags/example_xcomargs.py
[2025-06-20T13:21:53.851+0000] {processor.py:650} INFO - DAG(s) dict_keys(['example_xcom_args', 'example_xcom_args_with_operators']) retrieved from /home/airflow/.local/lib/python3.7/site-packages/airflow/example_dags/example_xcomargs.py
[2025-06-20T13:21:53.881+0000] {logging_mixin.py:115} INFO - [2025-06-20T13:21:53.881+0000] {dag.py:2429} INFO - Sync 2 DAGs
[2025-06-20T13:21:53.889+0000] {logging_mixin.py:115} INFO - [2025-06-20T13:21:53.889+0000] {dag.py:2981} INFO - Setting next_dagrun for example_xcom_args to None, run_after=None
[2025-06-20T13:21:53.890+0000] {logging_mixin.py:115} INFO - [2025-06-20T13:21:53.890+0000] {dag.py:2981} INFO - Setting next_dagrun for example_xcom_args_with_operators to None, run_after=None
[2025-06-20T13:21:53.895+0000] {processor.py:161} INFO - Processing /home/airflow/.local/lib/python3.7/site-packages/airflow/example_dags/example_xcomargs.py took 0.054 seconds
[2025-06-20T13:22:23.989+0000] {processor.py:153} INFO - Started process (PID=2255) to work on /home/airflow/.local/lib/python3.7/site-packages/airflow/example_dags/example_xcomargs.py
[2025-06-20T13:22:23.992+0000] {processor.py:640} INFO - Processing file /home/airflow/.local/lib/python3.7/site-packages/airflow/example_dags/example_xcomargs.py for tasks to queue
[2025-06-20T13:22:23.993+0000] {logging_mixin.py:115} INFO - [2025-06-20T13:22:23.993+0000] {dagbag.py:508} INFO - Filling up the DagBag from /home/airflow/.local/lib/python3.7/site-packages/airflow/example_dags/example_xcomargs.py
[2025-06-20T13:22:24.006+0000] {processor.py:650} INFO - DAG(s) dict_keys(['example_xcom_args', 'example_xcom_args_with_operators']) retrieved from /home/airflow/.local/lib/python3.7/site-packages/airflow/example_dags/example_xcomargs.py
[2025-06-20T13:22:24.045+0000] {logging_mixin.py:115} INFO - [2025-06-20T13:22:24.045+0000] {dag.py:2429} INFO - Sync 2 DAGs
[2025-06-20T13:22:24.053+0000] {logging_mixin.py:115} INFO - [2025-06-20T13:22:24.053+0000] {dag.py:2981} INFO - Setting next_dagrun for example_xcom_args to None, run_after=None
[2025-06-20T13:22:24.054+0000] {logging_mixin.py:115} INFO - [2025-06-20T13:22:24.054+0000] {dag.py:2981} INFO - Setting next_dagrun for example_xcom_args_with_operators to None, run_after=None
[2025-06-20T13:22:24.061+0000] {processor.py:161} INFO - Processing /home/airflow/.local/lib/python3.7/site-packages/airflow/example_dags/example_xcomargs.py took 0.075 seconds
[2025-06-20T13:22:54.104+0000] {processor.py:153} INFO - Started process (PID=2307) to work on /home/airflow/.local/lib/python3.7/site-packages/airflow/example_dags/example_xcomargs.py
[2025-06-20T13:22:54.105+0000] {processor.py:640} INFO - Processing file /home/airflow/.local/lib/python3.7/site-packages/airflow/example_dags/example_xcomargs.py for tasks to queue
[2025-06-20T13:22:54.107+0000] {logging_mixin.py:115} INFO - [2025-06-20T13:22:54.107+0000] {dagbag.py:508} INFO - Filling up the DagBag from /home/airflow/.local/lib/python3.7/site-packages/airflow/example_dags/example_xcomargs.py
[2025-06-20T13:22:54.115+0000] {processor.py:650} INFO - DAG(s) dict_keys(['example_xcom_args', 'example_xcom_args_with_operators']) retrieved from /home/airflow/.local/lib/python3.7/site-packages/airflow/example_dags/example_xcomargs.py
[2025-06-20T13:22:54.143+0000] {logging_mixin.py:115} INFO - [2025-06-20T13:22:54.143+0000] {dag.py:2429} INFO - Sync 2 DAGs
[2025-06-20T13:22:54.152+0000] {logging_mixin.py:115} INFO - [2025-06-20T13:22:54.152+0000] {dag.py:2981} INFO - Setting next_dagrun for example_xcom_args to None, run_after=None
[2025-06-20T13:22:54.152+0000] {logging_mixin.py:115} INFO - [2025-06-20T13:22:54.152+0000] {dag.py:2981} INFO - Setting next_dagrun for example_xcom_args_with_operators to None, run_after=None
[2025-06-20T13:22:54.157+0000] {processor.py:161} INFO - Processing /home/airflow/.local/lib/python3.7/site-packages/airflow/example_dags/example_xcomargs.py took 0.054 seconds
[2025-06-20T13:23:24.271+0000] {processor.py:153} INFO - Started process (PID=2368) to work on /home/airflow/.local/lib/python3.7/site-packages/airflow/example_dags/example_xcomargs.py
[2025-06-20T13:23:24.273+0000] {processor.py:640} INFO - Processing file /home/airflow/.local/lib/python3.7/site-packages/airflow/example_dags/example_xcomargs.py for tasks to queue
[2025-06-20T13:23:24.274+0000] {logging_mixin.py:115} INFO - [2025-06-20T13:23:24.274+0000] {dagbag.py:508} INFO - Filling up the DagBag from /home/airflow/.local/lib/python3.7/site-packages/airflow/example_dags/example_xcomargs.py
[2025-06-20T13:23:24.284+0000] {processor.py:650} INFO - DAG(s) dict_keys(['example_xcom_args', 'example_xcom_args_with_operators']) retrieved from /home/airflow/.local/lib/python3.7/site-packages/airflow/example_dags/example_xcomargs.py
[2025-06-20T13:23:24.315+0000] {logging_mixin.py:115} INFO - [2025-06-20T13:23:24.315+0000] {dag.py:2429} INFO - Sync 2 DAGs
[2025-06-20T13:23:24.324+0000] {logging_mixin.py:115} INFO - [2025-06-20T13:23:24.323+0000] {dag.py:2981} INFO - Setting next_dagrun for example_xcom_args to None, run_after=None
[2025-06-20T13:23:24.324+0000] {logging_mixin.py:115} INFO - [2025-06-20T13:23:24.324+0000] {dag.py:2981} INFO - Setting next_dagrun for example_xcom_args_with_operators to None, run_after=None
[2025-06-20T13:23:24.329+0000] {processor.py:161} INFO - Processing /home/airflow/.local/lib/python3.7/site-packages/airflow/example_dags/example_xcomargs.py took 0.060 seconds
[2025-06-20T13:23:54.504+0000] {processor.py:153} INFO - Started process (PID=2431) to work on /home/airflow/.local/lib/python3.7/site-packages/airflow/example_dags/example_xcomargs.py
[2025-06-20T13:23:54.506+0000] {processor.py:640} INFO - Processing file /home/airflow/.local/lib/python3.7/site-packages/airflow/example_dags/example_xcomargs.py for tasks to queue
[2025-06-20T13:23:54.507+0000] {logging_mixin.py:115} INFO - [2025-06-20T13:23:54.507+0000] {dagbag.py:508} INFO - Filling up the DagBag from /home/airflow/.local/lib/python3.7/site-packages/airflow/example_dags/example_xcomargs.py
[2025-06-20T13:23:54.515+0000] {processor.py:650} INFO - DAG(s) dict_keys(['example_xcom_args', 'example_xcom_args_with_operators']) retrieved from /home/airflow/.local/lib/python3.7/site-packages/airflow/example_dags/example_xcomargs.py
[2025-06-20T13:23:54.542+0000] {logging_mixin.py:115} INFO - [2025-06-20T13:23:54.542+0000] {dag.py:2429} INFO - Sync 2 DAGs
[2025-06-20T13:23:54.550+0000] {logging_mixin.py:115} INFO - [2025-06-20T13:23:54.550+0000] {dag.py:2981} INFO - Setting next_dagrun for example_xcom_args to None, run_after=None
[2025-06-20T13:23:54.550+0000] {logging_mixin.py:115} INFO - [2025-06-20T13:23:54.550+0000] {dag.py:2981} INFO - Setting next_dagrun for example_xcom_args_with_operators to None, run_after=None
[2025-06-20T13:23:54.555+0000] {processor.py:161} INFO - Processing /home/airflow/.local/lib/python3.7/site-packages/airflow/example_dags/example_xcomargs.py took 0.052 seconds
[2025-06-20T13:24:24.702+0000] {processor.py:153} INFO - Started process (PID=2492) to work on /home/airflow/.local/lib/python3.7/site-packages/airflow/example_dags/example_xcomargs.py
[2025-06-20T13:24:24.703+0000] {processor.py:640} INFO - Processing file /home/airflow/.local/lib/python3.7/site-packages/airflow/example_dags/example_xcomargs.py for tasks to queue
[2025-06-20T13:24:24.705+0000] {logging_mixin.py:115} INFO - [2025-06-20T13:24:24.705+0000] {dagbag.py:508} INFO - Filling up the DagBag from /home/airflow/.local/lib/python3.7/site-packages/airflow/example_dags/example_xcomargs.py
[2025-06-20T13:24:24.713+0000] {processor.py:650} INFO - DAG(s) dict_keys(['example_xcom_args', 'example_xcom_args_with_operators']) retrieved from /home/airflow/.local/lib/python3.7/site-packages/airflow/example_dags/example_xcomargs.py
[2025-06-20T13:24:24.730+0000] {logging_mixin.py:115} INFO - [2025-06-20T13:24:24.730+0000] {dag.py:2429} INFO - Sync 2 DAGs
[2025-06-20T13:24:24.742+0000] {logging_mixin.py:115} INFO - [2025-06-20T13:24:24.742+0000] {dag.py:2981} INFO - Setting next_dagrun for example_xcom_args to None, run_after=None
[2025-06-20T13:24:24.743+0000] {logging_mixin.py:115} INFO - [2025-06-20T13:24:24.742+0000] {dag.py:2981} INFO - Setting next_dagrun for example_xcom_args_with_operators to None, run_after=None
[2025-06-20T13:24:24.749+0000] {processor.py:161} INFO - Processing /home/airflow/.local/lib/python3.7/site-packages/airflow/example_dags/example_xcomargs.py took 0.049 seconds
