[2025-06-20T12:58:52.432+0000] {processor.py:153} INFO - Started process (PID=48) to work on /home/airflow/.local/lib/python3.7/site-packages/airflow/example_dags/example_branch_datetime_operator.py
[2025-06-20T12:58:52.432+0000] {processor.py:640} INFO - Processing file /home/airflow/.local/lib/python3.7/site-packages/airflow/example_dags/example_branch_datetime_operator.py for tasks to queue
[2025-06-20T12:58:52.432+0000] {logging_mixin.py:115} INFO - [2025-06-20T12:58:52.432+0000] {dagbag.py:508} INFO - Filling up the DagBag from /home/airflow/.local/lib/python3.7/site-packages/airflow/example_dags/example_branch_datetime_operator.py
[2025-06-20T12:58:52.438+0000] {processor.py:650} INFO - DAG(s) dict_keys(['example_branch_datetime_operator', 'example_branch_datetime_operator_2']) retrieved from /home/airflow/.local/lib/python3.7/site-packages/airflow/example_dags/example_branch_datetime_operator.py
[2025-06-20T12:58:52.496+0000] {logging_mixin.py:115} INFO - [2025-06-20T12:58:52.496+0000] {manager.py:508} INFO - Created Permission View: can read on DAG:example_branch_datetime_operator
[2025-06-20T12:58:52.507+0000] {logging_mixin.py:115} INFO - [2025-06-20T12:58:52.506+0000] {manager.py:508} INFO - Created Permission View: can delete on DAG:example_branch_datetime_operator
[2025-06-20T12:58:52.515+0000] {logging_mixin.py:115} INFO - [2025-06-20T12:58:52.515+0000] {manager.py:508} INFO - Created Permission View: can edit on DAG:example_branch_datetime_operator
[2025-06-20T12:58:52.528+0000] {logging_mixin.py:115} INFO - [2025-06-20T12:58:52.528+0000] {manager.py:508} INFO - Created Permission View: can read on DAG:example_branch_datetime_operator_2
[2025-06-20T12:58:52.539+0000] {logging_mixin.py:115} INFO - [2025-06-20T12:58:52.539+0000] {manager.py:508} INFO - Created Permission View: can delete on DAG:example_branch_datetime_operator_2
[2025-06-20T12:58:52.547+0000] {logging_mixin.py:115} INFO - [2025-06-20T12:58:52.547+0000] {manager.py:508} INFO - Created Permission View: can edit on DAG:example_branch_datetime_operator_2
[2025-06-20T12:58:52.547+0000] {logging_mixin.py:115} INFO - [2025-06-20T12:58:52.547+0000] {dag.py:2429} INFO - Sync 2 DAGs
[2025-06-20T12:58:52.555+0000] {logging_mixin.py:115} INFO - [2025-06-20T12:58:52.555+0000] {dag.py:2448} INFO - Creating ORM DAG for example_branch_datetime_operator_2
[2025-06-20T12:58:52.555+0000] {logging_mixin.py:115} INFO - [2025-06-20T12:58:52.555+0000] {dag.py:2448} INFO - Creating ORM DAG for example_branch_datetime_operator
[2025-06-20T12:58:52.566+0000] {logging_mixin.py:115} INFO - [2025-06-20T12:58:52.566+0000] {dag.py:2981} INFO - Setting next_dagrun for example_branch_datetime_operator to 2025-06-19T00:00:00+00:00, run_after=2025-06-20T00:00:00+00:00
[2025-06-20T12:58:52.569+0000] {logging_mixin.py:115} INFO - [2025-06-20T12:58:52.569+0000] {dag.py:2981} INFO - Setting next_dagrun for example_branch_datetime_operator_2 to 2025-06-19T00:00:00+00:00, run_after=2025-06-20T00:00:00+00:00
[2025-06-20T12:58:52.583+0000] {processor.py:161} INFO - Processing /home/airflow/.local/lib/python3.7/site-packages/airflow/example_dags/example_branch_datetime_operator.py took 0.153 seconds
[2025-06-20T12:59:22.622+0000] {processor.py:153} INFO - Started process (PID=108) to work on /home/airflow/.local/lib/python3.7/site-packages/airflow/example_dags/example_branch_datetime_operator.py
[2025-06-20T12:59:22.622+0000] {processor.py:640} INFO - Processing file /home/airflow/.local/lib/python3.7/site-packages/airflow/example_dags/example_branch_datetime_operator.py for tasks to queue
[2025-06-20T12:59:22.622+0000] {logging_mixin.py:115} INFO - [2025-06-20T12:59:22.622+0000] {dagbag.py:508} INFO - Filling up the DagBag from /home/airflow/.local/lib/python3.7/site-packages/airflow/example_dags/example_branch_datetime_operator.py
[2025-06-20T12:59:22.626+0000] {processor.py:650} INFO - DAG(s) dict_keys(['example_branch_datetime_operator', 'example_branch_datetime_operator_2']) retrieved from /home/airflow/.local/lib/python3.7/site-packages/airflow/example_dags/example_branch_datetime_operator.py
[2025-06-20T12:59:22.637+0000] {logging_mixin.py:115} INFO - [2025-06-20T12:59:22.636+0000] {dag.py:2429} INFO - Sync 2 DAGs
[2025-06-20T12:59:22.645+0000] {logging_mixin.py:115} INFO - [2025-06-20T12:59:22.645+0000] {dag.py:2981} INFO - Setting next_dagrun for example_branch_datetime_operator to 2025-06-19T00:00:00+00:00, run_after=2025-06-20T00:00:00+00:00
[2025-06-20T12:59:22.646+0000] {logging_mixin.py:115} INFO - [2025-06-20T12:59:22.646+0000] {dag.py:2981} INFO - Setting next_dagrun for example_branch_datetime_operator_2 to 2025-06-19T00:00:00+00:00, run_after=2025-06-20T00:00:00+00:00
[2025-06-20T12:59:22.650+0000] {processor.py:161} INFO - Processing /home/airflow/.local/lib/python3.7/site-packages/airflow/example_dags/example_branch_datetime_operator.py took 0.029 seconds
[2025-06-20T12:59:52.691+0000] {processor.py:153} INFO - Started process (PID=169) to work on /home/airflow/.local/lib/python3.7/site-packages/airflow/example_dags/example_branch_datetime_operator.py
[2025-06-20T12:59:52.692+0000] {processor.py:640} INFO - Processing file /home/airflow/.local/lib/python3.7/site-packages/airflow/example_dags/example_branch_datetime_operator.py for tasks to queue
[2025-06-20T12:59:52.693+0000] {logging_mixin.py:115} INFO - [2025-06-20T12:59:52.693+0000] {dagbag.py:508} INFO - Filling up the DagBag from /home/airflow/.local/lib/python3.7/site-packages/airflow/example_dags/example_branch_datetime_operator.py
[2025-06-20T12:59:52.699+0000] {processor.py:650} INFO - DAG(s) dict_keys(['example_branch_datetime_operator', 'example_branch_datetime_operator_2']) retrieved from /home/airflow/.local/lib/python3.7/site-packages/airflow/example_dags/example_branch_datetime_operator.py
[2025-06-20T12:59:52.711+0000] {logging_mixin.py:115} INFO - [2025-06-20T12:59:52.711+0000] {dag.py:2429} INFO - Sync 2 DAGs
[2025-06-20T12:59:52.720+0000] {logging_mixin.py:115} INFO - [2025-06-20T12:59:52.720+0000] {dag.py:2981} INFO - Setting next_dagrun for example_branch_datetime_operator to 2025-06-19T00:00:00+00:00, run_after=2025-06-20T00:00:00+00:00
[2025-06-20T12:59:52.720+0000] {logging_mixin.py:115} INFO - [2025-06-20T12:59:52.720+0000] {dag.py:2981} INFO - Setting next_dagrun for example_branch_datetime_operator_2 to 2025-06-19T00:00:00+00:00, run_after=2025-06-20T00:00:00+00:00
[2025-06-20T12:59:52.726+0000] {processor.py:161} INFO - Processing /home/airflow/.local/lib/python3.7/site-packages/airflow/example_dags/example_branch_datetime_operator.py took 0.036 seconds
[2025-06-20T13:03:47.165+0000] {processor.py:153} INFO - Started process (PID=47) to work on /home/airflow/.local/lib/python3.7/site-packages/airflow/example_dags/example_branch_datetime_operator.py
[2025-06-20T13:03:47.168+0000] {processor.py:640} INFO - Processing file /home/airflow/.local/lib/python3.7/site-packages/airflow/example_dags/example_branch_datetime_operator.py for tasks to queue
[2025-06-20T13:03:47.168+0000] {logging_mixin.py:115} INFO - [2025-06-20T13:03:47.168+0000] {dagbag.py:508} INFO - Filling up the DagBag from /home/airflow/.local/lib/python3.7/site-packages/airflow/example_dags/example_branch_datetime_operator.py
[2025-06-20T13:03:47.176+0000] {processor.py:650} INFO - DAG(s) dict_keys(['example_branch_datetime_operator', 'example_branch_datetime_operator_2']) retrieved from /home/airflow/.local/lib/python3.7/site-packages/airflow/example_dags/example_branch_datetime_operator.py
[2025-06-20T13:03:47.239+0000] {logging_mixin.py:115} INFO - [2025-06-20T13:03:47.239+0000] {manager.py:508} INFO - Created Permission View: can delete on DAG:example_branch_datetime_operator
[2025-06-20T13:03:47.245+0000] {logging_mixin.py:115} INFO - [2025-06-20T13:03:47.245+0000] {manager.py:508} INFO - Created Permission View: can edit on DAG:example_branch_datetime_operator
[2025-06-20T13:03:47.252+0000] {logging_mixin.py:115} INFO - [2025-06-20T13:03:47.251+0000] {manager.py:508} INFO - Created Permission View: can read on DAG:example_branch_datetime_operator
[2025-06-20T13:03:47.263+0000] {logging_mixin.py:115} INFO - [2025-06-20T13:03:47.263+0000] {manager.py:508} INFO - Created Permission View: can delete on DAG:example_branch_datetime_operator_2
[2025-06-20T13:03:47.268+0000] {logging_mixin.py:115} INFO - [2025-06-20T13:03:47.268+0000] {manager.py:508} INFO - Created Permission View: can edit on DAG:example_branch_datetime_operator_2
[2025-06-20T13:03:47.274+0000] {logging_mixin.py:115} INFO - [2025-06-20T13:03:47.274+0000] {manager.py:508} INFO - Created Permission View: can read on DAG:example_branch_datetime_operator_2
[2025-06-20T13:03:47.278+0000] {logging_mixin.py:115} INFO - [2025-06-20T13:03:47.278+0000] {dag.py:2429} INFO - Sync 2 DAGs
[2025-06-20T13:03:47.287+0000] {logging_mixin.py:115} INFO - [2025-06-20T13:03:47.287+0000] {dag.py:2448} INFO - Creating ORM DAG for example_branch_datetime_operator_2
[2025-06-20T13:03:47.289+0000] {logging_mixin.py:115} INFO - [2025-06-20T13:03:47.289+0000] {dag.py:2448} INFO - Creating ORM DAG for example_branch_datetime_operator
[2025-06-20T13:03:47.297+0000] {logging_mixin.py:115} INFO - [2025-06-20T13:03:47.297+0000] {dag.py:2981} INFO - Setting next_dagrun for example_branch_datetime_operator to 2025-06-19T00:00:00+00:00, run_after=2025-06-20T00:00:00+00:00
[2025-06-20T13:03:47.298+0000] {logging_mixin.py:115} INFO - [2025-06-20T13:03:47.298+0000] {dag.py:2981} INFO - Setting next_dagrun for example_branch_datetime_operator_2 to 2025-06-19T00:00:00+00:00, run_after=2025-06-20T00:00:00+00:00
[2025-06-20T13:03:47.308+0000] {processor.py:161} INFO - Processing /home/airflow/.local/lib/python3.7/site-packages/airflow/example_dags/example_branch_datetime_operator.py took 0.146 seconds
[2025-06-20T13:04:17.403+0000] {processor.py:153} INFO - Started process (PID=108) to work on /home/airflow/.local/lib/python3.7/site-packages/airflow/example_dags/example_branch_datetime_operator.py
[2025-06-20T13:04:17.404+0000] {processor.py:640} INFO - Processing file /home/airflow/.local/lib/python3.7/site-packages/airflow/example_dags/example_branch_datetime_operator.py for tasks to queue
[2025-06-20T13:04:17.404+0000] {logging_mixin.py:115} INFO - [2025-06-20T13:04:17.404+0000] {dagbag.py:508} INFO - Filling up the DagBag from /home/airflow/.local/lib/python3.7/site-packages/airflow/example_dags/example_branch_datetime_operator.py
[2025-06-20T13:04:17.408+0000] {processor.py:650} INFO - DAG(s) dict_keys(['example_branch_datetime_operator', 'example_branch_datetime_operator_2']) retrieved from /home/airflow/.local/lib/python3.7/site-packages/airflow/example_dags/example_branch_datetime_operator.py
[2025-06-20T13:04:17.425+0000] {logging_mixin.py:115} INFO - [2025-06-20T13:04:17.425+0000] {dag.py:2429} INFO - Sync 2 DAGs
[2025-06-20T13:04:17.435+0000] {logging_mixin.py:115} INFO - [2025-06-20T13:04:17.435+0000] {dag.py:2981} INFO - Setting next_dagrun for example_branch_datetime_operator to 2025-06-19T00:00:00+00:00, run_after=2025-06-20T00:00:00+00:00
[2025-06-20T13:04:17.436+0000] {logging_mixin.py:115} INFO - [2025-06-20T13:04:17.436+0000] {dag.py:2981} INFO - Setting next_dagrun for example_branch_datetime_operator_2 to 2025-06-19T00:00:00+00:00, run_after=2025-06-20T00:00:00+00:00
[2025-06-20T13:04:17.443+0000] {processor.py:161} INFO - Processing /home/airflow/.local/lib/python3.7/site-packages/airflow/example_dags/example_branch_datetime_operator.py took 0.041 seconds
[2025-06-20T13:04:47.608+0000] {processor.py:153} INFO - Started process (PID=169) to work on /home/airflow/.local/lib/python3.7/site-packages/airflow/example_dags/example_branch_datetime_operator.py
[2025-06-20T13:04:47.608+0000] {processor.py:640} INFO - Processing file /home/airflow/.local/lib/python3.7/site-packages/airflow/example_dags/example_branch_datetime_operator.py for tasks to queue
[2025-06-20T13:04:47.608+0000] {logging_mixin.py:115} INFO - [2025-06-20T13:04:47.608+0000] {dagbag.py:508} INFO - Filling up the DagBag from /home/airflow/.local/lib/python3.7/site-packages/airflow/example_dags/example_branch_datetime_operator.py
[2025-06-20T13:04:47.613+0000] {processor.py:650} INFO - DAG(s) dict_keys(['example_branch_datetime_operator', 'example_branch_datetime_operator_2']) retrieved from /home/airflow/.local/lib/python3.7/site-packages/airflow/example_dags/example_branch_datetime_operator.py
[2025-06-20T13:04:47.632+0000] {logging_mixin.py:115} INFO - [2025-06-20T13:04:47.632+0000] {dag.py:2429} INFO - Sync 2 DAGs
[2025-06-20T13:04:47.642+0000] {logging_mixin.py:115} INFO - [2025-06-20T13:04:47.642+0000] {dag.py:2981} INFO - Setting next_dagrun for example_branch_datetime_operator to 2025-06-19T00:00:00+00:00, run_after=2025-06-20T00:00:00+00:00
[2025-06-20T13:04:47.643+0000] {logging_mixin.py:115} INFO - [2025-06-20T13:04:47.643+0000] {dag.py:2981} INFO - Setting next_dagrun for example_branch_datetime_operator_2 to 2025-06-19T00:00:00+00:00, run_after=2025-06-20T00:00:00+00:00
[2025-06-20T13:04:47.652+0000] {processor.py:161} INFO - Processing /home/airflow/.local/lib/python3.7/site-packages/airflow/example_dags/example_branch_datetime_operator.py took 0.046 seconds
[2025-06-20T13:05:17.843+0000] {processor.py:153} INFO - Started process (PID=229) to work on /home/airflow/.local/lib/python3.7/site-packages/airflow/example_dags/example_branch_datetime_operator.py
[2025-06-20T13:05:17.845+0000] {processor.py:640} INFO - Processing file /home/airflow/.local/lib/python3.7/site-packages/airflow/example_dags/example_branch_datetime_operator.py for tasks to queue
[2025-06-20T13:05:17.846+0000] {logging_mixin.py:115} INFO - [2025-06-20T13:05:17.846+0000] {dagbag.py:508} INFO - Filling up the DagBag from /home/airflow/.local/lib/python3.7/site-packages/airflow/example_dags/example_branch_datetime_operator.py
[2025-06-20T13:05:17.850+0000] {processor.py:650} INFO - DAG(s) dict_keys(['example_branch_datetime_operator', 'example_branch_datetime_operator_2']) retrieved from /home/airflow/.local/lib/python3.7/site-packages/airflow/example_dags/example_branch_datetime_operator.py
[2025-06-20T13:05:17.865+0000] {logging_mixin.py:115} INFO - [2025-06-20T13:05:17.865+0000] {dag.py:2429} INFO - Sync 2 DAGs
[2025-06-20T13:05:17.877+0000] {logging_mixin.py:115} INFO - [2025-06-20T13:05:17.877+0000] {dag.py:2981} INFO - Setting next_dagrun for example_branch_datetime_operator to 2025-06-19T00:00:00+00:00, run_after=2025-06-20T00:00:00+00:00
[2025-06-20T13:05:17.878+0000] {logging_mixin.py:115} INFO - [2025-06-20T13:05:17.878+0000] {dag.py:2981} INFO - Setting next_dagrun for example_branch_datetime_operator_2 to 2025-06-19T00:00:00+00:00, run_after=2025-06-20T00:00:00+00:00
[2025-06-20T13:05:17.885+0000] {processor.py:161} INFO - Processing /home/airflow/.local/lib/python3.7/site-packages/airflow/example_dags/example_branch_datetime_operator.py took 0.044 seconds
[2025-06-20T13:05:47.997+0000] {processor.py:153} INFO - Started process (PID=281) to work on /home/airflow/.local/lib/python3.7/site-packages/airflow/example_dags/example_branch_datetime_operator.py
[2025-06-20T13:05:47.997+0000] {processor.py:640} INFO - Processing file /home/airflow/.local/lib/python3.7/site-packages/airflow/example_dags/example_branch_datetime_operator.py for tasks to queue
[2025-06-20T13:05:47.997+0000] {logging_mixin.py:115} INFO - [2025-06-20T13:05:47.997+0000] {dagbag.py:508} INFO - Filling up the DagBag from /home/airflow/.local/lib/python3.7/site-packages/airflow/example_dags/example_branch_datetime_operator.py
[2025-06-20T13:05:48.001+0000] {processor.py:650} INFO - DAG(s) dict_keys(['example_branch_datetime_operator', 'example_branch_datetime_operator_2']) retrieved from /home/airflow/.local/lib/python3.7/site-packages/airflow/example_dags/example_branch_datetime_operator.py
[2025-06-20T13:05:48.018+0000] {logging_mixin.py:115} INFO - [2025-06-20T13:05:48.018+0000] {dag.py:2429} INFO - Sync 2 DAGs
[2025-06-20T13:05:48.027+0000] {logging_mixin.py:115} INFO - [2025-06-20T13:05:48.027+0000] {dag.py:2981} INFO - Setting next_dagrun for example_branch_datetime_operator to 2025-06-19T00:00:00+00:00, run_after=2025-06-20T00:00:00+00:00
[2025-06-20T13:05:48.028+0000] {logging_mixin.py:115} INFO - [2025-06-20T13:05:48.028+0000] {dag.py:2981} INFO - Setting next_dagrun for example_branch_datetime_operator_2 to 2025-06-19T00:00:00+00:00, run_after=2025-06-20T00:00:00+00:00
[2025-06-20T13:05:48.035+0000] {processor.py:161} INFO - Processing /home/airflow/.local/lib/python3.7/site-packages/airflow/example_dags/example_branch_datetime_operator.py took 0.040 seconds
[2025-06-20T13:06:18.358+0000] {processor.py:153} INFO - Started process (PID=342) to work on /home/airflow/.local/lib/python3.7/site-packages/airflow/example_dags/example_branch_datetime_operator.py
[2025-06-20T13:06:18.362+0000] {processor.py:640} INFO - Processing file /home/airflow/.local/lib/python3.7/site-packages/airflow/example_dags/example_branch_datetime_operator.py for tasks to queue
[2025-06-20T13:06:18.362+0000] {logging_mixin.py:115} INFO - [2025-06-20T13:06:18.362+0000] {dagbag.py:508} INFO - Filling up the DagBag from /home/airflow/.local/lib/python3.7/site-packages/airflow/example_dags/example_branch_datetime_operator.py
[2025-06-20T13:06:18.366+0000] {processor.py:650} INFO - DAG(s) dict_keys(['example_branch_datetime_operator', 'example_branch_datetime_operator_2']) retrieved from /home/airflow/.local/lib/python3.7/site-packages/airflow/example_dags/example_branch_datetime_operator.py
[2025-06-20T13:06:18.384+0000] {logging_mixin.py:115} INFO - [2025-06-20T13:06:18.384+0000] {dag.py:2429} INFO - Sync 2 DAGs
[2025-06-20T13:06:18.396+0000] {logging_mixin.py:115} INFO - [2025-06-20T13:06:18.396+0000] {dag.py:2981} INFO - Setting next_dagrun for example_branch_datetime_operator to 2025-06-19T00:00:00+00:00, run_after=2025-06-20T00:00:00+00:00
[2025-06-20T13:06:18.396+0000] {logging_mixin.py:115} INFO - [2025-06-20T13:06:18.396+0000] {dag.py:2981} INFO - Setting next_dagrun for example_branch_datetime_operator_2 to 2025-06-19T00:00:00+00:00, run_after=2025-06-20T00:00:00+00:00
[2025-06-20T13:06:18.402+0000] {processor.py:161} INFO - Processing /home/airflow/.local/lib/python3.7/site-packages/airflow/example_dags/example_branch_datetime_operator.py took 0.045 seconds
[2025-06-20T13:06:48.566+0000] {processor.py:153} INFO - Started process (PID=402) to work on /home/airflow/.local/lib/python3.7/site-packages/airflow/example_dags/example_branch_datetime_operator.py
[2025-06-20T13:06:48.566+0000] {processor.py:640} INFO - Processing file /home/airflow/.local/lib/python3.7/site-packages/airflow/example_dags/example_branch_datetime_operator.py for tasks to queue
[2025-06-20T13:06:48.566+0000] {logging_mixin.py:115} INFO - [2025-06-20T13:06:48.566+0000] {dagbag.py:508} INFO - Filling up the DagBag from /home/airflow/.local/lib/python3.7/site-packages/airflow/example_dags/example_branch_datetime_operator.py
[2025-06-20T13:06:48.570+0000] {processor.py:650} INFO - DAG(s) dict_keys(['example_branch_datetime_operator', 'example_branch_datetime_operator_2']) retrieved from /home/airflow/.local/lib/python3.7/site-packages/airflow/example_dags/example_branch_datetime_operator.py
[2025-06-20T13:06:48.589+0000] {logging_mixin.py:115} INFO - [2025-06-20T13:06:48.589+0000] {dag.py:2429} INFO - Sync 2 DAGs
[2025-06-20T13:06:48.598+0000] {logging_mixin.py:115} INFO - [2025-06-20T13:06:48.598+0000] {dag.py:2981} INFO - Setting next_dagrun for example_branch_datetime_operator to 2025-06-19T00:00:00+00:00, run_after=2025-06-20T00:00:00+00:00
[2025-06-20T13:06:48.599+0000] {logging_mixin.py:115} INFO - [2025-06-20T13:06:48.599+0000] {dag.py:2981} INFO - Setting next_dagrun for example_branch_datetime_operator_2 to 2025-06-19T00:00:00+00:00, run_after=2025-06-20T00:00:00+00:00
[2025-06-20T13:06:48.610+0000] {processor.py:161} INFO - Processing /home/airflow/.local/lib/python3.7/site-packages/airflow/example_dags/example_branch_datetime_operator.py took 0.046 seconds
[2025-06-20T13:07:18.632+0000] {processor.py:153} INFO - Started process (PID=463) to work on /home/airflow/.local/lib/python3.7/site-packages/airflow/example_dags/example_branch_datetime_operator.py
[2025-06-20T13:07:18.632+0000] {processor.py:640} INFO - Processing file /home/airflow/.local/lib/python3.7/site-packages/airflow/example_dags/example_branch_datetime_operator.py for tasks to queue
[2025-06-20T13:07:18.634+0000] {logging_mixin.py:115} INFO - [2025-06-20T13:07:18.634+0000] {dagbag.py:508} INFO - Filling up the DagBag from /home/airflow/.local/lib/python3.7/site-packages/airflow/example_dags/example_branch_datetime_operator.py
[2025-06-20T13:07:18.638+0000] {processor.py:650} INFO - DAG(s) dict_keys(['example_branch_datetime_operator', 'example_branch_datetime_operator_2']) retrieved from /home/airflow/.local/lib/python3.7/site-packages/airflow/example_dags/example_branch_datetime_operator.py
[2025-06-20T13:07:18.655+0000] {logging_mixin.py:115} INFO - [2025-06-20T13:07:18.655+0000] {dag.py:2429} INFO - Sync 2 DAGs
[2025-06-20T13:07:18.664+0000] {logging_mixin.py:115} INFO - [2025-06-20T13:07:18.664+0000] {dag.py:2981} INFO - Setting next_dagrun for example_branch_datetime_operator to 2025-06-19T00:00:00+00:00, run_after=2025-06-20T00:00:00+00:00
[2025-06-20T13:07:18.665+0000] {logging_mixin.py:115} INFO - [2025-06-20T13:07:18.665+0000] {dag.py:2981} INFO - Setting next_dagrun for example_branch_datetime_operator_2 to 2025-06-19T00:00:00+00:00, run_after=2025-06-20T00:00:00+00:00
[2025-06-20T13:07:18.669+0000] {processor.py:161} INFO - Processing /home/airflow/.local/lib/python3.7/site-packages/airflow/example_dags/example_branch_datetime_operator.py took 0.039 seconds
[2025-06-20T13:07:48.743+0000] {processor.py:153} INFO - Started process (PID=524) to work on /home/airflow/.local/lib/python3.7/site-packages/airflow/example_dags/example_branch_datetime_operator.py
[2025-06-20T13:07:48.744+0000] {processor.py:640} INFO - Processing file /home/airflow/.local/lib/python3.7/site-packages/airflow/example_dags/example_branch_datetime_operator.py for tasks to queue
[2025-06-20T13:07:48.745+0000] {logging_mixin.py:115} INFO - [2025-06-20T13:07:48.745+0000] {dagbag.py:508} INFO - Filling up the DagBag from /home/airflow/.local/lib/python3.7/site-packages/airflow/example_dags/example_branch_datetime_operator.py
[2025-06-20T13:07:48.749+0000] {processor.py:650} INFO - DAG(s) dict_keys(['example_branch_datetime_operator', 'example_branch_datetime_operator_2']) retrieved from /home/airflow/.local/lib/python3.7/site-packages/airflow/example_dags/example_branch_datetime_operator.py
[2025-06-20T13:07:48.765+0000] {logging_mixin.py:115} INFO - [2025-06-20T13:07:48.765+0000] {dag.py:2429} INFO - Sync 2 DAGs
[2025-06-20T13:07:48.775+0000] {logging_mixin.py:115} INFO - [2025-06-20T13:07:48.775+0000] {dag.py:2981} INFO - Setting next_dagrun for example_branch_datetime_operator to 2025-06-19T00:00:00+00:00, run_after=2025-06-20T00:00:00+00:00
[2025-06-20T13:07:48.776+0000] {logging_mixin.py:115} INFO - [2025-06-20T13:07:48.776+0000] {dag.py:2981} INFO - Setting next_dagrun for example_branch_datetime_operator_2 to 2025-06-19T00:00:00+00:00, run_after=2025-06-20T00:00:00+00:00
[2025-06-20T13:07:48.780+0000] {processor.py:161} INFO - Processing /home/airflow/.local/lib/python3.7/site-packages/airflow/example_dags/example_branch_datetime_operator.py took 0.038 seconds
[2025-06-20T13:08:18.817+0000] {processor.py:153} INFO - Started process (PID=575) to work on /home/airflow/.local/lib/python3.7/site-packages/airflow/example_dags/example_branch_datetime_operator.py
[2025-06-20T13:08:18.818+0000] {processor.py:640} INFO - Processing file /home/airflow/.local/lib/python3.7/site-packages/airflow/example_dags/example_branch_datetime_operator.py for tasks to queue
[2025-06-20T13:08:18.819+0000] {logging_mixin.py:115} INFO - [2025-06-20T13:08:18.819+0000] {dagbag.py:508} INFO - Filling up the DagBag from /home/airflow/.local/lib/python3.7/site-packages/airflow/example_dags/example_branch_datetime_operator.py
[2025-06-20T13:08:18.823+0000] {processor.py:650} INFO - DAG(s) dict_keys(['example_branch_datetime_operator', 'example_branch_datetime_operator_2']) retrieved from /home/airflow/.local/lib/python3.7/site-packages/airflow/example_dags/example_branch_datetime_operator.py
[2025-06-20T13:08:18.836+0000] {logging_mixin.py:115} INFO - [2025-06-20T13:08:18.836+0000] {dag.py:2429} INFO - Sync 2 DAGs
[2025-06-20T13:08:18.848+0000] {logging_mixin.py:115} INFO - [2025-06-20T13:08:18.848+0000] {dag.py:2981} INFO - Setting next_dagrun for example_branch_datetime_operator to 2025-06-19T00:00:00+00:00, run_after=2025-06-20T00:00:00+00:00
[2025-06-20T13:08:18.852+0000] {logging_mixin.py:115} INFO - [2025-06-20T13:08:18.852+0000] {dag.py:2981} INFO - Setting next_dagrun for example_branch_datetime_operator_2 to 2025-06-19T00:00:00+00:00, run_after=2025-06-20T00:00:00+00:00
[2025-06-20T13:08:18.861+0000] {processor.py:161} INFO - Processing /home/airflow/.local/lib/python3.7/site-packages/airflow/example_dags/example_branch_datetime_operator.py took 0.045 seconds
[2025-06-20T13:08:48.926+0000] {processor.py:153} INFO - Started process (PID=636) to work on /home/airflow/.local/lib/python3.7/site-packages/airflow/example_dags/example_branch_datetime_operator.py
[2025-06-20T13:08:48.927+0000] {processor.py:640} INFO - Processing file /home/airflow/.local/lib/python3.7/site-packages/airflow/example_dags/example_branch_datetime_operator.py for tasks to queue
[2025-06-20T13:08:48.927+0000] {logging_mixin.py:115} INFO - [2025-06-20T13:08:48.927+0000] {dagbag.py:508} INFO - Filling up the DagBag from /home/airflow/.local/lib/python3.7/site-packages/airflow/example_dags/example_branch_datetime_operator.py
[2025-06-20T13:08:48.931+0000] {processor.py:650} INFO - DAG(s) dict_keys(['example_branch_datetime_operator', 'example_branch_datetime_operator_2']) retrieved from /home/airflow/.local/lib/python3.7/site-packages/airflow/example_dags/example_branch_datetime_operator.py
[2025-06-20T13:08:48.943+0000] {logging_mixin.py:115} INFO - [2025-06-20T13:08:48.943+0000] {dag.py:2429} INFO - Sync 2 DAGs
[2025-06-20T13:08:48.953+0000] {logging_mixin.py:115} INFO - [2025-06-20T13:08:48.953+0000] {dag.py:2981} INFO - Setting next_dagrun for example_branch_datetime_operator to 2025-06-19T00:00:00+00:00, run_after=2025-06-20T00:00:00+00:00
[2025-06-20T13:08:48.954+0000] {logging_mixin.py:115} INFO - [2025-06-20T13:08:48.954+0000] {dag.py:2981} INFO - Setting next_dagrun for example_branch_datetime_operator_2 to 2025-06-19T00:00:00+00:00, run_after=2025-06-20T00:00:00+00:00
[2025-06-20T13:08:48.959+0000] {processor.py:161} INFO - Processing /home/airflow/.local/lib/python3.7/site-packages/airflow/example_dags/example_branch_datetime_operator.py took 0.034 seconds
[2025-06-20T13:09:19.058+0000] {processor.py:153} INFO - Started process (PID=697) to work on /home/airflow/.local/lib/python3.7/site-packages/airflow/example_dags/example_branch_datetime_operator.py
[2025-06-20T13:09:19.059+0000] {processor.py:640} INFO - Processing file /home/airflow/.local/lib/python3.7/site-packages/airflow/example_dags/example_branch_datetime_operator.py for tasks to queue
[2025-06-20T13:09:19.059+0000] {logging_mixin.py:115} INFO - [2025-06-20T13:09:19.059+0000] {dagbag.py:508} INFO - Filling up the DagBag from /home/airflow/.local/lib/python3.7/site-packages/airflow/example_dags/example_branch_datetime_operator.py
[2025-06-20T13:09:19.063+0000] {processor.py:650} INFO - DAG(s) dict_keys(['example_branch_datetime_operator', 'example_branch_datetime_operator_2']) retrieved from /home/airflow/.local/lib/python3.7/site-packages/airflow/example_dags/example_branch_datetime_operator.py
[2025-06-20T13:09:19.074+0000] {logging_mixin.py:115} INFO - [2025-06-20T13:09:19.074+0000] {dag.py:2429} INFO - Sync 2 DAGs
[2025-06-20T13:09:19.083+0000] {logging_mixin.py:115} INFO - [2025-06-20T13:09:19.082+0000] {dag.py:2981} INFO - Setting next_dagrun for example_branch_datetime_operator to 2025-06-19T00:00:00+00:00, run_after=2025-06-20T00:00:00+00:00
[2025-06-20T13:09:19.083+0000] {logging_mixin.py:115} INFO - [2025-06-20T13:09:19.083+0000] {dag.py:2981} INFO - Setting next_dagrun for example_branch_datetime_operator_2 to 2025-06-19T00:00:00+00:00, run_after=2025-06-20T00:00:00+00:00
[2025-06-20T13:09:19.087+0000] {processor.py:161} INFO - Processing /home/airflow/.local/lib/python3.7/site-packages/airflow/example_dags/example_branch_datetime_operator.py took 0.030 seconds
[2025-06-20T13:09:49.148+0000] {processor.py:153} INFO - Started process (PID=758) to work on /home/airflow/.local/lib/python3.7/site-packages/airflow/example_dags/example_branch_datetime_operator.py
[2025-06-20T13:09:49.148+0000] {processor.py:640} INFO - Processing file /home/airflow/.local/lib/python3.7/site-packages/airflow/example_dags/example_branch_datetime_operator.py for tasks to queue
[2025-06-20T13:09:49.148+0000] {logging_mixin.py:115} INFO - [2025-06-20T13:09:49.148+0000] {dagbag.py:508} INFO - Filling up the DagBag from /home/airflow/.local/lib/python3.7/site-packages/airflow/example_dags/example_branch_datetime_operator.py
[2025-06-20T13:09:49.153+0000] {processor.py:650} INFO - DAG(s) dict_keys(['example_branch_datetime_operator', 'example_branch_datetime_operator_2']) retrieved from /home/airflow/.local/lib/python3.7/site-packages/airflow/example_dags/example_branch_datetime_operator.py
[2025-06-20T13:09:49.166+0000] {logging_mixin.py:115} INFO - [2025-06-20T13:09:49.166+0000] {dag.py:2429} INFO - Sync 2 DAGs
[2025-06-20T13:09:49.176+0000] {logging_mixin.py:115} INFO - [2025-06-20T13:09:49.175+0000] {dag.py:2981} INFO - Setting next_dagrun for example_branch_datetime_operator to 2025-06-19T00:00:00+00:00, run_after=2025-06-20T00:00:00+00:00
[2025-06-20T13:09:49.176+0000] {logging_mixin.py:115} INFO - [2025-06-20T13:09:49.176+0000] {dag.py:2981} INFO - Setting next_dagrun for example_branch_datetime_operator_2 to 2025-06-19T00:00:00+00:00, run_after=2025-06-20T00:00:00+00:00
[2025-06-20T13:09:49.181+0000] {processor.py:161} INFO - Processing /home/airflow/.local/lib/python3.7/site-packages/airflow/example_dags/example_branch_datetime_operator.py took 0.035 seconds
[2025-06-20T13:10:19.237+0000] {processor.py:153} INFO - Started process (PID=819) to work on /home/airflow/.local/lib/python3.7/site-packages/airflow/example_dags/example_branch_datetime_operator.py
[2025-06-20T13:10:19.238+0000] {processor.py:640} INFO - Processing file /home/airflow/.local/lib/python3.7/site-packages/airflow/example_dags/example_branch_datetime_operator.py for tasks to queue
[2025-06-20T13:10:19.238+0000] {logging_mixin.py:115} INFO - [2025-06-20T13:10:19.238+0000] {dagbag.py:508} INFO - Filling up the DagBag from /home/airflow/.local/lib/python3.7/site-packages/airflow/example_dags/example_branch_datetime_operator.py
[2025-06-20T13:10:19.242+0000] {processor.py:650} INFO - DAG(s) dict_keys(['example_branch_datetime_operator', 'example_branch_datetime_operator_2']) retrieved from /home/airflow/.local/lib/python3.7/site-packages/airflow/example_dags/example_branch_datetime_operator.py
[2025-06-20T13:10:19.254+0000] {logging_mixin.py:115} INFO - [2025-06-20T13:10:19.254+0000] {dag.py:2429} INFO - Sync 2 DAGs
[2025-06-20T13:10:19.264+0000] {logging_mixin.py:115} INFO - [2025-06-20T13:10:19.264+0000] {dag.py:2981} INFO - Setting next_dagrun for example_branch_datetime_operator to 2025-06-19T00:00:00+00:00, run_after=2025-06-20T00:00:00+00:00
[2025-06-20T13:10:19.265+0000] {logging_mixin.py:115} INFO - [2025-06-20T13:10:19.265+0000] {dag.py:2981} INFO - Setting next_dagrun for example_branch_datetime_operator_2 to 2025-06-19T00:00:00+00:00, run_after=2025-06-20T00:00:00+00:00
[2025-06-20T13:10:19.269+0000] {processor.py:161} INFO - Processing /home/airflow/.local/lib/python3.7/site-packages/airflow/example_dags/example_branch_datetime_operator.py took 0.034 seconds
[2025-06-20T13:10:49.378+0000] {processor.py:153} INFO - Started process (PID=880) to work on /home/airflow/.local/lib/python3.7/site-packages/airflow/example_dags/example_branch_datetime_operator.py
[2025-06-20T13:10:49.379+0000] {processor.py:640} INFO - Processing file /home/airflow/.local/lib/python3.7/site-packages/airflow/example_dags/example_branch_datetime_operator.py for tasks to queue
[2025-06-20T13:10:49.380+0000] {logging_mixin.py:115} INFO - [2025-06-20T13:10:49.380+0000] {dagbag.py:508} INFO - Filling up the DagBag from /home/airflow/.local/lib/python3.7/site-packages/airflow/example_dags/example_branch_datetime_operator.py
[2025-06-20T13:10:49.383+0000] {processor.py:650} INFO - DAG(s) dict_keys(['example_branch_datetime_operator', 'example_branch_datetime_operator_2']) retrieved from /home/airflow/.local/lib/python3.7/site-packages/airflow/example_dags/example_branch_datetime_operator.py
[2025-06-20T13:10:49.396+0000] {logging_mixin.py:115} INFO - [2025-06-20T13:10:49.396+0000] {dag.py:2429} INFO - Sync 2 DAGs
[2025-06-20T13:10:49.406+0000] {logging_mixin.py:115} INFO - [2025-06-20T13:10:49.405+0000] {dag.py:2981} INFO - Setting next_dagrun for example_branch_datetime_operator to 2025-06-19T00:00:00+00:00, run_after=2025-06-20T00:00:00+00:00
[2025-06-20T13:10:49.406+0000] {logging_mixin.py:115} INFO - [2025-06-20T13:10:49.406+0000] {dag.py:2981} INFO - Setting next_dagrun for example_branch_datetime_operator_2 to 2025-06-19T00:00:00+00:00, run_after=2025-06-20T00:00:00+00:00
[2025-06-20T13:10:49.411+0000] {processor.py:161} INFO - Processing /home/airflow/.local/lib/python3.7/site-packages/airflow/example_dags/example_branch_datetime_operator.py took 0.034 seconds
[2025-06-20T13:11:19.503+0000] {processor.py:153} INFO - Started process (PID=932) to work on /home/airflow/.local/lib/python3.7/site-packages/airflow/example_dags/example_branch_datetime_operator.py
[2025-06-20T13:11:19.504+0000] {processor.py:640} INFO - Processing file /home/airflow/.local/lib/python3.7/site-packages/airflow/example_dags/example_branch_datetime_operator.py for tasks to queue
[2025-06-20T13:11:19.504+0000] {logging_mixin.py:115} INFO - [2025-06-20T13:11:19.504+0000] {dagbag.py:508} INFO - Filling up the DagBag from /home/airflow/.local/lib/python3.7/site-packages/airflow/example_dags/example_branch_datetime_operator.py
[2025-06-20T13:11:19.508+0000] {processor.py:650} INFO - DAG(s) dict_keys(['example_branch_datetime_operator', 'example_branch_datetime_operator_2']) retrieved from /home/airflow/.local/lib/python3.7/site-packages/airflow/example_dags/example_branch_datetime_operator.py
[2025-06-20T13:11:19.519+0000] {logging_mixin.py:115} INFO - [2025-06-20T13:11:19.519+0000] {dag.py:2429} INFO - Sync 2 DAGs
[2025-06-20T13:11:19.529+0000] {logging_mixin.py:115} INFO - [2025-06-20T13:11:19.529+0000] {dag.py:2981} INFO - Setting next_dagrun for example_branch_datetime_operator to 2025-06-19T00:00:00+00:00, run_after=2025-06-20T00:00:00+00:00
[2025-06-20T13:11:19.530+0000] {logging_mixin.py:115} INFO - [2025-06-20T13:11:19.530+0000] {dag.py:2981} INFO - Setting next_dagrun for example_branch_datetime_operator_2 to 2025-06-19T00:00:00+00:00, run_after=2025-06-20T00:00:00+00:00
[2025-06-20T13:11:19.535+0000] {processor.py:161} INFO - Processing /home/airflow/.local/lib/python3.7/site-packages/airflow/example_dags/example_branch_datetime_operator.py took 0.033 seconds
[2025-06-20T13:11:49.669+0000] {processor.py:153} INFO - Started process (PID=993) to work on /home/airflow/.local/lib/python3.7/site-packages/airflow/example_dags/example_branch_datetime_operator.py
[2025-06-20T13:11:49.671+0000] {processor.py:640} INFO - Processing file /home/airflow/.local/lib/python3.7/site-packages/airflow/example_dags/example_branch_datetime_operator.py for tasks to queue
[2025-06-20T13:11:49.672+0000] {logging_mixin.py:115} INFO - [2025-06-20T13:11:49.672+0000] {dagbag.py:508} INFO - Filling up the DagBag from /home/airflow/.local/lib/python3.7/site-packages/airflow/example_dags/example_branch_datetime_operator.py
[2025-06-20T13:11:49.676+0000] {processor.py:650} INFO - DAG(s) dict_keys(['example_branch_datetime_operator', 'example_branch_datetime_operator_2']) retrieved from /home/airflow/.local/lib/python3.7/site-packages/airflow/example_dags/example_branch_datetime_operator.py
[2025-06-20T13:11:49.688+0000] {logging_mixin.py:115} INFO - [2025-06-20T13:11:49.688+0000] {dag.py:2429} INFO - Sync 2 DAGs
[2025-06-20T13:11:49.701+0000] {logging_mixin.py:115} INFO - [2025-06-20T13:11:49.701+0000] {dag.py:2981} INFO - Setting next_dagrun for example_branch_datetime_operator to 2025-06-19T00:00:00+00:00, run_after=2025-06-20T00:00:00+00:00
[2025-06-20T13:11:49.702+0000] {logging_mixin.py:115} INFO - [2025-06-20T13:11:49.702+0000] {dag.py:2981} INFO - Setting next_dagrun for example_branch_datetime_operator_2 to 2025-06-19T00:00:00+00:00, run_after=2025-06-20T00:00:00+00:00
[2025-06-20T13:11:49.706+0000] {processor.py:161} INFO - Processing /home/airflow/.local/lib/python3.7/site-packages/airflow/example_dags/example_branch_datetime_operator.py took 0.038 seconds
[2025-06-20T13:12:19.821+0000] {processor.py:153} INFO - Started process (PID=1054) to work on /home/airflow/.local/lib/python3.7/site-packages/airflow/example_dags/example_branch_datetime_operator.py
[2025-06-20T13:12:19.824+0000] {processor.py:640} INFO - Processing file /home/airflow/.local/lib/python3.7/site-packages/airflow/example_dags/example_branch_datetime_operator.py for tasks to queue
[2025-06-20T13:12:19.825+0000] {logging_mixin.py:115} INFO - [2025-06-20T13:12:19.825+0000] {dagbag.py:508} INFO - Filling up the DagBag from /home/airflow/.local/lib/python3.7/site-packages/airflow/example_dags/example_branch_datetime_operator.py
[2025-06-20T13:12:19.828+0000] {processor.py:650} INFO - DAG(s) dict_keys(['example_branch_datetime_operator', 'example_branch_datetime_operator_2']) retrieved from /home/airflow/.local/lib/python3.7/site-packages/airflow/example_dags/example_branch_datetime_operator.py
[2025-06-20T13:12:19.840+0000] {logging_mixin.py:115} INFO - [2025-06-20T13:12:19.840+0000] {dag.py:2429} INFO - Sync 2 DAGs
[2025-06-20T13:12:19.852+0000] {logging_mixin.py:115} INFO - [2025-06-20T13:12:19.851+0000] {dag.py:2981} INFO - Setting next_dagrun for example_branch_datetime_operator to 2025-06-19T00:00:00+00:00, run_after=2025-06-20T00:00:00+00:00
[2025-06-20T13:12:19.852+0000] {logging_mixin.py:115} INFO - [2025-06-20T13:12:19.852+0000] {dag.py:2981} INFO - Setting next_dagrun for example_branch_datetime_operator_2 to 2025-06-19T00:00:00+00:00, run_after=2025-06-20T00:00:00+00:00
[2025-06-20T13:12:19.858+0000] {processor.py:161} INFO - Processing /home/airflow/.local/lib/python3.7/site-packages/airflow/example_dags/example_branch_datetime_operator.py took 0.039 seconds
[2025-06-20T13:12:49.970+0000] {processor.py:153} INFO - Started process (PID=1115) to work on /home/airflow/.local/lib/python3.7/site-packages/airflow/example_dags/example_branch_datetime_operator.py
[2025-06-20T13:12:49.971+0000] {processor.py:640} INFO - Processing file /home/airflow/.local/lib/python3.7/site-packages/airflow/example_dags/example_branch_datetime_operator.py for tasks to queue
[2025-06-20T13:12:49.972+0000] {logging_mixin.py:115} INFO - [2025-06-20T13:12:49.972+0000] {dagbag.py:508} INFO - Filling up the DagBag from /home/airflow/.local/lib/python3.7/site-packages/airflow/example_dags/example_branch_datetime_operator.py
[2025-06-20T13:12:49.976+0000] {processor.py:650} INFO - DAG(s) dict_keys(['example_branch_datetime_operator', 'example_branch_datetime_operator_2']) retrieved from /home/airflow/.local/lib/python3.7/site-packages/airflow/example_dags/example_branch_datetime_operator.py
[2025-06-20T13:12:49.989+0000] {logging_mixin.py:115} INFO - [2025-06-20T13:12:49.989+0000] {dag.py:2429} INFO - Sync 2 DAGs
[2025-06-20T13:12:50.001+0000] {logging_mixin.py:115} INFO - [2025-06-20T13:12:50.001+0000] {dag.py:2981} INFO - Setting next_dagrun for example_branch_datetime_operator to 2025-06-19T00:00:00+00:00, run_after=2025-06-20T00:00:00+00:00
[2025-06-20T13:12:50.001+0000] {logging_mixin.py:115} INFO - [2025-06-20T13:12:50.001+0000] {dag.py:2981} INFO - Setting next_dagrun for example_branch_datetime_operator_2 to 2025-06-19T00:00:00+00:00, run_after=2025-06-20T00:00:00+00:00
[2025-06-20T13:12:50.006+0000] {processor.py:161} INFO - Processing /home/airflow/.local/lib/python3.7/site-packages/airflow/example_dags/example_branch_datetime_operator.py took 0.038 seconds
[2025-06-20T13:13:20.058+0000] {processor.py:153} INFO - Started process (PID=1176) to work on /home/airflow/.local/lib/python3.7/site-packages/airflow/example_dags/example_branch_datetime_operator.py
[2025-06-20T13:13:20.059+0000] {processor.py:640} INFO - Processing file /home/airflow/.local/lib/python3.7/site-packages/airflow/example_dags/example_branch_datetime_operator.py for tasks to queue
[2025-06-20T13:13:20.062+0000] {logging_mixin.py:115} INFO - [2025-06-20T13:13:20.062+0000] {dagbag.py:508} INFO - Filling up the DagBag from /home/airflow/.local/lib/python3.7/site-packages/airflow/example_dags/example_branch_datetime_operator.py
[2025-06-20T13:13:20.066+0000] {processor.py:650} INFO - DAG(s) dict_keys(['example_branch_datetime_operator', 'example_branch_datetime_operator_2']) retrieved from /home/airflow/.local/lib/python3.7/site-packages/airflow/example_dags/example_branch_datetime_operator.py
[2025-06-20T13:13:20.077+0000] {logging_mixin.py:115} INFO - [2025-06-20T13:13:20.077+0000] {dag.py:2429} INFO - Sync 2 DAGs
[2025-06-20T13:13:20.089+0000] {logging_mixin.py:115} INFO - [2025-06-20T13:13:20.089+0000] {dag.py:2981} INFO - Setting next_dagrun for example_branch_datetime_operator to 2025-06-19T00:00:00+00:00, run_after=2025-06-20T00:00:00+00:00
[2025-06-20T13:13:20.090+0000] {logging_mixin.py:115} INFO - [2025-06-20T13:13:20.090+0000] {dag.py:2981} INFO - Setting next_dagrun for example_branch_datetime_operator_2 to 2025-06-19T00:00:00+00:00, run_after=2025-06-20T00:00:00+00:00
[2025-06-20T13:13:20.095+0000] {processor.py:161} INFO - Processing /home/airflow/.local/lib/python3.7/site-packages/airflow/example_dags/example_branch_datetime_operator.py took 0.038 seconds
[2025-06-20T13:13:50.259+0000] {processor.py:153} INFO - Started process (PID=1228) to work on /home/airflow/.local/lib/python3.7/site-packages/airflow/example_dags/example_branch_datetime_operator.py
[2025-06-20T13:13:50.260+0000] {processor.py:640} INFO - Processing file /home/airflow/.local/lib/python3.7/site-packages/airflow/example_dags/example_branch_datetime_operator.py for tasks to queue
[2025-06-20T13:13:50.260+0000] {logging_mixin.py:115} INFO - [2025-06-20T13:13:50.260+0000] {dagbag.py:508} INFO - Filling up the DagBag from /home/airflow/.local/lib/python3.7/site-packages/airflow/example_dags/example_branch_datetime_operator.py
[2025-06-20T13:13:50.264+0000] {processor.py:650} INFO - DAG(s) dict_keys(['example_branch_datetime_operator', 'example_branch_datetime_operator_2']) retrieved from /home/airflow/.local/lib/python3.7/site-packages/airflow/example_dags/example_branch_datetime_operator.py
[2025-06-20T13:13:50.279+0000] {logging_mixin.py:115} INFO - [2025-06-20T13:13:50.279+0000] {dag.py:2429} INFO - Sync 2 DAGs
[2025-06-20T13:13:50.289+0000] {logging_mixin.py:115} INFO - [2025-06-20T13:13:50.289+0000] {dag.py:2981} INFO - Setting next_dagrun for example_branch_datetime_operator to 2025-06-19T00:00:00+00:00, run_after=2025-06-20T00:00:00+00:00
[2025-06-20T13:13:50.290+0000] {logging_mixin.py:115} INFO - [2025-06-20T13:13:50.290+0000] {dag.py:2981} INFO - Setting next_dagrun for example_branch_datetime_operator_2 to 2025-06-19T00:00:00+00:00, run_after=2025-06-20T00:00:00+00:00
[2025-06-20T13:13:50.294+0000] {processor.py:161} INFO - Processing /home/airflow/.local/lib/python3.7/site-packages/airflow/example_dags/example_branch_datetime_operator.py took 0.037 seconds
[2025-06-20T13:14:20.539+0000] {processor.py:153} INFO - Started process (PID=1289) to work on /home/airflow/.local/lib/python3.7/site-packages/airflow/example_dags/example_branch_datetime_operator.py
[2025-06-20T13:14:20.540+0000] {processor.py:640} INFO - Processing file /home/airflow/.local/lib/python3.7/site-packages/airflow/example_dags/example_branch_datetime_operator.py for tasks to queue
[2025-06-20T13:14:20.540+0000] {logging_mixin.py:115} INFO - [2025-06-20T13:14:20.540+0000] {dagbag.py:508} INFO - Filling up the DagBag from /home/airflow/.local/lib/python3.7/site-packages/airflow/example_dags/example_branch_datetime_operator.py
[2025-06-20T13:14:20.544+0000] {processor.py:650} INFO - DAG(s) dict_keys(['example_branch_datetime_operator', 'example_branch_datetime_operator_2']) retrieved from /home/airflow/.local/lib/python3.7/site-packages/airflow/example_dags/example_branch_datetime_operator.py
[2025-06-20T13:14:20.557+0000] {logging_mixin.py:115} INFO - [2025-06-20T13:14:20.557+0000] {dag.py:2429} INFO - Sync 2 DAGs
[2025-06-20T13:14:20.566+0000] {logging_mixin.py:115} INFO - [2025-06-20T13:14:20.566+0000] {dag.py:2981} INFO - Setting next_dagrun for example_branch_datetime_operator to 2025-06-19T00:00:00+00:00, run_after=2025-06-20T00:00:00+00:00
[2025-06-20T13:14:20.567+0000] {logging_mixin.py:115} INFO - [2025-06-20T13:14:20.567+0000] {dag.py:2981} INFO - Setting next_dagrun for example_branch_datetime_operator_2 to 2025-06-19T00:00:00+00:00, run_after=2025-06-20T00:00:00+00:00
[2025-06-20T13:14:20.571+0000] {processor.py:161} INFO - Processing /home/airflow/.local/lib/python3.7/site-packages/airflow/example_dags/example_branch_datetime_operator.py took 0.034 seconds
[2025-06-20T13:14:50.623+0000] {processor.py:153} INFO - Started process (PID=1350) to work on /home/airflow/.local/lib/python3.7/site-packages/airflow/example_dags/example_branch_datetime_operator.py
[2025-06-20T13:14:50.624+0000] {processor.py:640} INFO - Processing file /home/airflow/.local/lib/python3.7/site-packages/airflow/example_dags/example_branch_datetime_operator.py for tasks to queue
[2025-06-20T13:14:50.624+0000] {logging_mixin.py:115} INFO - [2025-06-20T13:14:50.624+0000] {dagbag.py:508} INFO - Filling up the DagBag from /home/airflow/.local/lib/python3.7/site-packages/airflow/example_dags/example_branch_datetime_operator.py
[2025-06-20T13:14:50.628+0000] {processor.py:650} INFO - DAG(s) dict_keys(['example_branch_datetime_operator', 'example_branch_datetime_operator_2']) retrieved from /home/airflow/.local/lib/python3.7/site-packages/airflow/example_dags/example_branch_datetime_operator.py
[2025-06-20T13:14:50.638+0000] {logging_mixin.py:115} INFO - [2025-06-20T13:14:50.638+0000] {dag.py:2429} INFO - Sync 2 DAGs
[2025-06-20T13:14:50.647+0000] {logging_mixin.py:115} INFO - [2025-06-20T13:14:50.647+0000] {dag.py:2981} INFO - Setting next_dagrun for example_branch_datetime_operator to 2025-06-19T00:00:00+00:00, run_after=2025-06-20T00:00:00+00:00
[2025-06-20T13:14:50.647+0000] {logging_mixin.py:115} INFO - [2025-06-20T13:14:50.647+0000] {dag.py:2981} INFO - Setting next_dagrun for example_branch_datetime_operator_2 to 2025-06-19T00:00:00+00:00, run_after=2025-06-20T00:00:00+00:00
[2025-06-20T13:14:50.651+0000] {processor.py:161} INFO - Processing /home/airflow/.local/lib/python3.7/site-packages/airflow/example_dags/example_branch_datetime_operator.py took 0.029 seconds
[2025-06-20T13:15:20.726+0000] {processor.py:153} INFO - Started process (PID=1411) to work on /home/airflow/.local/lib/python3.7/site-packages/airflow/example_dags/example_branch_datetime_operator.py
[2025-06-20T13:15:20.727+0000] {processor.py:640} INFO - Processing file /home/airflow/.local/lib/python3.7/site-packages/airflow/example_dags/example_branch_datetime_operator.py for tasks to queue
[2025-06-20T13:15:20.727+0000] {logging_mixin.py:115} INFO - [2025-06-20T13:15:20.727+0000] {dagbag.py:508} INFO - Filling up the DagBag from /home/airflow/.local/lib/python3.7/site-packages/airflow/example_dags/example_branch_datetime_operator.py
[2025-06-20T13:15:20.731+0000] {processor.py:650} INFO - DAG(s) dict_keys(['example_branch_datetime_operator', 'example_branch_datetime_operator_2']) retrieved from /home/airflow/.local/lib/python3.7/site-packages/airflow/example_dags/example_branch_datetime_operator.py
[2025-06-20T13:15:20.742+0000] {logging_mixin.py:115} INFO - [2025-06-20T13:15:20.742+0000] {dag.py:2429} INFO - Sync 2 DAGs
[2025-06-20T13:15:20.755+0000] {logging_mixin.py:115} INFO - [2025-06-20T13:15:20.754+0000] {dag.py:2981} INFO - Setting next_dagrun for example_branch_datetime_operator to 2025-06-19T00:00:00+00:00, run_after=2025-06-20T00:00:00+00:00
[2025-06-20T13:15:20.755+0000] {logging_mixin.py:115} INFO - [2025-06-20T13:15:20.755+0000] {dag.py:2981} INFO - Setting next_dagrun for example_branch_datetime_operator_2 to 2025-06-19T00:00:00+00:00, run_after=2025-06-20T00:00:00+00:00
[2025-06-20T13:15:20.760+0000] {processor.py:161} INFO - Processing /home/airflow/.local/lib/python3.7/site-packages/airflow/example_dags/example_branch_datetime_operator.py took 0.035 seconds
[2025-06-20T13:15:50.833+0000] {processor.py:153} INFO - Started process (PID=1472) to work on /home/airflow/.local/lib/python3.7/site-packages/airflow/example_dags/example_branch_datetime_operator.py
[2025-06-20T13:15:50.834+0000] {processor.py:640} INFO - Processing file /home/airflow/.local/lib/python3.7/site-packages/airflow/example_dags/example_branch_datetime_operator.py for tasks to queue
[2025-06-20T13:15:50.834+0000] {logging_mixin.py:115} INFO - [2025-06-20T13:15:50.834+0000] {dagbag.py:508} INFO - Filling up the DagBag from /home/airflow/.local/lib/python3.7/site-packages/airflow/example_dags/example_branch_datetime_operator.py
[2025-06-20T13:15:50.838+0000] {processor.py:650} INFO - DAG(s) dict_keys(['example_branch_datetime_operator', 'example_branch_datetime_operator_2']) retrieved from /home/airflow/.local/lib/python3.7/site-packages/airflow/example_dags/example_branch_datetime_operator.py
[2025-06-20T13:15:50.851+0000] {logging_mixin.py:115} INFO - [2025-06-20T13:15:50.851+0000] {dag.py:2429} INFO - Sync 2 DAGs
[2025-06-20T13:15:50.861+0000] {logging_mixin.py:115} INFO - [2025-06-20T13:15:50.861+0000] {dag.py:2981} INFO - Setting next_dagrun for example_branch_datetime_operator to 2025-06-19T00:00:00+00:00, run_after=2025-06-20T00:00:00+00:00
[2025-06-20T13:15:50.861+0000] {logging_mixin.py:115} INFO - [2025-06-20T13:15:50.861+0000] {dag.py:2981} INFO - Setting next_dagrun for example_branch_datetime_operator_2 to 2025-06-19T00:00:00+00:00, run_after=2025-06-20T00:00:00+00:00
[2025-06-20T13:15:50.866+0000] {processor.py:161} INFO - Processing /home/airflow/.local/lib/python3.7/site-packages/airflow/example_dags/example_branch_datetime_operator.py took 0.035 seconds
[2025-06-20T13:16:21.031+0000] {processor.py:153} INFO - Started process (PID=1533) to work on /home/airflow/.local/lib/python3.7/site-packages/airflow/example_dags/example_branch_datetime_operator.py
[2025-06-20T13:16:21.032+0000] {processor.py:640} INFO - Processing file /home/airflow/.local/lib/python3.7/site-packages/airflow/example_dags/example_branch_datetime_operator.py for tasks to queue
[2025-06-20T13:16:21.033+0000] {logging_mixin.py:115} INFO - [2025-06-20T13:16:21.033+0000] {dagbag.py:508} INFO - Filling up the DagBag from /home/airflow/.local/lib/python3.7/site-packages/airflow/example_dags/example_branch_datetime_operator.py
[2025-06-20T13:16:21.039+0000] {processor.py:650} INFO - DAG(s) dict_keys(['example_branch_datetime_operator', 'example_branch_datetime_operator_2']) retrieved from /home/airflow/.local/lib/python3.7/site-packages/airflow/example_dags/example_branch_datetime_operator.py
[2025-06-20T13:16:21.066+0000] {logging_mixin.py:115} INFO - [2025-06-20T13:16:21.065+0000] {dag.py:2429} INFO - Sync 2 DAGs
[2025-06-20T13:16:21.083+0000] {logging_mixin.py:115} INFO - [2025-06-20T13:16:21.083+0000] {dag.py:2981} INFO - Setting next_dagrun for example_branch_datetime_operator to 2025-06-19T00:00:00+00:00, run_after=2025-06-20T00:00:00+00:00
[2025-06-20T13:16:21.084+0000] {logging_mixin.py:115} INFO - [2025-06-20T13:16:21.083+0000] {dag.py:2981} INFO - Setting next_dagrun for example_branch_datetime_operator_2 to 2025-06-19T00:00:00+00:00, run_after=2025-06-20T00:00:00+00:00
[2025-06-20T13:16:21.094+0000] {processor.py:161} INFO - Processing /home/airflow/.local/lib/python3.7/site-packages/airflow/example_dags/example_branch_datetime_operator.py took 0.064 seconds
[2025-06-20T13:16:51.287+0000] {processor.py:153} INFO - Started process (PID=1585) to work on /home/airflow/.local/lib/python3.7/site-packages/airflow/example_dags/example_branch_datetime_operator.py
[2025-06-20T13:16:51.287+0000] {processor.py:640} INFO - Processing file /home/airflow/.local/lib/python3.7/site-packages/airflow/example_dags/example_branch_datetime_operator.py for tasks to queue
[2025-06-20T13:16:51.288+0000] {logging_mixin.py:115} INFO - [2025-06-20T13:16:51.288+0000] {dagbag.py:508} INFO - Filling up the DagBag from /home/airflow/.local/lib/python3.7/site-packages/airflow/example_dags/example_branch_datetime_operator.py
[2025-06-20T13:16:51.292+0000] {processor.py:650} INFO - DAG(s) dict_keys(['example_branch_datetime_operator', 'example_branch_datetime_operator_2']) retrieved from /home/airflow/.local/lib/python3.7/site-packages/airflow/example_dags/example_branch_datetime_operator.py
[2025-06-20T13:16:51.304+0000] {logging_mixin.py:115} INFO - [2025-06-20T13:16:51.304+0000] {dag.py:2429} INFO - Sync 2 DAGs
[2025-06-20T13:16:51.314+0000] {logging_mixin.py:115} INFO - [2025-06-20T13:16:51.314+0000] {dag.py:2981} INFO - Setting next_dagrun for example_branch_datetime_operator to 2025-06-19T00:00:00+00:00, run_after=2025-06-20T00:00:00+00:00
[2025-06-20T13:16:51.315+0000] {logging_mixin.py:115} INFO - [2025-06-20T13:16:51.315+0000] {dag.py:2981} INFO - Setting next_dagrun for example_branch_datetime_operator_2 to 2025-06-19T00:00:00+00:00, run_after=2025-06-20T00:00:00+00:00
[2025-06-20T13:16:51.320+0000] {processor.py:161} INFO - Processing /home/airflow/.local/lib/python3.7/site-packages/airflow/example_dags/example_branch_datetime_operator.py took 0.035 seconds
[2025-06-20T13:17:21.409+0000] {processor.py:153} INFO - Started process (PID=1646) to work on /home/airflow/.local/lib/python3.7/site-packages/airflow/example_dags/example_branch_datetime_operator.py
[2025-06-20T13:17:21.411+0000] {processor.py:640} INFO - Processing file /home/airflow/.local/lib/python3.7/site-packages/airflow/example_dags/example_branch_datetime_operator.py for tasks to queue
[2025-06-20T13:17:21.411+0000] {logging_mixin.py:115} INFO - [2025-06-20T13:17:21.411+0000] {dagbag.py:508} INFO - Filling up the DagBag from /home/airflow/.local/lib/python3.7/site-packages/airflow/example_dags/example_branch_datetime_operator.py
[2025-06-20T13:17:21.415+0000] {processor.py:650} INFO - DAG(s) dict_keys(['example_branch_datetime_operator', 'example_branch_datetime_operator_2']) retrieved from /home/airflow/.local/lib/python3.7/site-packages/airflow/example_dags/example_branch_datetime_operator.py
[2025-06-20T13:17:21.427+0000] {logging_mixin.py:115} INFO - [2025-06-20T13:17:21.427+0000] {dag.py:2429} INFO - Sync 2 DAGs
[2025-06-20T13:17:21.436+0000] {logging_mixin.py:115} INFO - [2025-06-20T13:17:21.436+0000] {dag.py:2981} INFO - Setting next_dagrun for example_branch_datetime_operator to 2025-06-19T00:00:00+00:00, run_after=2025-06-20T00:00:00+00:00
[2025-06-20T13:17:21.437+0000] {logging_mixin.py:115} INFO - [2025-06-20T13:17:21.437+0000] {dag.py:2981} INFO - Setting next_dagrun for example_branch_datetime_operator_2 to 2025-06-19T00:00:00+00:00, run_after=2025-06-20T00:00:00+00:00
[2025-06-20T13:17:21.441+0000] {processor.py:161} INFO - Processing /home/airflow/.local/lib/python3.7/site-packages/airflow/example_dags/example_branch_datetime_operator.py took 0.034 seconds
[2025-06-20T13:17:51.514+0000] {processor.py:153} INFO - Started process (PID=1707) to work on /home/airflow/.local/lib/python3.7/site-packages/airflow/example_dags/example_branch_datetime_operator.py
[2025-06-20T13:17:51.514+0000] {processor.py:640} INFO - Processing file /home/airflow/.local/lib/python3.7/site-packages/airflow/example_dags/example_branch_datetime_operator.py for tasks to queue
[2025-06-20T13:17:51.518+0000] {logging_mixin.py:115} INFO - [2025-06-20T13:17:51.518+0000] {dagbag.py:508} INFO - Filling up the DagBag from /home/airflow/.local/lib/python3.7/site-packages/airflow/example_dags/example_branch_datetime_operator.py
[2025-06-20T13:17:51.523+0000] {processor.py:650} INFO - DAG(s) dict_keys(['example_branch_datetime_operator', 'example_branch_datetime_operator_2']) retrieved from /home/airflow/.local/lib/python3.7/site-packages/airflow/example_dags/example_branch_datetime_operator.py
[2025-06-20T13:17:51.535+0000] {logging_mixin.py:115} INFO - [2025-06-20T13:17:51.535+0000] {dag.py:2429} INFO - Sync 2 DAGs
[2025-06-20T13:17:51.545+0000] {logging_mixin.py:115} INFO - [2025-06-20T13:17:51.545+0000] {dag.py:2981} INFO - Setting next_dagrun for example_branch_datetime_operator to 2025-06-19T00:00:00+00:00, run_after=2025-06-20T00:00:00+00:00
[2025-06-20T13:17:51.546+0000] {logging_mixin.py:115} INFO - [2025-06-20T13:17:51.546+0000] {dag.py:2981} INFO - Setting next_dagrun for example_branch_datetime_operator_2 to 2025-06-19T00:00:00+00:00, run_after=2025-06-20T00:00:00+00:00
[2025-06-20T13:17:51.551+0000] {processor.py:161} INFO - Processing /home/airflow/.local/lib/python3.7/site-packages/airflow/example_dags/example_branch_datetime_operator.py took 0.039 seconds
[2025-06-20T13:18:21.627+0000] {processor.py:153} INFO - Started process (PID=1768) to work on /home/airflow/.local/lib/python3.7/site-packages/airflow/example_dags/example_branch_datetime_operator.py
[2025-06-20T13:18:21.627+0000] {processor.py:640} INFO - Processing file /home/airflow/.local/lib/python3.7/site-packages/airflow/example_dags/example_branch_datetime_operator.py for tasks to queue
[2025-06-20T13:18:21.628+0000] {logging_mixin.py:115} INFO - [2025-06-20T13:18:21.628+0000] {dagbag.py:508} INFO - Filling up the DagBag from /home/airflow/.local/lib/python3.7/site-packages/airflow/example_dags/example_branch_datetime_operator.py
[2025-06-20T13:18:21.632+0000] {processor.py:650} INFO - DAG(s) dict_keys(['example_branch_datetime_operator', 'example_branch_datetime_operator_2']) retrieved from /home/airflow/.local/lib/python3.7/site-packages/airflow/example_dags/example_branch_datetime_operator.py
[2025-06-20T13:18:21.643+0000] {logging_mixin.py:115} INFO - [2025-06-20T13:18:21.643+0000] {dag.py:2429} INFO - Sync 2 DAGs
[2025-06-20T13:18:21.653+0000] {logging_mixin.py:115} INFO - [2025-06-20T13:18:21.653+0000] {dag.py:2981} INFO - Setting next_dagrun for example_branch_datetime_operator to 2025-06-19T00:00:00+00:00, run_after=2025-06-20T00:00:00+00:00
[2025-06-20T13:18:21.654+0000] {logging_mixin.py:115} INFO - [2025-06-20T13:18:21.653+0000] {dag.py:2981} INFO - Setting next_dagrun for example_branch_datetime_operator_2 to 2025-06-19T00:00:00+00:00, run_after=2025-06-20T00:00:00+00:00
[2025-06-20T13:18:21.658+0000] {processor.py:161} INFO - Processing /home/airflow/.local/lib/python3.7/site-packages/airflow/example_dags/example_branch_datetime_operator.py took 0.033 seconds
[2025-06-20T13:18:51.845+0000] {processor.py:153} INFO - Started process (PID=1829) to work on /home/airflow/.local/lib/python3.7/site-packages/airflow/example_dags/example_branch_datetime_operator.py
[2025-06-20T13:18:51.848+0000] {processor.py:640} INFO - Processing file /home/airflow/.local/lib/python3.7/site-packages/airflow/example_dags/example_branch_datetime_operator.py for tasks to queue
[2025-06-20T13:18:51.849+0000] {logging_mixin.py:115} INFO - [2025-06-20T13:18:51.848+0000] {dagbag.py:508} INFO - Filling up the DagBag from /home/airflow/.local/lib/python3.7/site-packages/airflow/example_dags/example_branch_datetime_operator.py
[2025-06-20T13:18:51.853+0000] {processor.py:650} INFO - DAG(s) dict_keys(['example_branch_datetime_operator', 'example_branch_datetime_operator_2']) retrieved from /home/airflow/.local/lib/python3.7/site-packages/airflow/example_dags/example_branch_datetime_operator.py
[2025-06-20T13:18:51.865+0000] {logging_mixin.py:115} INFO - [2025-06-20T13:18:51.865+0000] {dag.py:2429} INFO - Sync 2 DAGs
[2025-06-20T13:18:51.877+0000] {logging_mixin.py:115} INFO - [2025-06-20T13:18:51.877+0000] {dag.py:2981} INFO - Setting next_dagrun for example_branch_datetime_operator to 2025-06-19T00:00:00+00:00, run_after=2025-06-20T00:00:00+00:00
[2025-06-20T13:18:51.878+0000] {logging_mixin.py:115} INFO - [2025-06-20T13:18:51.878+0000] {dag.py:2981} INFO - Setting next_dagrun for example_branch_datetime_operator_2 to 2025-06-19T00:00:00+00:00, run_after=2025-06-20T00:00:00+00:00
[2025-06-20T13:18:51.884+0000] {processor.py:161} INFO - Processing /home/airflow/.local/lib/python3.7/site-packages/airflow/example_dags/example_branch_datetime_operator.py took 0.040 seconds
[2025-06-20T13:19:22.006+0000] {processor.py:153} INFO - Started process (PID=1890) to work on /home/airflow/.local/lib/python3.7/site-packages/airflow/example_dags/example_branch_datetime_operator.py
[2025-06-20T13:19:22.008+0000] {processor.py:640} INFO - Processing file /home/airflow/.local/lib/python3.7/site-packages/airflow/example_dags/example_branch_datetime_operator.py for tasks to queue
[2025-06-20T13:19:22.011+0000] {logging_mixin.py:115} INFO - [2025-06-20T13:19:22.011+0000] {dagbag.py:508} INFO - Filling up the DagBag from /home/airflow/.local/lib/python3.7/site-packages/airflow/example_dags/example_branch_datetime_operator.py
[2025-06-20T13:19:22.015+0000] {processor.py:650} INFO - DAG(s) dict_keys(['example_branch_datetime_operator', 'example_branch_datetime_operator_2']) retrieved from /home/airflow/.local/lib/python3.7/site-packages/airflow/example_dags/example_branch_datetime_operator.py
[2025-06-20T13:19:22.029+0000] {logging_mixin.py:115} INFO - [2025-06-20T13:19:22.029+0000] {dag.py:2429} INFO - Sync 2 DAGs
[2025-06-20T13:19:22.042+0000] {logging_mixin.py:115} INFO - [2025-06-20T13:19:22.042+0000] {dag.py:2981} INFO - Setting next_dagrun for example_branch_datetime_operator to 2025-06-19T00:00:00+00:00, run_after=2025-06-20T00:00:00+00:00
[2025-06-20T13:19:22.042+0000] {logging_mixin.py:115} INFO - [2025-06-20T13:19:22.042+0000] {dag.py:2981} INFO - Setting next_dagrun for example_branch_datetime_operator_2 to 2025-06-19T00:00:00+00:00, run_after=2025-06-20T00:00:00+00:00
[2025-06-20T13:19:22.047+0000] {processor.py:161} INFO - Processing /home/airflow/.local/lib/python3.7/site-packages/airflow/example_dags/example_branch_datetime_operator.py took 0.043 seconds
[2025-06-20T13:19:52.123+0000] {processor.py:153} INFO - Started process (PID=1942) to work on /home/airflow/.local/lib/python3.7/site-packages/airflow/example_dags/example_branch_datetime_operator.py
[2025-06-20T13:19:52.126+0000] {processor.py:640} INFO - Processing file /home/airflow/.local/lib/python3.7/site-packages/airflow/example_dags/example_branch_datetime_operator.py for tasks to queue
[2025-06-20T13:19:52.128+0000] {logging_mixin.py:115} INFO - [2025-06-20T13:19:52.128+0000] {dagbag.py:508} INFO - Filling up the DagBag from /home/airflow/.local/lib/python3.7/site-packages/airflow/example_dags/example_branch_datetime_operator.py
[2025-06-20T13:19:52.132+0000] {processor.py:650} INFO - DAG(s) dict_keys(['example_branch_datetime_operator', 'example_branch_datetime_operator_2']) retrieved from /home/airflow/.local/lib/python3.7/site-packages/airflow/example_dags/example_branch_datetime_operator.py
[2025-06-20T13:19:52.146+0000] {logging_mixin.py:115} INFO - [2025-06-20T13:19:52.146+0000] {dag.py:2429} INFO - Sync 2 DAGs
[2025-06-20T13:19:52.156+0000] {logging_mixin.py:115} INFO - [2025-06-20T13:19:52.156+0000] {dag.py:2981} INFO - Setting next_dagrun for example_branch_datetime_operator to 2025-06-19T00:00:00+00:00, run_after=2025-06-20T00:00:00+00:00
[2025-06-20T13:19:52.157+0000] {logging_mixin.py:115} INFO - [2025-06-20T13:19:52.157+0000] {dag.py:2981} INFO - Setting next_dagrun for example_branch_datetime_operator_2 to 2025-06-19T00:00:00+00:00, run_after=2025-06-20T00:00:00+00:00
[2025-06-20T13:19:52.162+0000] {processor.py:161} INFO - Processing /home/airflow/.local/lib/python3.7/site-packages/airflow/example_dags/example_branch_datetime_operator.py took 0.040 seconds
[2025-06-20T13:20:22.203+0000] {processor.py:153} INFO - Started process (PID=2003) to work on /home/airflow/.local/lib/python3.7/site-packages/airflow/example_dags/example_branch_datetime_operator.py
[2025-06-20T13:20:22.204+0000] {processor.py:640} INFO - Processing file /home/airflow/.local/lib/python3.7/site-packages/airflow/example_dags/example_branch_datetime_operator.py for tasks to queue
[2025-06-20T13:20:22.204+0000] {logging_mixin.py:115} INFO - [2025-06-20T13:20:22.204+0000] {dagbag.py:508} INFO - Filling up the DagBag from /home/airflow/.local/lib/python3.7/site-packages/airflow/example_dags/example_branch_datetime_operator.py
[2025-06-20T13:20:22.208+0000] {processor.py:650} INFO - DAG(s) dict_keys(['example_branch_datetime_operator', 'example_branch_datetime_operator_2']) retrieved from /home/airflow/.local/lib/python3.7/site-packages/airflow/example_dags/example_branch_datetime_operator.py
[2025-06-20T13:20:22.220+0000] {logging_mixin.py:115} INFO - [2025-06-20T13:20:22.220+0000] {dag.py:2429} INFO - Sync 2 DAGs
[2025-06-20T13:20:22.229+0000] {logging_mixin.py:115} INFO - [2025-06-20T13:20:22.229+0000] {dag.py:2981} INFO - Setting next_dagrun for example_branch_datetime_operator to 2025-06-19T00:00:00+00:00, run_after=2025-06-20T00:00:00+00:00
[2025-06-20T13:20:22.230+0000] {logging_mixin.py:115} INFO - [2025-06-20T13:20:22.230+0000] {dag.py:2981} INFO - Setting next_dagrun for example_branch_datetime_operator_2 to 2025-06-19T00:00:00+00:00, run_after=2025-06-20T00:00:00+00:00
[2025-06-20T13:20:22.235+0000] {processor.py:161} INFO - Processing /home/airflow/.local/lib/python3.7/site-packages/airflow/example_dags/example_branch_datetime_operator.py took 0.033 seconds
[2025-06-20T13:20:52.393+0000] {processor.py:153} INFO - Started process (PID=2064) to work on /home/airflow/.local/lib/python3.7/site-packages/airflow/example_dags/example_branch_datetime_operator.py
[2025-06-20T13:20:52.393+0000] {processor.py:640} INFO - Processing file /home/airflow/.local/lib/python3.7/site-packages/airflow/example_dags/example_branch_datetime_operator.py for tasks to queue
[2025-06-20T13:20:52.394+0000] {logging_mixin.py:115} INFO - [2025-06-20T13:20:52.393+0000] {dagbag.py:508} INFO - Filling up the DagBag from /home/airflow/.local/lib/python3.7/site-packages/airflow/example_dags/example_branch_datetime_operator.py
[2025-06-20T13:20:52.397+0000] {processor.py:650} INFO - DAG(s) dict_keys(['example_branch_datetime_operator', 'example_branch_datetime_operator_2']) retrieved from /home/airflow/.local/lib/python3.7/site-packages/airflow/example_dags/example_branch_datetime_operator.py
[2025-06-20T13:20:52.409+0000] {logging_mixin.py:115} INFO - [2025-06-20T13:20:52.409+0000] {dag.py:2429} INFO - Sync 2 DAGs
[2025-06-20T13:20:52.420+0000] {logging_mixin.py:115} INFO - [2025-06-20T13:20:52.420+0000] {dag.py:2981} INFO - Setting next_dagrun for example_branch_datetime_operator to 2025-06-19T00:00:00+00:00, run_after=2025-06-20T00:00:00+00:00
[2025-06-20T13:20:52.421+0000] {logging_mixin.py:115} INFO - [2025-06-20T13:20:52.421+0000] {dag.py:2981} INFO - Setting next_dagrun for example_branch_datetime_operator_2 to 2025-06-19T00:00:00+00:00, run_after=2025-06-20T00:00:00+00:00
[2025-06-20T13:20:52.425+0000] {processor.py:161} INFO - Processing /home/airflow/.local/lib/python3.7/site-packages/airflow/example_dags/example_branch_datetime_operator.py took 0.034 seconds
[2025-06-20T13:21:22.537+0000] {processor.py:153} INFO - Started process (PID=2125) to work on /home/airflow/.local/lib/python3.7/site-packages/airflow/example_dags/example_branch_datetime_operator.py
[2025-06-20T13:21:22.540+0000] {processor.py:640} INFO - Processing file /home/airflow/.local/lib/python3.7/site-packages/airflow/example_dags/example_branch_datetime_operator.py for tasks to queue
[2025-06-20T13:21:22.540+0000] {logging_mixin.py:115} INFO - [2025-06-20T13:21:22.540+0000] {dagbag.py:508} INFO - Filling up the DagBag from /home/airflow/.local/lib/python3.7/site-packages/airflow/example_dags/example_branch_datetime_operator.py
[2025-06-20T13:21:22.544+0000] {processor.py:650} INFO - DAG(s) dict_keys(['example_branch_datetime_operator', 'example_branch_datetime_operator_2']) retrieved from /home/airflow/.local/lib/python3.7/site-packages/airflow/example_dags/example_branch_datetime_operator.py
[2025-06-20T13:21:22.559+0000] {logging_mixin.py:115} INFO - [2025-06-20T13:21:22.558+0000] {dag.py:2429} INFO - Sync 2 DAGs
[2025-06-20T13:21:22.569+0000] {logging_mixin.py:115} INFO - [2025-06-20T13:21:22.568+0000] {dag.py:2981} INFO - Setting next_dagrun for example_branch_datetime_operator to 2025-06-19T00:00:00+00:00, run_after=2025-06-20T00:00:00+00:00
[2025-06-20T13:21:22.569+0000] {logging_mixin.py:115} INFO - [2025-06-20T13:21:22.569+0000] {dag.py:2981} INFO - Setting next_dagrun for example_branch_datetime_operator_2 to 2025-06-19T00:00:00+00:00, run_after=2025-06-20T00:00:00+00:00
[2025-06-20T13:21:22.575+0000] {processor.py:161} INFO - Processing /home/airflow/.local/lib/python3.7/site-packages/airflow/example_dags/example_branch_datetime_operator.py took 0.039 seconds
[2025-06-20T13:21:52.665+0000] {processor.py:153} INFO - Started process (PID=2186) to work on /home/airflow/.local/lib/python3.7/site-packages/airflow/example_dags/example_branch_datetime_operator.py
[2025-06-20T13:21:52.667+0000] {processor.py:640} INFO - Processing file /home/airflow/.local/lib/python3.7/site-packages/airflow/example_dags/example_branch_datetime_operator.py for tasks to queue
[2025-06-20T13:21:52.667+0000] {logging_mixin.py:115} INFO - [2025-06-20T13:21:52.667+0000] {dagbag.py:508} INFO - Filling up the DagBag from /home/airflow/.local/lib/python3.7/site-packages/airflow/example_dags/example_branch_datetime_operator.py
[2025-06-20T13:21:52.672+0000] {processor.py:650} INFO - DAG(s) dict_keys(['example_branch_datetime_operator', 'example_branch_datetime_operator_2']) retrieved from /home/airflow/.local/lib/python3.7/site-packages/airflow/example_dags/example_branch_datetime_operator.py
[2025-06-20T13:21:52.684+0000] {logging_mixin.py:115} INFO - [2025-06-20T13:21:52.684+0000] {dag.py:2429} INFO - Sync 2 DAGs
[2025-06-20T13:21:52.693+0000] {logging_mixin.py:115} INFO - [2025-06-20T13:21:52.693+0000] {dag.py:2981} INFO - Setting next_dagrun for example_branch_datetime_operator to 2025-06-19T00:00:00+00:00, run_after=2025-06-20T00:00:00+00:00
[2025-06-20T13:21:52.694+0000] {logging_mixin.py:115} INFO - [2025-06-20T13:21:52.694+0000] {dag.py:2981} INFO - Setting next_dagrun for example_branch_datetime_operator_2 to 2025-06-19T00:00:00+00:00, run_after=2025-06-20T00:00:00+00:00
[2025-06-20T13:21:52.698+0000] {processor.py:161} INFO - Processing /home/airflow/.local/lib/python3.7/site-packages/airflow/example_dags/example_branch_datetime_operator.py took 0.035 seconds
[2025-06-20T13:22:22.781+0000] {processor.py:153} INFO - Started process (PID=2238) to work on /home/airflow/.local/lib/python3.7/site-packages/airflow/example_dags/example_branch_datetime_operator.py
[2025-06-20T13:22:22.782+0000] {processor.py:640} INFO - Processing file /home/airflow/.local/lib/python3.7/site-packages/airflow/example_dags/example_branch_datetime_operator.py for tasks to queue
[2025-06-20T13:22:22.782+0000] {logging_mixin.py:115} INFO - [2025-06-20T13:22:22.782+0000] {dagbag.py:508} INFO - Filling up the DagBag from /home/airflow/.local/lib/python3.7/site-packages/airflow/example_dags/example_branch_datetime_operator.py
[2025-06-20T13:22:22.786+0000] {processor.py:650} INFO - DAG(s) dict_keys(['example_branch_datetime_operator', 'example_branch_datetime_operator_2']) retrieved from /home/airflow/.local/lib/python3.7/site-packages/airflow/example_dags/example_branch_datetime_operator.py
[2025-06-20T13:22:22.798+0000] {logging_mixin.py:115} INFO - [2025-06-20T13:22:22.798+0000] {dag.py:2429} INFO - Sync 2 DAGs
[2025-06-20T13:22:22.808+0000] {logging_mixin.py:115} INFO - [2025-06-20T13:22:22.808+0000] {dag.py:2981} INFO - Setting next_dagrun for example_branch_datetime_operator to 2025-06-19T00:00:00+00:00, run_after=2025-06-20T00:00:00+00:00
[2025-06-20T13:22:22.809+0000] {logging_mixin.py:115} INFO - [2025-06-20T13:22:22.809+0000] {dag.py:2981} INFO - Setting next_dagrun for example_branch_datetime_operator_2 to 2025-06-19T00:00:00+00:00, run_after=2025-06-20T00:00:00+00:00
[2025-06-20T13:22:22.813+0000] {processor.py:161} INFO - Processing /home/airflow/.local/lib/python3.7/site-packages/airflow/example_dags/example_branch_datetime_operator.py took 0.034 seconds
[2025-06-20T13:22:52.885+0000] {processor.py:153} INFO - Started process (PID=2299) to work on /home/airflow/.local/lib/python3.7/site-packages/airflow/example_dags/example_branch_datetime_operator.py
[2025-06-20T13:22:52.886+0000] {processor.py:640} INFO - Processing file /home/airflow/.local/lib/python3.7/site-packages/airflow/example_dags/example_branch_datetime_operator.py for tasks to queue
[2025-06-20T13:22:52.886+0000] {logging_mixin.py:115} INFO - [2025-06-20T13:22:52.886+0000] {dagbag.py:508} INFO - Filling up the DagBag from /home/airflow/.local/lib/python3.7/site-packages/airflow/example_dags/example_branch_datetime_operator.py
[2025-06-20T13:22:52.890+0000] {processor.py:650} INFO - DAG(s) dict_keys(['example_branch_datetime_operator', 'example_branch_datetime_operator_2']) retrieved from /home/airflow/.local/lib/python3.7/site-packages/airflow/example_dags/example_branch_datetime_operator.py
[2025-06-20T13:22:52.902+0000] {logging_mixin.py:115} INFO - [2025-06-20T13:22:52.901+0000] {dag.py:2429} INFO - Sync 2 DAGs
[2025-06-20T13:22:52.911+0000] {logging_mixin.py:115} INFO - [2025-06-20T13:22:52.911+0000] {dag.py:2981} INFO - Setting next_dagrun for example_branch_datetime_operator to 2025-06-19T00:00:00+00:00, run_after=2025-06-20T00:00:00+00:00
[2025-06-20T13:22:52.912+0000] {logging_mixin.py:115} INFO - [2025-06-20T13:22:52.912+0000] {dag.py:2981} INFO - Setting next_dagrun for example_branch_datetime_operator_2 to 2025-06-19T00:00:00+00:00, run_after=2025-06-20T00:00:00+00:00
[2025-06-20T13:22:52.917+0000] {processor.py:161} INFO - Processing /home/airflow/.local/lib/python3.7/site-packages/airflow/example_dags/example_branch_datetime_operator.py took 0.033 seconds
[2025-06-20T13:23:23.053+0000] {processor.py:153} INFO - Started process (PID=2360) to work on /home/airflow/.local/lib/python3.7/site-packages/airflow/example_dags/example_branch_datetime_operator.py
[2025-06-20T13:23:23.054+0000] {processor.py:640} INFO - Processing file /home/airflow/.local/lib/python3.7/site-packages/airflow/example_dags/example_branch_datetime_operator.py for tasks to queue
[2025-06-20T13:23:23.054+0000] {logging_mixin.py:115} INFO - [2025-06-20T13:23:23.054+0000] {dagbag.py:508} INFO - Filling up the DagBag from /home/airflow/.local/lib/python3.7/site-packages/airflow/example_dags/example_branch_datetime_operator.py
[2025-06-20T13:23:23.057+0000] {processor.py:650} INFO - DAG(s) dict_keys(['example_branch_datetime_operator', 'example_branch_datetime_operator_2']) retrieved from /home/airflow/.local/lib/python3.7/site-packages/airflow/example_dags/example_branch_datetime_operator.py
[2025-06-20T13:23:23.072+0000] {logging_mixin.py:115} INFO - [2025-06-20T13:23:23.072+0000] {dag.py:2429} INFO - Sync 2 DAGs
[2025-06-20T13:23:23.083+0000] {logging_mixin.py:115} INFO - [2025-06-20T13:23:23.083+0000] {dag.py:2981} INFO - Setting next_dagrun for example_branch_datetime_operator to 2025-06-19T00:00:00+00:00, run_after=2025-06-20T00:00:00+00:00
[2025-06-20T13:23:23.086+0000] {logging_mixin.py:115} INFO - [2025-06-20T13:23:23.086+0000] {dag.py:2981} INFO - Setting next_dagrun for example_branch_datetime_operator_2 to 2025-06-19T00:00:00+00:00, run_after=2025-06-20T00:00:00+00:00
[2025-06-20T13:23:23.093+0000] {processor.py:161} INFO - Processing /home/airflow/.local/lib/python3.7/site-packages/airflow/example_dags/example_branch_datetime_operator.py took 0.041 seconds
[2025-06-20T13:23:53.257+0000] {processor.py:153} INFO - Started process (PID=2421) to work on /home/airflow/.local/lib/python3.7/site-packages/airflow/example_dags/example_branch_datetime_operator.py
[2025-06-20T13:23:53.257+0000] {processor.py:640} INFO - Processing file /home/airflow/.local/lib/python3.7/site-packages/airflow/example_dags/example_branch_datetime_operator.py for tasks to queue
[2025-06-20T13:23:53.258+0000] {logging_mixin.py:115} INFO - [2025-06-20T13:23:53.258+0000] {dagbag.py:508} INFO - Filling up the DagBag from /home/airflow/.local/lib/python3.7/site-packages/airflow/example_dags/example_branch_datetime_operator.py
[2025-06-20T13:23:53.262+0000] {processor.py:650} INFO - DAG(s) dict_keys(['example_branch_datetime_operator', 'example_branch_datetime_operator_2']) retrieved from /home/airflow/.local/lib/python3.7/site-packages/airflow/example_dags/example_branch_datetime_operator.py
[2025-06-20T13:23:53.275+0000] {logging_mixin.py:115} INFO - [2025-06-20T13:23:53.275+0000] {dag.py:2429} INFO - Sync 2 DAGs
[2025-06-20T13:23:53.285+0000] {logging_mixin.py:115} INFO - [2025-06-20T13:23:53.285+0000] {dag.py:2981} INFO - Setting next_dagrun for example_branch_datetime_operator to 2025-06-19T00:00:00+00:00, run_after=2025-06-20T00:00:00+00:00
[2025-06-20T13:23:53.286+0000] {logging_mixin.py:115} INFO - [2025-06-20T13:23:53.286+0000] {dag.py:2981} INFO - Setting next_dagrun for example_branch_datetime_operator_2 to 2025-06-19T00:00:00+00:00, run_after=2025-06-20T00:00:00+00:00
[2025-06-20T13:23:53.291+0000] {processor.py:161} INFO - Processing /home/airflow/.local/lib/python3.7/site-packages/airflow/example_dags/example_branch_datetime_operator.py took 0.035 seconds
[2025-06-20T13:24:23.435+0000] {processor.py:153} INFO - Started process (PID=2482) to work on /home/airflow/.local/lib/python3.7/site-packages/airflow/example_dags/example_branch_datetime_operator.py
[2025-06-20T13:24:23.436+0000] {processor.py:640} INFO - Processing file /home/airflow/.local/lib/python3.7/site-packages/airflow/example_dags/example_branch_datetime_operator.py for tasks to queue
[2025-06-20T13:24:23.437+0000] {logging_mixin.py:115} INFO - [2025-06-20T13:24:23.437+0000] {dagbag.py:508} INFO - Filling up the DagBag from /home/airflow/.local/lib/python3.7/site-packages/airflow/example_dags/example_branch_datetime_operator.py
[2025-06-20T13:24:23.442+0000] {processor.py:650} INFO - DAG(s) dict_keys(['example_branch_datetime_operator', 'example_branch_datetime_operator_2']) retrieved from /home/airflow/.local/lib/python3.7/site-packages/airflow/example_dags/example_branch_datetime_operator.py
[2025-06-20T13:24:23.457+0000] {logging_mixin.py:115} INFO - [2025-06-20T13:24:23.457+0000] {dag.py:2429} INFO - Sync 2 DAGs
[2025-06-20T13:24:23.469+0000] {logging_mixin.py:115} INFO - [2025-06-20T13:24:23.469+0000] {dag.py:2981} INFO - Setting next_dagrun for example_branch_datetime_operator to 2025-06-19T00:00:00+00:00, run_after=2025-06-20T00:00:00+00:00
[2025-06-20T13:24:23.470+0000] {logging_mixin.py:115} INFO - [2025-06-20T13:24:23.470+0000] {dag.py:2981} INFO - Setting next_dagrun for example_branch_datetime_operator_2 to 2025-06-19T00:00:00+00:00, run_after=2025-06-20T00:00:00+00:00
[2025-06-20T13:24:23.476+0000] {processor.py:161} INFO - Processing /home/airflow/.local/lib/python3.7/site-packages/airflow/example_dags/example_branch_datetime_operator.py took 0.042 seconds
