[2025-06-20T12:58:53.342+0000] {processor.py:153} INFO - Started process (PID=61) to work on /home/airflow/.local/lib/python3.7/site-packages/airflow/example_dags/example_branch_operator_decorator.py
[2025-06-20T12:58:53.343+0000] {processor.py:640} INFO - Processing file /home/airflow/.local/lib/python3.7/site-packages/airflow/example_dags/example_branch_operator_decorator.py for tasks to queue
[2025-06-20T12:58:53.344+0000] {logging_mixin.py:115} INFO - [2025-06-20T12:58:53.344+0000] {dagbag.py:508} INFO - Filling up the DagBag from /home/airflow/.local/lib/python3.7/site-packages/airflow/example_dags/example_branch_operator_decorator.py
[2025-06-20T12:58:53.359+0000] {processor.py:650} INFO - DAG(s) dict_keys(['example_branch_python_operator_decorator']) retrieved from /home/airflow/.local/lib/python3.7/site-packages/airflow/example_dags/example_branch_operator_decorator.py
[2025-06-20T12:58:53.444+0000] {logging_mixin.py:115} INFO - [2025-06-20T12:58:53.444+0000] {manager.py:508} INFO - Created Permission View: can read on DAG:example_branch_python_operator_decorator
[2025-06-20T12:58:53.451+0000] {logging_mixin.py:115} INFO - [2025-06-20T12:58:53.451+0000] {manager.py:508} INFO - Created Permission View: can delete on DAG:example_branch_python_operator_decorator
[2025-06-20T12:58:53.463+0000] {logging_mixin.py:115} INFO - [2025-06-20T12:58:53.463+0000] {manager.py:508} INFO - Created Permission View: can edit on DAG:example_branch_python_operator_decorator
[2025-06-20T12:58:53.464+0000] {logging_mixin.py:115} INFO - [2025-06-20T12:58:53.464+0000] {dag.py:2429} INFO - Sync 1 DAGs
[2025-06-20T12:58:53.470+0000] {logging_mixin.py:115} INFO - [2025-06-20T12:58:53.470+0000] {dag.py:2448} INFO - Creating ORM DAG for example_branch_python_operator_decorator
[2025-06-20T12:58:53.481+0000] {logging_mixin.py:115} INFO - [2025-06-20T12:58:53.481+0000] {dag.py:2981} INFO - Setting next_dagrun for example_branch_python_operator_decorator to 2025-06-19T00:00:00+00:00, run_after=2025-06-20T00:00:00+00:00
[2025-06-20T12:58:53.494+0000] {processor.py:161} INFO - Processing /home/airflow/.local/lib/python3.7/site-packages/airflow/example_dags/example_branch_operator_decorator.py took 0.156 seconds
[2025-06-20T12:59:24.043+0000] {processor.py:153} INFO - Started process (PID=121) to work on /home/airflow/.local/lib/python3.7/site-packages/airflow/example_dags/example_branch_operator_decorator.py
[2025-06-20T12:59:24.043+0000] {processor.py:640} INFO - Processing file /home/airflow/.local/lib/python3.7/site-packages/airflow/example_dags/example_branch_operator_decorator.py for tasks to queue
[2025-06-20T12:59:24.044+0000] {logging_mixin.py:115} INFO - [2025-06-20T12:59:24.043+0000] {dagbag.py:508} INFO - Filling up the DagBag from /home/airflow/.local/lib/python3.7/site-packages/airflow/example_dags/example_branch_operator_decorator.py
[2025-06-20T12:59:24.051+0000] {processor.py:650} INFO - DAG(s) dict_keys(['example_branch_python_operator_decorator']) retrieved from /home/airflow/.local/lib/python3.7/site-packages/airflow/example_dags/example_branch_operator_decorator.py
[2025-06-20T12:59:24.066+0000] {logging_mixin.py:115} INFO - [2025-06-20T12:59:24.066+0000] {dag.py:2429} INFO - Sync 1 DAGs
[2025-06-20T12:59:24.076+0000] {logging_mixin.py:115} INFO - [2025-06-20T12:59:24.076+0000] {dag.py:2981} INFO - Setting next_dagrun for example_branch_python_operator_decorator to 2025-06-19T00:00:00+00:00, run_after=2025-06-20T00:00:00+00:00
[2025-06-20T12:59:24.085+0000] {processor.py:161} INFO - Processing /home/airflow/.local/lib/python3.7/site-packages/airflow/example_dags/example_branch_operator_decorator.py took 0.043 seconds
[2025-06-20T12:59:55.093+0000] {processor.py:153} INFO - Started process (PID=182) to work on /home/airflow/.local/lib/python3.7/site-packages/airflow/example_dags/example_branch_operator_decorator.py
[2025-06-20T12:59:55.093+0000] {processor.py:640} INFO - Processing file /home/airflow/.local/lib/python3.7/site-packages/airflow/example_dags/example_branch_operator_decorator.py for tasks to queue
[2025-06-20T12:59:55.093+0000] {logging_mixin.py:115} INFO - [2025-06-20T12:59:55.093+0000] {dagbag.py:508} INFO - Filling up the DagBag from /home/airflow/.local/lib/python3.7/site-packages/airflow/example_dags/example_branch_operator_decorator.py
[2025-06-20T12:59:55.101+0000] {processor.py:650} INFO - DAG(s) dict_keys(['example_branch_python_operator_decorator']) retrieved from /home/airflow/.local/lib/python3.7/site-packages/airflow/example_dags/example_branch_operator_decorator.py
[2025-06-20T12:59:55.112+0000] {logging_mixin.py:115} INFO - [2025-06-20T12:59:55.112+0000] {dag.py:2429} INFO - Sync 1 DAGs
[2025-06-20T12:59:55.122+0000] {logging_mixin.py:115} INFO - [2025-06-20T12:59:55.122+0000] {dag.py:2981} INFO - Setting next_dagrun for example_branch_python_operator_decorator to 2025-06-19T00:00:00+00:00, run_after=2025-06-20T00:00:00+00:00
[2025-06-20T12:59:55.128+0000] {processor.py:161} INFO - Processing /home/airflow/.local/lib/python3.7/site-packages/airflow/example_dags/example_branch_operator_decorator.py took 0.036 seconds
[2025-06-20T13:03:48.200+0000] {processor.py:153} INFO - Started process (PID=60) to work on /home/airflow/.local/lib/python3.7/site-packages/airflow/example_dags/example_branch_operator_decorator.py
[2025-06-20T13:03:48.202+0000] {processor.py:640} INFO - Processing file /home/airflow/.local/lib/python3.7/site-packages/airflow/example_dags/example_branch_operator_decorator.py for tasks to queue
[2025-06-20T13:03:48.203+0000] {logging_mixin.py:115} INFO - [2025-06-20T13:03:48.202+0000] {dagbag.py:508} INFO - Filling up the DagBag from /home/airflow/.local/lib/python3.7/site-packages/airflow/example_dags/example_branch_operator_decorator.py
[2025-06-20T13:03:48.217+0000] {processor.py:650} INFO - DAG(s) dict_keys(['example_branch_python_operator_decorator']) retrieved from /home/airflow/.local/lib/python3.7/site-packages/airflow/example_dags/example_branch_operator_decorator.py
[2025-06-20T13:03:48.270+0000] {logging_mixin.py:115} INFO - [2025-06-20T13:03:48.270+0000] {manager.py:508} INFO - Created Permission View: can delete on DAG:example_branch_python_operator_decorator
[2025-06-20T13:03:48.276+0000] {logging_mixin.py:115} INFO - [2025-06-20T13:03:48.276+0000] {manager.py:508} INFO - Created Permission View: can edit on DAG:example_branch_python_operator_decorator
[2025-06-20T13:03:48.290+0000] {logging_mixin.py:115} INFO - [2025-06-20T13:03:48.290+0000] {manager.py:508} INFO - Created Permission View: can read on DAG:example_branch_python_operator_decorator
[2025-06-20T13:03:48.290+0000] {logging_mixin.py:115} INFO - [2025-06-20T13:03:48.290+0000] {dag.py:2429} INFO - Sync 1 DAGs
[2025-06-20T13:03:48.298+0000] {logging_mixin.py:115} INFO - [2025-06-20T13:03:48.298+0000] {dag.py:2448} INFO - Creating ORM DAG for example_branch_python_operator_decorator
[2025-06-20T13:03:48.314+0000] {logging_mixin.py:115} INFO - [2025-06-20T13:03:48.314+0000] {dag.py:2981} INFO - Setting next_dagrun for example_branch_python_operator_decorator to 2025-06-19T00:00:00+00:00, run_after=2025-06-20T00:00:00+00:00
[2025-06-20T13:03:48.331+0000] {processor.py:161} INFO - Processing /home/airflow/.local/lib/python3.7/site-packages/airflow/example_dags/example_branch_operator_decorator.py took 0.135 seconds
[2025-06-20T13:04:18.833+0000] {processor.py:153} INFO - Started process (PID=121) to work on /home/airflow/.local/lib/python3.7/site-packages/airflow/example_dags/example_branch_operator_decorator.py
[2025-06-20T13:04:18.833+0000] {processor.py:640} INFO - Processing file /home/airflow/.local/lib/python3.7/site-packages/airflow/example_dags/example_branch_operator_decorator.py for tasks to queue
[2025-06-20T13:04:18.833+0000] {logging_mixin.py:115} INFO - [2025-06-20T13:04:18.833+0000] {dagbag.py:508} INFO - Filling up the DagBag from /home/airflow/.local/lib/python3.7/site-packages/airflow/example_dags/example_branch_operator_decorator.py
[2025-06-20T13:04:18.841+0000] {processor.py:650} INFO - DAG(s) dict_keys(['example_branch_python_operator_decorator']) retrieved from /home/airflow/.local/lib/python3.7/site-packages/airflow/example_dags/example_branch_operator_decorator.py
[2025-06-20T13:04:18.852+0000] {logging_mixin.py:115} INFO - [2025-06-20T13:04:18.852+0000] {dag.py:2429} INFO - Sync 1 DAGs
[2025-06-20T13:04:18.861+0000] {logging_mixin.py:115} INFO - [2025-06-20T13:04:18.861+0000] {dag.py:2981} INFO - Setting next_dagrun for example_branch_python_operator_decorator to 2025-06-19T00:00:00+00:00, run_after=2025-06-20T00:00:00+00:00
[2025-06-20T13:04:18.866+0000] {processor.py:161} INFO - Processing /home/airflow/.local/lib/python3.7/site-packages/airflow/example_dags/example_branch_operator_decorator.py took 0.035 seconds
[2025-06-20T13:04:49.018+0000] {processor.py:153} INFO - Started process (PID=182) to work on /home/airflow/.local/lib/python3.7/site-packages/airflow/example_dags/example_branch_operator_decorator.py
[2025-06-20T13:04:49.019+0000] {processor.py:640} INFO - Processing file /home/airflow/.local/lib/python3.7/site-packages/airflow/example_dags/example_branch_operator_decorator.py for tasks to queue
[2025-06-20T13:04:49.019+0000] {logging_mixin.py:115} INFO - [2025-06-20T13:04:49.019+0000] {dagbag.py:508} INFO - Filling up the DagBag from /home/airflow/.local/lib/python3.7/site-packages/airflow/example_dags/example_branch_operator_decorator.py
[2025-06-20T13:04:49.028+0000] {processor.py:650} INFO - DAG(s) dict_keys(['example_branch_python_operator_decorator']) retrieved from /home/airflow/.local/lib/python3.7/site-packages/airflow/example_dags/example_branch_operator_decorator.py
[2025-06-20T13:04:49.042+0000] {logging_mixin.py:115} INFO - [2025-06-20T13:04:49.042+0000] {dag.py:2429} INFO - Sync 1 DAGs
[2025-06-20T13:04:49.053+0000] {logging_mixin.py:115} INFO - [2025-06-20T13:04:49.053+0000] {dag.py:2981} INFO - Setting next_dagrun for example_branch_python_operator_decorator to 2025-06-19T00:00:00+00:00, run_after=2025-06-20T00:00:00+00:00
[2025-06-20T13:04:49.060+0000] {processor.py:161} INFO - Processing /home/airflow/.local/lib/python3.7/site-packages/airflow/example_dags/example_branch_operator_decorator.py took 0.044 seconds
[2025-06-20T13:05:19.257+0000] {processor.py:153} INFO - Started process (PID=242) to work on /home/airflow/.local/lib/python3.7/site-packages/airflow/example_dags/example_branch_operator_decorator.py
[2025-06-20T13:05:19.258+0000] {processor.py:640} INFO - Processing file /home/airflow/.local/lib/python3.7/site-packages/airflow/example_dags/example_branch_operator_decorator.py for tasks to queue
[2025-06-20T13:05:19.259+0000] {logging_mixin.py:115} INFO - [2025-06-20T13:05:19.259+0000] {dagbag.py:508} INFO - Filling up the DagBag from /home/airflow/.local/lib/python3.7/site-packages/airflow/example_dags/example_branch_operator_decorator.py
[2025-06-20T13:05:19.270+0000] {processor.py:650} INFO - DAG(s) dict_keys(['example_branch_python_operator_decorator']) retrieved from /home/airflow/.local/lib/python3.7/site-packages/airflow/example_dags/example_branch_operator_decorator.py
[2025-06-20T13:05:19.281+0000] {logging_mixin.py:115} INFO - [2025-06-20T13:05:19.281+0000] {dag.py:2429} INFO - Sync 1 DAGs
[2025-06-20T13:05:19.292+0000] {logging_mixin.py:115} INFO - [2025-06-20T13:05:19.292+0000] {dag.py:2981} INFO - Setting next_dagrun for example_branch_python_operator_decorator to 2025-06-19T00:00:00+00:00, run_after=2025-06-20T00:00:00+00:00
[2025-06-20T13:05:19.301+0000] {processor.py:161} INFO - Processing /home/airflow/.local/lib/python3.7/site-packages/airflow/example_dags/example_branch_operator_decorator.py took 0.045 seconds
[2025-06-20T13:05:49.447+0000] {processor.py:153} INFO - Started process (PID=303) to work on /home/airflow/.local/lib/python3.7/site-packages/airflow/example_dags/example_branch_operator_decorator.py
[2025-06-20T13:05:49.447+0000] {processor.py:640} INFO - Processing file /home/airflow/.local/lib/python3.7/site-packages/airflow/example_dags/example_branch_operator_decorator.py for tasks to queue
[2025-06-20T13:05:49.448+0000] {logging_mixin.py:115} INFO - [2025-06-20T13:05:49.448+0000] {dagbag.py:508} INFO - Filling up the DagBag from /home/airflow/.local/lib/python3.7/site-packages/airflow/example_dags/example_branch_operator_decorator.py
[2025-06-20T13:05:49.456+0000] {processor.py:650} INFO - DAG(s) dict_keys(['example_branch_python_operator_decorator']) retrieved from /home/airflow/.local/lib/python3.7/site-packages/airflow/example_dags/example_branch_operator_decorator.py
[2025-06-20T13:05:49.473+0000] {logging_mixin.py:115} INFO - [2025-06-20T13:05:49.473+0000] {dag.py:2429} INFO - Sync 1 DAGs
[2025-06-20T13:05:49.484+0000] {logging_mixin.py:115} INFO - [2025-06-20T13:05:49.484+0000] {dag.py:2981} INFO - Setting next_dagrun for example_branch_python_operator_decorator to 2025-06-19T00:00:00+00:00, run_after=2025-06-20T00:00:00+00:00
[2025-06-20T13:05:49.499+0000] {processor.py:161} INFO - Processing /home/airflow/.local/lib/python3.7/site-packages/airflow/example_dags/example_branch_operator_decorator.py took 0.053 seconds
[2025-06-20T13:06:19.780+0000] {processor.py:153} INFO - Started process (PID=355) to work on /home/airflow/.local/lib/python3.7/site-packages/airflow/example_dags/example_branch_operator_decorator.py
[2025-06-20T13:06:19.781+0000] {processor.py:640} INFO - Processing file /home/airflow/.local/lib/python3.7/site-packages/airflow/example_dags/example_branch_operator_decorator.py for tasks to queue
[2025-06-20T13:06:19.781+0000] {logging_mixin.py:115} INFO - [2025-06-20T13:06:19.781+0000] {dagbag.py:508} INFO - Filling up the DagBag from /home/airflow/.local/lib/python3.7/site-packages/airflow/example_dags/example_branch_operator_decorator.py
[2025-06-20T13:06:19.790+0000] {processor.py:650} INFO - DAG(s) dict_keys(['example_branch_python_operator_decorator']) retrieved from /home/airflow/.local/lib/python3.7/site-packages/airflow/example_dags/example_branch_operator_decorator.py
[2025-06-20T13:06:19.805+0000] {logging_mixin.py:115} INFO - [2025-06-20T13:06:19.805+0000] {dag.py:2429} INFO - Sync 1 DAGs
[2025-06-20T13:06:19.815+0000] {logging_mixin.py:115} INFO - [2025-06-20T13:06:19.815+0000] {dag.py:2981} INFO - Setting next_dagrun for example_branch_python_operator_decorator to 2025-06-19T00:00:00+00:00, run_after=2025-06-20T00:00:00+00:00
[2025-06-20T13:06:19.831+0000] {processor.py:161} INFO - Processing /home/airflow/.local/lib/python3.7/site-packages/airflow/example_dags/example_branch_operator_decorator.py took 0.052 seconds
[2025-06-20T13:06:49.956+0000] {processor.py:153} INFO - Started process (PID=415) to work on /home/airflow/.local/lib/python3.7/site-packages/airflow/example_dags/example_branch_operator_decorator.py
[2025-06-20T13:06:49.957+0000] {processor.py:640} INFO - Processing file /home/airflow/.local/lib/python3.7/site-packages/airflow/example_dags/example_branch_operator_decorator.py for tasks to queue
[2025-06-20T13:06:49.957+0000] {logging_mixin.py:115} INFO - [2025-06-20T13:06:49.957+0000] {dagbag.py:508} INFO - Filling up the DagBag from /home/airflow/.local/lib/python3.7/site-packages/airflow/example_dags/example_branch_operator_decorator.py
[2025-06-20T13:06:49.964+0000] {processor.py:650} INFO - DAG(s) dict_keys(['example_branch_python_operator_decorator']) retrieved from /home/airflow/.local/lib/python3.7/site-packages/airflow/example_dags/example_branch_operator_decorator.py
[2025-06-20T13:06:49.980+0000] {logging_mixin.py:115} INFO - [2025-06-20T13:06:49.980+0000] {dag.py:2429} INFO - Sync 1 DAGs
[2025-06-20T13:06:49.991+0000] {logging_mixin.py:115} INFO - [2025-06-20T13:06:49.991+0000] {dag.py:2981} INFO - Setting next_dagrun for example_branch_python_operator_decorator to 2025-06-19T00:00:00+00:00, run_after=2025-06-20T00:00:00+00:00
[2025-06-20T13:06:49.996+0000] {processor.py:161} INFO - Processing /home/airflow/.local/lib/python3.7/site-packages/airflow/example_dags/example_branch_operator_decorator.py took 0.041 seconds
[2025-06-20T13:07:20.023+0000] {processor.py:153} INFO - Started process (PID=475) to work on /home/airflow/.local/lib/python3.7/site-packages/airflow/example_dags/example_branch_operator_decorator.py
[2025-06-20T13:07:20.024+0000] {processor.py:640} INFO - Processing file /home/airflow/.local/lib/python3.7/site-packages/airflow/example_dags/example_branch_operator_decorator.py for tasks to queue
[2025-06-20T13:07:20.025+0000] {logging_mixin.py:115} INFO - [2025-06-20T13:07:20.025+0000] {dagbag.py:508} INFO - Filling up the DagBag from /home/airflow/.local/lib/python3.7/site-packages/airflow/example_dags/example_branch_operator_decorator.py
[2025-06-20T13:07:20.032+0000] {processor.py:650} INFO - DAG(s) dict_keys(['example_branch_python_operator_decorator']) retrieved from /home/airflow/.local/lib/python3.7/site-packages/airflow/example_dags/example_branch_operator_decorator.py
[2025-06-20T13:07:20.046+0000] {logging_mixin.py:115} INFO - [2025-06-20T13:07:20.046+0000] {dag.py:2429} INFO - Sync 1 DAGs
[2025-06-20T13:07:20.056+0000] {logging_mixin.py:115} INFO - [2025-06-20T13:07:20.056+0000] {dag.py:2981} INFO - Setting next_dagrun for example_branch_python_operator_decorator to 2025-06-19T00:00:00+00:00, run_after=2025-06-20T00:00:00+00:00
[2025-06-20T13:07:20.063+0000] {processor.py:161} INFO - Processing /home/airflow/.local/lib/python3.7/site-packages/airflow/example_dags/example_branch_operator_decorator.py took 0.042 seconds
[2025-06-20T13:07:50.107+0000] {processor.py:153} INFO - Started process (PID=536) to work on /home/airflow/.local/lib/python3.7/site-packages/airflow/example_dags/example_branch_operator_decorator.py
[2025-06-20T13:07:50.108+0000] {processor.py:640} INFO - Processing file /home/airflow/.local/lib/python3.7/site-packages/airflow/example_dags/example_branch_operator_decorator.py for tasks to queue
[2025-06-20T13:07:50.110+0000] {logging_mixin.py:115} INFO - [2025-06-20T13:07:50.110+0000] {dagbag.py:508} INFO - Filling up the DagBag from /home/airflow/.local/lib/python3.7/site-packages/airflow/example_dags/example_branch_operator_decorator.py
[2025-06-20T13:07:50.120+0000] {processor.py:650} INFO - DAG(s) dict_keys(['example_branch_python_operator_decorator']) retrieved from /home/airflow/.local/lib/python3.7/site-packages/airflow/example_dags/example_branch_operator_decorator.py
[2025-06-20T13:07:50.130+0000] {logging_mixin.py:115} INFO - [2025-06-20T13:07:50.130+0000] {dag.py:2429} INFO - Sync 1 DAGs
[2025-06-20T13:07:50.139+0000] {logging_mixin.py:115} INFO - [2025-06-20T13:07:50.139+0000] {dag.py:2981} INFO - Setting next_dagrun for example_branch_python_operator_decorator to 2025-06-19T00:00:00+00:00, run_after=2025-06-20T00:00:00+00:00
[2025-06-20T13:07:50.146+0000] {processor.py:161} INFO - Processing /home/airflow/.local/lib/python3.7/site-packages/airflow/example_dags/example_branch_operator_decorator.py took 0.040 seconds
[2025-06-20T13:08:20.192+0000] {processor.py:153} INFO - Started process (PID=597) to work on /home/airflow/.local/lib/python3.7/site-packages/airflow/example_dags/example_branch_operator_decorator.py
[2025-06-20T13:08:20.193+0000] {processor.py:640} INFO - Processing file /home/airflow/.local/lib/python3.7/site-packages/airflow/example_dags/example_branch_operator_decorator.py for tasks to queue
[2025-06-20T13:08:20.194+0000] {logging_mixin.py:115} INFO - [2025-06-20T13:08:20.194+0000] {dagbag.py:508} INFO - Filling up the DagBag from /home/airflow/.local/lib/python3.7/site-packages/airflow/example_dags/example_branch_operator_decorator.py
[2025-06-20T13:08:20.202+0000] {processor.py:650} INFO - DAG(s) dict_keys(['example_branch_python_operator_decorator']) retrieved from /home/airflow/.local/lib/python3.7/site-packages/airflow/example_dags/example_branch_operator_decorator.py
[2025-06-20T13:08:20.213+0000] {logging_mixin.py:115} INFO - [2025-06-20T13:08:20.213+0000] {dag.py:2429} INFO - Sync 1 DAGs
[2025-06-20T13:08:20.224+0000] {logging_mixin.py:115} INFO - [2025-06-20T13:08:20.224+0000] {dag.py:2981} INFO - Setting next_dagrun for example_branch_python_operator_decorator to 2025-06-19T00:00:00+00:00, run_after=2025-06-20T00:00:00+00:00
[2025-06-20T13:08:20.230+0000] {processor.py:161} INFO - Processing /home/airflow/.local/lib/python3.7/site-packages/airflow/example_dags/example_branch_operator_decorator.py took 0.039 seconds
[2025-06-20T13:08:50.269+0000] {processor.py:153} INFO - Started process (PID=648) to work on /home/airflow/.local/lib/python3.7/site-packages/airflow/example_dags/example_branch_operator_decorator.py
[2025-06-20T13:08:50.269+0000] {processor.py:640} INFO - Processing file /home/airflow/.local/lib/python3.7/site-packages/airflow/example_dags/example_branch_operator_decorator.py for tasks to queue
[2025-06-20T13:08:50.270+0000] {logging_mixin.py:115} INFO - [2025-06-20T13:08:50.270+0000] {dagbag.py:508} INFO - Filling up the DagBag from /home/airflow/.local/lib/python3.7/site-packages/airflow/example_dags/example_branch_operator_decorator.py
[2025-06-20T13:08:50.277+0000] {processor.py:650} INFO - DAG(s) dict_keys(['example_branch_python_operator_decorator']) retrieved from /home/airflow/.local/lib/python3.7/site-packages/airflow/example_dags/example_branch_operator_decorator.py
[2025-06-20T13:08:50.286+0000] {logging_mixin.py:115} INFO - [2025-06-20T13:08:50.286+0000] {dag.py:2429} INFO - Sync 1 DAGs
[2025-06-20T13:08:50.296+0000] {logging_mixin.py:115} INFO - [2025-06-20T13:08:50.296+0000] {dag.py:2981} INFO - Setting next_dagrun for example_branch_python_operator_decorator to 2025-06-19T00:00:00+00:00, run_after=2025-06-20T00:00:00+00:00
[2025-06-20T13:08:50.300+0000] {processor.py:161} INFO - Processing /home/airflow/.local/lib/python3.7/site-packages/airflow/example_dags/example_branch_operator_decorator.py took 0.032 seconds
[2025-06-20T13:09:20.350+0000] {processor.py:153} INFO - Started process (PID=709) to work on /home/airflow/.local/lib/python3.7/site-packages/airflow/example_dags/example_branch_operator_decorator.py
[2025-06-20T13:09:20.351+0000] {processor.py:640} INFO - Processing file /home/airflow/.local/lib/python3.7/site-packages/airflow/example_dags/example_branch_operator_decorator.py for tasks to queue
[2025-06-20T13:09:20.351+0000] {logging_mixin.py:115} INFO - [2025-06-20T13:09:20.351+0000] {dagbag.py:508} INFO - Filling up the DagBag from /home/airflow/.local/lib/python3.7/site-packages/airflow/example_dags/example_branch_operator_decorator.py
[2025-06-20T13:09:20.359+0000] {processor.py:650} INFO - DAG(s) dict_keys(['example_branch_python_operator_decorator']) retrieved from /home/airflow/.local/lib/python3.7/site-packages/airflow/example_dags/example_branch_operator_decorator.py
[2025-06-20T13:09:20.370+0000] {logging_mixin.py:115} INFO - [2025-06-20T13:09:20.370+0000] {dag.py:2429} INFO - Sync 1 DAGs
[2025-06-20T13:09:20.382+0000] {logging_mixin.py:115} INFO - [2025-06-20T13:09:20.382+0000] {dag.py:2981} INFO - Setting next_dagrun for example_branch_python_operator_decorator to 2025-06-19T00:00:00+00:00, run_after=2025-06-20T00:00:00+00:00
[2025-06-20T13:09:20.386+0000] {processor.py:161} INFO - Processing /home/airflow/.local/lib/python3.7/site-packages/airflow/example_dags/example_branch_operator_decorator.py took 0.037 seconds
[2025-06-20T13:09:50.487+0000] {processor.py:153} INFO - Started process (PID=770) to work on /home/airflow/.local/lib/python3.7/site-packages/airflow/example_dags/example_branch_operator_decorator.py
[2025-06-20T13:09:50.488+0000] {processor.py:640} INFO - Processing file /home/airflow/.local/lib/python3.7/site-packages/airflow/example_dags/example_branch_operator_decorator.py for tasks to queue
[2025-06-20T13:09:50.488+0000] {logging_mixin.py:115} INFO - [2025-06-20T13:09:50.488+0000] {dagbag.py:508} INFO - Filling up the DagBag from /home/airflow/.local/lib/python3.7/site-packages/airflow/example_dags/example_branch_operator_decorator.py
[2025-06-20T13:09:50.496+0000] {processor.py:650} INFO - DAG(s) dict_keys(['example_branch_python_operator_decorator']) retrieved from /home/airflow/.local/lib/python3.7/site-packages/airflow/example_dags/example_branch_operator_decorator.py
[2025-06-20T13:09:50.506+0000] {logging_mixin.py:115} INFO - [2025-06-20T13:09:50.506+0000] {dag.py:2429} INFO - Sync 1 DAGs
[2025-06-20T13:09:50.515+0000] {logging_mixin.py:115} INFO - [2025-06-20T13:09:50.515+0000] {dag.py:2981} INFO - Setting next_dagrun for example_branch_python_operator_decorator to 2025-06-19T00:00:00+00:00, run_after=2025-06-20T00:00:00+00:00
[2025-06-20T13:09:50.520+0000] {processor.py:161} INFO - Processing /home/airflow/.local/lib/python3.7/site-packages/airflow/example_dags/example_branch_operator_decorator.py took 0.034 seconds
[2025-06-20T13:10:20.592+0000] {processor.py:153} INFO - Started process (PID=831) to work on /home/airflow/.local/lib/python3.7/site-packages/airflow/example_dags/example_branch_operator_decorator.py
[2025-06-20T13:10:20.592+0000] {processor.py:640} INFO - Processing file /home/airflow/.local/lib/python3.7/site-packages/airflow/example_dags/example_branch_operator_decorator.py for tasks to queue
[2025-06-20T13:10:20.592+0000] {logging_mixin.py:115} INFO - [2025-06-20T13:10:20.592+0000] {dagbag.py:508} INFO - Filling up the DagBag from /home/airflow/.local/lib/python3.7/site-packages/airflow/example_dags/example_branch_operator_decorator.py
[2025-06-20T13:10:20.600+0000] {processor.py:650} INFO - DAG(s) dict_keys(['example_branch_python_operator_decorator']) retrieved from /home/airflow/.local/lib/python3.7/site-packages/airflow/example_dags/example_branch_operator_decorator.py
[2025-06-20T13:10:20.611+0000] {logging_mixin.py:115} INFO - [2025-06-20T13:10:20.610+0000] {dag.py:2429} INFO - Sync 1 DAGs
[2025-06-20T13:10:20.622+0000] {logging_mixin.py:115} INFO - [2025-06-20T13:10:20.622+0000] {dag.py:2981} INFO - Setting next_dagrun for example_branch_python_operator_decorator to 2025-06-19T00:00:00+00:00, run_after=2025-06-20T00:00:00+00:00
[2025-06-20T13:10:20.627+0000] {processor.py:161} INFO - Processing /home/airflow/.local/lib/python3.7/site-packages/airflow/example_dags/example_branch_operator_decorator.py took 0.036 seconds
[2025-06-20T13:10:50.732+0000] {processor.py:153} INFO - Started process (PID=892) to work on /home/airflow/.local/lib/python3.7/site-packages/airflow/example_dags/example_branch_operator_decorator.py
[2025-06-20T13:10:50.732+0000] {processor.py:640} INFO - Processing file /home/airflow/.local/lib/python3.7/site-packages/airflow/example_dags/example_branch_operator_decorator.py for tasks to queue
[2025-06-20T13:10:50.733+0000] {logging_mixin.py:115} INFO - [2025-06-20T13:10:50.733+0000] {dagbag.py:508} INFO - Filling up the DagBag from /home/airflow/.local/lib/python3.7/site-packages/airflow/example_dags/example_branch_operator_decorator.py
[2025-06-20T13:10:50.741+0000] {processor.py:650} INFO - DAG(s) dict_keys(['example_branch_python_operator_decorator']) retrieved from /home/airflow/.local/lib/python3.7/site-packages/airflow/example_dags/example_branch_operator_decorator.py
[2025-06-20T13:10:50.752+0000] {logging_mixin.py:115} INFO - [2025-06-20T13:10:50.752+0000] {dag.py:2429} INFO - Sync 1 DAGs
[2025-06-20T13:10:50.762+0000] {logging_mixin.py:115} INFO - [2025-06-20T13:10:50.762+0000] {dag.py:2981} INFO - Setting next_dagrun for example_branch_python_operator_decorator to 2025-06-19T00:00:00+00:00, run_after=2025-06-20T00:00:00+00:00
[2025-06-20T13:10:50.766+0000] {processor.py:161} INFO - Processing /home/airflow/.local/lib/python3.7/site-packages/airflow/example_dags/example_branch_operator_decorator.py took 0.036 seconds
[2025-06-20T13:11:20.940+0000] {processor.py:153} INFO - Started process (PID=953) to work on /home/airflow/.local/lib/python3.7/site-packages/airflow/example_dags/example_branch_operator_decorator.py
[2025-06-20T13:11:20.941+0000] {processor.py:640} INFO - Processing file /home/airflow/.local/lib/python3.7/site-packages/airflow/example_dags/example_branch_operator_decorator.py for tasks to queue
[2025-06-20T13:11:20.941+0000] {logging_mixin.py:115} INFO - [2025-06-20T13:11:20.941+0000] {dagbag.py:508} INFO - Filling up the DagBag from /home/airflow/.local/lib/python3.7/site-packages/airflow/example_dags/example_branch_operator_decorator.py
[2025-06-20T13:11:20.949+0000] {processor.py:650} INFO - DAG(s) dict_keys(['example_branch_python_operator_decorator']) retrieved from /home/airflow/.local/lib/python3.7/site-packages/airflow/example_dags/example_branch_operator_decorator.py
[2025-06-20T13:11:20.966+0000] {logging_mixin.py:115} INFO - [2025-06-20T13:11:20.965+0000] {dag.py:2429} INFO - Sync 1 DAGs
[2025-06-20T13:11:20.979+0000] {logging_mixin.py:115} INFO - [2025-06-20T13:11:20.979+0000] {dag.py:2981} INFO - Setting next_dagrun for example_branch_python_operator_decorator to 2025-06-19T00:00:00+00:00, run_after=2025-06-20T00:00:00+00:00
[2025-06-20T13:11:20.984+0000] {processor.py:161} INFO - Processing /home/airflow/.local/lib/python3.7/site-packages/airflow/example_dags/example_branch_operator_decorator.py took 0.045 seconds
[2025-06-20T13:11:51.084+0000] {processor.py:153} INFO - Started process (PID=1005) to work on /home/airflow/.local/lib/python3.7/site-packages/airflow/example_dags/example_branch_operator_decorator.py
[2025-06-20T13:11:51.085+0000] {processor.py:640} INFO - Processing file /home/airflow/.local/lib/python3.7/site-packages/airflow/example_dags/example_branch_operator_decorator.py for tasks to queue
[2025-06-20T13:11:51.085+0000] {logging_mixin.py:115} INFO - [2025-06-20T13:11:51.085+0000] {dagbag.py:508} INFO - Filling up the DagBag from /home/airflow/.local/lib/python3.7/site-packages/airflow/example_dags/example_branch_operator_decorator.py
[2025-06-20T13:11:51.094+0000] {processor.py:650} INFO - DAG(s) dict_keys(['example_branch_python_operator_decorator']) retrieved from /home/airflow/.local/lib/python3.7/site-packages/airflow/example_dags/example_branch_operator_decorator.py
[2025-06-20T13:11:51.110+0000] {logging_mixin.py:115} INFO - [2025-06-20T13:11:51.110+0000] {dag.py:2429} INFO - Sync 1 DAGs
[2025-06-20T13:11:51.136+0000] {logging_mixin.py:115} INFO - [2025-06-20T13:11:51.136+0000] {dag.py:2981} INFO - Setting next_dagrun for example_branch_python_operator_decorator to 2025-06-19T00:00:00+00:00, run_after=2025-06-20T00:00:00+00:00
[2025-06-20T13:11:51.142+0000] {processor.py:161} INFO - Processing /home/airflow/.local/lib/python3.7/site-packages/airflow/example_dags/example_branch_operator_decorator.py took 0.059 seconds
[2025-06-20T13:12:21.162+0000] {processor.py:153} INFO - Started process (PID=1066) to work on /home/airflow/.local/lib/python3.7/site-packages/airflow/example_dags/example_branch_operator_decorator.py
[2025-06-20T13:12:21.163+0000] {processor.py:640} INFO - Processing file /home/airflow/.local/lib/python3.7/site-packages/airflow/example_dags/example_branch_operator_decorator.py for tasks to queue
[2025-06-20T13:12:21.164+0000] {logging_mixin.py:115} INFO - [2025-06-20T13:12:21.164+0000] {dagbag.py:508} INFO - Filling up the DagBag from /home/airflow/.local/lib/python3.7/site-packages/airflow/example_dags/example_branch_operator_decorator.py
[2025-06-20T13:12:21.174+0000] {processor.py:650} INFO - DAG(s) dict_keys(['example_branch_python_operator_decorator']) retrieved from /home/airflow/.local/lib/python3.7/site-packages/airflow/example_dags/example_branch_operator_decorator.py
[2025-06-20T13:12:21.185+0000] {logging_mixin.py:115} INFO - [2025-06-20T13:12:21.185+0000] {dag.py:2429} INFO - Sync 1 DAGs
[2025-06-20T13:12:21.195+0000] {logging_mixin.py:115} INFO - [2025-06-20T13:12:21.195+0000] {dag.py:2981} INFO - Setting next_dagrun for example_branch_python_operator_decorator to 2025-06-19T00:00:00+00:00, run_after=2025-06-20T00:00:00+00:00
[2025-06-20T13:12:21.201+0000] {processor.py:161} INFO - Processing /home/airflow/.local/lib/python3.7/site-packages/airflow/example_dags/example_branch_operator_decorator.py took 0.041 seconds
[2025-06-20T13:12:51.318+0000] {processor.py:153} INFO - Started process (PID=1127) to work on /home/airflow/.local/lib/python3.7/site-packages/airflow/example_dags/example_branch_operator_decorator.py
[2025-06-20T13:12:51.319+0000] {processor.py:640} INFO - Processing file /home/airflow/.local/lib/python3.7/site-packages/airflow/example_dags/example_branch_operator_decorator.py for tasks to queue
[2025-06-20T13:12:51.319+0000] {logging_mixin.py:115} INFO - [2025-06-20T13:12:51.319+0000] {dagbag.py:508} INFO - Filling up the DagBag from /home/airflow/.local/lib/python3.7/site-packages/airflow/example_dags/example_branch_operator_decorator.py
[2025-06-20T13:12:51.327+0000] {processor.py:650} INFO - DAG(s) dict_keys(['example_branch_python_operator_decorator']) retrieved from /home/airflow/.local/lib/python3.7/site-packages/airflow/example_dags/example_branch_operator_decorator.py
[2025-06-20T13:12:51.337+0000] {logging_mixin.py:115} INFO - [2025-06-20T13:12:51.337+0000] {dag.py:2429} INFO - Sync 1 DAGs
[2025-06-20T13:12:51.347+0000] {logging_mixin.py:115} INFO - [2025-06-20T13:12:51.347+0000] {dag.py:2981} INFO - Setting next_dagrun for example_branch_python_operator_decorator to 2025-06-19T00:00:00+00:00, run_after=2025-06-20T00:00:00+00:00
[2025-06-20T13:12:51.351+0000] {processor.py:161} INFO - Processing /home/airflow/.local/lib/python3.7/site-packages/airflow/example_dags/example_branch_operator_decorator.py took 0.035 seconds
[2025-06-20T13:13:21.405+0000] {processor.py:153} INFO - Started process (PID=1188) to work on /home/airflow/.local/lib/python3.7/site-packages/airflow/example_dags/example_branch_operator_decorator.py
[2025-06-20T13:13:21.405+0000] {processor.py:640} INFO - Processing file /home/airflow/.local/lib/python3.7/site-packages/airflow/example_dags/example_branch_operator_decorator.py for tasks to queue
[2025-06-20T13:13:21.406+0000] {logging_mixin.py:115} INFO - [2025-06-20T13:13:21.406+0000] {dagbag.py:508} INFO - Filling up the DagBag from /home/airflow/.local/lib/python3.7/site-packages/airflow/example_dags/example_branch_operator_decorator.py
[2025-06-20T13:13:21.413+0000] {processor.py:650} INFO - DAG(s) dict_keys(['example_branch_python_operator_decorator']) retrieved from /home/airflow/.local/lib/python3.7/site-packages/airflow/example_dags/example_branch_operator_decorator.py
[2025-06-20T13:13:21.425+0000] {logging_mixin.py:115} INFO - [2025-06-20T13:13:21.425+0000] {dag.py:2429} INFO - Sync 1 DAGs
[2025-06-20T13:13:21.436+0000] {logging_mixin.py:115} INFO - [2025-06-20T13:13:21.436+0000] {dag.py:2981} INFO - Setting next_dagrun for example_branch_python_operator_decorator to 2025-06-19T00:00:00+00:00, run_after=2025-06-20T00:00:00+00:00
[2025-06-20T13:13:21.440+0000] {processor.py:161} INFO - Processing /home/airflow/.local/lib/python3.7/site-packages/airflow/example_dags/example_branch_operator_decorator.py took 0.037 seconds
[2025-06-20T13:13:51.707+0000] {processor.py:153} INFO - Started process (PID=1249) to work on /home/airflow/.local/lib/python3.7/site-packages/airflow/example_dags/example_branch_operator_decorator.py
[2025-06-20T13:13:51.708+0000] {processor.py:640} INFO - Processing file /home/airflow/.local/lib/python3.7/site-packages/airflow/example_dags/example_branch_operator_decorator.py for tasks to queue
[2025-06-20T13:13:51.708+0000] {logging_mixin.py:115} INFO - [2025-06-20T13:13:51.708+0000] {dagbag.py:508} INFO - Filling up the DagBag from /home/airflow/.local/lib/python3.7/site-packages/airflow/example_dags/example_branch_operator_decorator.py
[2025-06-20T13:13:51.719+0000] {processor.py:650} INFO - DAG(s) dict_keys(['example_branch_python_operator_decorator']) retrieved from /home/airflow/.local/lib/python3.7/site-packages/airflow/example_dags/example_branch_operator_decorator.py
[2025-06-20T13:13:51.738+0000] {logging_mixin.py:115} INFO - [2025-06-20T13:13:51.737+0000] {dag.py:2429} INFO - Sync 1 DAGs
[2025-06-20T13:13:51.751+0000] {logging_mixin.py:115} INFO - [2025-06-20T13:13:51.751+0000] {dag.py:2981} INFO - Setting next_dagrun for example_branch_python_operator_decorator to 2025-06-19T00:00:00+00:00, run_after=2025-06-20T00:00:00+00:00
[2025-06-20T13:13:51.757+0000] {processor.py:161} INFO - Processing /home/airflow/.local/lib/python3.7/site-packages/airflow/example_dags/example_branch_operator_decorator.py took 0.051 seconds
[2025-06-20T13:14:21.885+0000] {processor.py:153} INFO - Started process (PID=1301) to work on /home/airflow/.local/lib/python3.7/site-packages/airflow/example_dags/example_branch_operator_decorator.py
[2025-06-20T13:14:21.885+0000] {processor.py:640} INFO - Processing file /home/airflow/.local/lib/python3.7/site-packages/airflow/example_dags/example_branch_operator_decorator.py for tasks to queue
[2025-06-20T13:14:21.885+0000] {logging_mixin.py:115} INFO - [2025-06-20T13:14:21.885+0000] {dagbag.py:508} INFO - Filling up the DagBag from /home/airflow/.local/lib/python3.7/site-packages/airflow/example_dags/example_branch_operator_decorator.py
[2025-06-20T13:14:21.893+0000] {processor.py:650} INFO - DAG(s) dict_keys(['example_branch_python_operator_decorator']) retrieved from /home/airflow/.local/lib/python3.7/site-packages/airflow/example_dags/example_branch_operator_decorator.py
[2025-06-20T13:14:21.903+0000] {logging_mixin.py:115} INFO - [2025-06-20T13:14:21.903+0000] {dag.py:2429} INFO - Sync 1 DAGs
[2025-06-20T13:14:21.913+0000] {logging_mixin.py:115} INFO - [2025-06-20T13:14:21.912+0000] {dag.py:2981} INFO - Setting next_dagrun for example_branch_python_operator_decorator to 2025-06-19T00:00:00+00:00, run_after=2025-06-20T00:00:00+00:00
[2025-06-20T13:14:21.917+0000] {processor.py:161} INFO - Processing /home/airflow/.local/lib/python3.7/site-packages/airflow/example_dags/example_branch_operator_decorator.py took 0.033 seconds
[2025-06-20T13:14:51.994+0000] {processor.py:153} INFO - Started process (PID=1362) to work on /home/airflow/.local/lib/python3.7/site-packages/airflow/example_dags/example_branch_operator_decorator.py
[2025-06-20T13:14:51.997+0000] {processor.py:640} INFO - Processing file /home/airflow/.local/lib/python3.7/site-packages/airflow/example_dags/example_branch_operator_decorator.py for tasks to queue
[2025-06-20T13:14:51.997+0000] {logging_mixin.py:115} INFO - [2025-06-20T13:14:51.997+0000] {dagbag.py:508} INFO - Filling up the DagBag from /home/airflow/.local/lib/python3.7/site-packages/airflow/example_dags/example_branch_operator_decorator.py
[2025-06-20T13:14:52.005+0000] {processor.py:650} INFO - DAG(s) dict_keys(['example_branch_python_operator_decorator']) retrieved from /home/airflow/.local/lib/python3.7/site-packages/airflow/example_dags/example_branch_operator_decorator.py
[2025-06-20T13:14:52.015+0000] {logging_mixin.py:115} INFO - [2025-06-20T13:14:52.015+0000] {dag.py:2429} INFO - Sync 1 DAGs
[2025-06-20T13:14:52.025+0000] {logging_mixin.py:115} INFO - [2025-06-20T13:14:52.025+0000] {dag.py:2981} INFO - Setting next_dagrun for example_branch_python_operator_decorator to 2025-06-19T00:00:00+00:00, run_after=2025-06-20T00:00:00+00:00
[2025-06-20T13:14:52.029+0000] {processor.py:161} INFO - Processing /home/airflow/.local/lib/python3.7/site-packages/airflow/example_dags/example_branch_operator_decorator.py took 0.037 seconds
[2025-06-20T13:15:22.096+0000] {processor.py:153} INFO - Started process (PID=1423) to work on /home/airflow/.local/lib/python3.7/site-packages/airflow/example_dags/example_branch_operator_decorator.py
[2025-06-20T13:15:22.096+0000] {processor.py:640} INFO - Processing file /home/airflow/.local/lib/python3.7/site-packages/airflow/example_dags/example_branch_operator_decorator.py for tasks to queue
[2025-06-20T13:15:22.097+0000] {logging_mixin.py:115} INFO - [2025-06-20T13:15:22.097+0000] {dagbag.py:508} INFO - Filling up the DagBag from /home/airflow/.local/lib/python3.7/site-packages/airflow/example_dags/example_branch_operator_decorator.py
[2025-06-20T13:15:22.109+0000] {processor.py:650} INFO - DAG(s) dict_keys(['example_branch_python_operator_decorator']) retrieved from /home/airflow/.local/lib/python3.7/site-packages/airflow/example_dags/example_branch_operator_decorator.py
[2025-06-20T13:15:22.123+0000] {logging_mixin.py:115} INFO - [2025-06-20T13:15:22.123+0000] {dag.py:2429} INFO - Sync 1 DAGs
[2025-06-20T13:15:22.134+0000] {logging_mixin.py:115} INFO - [2025-06-20T13:15:22.134+0000] {dag.py:2981} INFO - Setting next_dagrun for example_branch_python_operator_decorator to 2025-06-19T00:00:00+00:00, run_after=2025-06-20T00:00:00+00:00
[2025-06-20T13:15:22.139+0000] {processor.py:161} INFO - Processing /home/airflow/.local/lib/python3.7/site-packages/airflow/example_dags/example_branch_operator_decorator.py took 0.045 seconds
[2025-06-20T13:15:52.174+0000] {processor.py:153} INFO - Started process (PID=1484) to work on /home/airflow/.local/lib/python3.7/site-packages/airflow/example_dags/example_branch_operator_decorator.py
[2025-06-20T13:15:52.174+0000] {processor.py:640} INFO - Processing file /home/airflow/.local/lib/python3.7/site-packages/airflow/example_dags/example_branch_operator_decorator.py for tasks to queue
[2025-06-20T13:15:52.175+0000] {logging_mixin.py:115} INFO - [2025-06-20T13:15:52.175+0000] {dagbag.py:508} INFO - Filling up the DagBag from /home/airflow/.local/lib/python3.7/site-packages/airflow/example_dags/example_branch_operator_decorator.py
[2025-06-20T13:15:52.182+0000] {processor.py:650} INFO - DAG(s) dict_keys(['example_branch_python_operator_decorator']) retrieved from /home/airflow/.local/lib/python3.7/site-packages/airflow/example_dags/example_branch_operator_decorator.py
[2025-06-20T13:15:52.193+0000] {logging_mixin.py:115} INFO - [2025-06-20T13:15:52.193+0000] {dag.py:2429} INFO - Sync 1 DAGs
[2025-06-20T13:15:52.203+0000] {logging_mixin.py:115} INFO - [2025-06-20T13:15:52.203+0000] {dag.py:2981} INFO - Setting next_dagrun for example_branch_python_operator_decorator to 2025-06-19T00:00:00+00:00, run_after=2025-06-20T00:00:00+00:00
[2025-06-20T13:15:52.208+0000] {processor.py:161} INFO - Processing /home/airflow/.local/lib/python3.7/site-packages/airflow/example_dags/example_branch_operator_decorator.py took 0.035 seconds
[2025-06-20T13:16:22.442+0000] {processor.py:153} INFO - Started process (PID=1545) to work on /home/airflow/.local/lib/python3.7/site-packages/airflow/example_dags/example_branch_operator_decorator.py
[2025-06-20T13:16:22.443+0000] {processor.py:640} INFO - Processing file /home/airflow/.local/lib/python3.7/site-packages/airflow/example_dags/example_branch_operator_decorator.py for tasks to queue
[2025-06-20T13:16:22.443+0000] {logging_mixin.py:115} INFO - [2025-06-20T13:16:22.443+0000] {dagbag.py:508} INFO - Filling up the DagBag from /home/airflow/.local/lib/python3.7/site-packages/airflow/example_dags/example_branch_operator_decorator.py
[2025-06-20T13:16:22.452+0000] {processor.py:650} INFO - DAG(s) dict_keys(['example_branch_python_operator_decorator']) retrieved from /home/airflow/.local/lib/python3.7/site-packages/airflow/example_dags/example_branch_operator_decorator.py
[2025-06-20T13:16:22.465+0000] {logging_mixin.py:115} INFO - [2025-06-20T13:16:22.464+0000] {dag.py:2429} INFO - Sync 1 DAGs
[2025-06-20T13:16:22.477+0000] {logging_mixin.py:115} INFO - [2025-06-20T13:16:22.477+0000] {dag.py:2981} INFO - Setting next_dagrun for example_branch_python_operator_decorator to 2025-06-19T00:00:00+00:00, run_after=2025-06-20T00:00:00+00:00
[2025-06-20T13:16:22.481+0000] {processor.py:161} INFO - Processing /home/airflow/.local/lib/python3.7/site-packages/airflow/example_dags/example_branch_operator_decorator.py took 0.040 seconds
[2025-06-20T13:16:52.659+0000] {processor.py:153} INFO - Started process (PID=1606) to work on /home/airflow/.local/lib/python3.7/site-packages/airflow/example_dags/example_branch_operator_decorator.py
[2025-06-20T13:16:52.659+0000] {processor.py:640} INFO - Processing file /home/airflow/.local/lib/python3.7/site-packages/airflow/example_dags/example_branch_operator_decorator.py for tasks to queue
[2025-06-20T13:16:52.661+0000] {logging_mixin.py:115} INFO - [2025-06-20T13:16:52.661+0000] {dagbag.py:508} INFO - Filling up the DagBag from /home/airflow/.local/lib/python3.7/site-packages/airflow/example_dags/example_branch_operator_decorator.py
[2025-06-20T13:16:52.669+0000] {processor.py:650} INFO - DAG(s) dict_keys(['example_branch_python_operator_decorator']) retrieved from /home/airflow/.local/lib/python3.7/site-packages/airflow/example_dags/example_branch_operator_decorator.py
[2025-06-20T13:16:52.681+0000] {logging_mixin.py:115} INFO - [2025-06-20T13:16:52.681+0000] {dag.py:2429} INFO - Sync 1 DAGs
[2025-06-20T13:16:52.693+0000] {logging_mixin.py:115} INFO - [2025-06-20T13:16:52.693+0000] {dag.py:2981} INFO - Setting next_dagrun for example_branch_python_operator_decorator to 2025-06-19T00:00:00+00:00, run_after=2025-06-20T00:00:00+00:00
[2025-06-20T13:16:52.698+0000] {processor.py:161} INFO - Processing /home/airflow/.local/lib/python3.7/site-packages/airflow/example_dags/example_branch_operator_decorator.py took 0.040 seconds
[2025-06-20T13:17:22.710+0000] {processor.py:153} INFO - Started process (PID=1657) to work on /home/airflow/.local/lib/python3.7/site-packages/airflow/example_dags/example_branch_operator_decorator.py
[2025-06-20T13:17:22.710+0000] {processor.py:640} INFO - Processing file /home/airflow/.local/lib/python3.7/site-packages/airflow/example_dags/example_branch_operator_decorator.py for tasks to queue
[2025-06-20T13:17:22.710+0000] {logging_mixin.py:115} INFO - [2025-06-20T13:17:22.710+0000] {dagbag.py:508} INFO - Filling up the DagBag from /home/airflow/.local/lib/python3.7/site-packages/airflow/example_dags/example_branch_operator_decorator.py
[2025-06-20T13:17:22.718+0000] {processor.py:650} INFO - DAG(s) dict_keys(['example_branch_python_operator_decorator']) retrieved from /home/airflow/.local/lib/python3.7/site-packages/airflow/example_dags/example_branch_operator_decorator.py
[2025-06-20T13:17:22.729+0000] {logging_mixin.py:115} INFO - [2025-06-20T13:17:22.729+0000] {dag.py:2429} INFO - Sync 1 DAGs
[2025-06-20T13:17:22.739+0000] {logging_mixin.py:115} INFO - [2025-06-20T13:17:22.739+0000] {dag.py:2981} INFO - Setting next_dagrun for example_branch_python_operator_decorator to 2025-06-19T00:00:00+00:00, run_after=2025-06-20T00:00:00+00:00
[2025-06-20T13:17:22.744+0000] {processor.py:161} INFO - Processing /home/airflow/.local/lib/python3.7/site-packages/airflow/example_dags/example_branch_operator_decorator.py took 0.035 seconds
[2025-06-20T13:17:52.753+0000] {processor.py:153} INFO - Started process (PID=1717) to work on /home/airflow/.local/lib/python3.7/site-packages/airflow/example_dags/example_branch_operator_decorator.py
[2025-06-20T13:17:52.753+0000] {processor.py:640} INFO - Processing file /home/airflow/.local/lib/python3.7/site-packages/airflow/example_dags/example_branch_operator_decorator.py for tasks to queue
[2025-06-20T13:17:52.754+0000] {logging_mixin.py:115} INFO - [2025-06-20T13:17:52.754+0000] {dagbag.py:508} INFO - Filling up the DagBag from /home/airflow/.local/lib/python3.7/site-packages/airflow/example_dags/example_branch_operator_decorator.py
[2025-06-20T13:17:52.761+0000] {processor.py:650} INFO - DAG(s) dict_keys(['example_branch_python_operator_decorator']) retrieved from /home/airflow/.local/lib/python3.7/site-packages/airflow/example_dags/example_branch_operator_decorator.py
[2025-06-20T13:17:52.771+0000] {logging_mixin.py:115} INFO - [2025-06-20T13:17:52.771+0000] {dag.py:2429} INFO - Sync 1 DAGs
[2025-06-20T13:17:52.781+0000] {logging_mixin.py:115} INFO - [2025-06-20T13:17:52.781+0000] {dag.py:2981} INFO - Setting next_dagrun for example_branch_python_operator_decorator to 2025-06-19T00:00:00+00:00, run_after=2025-06-20T00:00:00+00:00
[2025-06-20T13:17:52.785+0000] {processor.py:161} INFO - Processing /home/airflow/.local/lib/python3.7/site-packages/airflow/example_dags/example_branch_operator_decorator.py took 0.033 seconds
[2025-06-20T13:18:22.902+0000] {processor.py:153} INFO - Started process (PID=1779) to work on /home/airflow/.local/lib/python3.7/site-packages/airflow/example_dags/example_branch_operator_decorator.py
[2025-06-20T13:18:22.903+0000] {processor.py:640} INFO - Processing file /home/airflow/.local/lib/python3.7/site-packages/airflow/example_dags/example_branch_operator_decorator.py for tasks to queue
[2025-06-20T13:18:22.903+0000] {logging_mixin.py:115} INFO - [2025-06-20T13:18:22.903+0000] {dagbag.py:508} INFO - Filling up the DagBag from /home/airflow/.local/lib/python3.7/site-packages/airflow/example_dags/example_branch_operator_decorator.py
[2025-06-20T13:18:22.911+0000] {processor.py:650} INFO - DAG(s) dict_keys(['example_branch_python_operator_decorator']) retrieved from /home/airflow/.local/lib/python3.7/site-packages/airflow/example_dags/example_branch_operator_decorator.py
[2025-06-20T13:18:22.923+0000] {logging_mixin.py:115} INFO - [2025-06-20T13:18:22.923+0000] {dag.py:2429} INFO - Sync 1 DAGs
[2025-06-20T13:18:22.933+0000] {logging_mixin.py:115} INFO - [2025-06-20T13:18:22.933+0000] {dag.py:2981} INFO - Setting next_dagrun for example_branch_python_operator_decorator to 2025-06-19T00:00:00+00:00, run_after=2025-06-20T00:00:00+00:00
[2025-06-20T13:18:22.939+0000] {processor.py:161} INFO - Processing /home/airflow/.local/lib/python3.7/site-packages/airflow/example_dags/example_branch_operator_decorator.py took 0.039 seconds
[2025-06-20T13:18:53.208+0000] {processor.py:153} INFO - Started process (PID=1841) to work on /home/airflow/.local/lib/python3.7/site-packages/airflow/example_dags/example_branch_operator_decorator.py
[2025-06-20T13:18:53.209+0000] {processor.py:640} INFO - Processing file /home/airflow/.local/lib/python3.7/site-packages/airflow/example_dags/example_branch_operator_decorator.py for tasks to queue
[2025-06-20T13:18:53.209+0000] {logging_mixin.py:115} INFO - [2025-06-20T13:18:53.209+0000] {dagbag.py:508} INFO - Filling up the DagBag from /home/airflow/.local/lib/python3.7/site-packages/airflow/example_dags/example_branch_operator_decorator.py
[2025-06-20T13:18:53.217+0000] {processor.py:650} INFO - DAG(s) dict_keys(['example_branch_python_operator_decorator']) retrieved from /home/airflow/.local/lib/python3.7/site-packages/airflow/example_dags/example_branch_operator_decorator.py
[2025-06-20T13:18:53.228+0000] {logging_mixin.py:115} INFO - [2025-06-20T13:18:53.228+0000] {dag.py:2429} INFO - Sync 1 DAGs
[2025-06-20T13:18:53.239+0000] {logging_mixin.py:115} INFO - [2025-06-20T13:18:53.239+0000] {dag.py:2981} INFO - Setting next_dagrun for example_branch_python_operator_decorator to 2025-06-19T00:00:00+00:00, run_after=2025-06-20T00:00:00+00:00
[2025-06-20T13:18:53.243+0000] {processor.py:161} INFO - Processing /home/airflow/.local/lib/python3.7/site-packages/airflow/example_dags/example_branch_operator_decorator.py took 0.036 seconds
[2025-06-20T13:19:23.342+0000] {processor.py:153} INFO - Started process (PID=1902) to work on /home/airflow/.local/lib/python3.7/site-packages/airflow/example_dags/example_branch_operator_decorator.py
[2025-06-20T13:19:23.343+0000] {processor.py:640} INFO - Processing file /home/airflow/.local/lib/python3.7/site-packages/airflow/example_dags/example_branch_operator_decorator.py for tasks to queue
[2025-06-20T13:19:23.343+0000] {logging_mixin.py:115} INFO - [2025-06-20T13:19:23.343+0000] {dagbag.py:508} INFO - Filling up the DagBag from /home/airflow/.local/lib/python3.7/site-packages/airflow/example_dags/example_branch_operator_decorator.py
[2025-06-20T13:19:23.351+0000] {processor.py:650} INFO - DAG(s) dict_keys(['example_branch_python_operator_decorator']) retrieved from /home/airflow/.local/lib/python3.7/site-packages/airflow/example_dags/example_branch_operator_decorator.py
[2025-06-20T13:19:23.362+0000] {logging_mixin.py:115} INFO - [2025-06-20T13:19:23.362+0000] {dag.py:2429} INFO - Sync 1 DAGs
[2025-06-20T13:19:23.372+0000] {logging_mixin.py:115} INFO - [2025-06-20T13:19:23.372+0000] {dag.py:2981} INFO - Setting next_dagrun for example_branch_python_operator_decorator to 2025-06-19T00:00:00+00:00, run_after=2025-06-20T00:00:00+00:00
[2025-06-20T13:19:23.376+0000] {processor.py:161} INFO - Processing /home/airflow/.local/lib/python3.7/site-packages/airflow/example_dags/example_branch_operator_decorator.py took 0.036 seconds
[2025-06-20T13:19:53.452+0000] {processor.py:153} INFO - Started process (PID=1954) to work on /home/airflow/.local/lib/python3.7/site-packages/airflow/example_dags/example_branch_operator_decorator.py
[2025-06-20T13:19:53.453+0000] {processor.py:640} INFO - Processing file /home/airflow/.local/lib/python3.7/site-packages/airflow/example_dags/example_branch_operator_decorator.py for tasks to queue
[2025-06-20T13:19:53.453+0000] {logging_mixin.py:115} INFO - [2025-06-20T13:19:53.453+0000] {dagbag.py:508} INFO - Filling up the DagBag from /home/airflow/.local/lib/python3.7/site-packages/airflow/example_dags/example_branch_operator_decorator.py
[2025-06-20T13:19:53.461+0000] {processor.py:650} INFO - DAG(s) dict_keys(['example_branch_python_operator_decorator']) retrieved from /home/airflow/.local/lib/python3.7/site-packages/airflow/example_dags/example_branch_operator_decorator.py
[2025-06-20T13:19:53.472+0000] {logging_mixin.py:115} INFO - [2025-06-20T13:19:53.472+0000] {dag.py:2429} INFO - Sync 1 DAGs
[2025-06-20T13:19:53.483+0000] {logging_mixin.py:115} INFO - [2025-06-20T13:19:53.483+0000] {dag.py:2981} INFO - Setting next_dagrun for example_branch_python_operator_decorator to 2025-06-19T00:00:00+00:00, run_after=2025-06-20T00:00:00+00:00
[2025-06-20T13:19:53.487+0000] {processor.py:161} INFO - Processing /home/airflow/.local/lib/python3.7/site-packages/airflow/example_dags/example_branch_operator_decorator.py took 0.036 seconds
[2025-06-20T13:20:23.587+0000] {processor.py:153} INFO - Started process (PID=2015) to work on /home/airflow/.local/lib/python3.7/site-packages/airflow/example_dags/example_branch_operator_decorator.py
[2025-06-20T13:20:23.589+0000] {processor.py:640} INFO - Processing file /home/airflow/.local/lib/python3.7/site-packages/airflow/example_dags/example_branch_operator_decorator.py for tasks to queue
[2025-06-20T13:20:23.591+0000] {logging_mixin.py:115} INFO - [2025-06-20T13:20:23.591+0000] {dagbag.py:508} INFO - Filling up the DagBag from /home/airflow/.local/lib/python3.7/site-packages/airflow/example_dags/example_branch_operator_decorator.py
[2025-06-20T13:20:23.599+0000] {processor.py:650} INFO - DAG(s) dict_keys(['example_branch_python_operator_decorator']) retrieved from /home/airflow/.local/lib/python3.7/site-packages/airflow/example_dags/example_branch_operator_decorator.py
[2025-06-20T13:20:23.610+0000] {logging_mixin.py:115} INFO - [2025-06-20T13:20:23.610+0000] {dag.py:2429} INFO - Sync 1 DAGs
[2025-06-20T13:20:23.620+0000] {logging_mixin.py:115} INFO - [2025-06-20T13:20:23.620+0000] {dag.py:2981} INFO - Setting next_dagrun for example_branch_python_operator_decorator to 2025-06-19T00:00:00+00:00, run_after=2025-06-20T00:00:00+00:00
[2025-06-20T13:20:23.624+0000] {processor.py:161} INFO - Processing /home/airflow/.local/lib/python3.7/site-packages/airflow/example_dags/example_branch_operator_decorator.py took 0.039 seconds
[2025-06-20T13:20:53.701+0000] {processor.py:153} INFO - Started process (PID=2076) to work on /home/airflow/.local/lib/python3.7/site-packages/airflow/example_dags/example_branch_operator_decorator.py
[2025-06-20T13:20:53.701+0000] {processor.py:640} INFO - Processing file /home/airflow/.local/lib/python3.7/site-packages/airflow/example_dags/example_branch_operator_decorator.py for tasks to queue
[2025-06-20T13:20:53.702+0000] {logging_mixin.py:115} INFO - [2025-06-20T13:20:53.702+0000] {dagbag.py:508} INFO - Filling up the DagBag from /home/airflow/.local/lib/python3.7/site-packages/airflow/example_dags/example_branch_operator_decorator.py
[2025-06-20T13:20:53.710+0000] {processor.py:650} INFO - DAG(s) dict_keys(['example_branch_python_operator_decorator']) retrieved from /home/airflow/.local/lib/python3.7/site-packages/airflow/example_dags/example_branch_operator_decorator.py
[2025-06-20T13:20:53.721+0000] {logging_mixin.py:115} INFO - [2025-06-20T13:20:53.721+0000] {dag.py:2429} INFO - Sync 1 DAGs
[2025-06-20T13:20:53.731+0000] {logging_mixin.py:115} INFO - [2025-06-20T13:20:53.731+0000] {dag.py:2981} INFO - Setting next_dagrun for example_branch_python_operator_decorator to 2025-06-19T00:00:00+00:00, run_after=2025-06-20T00:00:00+00:00
[2025-06-20T13:20:53.736+0000] {processor.py:161} INFO - Processing /home/airflow/.local/lib/python3.7/site-packages/airflow/example_dags/example_branch_operator_decorator.py took 0.036 seconds
[2025-06-20T13:21:23.849+0000] {processor.py:153} INFO - Started process (PID=2137) to work on /home/airflow/.local/lib/python3.7/site-packages/airflow/example_dags/example_branch_operator_decorator.py
[2025-06-20T13:21:23.849+0000] {processor.py:640} INFO - Processing file /home/airflow/.local/lib/python3.7/site-packages/airflow/example_dags/example_branch_operator_decorator.py for tasks to queue
[2025-06-20T13:21:23.850+0000] {logging_mixin.py:115} INFO - [2025-06-20T13:21:23.850+0000] {dagbag.py:508} INFO - Filling up the DagBag from /home/airflow/.local/lib/python3.7/site-packages/airflow/example_dags/example_branch_operator_decorator.py
[2025-06-20T13:21:23.858+0000] {processor.py:650} INFO - DAG(s) dict_keys(['example_branch_python_operator_decorator']) retrieved from /home/airflow/.local/lib/python3.7/site-packages/airflow/example_dags/example_branch_operator_decorator.py
[2025-06-20T13:21:23.871+0000] {logging_mixin.py:115} INFO - [2025-06-20T13:21:23.871+0000] {dag.py:2429} INFO - Sync 1 DAGs
[2025-06-20T13:21:23.882+0000] {logging_mixin.py:115} INFO - [2025-06-20T13:21:23.882+0000] {dag.py:2981} INFO - Setting next_dagrun for example_branch_python_operator_decorator to 2025-06-19T00:00:00+00:00, run_after=2025-06-20T00:00:00+00:00
[2025-06-20T13:21:23.886+0000] {processor.py:161} INFO - Processing /home/airflow/.local/lib/python3.7/site-packages/airflow/example_dags/example_branch_operator_decorator.py took 0.039 seconds
[2025-06-20T13:21:53.944+0000] {processor.py:153} INFO - Started process (PID=2198) to work on /home/airflow/.local/lib/python3.7/site-packages/airflow/example_dags/example_branch_operator_decorator.py
[2025-06-20T13:21:53.944+0000] {processor.py:640} INFO - Processing file /home/airflow/.local/lib/python3.7/site-packages/airflow/example_dags/example_branch_operator_decorator.py for tasks to queue
[2025-06-20T13:21:53.945+0000] {logging_mixin.py:115} INFO - [2025-06-20T13:21:53.945+0000] {dagbag.py:508} INFO - Filling up the DagBag from /home/airflow/.local/lib/python3.7/site-packages/airflow/example_dags/example_branch_operator_decorator.py
[2025-06-20T13:21:53.953+0000] {processor.py:650} INFO - DAG(s) dict_keys(['example_branch_python_operator_decorator']) retrieved from /home/airflow/.local/lib/python3.7/site-packages/airflow/example_dags/example_branch_operator_decorator.py
[2025-06-20T13:21:53.964+0000] {logging_mixin.py:115} INFO - [2025-06-20T13:21:53.964+0000] {dag.py:2429} INFO - Sync 1 DAGs
[2025-06-20T13:21:53.974+0000] {logging_mixin.py:115} INFO - [2025-06-20T13:21:53.974+0000] {dag.py:2981} INFO - Setting next_dagrun for example_branch_python_operator_decorator to 2025-06-19T00:00:00+00:00, run_after=2025-06-20T00:00:00+00:00
[2025-06-20T13:21:53.979+0000] {processor.py:161} INFO - Processing /home/airflow/.local/lib/python3.7/site-packages/airflow/example_dags/example_branch_operator_decorator.py took 0.036 seconds
[2025-06-20T13:22:24.122+0000] {processor.py:153} INFO - Started process (PID=2259) to work on /home/airflow/.local/lib/python3.7/site-packages/airflow/example_dags/example_branch_operator_decorator.py
[2025-06-20T13:22:24.123+0000] {processor.py:640} INFO - Processing file /home/airflow/.local/lib/python3.7/site-packages/airflow/example_dags/example_branch_operator_decorator.py for tasks to queue
[2025-06-20T13:22:24.125+0000] {logging_mixin.py:115} INFO - [2025-06-20T13:22:24.125+0000] {dagbag.py:508} INFO - Filling up the DagBag from /home/airflow/.local/lib/python3.7/site-packages/airflow/example_dags/example_branch_operator_decorator.py
[2025-06-20T13:22:24.135+0000] {processor.py:650} INFO - DAG(s) dict_keys(['example_branch_python_operator_decorator']) retrieved from /home/airflow/.local/lib/python3.7/site-packages/airflow/example_dags/example_branch_operator_decorator.py
[2025-06-20T13:22:24.152+0000] {logging_mixin.py:115} INFO - [2025-06-20T13:22:24.152+0000] {dag.py:2429} INFO - Sync 1 DAGs
[2025-06-20T13:22:24.166+0000] {logging_mixin.py:115} INFO - [2025-06-20T13:22:24.166+0000] {dag.py:2981} INFO - Setting next_dagrun for example_branch_python_operator_decorator to 2025-06-19T00:00:00+00:00, run_after=2025-06-20T00:00:00+00:00
[2025-06-20T13:22:24.177+0000] {processor.py:161} INFO - Processing /home/airflow/.local/lib/python3.7/site-packages/airflow/example_dags/example_branch_operator_decorator.py took 0.057 seconds
[2025-06-20T13:22:54.190+0000] {processor.py:153} INFO - Started process (PID=2310) to work on /home/airflow/.local/lib/python3.7/site-packages/airflow/example_dags/example_branch_operator_decorator.py
[2025-06-20T13:22:54.191+0000] {processor.py:640} INFO - Processing file /home/airflow/.local/lib/python3.7/site-packages/airflow/example_dags/example_branch_operator_decorator.py for tasks to queue
[2025-06-20T13:22:54.191+0000] {logging_mixin.py:115} INFO - [2025-06-20T13:22:54.191+0000] {dagbag.py:508} INFO - Filling up the DagBag from /home/airflow/.local/lib/python3.7/site-packages/airflow/example_dags/example_branch_operator_decorator.py
[2025-06-20T13:22:54.198+0000] {processor.py:650} INFO - DAG(s) dict_keys(['example_branch_python_operator_decorator']) retrieved from /home/airflow/.local/lib/python3.7/site-packages/airflow/example_dags/example_branch_operator_decorator.py
[2025-06-20T13:22:54.208+0000] {logging_mixin.py:115} INFO - [2025-06-20T13:22:54.208+0000] {dag.py:2429} INFO - Sync 1 DAGs
[2025-06-20T13:22:54.217+0000] {logging_mixin.py:115} INFO - [2025-06-20T13:22:54.217+0000] {dag.py:2981} INFO - Setting next_dagrun for example_branch_python_operator_decorator to 2025-06-19T00:00:00+00:00, run_after=2025-06-20T00:00:00+00:00
[2025-06-20T13:22:54.221+0000] {processor.py:161} INFO - Processing /home/airflow/.local/lib/python3.7/site-packages/airflow/example_dags/example_branch_operator_decorator.py took 0.032 seconds
[2025-06-20T13:23:24.337+0000] {processor.py:153} INFO - Started process (PID=2371) to work on /home/airflow/.local/lib/python3.7/site-packages/airflow/example_dags/example_branch_operator_decorator.py
[2025-06-20T13:23:24.338+0000] {processor.py:640} INFO - Processing file /home/airflow/.local/lib/python3.7/site-packages/airflow/example_dags/example_branch_operator_decorator.py for tasks to queue
[2025-06-20T13:23:24.338+0000] {logging_mixin.py:115} INFO - [2025-06-20T13:23:24.338+0000] {dagbag.py:508} INFO - Filling up the DagBag from /home/airflow/.local/lib/python3.7/site-packages/airflow/example_dags/example_branch_operator_decorator.py
[2025-06-20T13:23:24.347+0000] {processor.py:650} INFO - DAG(s) dict_keys(['example_branch_python_operator_decorator']) retrieved from /home/airflow/.local/lib/python3.7/site-packages/airflow/example_dags/example_branch_operator_decorator.py
[2025-06-20T13:23:24.360+0000] {logging_mixin.py:115} INFO - [2025-06-20T13:23:24.360+0000] {dag.py:2429} INFO - Sync 1 DAGs
[2025-06-20T13:23:24.371+0000] {logging_mixin.py:115} INFO - [2025-06-20T13:23:24.371+0000] {dag.py:2981} INFO - Setting next_dagrun for example_branch_python_operator_decorator to 2025-06-19T00:00:00+00:00, run_after=2025-06-20T00:00:00+00:00
[2025-06-20T13:23:24.376+0000] {processor.py:161} INFO - Processing /home/airflow/.local/lib/python3.7/site-packages/airflow/example_dags/example_branch_operator_decorator.py took 0.040 seconds
[2025-06-20T13:23:54.583+0000] {processor.py:153} INFO - Started process (PID=2433) to work on /home/airflow/.local/lib/python3.7/site-packages/airflow/example_dags/example_branch_operator_decorator.py
[2025-06-20T13:23:54.584+0000] {processor.py:640} INFO - Processing file /home/airflow/.local/lib/python3.7/site-packages/airflow/example_dags/example_branch_operator_decorator.py for tasks to queue
[2025-06-20T13:23:54.587+0000] {logging_mixin.py:115} INFO - [2025-06-20T13:23:54.587+0000] {dagbag.py:508} INFO - Filling up the DagBag from /home/airflow/.local/lib/python3.7/site-packages/airflow/example_dags/example_branch_operator_decorator.py
[2025-06-20T13:23:54.595+0000] {processor.py:650} INFO - DAG(s) dict_keys(['example_branch_python_operator_decorator']) retrieved from /home/airflow/.local/lib/python3.7/site-packages/airflow/example_dags/example_branch_operator_decorator.py
[2025-06-20T13:23:54.607+0000] {logging_mixin.py:115} INFO - [2025-06-20T13:23:54.607+0000] {dag.py:2429} INFO - Sync 1 DAGs
[2025-06-20T13:23:54.620+0000] {logging_mixin.py:115} INFO - [2025-06-20T13:23:54.619+0000] {dag.py:2981} INFO - Setting next_dagrun for example_branch_python_operator_decorator to 2025-06-19T00:00:00+00:00, run_after=2025-06-20T00:00:00+00:00
[2025-06-20T13:23:54.623+0000] {processor.py:161} INFO - Processing /home/airflow/.local/lib/python3.7/site-packages/airflow/example_dags/example_branch_operator_decorator.py took 0.042 seconds
[2025-06-20T13:24:24.808+0000] {processor.py:153} INFO - Started process (PID=2494) to work on /home/airflow/.local/lib/python3.7/site-packages/airflow/example_dags/example_branch_operator_decorator.py
[2025-06-20T13:24:24.808+0000] {processor.py:640} INFO - Processing file /home/airflow/.local/lib/python3.7/site-packages/airflow/example_dags/example_branch_operator_decorator.py for tasks to queue
[2025-06-20T13:24:24.808+0000] {logging_mixin.py:115} INFO - [2025-06-20T13:24:24.808+0000] {dagbag.py:508} INFO - Filling up the DagBag from /home/airflow/.local/lib/python3.7/site-packages/airflow/example_dags/example_branch_operator_decorator.py
[2025-06-20T13:24:24.816+0000] {processor.py:650} INFO - DAG(s) dict_keys(['example_branch_python_operator_decorator']) retrieved from /home/airflow/.local/lib/python3.7/site-packages/airflow/example_dags/example_branch_operator_decorator.py
[2025-06-20T13:24:24.826+0000] {logging_mixin.py:115} INFO - [2025-06-20T13:24:24.826+0000] {dag.py:2429} INFO - Sync 1 DAGs
[2025-06-20T13:24:24.835+0000] {logging_mixin.py:115} INFO - [2025-06-20T13:24:24.835+0000] {dag.py:2981} INFO - Setting next_dagrun for example_branch_python_operator_decorator to 2025-06-19T00:00:00+00:00, run_after=2025-06-20T00:00:00+00:00
[2025-06-20T13:24:24.839+0000] {processor.py:161} INFO - Processing /home/airflow/.local/lib/python3.7/site-packages/airflow/example_dags/example_branch_operator_decorator.py took 0.033 seconds
