[2025-06-20T12:58:53.863+0000] {processor.py:153} INFO - Started process (PID=68) to work on /home/airflow/.local/lib/python3.7/site-packages/airflow/example_dags/example_latest_only.py
[2025-06-20T12:58:53.865+0000] {processor.py:640} INFO - Processing file /home/airflow/.local/lib/python3.7/site-packages/airflow/example_dags/example_latest_only.py for tasks to queue
[2025-06-20T12:58:53.869+0000] {logging_mixin.py:115} INFO - [2025-06-20T12:58:53.869+0000] {dagbag.py:508} INFO - Filling up the DagBag from /home/airflow/.local/lib/python3.7/site-packages/airflow/example_dags/example_latest_only.py
[2025-06-20T12:58:53.874+0000] {processor.py:650} INFO - DAG(s) dict_keys(['latest_only']) retrieved from /home/airflow/.local/lib/python3.7/site-packages/airflow/example_dags/example_latest_only.py
[2025-06-20T12:58:53.980+0000] {logging_mixin.py:115} INFO - [2025-06-20T12:58:53.979+0000] {manager.py:508} INFO - Created Permission View: can read on DAG:latest_only
[2025-06-20T12:58:54.002+0000] {logging_mixin.py:115} INFO - [2025-06-20T12:58:54.002+0000] {manager.py:508} INFO - Created Permission View: can delete on DAG:latest_only
[2025-06-20T12:58:54.024+0000] {logging_mixin.py:115} INFO - [2025-06-20T12:58:54.023+0000] {manager.py:508} INFO - Created Permission View: can edit on DAG:latest_only
[2025-06-20T12:58:54.024+0000] {logging_mixin.py:115} INFO - [2025-06-20T12:58:54.024+0000] {dag.py:2429} INFO - Sync 1 DAGs
[2025-06-20T12:58:54.032+0000] {logging_mixin.py:115} INFO - [2025-06-20T12:58:54.032+0000] {dag.py:2448} INFO - Creating ORM DAG for latest_only
[2025-06-20T12:58:54.043+0000] {logging_mixin.py:115} INFO - [2025-06-20T12:58:54.043+0000] {dag.py:2981} INFO - Setting next_dagrun for latest_only to 2025-06-20T08:58:54.042842+00:00, run_after=2025-06-20T12:58:54.042842+00:00
[2025-06-20T12:58:54.063+0000] {processor.py:161} INFO - Processing /home/airflow/.local/lib/python3.7/site-packages/airflow/example_dags/example_latest_only.py took 0.204 seconds
[2025-06-20T12:59:24.242+0000] {processor.py:153} INFO - Started process (PID=128) to work on /home/airflow/.local/lib/python3.7/site-packages/airflow/example_dags/example_latest_only.py
[2025-06-20T12:59:24.245+0000] {processor.py:640} INFO - Processing file /home/airflow/.local/lib/python3.7/site-packages/airflow/example_dags/example_latest_only.py for tasks to queue
[2025-06-20T12:59:24.246+0000] {logging_mixin.py:115} INFO - [2025-06-20T12:59:24.246+0000] {dagbag.py:508} INFO - Filling up the DagBag from /home/airflow/.local/lib/python3.7/site-packages/airflow/example_dags/example_latest_only.py
[2025-06-20T12:59:24.251+0000] {processor.py:650} INFO - DAG(s) dict_keys(['latest_only']) retrieved from /home/airflow/.local/lib/python3.7/site-packages/airflow/example_dags/example_latest_only.py
[2025-06-20T12:59:24.266+0000] {logging_mixin.py:115} INFO - [2025-06-20T12:59:24.266+0000] {dag.py:2429} INFO - Sync 1 DAGs
[2025-06-20T12:59:24.275+0000] {logging_mixin.py:115} INFO - [2025-06-20T12:59:24.275+0000] {dag.py:2981} INFO - Setting next_dagrun for latest_only to 2025-06-20T08:59:24.275385+00:00, run_after=2025-06-20T12:59:24.275385+00:00
[2025-06-20T12:59:24.280+0000] {processor.py:161} INFO - Processing /home/airflow/.local/lib/python3.7/site-packages/airflow/example_dags/example_latest_only.py took 0.039 seconds
[2025-06-20T12:59:55.306+0000] {processor.py:153} INFO - Started process (PID=189) to work on /home/airflow/.local/lib/python3.7/site-packages/airflow/example_dags/example_latest_only.py
[2025-06-20T12:59:55.306+0000] {processor.py:640} INFO - Processing file /home/airflow/.local/lib/python3.7/site-packages/airflow/example_dags/example_latest_only.py for tasks to queue
[2025-06-20T12:59:55.306+0000] {logging_mixin.py:115} INFO - [2025-06-20T12:59:55.306+0000] {dagbag.py:508} INFO - Filling up the DagBag from /home/airflow/.local/lib/python3.7/site-packages/airflow/example_dags/example_latest_only.py
[2025-06-20T12:59:55.308+0000] {processor.py:650} INFO - DAG(s) dict_keys(['latest_only']) retrieved from /home/airflow/.local/lib/python3.7/site-packages/airflow/example_dags/example_latest_only.py
[2025-06-20T12:59:55.321+0000] {logging_mixin.py:115} INFO - [2025-06-20T12:59:55.321+0000] {dag.py:2429} INFO - Sync 1 DAGs
[2025-06-20T12:59:55.331+0000] {logging_mixin.py:115} INFO - [2025-06-20T12:59:55.331+0000] {dag.py:2981} INFO - Setting next_dagrun for latest_only to 2025-06-20T08:59:55.331285+00:00, run_after=2025-06-20T12:59:55.331285+00:00
[2025-06-20T12:59:55.339+0000] {processor.py:161} INFO - Processing /home/airflow/.local/lib/python3.7/site-packages/airflow/example_dags/example_latest_only.py took 0.035 seconds
[2025-06-20T13:03:48.717+0000] {processor.py:153} INFO - Started process (PID=67) to work on /home/airflow/.local/lib/python3.7/site-packages/airflow/example_dags/example_latest_only.py
[2025-06-20T13:03:48.718+0000] {processor.py:640} INFO - Processing file /home/airflow/.local/lib/python3.7/site-packages/airflow/example_dags/example_latest_only.py for tasks to queue
[2025-06-20T13:03:48.720+0000] {logging_mixin.py:115} INFO - [2025-06-20T13:03:48.719+0000] {dagbag.py:508} INFO - Filling up the DagBag from /home/airflow/.local/lib/python3.7/site-packages/airflow/example_dags/example_latest_only.py
[2025-06-20T13:03:48.727+0000] {processor.py:650} INFO - DAG(s) dict_keys(['latest_only']) retrieved from /home/airflow/.local/lib/python3.7/site-packages/airflow/example_dags/example_latest_only.py
[2025-06-20T13:03:48.832+0000] {logging_mixin.py:115} INFO - [2025-06-20T13:03:48.830+0000] {manager.py:508} INFO - Created Permission View: can delete on DAG:latest_only
[2025-06-20T13:03:48.849+0000] {logging_mixin.py:115} INFO - [2025-06-20T13:03:48.849+0000] {manager.py:508} INFO - Created Permission View: can edit on DAG:latest_only
[2025-06-20T13:03:48.858+0000] {logging_mixin.py:115} INFO - [2025-06-20T13:03:48.857+0000] {manager.py:508} INFO - Created Permission View: can read on DAG:latest_only
[2025-06-20T13:03:48.861+0000] {logging_mixin.py:115} INFO - [2025-06-20T13:03:48.861+0000] {dag.py:2429} INFO - Sync 1 DAGs
[2025-06-20T13:03:48.879+0000] {logging_mixin.py:115} INFO - [2025-06-20T13:03:48.879+0000] {dag.py:2448} INFO - Creating ORM DAG for latest_only
[2025-06-20T13:03:48.895+0000] {logging_mixin.py:115} INFO - [2025-06-20T13:03:48.895+0000] {dag.py:2981} INFO - Setting next_dagrun for latest_only to 2025-06-20T09:03:48.894967+00:00, run_after=2025-06-20T13:03:48.894967+00:00
[2025-06-20T13:03:48.914+0000] {processor.py:161} INFO - Processing /home/airflow/.local/lib/python3.7/site-packages/airflow/example_dags/example_latest_only.py took 0.202 seconds
[2025-06-20T13:04:19.077+0000] {processor.py:153} INFO - Started process (PID=128) to work on /home/airflow/.local/lib/python3.7/site-packages/airflow/example_dags/example_latest_only.py
[2025-06-20T13:04:19.080+0000] {processor.py:640} INFO - Processing file /home/airflow/.local/lib/python3.7/site-packages/airflow/example_dags/example_latest_only.py for tasks to queue
[2025-06-20T13:04:19.080+0000] {logging_mixin.py:115} INFO - [2025-06-20T13:04:19.080+0000] {dagbag.py:508} INFO - Filling up the DagBag from /home/airflow/.local/lib/python3.7/site-packages/airflow/example_dags/example_latest_only.py
[2025-06-20T13:04:19.083+0000] {processor.py:650} INFO - DAG(s) dict_keys(['latest_only']) retrieved from /home/airflow/.local/lib/python3.7/site-packages/airflow/example_dags/example_latest_only.py
[2025-06-20T13:04:19.096+0000] {logging_mixin.py:115} INFO - [2025-06-20T13:04:19.096+0000] {dag.py:2429} INFO - Sync 1 DAGs
[2025-06-20T13:04:19.108+0000] {logging_mixin.py:115} INFO - [2025-06-20T13:04:19.107+0000] {dag.py:2981} INFO - Setting next_dagrun for latest_only to 2025-06-20T09:04:19.107827+00:00, run_after=2025-06-20T13:04:19.107827+00:00
[2025-06-20T13:04:19.114+0000] {processor.py:161} INFO - Processing /home/airflow/.local/lib/python3.7/site-packages/airflow/example_dags/example_latest_only.py took 0.038 seconds
[2025-06-20T13:04:49.271+0000] {processor.py:153} INFO - Started process (PID=189) to work on /home/airflow/.local/lib/python3.7/site-packages/airflow/example_dags/example_latest_only.py
[2025-06-20T13:04:49.273+0000] {processor.py:640} INFO - Processing file /home/airflow/.local/lib/python3.7/site-packages/airflow/example_dags/example_latest_only.py for tasks to queue
[2025-06-20T13:04:49.273+0000] {logging_mixin.py:115} INFO - [2025-06-20T13:04:49.273+0000] {dagbag.py:508} INFO - Filling up the DagBag from /home/airflow/.local/lib/python3.7/site-packages/airflow/example_dags/example_latest_only.py
[2025-06-20T13:04:49.278+0000] {processor.py:650} INFO - DAG(s) dict_keys(['latest_only']) retrieved from /home/airflow/.local/lib/python3.7/site-packages/airflow/example_dags/example_latest_only.py
[2025-06-20T13:04:49.298+0000] {logging_mixin.py:115} INFO - [2025-06-20T13:04:49.298+0000] {dag.py:2429} INFO - Sync 1 DAGs
[2025-06-20T13:04:49.311+0000] {logging_mixin.py:115} INFO - [2025-06-20T13:04:49.310+0000] {dag.py:2981} INFO - Setting next_dagrun for latest_only to 2025-06-20T09:04:49.310827+00:00, run_after=2025-06-20T13:04:49.310827+00:00
[2025-06-20T13:04:49.317+0000] {processor.py:161} INFO - Processing /home/airflow/.local/lib/python3.7/site-packages/airflow/example_dags/example_latest_only.py took 0.050 seconds
[2025-06-20T13:05:19.459+0000] {processor.py:153} INFO - Started process (PID=249) to work on /home/airflow/.local/lib/python3.7/site-packages/airflow/example_dags/example_latest_only.py
[2025-06-20T13:05:19.460+0000] {processor.py:640} INFO - Processing file /home/airflow/.local/lib/python3.7/site-packages/airflow/example_dags/example_latest_only.py for tasks to queue
[2025-06-20T13:05:19.462+0000] {logging_mixin.py:115} INFO - [2025-06-20T13:05:19.462+0000] {dagbag.py:508} INFO - Filling up the DagBag from /home/airflow/.local/lib/python3.7/site-packages/airflow/example_dags/example_latest_only.py
[2025-06-20T13:05:19.464+0000] {processor.py:650} INFO - DAG(s) dict_keys(['latest_only']) retrieved from /home/airflow/.local/lib/python3.7/site-packages/airflow/example_dags/example_latest_only.py
[2025-06-20T13:05:19.480+0000] {logging_mixin.py:115} INFO - [2025-06-20T13:05:19.480+0000] {dag.py:2429} INFO - Sync 1 DAGs
[2025-06-20T13:05:19.491+0000] {logging_mixin.py:115} INFO - [2025-06-20T13:05:19.491+0000] {dag.py:2981} INFO - Setting next_dagrun for latest_only to 2025-06-20T09:05:19.491446+00:00, run_after=2025-06-20T13:05:19.491446+00:00
[2025-06-20T13:05:19.499+0000] {processor.py:161} INFO - Processing /home/airflow/.local/lib/python3.7/site-packages/airflow/example_dags/example_latest_only.py took 0.041 seconds
[2025-06-20T13:05:49.741+0000] {processor.py:153} INFO - Started process (PID=310) to work on /home/airflow/.local/lib/python3.7/site-packages/airflow/example_dags/example_latest_only.py
[2025-06-20T13:05:49.743+0000] {processor.py:640} INFO - Processing file /home/airflow/.local/lib/python3.7/site-packages/airflow/example_dags/example_latest_only.py for tasks to queue
[2025-06-20T13:05:49.744+0000] {logging_mixin.py:115} INFO - [2025-06-20T13:05:49.744+0000] {dagbag.py:508} INFO - Filling up the DagBag from /home/airflow/.local/lib/python3.7/site-packages/airflow/example_dags/example_latest_only.py
[2025-06-20T13:05:49.751+0000] {processor.py:650} INFO - DAG(s) dict_keys(['latest_only']) retrieved from /home/airflow/.local/lib/python3.7/site-packages/airflow/example_dags/example_latest_only.py
[2025-06-20T13:05:49.767+0000] {logging_mixin.py:115} INFO - [2025-06-20T13:05:49.767+0000] {dag.py:2429} INFO - Sync 1 DAGs
[2025-06-20T13:05:49.779+0000] {logging_mixin.py:115} INFO - [2025-06-20T13:05:49.779+0000] {dag.py:2981} INFO - Setting next_dagrun for latest_only to 2025-06-20T09:05:49.779430+00:00, run_after=2025-06-20T13:05:49.779430+00:00
[2025-06-20T13:05:49.787+0000] {processor.py:161} INFO - Processing /home/airflow/.local/lib/python3.7/site-packages/airflow/example_dags/example_latest_only.py took 0.049 seconds
[2025-06-20T13:06:20.003+0000] {processor.py:153} INFO - Started process (PID=363) to work on /home/airflow/.local/lib/python3.7/site-packages/airflow/example_dags/example_latest_only.py
[2025-06-20T13:06:20.004+0000] {processor.py:640} INFO - Processing file /home/airflow/.local/lib/python3.7/site-packages/airflow/example_dags/example_latest_only.py for tasks to queue
[2025-06-20T13:06:20.005+0000] {logging_mixin.py:115} INFO - [2025-06-20T13:06:20.005+0000] {dagbag.py:508} INFO - Filling up the DagBag from /home/airflow/.local/lib/python3.7/site-packages/airflow/example_dags/example_latest_only.py
[2025-06-20T13:06:20.008+0000] {processor.py:650} INFO - DAG(s) dict_keys(['latest_only']) retrieved from /home/airflow/.local/lib/python3.7/site-packages/airflow/example_dags/example_latest_only.py
[2025-06-20T13:06:20.020+0000] {logging_mixin.py:115} INFO - [2025-06-20T13:06:20.020+0000] {dag.py:2429} INFO - Sync 1 DAGs
[2025-06-20T13:06:20.047+0000] {logging_mixin.py:115} INFO - [2025-06-20T13:06:20.047+0000] {dag.py:2981} INFO - Setting next_dagrun for latest_only to 2025-06-20T09:06:20.047759+00:00, run_after=2025-06-20T13:06:20.047759+00:00
[2025-06-20T13:06:20.052+0000] {processor.py:161} INFO - Processing /home/airflow/.local/lib/python3.7/site-packages/airflow/example_dags/example_latest_only.py took 0.050 seconds
[2025-06-20T13:06:50.159+0000] {processor.py:153} INFO - Started process (PID=422) to work on /home/airflow/.local/lib/python3.7/site-packages/airflow/example_dags/example_latest_only.py
[2025-06-20T13:06:50.162+0000] {processor.py:640} INFO - Processing file /home/airflow/.local/lib/python3.7/site-packages/airflow/example_dags/example_latest_only.py for tasks to queue
[2025-06-20T13:06:50.162+0000] {logging_mixin.py:115} INFO - [2025-06-20T13:06:50.162+0000] {dagbag.py:508} INFO - Filling up the DagBag from /home/airflow/.local/lib/python3.7/site-packages/airflow/example_dags/example_latest_only.py
[2025-06-20T13:06:50.164+0000] {processor.py:650} INFO - DAG(s) dict_keys(['latest_only']) retrieved from /home/airflow/.local/lib/python3.7/site-packages/airflow/example_dags/example_latest_only.py
[2025-06-20T13:06:50.177+0000] {logging_mixin.py:115} INFO - [2025-06-20T13:06:50.176+0000] {dag.py:2429} INFO - Sync 1 DAGs
[2025-06-20T13:06:50.187+0000] {logging_mixin.py:115} INFO - [2025-06-20T13:06:50.187+0000] {dag.py:2981} INFO - Setting next_dagrun for latest_only to 2025-06-20T09:06:50.187755+00:00, run_after=2025-06-20T13:06:50.187755+00:00
[2025-06-20T13:06:50.194+0000] {processor.py:161} INFO - Processing /home/airflow/.local/lib/python3.7/site-packages/airflow/example_dags/example_latest_only.py took 0.037 seconds
[2025-06-20T13:07:20.260+0000] {processor.py:153} INFO - Started process (PID=483) to work on /home/airflow/.local/lib/python3.7/site-packages/airflow/example_dags/example_latest_only.py
[2025-06-20T13:07:20.261+0000] {processor.py:640} INFO - Processing file /home/airflow/.local/lib/python3.7/site-packages/airflow/example_dags/example_latest_only.py for tasks to queue
[2025-06-20T13:07:20.261+0000] {logging_mixin.py:115} INFO - [2025-06-20T13:07:20.261+0000] {dagbag.py:508} INFO - Filling up the DagBag from /home/airflow/.local/lib/python3.7/site-packages/airflow/example_dags/example_latest_only.py
[2025-06-20T13:07:20.263+0000] {processor.py:650} INFO - DAG(s) dict_keys(['latest_only']) retrieved from /home/airflow/.local/lib/python3.7/site-packages/airflow/example_dags/example_latest_only.py
[2025-06-20T13:07:20.274+0000] {logging_mixin.py:115} INFO - [2025-06-20T13:07:20.274+0000] {dag.py:2429} INFO - Sync 1 DAGs
[2025-06-20T13:07:20.285+0000] {logging_mixin.py:115} INFO - [2025-06-20T13:07:20.285+0000] {dag.py:2981} INFO - Setting next_dagrun for latest_only to 2025-06-20T09:07:20.285805+00:00, run_after=2025-06-20T13:07:20.285805+00:00
[2025-06-20T13:07:20.290+0000] {processor.py:161} INFO - Processing /home/airflow/.local/lib/python3.7/site-packages/airflow/example_dags/example_latest_only.py took 0.032 seconds
[2025-06-20T13:07:50.372+0000] {processor.py:153} INFO - Started process (PID=544) to work on /home/airflow/.local/lib/python3.7/site-packages/airflow/example_dags/example_latest_only.py
[2025-06-20T13:07:50.372+0000] {processor.py:640} INFO - Processing file /home/airflow/.local/lib/python3.7/site-packages/airflow/example_dags/example_latest_only.py for tasks to queue
[2025-06-20T13:07:50.373+0000] {logging_mixin.py:115} INFO - [2025-06-20T13:07:50.373+0000] {dagbag.py:508} INFO - Filling up the DagBag from /home/airflow/.local/lib/python3.7/site-packages/airflow/example_dags/example_latest_only.py
[2025-06-20T13:07:50.375+0000] {processor.py:650} INFO - DAG(s) dict_keys(['latest_only']) retrieved from /home/airflow/.local/lib/python3.7/site-packages/airflow/example_dags/example_latest_only.py
[2025-06-20T13:07:50.386+0000] {logging_mixin.py:115} INFO - [2025-06-20T13:07:50.386+0000] {dag.py:2429} INFO - Sync 1 DAGs
[2025-06-20T13:07:50.395+0000] {logging_mixin.py:115} INFO - [2025-06-20T13:07:50.395+0000] {dag.py:2981} INFO - Setting next_dagrun for latest_only to 2025-06-20T09:07:50.395734+00:00, run_after=2025-06-20T13:07:50.395734+00:00
[2025-06-20T13:07:50.400+0000] {processor.py:161} INFO - Processing /home/airflow/.local/lib/python3.7/site-packages/airflow/example_dags/example_latest_only.py took 0.030 seconds
[2025-06-20T13:08:20.467+0000] {processor.py:153} INFO - Started process (PID=605) to work on /home/airflow/.local/lib/python3.7/site-packages/airflow/example_dags/example_latest_only.py
[2025-06-20T13:08:20.468+0000] {processor.py:640} INFO - Processing file /home/airflow/.local/lib/python3.7/site-packages/airflow/example_dags/example_latest_only.py for tasks to queue
[2025-06-20T13:08:20.468+0000] {logging_mixin.py:115} INFO - [2025-06-20T13:08:20.468+0000] {dagbag.py:508} INFO - Filling up the DagBag from /home/airflow/.local/lib/python3.7/site-packages/airflow/example_dags/example_latest_only.py
[2025-06-20T13:08:20.470+0000] {processor.py:650} INFO - DAG(s) dict_keys(['latest_only']) retrieved from /home/airflow/.local/lib/python3.7/site-packages/airflow/example_dags/example_latest_only.py
[2025-06-20T13:08:20.481+0000] {logging_mixin.py:115} INFO - [2025-06-20T13:08:20.481+0000] {dag.py:2429} INFO - Sync 1 DAGs
[2025-06-20T13:08:20.492+0000] {logging_mixin.py:115} INFO - [2025-06-20T13:08:20.492+0000] {dag.py:2981} INFO - Setting next_dagrun for latest_only to 2025-06-20T09:08:20.491953+00:00, run_after=2025-06-20T13:08:20.491953+00:00
[2025-06-20T13:08:20.497+0000] {processor.py:161} INFO - Processing /home/airflow/.local/lib/python3.7/site-packages/airflow/example_dags/example_latest_only.py took 0.031 seconds
[2025-06-20T13:08:50.632+0000] {processor.py:153} INFO - Started process (PID=658) to work on /home/airflow/.local/lib/python3.7/site-packages/airflow/example_dags/example_latest_only.py
[2025-06-20T13:08:50.633+0000] {processor.py:640} INFO - Processing file /home/airflow/.local/lib/python3.7/site-packages/airflow/example_dags/example_latest_only.py for tasks to queue
[2025-06-20T13:08:50.633+0000] {logging_mixin.py:115} INFO - [2025-06-20T13:08:50.633+0000] {dagbag.py:508} INFO - Filling up the DagBag from /home/airflow/.local/lib/python3.7/site-packages/airflow/example_dags/example_latest_only.py
[2025-06-20T13:08:50.635+0000] {processor.py:650} INFO - DAG(s) dict_keys(['latest_only']) retrieved from /home/airflow/.local/lib/python3.7/site-packages/airflow/example_dags/example_latest_only.py
[2025-06-20T13:08:50.646+0000] {logging_mixin.py:115} INFO - [2025-06-20T13:08:50.646+0000] {dag.py:2429} INFO - Sync 1 DAGs
[2025-06-20T13:08:50.655+0000] {logging_mixin.py:115} INFO - [2025-06-20T13:08:50.655+0000] {dag.py:2981} INFO - Setting next_dagrun for latest_only to 2025-06-20T09:08:50.655114+00:00, run_after=2025-06-20T13:08:50.655114+00:00
[2025-06-20T13:08:50.659+0000] {processor.py:161} INFO - Processing /home/airflow/.local/lib/python3.7/site-packages/airflow/example_dags/example_latest_only.py took 0.029 seconds
[2025-06-20T13:09:21.705+0000] {processor.py:153} INFO - Started process (PID=718) to work on /home/airflow/.local/lib/python3.7/site-packages/airflow/example_dags/example_latest_only.py
[2025-06-20T13:09:21.706+0000] {processor.py:640} INFO - Processing file /home/airflow/.local/lib/python3.7/site-packages/airflow/example_dags/example_latest_only.py for tasks to queue
[2025-06-20T13:09:21.706+0000] {logging_mixin.py:115} INFO - [2025-06-20T13:09:21.706+0000] {dagbag.py:508} INFO - Filling up the DagBag from /home/airflow/.local/lib/python3.7/site-packages/airflow/example_dags/example_latest_only.py
[2025-06-20T13:09:21.708+0000] {processor.py:650} INFO - DAG(s) dict_keys(['latest_only']) retrieved from /home/airflow/.local/lib/python3.7/site-packages/airflow/example_dags/example_latest_only.py
[2025-06-20T13:09:21.719+0000] {logging_mixin.py:115} INFO - [2025-06-20T13:09:21.719+0000] {dag.py:2429} INFO - Sync 1 DAGs
[2025-06-20T13:09:21.728+0000] {logging_mixin.py:115} INFO - [2025-06-20T13:09:21.728+0000] {dag.py:2981} INFO - Setting next_dagrun for latest_only to 2025-06-20T09:09:21.728434+00:00, run_after=2025-06-20T13:09:21.728434+00:00
[2025-06-20T13:09:21.733+0000] {processor.py:161} INFO - Processing /home/airflow/.local/lib/python3.7/site-packages/airflow/example_dags/example_latest_only.py took 0.029 seconds
[2025-06-20T13:09:51.789+0000] {processor.py:153} INFO - Started process (PID=779) to work on /home/airflow/.local/lib/python3.7/site-packages/airflow/example_dags/example_latest_only.py
[2025-06-20T13:09:51.790+0000] {processor.py:640} INFO - Processing file /home/airflow/.local/lib/python3.7/site-packages/airflow/example_dags/example_latest_only.py for tasks to queue
[2025-06-20T13:09:51.790+0000] {logging_mixin.py:115} INFO - [2025-06-20T13:09:51.790+0000] {dagbag.py:508} INFO - Filling up the DagBag from /home/airflow/.local/lib/python3.7/site-packages/airflow/example_dags/example_latest_only.py
[2025-06-20T13:09:51.792+0000] {processor.py:650} INFO - DAG(s) dict_keys(['latest_only']) retrieved from /home/airflow/.local/lib/python3.7/site-packages/airflow/example_dags/example_latest_only.py
[2025-06-20T13:09:51.803+0000] {logging_mixin.py:115} INFO - [2025-06-20T13:09:51.803+0000] {dag.py:2429} INFO - Sync 1 DAGs
[2025-06-20T13:09:51.811+0000] {logging_mixin.py:115} INFO - [2025-06-20T13:09:51.811+0000] {dag.py:2981} INFO - Setting next_dagrun for latest_only to 2025-06-20T09:09:51.811696+00:00, run_after=2025-06-20T13:09:51.811696+00:00
[2025-06-20T13:09:51.818+0000] {processor.py:161} INFO - Processing /home/airflow/.local/lib/python3.7/site-packages/airflow/example_dags/example_latest_only.py took 0.030 seconds
[2025-06-20T13:10:21.935+0000] {processor.py:153} INFO - Started process (PID=840) to work on /home/airflow/.local/lib/python3.7/site-packages/airflow/example_dags/example_latest_only.py
[2025-06-20T13:10:21.936+0000] {processor.py:640} INFO - Processing file /home/airflow/.local/lib/python3.7/site-packages/airflow/example_dags/example_latest_only.py for tasks to queue
[2025-06-20T13:10:21.937+0000] {logging_mixin.py:115} INFO - [2025-06-20T13:10:21.937+0000] {dagbag.py:508} INFO - Filling up the DagBag from /home/airflow/.local/lib/python3.7/site-packages/airflow/example_dags/example_latest_only.py
[2025-06-20T13:10:21.940+0000] {processor.py:650} INFO - DAG(s) dict_keys(['latest_only']) retrieved from /home/airflow/.local/lib/python3.7/site-packages/airflow/example_dags/example_latest_only.py
[2025-06-20T13:10:21.953+0000] {logging_mixin.py:115} INFO - [2025-06-20T13:10:21.953+0000] {dag.py:2429} INFO - Sync 1 DAGs
[2025-06-20T13:10:21.962+0000] {logging_mixin.py:115} INFO - [2025-06-20T13:10:21.962+0000] {dag.py:2981} INFO - Setting next_dagrun for latest_only to 2025-06-20T09:10:21.962422+00:00, run_after=2025-06-20T13:10:21.962422+00:00
[2025-06-20T13:10:21.968+0000] {processor.py:161} INFO - Processing /home/airflow/.local/lib/python3.7/site-packages/airflow/example_dags/example_latest_only.py took 0.034 seconds
[2025-06-20T13:10:52.067+0000] {processor.py:153} INFO - Started process (PID=901) to work on /home/airflow/.local/lib/python3.7/site-packages/airflow/example_dags/example_latest_only.py
[2025-06-20T13:10:52.067+0000] {processor.py:640} INFO - Processing file /home/airflow/.local/lib/python3.7/site-packages/airflow/example_dags/example_latest_only.py for tasks to queue
[2025-06-20T13:10:52.067+0000] {logging_mixin.py:115} INFO - [2025-06-20T13:10:52.067+0000] {dagbag.py:508} INFO - Filling up the DagBag from /home/airflow/.local/lib/python3.7/site-packages/airflow/example_dags/example_latest_only.py
[2025-06-20T13:10:52.069+0000] {processor.py:650} INFO - DAG(s) dict_keys(['latest_only']) retrieved from /home/airflow/.local/lib/python3.7/site-packages/airflow/example_dags/example_latest_only.py
[2025-06-20T13:10:52.080+0000] {logging_mixin.py:115} INFO - [2025-06-20T13:10:52.080+0000] {dag.py:2429} INFO - Sync 1 DAGs
[2025-06-20T13:10:52.089+0000] {logging_mixin.py:115} INFO - [2025-06-20T13:10:52.089+0000] {dag.py:2981} INFO - Setting next_dagrun for latest_only to 2025-06-20T09:10:52.089199+00:00, run_after=2025-06-20T13:10:52.089199+00:00
[2025-06-20T13:10:52.094+0000] {processor.py:161} INFO - Processing /home/airflow/.local/lib/python3.7/site-packages/airflow/example_dags/example_latest_only.py took 0.028 seconds
[2025-06-20T13:11:22.214+0000] {processor.py:153} INFO - Started process (PID=962) to work on /home/airflow/.local/lib/python3.7/site-packages/airflow/example_dags/example_latest_only.py
[2025-06-20T13:11:22.215+0000] {processor.py:640} INFO - Processing file /home/airflow/.local/lib/python3.7/site-packages/airflow/example_dags/example_latest_only.py for tasks to queue
[2025-06-20T13:11:22.215+0000] {logging_mixin.py:115} INFO - [2025-06-20T13:11:22.215+0000] {dagbag.py:508} INFO - Filling up the DagBag from /home/airflow/.local/lib/python3.7/site-packages/airflow/example_dags/example_latest_only.py
[2025-06-20T13:11:22.217+0000] {processor.py:650} INFO - DAG(s) dict_keys(['latest_only']) retrieved from /home/airflow/.local/lib/python3.7/site-packages/airflow/example_dags/example_latest_only.py
[2025-06-20T13:11:22.229+0000] {logging_mixin.py:115} INFO - [2025-06-20T13:11:22.229+0000] {dag.py:2429} INFO - Sync 1 DAGs
[2025-06-20T13:11:22.239+0000] {logging_mixin.py:115} INFO - [2025-06-20T13:11:22.239+0000] {dag.py:2981} INFO - Setting next_dagrun for latest_only to 2025-06-20T09:11:22.239724+00:00, run_after=2025-06-20T13:11:22.239724+00:00
[2025-06-20T13:11:22.244+0000] {processor.py:161} INFO - Processing /home/airflow/.local/lib/python3.7/site-packages/airflow/example_dags/example_latest_only.py took 0.031 seconds
[2025-06-20T13:11:52.374+0000] {processor.py:153} INFO - Started process (PID=1014) to work on /home/airflow/.local/lib/python3.7/site-packages/airflow/example_dags/example_latest_only.py
[2025-06-20T13:11:52.376+0000] {processor.py:640} INFO - Processing file /home/airflow/.local/lib/python3.7/site-packages/airflow/example_dags/example_latest_only.py for tasks to queue
[2025-06-20T13:11:52.376+0000] {logging_mixin.py:115} INFO - [2025-06-20T13:11:52.376+0000] {dagbag.py:508} INFO - Filling up the DagBag from /home/airflow/.local/lib/python3.7/site-packages/airflow/example_dags/example_latest_only.py
[2025-06-20T13:11:52.382+0000] {processor.py:650} INFO - DAG(s) dict_keys(['latest_only']) retrieved from /home/airflow/.local/lib/python3.7/site-packages/airflow/example_dags/example_latest_only.py
[2025-06-20T13:11:52.394+0000] {logging_mixin.py:115} INFO - [2025-06-20T13:11:52.394+0000] {dag.py:2429} INFO - Sync 1 DAGs
[2025-06-20T13:11:52.404+0000] {logging_mixin.py:115} INFO - [2025-06-20T13:11:52.404+0000] {dag.py:2981} INFO - Setting next_dagrun for latest_only to 2025-06-20T09:11:52.404220+00:00, run_after=2025-06-20T13:11:52.404220+00:00
[2025-06-20T13:11:52.409+0000] {processor.py:161} INFO - Processing /home/airflow/.local/lib/python3.7/site-packages/airflow/example_dags/example_latest_only.py took 0.037 seconds
[2025-06-20T13:12:22.502+0000] {processor.py:153} INFO - Started process (PID=1075) to work on /home/airflow/.local/lib/python3.7/site-packages/airflow/example_dags/example_latest_only.py
[2025-06-20T13:12:22.502+0000] {processor.py:640} INFO - Processing file /home/airflow/.local/lib/python3.7/site-packages/airflow/example_dags/example_latest_only.py for tasks to queue
[2025-06-20T13:12:22.503+0000] {logging_mixin.py:115} INFO - [2025-06-20T13:12:22.503+0000] {dagbag.py:508} INFO - Filling up the DagBag from /home/airflow/.local/lib/python3.7/site-packages/airflow/example_dags/example_latest_only.py
[2025-06-20T13:12:22.505+0000] {processor.py:650} INFO - DAG(s) dict_keys(['latest_only']) retrieved from /home/airflow/.local/lib/python3.7/site-packages/airflow/example_dags/example_latest_only.py
[2025-06-20T13:12:22.516+0000] {logging_mixin.py:115} INFO - [2025-06-20T13:12:22.516+0000] {dag.py:2429} INFO - Sync 1 DAGs
[2025-06-20T13:12:22.525+0000] {logging_mixin.py:115} INFO - [2025-06-20T13:12:22.525+0000] {dag.py:2981} INFO - Setting next_dagrun for latest_only to 2025-06-20T09:12:22.524922+00:00, run_after=2025-06-20T13:12:22.524922+00:00
[2025-06-20T13:12:22.529+0000] {processor.py:161} INFO - Processing /home/airflow/.local/lib/python3.7/site-packages/airflow/example_dags/example_latest_only.py took 0.029 seconds
[2025-06-20T13:12:52.650+0000] {processor.py:153} INFO - Started process (PID=1136) to work on /home/airflow/.local/lib/python3.7/site-packages/airflow/example_dags/example_latest_only.py
[2025-06-20T13:12:52.654+0000] {processor.py:640} INFO - Processing file /home/airflow/.local/lib/python3.7/site-packages/airflow/example_dags/example_latest_only.py for tasks to queue
[2025-06-20T13:12:52.654+0000] {logging_mixin.py:115} INFO - [2025-06-20T13:12:52.654+0000] {dagbag.py:508} INFO - Filling up the DagBag from /home/airflow/.local/lib/python3.7/site-packages/airflow/example_dags/example_latest_only.py
[2025-06-20T13:12:52.656+0000] {processor.py:650} INFO - DAG(s) dict_keys(['latest_only']) retrieved from /home/airflow/.local/lib/python3.7/site-packages/airflow/example_dags/example_latest_only.py
[2025-06-20T13:12:52.667+0000] {logging_mixin.py:115} INFO - [2025-06-20T13:12:52.667+0000] {dag.py:2429} INFO - Sync 1 DAGs
[2025-06-20T13:12:52.676+0000] {logging_mixin.py:115} INFO - [2025-06-20T13:12:52.676+0000] {dag.py:2981} INFO - Setting next_dagrun for latest_only to 2025-06-20T09:12:52.676619+00:00, run_after=2025-06-20T13:12:52.676619+00:00
[2025-06-20T13:12:52.682+0000] {processor.py:161} INFO - Processing /home/airflow/.local/lib/python3.7/site-packages/airflow/example_dags/example_latest_only.py took 0.033 seconds
[2025-06-20T13:13:22.768+0000] {processor.py:153} INFO - Started process (PID=1197) to work on /home/airflow/.local/lib/python3.7/site-packages/airflow/example_dags/example_latest_only.py
[2025-06-20T13:13:22.768+0000] {processor.py:640} INFO - Processing file /home/airflow/.local/lib/python3.7/site-packages/airflow/example_dags/example_latest_only.py for tasks to queue
[2025-06-20T13:13:22.769+0000] {logging_mixin.py:115} INFO - [2025-06-20T13:13:22.769+0000] {dagbag.py:508} INFO - Filling up the DagBag from /home/airflow/.local/lib/python3.7/site-packages/airflow/example_dags/example_latest_only.py
[2025-06-20T13:13:22.771+0000] {processor.py:650} INFO - DAG(s) dict_keys(['latest_only']) retrieved from /home/airflow/.local/lib/python3.7/site-packages/airflow/example_dags/example_latest_only.py
[2025-06-20T13:13:22.783+0000] {logging_mixin.py:115} INFO - [2025-06-20T13:13:22.783+0000] {dag.py:2429} INFO - Sync 1 DAGs
[2025-06-20T13:13:22.793+0000] {logging_mixin.py:115} INFO - [2025-06-20T13:13:22.793+0000] {dag.py:2981} INFO - Setting next_dagrun for latest_only to 2025-06-20T09:13:22.793686+00:00, run_after=2025-06-20T13:13:22.793686+00:00
[2025-06-20T13:13:22.800+0000] {processor.py:161} INFO - Processing /home/airflow/.local/lib/python3.7/site-packages/airflow/example_dags/example_latest_only.py took 0.034 seconds
[2025-06-20T13:13:53.068+0000] {processor.py:153} INFO - Started process (PID=1258) to work on /home/airflow/.local/lib/python3.7/site-packages/airflow/example_dags/example_latest_only.py
[2025-06-20T13:13:53.068+0000] {processor.py:640} INFO - Processing file /home/airflow/.local/lib/python3.7/site-packages/airflow/example_dags/example_latest_only.py for tasks to queue
[2025-06-20T13:13:53.068+0000] {logging_mixin.py:115} INFO - [2025-06-20T13:13:53.068+0000] {dagbag.py:508} INFO - Filling up the DagBag from /home/airflow/.local/lib/python3.7/site-packages/airflow/example_dags/example_latest_only.py
[2025-06-20T13:13:53.071+0000] {processor.py:650} INFO - DAG(s) dict_keys(['latest_only']) retrieved from /home/airflow/.local/lib/python3.7/site-packages/airflow/example_dags/example_latest_only.py
[2025-06-20T13:13:53.082+0000] {logging_mixin.py:115} INFO - [2025-06-20T13:13:53.082+0000] {dag.py:2429} INFO - Sync 1 DAGs
[2025-06-20T13:13:53.092+0000] {logging_mixin.py:115} INFO - [2025-06-20T13:13:53.092+0000] {dag.py:2981} INFO - Setting next_dagrun for latest_only to 2025-06-20T09:13:53.092214+00:00, run_after=2025-06-20T13:13:53.092214+00:00
[2025-06-20T13:13:53.096+0000] {processor.py:161} INFO - Processing /home/airflow/.local/lib/python3.7/site-packages/airflow/example_dags/example_latest_only.py took 0.030 seconds
[2025-06-20T13:14:23.154+0000] {processor.py:153} INFO - Started process (PID=1319) to work on /home/airflow/.local/lib/python3.7/site-packages/airflow/example_dags/example_latest_only.py
[2025-06-20T13:14:23.155+0000] {processor.py:640} INFO - Processing file /home/airflow/.local/lib/python3.7/site-packages/airflow/example_dags/example_latest_only.py for tasks to queue
[2025-06-20T13:14:23.158+0000] {logging_mixin.py:115} INFO - [2025-06-20T13:14:23.158+0000] {dagbag.py:508} INFO - Filling up the DagBag from /home/airflow/.local/lib/python3.7/site-packages/airflow/example_dags/example_latest_only.py
[2025-06-20T13:14:23.161+0000] {processor.py:650} INFO - DAG(s) dict_keys(['latest_only']) retrieved from /home/airflow/.local/lib/python3.7/site-packages/airflow/example_dags/example_latest_only.py
[2025-06-20T13:14:23.174+0000] {logging_mixin.py:115} INFO - [2025-06-20T13:14:23.174+0000] {dag.py:2429} INFO - Sync 1 DAGs
[2025-06-20T13:14:23.183+0000] {logging_mixin.py:115} INFO - [2025-06-20T13:14:23.183+0000] {dag.py:2981} INFO - Setting next_dagrun for latest_only to 2025-06-20T09:14:23.183750+00:00, run_after=2025-06-20T13:14:23.183750+00:00
[2025-06-20T13:14:23.191+0000] {processor.py:161} INFO - Processing /home/airflow/.local/lib/python3.7/site-packages/airflow/example_dags/example_latest_only.py took 0.039 seconds
[2025-06-20T13:14:53.295+0000] {processor.py:153} INFO - Started process (PID=1371) to work on /home/airflow/.local/lib/python3.7/site-packages/airflow/example_dags/example_latest_only.py
[2025-06-20T13:14:53.295+0000] {processor.py:640} INFO - Processing file /home/airflow/.local/lib/python3.7/site-packages/airflow/example_dags/example_latest_only.py for tasks to queue
[2025-06-20T13:14:53.295+0000] {logging_mixin.py:115} INFO - [2025-06-20T13:14:53.295+0000] {dagbag.py:508} INFO - Filling up the DagBag from /home/airflow/.local/lib/python3.7/site-packages/airflow/example_dags/example_latest_only.py
[2025-06-20T13:14:53.298+0000] {processor.py:650} INFO - DAG(s) dict_keys(['latest_only']) retrieved from /home/airflow/.local/lib/python3.7/site-packages/airflow/example_dags/example_latest_only.py
[2025-06-20T13:14:53.309+0000] {logging_mixin.py:115} INFO - [2025-06-20T13:14:53.308+0000] {dag.py:2429} INFO - Sync 1 DAGs
[2025-06-20T13:14:53.317+0000] {logging_mixin.py:115} INFO - [2025-06-20T13:14:53.317+0000] {dag.py:2981} INFO - Setting next_dagrun for latest_only to 2025-06-20T09:14:53.317795+00:00, run_after=2025-06-20T13:14:53.317795+00:00
[2025-06-20T13:14:53.322+0000] {processor.py:161} INFO - Processing /home/airflow/.local/lib/python3.7/site-packages/airflow/example_dags/example_latest_only.py took 0.029 seconds
[2025-06-20T13:15:23.380+0000] {processor.py:153} INFO - Started process (PID=1432) to work on /home/airflow/.local/lib/python3.7/site-packages/airflow/example_dags/example_latest_only.py
[2025-06-20T13:15:23.380+0000] {processor.py:640} INFO - Processing file /home/airflow/.local/lib/python3.7/site-packages/airflow/example_dags/example_latest_only.py for tasks to queue
[2025-06-20T13:15:23.381+0000] {logging_mixin.py:115} INFO - [2025-06-20T13:15:23.381+0000] {dagbag.py:508} INFO - Filling up the DagBag from /home/airflow/.local/lib/python3.7/site-packages/airflow/example_dags/example_latest_only.py
[2025-06-20T13:15:23.383+0000] {processor.py:650} INFO - DAG(s) dict_keys(['latest_only']) retrieved from /home/airflow/.local/lib/python3.7/site-packages/airflow/example_dags/example_latest_only.py
[2025-06-20T13:15:23.393+0000] {logging_mixin.py:115} INFO - [2025-06-20T13:15:23.393+0000] {dag.py:2429} INFO - Sync 1 DAGs
[2025-06-20T13:15:23.402+0000] {logging_mixin.py:115} INFO - [2025-06-20T13:15:23.402+0000] {dag.py:2981} INFO - Setting next_dagrun for latest_only to 2025-06-20T09:15:23.401965+00:00, run_after=2025-06-20T13:15:23.401965+00:00
[2025-06-20T13:15:23.406+0000] {processor.py:161} INFO - Processing /home/airflow/.local/lib/python3.7/site-packages/airflow/example_dags/example_latest_only.py took 0.028 seconds
[2025-06-20T13:15:53.460+0000] {processor.py:153} INFO - Started process (PID=1492) to work on /home/airflow/.local/lib/python3.7/site-packages/airflow/example_dags/example_latest_only.py
[2025-06-20T13:15:53.460+0000] {processor.py:640} INFO - Processing file /home/airflow/.local/lib/python3.7/site-packages/airflow/example_dags/example_latest_only.py for tasks to queue
[2025-06-20T13:15:53.461+0000] {logging_mixin.py:115} INFO - [2025-06-20T13:15:53.461+0000] {dagbag.py:508} INFO - Filling up the DagBag from /home/airflow/.local/lib/python3.7/site-packages/airflow/example_dags/example_latest_only.py
[2025-06-20T13:15:53.463+0000] {processor.py:650} INFO - DAG(s) dict_keys(['latest_only']) retrieved from /home/airflow/.local/lib/python3.7/site-packages/airflow/example_dags/example_latest_only.py
[2025-06-20T13:15:53.474+0000] {logging_mixin.py:115} INFO - [2025-06-20T13:15:53.474+0000] {dag.py:2429} INFO - Sync 1 DAGs
[2025-06-20T13:15:53.483+0000] {logging_mixin.py:115} INFO - [2025-06-20T13:15:53.483+0000] {dag.py:2981} INFO - Setting next_dagrun for latest_only to 2025-06-20T09:15:53.483763+00:00, run_after=2025-06-20T13:15:53.483763+00:00
[2025-06-20T13:15:53.488+0000] {processor.py:161} INFO - Processing /home/airflow/.local/lib/python3.7/site-packages/airflow/example_dags/example_latest_only.py took 0.030 seconds
[2025-06-20T13:16:23.758+0000] {processor.py:153} INFO - Started process (PID=1554) to work on /home/airflow/.local/lib/python3.7/site-packages/airflow/example_dags/example_latest_only.py
[2025-06-20T13:16:23.760+0000] {processor.py:640} INFO - Processing file /home/airflow/.local/lib/python3.7/site-packages/airflow/example_dags/example_latest_only.py for tasks to queue
[2025-06-20T13:16:23.761+0000] {logging_mixin.py:115} INFO - [2025-06-20T13:16:23.761+0000] {dagbag.py:508} INFO - Filling up the DagBag from /home/airflow/.local/lib/python3.7/site-packages/airflow/example_dags/example_latest_only.py
[2025-06-20T13:16:23.764+0000] {processor.py:650} INFO - DAG(s) dict_keys(['latest_only']) retrieved from /home/airflow/.local/lib/python3.7/site-packages/airflow/example_dags/example_latest_only.py
[2025-06-20T13:16:23.774+0000] {logging_mixin.py:115} INFO - [2025-06-20T13:16:23.774+0000] {dag.py:2429} INFO - Sync 1 DAGs
[2025-06-20T13:16:23.791+0000] {logging_mixin.py:115} INFO - [2025-06-20T13:16:23.791+0000] {dag.py:2981} INFO - Setting next_dagrun for latest_only to 2025-06-20T09:16:23.791143+00:00, run_after=2025-06-20T13:16:23.791143+00:00
[2025-06-20T13:16:23.799+0000] {processor.py:161} INFO - Processing /home/airflow/.local/lib/python3.7/site-packages/airflow/example_dags/example_latest_only.py took 0.043 seconds
[2025-06-20T13:16:53.960+0000] {processor.py:153} INFO - Started process (PID=1615) to work on /home/airflow/.local/lib/python3.7/site-packages/airflow/example_dags/example_latest_only.py
[2025-06-20T13:16:53.961+0000] {processor.py:640} INFO - Processing file /home/airflow/.local/lib/python3.7/site-packages/airflow/example_dags/example_latest_only.py for tasks to queue
[2025-06-20T13:16:53.962+0000] {logging_mixin.py:115} INFO - [2025-06-20T13:16:53.962+0000] {dagbag.py:508} INFO - Filling up the DagBag from /home/airflow/.local/lib/python3.7/site-packages/airflow/example_dags/example_latest_only.py
[2025-06-20T13:16:53.964+0000] {processor.py:650} INFO - DAG(s) dict_keys(['latest_only']) retrieved from /home/airflow/.local/lib/python3.7/site-packages/airflow/example_dags/example_latest_only.py
[2025-06-20T13:16:53.976+0000] {logging_mixin.py:115} INFO - [2025-06-20T13:16:53.975+0000] {dag.py:2429} INFO - Sync 1 DAGs
[2025-06-20T13:16:53.987+0000] {logging_mixin.py:115} INFO - [2025-06-20T13:16:53.987+0000] {dag.py:2981} INFO - Setting next_dagrun for latest_only to 2025-06-20T09:16:53.987081+00:00, run_after=2025-06-20T13:16:53.987081+00:00
[2025-06-20T13:16:53.991+0000] {processor.py:161} INFO - Processing /home/airflow/.local/lib/python3.7/site-packages/airflow/example_dags/example_latest_only.py took 0.033 seconds
[2025-06-20T13:17:24.100+0000] {processor.py:153} INFO - Started process (PID=1668) to work on /home/airflow/.local/lib/python3.7/site-packages/airflow/example_dags/example_latest_only.py
[2025-06-20T13:17:24.101+0000] {processor.py:640} INFO - Processing file /home/airflow/.local/lib/python3.7/site-packages/airflow/example_dags/example_latest_only.py for tasks to queue
[2025-06-20T13:17:24.101+0000] {logging_mixin.py:115} INFO - [2025-06-20T13:17:24.101+0000] {dagbag.py:508} INFO - Filling up the DagBag from /home/airflow/.local/lib/python3.7/site-packages/airflow/example_dags/example_latest_only.py
[2025-06-20T13:17:24.103+0000] {processor.py:650} INFO - DAG(s) dict_keys(['latest_only']) retrieved from /home/airflow/.local/lib/python3.7/site-packages/airflow/example_dags/example_latest_only.py
[2025-06-20T13:17:24.114+0000] {logging_mixin.py:115} INFO - [2025-06-20T13:17:24.114+0000] {dag.py:2429} INFO - Sync 1 DAGs
[2025-06-20T13:17:24.123+0000] {logging_mixin.py:115} INFO - [2025-06-20T13:17:24.123+0000] {dag.py:2981} INFO - Setting next_dagrun for latest_only to 2025-06-20T09:17:24.123010+00:00, run_after=2025-06-20T13:17:24.123010+00:00
[2025-06-20T13:17:24.127+0000] {processor.py:161} INFO - Processing /home/airflow/.local/lib/python3.7/site-packages/airflow/example_dags/example_latest_only.py took 0.028 seconds
[2025-06-20T13:17:55.175+0000] {processor.py:153} INFO - Started process (PID=1728) to work on /home/airflow/.local/lib/python3.7/site-packages/airflow/example_dags/example_latest_only.py
[2025-06-20T13:17:55.175+0000] {processor.py:640} INFO - Processing file /home/airflow/.local/lib/python3.7/site-packages/airflow/example_dags/example_latest_only.py for tasks to queue
[2025-06-20T13:17:55.176+0000] {logging_mixin.py:115} INFO - [2025-06-20T13:17:55.176+0000] {dagbag.py:508} INFO - Filling up the DagBag from /home/airflow/.local/lib/python3.7/site-packages/airflow/example_dags/example_latest_only.py
[2025-06-20T13:17:55.178+0000] {processor.py:650} INFO - DAG(s) dict_keys(['latest_only']) retrieved from /home/airflow/.local/lib/python3.7/site-packages/airflow/example_dags/example_latest_only.py
[2025-06-20T13:17:55.190+0000] {logging_mixin.py:115} INFO - [2025-06-20T13:17:55.190+0000] {dag.py:2429} INFO - Sync 1 DAGs
[2025-06-20T13:17:55.200+0000] {logging_mixin.py:115} INFO - [2025-06-20T13:17:55.200+0000] {dag.py:2981} INFO - Setting next_dagrun for latest_only to 2025-06-20T09:17:55.200125+00:00, run_after=2025-06-20T13:17:55.200125+00:00
[2025-06-20T13:17:55.205+0000] {processor.py:161} INFO - Processing /home/airflow/.local/lib/python3.7/site-packages/airflow/example_dags/example_latest_only.py took 0.032 seconds
[2025-06-20T13:18:25.343+0000] {processor.py:153} INFO - Started process (PID=1789) to work on /home/airflow/.local/lib/python3.7/site-packages/airflow/example_dags/example_latest_only.py
[2025-06-20T13:18:25.345+0000] {processor.py:640} INFO - Processing file /home/airflow/.local/lib/python3.7/site-packages/airflow/example_dags/example_latest_only.py for tasks to queue
[2025-06-20T13:18:25.345+0000] {logging_mixin.py:115} INFO - [2025-06-20T13:18:25.345+0000] {dagbag.py:508} INFO - Filling up the DagBag from /home/airflow/.local/lib/python3.7/site-packages/airflow/example_dags/example_latest_only.py
[2025-06-20T13:18:25.348+0000] {processor.py:650} INFO - DAG(s) dict_keys(['latest_only']) retrieved from /home/airflow/.local/lib/python3.7/site-packages/airflow/example_dags/example_latest_only.py
[2025-06-20T13:18:25.358+0000] {logging_mixin.py:115} INFO - [2025-06-20T13:18:25.358+0000] {dag.py:2429} INFO - Sync 1 DAGs
[2025-06-20T13:18:25.369+0000] {logging_mixin.py:115} INFO - [2025-06-20T13:18:25.369+0000] {dag.py:2981} INFO - Setting next_dagrun for latest_only to 2025-06-20T09:18:25.368990+00:00, run_after=2025-06-20T13:18:25.368990+00:00
[2025-06-20T13:18:25.379+0000] {processor.py:161} INFO - Processing /home/airflow/.local/lib/python3.7/site-packages/airflow/example_dags/example_latest_only.py took 0.038 seconds
[2025-06-20T13:18:55.530+0000] {processor.py:153} INFO - Started process (PID=1850) to work on /home/airflow/.local/lib/python3.7/site-packages/airflow/example_dags/example_latest_only.py
[2025-06-20T13:18:55.532+0000] {processor.py:640} INFO - Processing file /home/airflow/.local/lib/python3.7/site-packages/airflow/example_dags/example_latest_only.py for tasks to queue
[2025-06-20T13:18:55.533+0000] {logging_mixin.py:115} INFO - [2025-06-20T13:18:55.532+0000] {dagbag.py:508} INFO - Filling up the DagBag from /home/airflow/.local/lib/python3.7/site-packages/airflow/example_dags/example_latest_only.py
[2025-06-20T13:18:55.535+0000] {processor.py:650} INFO - DAG(s) dict_keys(['latest_only']) retrieved from /home/airflow/.local/lib/python3.7/site-packages/airflow/example_dags/example_latest_only.py
[2025-06-20T13:18:55.547+0000] {logging_mixin.py:115} INFO - [2025-06-20T13:18:55.547+0000] {dag.py:2429} INFO - Sync 1 DAGs
[2025-06-20T13:18:55.556+0000] {logging_mixin.py:115} INFO - [2025-06-20T13:18:55.556+0000] {dag.py:2981} INFO - Setting next_dagrun for latest_only to 2025-06-20T09:18:55.556193+00:00, run_after=2025-06-20T13:18:55.556193+00:00
[2025-06-20T13:18:55.560+0000] {processor.py:161} INFO - Processing /home/airflow/.local/lib/python3.7/site-packages/airflow/example_dags/example_latest_only.py took 0.032 seconds
[2025-06-20T13:19:25.680+0000] {processor.py:153} INFO - Started process (PID=1911) to work on /home/airflow/.local/lib/python3.7/site-packages/airflow/example_dags/example_latest_only.py
[2025-06-20T13:19:25.681+0000] {processor.py:640} INFO - Processing file /home/airflow/.local/lib/python3.7/site-packages/airflow/example_dags/example_latest_only.py for tasks to queue
[2025-06-20T13:19:25.682+0000] {logging_mixin.py:115} INFO - [2025-06-20T13:19:25.682+0000] {dagbag.py:508} INFO - Filling up the DagBag from /home/airflow/.local/lib/python3.7/site-packages/airflow/example_dags/example_latest_only.py
[2025-06-20T13:19:25.685+0000] {processor.py:650} INFO - DAG(s) dict_keys(['latest_only']) retrieved from /home/airflow/.local/lib/python3.7/site-packages/airflow/example_dags/example_latest_only.py
[2025-06-20T13:19:25.697+0000] {logging_mixin.py:115} INFO - [2025-06-20T13:19:25.697+0000] {dag.py:2429} INFO - Sync 1 DAGs
[2025-06-20T13:19:25.706+0000] {logging_mixin.py:115} INFO - [2025-06-20T13:19:25.706+0000] {dag.py:2981} INFO - Setting next_dagrun for latest_only to 2025-06-20T09:19:25.706607+00:00, run_after=2025-06-20T13:19:25.706607+00:00
[2025-06-20T13:19:25.711+0000] {processor.py:161} INFO - Processing /home/airflow/.local/lib/python3.7/site-packages/airflow/example_dags/example_latest_only.py took 0.032 seconds
[2025-06-20T13:19:55.791+0000] {processor.py:153} INFO - Started process (PID=1972) to work on /home/airflow/.local/lib/python3.7/site-packages/airflow/example_dags/example_latest_only.py
[2025-06-20T13:19:55.791+0000] {processor.py:640} INFO - Processing file /home/airflow/.local/lib/python3.7/site-packages/airflow/example_dags/example_latest_only.py for tasks to queue
[2025-06-20T13:19:55.792+0000] {logging_mixin.py:115} INFO - [2025-06-20T13:19:55.792+0000] {dagbag.py:508} INFO - Filling up the DagBag from /home/airflow/.local/lib/python3.7/site-packages/airflow/example_dags/example_latest_only.py
[2025-06-20T13:19:55.794+0000] {processor.py:650} INFO - DAG(s) dict_keys(['latest_only']) retrieved from /home/airflow/.local/lib/python3.7/site-packages/airflow/example_dags/example_latest_only.py
[2025-06-20T13:19:55.805+0000] {logging_mixin.py:115} INFO - [2025-06-20T13:19:55.805+0000] {dag.py:2429} INFO - Sync 1 DAGs
[2025-06-20T13:19:55.815+0000] {logging_mixin.py:115} INFO - [2025-06-20T13:19:55.815+0000] {dag.py:2981} INFO - Setting next_dagrun for latest_only to 2025-06-20T09:19:55.815570+00:00, run_after=2025-06-20T13:19:55.815570+00:00
[2025-06-20T13:19:55.821+0000] {processor.py:161} INFO - Processing /home/airflow/.local/lib/python3.7/site-packages/airflow/example_dags/example_latest_only.py took 0.031 seconds
[2025-06-20T13:20:25.952+0000] {processor.py:153} INFO - Started process (PID=2031) to work on /home/airflow/.local/lib/python3.7/site-packages/airflow/example_dags/example_latest_only.py
[2025-06-20T13:20:25.953+0000] {processor.py:640} INFO - Processing file /home/airflow/.local/lib/python3.7/site-packages/airflow/example_dags/example_latest_only.py for tasks to queue
[2025-06-20T13:20:25.953+0000] {logging_mixin.py:115} INFO - [2025-06-20T13:20:25.953+0000] {dagbag.py:508} INFO - Filling up the DagBag from /home/airflow/.local/lib/python3.7/site-packages/airflow/example_dags/example_latest_only.py
[2025-06-20T13:20:25.955+0000] {processor.py:650} INFO - DAG(s) dict_keys(['latest_only']) retrieved from /home/airflow/.local/lib/python3.7/site-packages/airflow/example_dags/example_latest_only.py
[2025-06-20T13:20:25.970+0000] {logging_mixin.py:115} INFO - [2025-06-20T13:20:25.970+0000] {dag.py:2429} INFO - Sync 1 DAGs
[2025-06-20T13:20:25.982+0000] {logging_mixin.py:115} INFO - [2025-06-20T13:20:25.982+0000] {dag.py:2981} INFO - Setting next_dagrun for latest_only to 2025-06-20T09:20:25.982735+00:00, run_after=2025-06-20T13:20:25.982735+00:00
[2025-06-20T13:20:25.988+0000] {processor.py:161} INFO - Processing /home/airflow/.local/lib/python3.7/site-packages/airflow/example_dags/example_latest_only.py took 0.038 seconds
[2025-06-20T13:20:56.110+0000] {processor.py:153} INFO - Started process (PID=2086) to work on /home/airflow/.local/lib/python3.7/site-packages/airflow/example_dags/example_latest_only.py
[2025-06-20T13:20:56.110+0000] {processor.py:640} INFO - Processing file /home/airflow/.local/lib/python3.7/site-packages/airflow/example_dags/example_latest_only.py for tasks to queue
[2025-06-20T13:20:56.111+0000] {logging_mixin.py:115} INFO - [2025-06-20T13:20:56.111+0000] {dagbag.py:508} INFO - Filling up the DagBag from /home/airflow/.local/lib/python3.7/site-packages/airflow/example_dags/example_latest_only.py
[2025-06-20T13:20:56.113+0000] {processor.py:650} INFO - DAG(s) dict_keys(['latest_only']) retrieved from /home/airflow/.local/lib/python3.7/site-packages/airflow/example_dags/example_latest_only.py
[2025-06-20T13:20:56.124+0000] {logging_mixin.py:115} INFO - [2025-06-20T13:20:56.124+0000] {dag.py:2429} INFO - Sync 1 DAGs
[2025-06-20T13:20:56.132+0000] {logging_mixin.py:115} INFO - [2025-06-20T13:20:56.132+0000] {dag.py:2981} INFO - Setting next_dagrun for latest_only to 2025-06-20T09:20:56.132760+00:00, run_after=2025-06-20T13:20:56.132760+00:00
[2025-06-20T13:20:56.137+0000] {processor.py:161} INFO - Processing /home/airflow/.local/lib/python3.7/site-packages/airflow/example_dags/example_latest_only.py took 0.028 seconds
[2025-06-20T13:21:26.234+0000] {processor.py:153} INFO - Started process (PID=2146) to work on /home/airflow/.local/lib/python3.7/site-packages/airflow/example_dags/example_latest_only.py
[2025-06-20T13:21:26.235+0000] {processor.py:640} INFO - Processing file /home/airflow/.local/lib/python3.7/site-packages/airflow/example_dags/example_latest_only.py for tasks to queue
[2025-06-20T13:21:26.235+0000] {logging_mixin.py:115} INFO - [2025-06-20T13:21:26.235+0000] {dagbag.py:508} INFO - Filling up the DagBag from /home/airflow/.local/lib/python3.7/site-packages/airflow/example_dags/example_latest_only.py
[2025-06-20T13:21:26.237+0000] {processor.py:650} INFO - DAG(s) dict_keys(['latest_only']) retrieved from /home/airflow/.local/lib/python3.7/site-packages/airflow/example_dags/example_latest_only.py
[2025-06-20T13:21:26.250+0000] {logging_mixin.py:115} INFO - [2025-06-20T13:21:26.250+0000] {dag.py:2429} INFO - Sync 1 DAGs
[2025-06-20T13:21:26.262+0000] {logging_mixin.py:115} INFO - [2025-06-20T13:21:26.262+0000] {dag.py:2981} INFO - Setting next_dagrun for latest_only to 2025-06-20T09:21:26.262642+00:00, run_after=2025-06-20T13:21:26.262642+00:00
[2025-06-20T13:21:26.269+0000] {processor.py:161} INFO - Processing /home/airflow/.local/lib/python3.7/site-packages/airflow/example_dags/example_latest_only.py took 0.037 seconds
[2025-06-20T13:21:56.347+0000] {processor.py:153} INFO - Started process (PID=2207) to work on /home/airflow/.local/lib/python3.7/site-packages/airflow/example_dags/example_latest_only.py
[2025-06-20T13:21:56.347+0000] {processor.py:640} INFO - Processing file /home/airflow/.local/lib/python3.7/site-packages/airflow/example_dags/example_latest_only.py for tasks to queue
[2025-06-20T13:21:56.348+0000] {logging_mixin.py:115} INFO - [2025-06-20T13:21:56.348+0000] {dagbag.py:508} INFO - Filling up the DagBag from /home/airflow/.local/lib/python3.7/site-packages/airflow/example_dags/example_latest_only.py
[2025-06-20T13:21:56.353+0000] {processor.py:650} INFO - DAG(s) dict_keys(['latest_only']) retrieved from /home/airflow/.local/lib/python3.7/site-packages/airflow/example_dags/example_latest_only.py
[2025-06-20T13:21:56.366+0000] {logging_mixin.py:115} INFO - [2025-06-20T13:21:56.366+0000] {dag.py:2429} INFO - Sync 1 DAGs
[2025-06-20T13:21:56.375+0000] {logging_mixin.py:115} INFO - [2025-06-20T13:21:56.375+0000] {dag.py:2981} INFO - Setting next_dagrun for latest_only to 2025-06-20T09:21:56.375569+00:00, run_after=2025-06-20T13:21:56.375569+00:00
[2025-06-20T13:21:56.380+0000] {processor.py:161} INFO - Processing /home/airflow/.local/lib/python3.7/site-packages/airflow/example_dags/example_latest_only.py took 0.035 seconds
[2025-06-20T13:22:26.449+0000] {processor.py:153} INFO - Started process (PID=2268) to work on /home/airflow/.local/lib/python3.7/site-packages/airflow/example_dags/example_latest_only.py
[2025-06-20T13:22:26.451+0000] {processor.py:640} INFO - Processing file /home/airflow/.local/lib/python3.7/site-packages/airflow/example_dags/example_latest_only.py for tasks to queue
[2025-06-20T13:22:26.451+0000] {logging_mixin.py:115} INFO - [2025-06-20T13:22:26.451+0000] {dagbag.py:508} INFO - Filling up the DagBag from /home/airflow/.local/lib/python3.7/site-packages/airflow/example_dags/example_latest_only.py
[2025-06-20T13:22:26.453+0000] {processor.py:650} INFO - DAG(s) dict_keys(['latest_only']) retrieved from /home/airflow/.local/lib/python3.7/site-packages/airflow/example_dags/example_latest_only.py
[2025-06-20T13:22:26.464+0000] {logging_mixin.py:115} INFO - [2025-06-20T13:22:26.464+0000] {dag.py:2429} INFO - Sync 1 DAGs
[2025-06-20T13:22:26.475+0000] {logging_mixin.py:115} INFO - [2025-06-20T13:22:26.475+0000] {dag.py:2981} INFO - Setting next_dagrun for latest_only to 2025-06-20T09:22:26.475440+00:00, run_after=2025-06-20T13:22:26.475440+00:00
[2025-06-20T13:22:26.480+0000] {processor.py:161} INFO - Processing /home/airflow/.local/lib/python3.7/site-packages/airflow/example_dags/example_latest_only.py took 0.032 seconds
[2025-06-20T13:22:56.619+0000] {processor.py:153} INFO - Started process (PID=2329) to work on /home/airflow/.local/lib/python3.7/site-packages/airflow/example_dags/example_latest_only.py
[2025-06-20T13:22:56.620+0000] {processor.py:640} INFO - Processing file /home/airflow/.local/lib/python3.7/site-packages/airflow/example_dags/example_latest_only.py for tasks to queue
[2025-06-20T13:22:56.620+0000] {logging_mixin.py:115} INFO - [2025-06-20T13:22:56.620+0000] {dagbag.py:508} INFO - Filling up the DagBag from /home/airflow/.local/lib/python3.7/site-packages/airflow/example_dags/example_latest_only.py
[2025-06-20T13:22:56.622+0000] {processor.py:650} INFO - DAG(s) dict_keys(['latest_only']) retrieved from /home/airflow/.local/lib/python3.7/site-packages/airflow/example_dags/example_latest_only.py
[2025-06-20T13:22:56.633+0000] {logging_mixin.py:115} INFO - [2025-06-20T13:22:56.633+0000] {dag.py:2429} INFO - Sync 1 DAGs
[2025-06-20T13:22:56.643+0000] {logging_mixin.py:115} INFO - [2025-06-20T13:22:56.643+0000] {dag.py:2981} INFO - Setting next_dagrun for latest_only to 2025-06-20T09:22:56.643422+00:00, run_after=2025-06-20T13:22:56.643422+00:00
[2025-06-20T13:22:56.648+0000] {processor.py:161} INFO - Processing /home/airflow/.local/lib/python3.7/site-packages/airflow/example_dags/example_latest_only.py took 0.030 seconds
[2025-06-20T13:23:26.779+0000] {processor.py:153} INFO - Started process (PID=2381) to work on /home/airflow/.local/lib/python3.7/site-packages/airflow/example_dags/example_latest_only.py
[2025-06-20T13:23:26.781+0000] {processor.py:640} INFO - Processing file /home/airflow/.local/lib/python3.7/site-packages/airflow/example_dags/example_latest_only.py for tasks to queue
[2025-06-20T13:23:26.781+0000] {logging_mixin.py:115} INFO - [2025-06-20T13:23:26.781+0000] {dagbag.py:508} INFO - Filling up the DagBag from /home/airflow/.local/lib/python3.7/site-packages/airflow/example_dags/example_latest_only.py
[2025-06-20T13:23:26.783+0000] {processor.py:650} INFO - DAG(s) dict_keys(['latest_only']) retrieved from /home/airflow/.local/lib/python3.7/site-packages/airflow/example_dags/example_latest_only.py
[2025-06-20T13:23:26.794+0000] {logging_mixin.py:115} INFO - [2025-06-20T13:23:26.794+0000] {dag.py:2429} INFO - Sync 1 DAGs
[2025-06-20T13:23:26.804+0000] {logging_mixin.py:115} INFO - [2025-06-20T13:23:26.804+0000] {dag.py:2981} INFO - Setting next_dagrun for latest_only to 2025-06-20T09:23:26.804071+00:00, run_after=2025-06-20T13:23:26.804071+00:00
[2025-06-20T13:23:26.809+0000] {processor.py:161} INFO - Processing /home/airflow/.local/lib/python3.7/site-packages/airflow/example_dags/example_latest_only.py took 0.031 seconds
[2025-06-20T13:23:56.927+0000] {processor.py:153} INFO - Started process (PID=2442) to work on /home/airflow/.local/lib/python3.7/site-packages/airflow/example_dags/example_latest_only.py
[2025-06-20T13:23:56.928+0000] {processor.py:640} INFO - Processing file /home/airflow/.local/lib/python3.7/site-packages/airflow/example_dags/example_latest_only.py for tasks to queue
[2025-06-20T13:23:56.928+0000] {logging_mixin.py:115} INFO - [2025-06-20T13:23:56.928+0000] {dagbag.py:508} INFO - Filling up the DagBag from /home/airflow/.local/lib/python3.7/site-packages/airflow/example_dags/example_latest_only.py
[2025-06-20T13:23:56.930+0000] {processor.py:650} INFO - DAG(s) dict_keys(['latest_only']) retrieved from /home/airflow/.local/lib/python3.7/site-packages/airflow/example_dags/example_latest_only.py
[2025-06-20T13:23:56.943+0000] {logging_mixin.py:115} INFO - [2025-06-20T13:23:56.943+0000] {dag.py:2429} INFO - Sync 1 DAGs
[2025-06-20T13:23:56.955+0000] {logging_mixin.py:115} INFO - [2025-06-20T13:23:56.955+0000] {dag.py:2981} INFO - Setting next_dagrun for latest_only to 2025-06-20T09:23:56.955710+00:00, run_after=2025-06-20T13:23:56.955710+00:00
[2025-06-20T13:23:56.961+0000] {processor.py:161} INFO - Processing /home/airflow/.local/lib/python3.7/site-packages/airflow/example_dags/example_latest_only.py took 0.036 seconds
[2025-06-20T13:24:27.115+0000] {processor.py:153} INFO - Started process (PID=2503) to work on /home/airflow/.local/lib/python3.7/site-packages/airflow/example_dags/example_latest_only.py
[2025-06-20T13:24:27.117+0000] {processor.py:640} INFO - Processing file /home/airflow/.local/lib/python3.7/site-packages/airflow/example_dags/example_latest_only.py for tasks to queue
[2025-06-20T13:24:27.118+0000] {logging_mixin.py:115} INFO - [2025-06-20T13:24:27.118+0000] {dagbag.py:508} INFO - Filling up the DagBag from /home/airflow/.local/lib/python3.7/site-packages/airflow/example_dags/example_latest_only.py
[2025-06-20T13:24:27.121+0000] {processor.py:650} INFO - DAG(s) dict_keys(['latest_only']) retrieved from /home/airflow/.local/lib/python3.7/site-packages/airflow/example_dags/example_latest_only.py
[2025-06-20T13:24:27.133+0000] {logging_mixin.py:115} INFO - [2025-06-20T13:24:27.132+0000] {dag.py:2429} INFO - Sync 1 DAGs
[2025-06-20T13:24:27.141+0000] {logging_mixin.py:115} INFO - [2025-06-20T13:24:27.141+0000] {dag.py:2981} INFO - Setting next_dagrun for latest_only to 2025-06-20T09:24:27.141263+00:00, run_after=2025-06-20T13:24:27.141263+00:00
[2025-06-20T13:24:27.145+0000] {processor.py:161} INFO - Processing /home/airflow/.local/lib/python3.7/site-packages/airflow/example_dags/example_latest_only.py took 0.031 seconds
