[2025-06-20T12:58:52.842+0000] {processor.py:153} INFO - Started process (PID=54) to work on /home/airflow/.local/lib/python3.7/site-packages/airflow/example_dags/example_kubernetes_executor.py
[2025-06-20T12:58:52.843+0000] {processor.py:640} INFO - Processing file /home/airflow/.local/lib/python3.7/site-packages/airflow/example_dags/example_kubernetes_executor.py for tasks to queue
[2025-06-20T12:58:52.843+0000] {logging_mixin.py:115} INFO - [2025-06-20T12:58:52.843+0000] {dagbag.py:508} INFO - Filling up the DagBag from /home/airflow/.local/lib/python3.7/site-packages/airflow/example_dags/example_kubernetes_executor.py
[2025-06-20T12:58:52.865+0000] {processor.py:650} INFO - DAG(s) dict_keys(['example_kubernetes_executor']) retrieved from /home/airflow/.local/lib/python3.7/site-packages/airflow/example_dags/example_kubernetes_executor.py
[2025-06-20T12:58:52.923+0000] {logging_mixin.py:115} INFO - [2025-06-20T12:58:52.923+0000] {manager.py:508} INFO - Created Permission View: can read on DAG:example_kubernetes_executor
[2025-06-20T12:58:52.929+0000] {logging_mixin.py:115} INFO - [2025-06-20T12:58:52.929+0000] {manager.py:508} INFO - Created Permission View: can delete on DAG:example_kubernetes_executor
[2025-06-20T12:58:52.932+0000] {logging_mixin.py:115} INFO - [2025-06-20T12:58:52.932+0000] {manager.py:508} INFO - Created Permission View: can edit on DAG:example_kubernetes_executor
[2025-06-20T12:58:52.932+0000] {logging_mixin.py:115} INFO - [2025-06-20T12:58:52.932+0000] {dag.py:2429} INFO - Sync 1 DAGs
[2025-06-20T12:58:52.937+0000] {logging_mixin.py:115} INFO - [2025-06-20T12:58:52.937+0000] {dag.py:2448} INFO - Creating ORM DAG for example_kubernetes_executor
[2025-06-20T12:58:52.944+0000] {logging_mixin.py:115} INFO - [2025-06-20T12:58:52.944+0000] {dag.py:2981} INFO - Setting next_dagrun for example_kubernetes_executor to None, run_after=None
[2025-06-20T12:58:52.956+0000] {processor.py:161} INFO - Processing /home/airflow/.local/lib/python3.7/site-packages/airflow/example_dags/example_kubernetes_executor.py took 0.117 seconds
[2025-06-20T12:59:23.792+0000] {processor.py:153} INFO - Started process (PID=114) to work on /home/airflow/.local/lib/python3.7/site-packages/airflow/example_dags/example_kubernetes_executor.py
[2025-06-20T12:59:23.794+0000] {processor.py:640} INFO - Processing file /home/airflow/.local/lib/python3.7/site-packages/airflow/example_dags/example_kubernetes_executor.py for tasks to queue
[2025-06-20T12:59:23.794+0000] {logging_mixin.py:115} INFO - [2025-06-20T12:59:23.794+0000] {dagbag.py:508} INFO - Filling up the DagBag from /home/airflow/.local/lib/python3.7/site-packages/airflow/example_dags/example_kubernetes_executor.py
[2025-06-20T12:59:23.805+0000] {processor.py:650} INFO - DAG(s) dict_keys(['example_kubernetes_executor']) retrieved from /home/airflow/.local/lib/python3.7/site-packages/airflow/example_dags/example_kubernetes_executor.py
[2025-06-20T12:59:23.818+0000] {logging_mixin.py:115} INFO - [2025-06-20T12:59:23.818+0000] {dag.py:2429} INFO - Sync 1 DAGs
[2025-06-20T12:59:23.827+0000] {logging_mixin.py:115} INFO - [2025-06-20T12:59:23.827+0000] {dag.py:2981} INFO - Setting next_dagrun for example_kubernetes_executor to None, run_after=None
[2025-06-20T12:59:23.835+0000] {processor.py:161} INFO - Processing /home/airflow/.local/lib/python3.7/site-packages/airflow/example_dags/example_kubernetes_executor.py took 0.044 seconds
[2025-06-20T12:59:53.869+0000] {processor.py:153} INFO - Started process (PID=175) to work on /home/airflow/.local/lib/python3.7/site-packages/airflow/example_dags/example_kubernetes_executor.py
[2025-06-20T12:59:53.869+0000] {processor.py:640} INFO - Processing file /home/airflow/.local/lib/python3.7/site-packages/airflow/example_dags/example_kubernetes_executor.py for tasks to queue
[2025-06-20T12:59:53.869+0000] {logging_mixin.py:115} INFO - [2025-06-20T12:59:53.869+0000] {dagbag.py:508} INFO - Filling up the DagBag from /home/airflow/.local/lib/python3.7/site-packages/airflow/example_dags/example_kubernetes_executor.py
[2025-06-20T12:59:53.879+0000] {processor.py:650} INFO - DAG(s) dict_keys(['example_kubernetes_executor']) retrieved from /home/airflow/.local/lib/python3.7/site-packages/airflow/example_dags/example_kubernetes_executor.py
[2025-06-20T12:59:53.891+0000] {logging_mixin.py:115} INFO - [2025-06-20T12:59:53.891+0000] {dag.py:2429} INFO - Sync 1 DAGs
[2025-06-20T12:59:53.901+0000] {logging_mixin.py:115} INFO - [2025-06-20T12:59:53.901+0000] {dag.py:2981} INFO - Setting next_dagrun for example_kubernetes_executor to None, run_after=None
[2025-06-20T12:59:53.907+0000] {processor.py:161} INFO - Processing /home/airflow/.local/lib/python3.7/site-packages/airflow/example_dags/example_kubernetes_executor.py took 0.040 seconds
[2025-06-20T13:03:47.621+0000] {processor.py:153} INFO - Started process (PID=53) to work on /home/airflow/.local/lib/python3.7/site-packages/airflow/example_dags/example_kubernetes_executor.py
[2025-06-20T13:03:47.622+0000] {processor.py:640} INFO - Processing file /home/airflow/.local/lib/python3.7/site-packages/airflow/example_dags/example_kubernetes_executor.py for tasks to queue
[2025-06-20T13:03:47.623+0000] {logging_mixin.py:115} INFO - [2025-06-20T13:03:47.623+0000] {dagbag.py:508} INFO - Filling up the DagBag from /home/airflow/.local/lib/python3.7/site-packages/airflow/example_dags/example_kubernetes_executor.py
[2025-06-20T13:03:47.657+0000] {processor.py:650} INFO - DAG(s) dict_keys(['example_kubernetes_executor']) retrieved from /home/airflow/.local/lib/python3.7/site-packages/airflow/example_dags/example_kubernetes_executor.py
[2025-06-20T13:03:47.718+0000] {logging_mixin.py:115} INFO - [2025-06-20T13:03:47.717+0000] {manager.py:508} INFO - Created Permission View: can delete on DAG:example_kubernetes_executor
[2025-06-20T13:03:47.728+0000] {logging_mixin.py:115} INFO - [2025-06-20T13:03:47.728+0000] {manager.py:508} INFO - Created Permission View: can edit on DAG:example_kubernetes_executor
[2025-06-20T13:03:47.734+0000] {logging_mixin.py:115} INFO - [2025-06-20T13:03:47.734+0000] {manager.py:508} INFO - Created Permission View: can read on DAG:example_kubernetes_executor
[2025-06-20T13:03:47.734+0000] {logging_mixin.py:115} INFO - [2025-06-20T13:03:47.734+0000] {dag.py:2429} INFO - Sync 1 DAGs
[2025-06-20T13:03:47.739+0000] {logging_mixin.py:115} INFO - [2025-06-20T13:03:47.739+0000] {dag.py:2448} INFO - Creating ORM DAG for example_kubernetes_executor
[2025-06-20T13:03:47.745+0000] {logging_mixin.py:115} INFO - [2025-06-20T13:03:47.745+0000] {dag.py:2981} INFO - Setting next_dagrun for example_kubernetes_executor to None, run_after=None
[2025-06-20T13:03:47.759+0000] {processor.py:161} INFO - Processing /home/airflow/.local/lib/python3.7/site-packages/airflow/example_dags/example_kubernetes_executor.py took 0.143 seconds
[2025-06-20T13:04:18.599+0000] {processor.py:153} INFO - Started process (PID=114) to work on /home/airflow/.local/lib/python3.7/site-packages/airflow/example_dags/example_kubernetes_executor.py
[2025-06-20T13:04:18.599+0000] {processor.py:640} INFO - Processing file /home/airflow/.local/lib/python3.7/site-packages/airflow/example_dags/example_kubernetes_executor.py for tasks to queue
[2025-06-20T13:04:18.600+0000] {logging_mixin.py:115} INFO - [2025-06-20T13:04:18.600+0000] {dagbag.py:508} INFO - Filling up the DagBag from /home/airflow/.local/lib/python3.7/site-packages/airflow/example_dags/example_kubernetes_executor.py
[2025-06-20T13:04:18.611+0000] {processor.py:650} INFO - DAG(s) dict_keys(['example_kubernetes_executor']) retrieved from /home/airflow/.local/lib/python3.7/site-packages/airflow/example_dags/example_kubernetes_executor.py
[2025-06-20T13:04:18.624+0000] {logging_mixin.py:115} INFO - [2025-06-20T13:04:18.624+0000] {dag.py:2429} INFO - Sync 1 DAGs
[2025-06-20T13:04:18.634+0000] {logging_mixin.py:115} INFO - [2025-06-20T13:04:18.634+0000] {dag.py:2981} INFO - Setting next_dagrun for example_kubernetes_executor to None, run_after=None
[2025-06-20T13:04:18.643+0000] {processor.py:161} INFO - Processing /home/airflow/.local/lib/python3.7/site-packages/airflow/example_dags/example_kubernetes_executor.py took 0.045 seconds
[2025-06-20T13:04:48.789+0000] {processor.py:153} INFO - Started process (PID=175) to work on /home/airflow/.local/lib/python3.7/site-packages/airflow/example_dags/example_kubernetes_executor.py
[2025-06-20T13:04:48.790+0000] {processor.py:640} INFO - Processing file /home/airflow/.local/lib/python3.7/site-packages/airflow/example_dags/example_kubernetes_executor.py for tasks to queue
[2025-06-20T13:04:48.791+0000] {logging_mixin.py:115} INFO - [2025-06-20T13:04:48.791+0000] {dagbag.py:508} INFO - Filling up the DagBag from /home/airflow/.local/lib/python3.7/site-packages/airflow/example_dags/example_kubernetes_executor.py
[2025-06-20T13:04:48.806+0000] {processor.py:650} INFO - DAG(s) dict_keys(['example_kubernetes_executor']) retrieved from /home/airflow/.local/lib/python3.7/site-packages/airflow/example_dags/example_kubernetes_executor.py
[2025-06-20T13:04:48.823+0000] {logging_mixin.py:115} INFO - [2025-06-20T13:04:48.823+0000] {dag.py:2429} INFO - Sync 1 DAGs
[2025-06-20T13:04:48.833+0000] {logging_mixin.py:115} INFO - [2025-06-20T13:04:48.833+0000] {dag.py:2981} INFO - Setting next_dagrun for example_kubernetes_executor to None, run_after=None
[2025-06-20T13:04:48.839+0000] {processor.py:161} INFO - Processing /home/airflow/.local/lib/python3.7/site-packages/airflow/example_dags/example_kubernetes_executor.py took 0.052 seconds
[2025-06-20T13:05:19.032+0000] {processor.py:153} INFO - Started process (PID=235) to work on /home/airflow/.local/lib/python3.7/site-packages/airflow/example_dags/example_kubernetes_executor.py
[2025-06-20T13:05:19.032+0000] {processor.py:640} INFO - Processing file /home/airflow/.local/lib/python3.7/site-packages/airflow/example_dags/example_kubernetes_executor.py for tasks to queue
[2025-06-20T13:05:19.034+0000] {logging_mixin.py:115} INFO - [2025-06-20T13:05:19.034+0000] {dagbag.py:508} INFO - Filling up the DagBag from /home/airflow/.local/lib/python3.7/site-packages/airflow/example_dags/example_kubernetes_executor.py
[2025-06-20T13:05:19.045+0000] {processor.py:650} INFO - DAG(s) dict_keys(['example_kubernetes_executor']) retrieved from /home/airflow/.local/lib/python3.7/site-packages/airflow/example_dags/example_kubernetes_executor.py
[2025-06-20T13:05:19.057+0000] {logging_mixin.py:115} INFO - [2025-06-20T13:05:19.057+0000] {dag.py:2429} INFO - Sync 1 DAGs
[2025-06-20T13:05:19.067+0000] {logging_mixin.py:115} INFO - [2025-06-20T13:05:19.067+0000] {dag.py:2981} INFO - Setting next_dagrun for example_kubernetes_executor to None, run_after=None
[2025-06-20T13:05:19.078+0000] {processor.py:161} INFO - Processing /home/airflow/.local/lib/python3.7/site-packages/airflow/example_dags/example_kubernetes_executor.py took 0.048 seconds
[2025-06-20T13:05:49.191+0000] {processor.py:153} INFO - Started process (PID=293) to work on /home/airflow/.local/lib/python3.7/site-packages/airflow/example_dags/example_kubernetes_executor.py
[2025-06-20T13:05:49.193+0000] {processor.py:640} INFO - Processing file /home/airflow/.local/lib/python3.7/site-packages/airflow/example_dags/example_kubernetes_executor.py for tasks to queue
[2025-06-20T13:05:49.193+0000] {logging_mixin.py:115} INFO - [2025-06-20T13:05:49.193+0000] {dagbag.py:508} INFO - Filling up the DagBag from /home/airflow/.local/lib/python3.7/site-packages/airflow/example_dags/example_kubernetes_executor.py
[2025-06-20T13:05:49.205+0000] {processor.py:650} INFO - DAG(s) dict_keys(['example_kubernetes_executor']) retrieved from /home/airflow/.local/lib/python3.7/site-packages/airflow/example_dags/example_kubernetes_executor.py
[2025-06-20T13:05:49.221+0000] {logging_mixin.py:115} INFO - [2025-06-20T13:05:49.221+0000] {dag.py:2429} INFO - Sync 1 DAGs
[2025-06-20T13:05:49.234+0000] {logging_mixin.py:115} INFO - [2025-06-20T13:05:49.234+0000] {dag.py:2981} INFO - Setting next_dagrun for example_kubernetes_executor to None, run_after=None
[2025-06-20T13:05:49.242+0000] {processor.py:161} INFO - Processing /home/airflow/.local/lib/python3.7/site-packages/airflow/example_dags/example_kubernetes_executor.py took 0.052 seconds
[2025-06-20T13:06:19.552+0000] {processor.py:153} INFO - Started process (PID=348) to work on /home/airflow/.local/lib/python3.7/site-packages/airflow/example_dags/example_kubernetes_executor.py
[2025-06-20T13:06:19.554+0000] {processor.py:640} INFO - Processing file /home/airflow/.local/lib/python3.7/site-packages/airflow/example_dags/example_kubernetes_executor.py for tasks to queue
[2025-06-20T13:06:19.554+0000] {logging_mixin.py:115} INFO - [2025-06-20T13:06:19.554+0000] {dagbag.py:508} INFO - Filling up the DagBag from /home/airflow/.local/lib/python3.7/site-packages/airflow/example_dags/example_kubernetes_executor.py
[2025-06-20T13:06:19.568+0000] {processor.py:650} INFO - DAG(s) dict_keys(['example_kubernetes_executor']) retrieved from /home/airflow/.local/lib/python3.7/site-packages/airflow/example_dags/example_kubernetes_executor.py
[2025-06-20T13:06:19.582+0000] {logging_mixin.py:115} INFO - [2025-06-20T13:06:19.582+0000] {dag.py:2429} INFO - Sync 1 DAGs
[2025-06-20T13:06:19.590+0000] {logging_mixin.py:115} INFO - [2025-06-20T13:06:19.590+0000] {dag.py:2981} INFO - Setting next_dagrun for example_kubernetes_executor to None, run_after=None
[2025-06-20T13:06:19.599+0000] {processor.py:161} INFO - Processing /home/airflow/.local/lib/python3.7/site-packages/airflow/example_dags/example_kubernetes_executor.py took 0.049 seconds
[2025-06-20T13:06:49.725+0000] {processor.py:153} INFO - Started process (PID=408) to work on /home/airflow/.local/lib/python3.7/site-packages/airflow/example_dags/example_kubernetes_executor.py
[2025-06-20T13:06:49.727+0000] {processor.py:640} INFO - Processing file /home/airflow/.local/lib/python3.7/site-packages/airflow/example_dags/example_kubernetes_executor.py for tasks to queue
[2025-06-20T13:06:49.729+0000] {logging_mixin.py:115} INFO - [2025-06-20T13:06:49.729+0000] {dagbag.py:508} INFO - Filling up the DagBag from /home/airflow/.local/lib/python3.7/site-packages/airflow/example_dags/example_kubernetes_executor.py
[2025-06-20T13:06:49.741+0000] {processor.py:650} INFO - DAG(s) dict_keys(['example_kubernetes_executor']) retrieved from /home/airflow/.local/lib/python3.7/site-packages/airflow/example_dags/example_kubernetes_executor.py
[2025-06-20T13:06:49.761+0000] {logging_mixin.py:115} INFO - [2025-06-20T13:06:49.760+0000] {dag.py:2429} INFO - Sync 1 DAGs
[2025-06-20T13:06:49.773+0000] {logging_mixin.py:115} INFO - [2025-06-20T13:06:49.773+0000] {dag.py:2981} INFO - Setting next_dagrun for example_kubernetes_executor to None, run_after=None
[2025-06-20T13:06:49.783+0000] {processor.py:161} INFO - Processing /home/airflow/.local/lib/python3.7/site-packages/airflow/example_dags/example_kubernetes_executor.py took 0.060 seconds
[2025-06-20T13:07:19.852+0000] {processor.py:153} INFO - Started process (PID=469) to work on /home/airflow/.local/lib/python3.7/site-packages/airflow/example_dags/example_kubernetes_executor.py
[2025-06-20T13:07:19.853+0000] {processor.py:640} INFO - Processing file /home/airflow/.local/lib/python3.7/site-packages/airflow/example_dags/example_kubernetes_executor.py for tasks to queue
[2025-06-20T13:07:19.853+0000] {logging_mixin.py:115} INFO - [2025-06-20T13:07:19.853+0000] {dagbag.py:508} INFO - Filling up the DagBag from /home/airflow/.local/lib/python3.7/site-packages/airflow/example_dags/example_kubernetes_executor.py
[2025-06-20T13:07:19.864+0000] {processor.py:650} INFO - DAG(s) dict_keys(['example_kubernetes_executor']) retrieved from /home/airflow/.local/lib/python3.7/site-packages/airflow/example_dags/example_kubernetes_executor.py
[2025-06-20T13:07:19.882+0000] {logging_mixin.py:115} INFO - [2025-06-20T13:07:19.882+0000] {dag.py:2429} INFO - Sync 1 DAGs
[2025-06-20T13:07:19.891+0000] {logging_mixin.py:115} INFO - [2025-06-20T13:07:19.891+0000] {dag.py:2981} INFO - Setting next_dagrun for example_kubernetes_executor to None, run_after=None
[2025-06-20T13:07:19.897+0000] {processor.py:161} INFO - Processing /home/airflow/.local/lib/python3.7/site-packages/airflow/example_dags/example_kubernetes_executor.py took 0.046 seconds
[2025-06-20T13:07:49.950+0000] {processor.py:153} INFO - Started process (PID=530) to work on /home/airflow/.local/lib/python3.7/site-packages/airflow/example_dags/example_kubernetes_executor.py
[2025-06-20T13:07:49.953+0000] {processor.py:640} INFO - Processing file /home/airflow/.local/lib/python3.7/site-packages/airflow/example_dags/example_kubernetes_executor.py for tasks to queue
[2025-06-20T13:07:49.953+0000] {logging_mixin.py:115} INFO - [2025-06-20T13:07:49.953+0000] {dagbag.py:508} INFO - Filling up the DagBag from /home/airflow/.local/lib/python3.7/site-packages/airflow/example_dags/example_kubernetes_executor.py
[2025-06-20T13:07:49.964+0000] {processor.py:650} INFO - DAG(s) dict_keys(['example_kubernetes_executor']) retrieved from /home/airflow/.local/lib/python3.7/site-packages/airflow/example_dags/example_kubernetes_executor.py
[2025-06-20T13:07:49.977+0000] {logging_mixin.py:115} INFO - [2025-06-20T13:07:49.977+0000] {dag.py:2429} INFO - Sync 1 DAGs
[2025-06-20T13:07:49.988+0000] {logging_mixin.py:115} INFO - [2025-06-20T13:07:49.988+0000] {dag.py:2981} INFO - Setting next_dagrun for example_kubernetes_executor to None, run_after=None
[2025-06-20T13:07:49.997+0000] {processor.py:161} INFO - Processing /home/airflow/.local/lib/python3.7/site-packages/airflow/example_dags/example_kubernetes_executor.py took 0.049 seconds
[2025-06-20T13:08:20.022+0000] {processor.py:153} INFO - Started process (PID=591) to work on /home/airflow/.local/lib/python3.7/site-packages/airflow/example_dags/example_kubernetes_executor.py
[2025-06-20T13:08:20.025+0000] {processor.py:640} INFO - Processing file /home/airflow/.local/lib/python3.7/site-packages/airflow/example_dags/example_kubernetes_executor.py for tasks to queue
[2025-06-20T13:08:20.025+0000] {logging_mixin.py:115} INFO - [2025-06-20T13:08:20.025+0000] {dagbag.py:508} INFO - Filling up the DagBag from /home/airflow/.local/lib/python3.7/site-packages/airflow/example_dags/example_kubernetes_executor.py
[2025-06-20T13:08:20.035+0000] {processor.py:650} INFO - DAG(s) dict_keys(['example_kubernetes_executor']) retrieved from /home/airflow/.local/lib/python3.7/site-packages/airflow/example_dags/example_kubernetes_executor.py
[2025-06-20T13:08:20.052+0000] {logging_mixin.py:115} INFO - [2025-06-20T13:08:20.052+0000] {dag.py:2429} INFO - Sync 1 DAGs
[2025-06-20T13:08:20.062+0000] {logging_mixin.py:115} INFO - [2025-06-20T13:08:20.061+0000] {dag.py:2981} INFO - Setting next_dagrun for example_kubernetes_executor to None, run_after=None
[2025-06-20T13:08:20.068+0000] {processor.py:161} INFO - Processing /home/airflow/.local/lib/python3.7/site-packages/airflow/example_dags/example_kubernetes_executor.py took 0.047 seconds
[2025-06-20T13:08:50.113+0000] {processor.py:153} INFO - Started process (PID=643) to work on /home/airflow/.local/lib/python3.7/site-packages/airflow/example_dags/example_kubernetes_executor.py
[2025-06-20T13:08:50.115+0000] {processor.py:640} INFO - Processing file /home/airflow/.local/lib/python3.7/site-packages/airflow/example_dags/example_kubernetes_executor.py for tasks to queue
[2025-06-20T13:08:50.116+0000] {logging_mixin.py:115} INFO - [2025-06-20T13:08:50.116+0000] {dagbag.py:508} INFO - Filling up the DagBag from /home/airflow/.local/lib/python3.7/site-packages/airflow/example_dags/example_kubernetes_executor.py
[2025-06-20T13:08:50.125+0000] {processor.py:650} INFO - DAG(s) dict_keys(['example_kubernetes_executor']) retrieved from /home/airflow/.local/lib/python3.7/site-packages/airflow/example_dags/example_kubernetes_executor.py
[2025-06-20T13:08:50.137+0000] {logging_mixin.py:115} INFO - [2025-06-20T13:08:50.137+0000] {dag.py:2429} INFO - Sync 1 DAGs
[2025-06-20T13:08:50.148+0000] {logging_mixin.py:115} INFO - [2025-06-20T13:08:50.147+0000] {dag.py:2981} INFO - Setting next_dagrun for example_kubernetes_executor to None, run_after=None
[2025-06-20T13:08:50.152+0000] {processor.py:161} INFO - Processing /home/airflow/.local/lib/python3.7/site-packages/airflow/example_dags/example_kubernetes_executor.py took 0.041 seconds
[2025-06-20T13:09:20.237+0000] {processor.py:153} INFO - Started process (PID=704) to work on /home/airflow/.local/lib/python3.7/site-packages/airflow/example_dags/example_kubernetes_executor.py
[2025-06-20T13:09:20.238+0000] {processor.py:640} INFO - Processing file /home/airflow/.local/lib/python3.7/site-packages/airflow/example_dags/example_kubernetes_executor.py for tasks to queue
[2025-06-20T13:09:20.238+0000] {logging_mixin.py:115} INFO - [2025-06-20T13:09:20.238+0000] {dagbag.py:508} INFO - Filling up the DagBag from /home/airflow/.local/lib/python3.7/site-packages/airflow/example_dags/example_kubernetes_executor.py
[2025-06-20T13:09:20.248+0000] {processor.py:650} INFO - DAG(s) dict_keys(['example_kubernetes_executor']) retrieved from /home/airflow/.local/lib/python3.7/site-packages/airflow/example_dags/example_kubernetes_executor.py
[2025-06-20T13:09:20.262+0000] {logging_mixin.py:115} INFO - [2025-06-20T13:09:20.262+0000] {dag.py:2429} INFO - Sync 1 DAGs
[2025-06-20T13:09:20.274+0000] {logging_mixin.py:115} INFO - [2025-06-20T13:09:20.274+0000] {dag.py:2981} INFO - Setting next_dagrun for example_kubernetes_executor to None, run_after=None
[2025-06-20T13:09:20.278+0000] {processor.py:161} INFO - Processing /home/airflow/.local/lib/python3.7/site-packages/airflow/example_dags/example_kubernetes_executor.py took 0.043 seconds
[2025-06-20T13:09:50.353+0000] {processor.py:153} INFO - Started process (PID=765) to work on /home/airflow/.local/lib/python3.7/site-packages/airflow/example_dags/example_kubernetes_executor.py
[2025-06-20T13:09:50.354+0000] {processor.py:640} INFO - Processing file /home/airflow/.local/lib/python3.7/site-packages/airflow/example_dags/example_kubernetes_executor.py for tasks to queue
[2025-06-20T13:09:50.354+0000] {logging_mixin.py:115} INFO - [2025-06-20T13:09:50.354+0000] {dagbag.py:508} INFO - Filling up the DagBag from /home/airflow/.local/lib/python3.7/site-packages/airflow/example_dags/example_kubernetes_executor.py
[2025-06-20T13:09:50.364+0000] {processor.py:650} INFO - DAG(s) dict_keys(['example_kubernetes_executor']) retrieved from /home/airflow/.local/lib/python3.7/site-packages/airflow/example_dags/example_kubernetes_executor.py
[2025-06-20T13:09:50.375+0000] {logging_mixin.py:115} INFO - [2025-06-20T13:09:50.375+0000] {dag.py:2429} INFO - Sync 1 DAGs
[2025-06-20T13:09:50.385+0000] {logging_mixin.py:115} INFO - [2025-06-20T13:09:50.385+0000] {dag.py:2981} INFO - Setting next_dagrun for example_kubernetes_executor to None, run_after=None
[2025-06-20T13:09:50.391+0000] {processor.py:161} INFO - Processing /home/airflow/.local/lib/python3.7/site-packages/airflow/example_dags/example_kubernetes_executor.py took 0.039 seconds
[2025-06-20T13:10:20.494+0000] {processor.py:153} INFO - Started process (PID=826) to work on /home/airflow/.local/lib/python3.7/site-packages/airflow/example_dags/example_kubernetes_executor.py
[2025-06-20T13:10:20.495+0000] {processor.py:640} INFO - Processing file /home/airflow/.local/lib/python3.7/site-packages/airflow/example_dags/example_kubernetes_executor.py for tasks to queue
[2025-06-20T13:10:20.495+0000] {logging_mixin.py:115} INFO - [2025-06-20T13:10:20.495+0000] {dagbag.py:508} INFO - Filling up the DagBag from /home/airflow/.local/lib/python3.7/site-packages/airflow/example_dags/example_kubernetes_executor.py
[2025-06-20T13:10:20.509+0000] {processor.py:650} INFO - DAG(s) dict_keys(['example_kubernetes_executor']) retrieved from /home/airflow/.local/lib/python3.7/site-packages/airflow/example_dags/example_kubernetes_executor.py
[2025-06-20T13:10:20.520+0000] {logging_mixin.py:115} INFO - [2025-06-20T13:10:20.520+0000] {dag.py:2429} INFO - Sync 1 DAGs
[2025-06-20T13:10:20.530+0000] {logging_mixin.py:115} INFO - [2025-06-20T13:10:20.530+0000] {dag.py:2981} INFO - Setting next_dagrun for example_kubernetes_executor to None, run_after=None
[2025-06-20T13:10:20.535+0000] {processor.py:161} INFO - Processing /home/airflow/.local/lib/python3.7/site-packages/airflow/example_dags/example_kubernetes_executor.py took 0.042 seconds
[2025-06-20T13:10:50.625+0000] {processor.py:153} INFO - Started process (PID=887) to work on /home/airflow/.local/lib/python3.7/site-packages/airflow/example_dags/example_kubernetes_executor.py
[2025-06-20T13:10:50.625+0000] {processor.py:640} INFO - Processing file /home/airflow/.local/lib/python3.7/site-packages/airflow/example_dags/example_kubernetes_executor.py for tasks to queue
[2025-06-20T13:10:50.626+0000] {logging_mixin.py:115} INFO - [2025-06-20T13:10:50.626+0000] {dagbag.py:508} INFO - Filling up the DagBag from /home/airflow/.local/lib/python3.7/site-packages/airflow/example_dags/example_kubernetes_executor.py
[2025-06-20T13:10:50.635+0000] {processor.py:650} INFO - DAG(s) dict_keys(['example_kubernetes_executor']) retrieved from /home/airflow/.local/lib/python3.7/site-packages/airflow/example_dags/example_kubernetes_executor.py
[2025-06-20T13:10:50.646+0000] {logging_mixin.py:115} INFO - [2025-06-20T13:10:50.646+0000] {dag.py:2429} INFO - Sync 1 DAGs
[2025-06-20T13:10:50.656+0000] {logging_mixin.py:115} INFO - [2025-06-20T13:10:50.656+0000] {dag.py:2981} INFO - Setting next_dagrun for example_kubernetes_executor to None, run_after=None
[2025-06-20T13:10:50.660+0000] {processor.py:161} INFO - Processing /home/airflow/.local/lib/python3.7/site-packages/airflow/example_dags/example_kubernetes_executor.py took 0.036 seconds
[2025-06-20T13:11:20.806+0000] {processor.py:153} INFO - Started process (PID=948) to work on /home/airflow/.local/lib/python3.7/site-packages/airflow/example_dags/example_kubernetes_executor.py
[2025-06-20T13:11:20.807+0000] {processor.py:640} INFO - Processing file /home/airflow/.local/lib/python3.7/site-packages/airflow/example_dags/example_kubernetes_executor.py for tasks to queue
[2025-06-20T13:11:20.807+0000] {logging_mixin.py:115} INFO - [2025-06-20T13:11:20.807+0000] {dagbag.py:508} INFO - Filling up the DagBag from /home/airflow/.local/lib/python3.7/site-packages/airflow/example_dags/example_kubernetes_executor.py
[2025-06-20T13:11:20.818+0000] {processor.py:650} INFO - DAG(s) dict_keys(['example_kubernetes_executor']) retrieved from /home/airflow/.local/lib/python3.7/site-packages/airflow/example_dags/example_kubernetes_executor.py
[2025-06-20T13:11:20.831+0000] {logging_mixin.py:115} INFO - [2025-06-20T13:11:20.831+0000] {dag.py:2429} INFO - Sync 1 DAGs
[2025-06-20T13:11:20.845+0000] {logging_mixin.py:115} INFO - [2025-06-20T13:11:20.845+0000] {dag.py:2981} INFO - Setting next_dagrun for example_kubernetes_executor to None, run_after=None
[2025-06-20T13:11:20.851+0000] {processor.py:161} INFO - Processing /home/airflow/.local/lib/python3.7/site-packages/airflow/example_dags/example_kubernetes_executor.py took 0.047 seconds
[2025-06-20T13:11:50.917+0000] {processor.py:153} INFO - Started process (PID=1000) to work on /home/airflow/.local/lib/python3.7/site-packages/airflow/example_dags/example_kubernetes_executor.py
[2025-06-20T13:11:50.917+0000] {processor.py:640} INFO - Processing file /home/airflow/.local/lib/python3.7/site-packages/airflow/example_dags/example_kubernetes_executor.py for tasks to queue
[2025-06-20T13:11:50.917+0000] {logging_mixin.py:115} INFO - [2025-06-20T13:11:50.917+0000] {dagbag.py:508} INFO - Filling up the DagBag from /home/airflow/.local/lib/python3.7/site-packages/airflow/example_dags/example_kubernetes_executor.py
[2025-06-20T13:11:50.927+0000] {processor.py:650} INFO - DAG(s) dict_keys(['example_kubernetes_executor']) retrieved from /home/airflow/.local/lib/python3.7/site-packages/airflow/example_dags/example_kubernetes_executor.py
[2025-06-20T13:11:50.938+0000] {logging_mixin.py:115} INFO - [2025-06-20T13:11:50.938+0000] {dag.py:2429} INFO - Sync 1 DAGs
[2025-06-20T13:11:50.949+0000] {logging_mixin.py:115} INFO - [2025-06-20T13:11:50.949+0000] {dag.py:2981} INFO - Setting next_dagrun for example_kubernetes_executor to None, run_after=None
[2025-06-20T13:11:50.954+0000] {processor.py:161} INFO - Processing /home/airflow/.local/lib/python3.7/site-packages/airflow/example_dags/example_kubernetes_executor.py took 0.039 seconds
[2025-06-20T13:12:21.047+0000] {processor.py:153} INFO - Started process (PID=1061) to work on /home/airflow/.local/lib/python3.7/site-packages/airflow/example_dags/example_kubernetes_executor.py
[2025-06-20T13:12:21.047+0000] {processor.py:640} INFO - Processing file /home/airflow/.local/lib/python3.7/site-packages/airflow/example_dags/example_kubernetes_executor.py for tasks to queue
[2025-06-20T13:12:21.048+0000] {logging_mixin.py:115} INFO - [2025-06-20T13:12:21.047+0000] {dagbag.py:508} INFO - Filling up the DagBag from /home/airflow/.local/lib/python3.7/site-packages/airflow/example_dags/example_kubernetes_executor.py
[2025-06-20T13:12:21.058+0000] {processor.py:650} INFO - DAG(s) dict_keys(['example_kubernetes_executor']) retrieved from /home/airflow/.local/lib/python3.7/site-packages/airflow/example_dags/example_kubernetes_executor.py
[2025-06-20T13:12:21.069+0000] {logging_mixin.py:115} INFO - [2025-06-20T13:12:21.069+0000] {dag.py:2429} INFO - Sync 1 DAGs
[2025-06-20T13:12:21.080+0000] {logging_mixin.py:115} INFO - [2025-06-20T13:12:21.080+0000] {dag.py:2981} INFO - Setting next_dagrun for example_kubernetes_executor to None, run_after=None
[2025-06-20T13:12:21.085+0000] {processor.py:161} INFO - Processing /home/airflow/.local/lib/python3.7/site-packages/airflow/example_dags/example_kubernetes_executor.py took 0.040 seconds
[2025-06-20T13:12:51.165+0000] {processor.py:153} INFO - Started process (PID=1122) to work on /home/airflow/.local/lib/python3.7/site-packages/airflow/example_dags/example_kubernetes_executor.py
[2025-06-20T13:12:51.167+0000] {processor.py:640} INFO - Processing file /home/airflow/.local/lib/python3.7/site-packages/airflow/example_dags/example_kubernetes_executor.py for tasks to queue
[2025-06-20T13:12:51.167+0000] {logging_mixin.py:115} INFO - [2025-06-20T13:12:51.167+0000] {dagbag.py:508} INFO - Filling up the DagBag from /home/airflow/.local/lib/python3.7/site-packages/airflow/example_dags/example_kubernetes_executor.py
[2025-06-20T13:12:51.178+0000] {processor.py:650} INFO - DAG(s) dict_keys(['example_kubernetes_executor']) retrieved from /home/airflow/.local/lib/python3.7/site-packages/airflow/example_dags/example_kubernetes_executor.py
[2025-06-20T13:12:51.189+0000] {logging_mixin.py:115} INFO - [2025-06-20T13:12:51.189+0000] {dag.py:2429} INFO - Sync 1 DAGs
[2025-06-20T13:12:51.198+0000] {logging_mixin.py:115} INFO - [2025-06-20T13:12:51.198+0000] {dag.py:2981} INFO - Setting next_dagrun for example_kubernetes_executor to None, run_after=None
[2025-06-20T13:12:51.202+0000] {processor.py:161} INFO - Processing /home/airflow/.local/lib/python3.7/site-packages/airflow/example_dags/example_kubernetes_executor.py took 0.039 seconds
[2025-06-20T13:13:21.274+0000] {processor.py:153} INFO - Started process (PID=1183) to work on /home/airflow/.local/lib/python3.7/site-packages/airflow/example_dags/example_kubernetes_executor.py
[2025-06-20T13:13:21.275+0000] {processor.py:640} INFO - Processing file /home/airflow/.local/lib/python3.7/site-packages/airflow/example_dags/example_kubernetes_executor.py for tasks to queue
[2025-06-20T13:13:21.275+0000] {logging_mixin.py:115} INFO - [2025-06-20T13:13:21.275+0000] {dagbag.py:508} INFO - Filling up the DagBag from /home/airflow/.local/lib/python3.7/site-packages/airflow/example_dags/example_kubernetes_executor.py
[2025-06-20T13:13:21.287+0000] {processor.py:650} INFO - DAG(s) dict_keys(['example_kubernetes_executor']) retrieved from /home/airflow/.local/lib/python3.7/site-packages/airflow/example_dags/example_kubernetes_executor.py
[2025-06-20T13:13:21.299+0000] {logging_mixin.py:115} INFO - [2025-06-20T13:13:21.299+0000] {dag.py:2429} INFO - Sync 1 DAGs
[2025-06-20T13:13:21.309+0000] {logging_mixin.py:115} INFO - [2025-06-20T13:13:21.309+0000] {dag.py:2981} INFO - Setting next_dagrun for example_kubernetes_executor to None, run_after=None
[2025-06-20T13:13:21.314+0000] {processor.py:161} INFO - Processing /home/airflow/.local/lib/python3.7/site-packages/airflow/example_dags/example_kubernetes_executor.py took 0.041 seconds
[2025-06-20T13:13:51.542+0000] {processor.py:153} INFO - Started process (PID=1244) to work on /home/airflow/.local/lib/python3.7/site-packages/airflow/example_dags/example_kubernetes_executor.py
[2025-06-20T13:13:51.543+0000] {processor.py:640} INFO - Processing file /home/airflow/.local/lib/python3.7/site-packages/airflow/example_dags/example_kubernetes_executor.py for tasks to queue
[2025-06-20T13:13:51.543+0000] {logging_mixin.py:115} INFO - [2025-06-20T13:13:51.543+0000] {dagbag.py:508} INFO - Filling up the DagBag from /home/airflow/.local/lib/python3.7/site-packages/airflow/example_dags/example_kubernetes_executor.py
[2025-06-20T13:13:51.555+0000] {processor.py:650} INFO - DAG(s) dict_keys(['example_kubernetes_executor']) retrieved from /home/airflow/.local/lib/python3.7/site-packages/airflow/example_dags/example_kubernetes_executor.py
[2025-06-20T13:13:51.572+0000] {logging_mixin.py:115} INFO - [2025-06-20T13:13:51.572+0000] {dag.py:2429} INFO - Sync 1 DAGs
[2025-06-20T13:13:51.594+0000] {logging_mixin.py:115} INFO - [2025-06-20T13:13:51.594+0000] {dag.py:2981} INFO - Setting next_dagrun for example_kubernetes_executor to None, run_after=None
[2025-06-20T13:13:51.600+0000] {processor.py:161} INFO - Processing /home/airflow/.local/lib/python3.7/site-packages/airflow/example_dags/example_kubernetes_executor.py took 0.060 seconds
[2025-06-20T13:14:21.739+0000] {processor.py:153} INFO - Started process (PID=1296) to work on /home/airflow/.local/lib/python3.7/site-packages/airflow/example_dags/example_kubernetes_executor.py
[2025-06-20T13:14:21.739+0000] {processor.py:640} INFO - Processing file /home/airflow/.local/lib/python3.7/site-packages/airflow/example_dags/example_kubernetes_executor.py for tasks to queue
[2025-06-20T13:14:21.740+0000] {logging_mixin.py:115} INFO - [2025-06-20T13:14:21.740+0000] {dagbag.py:508} INFO - Filling up the DagBag from /home/airflow/.local/lib/python3.7/site-packages/airflow/example_dags/example_kubernetes_executor.py
[2025-06-20T13:14:21.754+0000] {processor.py:650} INFO - DAG(s) dict_keys(['example_kubernetes_executor']) retrieved from /home/airflow/.local/lib/python3.7/site-packages/airflow/example_dags/example_kubernetes_executor.py
[2025-06-20T13:14:21.768+0000] {logging_mixin.py:115} INFO - [2025-06-20T13:14:21.768+0000] {dag.py:2429} INFO - Sync 1 DAGs
[2025-06-20T13:14:21.779+0000] {logging_mixin.py:115} INFO - [2025-06-20T13:14:21.779+0000] {dag.py:2981} INFO - Setting next_dagrun for example_kubernetes_executor to None, run_after=None
[2025-06-20T13:14:21.784+0000] {processor.py:161} INFO - Processing /home/airflow/.local/lib/python3.7/site-packages/airflow/example_dags/example_kubernetes_executor.py took 0.047 seconds
[2025-06-20T13:14:51.880+0000] {processor.py:153} INFO - Started process (PID=1357) to work on /home/airflow/.local/lib/python3.7/site-packages/airflow/example_dags/example_kubernetes_executor.py
[2025-06-20T13:14:51.881+0000] {processor.py:640} INFO - Processing file /home/airflow/.local/lib/python3.7/site-packages/airflow/example_dags/example_kubernetes_executor.py for tasks to queue
[2025-06-20T13:14:51.883+0000] {logging_mixin.py:115} INFO - [2025-06-20T13:14:51.883+0000] {dagbag.py:508} INFO - Filling up the DagBag from /home/airflow/.local/lib/python3.7/site-packages/airflow/example_dags/example_kubernetes_executor.py
[2025-06-20T13:14:51.893+0000] {processor.py:650} INFO - DAG(s) dict_keys(['example_kubernetes_executor']) retrieved from /home/airflow/.local/lib/python3.7/site-packages/airflow/example_dags/example_kubernetes_executor.py
[2025-06-20T13:14:51.903+0000] {logging_mixin.py:115} INFO - [2025-06-20T13:14:51.903+0000] {dag.py:2429} INFO - Sync 1 DAGs
[2025-06-20T13:14:51.913+0000] {logging_mixin.py:115} INFO - [2025-06-20T13:14:51.912+0000] {dag.py:2981} INFO - Setting next_dagrun for example_kubernetes_executor to None, run_after=None
[2025-06-20T13:14:51.917+0000] {processor.py:161} INFO - Processing /home/airflow/.local/lib/python3.7/site-packages/airflow/example_dags/example_kubernetes_executor.py took 0.038 seconds
[2025-06-20T13:15:21.966+0000] {processor.py:153} INFO - Started process (PID=1418) to work on /home/airflow/.local/lib/python3.7/site-packages/airflow/example_dags/example_kubernetes_executor.py
[2025-06-20T13:15:21.967+0000] {processor.py:640} INFO - Processing file /home/airflow/.local/lib/python3.7/site-packages/airflow/example_dags/example_kubernetes_executor.py for tasks to queue
[2025-06-20T13:15:21.967+0000] {logging_mixin.py:115} INFO - [2025-06-20T13:15:21.967+0000] {dagbag.py:508} INFO - Filling up the DagBag from /home/airflow/.local/lib/python3.7/site-packages/airflow/example_dags/example_kubernetes_executor.py
[2025-06-20T13:15:21.977+0000] {processor.py:650} INFO - DAG(s) dict_keys(['example_kubernetes_executor']) retrieved from /home/airflow/.local/lib/python3.7/site-packages/airflow/example_dags/example_kubernetes_executor.py
[2025-06-20T13:15:21.988+0000] {logging_mixin.py:115} INFO - [2025-06-20T13:15:21.987+0000] {dag.py:2429} INFO - Sync 1 DAGs
[2025-06-20T13:15:21.997+0000] {logging_mixin.py:115} INFO - [2025-06-20T13:15:21.997+0000] {dag.py:2981} INFO - Setting next_dagrun for example_kubernetes_executor to None, run_after=None
[2025-06-20T13:15:22.001+0000] {processor.py:161} INFO - Processing /home/airflow/.local/lib/python3.7/site-packages/airflow/example_dags/example_kubernetes_executor.py took 0.036 seconds
[2025-06-20T13:15:52.020+0000] {processor.py:153} INFO - Started process (PID=1479) to work on /home/airflow/.local/lib/python3.7/site-packages/airflow/example_dags/example_kubernetes_executor.py
[2025-06-20T13:15:52.022+0000] {processor.py:640} INFO - Processing file /home/airflow/.local/lib/python3.7/site-packages/airflow/example_dags/example_kubernetes_executor.py for tasks to queue
[2025-06-20T13:15:52.023+0000] {logging_mixin.py:115} INFO - [2025-06-20T13:15:52.023+0000] {dagbag.py:508} INFO - Filling up the DagBag from /home/airflow/.local/lib/python3.7/site-packages/airflow/example_dags/example_kubernetes_executor.py
[2025-06-20T13:15:52.036+0000] {processor.py:650} INFO - DAG(s) dict_keys(['example_kubernetes_executor']) retrieved from /home/airflow/.local/lib/python3.7/site-packages/airflow/example_dags/example_kubernetes_executor.py
[2025-06-20T13:15:52.051+0000] {logging_mixin.py:115} INFO - [2025-06-20T13:15:52.050+0000] {dag.py:2429} INFO - Sync 1 DAGs
[2025-06-20T13:15:52.061+0000] {logging_mixin.py:115} INFO - [2025-06-20T13:15:52.061+0000] {dag.py:2981} INFO - Setting next_dagrun for example_kubernetes_executor to None, run_after=None
[2025-06-20T13:15:52.066+0000] {processor.py:161} INFO - Processing /home/airflow/.local/lib/python3.7/site-packages/airflow/example_dags/example_kubernetes_executor.py took 0.048 seconds
[2025-06-20T13:16:22.233+0000] {processor.py:153} INFO - Started process (PID=1539) to work on /home/airflow/.local/lib/python3.7/site-packages/airflow/example_dags/example_kubernetes_executor.py
[2025-06-20T13:16:22.234+0000] {processor.py:640} INFO - Processing file /home/airflow/.local/lib/python3.7/site-packages/airflow/example_dags/example_kubernetes_executor.py for tasks to queue
[2025-06-20T13:16:22.235+0000] {logging_mixin.py:115} INFO - [2025-06-20T13:16:22.235+0000] {dagbag.py:508} INFO - Filling up the DagBag from /home/airflow/.local/lib/python3.7/site-packages/airflow/example_dags/example_kubernetes_executor.py
[2025-06-20T13:16:22.246+0000] {processor.py:650} INFO - DAG(s) dict_keys(['example_kubernetes_executor']) retrieved from /home/airflow/.local/lib/python3.7/site-packages/airflow/example_dags/example_kubernetes_executor.py
[2025-06-20T13:16:22.258+0000] {logging_mixin.py:115} INFO - [2025-06-20T13:16:22.258+0000] {dag.py:2429} INFO - Sync 1 DAGs
[2025-06-20T13:16:22.269+0000] {logging_mixin.py:115} INFO - [2025-06-20T13:16:22.269+0000] {dag.py:2981} INFO - Setting next_dagrun for example_kubernetes_executor to None, run_after=None
[2025-06-20T13:16:22.274+0000] {processor.py:161} INFO - Processing /home/airflow/.local/lib/python3.7/site-packages/airflow/example_dags/example_kubernetes_executor.py took 0.043 seconds
[2025-06-20T13:16:52.479+0000] {processor.py:153} INFO - Started process (PID=1598) to work on /home/airflow/.local/lib/python3.7/site-packages/airflow/example_dags/example_kubernetes_executor.py
[2025-06-20T13:16:52.481+0000] {processor.py:640} INFO - Processing file /home/airflow/.local/lib/python3.7/site-packages/airflow/example_dags/example_kubernetes_executor.py for tasks to queue
[2025-06-20T13:16:52.482+0000] {logging_mixin.py:115} INFO - [2025-06-20T13:16:52.482+0000] {dagbag.py:508} INFO - Filling up the DagBag from /home/airflow/.local/lib/python3.7/site-packages/airflow/example_dags/example_kubernetes_executor.py
[2025-06-20T13:16:52.495+0000] {processor.py:650} INFO - DAG(s) dict_keys(['example_kubernetes_executor']) retrieved from /home/airflow/.local/lib/python3.7/site-packages/airflow/example_dags/example_kubernetes_executor.py
[2025-06-20T13:16:52.508+0000] {logging_mixin.py:115} INFO - [2025-06-20T13:16:52.508+0000] {dag.py:2429} INFO - Sync 1 DAGs
[2025-06-20T13:16:52.518+0000] {logging_mixin.py:115} INFO - [2025-06-20T13:16:52.518+0000] {dag.py:2981} INFO - Setting next_dagrun for example_kubernetes_executor to None, run_after=None
[2025-06-20T13:16:52.523+0000] {processor.py:161} INFO - Processing /home/airflow/.local/lib/python3.7/site-packages/airflow/example_dags/example_kubernetes_executor.py took 0.046 seconds
[2025-06-20T13:17:22.581+0000] {processor.py:153} INFO - Started process (PID=1652) to work on /home/airflow/.local/lib/python3.7/site-packages/airflow/example_dags/example_kubernetes_executor.py
[2025-06-20T13:17:22.581+0000] {processor.py:640} INFO - Processing file /home/airflow/.local/lib/python3.7/site-packages/airflow/example_dags/example_kubernetes_executor.py for tasks to queue
[2025-06-20T13:17:22.581+0000] {logging_mixin.py:115} INFO - [2025-06-20T13:17:22.581+0000] {dagbag.py:508} INFO - Filling up the DagBag from /home/airflow/.local/lib/python3.7/site-packages/airflow/example_dags/example_kubernetes_executor.py
[2025-06-20T13:17:22.591+0000] {processor.py:650} INFO - DAG(s) dict_keys(['example_kubernetes_executor']) retrieved from /home/airflow/.local/lib/python3.7/site-packages/airflow/example_dags/example_kubernetes_executor.py
[2025-06-20T13:17:22.602+0000] {logging_mixin.py:115} INFO - [2025-06-20T13:17:22.602+0000] {dag.py:2429} INFO - Sync 1 DAGs
[2025-06-20T13:17:22.612+0000] {logging_mixin.py:115} INFO - [2025-06-20T13:17:22.612+0000] {dag.py:2981} INFO - Setting next_dagrun for example_kubernetes_executor to None, run_after=None
[2025-06-20T13:17:22.617+0000] {processor.py:161} INFO - Processing /home/airflow/.local/lib/python3.7/site-packages/airflow/example_dags/example_kubernetes_executor.py took 0.037 seconds
[2025-06-20T13:17:52.666+0000] {processor.py:153} INFO - Started process (PID=1713) to work on /home/airflow/.local/lib/python3.7/site-packages/airflow/example_dags/example_kubernetes_executor.py
[2025-06-20T13:17:52.667+0000] {processor.py:640} INFO - Processing file /home/airflow/.local/lib/python3.7/site-packages/airflow/example_dags/example_kubernetes_executor.py for tasks to queue
[2025-06-20T13:17:52.667+0000] {logging_mixin.py:115} INFO - [2025-06-20T13:17:52.667+0000] {dagbag.py:508} INFO - Filling up the DagBag from /home/airflow/.local/lib/python3.7/site-packages/airflow/example_dags/example_kubernetes_executor.py
[2025-06-20T13:17:52.678+0000] {processor.py:650} INFO - DAG(s) dict_keys(['example_kubernetes_executor']) retrieved from /home/airflow/.local/lib/python3.7/site-packages/airflow/example_dags/example_kubernetes_executor.py
[2025-06-20T13:17:52.690+0000] {logging_mixin.py:115} INFO - [2025-06-20T13:17:52.690+0000] {dag.py:2429} INFO - Sync 1 DAGs
[2025-06-20T13:17:52.702+0000] {logging_mixin.py:115} INFO - [2025-06-20T13:17:52.702+0000] {dag.py:2981} INFO - Setting next_dagrun for example_kubernetes_executor to None, run_after=None
[2025-06-20T13:17:52.707+0000] {processor.py:161} INFO - Processing /home/airflow/.local/lib/python3.7/site-packages/airflow/example_dags/example_kubernetes_executor.py took 0.042 seconds
[2025-06-20T13:18:22.777+0000] {processor.py:153} INFO - Started process (PID=1774) to work on /home/airflow/.local/lib/python3.7/site-packages/airflow/example_dags/example_kubernetes_executor.py
[2025-06-20T13:18:22.777+0000] {processor.py:640} INFO - Processing file /home/airflow/.local/lib/python3.7/site-packages/airflow/example_dags/example_kubernetes_executor.py for tasks to queue
[2025-06-20T13:18:22.778+0000] {logging_mixin.py:115} INFO - [2025-06-20T13:18:22.778+0000] {dagbag.py:508} INFO - Filling up the DagBag from /home/airflow/.local/lib/python3.7/site-packages/airflow/example_dags/example_kubernetes_executor.py
[2025-06-20T13:18:22.789+0000] {processor.py:650} INFO - DAG(s) dict_keys(['example_kubernetes_executor']) retrieved from /home/airflow/.local/lib/python3.7/site-packages/airflow/example_dags/example_kubernetes_executor.py
[2025-06-20T13:18:22.802+0000] {logging_mixin.py:115} INFO - [2025-06-20T13:18:22.802+0000] {dag.py:2429} INFO - Sync 1 DAGs
[2025-06-20T13:18:22.813+0000] {logging_mixin.py:115} INFO - [2025-06-20T13:18:22.813+0000] {dag.py:2981} INFO - Setting next_dagrun for example_kubernetes_executor to None, run_after=None
[2025-06-20T13:18:22.821+0000] {processor.py:161} INFO - Processing /home/airflow/.local/lib/python3.7/site-packages/airflow/example_dags/example_kubernetes_executor.py took 0.046 seconds
[2025-06-20T13:18:53.037+0000] {processor.py:153} INFO - Started process (PID=1835) to work on /home/airflow/.local/lib/python3.7/site-packages/airflow/example_dags/example_kubernetes_executor.py
[2025-06-20T13:18:53.038+0000] {processor.py:640} INFO - Processing file /home/airflow/.local/lib/python3.7/site-packages/airflow/example_dags/example_kubernetes_executor.py for tasks to queue
[2025-06-20T13:18:53.039+0000] {logging_mixin.py:115} INFO - [2025-06-20T13:18:53.039+0000] {dagbag.py:508} INFO - Filling up the DagBag from /home/airflow/.local/lib/python3.7/site-packages/airflow/example_dags/example_kubernetes_executor.py
[2025-06-20T13:18:53.049+0000] {processor.py:650} INFO - DAG(s) dict_keys(['example_kubernetes_executor']) retrieved from /home/airflow/.local/lib/python3.7/site-packages/airflow/example_dags/example_kubernetes_executor.py
[2025-06-20T13:18:53.062+0000] {logging_mixin.py:115} INFO - [2025-06-20T13:18:53.062+0000] {dag.py:2429} INFO - Sync 1 DAGs
[2025-06-20T13:18:53.072+0000] {logging_mixin.py:115} INFO - [2025-06-20T13:18:53.071+0000] {dag.py:2981} INFO - Setting next_dagrun for example_kubernetes_executor to None, run_after=None
[2025-06-20T13:18:53.078+0000] {processor.py:161} INFO - Processing /home/airflow/.local/lib/python3.7/site-packages/airflow/example_dags/example_kubernetes_executor.py took 0.043 seconds
[2025-06-20T13:19:23.195+0000] {processor.py:153} INFO - Started process (PID=1896) to work on /home/airflow/.local/lib/python3.7/site-packages/airflow/example_dags/example_kubernetes_executor.py
[2025-06-20T13:19:23.196+0000] {processor.py:640} INFO - Processing file /home/airflow/.local/lib/python3.7/site-packages/airflow/example_dags/example_kubernetes_executor.py for tasks to queue
[2025-06-20T13:19:23.197+0000] {logging_mixin.py:115} INFO - [2025-06-20T13:19:23.196+0000] {dagbag.py:508} INFO - Filling up the DagBag from /home/airflow/.local/lib/python3.7/site-packages/airflow/example_dags/example_kubernetes_executor.py
[2025-06-20T13:19:23.207+0000] {processor.py:650} INFO - DAG(s) dict_keys(['example_kubernetes_executor']) retrieved from /home/airflow/.local/lib/python3.7/site-packages/airflow/example_dags/example_kubernetes_executor.py
[2025-06-20T13:19:23.217+0000] {logging_mixin.py:115} INFO - [2025-06-20T13:19:23.217+0000] {dag.py:2429} INFO - Sync 1 DAGs
[2025-06-20T13:19:23.226+0000] {logging_mixin.py:115} INFO - [2025-06-20T13:19:23.226+0000] {dag.py:2981} INFO - Setting next_dagrun for example_kubernetes_executor to None, run_after=None
[2025-06-20T13:19:23.230+0000] {processor.py:161} INFO - Processing /home/airflow/.local/lib/python3.7/site-packages/airflow/example_dags/example_kubernetes_executor.py took 0.036 seconds
[2025-06-20T13:19:53.306+0000] {processor.py:153} INFO - Started process (PID=1948) to work on /home/airflow/.local/lib/python3.7/site-packages/airflow/example_dags/example_kubernetes_executor.py
[2025-06-20T13:19:53.306+0000] {processor.py:640} INFO - Processing file /home/airflow/.local/lib/python3.7/site-packages/airflow/example_dags/example_kubernetes_executor.py for tasks to queue
[2025-06-20T13:19:53.307+0000] {logging_mixin.py:115} INFO - [2025-06-20T13:19:53.307+0000] {dagbag.py:508} INFO - Filling up the DagBag from /home/airflow/.local/lib/python3.7/site-packages/airflow/example_dags/example_kubernetes_executor.py
[2025-06-20T13:19:53.317+0000] {processor.py:650} INFO - DAG(s) dict_keys(['example_kubernetes_executor']) retrieved from /home/airflow/.local/lib/python3.7/site-packages/airflow/example_dags/example_kubernetes_executor.py
[2025-06-20T13:19:53.328+0000] {logging_mixin.py:115} INFO - [2025-06-20T13:19:53.328+0000] {dag.py:2429} INFO - Sync 1 DAGs
[2025-06-20T13:19:53.339+0000] {logging_mixin.py:115} INFO - [2025-06-20T13:19:53.339+0000] {dag.py:2981} INFO - Setting next_dagrun for example_kubernetes_executor to None, run_after=None
[2025-06-20T13:19:53.344+0000] {processor.py:161} INFO - Processing /home/airflow/.local/lib/python3.7/site-packages/airflow/example_dags/example_kubernetes_executor.py took 0.039 seconds
[2025-06-20T13:20:23.413+0000] {processor.py:153} INFO - Started process (PID=2009) to work on /home/airflow/.local/lib/python3.7/site-packages/airflow/example_dags/example_kubernetes_executor.py
[2025-06-20T13:20:23.413+0000] {processor.py:640} INFO - Processing file /home/airflow/.local/lib/python3.7/site-packages/airflow/example_dags/example_kubernetes_executor.py for tasks to queue
[2025-06-20T13:20:23.414+0000] {logging_mixin.py:115} INFO - [2025-06-20T13:20:23.414+0000] {dagbag.py:508} INFO - Filling up the DagBag from /home/airflow/.local/lib/python3.7/site-packages/airflow/example_dags/example_kubernetes_executor.py
[2025-06-20T13:20:23.424+0000] {processor.py:650} INFO - DAG(s) dict_keys(['example_kubernetes_executor']) retrieved from /home/airflow/.local/lib/python3.7/site-packages/airflow/example_dags/example_kubernetes_executor.py
[2025-06-20T13:20:23.434+0000] {logging_mixin.py:115} INFO - [2025-06-20T13:20:23.434+0000] {dag.py:2429} INFO - Sync 1 DAGs
[2025-06-20T13:20:23.443+0000] {logging_mixin.py:115} INFO - [2025-06-20T13:20:23.443+0000] {dag.py:2981} INFO - Setting next_dagrun for example_kubernetes_executor to None, run_after=None
[2025-06-20T13:20:23.447+0000] {processor.py:161} INFO - Processing /home/airflow/.local/lib/python3.7/site-packages/airflow/example_dags/example_kubernetes_executor.py took 0.036 seconds
[2025-06-20T13:20:53.557+0000] {processor.py:153} INFO - Started process (PID=2070) to work on /home/airflow/.local/lib/python3.7/site-packages/airflow/example_dags/example_kubernetes_executor.py
[2025-06-20T13:20:53.558+0000] {processor.py:640} INFO - Processing file /home/airflow/.local/lib/python3.7/site-packages/airflow/example_dags/example_kubernetes_executor.py for tasks to queue
[2025-06-20T13:20:53.559+0000] {logging_mixin.py:115} INFO - [2025-06-20T13:20:53.558+0000] {dagbag.py:508} INFO - Filling up the DagBag from /home/airflow/.local/lib/python3.7/site-packages/airflow/example_dags/example_kubernetes_executor.py
[2025-06-20T13:20:53.569+0000] {processor.py:650} INFO - DAG(s) dict_keys(['example_kubernetes_executor']) retrieved from /home/airflow/.local/lib/python3.7/site-packages/airflow/example_dags/example_kubernetes_executor.py
[2025-06-20T13:20:53.584+0000] {logging_mixin.py:115} INFO - [2025-06-20T13:20:53.584+0000] {dag.py:2429} INFO - Sync 1 DAGs
[2025-06-20T13:20:53.594+0000] {logging_mixin.py:115} INFO - [2025-06-20T13:20:53.594+0000] {dag.py:2981} INFO - Setting next_dagrun for example_kubernetes_executor to None, run_after=None
[2025-06-20T13:20:53.600+0000] {processor.py:161} INFO - Processing /home/airflow/.local/lib/python3.7/site-packages/airflow/example_dags/example_kubernetes_executor.py took 0.045 seconds
[2025-06-20T13:21:23.681+0000] {processor.py:153} INFO - Started process (PID=2131) to work on /home/airflow/.local/lib/python3.7/site-packages/airflow/example_dags/example_kubernetes_executor.py
[2025-06-20T13:21:23.682+0000] {processor.py:640} INFO - Processing file /home/airflow/.local/lib/python3.7/site-packages/airflow/example_dags/example_kubernetes_executor.py for tasks to queue
[2025-06-20T13:21:23.682+0000] {logging_mixin.py:115} INFO - [2025-06-20T13:21:23.682+0000] {dagbag.py:508} INFO - Filling up the DagBag from /home/airflow/.local/lib/python3.7/site-packages/airflow/example_dags/example_kubernetes_executor.py
[2025-06-20T13:21:23.692+0000] {processor.py:650} INFO - DAG(s) dict_keys(['example_kubernetes_executor']) retrieved from /home/airflow/.local/lib/python3.7/site-packages/airflow/example_dags/example_kubernetes_executor.py
[2025-06-20T13:21:23.704+0000] {logging_mixin.py:115} INFO - [2025-06-20T13:21:23.704+0000] {dag.py:2429} INFO - Sync 1 DAGs
[2025-06-20T13:21:23.715+0000] {logging_mixin.py:115} INFO - [2025-06-20T13:21:23.714+0000] {dag.py:2981} INFO - Setting next_dagrun for example_kubernetes_executor to None, run_after=None
[2025-06-20T13:21:23.720+0000] {processor.py:161} INFO - Processing /home/airflow/.local/lib/python3.7/site-packages/airflow/example_dags/example_kubernetes_executor.py took 0.040 seconds
[2025-06-20T13:21:53.794+0000] {processor.py:153} INFO - Started process (PID=2192) to work on /home/airflow/.local/lib/python3.7/site-packages/airflow/example_dags/example_kubernetes_executor.py
[2025-06-20T13:21:53.795+0000] {processor.py:640} INFO - Processing file /home/airflow/.local/lib/python3.7/site-packages/airflow/example_dags/example_kubernetes_executor.py for tasks to queue
[2025-06-20T13:21:53.796+0000] {logging_mixin.py:115} INFO - [2025-06-20T13:21:53.795+0000] {dagbag.py:508} INFO - Filling up the DagBag from /home/airflow/.local/lib/python3.7/site-packages/airflow/example_dags/example_kubernetes_executor.py
[2025-06-20T13:21:53.807+0000] {processor.py:650} INFO - DAG(s) dict_keys(['example_kubernetes_executor']) retrieved from /home/airflow/.local/lib/python3.7/site-packages/airflow/example_dags/example_kubernetes_executor.py
[2025-06-20T13:21:53.820+0000] {logging_mixin.py:115} INFO - [2025-06-20T13:21:53.820+0000] {dag.py:2429} INFO - Sync 1 DAGs
[2025-06-20T13:21:53.830+0000] {logging_mixin.py:115} INFO - [2025-06-20T13:21:53.830+0000] {dag.py:2981} INFO - Setting next_dagrun for example_kubernetes_executor to None, run_after=None
[2025-06-20T13:21:53.835+0000] {processor.py:161} INFO - Processing /home/airflow/.local/lib/python3.7/site-packages/airflow/example_dags/example_kubernetes_executor.py took 0.042 seconds
[2025-06-20T13:22:23.930+0000] {processor.py:153} INFO - Started process (PID=2253) to work on /home/airflow/.local/lib/python3.7/site-packages/airflow/example_dags/example_kubernetes_executor.py
[2025-06-20T13:22:23.931+0000] {processor.py:640} INFO - Processing file /home/airflow/.local/lib/python3.7/site-packages/airflow/example_dags/example_kubernetes_executor.py for tasks to queue
[2025-06-20T13:22:23.931+0000] {logging_mixin.py:115} INFO - [2025-06-20T13:22:23.931+0000] {dagbag.py:508} INFO - Filling up the DagBag from /home/airflow/.local/lib/python3.7/site-packages/airflow/example_dags/example_kubernetes_executor.py
[2025-06-20T13:22:23.942+0000] {processor.py:650} INFO - DAG(s) dict_keys(['example_kubernetes_executor']) retrieved from /home/airflow/.local/lib/python3.7/site-packages/airflow/example_dags/example_kubernetes_executor.py
[2025-06-20T13:22:23.961+0000] {logging_mixin.py:115} INFO - [2025-06-20T13:22:23.961+0000] {dag.py:2429} INFO - Sync 1 DAGs
[2025-06-20T13:22:23.972+0000] {logging_mixin.py:115} INFO - [2025-06-20T13:22:23.972+0000] {dag.py:2981} INFO - Setting next_dagrun for example_kubernetes_executor to None, run_after=None
[2025-06-20T13:22:23.978+0000] {processor.py:161} INFO - Processing /home/airflow/.local/lib/python3.7/site-packages/airflow/example_dags/example_kubernetes_executor.py took 0.050 seconds
[2025-06-20T13:22:54.066+0000] {processor.py:153} INFO - Started process (PID=2305) to work on /home/airflow/.local/lib/python3.7/site-packages/airflow/example_dags/example_kubernetes_executor.py
[2025-06-20T13:22:54.067+0000] {processor.py:640} INFO - Processing file /home/airflow/.local/lib/python3.7/site-packages/airflow/example_dags/example_kubernetes_executor.py for tasks to queue
[2025-06-20T13:22:54.068+0000] {logging_mixin.py:115} INFO - [2025-06-20T13:22:54.068+0000] {dagbag.py:508} INFO - Filling up the DagBag from /home/airflow/.local/lib/python3.7/site-packages/airflow/example_dags/example_kubernetes_executor.py
[2025-06-20T13:22:54.078+0000] {processor.py:650} INFO - DAG(s) dict_keys(['example_kubernetes_executor']) retrieved from /home/airflow/.local/lib/python3.7/site-packages/airflow/example_dags/example_kubernetes_executor.py
[2025-06-20T13:22:54.089+0000] {logging_mixin.py:115} INFO - [2025-06-20T13:22:54.088+0000] {dag.py:2429} INFO - Sync 1 DAGs
[2025-06-20T13:22:54.098+0000] {logging_mixin.py:115} INFO - [2025-06-20T13:22:54.098+0000] {dag.py:2981} INFO - Setting next_dagrun for example_kubernetes_executor to None, run_after=None
[2025-06-20T13:22:54.102+0000] {processor.py:161} INFO - Processing /home/airflow/.local/lib/python3.7/site-packages/airflow/example_dags/example_kubernetes_executor.py took 0.038 seconds
[2025-06-20T13:23:24.218+0000] {processor.py:153} INFO - Started process (PID=2366) to work on /home/airflow/.local/lib/python3.7/site-packages/airflow/example_dags/example_kubernetes_executor.py
[2025-06-20T13:23:24.221+0000] {processor.py:640} INFO - Processing file /home/airflow/.local/lib/python3.7/site-packages/airflow/example_dags/example_kubernetes_executor.py for tasks to queue
[2025-06-20T13:23:24.221+0000] {logging_mixin.py:115} INFO - [2025-06-20T13:23:24.221+0000] {dagbag.py:508} INFO - Filling up the DagBag from /home/airflow/.local/lib/python3.7/site-packages/airflow/example_dags/example_kubernetes_executor.py
[2025-06-20T13:23:24.233+0000] {processor.py:650} INFO - DAG(s) dict_keys(['example_kubernetes_executor']) retrieved from /home/airflow/.local/lib/python3.7/site-packages/airflow/example_dags/example_kubernetes_executor.py
[2025-06-20T13:23:24.244+0000] {logging_mixin.py:115} INFO - [2025-06-20T13:23:24.244+0000] {dag.py:2429} INFO - Sync 1 DAGs
[2025-06-20T13:23:24.255+0000] {logging_mixin.py:115} INFO - [2025-06-20T13:23:24.255+0000] {dag.py:2981} INFO - Setting next_dagrun for example_kubernetes_executor to None, run_after=None
[2025-06-20T13:23:24.259+0000] {processor.py:161} INFO - Processing /home/airflow/.local/lib/python3.7/site-packages/airflow/example_dags/example_kubernetes_executor.py took 0.043 seconds
[2025-06-20T13:23:54.418+0000] {processor.py:153} INFO - Started process (PID=2427) to work on /home/airflow/.local/lib/python3.7/site-packages/airflow/example_dags/example_kubernetes_executor.py
[2025-06-20T13:23:54.418+0000] {processor.py:640} INFO - Processing file /home/airflow/.local/lib/python3.7/site-packages/airflow/example_dags/example_kubernetes_executor.py for tasks to queue
[2025-06-20T13:23:54.418+0000] {logging_mixin.py:115} INFO - [2025-06-20T13:23:54.418+0000] {dagbag.py:508} INFO - Filling up the DagBag from /home/airflow/.local/lib/python3.7/site-packages/airflow/example_dags/example_kubernetes_executor.py
[2025-06-20T13:23:54.428+0000] {processor.py:650} INFO - DAG(s) dict_keys(['example_kubernetes_executor']) retrieved from /home/airflow/.local/lib/python3.7/site-packages/airflow/example_dags/example_kubernetes_executor.py
[2025-06-20T13:23:54.440+0000] {logging_mixin.py:115} INFO - [2025-06-20T13:23:54.440+0000] {dag.py:2429} INFO - Sync 1 DAGs
[2025-06-20T13:23:54.450+0000] {logging_mixin.py:115} INFO - [2025-06-20T13:23:54.450+0000] {dag.py:2981} INFO - Setting next_dagrun for example_kubernetes_executor to None, run_after=None
[2025-06-20T13:23:54.456+0000] {processor.py:161} INFO - Processing /home/airflow/.local/lib/python3.7/site-packages/airflow/example_dags/example_kubernetes_executor.py took 0.040 seconds
[2025-06-20T13:24:24.601+0000] {processor.py:153} INFO - Started process (PID=2488) to work on /home/airflow/.local/lib/python3.7/site-packages/airflow/example_dags/example_kubernetes_executor.py
[2025-06-20T13:24:24.602+0000] {processor.py:640} INFO - Processing file /home/airflow/.local/lib/python3.7/site-packages/airflow/example_dags/example_kubernetes_executor.py for tasks to queue
[2025-06-20T13:24:24.603+0000] {logging_mixin.py:115} INFO - [2025-06-20T13:24:24.603+0000] {dagbag.py:508} INFO - Filling up the DagBag from /home/airflow/.local/lib/python3.7/site-packages/airflow/example_dags/example_kubernetes_executor.py
[2025-06-20T13:24:24.613+0000] {processor.py:650} INFO - DAG(s) dict_keys(['example_kubernetes_executor']) retrieved from /home/airflow/.local/lib/python3.7/site-packages/airflow/example_dags/example_kubernetes_executor.py
[2025-06-20T13:24:24.628+0000] {logging_mixin.py:115} INFO - [2025-06-20T13:24:24.628+0000] {dag.py:2429} INFO - Sync 1 DAGs
[2025-06-20T13:24:24.639+0000] {logging_mixin.py:115} INFO - [2025-06-20T13:24:24.639+0000] {dag.py:2981} INFO - Setting next_dagrun for example_kubernetes_executor to None, run_after=None
[2025-06-20T13:24:24.645+0000] {processor.py:161} INFO - Processing /home/airflow/.local/lib/python3.7/site-packages/airflow/example_dags/example_kubernetes_executor.py took 0.045 seconds
