[2025-06-20T12:58:51.884+0000] {processor.py:153} INFO - Started process (PID=39) to work on /home/airflow/.local/lib/python3.7/site-packages/airflow/example_dags/example_nested_branch_dag.py
[2025-06-20T12:58:51.885+0000] {processor.py:640} INFO - Processing file /home/airflow/.local/lib/python3.7/site-packages/airflow/example_dags/example_nested_branch_dag.py for tasks to queue
[2025-06-20T12:58:51.885+0000] {logging_mixin.py:115} INFO - [2025-06-20T12:58:51.885+0000] {dagbag.py:508} INFO - Filling up the DagBag from /home/airflow/.local/lib/python3.7/site-packages/airflow/example_dags/example_nested_branch_dag.py
[2025-06-20T12:58:51.891+0000] {processor.py:650} INFO - DAG(s) dict_keys(['example_nested_branch_dag']) retrieved from /home/airflow/.local/lib/python3.7/site-packages/airflow/example_dags/example_nested_branch_dag.py
[2025-06-20T12:58:51.949+0000] {logging_mixin.py:115} INFO - [2025-06-20T12:58:51.949+0000] {manager.py:508} INFO - Created Permission View: can read on DAG:example_nested_branch_dag
[2025-06-20T12:58:51.954+0000] {logging_mixin.py:115} INFO - [2025-06-20T12:58:51.954+0000] {manager.py:508} INFO - Created Permission View: can delete on DAG:example_nested_branch_dag
[2025-06-20T12:58:51.960+0000] {logging_mixin.py:115} INFO - [2025-06-20T12:58:51.960+0000] {manager.py:508} INFO - Created Permission View: can edit on DAG:example_nested_branch_dag
[2025-06-20T12:58:51.960+0000] {logging_mixin.py:115} INFO - [2025-06-20T12:58:51.960+0000] {dag.py:2429} INFO - Sync 1 DAGs
[2025-06-20T12:58:51.969+0000] {logging_mixin.py:115} INFO - [2025-06-20T12:58:51.969+0000] {dag.py:2448} INFO - Creating ORM DAG for example_nested_branch_dag
[2025-06-20T12:58:51.980+0000] {logging_mixin.py:115} INFO - [2025-06-20T12:58:51.980+0000] {dag.py:2981} INFO - Setting next_dagrun for example_nested_branch_dag to 2025-06-19T00:00:00+00:00, run_after=2025-06-20T00:00:00+00:00
[2025-06-20T12:58:51.995+0000] {processor.py:161} INFO - Processing /home/airflow/.local/lib/python3.7/site-packages/airflow/example_dags/example_nested_branch_dag.py took 0.113 seconds
[2025-06-20T12:59:22.338+0000] {processor.py:153} INFO - Started process (PID=99) to work on /home/airflow/.local/lib/python3.7/site-packages/airflow/example_dags/example_nested_branch_dag.py
[2025-06-20T12:59:22.338+0000] {processor.py:640} INFO - Processing file /home/airflow/.local/lib/python3.7/site-packages/airflow/example_dags/example_nested_branch_dag.py for tasks to queue
[2025-06-20T12:59:22.338+0000] {logging_mixin.py:115} INFO - [2025-06-20T12:59:22.338+0000] {dagbag.py:508} INFO - Filling up the DagBag from /home/airflow/.local/lib/python3.7/site-packages/airflow/example_dags/example_nested_branch_dag.py
[2025-06-20T12:59:22.343+0000] {processor.py:650} INFO - DAG(s) dict_keys(['example_nested_branch_dag']) retrieved from /home/airflow/.local/lib/python3.7/site-packages/airflow/example_dags/example_nested_branch_dag.py
[2025-06-20T12:59:22.353+0000] {logging_mixin.py:115} INFO - [2025-06-20T12:59:22.353+0000] {dag.py:2429} INFO - Sync 1 DAGs
[2025-06-20T12:59:22.362+0000] {logging_mixin.py:115} INFO - [2025-06-20T12:59:22.362+0000] {dag.py:2981} INFO - Setting next_dagrun for example_nested_branch_dag to 2025-06-19T00:00:00+00:00, run_after=2025-06-20T00:00:00+00:00
[2025-06-20T12:59:22.366+0000] {processor.py:161} INFO - Processing /home/airflow/.local/lib/python3.7/site-packages/airflow/example_dags/example_nested_branch_dag.py took 0.030 seconds
[2025-06-20T12:59:52.489+0000] {processor.py:153} INFO - Started process (PID=160) to work on /home/airflow/.local/lib/python3.7/site-packages/airflow/example_dags/example_nested_branch_dag.py
[2025-06-20T12:59:52.489+0000] {processor.py:640} INFO - Processing file /home/airflow/.local/lib/python3.7/site-packages/airflow/example_dags/example_nested_branch_dag.py for tasks to queue
[2025-06-20T12:59:52.490+0000] {logging_mixin.py:115} INFO - [2025-06-20T12:59:52.490+0000] {dagbag.py:508} INFO - Filling up the DagBag from /home/airflow/.local/lib/python3.7/site-packages/airflow/example_dags/example_nested_branch_dag.py
[2025-06-20T12:59:52.494+0000] {processor.py:650} INFO - DAG(s) dict_keys(['example_nested_branch_dag']) retrieved from /home/airflow/.local/lib/python3.7/site-packages/airflow/example_dags/example_nested_branch_dag.py
[2025-06-20T12:59:52.509+0000] {logging_mixin.py:115} INFO - [2025-06-20T12:59:52.509+0000] {dag.py:2429} INFO - Sync 1 DAGs
[2025-06-20T12:59:52.518+0000] {logging_mixin.py:115} INFO - [2025-06-20T12:59:52.518+0000] {dag.py:2981} INFO - Setting next_dagrun for example_nested_branch_dag to 2025-06-19T00:00:00+00:00, run_after=2025-06-20T00:00:00+00:00
[2025-06-20T12:59:52.523+0000] {processor.py:161} INFO - Processing /home/airflow/.local/lib/python3.7/site-packages/airflow/example_dags/example_nested_branch_dag.py took 0.036 seconds
[2025-06-20T13:03:46.637+0000] {processor.py:153} INFO - Started process (PID=38) to work on /home/airflow/.local/lib/python3.7/site-packages/airflow/example_dags/example_nested_branch_dag.py
[2025-06-20T13:03:46.638+0000] {processor.py:640} INFO - Processing file /home/airflow/.local/lib/python3.7/site-packages/airflow/example_dags/example_nested_branch_dag.py for tasks to queue
[2025-06-20T13:03:46.639+0000] {logging_mixin.py:115} INFO - [2025-06-20T13:03:46.638+0000] {dagbag.py:508} INFO - Filling up the DagBag from /home/airflow/.local/lib/python3.7/site-packages/airflow/example_dags/example_nested_branch_dag.py
[2025-06-20T13:03:46.646+0000] {processor.py:650} INFO - DAG(s) dict_keys(['example_nested_branch_dag']) retrieved from /home/airflow/.local/lib/python3.7/site-packages/airflow/example_dags/example_nested_branch_dag.py
[2025-06-20T13:03:46.692+0000] {logging_mixin.py:115} INFO - [2025-06-20T13:03:46.692+0000] {manager.py:508} INFO - Created Permission View: can delete on DAG:example_nested_branch_dag
[2025-06-20T13:03:46.698+0000] {logging_mixin.py:115} INFO - [2025-06-20T13:03:46.698+0000] {manager.py:508} INFO - Created Permission View: can edit on DAG:example_nested_branch_dag
[2025-06-20T13:03:46.702+0000] {logging_mixin.py:115} INFO - [2025-06-20T13:03:46.702+0000] {manager.py:508} INFO - Created Permission View: can read on DAG:example_nested_branch_dag
[2025-06-20T13:03:46.702+0000] {logging_mixin.py:115} INFO - [2025-06-20T13:03:46.702+0000] {dag.py:2429} INFO - Sync 1 DAGs
[2025-06-20T13:03:46.709+0000] {logging_mixin.py:115} INFO - [2025-06-20T13:03:46.709+0000] {dag.py:2448} INFO - Creating ORM DAG for example_nested_branch_dag
[2025-06-20T13:03:46.715+0000] {logging_mixin.py:115} INFO - [2025-06-20T13:03:46.715+0000] {dag.py:2981} INFO - Setting next_dagrun for example_nested_branch_dag to 2025-06-19T00:00:00+00:00, run_after=2025-06-20T00:00:00+00:00
[2025-06-20T13:03:46.725+0000] {processor.py:161} INFO - Processing /home/airflow/.local/lib/python3.7/site-packages/airflow/example_dags/example_nested_branch_dag.py took 0.093 seconds
[2025-06-20T13:04:17.185+0000] {processor.py:153} INFO - Started process (PID=99) to work on /home/airflow/.local/lib/python3.7/site-packages/airflow/example_dags/example_nested_branch_dag.py
[2025-06-20T13:04:17.186+0000] {processor.py:640} INFO - Processing file /home/airflow/.local/lib/python3.7/site-packages/airflow/example_dags/example_nested_branch_dag.py for tasks to queue
[2025-06-20T13:04:17.186+0000] {logging_mixin.py:115} INFO - [2025-06-20T13:04:17.186+0000] {dagbag.py:508} INFO - Filling up the DagBag from /home/airflow/.local/lib/python3.7/site-packages/airflow/example_dags/example_nested_branch_dag.py
[2025-06-20T13:04:17.192+0000] {processor.py:650} INFO - DAG(s) dict_keys(['example_nested_branch_dag']) retrieved from /home/airflow/.local/lib/python3.7/site-packages/airflow/example_dags/example_nested_branch_dag.py
[2025-06-20T13:04:17.206+0000] {logging_mixin.py:115} INFO - [2025-06-20T13:04:17.206+0000] {dag.py:2429} INFO - Sync 1 DAGs
[2025-06-20T13:04:17.218+0000] {logging_mixin.py:115} INFO - [2025-06-20T13:04:17.218+0000] {dag.py:2981} INFO - Setting next_dagrun for example_nested_branch_dag to 2025-06-19T00:00:00+00:00, run_after=2025-06-20T00:00:00+00:00
[2025-06-20T13:04:17.225+0000] {processor.py:161} INFO - Processing /home/airflow/.local/lib/python3.7/site-packages/airflow/example_dags/example_nested_branch_dag.py took 0.041 seconds
[2025-06-20T13:04:47.345+0000] {processor.py:153} INFO - Started process (PID=160) to work on /home/airflow/.local/lib/python3.7/site-packages/airflow/example_dags/example_nested_branch_dag.py
[2025-06-20T13:04:47.346+0000] {processor.py:640} INFO - Processing file /home/airflow/.local/lib/python3.7/site-packages/airflow/example_dags/example_nested_branch_dag.py for tasks to queue
[2025-06-20T13:04:47.347+0000] {logging_mixin.py:115} INFO - [2025-06-20T13:04:47.347+0000] {dagbag.py:508} INFO - Filling up the DagBag from /home/airflow/.local/lib/python3.7/site-packages/airflow/example_dags/example_nested_branch_dag.py
[2025-06-20T13:04:47.352+0000] {processor.py:650} INFO - DAG(s) dict_keys(['example_nested_branch_dag']) retrieved from /home/airflow/.local/lib/python3.7/site-packages/airflow/example_dags/example_nested_branch_dag.py
[2025-06-20T13:04:47.370+0000] {logging_mixin.py:115} INFO - [2025-06-20T13:04:47.370+0000] {dag.py:2429} INFO - Sync 1 DAGs
[2025-06-20T13:04:47.384+0000] {logging_mixin.py:115} INFO - [2025-06-20T13:04:47.383+0000] {dag.py:2981} INFO - Setting next_dagrun for example_nested_branch_dag to 2025-06-19T00:00:00+00:00, run_after=2025-06-20T00:00:00+00:00
[2025-06-20T13:04:47.392+0000] {processor.py:161} INFO - Processing /home/airflow/.local/lib/python3.7/site-packages/airflow/example_dags/example_nested_branch_dag.py took 0.050 seconds
[2025-06-20T13:05:17.569+0000] {processor.py:153} INFO - Started process (PID=220) to work on /home/airflow/.local/lib/python3.7/site-packages/airflow/example_dags/example_nested_branch_dag.py
[2025-06-20T13:05:17.572+0000] {processor.py:640} INFO - Processing file /home/airflow/.local/lib/python3.7/site-packages/airflow/example_dags/example_nested_branch_dag.py for tasks to queue
[2025-06-20T13:05:17.573+0000] {logging_mixin.py:115} INFO - [2025-06-20T13:05:17.573+0000] {dagbag.py:508} INFO - Filling up the DagBag from /home/airflow/.local/lib/python3.7/site-packages/airflow/example_dags/example_nested_branch_dag.py
[2025-06-20T13:05:17.581+0000] {processor.py:650} INFO - DAG(s) dict_keys(['example_nested_branch_dag']) retrieved from /home/airflow/.local/lib/python3.7/site-packages/airflow/example_dags/example_nested_branch_dag.py
[2025-06-20T13:05:17.604+0000] {logging_mixin.py:115} INFO - [2025-06-20T13:05:17.604+0000] {dag.py:2429} INFO - Sync 1 DAGs
[2025-06-20T13:05:17.617+0000] {logging_mixin.py:115} INFO - [2025-06-20T13:05:17.617+0000] {dag.py:2981} INFO - Setting next_dagrun for example_nested_branch_dag to 2025-06-19T00:00:00+00:00, run_after=2025-06-20T00:00:00+00:00
[2025-06-20T13:05:17.631+0000] {processor.py:161} INFO - Processing /home/airflow/.local/lib/python3.7/site-packages/airflow/example_dags/example_nested_branch_dag.py took 0.064 seconds
[2025-06-20T13:05:47.773+0000] {processor.py:153} INFO - Started process (PID=272) to work on /home/airflow/.local/lib/python3.7/site-packages/airflow/example_dags/example_nested_branch_dag.py
[2025-06-20T13:05:47.775+0000] {processor.py:640} INFO - Processing file /home/airflow/.local/lib/python3.7/site-packages/airflow/example_dags/example_nested_branch_dag.py for tasks to queue
[2025-06-20T13:05:47.775+0000] {logging_mixin.py:115} INFO - [2025-06-20T13:05:47.775+0000] {dagbag.py:508} INFO - Filling up the DagBag from /home/airflow/.local/lib/python3.7/site-packages/airflow/example_dags/example_nested_branch_dag.py
[2025-06-20T13:05:47.782+0000] {processor.py:650} INFO - DAG(s) dict_keys(['example_nested_branch_dag']) retrieved from /home/airflow/.local/lib/python3.7/site-packages/airflow/example_dags/example_nested_branch_dag.py
[2025-06-20T13:05:47.795+0000] {logging_mixin.py:115} INFO - [2025-06-20T13:05:47.795+0000] {dag.py:2429} INFO - Sync 1 DAGs
[2025-06-20T13:05:47.805+0000] {logging_mixin.py:115} INFO - [2025-06-20T13:05:47.805+0000] {dag.py:2981} INFO - Setting next_dagrun for example_nested_branch_dag to 2025-06-19T00:00:00+00:00, run_after=2025-06-20T00:00:00+00:00
[2025-06-20T13:05:47.811+0000] {processor.py:161} INFO - Processing /home/airflow/.local/lib/python3.7/site-packages/airflow/example_dags/example_nested_branch_dag.py took 0.039 seconds
[2025-06-20T13:06:18.073+0000] {processor.py:153} INFO - Started process (PID=333) to work on /home/airflow/.local/lib/python3.7/site-packages/airflow/example_dags/example_nested_branch_dag.py
[2025-06-20T13:06:18.074+0000] {processor.py:640} INFO - Processing file /home/airflow/.local/lib/python3.7/site-packages/airflow/example_dags/example_nested_branch_dag.py for tasks to queue
[2025-06-20T13:06:18.074+0000] {logging_mixin.py:115} INFO - [2025-06-20T13:06:18.074+0000] {dagbag.py:508} INFO - Filling up the DagBag from /home/airflow/.local/lib/python3.7/site-packages/airflow/example_dags/example_nested_branch_dag.py
[2025-06-20T13:06:18.078+0000] {processor.py:650} INFO - DAG(s) dict_keys(['example_nested_branch_dag']) retrieved from /home/airflow/.local/lib/python3.7/site-packages/airflow/example_dags/example_nested_branch_dag.py
[2025-06-20T13:06:18.097+0000] {logging_mixin.py:115} INFO - [2025-06-20T13:06:18.097+0000] {dag.py:2429} INFO - Sync 1 DAGs
[2025-06-20T13:06:18.109+0000] {logging_mixin.py:115} INFO - [2025-06-20T13:06:18.109+0000] {dag.py:2981} INFO - Setting next_dagrun for example_nested_branch_dag to 2025-06-19T00:00:00+00:00, run_after=2025-06-20T00:00:00+00:00
[2025-06-20T13:06:18.117+0000] {processor.py:161} INFO - Processing /home/airflow/.local/lib/python3.7/site-packages/airflow/example_dags/example_nested_branch_dag.py took 0.046 seconds
[2025-06-20T13:06:48.329+0000] {processor.py:153} INFO - Started process (PID=393) to work on /home/airflow/.local/lib/python3.7/site-packages/airflow/example_dags/example_nested_branch_dag.py
[2025-06-20T13:06:48.330+0000] {processor.py:640} INFO - Processing file /home/airflow/.local/lib/python3.7/site-packages/airflow/example_dags/example_nested_branch_dag.py for tasks to queue
[2025-06-20T13:06:48.330+0000] {logging_mixin.py:115} INFO - [2025-06-20T13:06:48.330+0000] {dagbag.py:508} INFO - Filling up the DagBag from /home/airflow/.local/lib/python3.7/site-packages/airflow/example_dags/example_nested_branch_dag.py
[2025-06-20T13:06:48.335+0000] {processor.py:650} INFO - DAG(s) dict_keys(['example_nested_branch_dag']) retrieved from /home/airflow/.local/lib/python3.7/site-packages/airflow/example_dags/example_nested_branch_dag.py
[2025-06-20T13:06:48.350+0000] {logging_mixin.py:115} INFO - [2025-06-20T13:06:48.349+0000] {dag.py:2429} INFO - Sync 1 DAGs
[2025-06-20T13:06:48.361+0000] {logging_mixin.py:115} INFO - [2025-06-20T13:06:48.361+0000] {dag.py:2981} INFO - Setting next_dagrun for example_nested_branch_dag to 2025-06-19T00:00:00+00:00, run_after=2025-06-20T00:00:00+00:00
[2025-06-20T13:06:48.367+0000] {processor.py:161} INFO - Processing /home/airflow/.local/lib/python3.7/site-packages/airflow/example_dags/example_nested_branch_dag.py took 0.040 seconds
[2025-06-20T13:07:18.422+0000] {processor.py:153} INFO - Started process (PID=454) to work on /home/airflow/.local/lib/python3.7/site-packages/airflow/example_dags/example_nested_branch_dag.py
[2025-06-20T13:07:18.423+0000] {processor.py:640} INFO - Processing file /home/airflow/.local/lib/python3.7/site-packages/airflow/example_dags/example_nested_branch_dag.py for tasks to queue
[2025-06-20T13:07:18.423+0000] {logging_mixin.py:115} INFO - [2025-06-20T13:07:18.423+0000] {dagbag.py:508} INFO - Filling up the DagBag from /home/airflow/.local/lib/python3.7/site-packages/airflow/example_dags/example_nested_branch_dag.py
[2025-06-20T13:07:18.427+0000] {processor.py:650} INFO - DAG(s) dict_keys(['example_nested_branch_dag']) retrieved from /home/airflow/.local/lib/python3.7/site-packages/airflow/example_dags/example_nested_branch_dag.py
[2025-06-20T13:07:18.444+0000] {logging_mixin.py:115} INFO - [2025-06-20T13:07:18.444+0000] {dag.py:2429} INFO - Sync 1 DAGs
[2025-06-20T13:07:18.456+0000] {logging_mixin.py:115} INFO - [2025-06-20T13:07:18.456+0000] {dag.py:2981} INFO - Setting next_dagrun for example_nested_branch_dag to 2025-06-19T00:00:00+00:00, run_after=2025-06-20T00:00:00+00:00
[2025-06-20T13:07:18.463+0000] {processor.py:161} INFO - Processing /home/airflow/.local/lib/python3.7/site-packages/airflow/example_dags/example_nested_branch_dag.py took 0.042 seconds
[2025-06-20T13:07:48.537+0000] {processor.py:153} INFO - Started process (PID=515) to work on /home/airflow/.local/lib/python3.7/site-packages/airflow/example_dags/example_nested_branch_dag.py
[2025-06-20T13:07:48.538+0000] {processor.py:640} INFO - Processing file /home/airflow/.local/lib/python3.7/site-packages/airflow/example_dags/example_nested_branch_dag.py for tasks to queue
[2025-06-20T13:07:48.538+0000] {logging_mixin.py:115} INFO - [2025-06-20T13:07:48.538+0000] {dagbag.py:508} INFO - Filling up the DagBag from /home/airflow/.local/lib/python3.7/site-packages/airflow/example_dags/example_nested_branch_dag.py
[2025-06-20T13:07:48.544+0000] {processor.py:650} INFO - DAG(s) dict_keys(['example_nested_branch_dag']) retrieved from /home/airflow/.local/lib/python3.7/site-packages/airflow/example_dags/example_nested_branch_dag.py
[2025-06-20T13:07:48.558+0000] {logging_mixin.py:115} INFO - [2025-06-20T13:07:48.558+0000] {dag.py:2429} INFO - Sync 1 DAGs
[2025-06-20T13:07:48.569+0000] {logging_mixin.py:115} INFO - [2025-06-20T13:07:48.569+0000] {dag.py:2981} INFO - Setting next_dagrun for example_nested_branch_dag to 2025-06-19T00:00:00+00:00, run_after=2025-06-20T00:00:00+00:00
[2025-06-20T13:07:48.575+0000] {processor.py:161} INFO - Processing /home/airflow/.local/lib/python3.7/site-packages/airflow/example_dags/example_nested_branch_dag.py took 0.039 seconds
[2025-06-20T13:08:18.639+0000] {processor.py:153} INFO - Started process (PID=567) to work on /home/airflow/.local/lib/python3.7/site-packages/airflow/example_dags/example_nested_branch_dag.py
[2025-06-20T13:08:18.639+0000] {processor.py:640} INFO - Processing file /home/airflow/.local/lib/python3.7/site-packages/airflow/example_dags/example_nested_branch_dag.py for tasks to queue
[2025-06-20T13:08:18.640+0000] {logging_mixin.py:115} INFO - [2025-06-20T13:08:18.640+0000] {dagbag.py:508} INFO - Filling up the DagBag from /home/airflow/.local/lib/python3.7/site-packages/airflow/example_dags/example_nested_branch_dag.py
[2025-06-20T13:08:18.645+0000] {processor.py:650} INFO - DAG(s) dict_keys(['example_nested_branch_dag']) retrieved from /home/airflow/.local/lib/python3.7/site-packages/airflow/example_dags/example_nested_branch_dag.py
[2025-06-20T13:08:18.657+0000] {logging_mixin.py:115} INFO - [2025-06-20T13:08:18.657+0000] {dag.py:2429} INFO - Sync 1 DAGs
[2025-06-20T13:08:18.669+0000] {logging_mixin.py:115} INFO - [2025-06-20T13:08:18.669+0000] {dag.py:2981} INFO - Setting next_dagrun for example_nested_branch_dag to 2025-06-19T00:00:00+00:00, run_after=2025-06-20T00:00:00+00:00
[2025-06-20T13:08:18.676+0000] {processor.py:161} INFO - Processing /home/airflow/.local/lib/python3.7/site-packages/airflow/example_dags/example_nested_branch_dag.py took 0.039 seconds
[2025-06-20T13:08:48.768+0000] {processor.py:153} INFO - Started process (PID=628) to work on /home/airflow/.local/lib/python3.7/site-packages/airflow/example_dags/example_nested_branch_dag.py
[2025-06-20T13:08:48.768+0000] {processor.py:640} INFO - Processing file /home/airflow/.local/lib/python3.7/site-packages/airflow/example_dags/example_nested_branch_dag.py for tasks to queue
[2025-06-20T13:08:48.769+0000] {logging_mixin.py:115} INFO - [2025-06-20T13:08:48.769+0000] {dagbag.py:508} INFO - Filling up the DagBag from /home/airflow/.local/lib/python3.7/site-packages/airflow/example_dags/example_nested_branch_dag.py
[2025-06-20T13:08:48.773+0000] {processor.py:650} INFO - DAG(s) dict_keys(['example_nested_branch_dag']) retrieved from /home/airflow/.local/lib/python3.7/site-packages/airflow/example_dags/example_nested_branch_dag.py
[2025-06-20T13:08:48.784+0000] {logging_mixin.py:115} INFO - [2025-06-20T13:08:48.784+0000] {dag.py:2429} INFO - Sync 1 DAGs
[2025-06-20T13:08:48.795+0000] {logging_mixin.py:115} INFO - [2025-06-20T13:08:48.794+0000] {dag.py:2981} INFO - Setting next_dagrun for example_nested_branch_dag to 2025-06-19T00:00:00+00:00, run_after=2025-06-20T00:00:00+00:00
[2025-06-20T13:08:48.799+0000] {processor.py:161} INFO - Processing /home/airflow/.local/lib/python3.7/site-packages/airflow/example_dags/example_nested_branch_dag.py took 0.033 seconds
[2025-06-20T13:09:18.891+0000] {processor.py:153} INFO - Started process (PID=689) to work on /home/airflow/.local/lib/python3.7/site-packages/airflow/example_dags/example_nested_branch_dag.py
[2025-06-20T13:09:18.893+0000] {processor.py:640} INFO - Processing file /home/airflow/.local/lib/python3.7/site-packages/airflow/example_dags/example_nested_branch_dag.py for tasks to queue
[2025-06-20T13:09:18.894+0000] {logging_mixin.py:115} INFO - [2025-06-20T13:09:18.894+0000] {dagbag.py:508} INFO - Filling up the DagBag from /home/airflow/.local/lib/python3.7/site-packages/airflow/example_dags/example_nested_branch_dag.py
[2025-06-20T13:09:18.899+0000] {processor.py:650} INFO - DAG(s) dict_keys(['example_nested_branch_dag']) retrieved from /home/airflow/.local/lib/python3.7/site-packages/airflow/example_dags/example_nested_branch_dag.py
[2025-06-20T13:09:18.912+0000] {logging_mixin.py:115} INFO - [2025-06-20T13:09:18.912+0000] {dag.py:2429} INFO - Sync 1 DAGs
[2025-06-20T13:09:18.921+0000] {logging_mixin.py:115} INFO - [2025-06-20T13:09:18.921+0000] {dag.py:2981} INFO - Setting next_dagrun for example_nested_branch_dag to 2025-06-19T00:00:00+00:00, run_after=2025-06-20T00:00:00+00:00
[2025-06-20T13:09:18.926+0000] {processor.py:161} INFO - Processing /home/airflow/.local/lib/python3.7/site-packages/airflow/example_dags/example_nested_branch_dag.py took 0.037 seconds
[2025-06-20T13:09:48.978+0000] {processor.py:153} INFO - Started process (PID=750) to work on /home/airflow/.local/lib/python3.7/site-packages/airflow/example_dags/example_nested_branch_dag.py
[2025-06-20T13:09:48.979+0000] {processor.py:640} INFO - Processing file /home/airflow/.local/lib/python3.7/site-packages/airflow/example_dags/example_nested_branch_dag.py for tasks to queue
[2025-06-20T13:09:48.979+0000] {logging_mixin.py:115} INFO - [2025-06-20T13:09:48.979+0000] {dagbag.py:508} INFO - Filling up the DagBag from /home/airflow/.local/lib/python3.7/site-packages/airflow/example_dags/example_nested_branch_dag.py
[2025-06-20T13:09:48.984+0000] {processor.py:650} INFO - DAG(s) dict_keys(['example_nested_branch_dag']) retrieved from /home/airflow/.local/lib/python3.7/site-packages/airflow/example_dags/example_nested_branch_dag.py
[2025-06-20T13:09:48.995+0000] {logging_mixin.py:115} INFO - [2025-06-20T13:09:48.995+0000] {dag.py:2429} INFO - Sync 1 DAGs
[2025-06-20T13:09:49.005+0000] {logging_mixin.py:115} INFO - [2025-06-20T13:09:49.005+0000] {dag.py:2981} INFO - Setting next_dagrun for example_nested_branch_dag to 2025-06-19T00:00:00+00:00, run_after=2025-06-20T00:00:00+00:00
[2025-06-20T13:09:49.010+0000] {processor.py:161} INFO - Processing /home/airflow/.local/lib/python3.7/site-packages/airflow/example_dags/example_nested_branch_dag.py took 0.034 seconds
[2025-06-20T13:10:19.070+0000] {processor.py:153} INFO - Started process (PID=811) to work on /home/airflow/.local/lib/python3.7/site-packages/airflow/example_dags/example_nested_branch_dag.py
[2025-06-20T13:10:19.071+0000] {processor.py:640} INFO - Processing file /home/airflow/.local/lib/python3.7/site-packages/airflow/example_dags/example_nested_branch_dag.py for tasks to queue
[2025-06-20T13:10:19.071+0000] {logging_mixin.py:115} INFO - [2025-06-20T13:10:19.071+0000] {dagbag.py:508} INFO - Filling up the DagBag from /home/airflow/.local/lib/python3.7/site-packages/airflow/example_dags/example_nested_branch_dag.py
[2025-06-20T13:10:19.076+0000] {processor.py:650} INFO - DAG(s) dict_keys(['example_nested_branch_dag']) retrieved from /home/airflow/.local/lib/python3.7/site-packages/airflow/example_dags/example_nested_branch_dag.py
[2025-06-20T13:10:19.086+0000] {logging_mixin.py:115} INFO - [2025-06-20T13:10:19.086+0000] {dag.py:2429} INFO - Sync 1 DAGs
[2025-06-20T13:10:19.096+0000] {logging_mixin.py:115} INFO - [2025-06-20T13:10:19.096+0000] {dag.py:2981} INFO - Setting next_dagrun for example_nested_branch_dag to 2025-06-19T00:00:00+00:00, run_after=2025-06-20T00:00:00+00:00
[2025-06-20T13:10:19.100+0000] {processor.py:161} INFO - Processing /home/airflow/.local/lib/python3.7/site-packages/airflow/example_dags/example_nested_branch_dag.py took 0.032 seconds
[2025-06-20T13:10:49.163+0000] {processor.py:153} INFO - Started process (PID=872) to work on /home/airflow/.local/lib/python3.7/site-packages/airflow/example_dags/example_nested_branch_dag.py
[2025-06-20T13:10:49.164+0000] {processor.py:640} INFO - Processing file /home/airflow/.local/lib/python3.7/site-packages/airflow/example_dags/example_nested_branch_dag.py for tasks to queue
[2025-06-20T13:10:49.165+0000] {logging_mixin.py:115} INFO - [2025-06-20T13:10:49.165+0000] {dagbag.py:508} INFO - Filling up the DagBag from /home/airflow/.local/lib/python3.7/site-packages/airflow/example_dags/example_nested_branch_dag.py
[2025-06-20T13:10:49.171+0000] {processor.py:650} INFO - DAG(s) dict_keys(['example_nested_branch_dag']) retrieved from /home/airflow/.local/lib/python3.7/site-packages/airflow/example_dags/example_nested_branch_dag.py
[2025-06-20T13:10:49.193+0000] {logging_mixin.py:115} INFO - [2025-06-20T13:10:49.193+0000] {dag.py:2429} INFO - Sync 1 DAGs
[2025-06-20T13:10:49.206+0000] {logging_mixin.py:115} INFO - [2025-06-20T13:10:49.205+0000] {dag.py:2981} INFO - Setting next_dagrun for example_nested_branch_dag to 2025-06-19T00:00:00+00:00, run_after=2025-06-20T00:00:00+00:00
[2025-06-20T13:10:49.214+0000] {processor.py:161} INFO - Processing /home/airflow/.local/lib/python3.7/site-packages/airflow/example_dags/example_nested_branch_dag.py took 0.054 seconds
[2025-06-20T13:11:19.305+0000] {processor.py:153} INFO - Started process (PID=924) to work on /home/airflow/.local/lib/python3.7/site-packages/airflow/example_dags/example_nested_branch_dag.py
[2025-06-20T13:11:19.307+0000] {processor.py:640} INFO - Processing file /home/airflow/.local/lib/python3.7/site-packages/airflow/example_dags/example_nested_branch_dag.py for tasks to queue
[2025-06-20T13:11:19.309+0000] {logging_mixin.py:115} INFO - [2025-06-20T13:11:19.309+0000] {dagbag.py:508} INFO - Filling up the DagBag from /home/airflow/.local/lib/python3.7/site-packages/airflow/example_dags/example_nested_branch_dag.py
[2025-06-20T13:11:19.315+0000] {processor.py:650} INFO - DAG(s) dict_keys(['example_nested_branch_dag']) retrieved from /home/airflow/.local/lib/python3.7/site-packages/airflow/example_dags/example_nested_branch_dag.py
[2025-06-20T13:11:19.327+0000] {logging_mixin.py:115} INFO - [2025-06-20T13:11:19.327+0000] {dag.py:2429} INFO - Sync 1 DAGs
[2025-06-20T13:11:19.336+0000] {logging_mixin.py:115} INFO - [2025-06-20T13:11:19.336+0000] {dag.py:2981} INFO - Setting next_dagrun for example_nested_branch_dag to 2025-06-19T00:00:00+00:00, run_after=2025-06-20T00:00:00+00:00
[2025-06-20T13:11:19.341+0000] {processor.py:161} INFO - Processing /home/airflow/.local/lib/python3.7/site-packages/airflow/example_dags/example_nested_branch_dag.py took 0.038 seconds
[2025-06-20T13:11:49.492+0000] {processor.py:153} INFO - Started process (PID=985) to work on /home/airflow/.local/lib/python3.7/site-packages/airflow/example_dags/example_nested_branch_dag.py
[2025-06-20T13:11:49.492+0000] {processor.py:640} INFO - Processing file /home/airflow/.local/lib/python3.7/site-packages/airflow/example_dags/example_nested_branch_dag.py for tasks to queue
[2025-06-20T13:11:49.492+0000] {logging_mixin.py:115} INFO - [2025-06-20T13:11:49.492+0000] {dagbag.py:508} INFO - Filling up the DagBag from /home/airflow/.local/lib/python3.7/site-packages/airflow/example_dags/example_nested_branch_dag.py
[2025-06-20T13:11:49.497+0000] {processor.py:650} INFO - DAG(s) dict_keys(['example_nested_branch_dag']) retrieved from /home/airflow/.local/lib/python3.7/site-packages/airflow/example_dags/example_nested_branch_dag.py
[2025-06-20T13:11:49.508+0000] {logging_mixin.py:115} INFO - [2025-06-20T13:11:49.507+0000] {dag.py:2429} INFO - Sync 1 DAGs
[2025-06-20T13:11:49.516+0000] {logging_mixin.py:115} INFO - [2025-06-20T13:11:49.516+0000] {dag.py:2981} INFO - Setting next_dagrun for example_nested_branch_dag to 2025-06-19T00:00:00+00:00, run_after=2025-06-20T00:00:00+00:00
[2025-06-20T13:11:49.521+0000] {processor.py:161} INFO - Processing /home/airflow/.local/lib/python3.7/site-packages/airflow/example_dags/example_nested_branch_dag.py took 0.030 seconds
[2025-06-20T13:12:19.638+0000] {processor.py:153} INFO - Started process (PID=1046) to work on /home/airflow/.local/lib/python3.7/site-packages/airflow/example_dags/example_nested_branch_dag.py
[2025-06-20T13:12:19.640+0000] {processor.py:640} INFO - Processing file /home/airflow/.local/lib/python3.7/site-packages/airflow/example_dags/example_nested_branch_dag.py for tasks to queue
[2025-06-20T13:12:19.640+0000] {logging_mixin.py:115} INFO - [2025-06-20T13:12:19.640+0000] {dagbag.py:508} INFO - Filling up the DagBag from /home/airflow/.local/lib/python3.7/site-packages/airflow/example_dags/example_nested_branch_dag.py
[2025-06-20T13:12:19.645+0000] {processor.py:650} INFO - DAG(s) dict_keys(['example_nested_branch_dag']) retrieved from /home/airflow/.local/lib/python3.7/site-packages/airflow/example_dags/example_nested_branch_dag.py
[2025-06-20T13:12:19.659+0000] {logging_mixin.py:115} INFO - [2025-06-20T13:12:19.658+0000] {dag.py:2429} INFO - Sync 1 DAGs
[2025-06-20T13:12:19.670+0000] {logging_mixin.py:115} INFO - [2025-06-20T13:12:19.670+0000] {dag.py:2981} INFO - Setting next_dagrun for example_nested_branch_dag to 2025-06-19T00:00:00+00:00, run_after=2025-06-20T00:00:00+00:00
[2025-06-20T13:12:19.675+0000] {processor.py:161} INFO - Processing /home/airflow/.local/lib/python3.7/site-packages/airflow/example_dags/example_nested_branch_dag.py took 0.039 seconds
[2025-06-20T13:12:49.776+0000] {processor.py:153} INFO - Started process (PID=1107) to work on /home/airflow/.local/lib/python3.7/site-packages/airflow/example_dags/example_nested_branch_dag.py
[2025-06-20T13:12:49.777+0000] {processor.py:640} INFO - Processing file /home/airflow/.local/lib/python3.7/site-packages/airflow/example_dags/example_nested_branch_dag.py for tasks to queue
[2025-06-20T13:12:49.777+0000] {logging_mixin.py:115} INFO - [2025-06-20T13:12:49.777+0000] {dagbag.py:508} INFO - Filling up the DagBag from /home/airflow/.local/lib/python3.7/site-packages/airflow/example_dags/example_nested_branch_dag.py
[2025-06-20T13:12:49.784+0000] {processor.py:650} INFO - DAG(s) dict_keys(['example_nested_branch_dag']) retrieved from /home/airflow/.local/lib/python3.7/site-packages/airflow/example_dags/example_nested_branch_dag.py
[2025-06-20T13:12:49.800+0000] {logging_mixin.py:115} INFO - [2025-06-20T13:12:49.800+0000] {dag.py:2429} INFO - Sync 1 DAGs
[2025-06-20T13:12:49.810+0000] {logging_mixin.py:115} INFO - [2025-06-20T13:12:49.810+0000] {dag.py:2981} INFO - Setting next_dagrun for example_nested_branch_dag to 2025-06-19T00:00:00+00:00, run_after=2025-06-20T00:00:00+00:00
[2025-06-20T13:12:49.815+0000] {processor.py:161} INFO - Processing /home/airflow/.local/lib/python3.7/site-packages/airflow/example_dags/example_nested_branch_dag.py took 0.041 seconds
[2025-06-20T13:13:19.896+0000] {processor.py:153} INFO - Started process (PID=1168) to work on /home/airflow/.local/lib/python3.7/site-packages/airflow/example_dags/example_nested_branch_dag.py
[2025-06-20T13:13:19.897+0000] {processor.py:640} INFO - Processing file /home/airflow/.local/lib/python3.7/site-packages/airflow/example_dags/example_nested_branch_dag.py for tasks to queue
[2025-06-20T13:13:19.898+0000] {logging_mixin.py:115} INFO - [2025-06-20T13:13:19.898+0000] {dagbag.py:508} INFO - Filling up the DagBag from /home/airflow/.local/lib/python3.7/site-packages/airflow/example_dags/example_nested_branch_dag.py
[2025-06-20T13:13:19.903+0000] {processor.py:650} INFO - DAG(s) dict_keys(['example_nested_branch_dag']) retrieved from /home/airflow/.local/lib/python3.7/site-packages/airflow/example_dags/example_nested_branch_dag.py
[2025-06-20T13:13:19.914+0000] {logging_mixin.py:115} INFO - [2025-06-20T13:13:19.914+0000] {dag.py:2429} INFO - Sync 1 DAGs
[2025-06-20T13:13:19.924+0000] {logging_mixin.py:115} INFO - [2025-06-20T13:13:19.923+0000] {dag.py:2981} INFO - Setting next_dagrun for example_nested_branch_dag to 2025-06-19T00:00:00+00:00, run_after=2025-06-20T00:00:00+00:00
[2025-06-20T13:13:19.928+0000] {processor.py:161} INFO - Processing /home/airflow/.local/lib/python3.7/site-packages/airflow/example_dags/example_nested_branch_dag.py took 0.034 seconds
[2025-06-20T13:13:50.059+0000] {processor.py:153} INFO - Started process (PID=1220) to work on /home/airflow/.local/lib/python3.7/site-packages/airflow/example_dags/example_nested_branch_dag.py
[2025-06-20T13:13:50.060+0000] {processor.py:640} INFO - Processing file /home/airflow/.local/lib/python3.7/site-packages/airflow/example_dags/example_nested_branch_dag.py for tasks to queue
[2025-06-20T13:13:50.062+0000] {logging_mixin.py:115} INFO - [2025-06-20T13:13:50.062+0000] {dagbag.py:508} INFO - Filling up the DagBag from /home/airflow/.local/lib/python3.7/site-packages/airflow/example_dags/example_nested_branch_dag.py
[2025-06-20T13:13:50.068+0000] {processor.py:650} INFO - DAG(s) dict_keys(['example_nested_branch_dag']) retrieved from /home/airflow/.local/lib/python3.7/site-packages/airflow/example_dags/example_nested_branch_dag.py
[2025-06-20T13:13:50.082+0000] {logging_mixin.py:115} INFO - [2025-06-20T13:13:50.082+0000] {dag.py:2429} INFO - Sync 1 DAGs
[2025-06-20T13:13:50.093+0000] {logging_mixin.py:115} INFO - [2025-06-20T13:13:50.093+0000] {dag.py:2981} INFO - Setting next_dagrun for example_nested_branch_dag to 2025-06-19T00:00:00+00:00, run_after=2025-06-20T00:00:00+00:00
[2025-06-20T13:13:50.099+0000] {processor.py:161} INFO - Processing /home/airflow/.local/lib/python3.7/site-packages/airflow/example_dags/example_nested_branch_dag.py took 0.042 seconds
[2025-06-20T13:14:20.330+0000] {processor.py:153} INFO - Started process (PID=1281) to work on /home/airflow/.local/lib/python3.7/site-packages/airflow/example_dags/example_nested_branch_dag.py
[2025-06-20T13:14:20.330+0000] {processor.py:640} INFO - Processing file /home/airflow/.local/lib/python3.7/site-packages/airflow/example_dags/example_nested_branch_dag.py for tasks to queue
[2025-06-20T13:14:20.331+0000] {logging_mixin.py:115} INFO - [2025-06-20T13:14:20.331+0000] {dagbag.py:508} INFO - Filling up the DagBag from /home/airflow/.local/lib/python3.7/site-packages/airflow/example_dags/example_nested_branch_dag.py
[2025-06-20T13:14:20.336+0000] {processor.py:650} INFO - DAG(s) dict_keys(['example_nested_branch_dag']) retrieved from /home/airflow/.local/lib/python3.7/site-packages/airflow/example_dags/example_nested_branch_dag.py
[2025-06-20T13:14:20.349+0000] {logging_mixin.py:115} INFO - [2025-06-20T13:14:20.348+0000] {dag.py:2429} INFO - Sync 1 DAGs
[2025-06-20T13:14:20.359+0000] {logging_mixin.py:115} INFO - [2025-06-20T13:14:20.359+0000] {dag.py:2981} INFO - Setting next_dagrun for example_nested_branch_dag to 2025-06-19T00:00:00+00:00, run_after=2025-06-20T00:00:00+00:00
[2025-06-20T13:14:20.364+0000] {processor.py:161} INFO - Processing /home/airflow/.local/lib/python3.7/site-packages/airflow/example_dags/example_nested_branch_dag.py took 0.037 seconds
[2025-06-20T13:14:50.407+0000] {processor.py:153} INFO - Started process (PID=1342) to work on /home/airflow/.local/lib/python3.7/site-packages/airflow/example_dags/example_nested_branch_dag.py
[2025-06-20T13:14:50.409+0000] {processor.py:640} INFO - Processing file /home/airflow/.local/lib/python3.7/site-packages/airflow/example_dags/example_nested_branch_dag.py for tasks to queue
[2025-06-20T13:14:50.409+0000] {logging_mixin.py:115} INFO - [2025-06-20T13:14:50.409+0000] {dagbag.py:508} INFO - Filling up the DagBag from /home/airflow/.local/lib/python3.7/site-packages/airflow/example_dags/example_nested_branch_dag.py
[2025-06-20T13:14:50.414+0000] {processor.py:650} INFO - DAG(s) dict_keys(['example_nested_branch_dag']) retrieved from /home/airflow/.local/lib/python3.7/site-packages/airflow/example_dags/example_nested_branch_dag.py
[2025-06-20T13:14:50.424+0000] {logging_mixin.py:115} INFO - [2025-06-20T13:14:50.424+0000] {dag.py:2429} INFO - Sync 1 DAGs
[2025-06-20T13:14:50.433+0000] {logging_mixin.py:115} INFO - [2025-06-20T13:14:50.433+0000] {dag.py:2981} INFO - Setting next_dagrun for example_nested_branch_dag to 2025-06-19T00:00:00+00:00, run_after=2025-06-20T00:00:00+00:00
[2025-06-20T13:14:50.437+0000] {processor.py:161} INFO - Processing /home/airflow/.local/lib/python3.7/site-packages/airflow/example_dags/example_nested_branch_dag.py took 0.032 seconds
[2025-06-20T13:15:20.533+0000] {processor.py:153} INFO - Started process (PID=1403) to work on /home/airflow/.local/lib/python3.7/site-packages/airflow/example_dags/example_nested_branch_dag.py
[2025-06-20T13:15:20.534+0000] {processor.py:640} INFO - Processing file /home/airflow/.local/lib/python3.7/site-packages/airflow/example_dags/example_nested_branch_dag.py for tasks to queue
[2025-06-20T13:15:20.534+0000] {logging_mixin.py:115} INFO - [2025-06-20T13:15:20.534+0000] {dagbag.py:508} INFO - Filling up the DagBag from /home/airflow/.local/lib/python3.7/site-packages/airflow/example_dags/example_nested_branch_dag.py
[2025-06-20T13:15:20.539+0000] {processor.py:650} INFO - DAG(s) dict_keys(['example_nested_branch_dag']) retrieved from /home/airflow/.local/lib/python3.7/site-packages/airflow/example_dags/example_nested_branch_dag.py
[2025-06-20T13:15:20.550+0000] {logging_mixin.py:115} INFO - [2025-06-20T13:15:20.550+0000] {dag.py:2429} INFO - Sync 1 DAGs
[2025-06-20T13:15:20.561+0000] {logging_mixin.py:115} INFO - [2025-06-20T13:15:20.561+0000] {dag.py:2981} INFO - Setting next_dagrun for example_nested_branch_dag to 2025-06-19T00:00:00+00:00, run_after=2025-06-20T00:00:00+00:00
[2025-06-20T13:15:20.565+0000] {processor.py:161} INFO - Processing /home/airflow/.local/lib/python3.7/site-packages/airflow/example_dags/example_nested_branch_dag.py took 0.034 seconds
[2025-06-20T13:15:50.661+0000] {processor.py:153} INFO - Started process (PID=1464) to work on /home/airflow/.local/lib/python3.7/site-packages/airflow/example_dags/example_nested_branch_dag.py
[2025-06-20T13:15:50.663+0000] {processor.py:640} INFO - Processing file /home/airflow/.local/lib/python3.7/site-packages/airflow/example_dags/example_nested_branch_dag.py for tasks to queue
[2025-06-20T13:15:50.663+0000] {logging_mixin.py:115} INFO - [2025-06-20T13:15:50.663+0000] {dagbag.py:508} INFO - Filling up the DagBag from /home/airflow/.local/lib/python3.7/site-packages/airflow/example_dags/example_nested_branch_dag.py
[2025-06-20T13:15:50.668+0000] {processor.py:650} INFO - DAG(s) dict_keys(['example_nested_branch_dag']) retrieved from /home/airflow/.local/lib/python3.7/site-packages/airflow/example_dags/example_nested_branch_dag.py
[2025-06-20T13:15:50.679+0000] {logging_mixin.py:115} INFO - [2025-06-20T13:15:50.679+0000] {dag.py:2429} INFO - Sync 1 DAGs
[2025-06-20T13:15:50.689+0000] {logging_mixin.py:115} INFO - [2025-06-20T13:15:50.689+0000] {dag.py:2981} INFO - Setting next_dagrun for example_nested_branch_dag to 2025-06-19T00:00:00+00:00, run_after=2025-06-20T00:00:00+00:00
[2025-06-20T13:15:50.694+0000] {processor.py:161} INFO - Processing /home/airflow/.local/lib/python3.7/site-packages/airflow/example_dags/example_nested_branch_dag.py took 0.034 seconds
[2025-06-20T13:16:20.726+0000] {processor.py:153} INFO - Started process (PID=1525) to work on /home/airflow/.local/lib/python3.7/site-packages/airflow/example_dags/example_nested_branch_dag.py
[2025-06-20T13:16:20.727+0000] {processor.py:640} INFO - Processing file /home/airflow/.local/lib/python3.7/site-packages/airflow/example_dags/example_nested_branch_dag.py for tasks to queue
[2025-06-20T13:16:20.728+0000] {logging_mixin.py:115} INFO - [2025-06-20T13:16:20.727+0000] {dagbag.py:508} INFO - Filling up the DagBag from /home/airflow/.local/lib/python3.7/site-packages/airflow/example_dags/example_nested_branch_dag.py
[2025-06-20T13:16:20.733+0000] {processor.py:650} INFO - DAG(s) dict_keys(['example_nested_branch_dag']) retrieved from /home/airflow/.local/lib/python3.7/site-packages/airflow/example_dags/example_nested_branch_dag.py
[2025-06-20T13:16:20.749+0000] {logging_mixin.py:115} INFO - [2025-06-20T13:16:20.749+0000] {dag.py:2429} INFO - Sync 1 DAGs
[2025-06-20T13:16:20.776+0000] {logging_mixin.py:115} INFO - [2025-06-20T13:16:20.776+0000] {dag.py:2981} INFO - Setting next_dagrun for example_nested_branch_dag to 2025-06-19T00:00:00+00:00, run_after=2025-06-20T00:00:00+00:00
[2025-06-20T13:16:20.785+0000] {processor.py:161} INFO - Processing /home/airflow/.local/lib/python3.7/site-packages/airflow/example_dags/example_nested_branch_dag.py took 0.061 seconds
[2025-06-20T13:16:51.085+0000] {processor.py:153} INFO - Started process (PID=1577) to work on /home/airflow/.local/lib/python3.7/site-packages/airflow/example_dags/example_nested_branch_dag.py
[2025-06-20T13:16:51.087+0000] {processor.py:640} INFO - Processing file /home/airflow/.local/lib/python3.7/site-packages/airflow/example_dags/example_nested_branch_dag.py for tasks to queue
[2025-06-20T13:16:51.088+0000] {logging_mixin.py:115} INFO - [2025-06-20T13:16:51.088+0000] {dagbag.py:508} INFO - Filling up the DagBag from /home/airflow/.local/lib/python3.7/site-packages/airflow/example_dags/example_nested_branch_dag.py
[2025-06-20T13:16:51.094+0000] {processor.py:650} INFO - DAG(s) dict_keys(['example_nested_branch_dag']) retrieved from /home/airflow/.local/lib/python3.7/site-packages/airflow/example_dags/example_nested_branch_dag.py
[2025-06-20T13:16:51.107+0000] {logging_mixin.py:115} INFO - [2025-06-20T13:16:51.107+0000] {dag.py:2429} INFO - Sync 1 DAGs
[2025-06-20T13:16:51.117+0000] {logging_mixin.py:115} INFO - [2025-06-20T13:16:51.117+0000] {dag.py:2981} INFO - Setting next_dagrun for example_nested_branch_dag to 2025-06-19T00:00:00+00:00, run_after=2025-06-20T00:00:00+00:00
[2025-06-20T13:16:51.122+0000] {processor.py:161} INFO - Processing /home/airflow/.local/lib/python3.7/site-packages/airflow/example_dags/example_nested_branch_dag.py took 0.038 seconds
[2025-06-20T13:17:21.241+0000] {processor.py:153} INFO - Started process (PID=1638) to work on /home/airflow/.local/lib/python3.7/site-packages/airflow/example_dags/example_nested_branch_dag.py
[2025-06-20T13:17:21.241+0000] {processor.py:640} INFO - Processing file /home/airflow/.local/lib/python3.7/site-packages/airflow/example_dags/example_nested_branch_dag.py for tasks to queue
[2025-06-20T13:17:21.242+0000] {logging_mixin.py:115} INFO - [2025-06-20T13:17:21.242+0000] {dagbag.py:508} INFO - Filling up the DagBag from /home/airflow/.local/lib/python3.7/site-packages/airflow/example_dags/example_nested_branch_dag.py
[2025-06-20T13:17:21.247+0000] {processor.py:650} INFO - DAG(s) dict_keys(['example_nested_branch_dag']) retrieved from /home/airflow/.local/lib/python3.7/site-packages/airflow/example_dags/example_nested_branch_dag.py
[2025-06-20T13:17:21.258+0000] {logging_mixin.py:115} INFO - [2025-06-20T13:17:21.258+0000] {dag.py:2429} INFO - Sync 1 DAGs
[2025-06-20T13:17:21.268+0000] {logging_mixin.py:115} INFO - [2025-06-20T13:17:21.268+0000] {dag.py:2981} INFO - Setting next_dagrun for example_nested_branch_dag to 2025-06-19T00:00:00+00:00, run_after=2025-06-20T00:00:00+00:00
[2025-06-20T13:17:21.272+0000] {processor.py:161} INFO - Processing /home/airflow/.local/lib/python3.7/site-packages/airflow/example_dags/example_nested_branch_dag.py took 0.033 seconds
[2025-06-20T13:17:51.352+0000] {processor.py:153} INFO - Started process (PID=1699) to work on /home/airflow/.local/lib/python3.7/site-packages/airflow/example_dags/example_nested_branch_dag.py
[2025-06-20T13:17:51.355+0000] {processor.py:640} INFO - Processing file /home/airflow/.local/lib/python3.7/site-packages/airflow/example_dags/example_nested_branch_dag.py for tasks to queue
[2025-06-20T13:17:51.356+0000] {logging_mixin.py:115} INFO - [2025-06-20T13:17:51.356+0000] {dagbag.py:508} INFO - Filling up the DagBag from /home/airflow/.local/lib/python3.7/site-packages/airflow/example_dags/example_nested_branch_dag.py
[2025-06-20T13:17:51.361+0000] {processor.py:650} INFO - DAG(s) dict_keys(['example_nested_branch_dag']) retrieved from /home/airflow/.local/lib/python3.7/site-packages/airflow/example_dags/example_nested_branch_dag.py
[2025-06-20T13:17:51.373+0000] {logging_mixin.py:115} INFO - [2025-06-20T13:17:51.373+0000] {dag.py:2429} INFO - Sync 1 DAGs
[2025-06-20T13:17:51.382+0000] {logging_mixin.py:115} INFO - [2025-06-20T13:17:51.382+0000] {dag.py:2981} INFO - Setting next_dagrun for example_nested_branch_dag to 2025-06-19T00:00:00+00:00, run_after=2025-06-20T00:00:00+00:00
[2025-06-20T13:17:51.387+0000] {processor.py:161} INFO - Processing /home/airflow/.local/lib/python3.7/site-packages/airflow/example_dags/example_nested_branch_dag.py took 0.036 seconds
[2025-06-20T13:18:21.454+0000] {processor.py:153} INFO - Started process (PID=1760) to work on /home/airflow/.local/lib/python3.7/site-packages/airflow/example_dags/example_nested_branch_dag.py
[2025-06-20T13:18:21.456+0000] {processor.py:640} INFO - Processing file /home/airflow/.local/lib/python3.7/site-packages/airflow/example_dags/example_nested_branch_dag.py for tasks to queue
[2025-06-20T13:18:21.456+0000] {logging_mixin.py:115} INFO - [2025-06-20T13:18:21.456+0000] {dagbag.py:508} INFO - Filling up the DagBag from /home/airflow/.local/lib/python3.7/site-packages/airflow/example_dags/example_nested_branch_dag.py
[2025-06-20T13:18:21.461+0000] {processor.py:650} INFO - DAG(s) dict_keys(['example_nested_branch_dag']) retrieved from /home/airflow/.local/lib/python3.7/site-packages/airflow/example_dags/example_nested_branch_dag.py
[2025-06-20T13:18:21.472+0000] {logging_mixin.py:115} INFO - [2025-06-20T13:18:21.472+0000] {dag.py:2429} INFO - Sync 1 DAGs
[2025-06-20T13:18:21.482+0000] {logging_mixin.py:115} INFO - [2025-06-20T13:18:21.482+0000] {dag.py:2981} INFO - Setting next_dagrun for example_nested_branch_dag to 2025-06-19T00:00:00+00:00, run_after=2025-06-20T00:00:00+00:00
[2025-06-20T13:18:21.487+0000] {processor.py:161} INFO - Processing /home/airflow/.local/lib/python3.7/site-packages/airflow/example_dags/example_nested_branch_dag.py took 0.035 seconds
[2025-06-20T13:18:51.657+0000] {processor.py:153} INFO - Started process (PID=1821) to work on /home/airflow/.local/lib/python3.7/site-packages/airflow/example_dags/example_nested_branch_dag.py
[2025-06-20T13:18:51.658+0000] {processor.py:640} INFO - Processing file /home/airflow/.local/lib/python3.7/site-packages/airflow/example_dags/example_nested_branch_dag.py for tasks to queue
[2025-06-20T13:18:51.659+0000] {logging_mixin.py:115} INFO - [2025-06-20T13:18:51.659+0000] {dagbag.py:508} INFO - Filling up the DagBag from /home/airflow/.local/lib/python3.7/site-packages/airflow/example_dags/example_nested_branch_dag.py
[2025-06-20T13:18:51.663+0000] {processor.py:650} INFO - DAG(s) dict_keys(['example_nested_branch_dag']) retrieved from /home/airflow/.local/lib/python3.7/site-packages/airflow/example_dags/example_nested_branch_dag.py
[2025-06-20T13:18:51.675+0000] {logging_mixin.py:115} INFO - [2025-06-20T13:18:51.675+0000] {dag.py:2429} INFO - Sync 1 DAGs
[2025-06-20T13:18:51.686+0000] {logging_mixin.py:115} INFO - [2025-06-20T13:18:51.686+0000] {dag.py:2981} INFO - Setting next_dagrun for example_nested_branch_dag to 2025-06-19T00:00:00+00:00, run_after=2025-06-20T00:00:00+00:00
[2025-06-20T13:18:51.691+0000] {processor.py:161} INFO - Processing /home/airflow/.local/lib/python3.7/site-packages/airflow/example_dags/example_nested_branch_dag.py took 0.035 seconds
[2025-06-20T13:19:21.778+0000] {processor.py:153} INFO - Started process (PID=1879) to work on /home/airflow/.local/lib/python3.7/site-packages/airflow/example_dags/example_nested_branch_dag.py
[2025-06-20T13:19:21.779+0000] {processor.py:640} INFO - Processing file /home/airflow/.local/lib/python3.7/site-packages/airflow/example_dags/example_nested_branch_dag.py for tasks to queue
[2025-06-20T13:19:21.781+0000] {logging_mixin.py:115} INFO - [2025-06-20T13:19:21.781+0000] {dagbag.py:508} INFO - Filling up the DagBag from /home/airflow/.local/lib/python3.7/site-packages/airflow/example_dags/example_nested_branch_dag.py
[2025-06-20T13:19:21.787+0000] {processor.py:650} INFO - DAG(s) dict_keys(['example_nested_branch_dag']) retrieved from /home/airflow/.local/lib/python3.7/site-packages/airflow/example_dags/example_nested_branch_dag.py
[2025-06-20T13:19:21.806+0000] {logging_mixin.py:115} INFO - [2025-06-20T13:19:21.806+0000] {dag.py:2429} INFO - Sync 1 DAGs
[2025-06-20T13:19:21.817+0000] {logging_mixin.py:115} INFO - [2025-06-20T13:19:21.817+0000] {dag.py:2981} INFO - Setting next_dagrun for example_nested_branch_dag to 2025-06-19T00:00:00+00:00, run_after=2025-06-20T00:00:00+00:00
[2025-06-20T13:19:21.823+0000] {processor.py:161} INFO - Processing /home/airflow/.local/lib/python3.7/site-packages/airflow/example_dags/example_nested_branch_dag.py took 0.046 seconds
[2025-06-20T13:19:51.945+0000] {processor.py:153} INFO - Started process (PID=1934) to work on /home/airflow/.local/lib/python3.7/site-packages/airflow/example_dags/example_nested_branch_dag.py
[2025-06-20T13:19:51.948+0000] {processor.py:640} INFO - Processing file /home/airflow/.local/lib/python3.7/site-packages/airflow/example_dags/example_nested_branch_dag.py for tasks to queue
[2025-06-20T13:19:51.948+0000] {logging_mixin.py:115} INFO - [2025-06-20T13:19:51.948+0000] {dagbag.py:508} INFO - Filling up the DagBag from /home/airflow/.local/lib/python3.7/site-packages/airflow/example_dags/example_nested_branch_dag.py
[2025-06-20T13:19:51.955+0000] {processor.py:650} INFO - DAG(s) dict_keys(['example_nested_branch_dag']) retrieved from /home/airflow/.local/lib/python3.7/site-packages/airflow/example_dags/example_nested_branch_dag.py
[2025-06-20T13:19:51.966+0000] {logging_mixin.py:115} INFO - [2025-06-20T13:19:51.966+0000] {dag.py:2429} INFO - Sync 1 DAGs
[2025-06-20T13:19:51.976+0000] {logging_mixin.py:115} INFO - [2025-06-20T13:19:51.976+0000] {dag.py:2981} INFO - Setting next_dagrun for example_nested_branch_dag to 2025-06-19T00:00:00+00:00, run_after=2025-06-20T00:00:00+00:00
[2025-06-20T13:19:51.982+0000] {processor.py:161} INFO - Processing /home/airflow/.local/lib/python3.7/site-packages/airflow/example_dags/example_nested_branch_dag.py took 0.038 seconds
[2025-06-20T13:20:22.039+0000] {processor.py:153} INFO - Started process (PID=1995) to work on /home/airflow/.local/lib/python3.7/site-packages/airflow/example_dags/example_nested_branch_dag.py
[2025-06-20T13:20:22.041+0000] {processor.py:640} INFO - Processing file /home/airflow/.local/lib/python3.7/site-packages/airflow/example_dags/example_nested_branch_dag.py for tasks to queue
[2025-06-20T13:20:22.041+0000] {logging_mixin.py:115} INFO - [2025-06-20T13:20:22.041+0000] {dagbag.py:508} INFO - Filling up the DagBag from /home/airflow/.local/lib/python3.7/site-packages/airflow/example_dags/example_nested_branch_dag.py
[2025-06-20T13:20:22.047+0000] {processor.py:650} INFO - DAG(s) dict_keys(['example_nested_branch_dag']) retrieved from /home/airflow/.local/lib/python3.7/site-packages/airflow/example_dags/example_nested_branch_dag.py
[2025-06-20T13:20:22.058+0000] {logging_mixin.py:115} INFO - [2025-06-20T13:20:22.058+0000] {dag.py:2429} INFO - Sync 1 DAGs
[2025-06-20T13:20:22.068+0000] {logging_mixin.py:115} INFO - [2025-06-20T13:20:22.067+0000] {dag.py:2981} INFO - Setting next_dagrun for example_nested_branch_dag to 2025-06-19T00:00:00+00:00, run_after=2025-06-20T00:00:00+00:00
[2025-06-20T13:20:22.073+0000] {processor.py:161} INFO - Processing /home/airflow/.local/lib/python3.7/site-packages/airflow/example_dags/example_nested_branch_dag.py took 0.036 seconds
[2025-06-20T13:20:52.219+0000] {processor.py:153} INFO - Started process (PID=2056) to work on /home/airflow/.local/lib/python3.7/site-packages/airflow/example_dags/example_nested_branch_dag.py
[2025-06-20T13:20:52.221+0000] {processor.py:640} INFO - Processing file /home/airflow/.local/lib/python3.7/site-packages/airflow/example_dags/example_nested_branch_dag.py for tasks to queue
[2025-06-20T13:20:52.221+0000] {logging_mixin.py:115} INFO - [2025-06-20T13:20:52.221+0000] {dagbag.py:508} INFO - Filling up the DagBag from /home/airflow/.local/lib/python3.7/site-packages/airflow/example_dags/example_nested_branch_dag.py
[2025-06-20T13:20:52.226+0000] {processor.py:650} INFO - DAG(s) dict_keys(['example_nested_branch_dag']) retrieved from /home/airflow/.local/lib/python3.7/site-packages/airflow/example_dags/example_nested_branch_dag.py
[2025-06-20T13:20:52.237+0000] {logging_mixin.py:115} INFO - [2025-06-20T13:20:52.237+0000] {dag.py:2429} INFO - Sync 1 DAGs
[2025-06-20T13:20:52.247+0000] {logging_mixin.py:115} INFO - [2025-06-20T13:20:52.247+0000] {dag.py:2981} INFO - Setting next_dagrun for example_nested_branch_dag to 2025-06-19T00:00:00+00:00, run_after=2025-06-20T00:00:00+00:00
[2025-06-20T13:20:52.253+0000] {processor.py:161} INFO - Processing /home/airflow/.local/lib/python3.7/site-packages/airflow/example_dags/example_nested_branch_dag.py took 0.036 seconds
[2025-06-20T13:21:22.332+0000] {processor.py:153} INFO - Started process (PID=2117) to work on /home/airflow/.local/lib/python3.7/site-packages/airflow/example_dags/example_nested_branch_dag.py
[2025-06-20T13:21:22.333+0000] {processor.py:640} INFO - Processing file /home/airflow/.local/lib/python3.7/site-packages/airflow/example_dags/example_nested_branch_dag.py for tasks to queue
[2025-06-20T13:21:22.334+0000] {logging_mixin.py:115} INFO - [2025-06-20T13:21:22.334+0000] {dagbag.py:508} INFO - Filling up the DagBag from /home/airflow/.local/lib/python3.7/site-packages/airflow/example_dags/example_nested_branch_dag.py
[2025-06-20T13:21:22.339+0000] {processor.py:650} INFO - DAG(s) dict_keys(['example_nested_branch_dag']) retrieved from /home/airflow/.local/lib/python3.7/site-packages/airflow/example_dags/example_nested_branch_dag.py
[2025-06-20T13:21:22.353+0000] {logging_mixin.py:115} INFO - [2025-06-20T13:21:22.353+0000] {dag.py:2429} INFO - Sync 1 DAGs
[2025-06-20T13:21:22.369+0000] {logging_mixin.py:115} INFO - [2025-06-20T13:21:22.369+0000] {dag.py:2981} INFO - Setting next_dagrun for example_nested_branch_dag to 2025-06-19T00:00:00+00:00, run_after=2025-06-20T00:00:00+00:00
[2025-06-20T13:21:22.377+0000] {processor.py:161} INFO - Processing /home/airflow/.local/lib/python3.7/site-packages/airflow/example_dags/example_nested_branch_dag.py took 0.046 seconds
[2025-06-20T13:21:52.502+0000] {processor.py:153} INFO - Started process (PID=2178) to work on /home/airflow/.local/lib/python3.7/site-packages/airflow/example_dags/example_nested_branch_dag.py
[2025-06-20T13:21:52.503+0000] {processor.py:640} INFO - Processing file /home/airflow/.local/lib/python3.7/site-packages/airflow/example_dags/example_nested_branch_dag.py for tasks to queue
[2025-06-20T13:21:52.503+0000] {logging_mixin.py:115} INFO - [2025-06-20T13:21:52.503+0000] {dagbag.py:508} INFO - Filling up the DagBag from /home/airflow/.local/lib/python3.7/site-packages/airflow/example_dags/example_nested_branch_dag.py
[2025-06-20T13:21:52.508+0000] {processor.py:650} INFO - DAG(s) dict_keys(['example_nested_branch_dag']) retrieved from /home/airflow/.local/lib/python3.7/site-packages/airflow/example_dags/example_nested_branch_dag.py
[2025-06-20T13:21:52.520+0000] {logging_mixin.py:115} INFO - [2025-06-20T13:21:52.520+0000] {dag.py:2429} INFO - Sync 1 DAGs
[2025-06-20T13:21:52.530+0000] {logging_mixin.py:115} INFO - [2025-06-20T13:21:52.530+0000] {dag.py:2981} INFO - Setting next_dagrun for example_nested_branch_dag to 2025-06-19T00:00:00+00:00, run_after=2025-06-20T00:00:00+00:00
[2025-06-20T13:21:52.535+0000] {processor.py:161} INFO - Processing /home/airflow/.local/lib/python3.7/site-packages/airflow/example_dags/example_nested_branch_dag.py took 0.034 seconds
[2025-06-20T13:22:22.601+0000] {processor.py:153} INFO - Started process (PID=2230) to work on /home/airflow/.local/lib/python3.7/site-packages/airflow/example_dags/example_nested_branch_dag.py
[2025-06-20T13:22:22.601+0000] {processor.py:640} INFO - Processing file /home/airflow/.local/lib/python3.7/site-packages/airflow/example_dags/example_nested_branch_dag.py for tasks to queue
[2025-06-20T13:22:22.602+0000] {logging_mixin.py:115} INFO - [2025-06-20T13:22:22.602+0000] {dagbag.py:508} INFO - Filling up the DagBag from /home/airflow/.local/lib/python3.7/site-packages/airflow/example_dags/example_nested_branch_dag.py
[2025-06-20T13:22:22.608+0000] {processor.py:650} INFO - DAG(s) dict_keys(['example_nested_branch_dag']) retrieved from /home/airflow/.local/lib/python3.7/site-packages/airflow/example_dags/example_nested_branch_dag.py
[2025-06-20T13:22:22.621+0000] {logging_mixin.py:115} INFO - [2025-06-20T13:22:22.621+0000] {dag.py:2429} INFO - Sync 1 DAGs
[2025-06-20T13:22:22.631+0000] {logging_mixin.py:115} INFO - [2025-06-20T13:22:22.631+0000] {dag.py:2981} INFO - Setting next_dagrun for example_nested_branch_dag to 2025-06-19T00:00:00+00:00, run_after=2025-06-20T00:00:00+00:00
[2025-06-20T13:22:22.638+0000] {processor.py:161} INFO - Processing /home/airflow/.local/lib/python3.7/site-packages/airflow/example_dags/example_nested_branch_dag.py took 0.039 seconds
[2025-06-20T13:22:52.688+0000] {processor.py:153} INFO - Started process (PID=2291) to work on /home/airflow/.local/lib/python3.7/site-packages/airflow/example_dags/example_nested_branch_dag.py
[2025-06-20T13:22:52.689+0000] {processor.py:640} INFO - Processing file /home/airflow/.local/lib/python3.7/site-packages/airflow/example_dags/example_nested_branch_dag.py for tasks to queue
[2025-06-20T13:22:52.690+0000] {logging_mixin.py:115} INFO - [2025-06-20T13:22:52.690+0000] {dagbag.py:508} INFO - Filling up the DagBag from /home/airflow/.local/lib/python3.7/site-packages/airflow/example_dags/example_nested_branch_dag.py
[2025-06-20T13:22:52.695+0000] {processor.py:650} INFO - DAG(s) dict_keys(['example_nested_branch_dag']) retrieved from /home/airflow/.local/lib/python3.7/site-packages/airflow/example_dags/example_nested_branch_dag.py
[2025-06-20T13:22:52.706+0000] {logging_mixin.py:115} INFO - [2025-06-20T13:22:52.706+0000] {dag.py:2429} INFO - Sync 1 DAGs
[2025-06-20T13:22:52.715+0000] {logging_mixin.py:115} INFO - [2025-06-20T13:22:52.715+0000] {dag.py:2981} INFO - Setting next_dagrun for example_nested_branch_dag to 2025-06-19T00:00:00+00:00, run_after=2025-06-20T00:00:00+00:00
[2025-06-20T13:22:52.721+0000] {processor.py:161} INFO - Processing /home/airflow/.local/lib/python3.7/site-packages/airflow/example_dags/example_nested_branch_dag.py took 0.035 seconds
[2025-06-20T13:23:22.867+0000] {processor.py:153} INFO - Started process (PID=2352) to work on /home/airflow/.local/lib/python3.7/site-packages/airflow/example_dags/example_nested_branch_dag.py
[2025-06-20T13:23:22.868+0000] {processor.py:640} INFO - Processing file /home/airflow/.local/lib/python3.7/site-packages/airflow/example_dags/example_nested_branch_dag.py for tasks to queue
[2025-06-20T13:23:22.871+0000] {logging_mixin.py:115} INFO - [2025-06-20T13:23:22.870+0000] {dagbag.py:508} INFO - Filling up the DagBag from /home/airflow/.local/lib/python3.7/site-packages/airflow/example_dags/example_nested_branch_dag.py
[2025-06-20T13:23:22.876+0000] {processor.py:650} INFO - DAG(s) dict_keys(['example_nested_branch_dag']) retrieved from /home/airflow/.local/lib/python3.7/site-packages/airflow/example_dags/example_nested_branch_dag.py
[2025-06-20T13:23:22.892+0000] {logging_mixin.py:115} INFO - [2025-06-20T13:23:22.892+0000] {dag.py:2429} INFO - Sync 1 DAGs
[2025-06-20T13:23:22.903+0000] {logging_mixin.py:115} INFO - [2025-06-20T13:23:22.903+0000] {dag.py:2981} INFO - Setting next_dagrun for example_nested_branch_dag to 2025-06-19T00:00:00+00:00, run_after=2025-06-20T00:00:00+00:00
[2025-06-20T13:23:22.908+0000] {processor.py:161} INFO - Processing /home/airflow/.local/lib/python3.7/site-packages/airflow/example_dags/example_nested_branch_dag.py took 0.043 seconds
[2025-06-20T13:23:53.083+0000] {processor.py:153} INFO - Started process (PID=2413) to work on /home/airflow/.local/lib/python3.7/site-packages/airflow/example_dags/example_nested_branch_dag.py
[2025-06-20T13:23:53.084+0000] {processor.py:640} INFO - Processing file /home/airflow/.local/lib/python3.7/site-packages/airflow/example_dags/example_nested_branch_dag.py for tasks to queue
[2025-06-20T13:23:53.084+0000] {logging_mixin.py:115} INFO - [2025-06-20T13:23:53.084+0000] {dagbag.py:508} INFO - Filling up the DagBag from /home/airflow/.local/lib/python3.7/site-packages/airflow/example_dags/example_nested_branch_dag.py
[2025-06-20T13:23:53.089+0000] {processor.py:650} INFO - DAG(s) dict_keys(['example_nested_branch_dag']) retrieved from /home/airflow/.local/lib/python3.7/site-packages/airflow/example_dags/example_nested_branch_dag.py
[2025-06-20T13:23:53.100+0000] {logging_mixin.py:115} INFO - [2025-06-20T13:23:53.100+0000] {dag.py:2429} INFO - Sync 1 DAGs
[2025-06-20T13:23:53.110+0000] {logging_mixin.py:115} INFO - [2025-06-20T13:23:53.110+0000] {dag.py:2981} INFO - Setting next_dagrun for example_nested_branch_dag to 2025-06-19T00:00:00+00:00, run_after=2025-06-20T00:00:00+00:00
[2025-06-20T13:23:53.115+0000] {processor.py:161} INFO - Processing /home/airflow/.local/lib/python3.7/site-packages/airflow/example_dags/example_nested_branch_dag.py took 0.034 seconds
[2025-06-20T13:24:23.206+0000] {processor.py:153} INFO - Started process (PID=2474) to work on /home/airflow/.local/lib/python3.7/site-packages/airflow/example_dags/example_nested_branch_dag.py
[2025-06-20T13:24:23.207+0000] {processor.py:640} INFO - Processing file /home/airflow/.local/lib/python3.7/site-packages/airflow/example_dags/example_nested_branch_dag.py for tasks to queue
[2025-06-20T13:24:23.207+0000] {logging_mixin.py:115} INFO - [2025-06-20T13:24:23.207+0000] {dagbag.py:508} INFO - Filling up the DagBag from /home/airflow/.local/lib/python3.7/site-packages/airflow/example_dags/example_nested_branch_dag.py
[2025-06-20T13:24:23.212+0000] {processor.py:650} INFO - DAG(s) dict_keys(['example_nested_branch_dag']) retrieved from /home/airflow/.local/lib/python3.7/site-packages/airflow/example_dags/example_nested_branch_dag.py
[2025-06-20T13:24:23.231+0000] {logging_mixin.py:115} INFO - [2025-06-20T13:24:23.231+0000] {dag.py:2429} INFO - Sync 1 DAGs
[2025-06-20T13:24:23.246+0000] {logging_mixin.py:115} INFO - [2025-06-20T13:24:23.246+0000] {dag.py:2981} INFO - Setting next_dagrun for example_nested_branch_dag to 2025-06-19T00:00:00+00:00, run_after=2025-06-20T00:00:00+00:00
[2025-06-20T13:24:23.256+0000] {processor.py:161} INFO - Processing /home/airflow/.local/lib/python3.7/site-packages/airflow/example_dags/example_nested_branch_dag.py took 0.051 seconds
