[2025-06-20T12:58:52.604+0000] {processor.py:153} INFO - Started process (PID=50) to work on /home/airflow/.local/lib/python3.7/site-packages/airflow/example_dags/example_skip_dag.py
[2025-06-20T12:58:52.606+0000] {processor.py:640} INFO - Processing file /home/airflow/.local/lib/python3.7/site-packages/airflow/example_dags/example_skip_dag.py for tasks to queue
[2025-06-20T12:58:52.607+0000] {logging_mixin.py:115} INFO - [2025-06-20T12:58:52.607+0000] {dagbag.py:508} INFO - Filling up the DagBag from /home/airflow/.local/lib/python3.7/site-packages/airflow/example_dags/example_skip_dag.py
[2025-06-20T12:58:52.611+0000] {processor.py:650} INFO - DAG(s) dict_keys(['example_skip_dag']) retrieved from /home/airflow/.local/lib/python3.7/site-packages/airflow/example_dags/example_skip_dag.py
[2025-06-20T12:58:52.668+0000] {logging_mixin.py:115} INFO - [2025-06-20T12:58:52.668+0000] {manager.py:508} INFO - Created Permission View: can read on DAG:example_skip_dag
[2025-06-20T12:58:52.677+0000] {logging_mixin.py:115} INFO - [2025-06-20T12:58:52.677+0000] {manager.py:508} INFO - Created Permission View: can delete on DAG:example_skip_dag
[2025-06-20T12:58:52.683+0000] {logging_mixin.py:115} INFO - [2025-06-20T12:58:52.683+0000] {manager.py:508} INFO - Created Permission View: can edit on DAG:example_skip_dag
[2025-06-20T12:58:52.684+0000] {logging_mixin.py:115} INFO - [2025-06-20T12:58:52.684+0000] {dag.py:2429} INFO - Sync 1 DAGs
[2025-06-20T12:58:52.690+0000] {logging_mixin.py:115} INFO - [2025-06-20T12:58:52.690+0000] {dag.py:2448} INFO - Creating ORM DAG for example_skip_dag
[2025-06-20T12:58:52.696+0000] {logging_mixin.py:115} INFO - [2025-06-20T12:58:52.696+0000] {dag.py:2981} INFO - Setting next_dagrun for example_skip_dag to 2025-06-19T12:58:52.696486+00:00, run_after=2025-06-20T12:58:52.696486+00:00
[2025-06-20T12:58:52.704+0000] {processor.py:161} INFO - Processing /home/airflow/.local/lib/python3.7/site-packages/airflow/example_dags/example_skip_dag.py took 0.103 seconds
[2025-06-20T12:59:23.681+0000] {processor.py:153} INFO - Started process (PID=110) to work on /home/airflow/.local/lib/python3.7/site-packages/airflow/example_dags/example_skip_dag.py
[2025-06-20T12:59:23.683+0000] {processor.py:640} INFO - Processing file /home/airflow/.local/lib/python3.7/site-packages/airflow/example_dags/example_skip_dag.py for tasks to queue
[2025-06-20T12:59:23.684+0000] {logging_mixin.py:115} INFO - [2025-06-20T12:59:23.684+0000] {dagbag.py:508} INFO - Filling up the DagBag from /home/airflow/.local/lib/python3.7/site-packages/airflow/example_dags/example_skip_dag.py
[2025-06-20T12:59:23.689+0000] {processor.py:650} INFO - DAG(s) dict_keys(['example_skip_dag']) retrieved from /home/airflow/.local/lib/python3.7/site-packages/airflow/example_dags/example_skip_dag.py
[2025-06-20T12:59:23.709+0000] {logging_mixin.py:115} INFO - [2025-06-20T12:59:23.709+0000] {dag.py:2429} INFO - Sync 1 DAGs
[2025-06-20T12:59:23.720+0000] {logging_mixin.py:115} INFO - [2025-06-20T12:59:23.720+0000] {dag.py:2981} INFO - Setting next_dagrun for example_skip_dag to 2025-06-19T12:59:23.720398+00:00, run_after=2025-06-20T12:59:23.720398+00:00
[2025-06-20T12:59:23.725+0000] {processor.py:161} INFO - Processing /home/airflow/.local/lib/python3.7/site-packages/airflow/example_dags/example_skip_dag.py took 0.047 seconds
[2025-06-20T12:59:53.766+0000] {processor.py:153} INFO - Started process (PID=171) to work on /home/airflow/.local/lib/python3.7/site-packages/airflow/example_dags/example_skip_dag.py
[2025-06-20T12:59:53.768+0000] {processor.py:640} INFO - Processing file /home/airflow/.local/lib/python3.7/site-packages/airflow/example_dags/example_skip_dag.py for tasks to queue
[2025-06-20T12:59:53.768+0000] {logging_mixin.py:115} INFO - [2025-06-20T12:59:53.768+0000] {dagbag.py:508} INFO - Filling up the DagBag from /home/airflow/.local/lib/python3.7/site-packages/airflow/example_dags/example_skip_dag.py
[2025-06-20T12:59:53.773+0000] {processor.py:650} INFO - DAG(s) dict_keys(['example_skip_dag']) retrieved from /home/airflow/.local/lib/python3.7/site-packages/airflow/example_dags/example_skip_dag.py
[2025-06-20T12:59:53.794+0000] {logging_mixin.py:115} INFO - [2025-06-20T12:59:53.794+0000] {dag.py:2429} INFO - Sync 1 DAGs
[2025-06-20T12:59:53.806+0000] {logging_mixin.py:115} INFO - [2025-06-20T12:59:53.806+0000] {dag.py:2981} INFO - Setting next_dagrun for example_skip_dag to 2025-06-19T12:59:53.806258+00:00, run_after=2025-06-20T12:59:53.806258+00:00
[2025-06-20T12:59:53.811+0000] {processor.py:161} INFO - Processing /home/airflow/.local/lib/python3.7/site-packages/airflow/example_dags/example_skip_dag.py took 0.049 seconds
[2025-06-20T13:03:47.318+0000] {processor.py:153} INFO - Started process (PID=49) to work on /home/airflow/.local/lib/python3.7/site-packages/airflow/example_dags/example_skip_dag.py
[2025-06-20T13:03:47.319+0000] {processor.py:640} INFO - Processing file /home/airflow/.local/lib/python3.7/site-packages/airflow/example_dags/example_skip_dag.py for tasks to queue
[2025-06-20T13:03:47.319+0000] {logging_mixin.py:115} INFO - [2025-06-20T13:03:47.319+0000] {dagbag.py:508} INFO - Filling up the DagBag from /home/airflow/.local/lib/python3.7/site-packages/airflow/example_dags/example_skip_dag.py
[2025-06-20T13:03:47.325+0000] {processor.py:650} INFO - DAG(s) dict_keys(['example_skip_dag']) retrieved from /home/airflow/.local/lib/python3.7/site-packages/airflow/example_dags/example_skip_dag.py
[2025-06-20T13:03:47.391+0000] {logging_mixin.py:115} INFO - [2025-06-20T13:03:47.390+0000] {manager.py:508} INFO - Created Permission View: can delete on DAG:example_skip_dag
[2025-06-20T13:03:47.405+0000] {logging_mixin.py:115} INFO - [2025-06-20T13:03:47.405+0000] {manager.py:508} INFO - Created Permission View: can edit on DAG:example_skip_dag
[2025-06-20T13:03:47.410+0000] {logging_mixin.py:115} INFO - [2025-06-20T13:03:47.410+0000] {manager.py:508} INFO - Created Permission View: can read on DAG:example_skip_dag
[2025-06-20T13:03:47.410+0000] {logging_mixin.py:115} INFO - [2025-06-20T13:03:47.410+0000] {dag.py:2429} INFO - Sync 1 DAGs
[2025-06-20T13:03:47.416+0000] {logging_mixin.py:115} INFO - [2025-06-20T13:03:47.416+0000] {dag.py:2448} INFO - Creating ORM DAG for example_skip_dag
[2025-06-20T13:03:47.423+0000] {logging_mixin.py:115} INFO - [2025-06-20T13:03:47.423+0000] {dag.py:2981} INFO - Setting next_dagrun for example_skip_dag to 2025-06-19T13:03:47.423501+00:00, run_after=2025-06-20T13:03:47.423501+00:00
[2025-06-20T13:03:47.439+0000] {processor.py:161} INFO - Processing /home/airflow/.local/lib/python3.7/site-packages/airflow/example_dags/example_skip_dag.py took 0.124 seconds
[2025-06-20T13:04:17.451+0000] {processor.py:153} INFO - Started process (PID=110) to work on /home/airflow/.local/lib/python3.7/site-packages/airflow/example_dags/example_skip_dag.py
[2025-06-20T13:04:17.452+0000] {processor.py:640} INFO - Processing file /home/airflow/.local/lib/python3.7/site-packages/airflow/example_dags/example_skip_dag.py for tasks to queue
[2025-06-20T13:04:17.453+0000] {logging_mixin.py:115} INFO - [2025-06-20T13:04:17.453+0000] {dagbag.py:508} INFO - Filling up the DagBag from /home/airflow/.local/lib/python3.7/site-packages/airflow/example_dags/example_skip_dag.py
[2025-06-20T13:04:17.456+0000] {processor.py:650} INFO - DAG(s) dict_keys(['example_skip_dag']) retrieved from /home/airflow/.local/lib/python3.7/site-packages/airflow/example_dags/example_skip_dag.py
[2025-06-20T13:04:17.469+0000] {logging_mixin.py:115} INFO - [2025-06-20T13:04:17.469+0000] {dag.py:2429} INFO - Sync 1 DAGs
[2025-06-20T13:04:17.479+0000] {logging_mixin.py:115} INFO - [2025-06-20T13:04:17.479+0000] {dag.py:2981} INFO - Setting next_dagrun for example_skip_dag to 2025-06-19T13:04:17.479340+00:00, run_after=2025-06-20T13:04:17.479340+00:00
[2025-06-20T13:04:17.484+0000] {processor.py:161} INFO - Processing /home/airflow/.local/lib/python3.7/site-packages/airflow/example_dags/example_skip_dag.py took 0.034 seconds
[2025-06-20T13:04:47.668+0000] {processor.py:153} INFO - Started process (PID=171) to work on /home/airflow/.local/lib/python3.7/site-packages/airflow/example_dags/example_skip_dag.py
[2025-06-20T13:04:47.670+0000] {processor.py:640} INFO - Processing file /home/airflow/.local/lib/python3.7/site-packages/airflow/example_dags/example_skip_dag.py for tasks to queue
[2025-06-20T13:04:47.670+0000] {logging_mixin.py:115} INFO - [2025-06-20T13:04:47.670+0000] {dagbag.py:508} INFO - Filling up the DagBag from /home/airflow/.local/lib/python3.7/site-packages/airflow/example_dags/example_skip_dag.py
[2025-06-20T13:04:47.673+0000] {processor.py:650} INFO - DAG(s) dict_keys(['example_skip_dag']) retrieved from /home/airflow/.local/lib/python3.7/site-packages/airflow/example_dags/example_skip_dag.py
[2025-06-20T13:04:47.689+0000] {logging_mixin.py:115} INFO - [2025-06-20T13:04:47.689+0000] {dag.py:2429} INFO - Sync 1 DAGs
[2025-06-20T13:04:47.700+0000] {logging_mixin.py:115} INFO - [2025-06-20T13:04:47.700+0000] {dag.py:2981} INFO - Setting next_dagrun for example_skip_dag to 2025-06-19T13:04:47.700468+00:00, run_after=2025-06-20T13:04:47.700468+00:00
[2025-06-20T13:04:47.708+0000] {processor.py:161} INFO - Processing /home/airflow/.local/lib/python3.7/site-packages/airflow/example_dags/example_skip_dag.py took 0.042 seconds
[2025-06-20T13:05:17.893+0000] {processor.py:153} INFO - Started process (PID=231) to work on /home/airflow/.local/lib/python3.7/site-packages/airflow/example_dags/example_skip_dag.py
[2025-06-20T13:05:17.894+0000] {processor.py:640} INFO - Processing file /home/airflow/.local/lib/python3.7/site-packages/airflow/example_dags/example_skip_dag.py for tasks to queue
[2025-06-20T13:05:17.895+0000] {logging_mixin.py:115} INFO - [2025-06-20T13:05:17.895+0000] {dagbag.py:508} INFO - Filling up the DagBag from /home/airflow/.local/lib/python3.7/site-packages/airflow/example_dags/example_skip_dag.py
[2025-06-20T13:05:17.898+0000] {processor.py:650} INFO - DAG(s) dict_keys(['example_skip_dag']) retrieved from /home/airflow/.local/lib/python3.7/site-packages/airflow/example_dags/example_skip_dag.py
[2025-06-20T13:05:17.909+0000] {logging_mixin.py:115} INFO - [2025-06-20T13:05:17.909+0000] {dag.py:2429} INFO - Sync 1 DAGs
[2025-06-20T13:05:17.918+0000] {logging_mixin.py:115} INFO - [2025-06-20T13:05:17.918+0000] {dag.py:2981} INFO - Setting next_dagrun for example_skip_dag to 2025-06-19T13:05:17.918426+00:00, run_after=2025-06-20T13:05:17.918426+00:00
[2025-06-20T13:05:17.923+0000] {processor.py:161} INFO - Processing /home/airflow/.local/lib/python3.7/site-packages/airflow/example_dags/example_skip_dag.py took 0.031 seconds
[2025-06-20T13:05:48.044+0000] {processor.py:153} INFO - Started process (PID=283) to work on /home/airflow/.local/lib/python3.7/site-packages/airflow/example_dags/example_skip_dag.py
[2025-06-20T13:05:48.047+0000] {processor.py:640} INFO - Processing file /home/airflow/.local/lib/python3.7/site-packages/airflow/example_dags/example_skip_dag.py for tasks to queue
[2025-06-20T13:05:48.048+0000] {logging_mixin.py:115} INFO - [2025-06-20T13:05:48.047+0000] {dagbag.py:508} INFO - Filling up the DagBag from /home/airflow/.local/lib/python3.7/site-packages/airflow/example_dags/example_skip_dag.py
[2025-06-20T13:05:48.050+0000] {processor.py:650} INFO - DAG(s) dict_keys(['example_skip_dag']) retrieved from /home/airflow/.local/lib/python3.7/site-packages/airflow/example_dags/example_skip_dag.py
[2025-06-20T13:05:48.060+0000] {logging_mixin.py:115} INFO - [2025-06-20T13:05:48.060+0000] {dag.py:2429} INFO - Sync 1 DAGs
[2025-06-20T13:05:48.069+0000] {logging_mixin.py:115} INFO - [2025-06-20T13:05:48.069+0000] {dag.py:2981} INFO - Setting next_dagrun for example_skip_dag to 2025-06-19T13:05:48.069555+00:00, run_after=2025-06-20T13:05:48.069555+00:00
[2025-06-20T13:05:48.078+0000] {processor.py:161} INFO - Processing /home/airflow/.local/lib/python3.7/site-packages/airflow/example_dags/example_skip_dag.py took 0.035 seconds
[2025-06-20T13:06:18.412+0000] {processor.py:153} INFO - Started process (PID=344) to work on /home/airflow/.local/lib/python3.7/site-packages/airflow/example_dags/example_skip_dag.py
[2025-06-20T13:06:18.413+0000] {processor.py:640} INFO - Processing file /home/airflow/.local/lib/python3.7/site-packages/airflow/example_dags/example_skip_dag.py for tasks to queue
[2025-06-20T13:06:18.414+0000] {logging_mixin.py:115} INFO - [2025-06-20T13:06:18.414+0000] {dagbag.py:508} INFO - Filling up the DagBag from /home/airflow/.local/lib/python3.7/site-packages/airflow/example_dags/example_skip_dag.py
[2025-06-20T13:06:18.418+0000] {processor.py:650} INFO - DAG(s) dict_keys(['example_skip_dag']) retrieved from /home/airflow/.local/lib/python3.7/site-packages/airflow/example_dags/example_skip_dag.py
[2025-06-20T13:06:18.434+0000] {logging_mixin.py:115} INFO - [2025-06-20T13:06:18.434+0000] {dag.py:2429} INFO - Sync 1 DAGs
[2025-06-20T13:06:18.444+0000] {logging_mixin.py:115} INFO - [2025-06-20T13:06:18.444+0000] {dag.py:2981} INFO - Setting next_dagrun for example_skip_dag to 2025-06-19T13:06:18.444776+00:00, run_after=2025-06-20T13:06:18.444776+00:00
[2025-06-20T13:06:18.451+0000] {processor.py:161} INFO - Processing /home/airflow/.local/lib/python3.7/site-packages/airflow/example_dags/example_skip_dag.py took 0.040 seconds
[2025-06-20T13:06:48.620+0000] {processor.py:153} INFO - Started process (PID=404) to work on /home/airflow/.local/lib/python3.7/site-packages/airflow/example_dags/example_skip_dag.py
[2025-06-20T13:06:48.623+0000] {processor.py:640} INFO - Processing file /home/airflow/.local/lib/python3.7/site-packages/airflow/example_dags/example_skip_dag.py for tasks to queue
[2025-06-20T13:06:48.624+0000] {logging_mixin.py:115} INFO - [2025-06-20T13:06:48.623+0000] {dagbag.py:508} INFO - Filling up the DagBag from /home/airflow/.local/lib/python3.7/site-packages/airflow/example_dags/example_skip_dag.py
[2025-06-20T13:06:48.626+0000] {processor.py:650} INFO - DAG(s) dict_keys(['example_skip_dag']) retrieved from /home/airflow/.local/lib/python3.7/site-packages/airflow/example_dags/example_skip_dag.py
[2025-06-20T13:06:48.638+0000] {logging_mixin.py:115} INFO - [2025-06-20T13:06:48.638+0000] {dag.py:2429} INFO - Sync 1 DAGs
[2025-06-20T13:06:48.646+0000] {logging_mixin.py:115} INFO - [2025-06-20T13:06:48.646+0000] {dag.py:2981} INFO - Setting next_dagrun for example_skip_dag to 2025-06-19T13:06:48.646749+00:00, run_after=2025-06-20T13:06:48.646749+00:00
[2025-06-20T13:06:48.651+0000] {processor.py:161} INFO - Processing /home/airflow/.local/lib/python3.7/site-packages/airflow/example_dags/example_skip_dag.py took 0.032 seconds
[2025-06-20T13:07:18.715+0000] {processor.py:153} INFO - Started process (PID=465) to work on /home/airflow/.local/lib/python3.7/site-packages/airflow/example_dags/example_skip_dag.py
[2025-06-20T13:07:18.716+0000] {processor.py:640} INFO - Processing file /home/airflow/.local/lib/python3.7/site-packages/airflow/example_dags/example_skip_dag.py for tasks to queue
[2025-06-20T13:07:18.717+0000] {logging_mixin.py:115} INFO - [2025-06-20T13:07:18.717+0000] {dagbag.py:508} INFO - Filling up the DagBag from /home/airflow/.local/lib/python3.7/site-packages/airflow/example_dags/example_skip_dag.py
[2025-06-20T13:07:18.719+0000] {processor.py:650} INFO - DAG(s) dict_keys(['example_skip_dag']) retrieved from /home/airflow/.local/lib/python3.7/site-packages/airflow/example_dags/example_skip_dag.py
[2025-06-20T13:07:18.734+0000] {logging_mixin.py:115} INFO - [2025-06-20T13:07:18.733+0000] {dag.py:2429} INFO - Sync 1 DAGs
[2025-06-20T13:07:18.742+0000] {logging_mixin.py:115} INFO - [2025-06-20T13:07:18.742+0000] {dag.py:2981} INFO - Setting next_dagrun for example_skip_dag to 2025-06-19T13:07:18.742112+00:00, run_after=2025-06-20T13:07:18.742112+00:00
[2025-06-20T13:07:18.746+0000] {processor.py:161} INFO - Processing /home/airflow/.local/lib/python3.7/site-packages/airflow/example_dags/example_skip_dag.py took 0.033 seconds
[2025-06-20T13:07:48.828+0000] {processor.py:153} INFO - Started process (PID=526) to work on /home/airflow/.local/lib/python3.7/site-packages/airflow/example_dags/example_skip_dag.py
[2025-06-20T13:07:48.829+0000] {processor.py:640} INFO - Processing file /home/airflow/.local/lib/python3.7/site-packages/airflow/example_dags/example_skip_dag.py for tasks to queue
[2025-06-20T13:07:48.830+0000] {logging_mixin.py:115} INFO - [2025-06-20T13:07:48.830+0000] {dagbag.py:508} INFO - Filling up the DagBag from /home/airflow/.local/lib/python3.7/site-packages/airflow/example_dags/example_skip_dag.py
[2025-06-20T13:07:48.832+0000] {processor.py:650} INFO - DAG(s) dict_keys(['example_skip_dag']) retrieved from /home/airflow/.local/lib/python3.7/site-packages/airflow/example_dags/example_skip_dag.py
[2025-06-20T13:07:48.845+0000] {logging_mixin.py:115} INFO - [2025-06-20T13:07:48.844+0000] {dag.py:2429} INFO - Sync 1 DAGs
[2025-06-20T13:07:48.853+0000] {logging_mixin.py:115} INFO - [2025-06-20T13:07:48.853+0000] {dag.py:2981} INFO - Setting next_dagrun for example_skip_dag to 2025-06-19T13:07:48.853231+00:00, run_after=2025-06-20T13:07:48.853231+00:00
[2025-06-20T13:07:48.857+0000] {processor.py:161} INFO - Processing /home/airflow/.local/lib/python3.7/site-packages/airflow/example_dags/example_skip_dag.py took 0.030 seconds
[2025-06-20T13:08:18.874+0000] {processor.py:153} INFO - Started process (PID=578) to work on /home/airflow/.local/lib/python3.7/site-packages/airflow/example_dags/example_skip_dag.py
[2025-06-20T13:08:18.875+0000] {processor.py:640} INFO - Processing file /home/airflow/.local/lib/python3.7/site-packages/airflow/example_dags/example_skip_dag.py for tasks to queue
[2025-06-20T13:08:18.875+0000] {logging_mixin.py:115} INFO - [2025-06-20T13:08:18.875+0000] {dagbag.py:508} INFO - Filling up the DagBag from /home/airflow/.local/lib/python3.7/site-packages/airflow/example_dags/example_skip_dag.py
[2025-06-20T13:08:18.877+0000] {processor.py:650} INFO - DAG(s) dict_keys(['example_skip_dag']) retrieved from /home/airflow/.local/lib/python3.7/site-packages/airflow/example_dags/example_skip_dag.py
[2025-06-20T13:08:18.892+0000] {logging_mixin.py:115} INFO - [2025-06-20T13:08:18.891+0000] {dag.py:2429} INFO - Sync 1 DAGs
[2025-06-20T13:08:18.902+0000] {logging_mixin.py:115} INFO - [2025-06-20T13:08:18.902+0000] {dag.py:2981} INFO - Setting next_dagrun for example_skip_dag to 2025-06-19T13:08:18.902284+00:00, run_after=2025-06-20T13:08:18.902284+00:00
[2025-06-20T13:08:18.912+0000] {processor.py:161} INFO - Processing /home/airflow/.local/lib/python3.7/site-packages/airflow/example_dags/example_skip_dag.py took 0.039 seconds
[2025-06-20T13:08:48.968+0000] {processor.py:153} INFO - Started process (PID=638) to work on /home/airflow/.local/lib/python3.7/site-packages/airflow/example_dags/example_skip_dag.py
[2025-06-20T13:08:48.969+0000] {processor.py:640} INFO - Processing file /home/airflow/.local/lib/python3.7/site-packages/airflow/example_dags/example_skip_dag.py for tasks to queue
[2025-06-20T13:08:48.969+0000] {logging_mixin.py:115} INFO - [2025-06-20T13:08:48.969+0000] {dagbag.py:508} INFO - Filling up the DagBag from /home/airflow/.local/lib/python3.7/site-packages/airflow/example_dags/example_skip_dag.py
[2025-06-20T13:08:48.971+0000] {processor.py:650} INFO - DAG(s) dict_keys(['example_skip_dag']) retrieved from /home/airflow/.local/lib/python3.7/site-packages/airflow/example_dags/example_skip_dag.py
[2025-06-20T13:08:48.982+0000] {logging_mixin.py:115} INFO - [2025-06-20T13:08:48.982+0000] {dag.py:2429} INFO - Sync 1 DAGs
[2025-06-20T13:08:48.991+0000] {logging_mixin.py:115} INFO - [2025-06-20T13:08:48.991+0000] {dag.py:2981} INFO - Setting next_dagrun for example_skip_dag to 2025-06-19T13:08:48.991190+00:00, run_after=2025-06-20T13:08:48.991190+00:00
[2025-06-20T13:08:48.995+0000] {processor.py:161} INFO - Processing /home/airflow/.local/lib/python3.7/site-packages/airflow/example_dags/example_skip_dag.py took 0.028 seconds
[2025-06-20T13:09:19.095+0000] {processor.py:153} INFO - Started process (PID=699) to work on /home/airflow/.local/lib/python3.7/site-packages/airflow/example_dags/example_skip_dag.py
[2025-06-20T13:09:19.096+0000] {processor.py:640} INFO - Processing file /home/airflow/.local/lib/python3.7/site-packages/airflow/example_dags/example_skip_dag.py for tasks to queue
[2025-06-20T13:09:19.099+0000] {logging_mixin.py:115} INFO - [2025-06-20T13:09:19.099+0000] {dagbag.py:508} INFO - Filling up the DagBag from /home/airflow/.local/lib/python3.7/site-packages/airflow/example_dags/example_skip_dag.py
[2025-06-20T13:09:19.101+0000] {processor.py:650} INFO - DAG(s) dict_keys(['example_skip_dag']) retrieved from /home/airflow/.local/lib/python3.7/site-packages/airflow/example_dags/example_skip_dag.py
[2025-06-20T13:09:19.112+0000] {logging_mixin.py:115} INFO - [2025-06-20T13:09:19.112+0000] {dag.py:2429} INFO - Sync 1 DAGs
[2025-06-20T13:09:19.122+0000] {logging_mixin.py:115} INFO - [2025-06-20T13:09:19.122+0000] {dag.py:2981} INFO - Setting next_dagrun for example_skip_dag to 2025-06-19T13:09:19.122763+00:00, run_after=2025-06-20T13:09:19.122763+00:00
[2025-06-20T13:09:19.127+0000] {processor.py:161} INFO - Processing /home/airflow/.local/lib/python3.7/site-packages/airflow/example_dags/example_skip_dag.py took 0.034 seconds
[2025-06-20T13:09:49.150+0000] {processor.py:153} INFO - Started process (PID=759) to work on /home/airflow/.local/lib/python3.7/site-packages/airflow/example_dags/example_skip_dag.py
[2025-06-20T13:09:49.152+0000] {processor.py:640} INFO - Processing file /home/airflow/.local/lib/python3.7/site-packages/airflow/example_dags/example_skip_dag.py for tasks to queue
[2025-06-20T13:09:49.152+0000] {logging_mixin.py:115} INFO - [2025-06-20T13:09:49.152+0000] {dagbag.py:508} INFO - Filling up the DagBag from /home/airflow/.local/lib/python3.7/site-packages/airflow/example_dags/example_skip_dag.py
[2025-06-20T13:09:49.154+0000] {processor.py:650} INFO - DAG(s) dict_keys(['example_skip_dag']) retrieved from /home/airflow/.local/lib/python3.7/site-packages/airflow/example_dags/example_skip_dag.py
[2025-06-20T13:09:49.166+0000] {logging_mixin.py:115} INFO - [2025-06-20T13:09:49.166+0000] {dag.py:2429} INFO - Sync 1 DAGs
[2025-06-20T13:09:49.175+0000] {logging_mixin.py:115} INFO - [2025-06-20T13:09:49.175+0000] {dag.py:2981} INFO - Setting next_dagrun for example_skip_dag to 2025-06-19T13:09:49.175356+00:00, run_after=2025-06-20T13:09:49.175356+00:00
[2025-06-20T13:09:49.181+0000] {processor.py:161} INFO - Processing /home/airflow/.local/lib/python3.7/site-packages/airflow/example_dags/example_skip_dag.py took 0.032 seconds
[2025-06-20T13:10:19.256+0000] {processor.py:153} INFO - Started process (PID=820) to work on /home/airflow/.local/lib/python3.7/site-packages/airflow/example_dags/example_skip_dag.py
[2025-06-20T13:10:19.256+0000] {processor.py:640} INFO - Processing file /home/airflow/.local/lib/python3.7/site-packages/airflow/example_dags/example_skip_dag.py for tasks to queue
[2025-06-20T13:10:19.256+0000] {logging_mixin.py:115} INFO - [2025-06-20T13:10:19.256+0000] {dagbag.py:508} INFO - Filling up the DagBag from /home/airflow/.local/lib/python3.7/site-packages/airflow/example_dags/example_skip_dag.py
[2025-06-20T13:10:19.259+0000] {processor.py:650} INFO - DAG(s) dict_keys(['example_skip_dag']) retrieved from /home/airflow/.local/lib/python3.7/site-packages/airflow/example_dags/example_skip_dag.py
[2025-06-20T13:10:19.269+0000] {logging_mixin.py:115} INFO - [2025-06-20T13:10:19.269+0000] {dag.py:2429} INFO - Sync 1 DAGs
[2025-06-20T13:10:19.281+0000] {logging_mixin.py:115} INFO - [2025-06-20T13:10:19.281+0000] {dag.py:2981} INFO - Setting next_dagrun for example_skip_dag to 2025-06-19T13:10:19.280989+00:00, run_after=2025-06-20T13:10:19.280989+00:00
[2025-06-20T13:10:19.289+0000] {processor.py:161} INFO - Processing /home/airflow/.local/lib/python3.7/site-packages/airflow/example_dags/example_skip_dag.py took 0.035 seconds
[2025-06-20T13:10:49.418+0000] {processor.py:153} INFO - Started process (PID=882) to work on /home/airflow/.local/lib/python3.7/site-packages/airflow/example_dags/example_skip_dag.py
[2025-06-20T13:10:49.419+0000] {processor.py:640} INFO - Processing file /home/airflow/.local/lib/python3.7/site-packages/airflow/example_dags/example_skip_dag.py for tasks to queue
[2025-06-20T13:10:49.419+0000] {logging_mixin.py:115} INFO - [2025-06-20T13:10:49.419+0000] {dagbag.py:508} INFO - Filling up the DagBag from /home/airflow/.local/lib/python3.7/site-packages/airflow/example_dags/example_skip_dag.py
[2025-06-20T13:10:49.421+0000] {processor.py:650} INFO - DAG(s) dict_keys(['example_skip_dag']) retrieved from /home/airflow/.local/lib/python3.7/site-packages/airflow/example_dags/example_skip_dag.py
[2025-06-20T13:10:49.433+0000] {logging_mixin.py:115} INFO - [2025-06-20T13:10:49.433+0000] {dag.py:2429} INFO - Sync 1 DAGs
[2025-06-20T13:10:49.442+0000] {logging_mixin.py:115} INFO - [2025-06-20T13:10:49.442+0000] {dag.py:2981} INFO - Setting next_dagrun for example_skip_dag to 2025-06-19T13:10:49.441901+00:00, run_after=2025-06-20T13:10:49.441901+00:00
[2025-06-20T13:10:49.446+0000] {processor.py:161} INFO - Processing /home/airflow/.local/lib/python3.7/site-packages/airflow/example_dags/example_skip_dag.py took 0.030 seconds
[2025-06-20T13:11:19.542+0000] {processor.py:153} INFO - Started process (PID=934) to work on /home/airflow/.local/lib/python3.7/site-packages/airflow/example_dags/example_skip_dag.py
[2025-06-20T13:11:19.543+0000] {processor.py:640} INFO - Processing file /home/airflow/.local/lib/python3.7/site-packages/airflow/example_dags/example_skip_dag.py for tasks to queue
[2025-06-20T13:11:19.543+0000] {logging_mixin.py:115} INFO - [2025-06-20T13:11:19.543+0000] {dagbag.py:508} INFO - Filling up the DagBag from /home/airflow/.local/lib/python3.7/site-packages/airflow/example_dags/example_skip_dag.py
[2025-06-20T13:11:19.546+0000] {processor.py:650} INFO - DAG(s) dict_keys(['example_skip_dag']) retrieved from /home/airflow/.local/lib/python3.7/site-packages/airflow/example_dags/example_skip_dag.py
[2025-06-20T13:11:19.556+0000] {logging_mixin.py:115} INFO - [2025-06-20T13:11:19.556+0000] {dag.py:2429} INFO - Sync 1 DAGs
[2025-06-20T13:11:19.564+0000] {logging_mixin.py:115} INFO - [2025-06-20T13:11:19.564+0000] {dag.py:2981} INFO - Setting next_dagrun for example_skip_dag to 2025-06-19T13:11:19.564311+00:00, run_after=2025-06-20T13:11:19.564311+00:00
[2025-06-20T13:11:19.568+0000] {processor.py:161} INFO - Processing /home/airflow/.local/lib/python3.7/site-packages/airflow/example_dags/example_skip_dag.py took 0.027 seconds
[2025-06-20T13:11:49.717+0000] {processor.py:153} INFO - Started process (PID=995) to work on /home/airflow/.local/lib/python3.7/site-packages/airflow/example_dags/example_skip_dag.py
[2025-06-20T13:11:49.719+0000] {processor.py:640} INFO - Processing file /home/airflow/.local/lib/python3.7/site-packages/airflow/example_dags/example_skip_dag.py for tasks to queue
[2025-06-20T13:11:49.720+0000] {logging_mixin.py:115} INFO - [2025-06-20T13:11:49.720+0000] {dagbag.py:508} INFO - Filling up the DagBag from /home/airflow/.local/lib/python3.7/site-packages/airflow/example_dags/example_skip_dag.py
[2025-06-20T13:11:49.722+0000] {processor.py:650} INFO - DAG(s) dict_keys(['example_skip_dag']) retrieved from /home/airflow/.local/lib/python3.7/site-packages/airflow/example_dags/example_skip_dag.py
[2025-06-20T13:11:49.732+0000] {logging_mixin.py:115} INFO - [2025-06-20T13:11:49.732+0000] {dag.py:2429} INFO - Sync 1 DAGs
[2025-06-20T13:11:49.741+0000] {logging_mixin.py:115} INFO - [2025-06-20T13:11:49.740+0000] {dag.py:2981} INFO - Setting next_dagrun for example_skip_dag to 2025-06-19T13:11:49.740886+00:00, run_after=2025-06-20T13:11:49.740886+00:00
[2025-06-20T13:11:49.745+0000] {processor.py:161} INFO - Processing /home/airflow/.local/lib/python3.7/site-packages/airflow/example_dags/example_skip_dag.py took 0.029 seconds
[2025-06-20T13:12:19.867+0000] {processor.py:153} INFO - Started process (PID=1056) to work on /home/airflow/.local/lib/python3.7/site-packages/airflow/example_dags/example_skip_dag.py
[2025-06-20T13:12:19.867+0000] {processor.py:640} INFO - Processing file /home/airflow/.local/lib/python3.7/site-packages/airflow/example_dags/example_skip_dag.py for tasks to queue
[2025-06-20T13:12:19.868+0000] {logging_mixin.py:115} INFO - [2025-06-20T13:12:19.868+0000] {dagbag.py:508} INFO - Filling up the DagBag from /home/airflow/.local/lib/python3.7/site-packages/airflow/example_dags/example_skip_dag.py
[2025-06-20T13:12:19.870+0000] {processor.py:650} INFO - DAG(s) dict_keys(['example_skip_dag']) retrieved from /home/airflow/.local/lib/python3.7/site-packages/airflow/example_dags/example_skip_dag.py
[2025-06-20T13:12:19.882+0000] {logging_mixin.py:115} INFO - [2025-06-20T13:12:19.882+0000] {dag.py:2429} INFO - Sync 1 DAGs
[2025-06-20T13:12:19.893+0000] {logging_mixin.py:115} INFO - [2025-06-20T13:12:19.893+0000] {dag.py:2981} INFO - Setting next_dagrun for example_skip_dag to 2025-06-19T13:12:19.893261+00:00, run_after=2025-06-20T13:12:19.893261+00:00
[2025-06-20T13:12:19.898+0000] {processor.py:161} INFO - Processing /home/airflow/.local/lib/python3.7/site-packages/airflow/example_dags/example_skip_dag.py took 0.033 seconds
[2025-06-20T13:12:50.018+0000] {processor.py:153} INFO - Started process (PID=1117) to work on /home/airflow/.local/lib/python3.7/site-packages/airflow/example_dags/example_skip_dag.py
[2025-06-20T13:12:50.020+0000] {processor.py:640} INFO - Processing file /home/airflow/.local/lib/python3.7/site-packages/airflow/example_dags/example_skip_dag.py for tasks to queue
[2025-06-20T13:12:50.021+0000] {logging_mixin.py:115} INFO - [2025-06-20T13:12:50.021+0000] {dagbag.py:508} INFO - Filling up the DagBag from /home/airflow/.local/lib/python3.7/site-packages/airflow/example_dags/example_skip_dag.py
[2025-06-20T13:12:50.023+0000] {processor.py:650} INFO - DAG(s) dict_keys(['example_skip_dag']) retrieved from /home/airflow/.local/lib/python3.7/site-packages/airflow/example_dags/example_skip_dag.py
[2025-06-20T13:12:50.033+0000] {logging_mixin.py:115} INFO - [2025-06-20T13:12:50.033+0000] {dag.py:2429} INFO - Sync 1 DAGs
[2025-06-20T13:12:50.042+0000] {logging_mixin.py:115} INFO - [2025-06-20T13:12:50.042+0000] {dag.py:2981} INFO - Setting next_dagrun for example_skip_dag to 2025-06-19T13:12:50.042005+00:00, run_after=2025-06-20T13:12:50.042005+00:00
[2025-06-20T13:12:50.046+0000] {processor.py:161} INFO - Processing /home/airflow/.local/lib/python3.7/site-packages/airflow/example_dags/example_skip_dag.py took 0.030 seconds
[2025-06-20T13:13:20.102+0000] {processor.py:153} INFO - Started process (PID=1178) to work on /home/airflow/.local/lib/python3.7/site-packages/airflow/example_dags/example_skip_dag.py
[2025-06-20T13:13:20.102+0000] {processor.py:640} INFO - Processing file /home/airflow/.local/lib/python3.7/site-packages/airflow/example_dags/example_skip_dag.py for tasks to queue
[2025-06-20T13:13:20.103+0000] {logging_mixin.py:115} INFO - [2025-06-20T13:13:20.103+0000] {dagbag.py:508} INFO - Filling up the DagBag from /home/airflow/.local/lib/python3.7/site-packages/airflow/example_dags/example_skip_dag.py
[2025-06-20T13:13:20.105+0000] {processor.py:650} INFO - DAG(s) dict_keys(['example_skip_dag']) retrieved from /home/airflow/.local/lib/python3.7/site-packages/airflow/example_dags/example_skip_dag.py
[2025-06-20T13:13:20.116+0000] {logging_mixin.py:115} INFO - [2025-06-20T13:13:20.116+0000] {dag.py:2429} INFO - Sync 1 DAGs
[2025-06-20T13:13:20.126+0000] {logging_mixin.py:115} INFO - [2025-06-20T13:13:20.126+0000] {dag.py:2981} INFO - Setting next_dagrun for example_skip_dag to 2025-06-19T13:13:20.125976+00:00, run_after=2025-06-20T13:13:20.125976+00:00
[2025-06-20T13:13:20.130+0000] {processor.py:161} INFO - Processing /home/airflow/.local/lib/python3.7/site-packages/airflow/example_dags/example_skip_dag.py took 0.030 seconds
[2025-06-20T13:13:50.304+0000] {processor.py:153} INFO - Started process (PID=1230) to work on /home/airflow/.local/lib/python3.7/site-packages/airflow/example_dags/example_skip_dag.py
[2025-06-20T13:13:50.307+0000] {processor.py:640} INFO - Processing file /home/airflow/.local/lib/python3.7/site-packages/airflow/example_dags/example_skip_dag.py for tasks to queue
[2025-06-20T13:13:50.307+0000] {logging_mixin.py:115} INFO - [2025-06-20T13:13:50.307+0000] {dagbag.py:508} INFO - Filling up the DagBag from /home/airflow/.local/lib/python3.7/site-packages/airflow/example_dags/example_skip_dag.py
[2025-06-20T13:13:50.310+0000] {processor.py:650} INFO - DAG(s) dict_keys(['example_skip_dag']) retrieved from /home/airflow/.local/lib/python3.7/site-packages/airflow/example_dags/example_skip_dag.py
[2025-06-20T13:13:50.324+0000] {logging_mixin.py:115} INFO - [2025-06-20T13:13:50.324+0000] {dag.py:2429} INFO - Sync 1 DAGs
[2025-06-20T13:13:50.336+0000] {logging_mixin.py:115} INFO - [2025-06-20T13:13:50.336+0000] {dag.py:2981} INFO - Setting next_dagrun for example_skip_dag to 2025-06-19T13:13:50.336110+00:00, run_after=2025-06-20T13:13:50.336110+00:00
[2025-06-20T13:13:50.344+0000] {processor.py:161} INFO - Processing /home/airflow/.local/lib/python3.7/site-packages/airflow/example_dags/example_skip_dag.py took 0.041 seconds
[2025-06-20T13:14:20.581+0000] {processor.py:153} INFO - Started process (PID=1291) to work on /home/airflow/.local/lib/python3.7/site-packages/airflow/example_dags/example_skip_dag.py
[2025-06-20T13:14:20.582+0000] {processor.py:640} INFO - Processing file /home/airflow/.local/lib/python3.7/site-packages/airflow/example_dags/example_skip_dag.py for tasks to queue
[2025-06-20T13:14:20.583+0000] {logging_mixin.py:115} INFO - [2025-06-20T13:14:20.583+0000] {dagbag.py:508} INFO - Filling up the DagBag from /home/airflow/.local/lib/python3.7/site-packages/airflow/example_dags/example_skip_dag.py
[2025-06-20T13:14:20.589+0000] {processor.py:650} INFO - DAG(s) dict_keys(['example_skip_dag']) retrieved from /home/airflow/.local/lib/python3.7/site-packages/airflow/example_dags/example_skip_dag.py
[2025-06-20T13:14:20.607+0000] {logging_mixin.py:115} INFO - [2025-06-20T13:14:20.606+0000] {dag.py:2429} INFO - Sync 1 DAGs
[2025-06-20T13:14:20.619+0000] {logging_mixin.py:115} INFO - [2025-06-20T13:14:20.619+0000] {dag.py:2981} INFO - Setting next_dagrun for example_skip_dag to 2025-06-19T13:14:20.619003+00:00, run_after=2025-06-20T13:14:20.619003+00:00
[2025-06-20T13:14:20.624+0000] {processor.py:161} INFO - Processing /home/airflow/.local/lib/python3.7/site-packages/airflow/example_dags/example_skip_dag.py took 0.045 seconds
[2025-06-20T13:14:50.659+0000] {processor.py:153} INFO - Started process (PID=1352) to work on /home/airflow/.local/lib/python3.7/site-packages/airflow/example_dags/example_skip_dag.py
[2025-06-20T13:14:50.663+0000] {processor.py:640} INFO - Processing file /home/airflow/.local/lib/python3.7/site-packages/airflow/example_dags/example_skip_dag.py for tasks to queue
[2025-06-20T13:14:50.663+0000] {logging_mixin.py:115} INFO - [2025-06-20T13:14:50.663+0000] {dagbag.py:508} INFO - Filling up the DagBag from /home/airflow/.local/lib/python3.7/site-packages/airflow/example_dags/example_skip_dag.py
[2025-06-20T13:14:50.666+0000] {processor.py:650} INFO - DAG(s) dict_keys(['example_skip_dag']) retrieved from /home/airflow/.local/lib/python3.7/site-packages/airflow/example_dags/example_skip_dag.py
[2025-06-20T13:14:50.676+0000] {logging_mixin.py:115} INFO - [2025-06-20T13:14:50.676+0000] {dag.py:2429} INFO - Sync 1 DAGs
[2025-06-20T13:14:50.688+0000] {logging_mixin.py:115} INFO - [2025-06-20T13:14:50.688+0000] {dag.py:2981} INFO - Setting next_dagrun for example_skip_dag to 2025-06-19T13:14:50.688034+00:00, run_after=2025-06-20T13:14:50.688034+00:00
[2025-06-20T13:14:50.692+0000] {processor.py:161} INFO - Processing /home/airflow/.local/lib/python3.7/site-packages/airflow/example_dags/example_skip_dag.py took 0.035 seconds
[2025-06-20T13:15:20.767+0000] {processor.py:153} INFO - Started process (PID=1413) to work on /home/airflow/.local/lib/python3.7/site-packages/airflow/example_dags/example_skip_dag.py
[2025-06-20T13:15:20.768+0000] {processor.py:640} INFO - Processing file /home/airflow/.local/lib/python3.7/site-packages/airflow/example_dags/example_skip_dag.py for tasks to queue
[2025-06-20T13:15:20.768+0000] {logging_mixin.py:115} INFO - [2025-06-20T13:15:20.768+0000] {dagbag.py:508} INFO - Filling up the DagBag from /home/airflow/.local/lib/python3.7/site-packages/airflow/example_dags/example_skip_dag.py
[2025-06-20T13:15:20.770+0000] {processor.py:650} INFO - DAG(s) dict_keys(['example_skip_dag']) retrieved from /home/airflow/.local/lib/python3.7/site-packages/airflow/example_dags/example_skip_dag.py
[2025-06-20T13:15:20.781+0000] {logging_mixin.py:115} INFO - [2025-06-20T13:15:20.781+0000] {dag.py:2429} INFO - Sync 1 DAGs
[2025-06-20T13:15:20.790+0000] {logging_mixin.py:115} INFO - [2025-06-20T13:15:20.790+0000] {dag.py:2981} INFO - Setting next_dagrun for example_skip_dag to 2025-06-19T13:15:20.790507+00:00, run_after=2025-06-20T13:15:20.790507+00:00
[2025-06-20T13:15:20.794+0000] {processor.py:161} INFO - Processing /home/airflow/.local/lib/python3.7/site-packages/airflow/example_dags/example_skip_dag.py took 0.028 seconds
[2025-06-20T13:15:50.874+0000] {processor.py:153} INFO - Started process (PID=1474) to work on /home/airflow/.local/lib/python3.7/site-packages/airflow/example_dags/example_skip_dag.py
[2025-06-20T13:15:50.874+0000] {processor.py:640} INFO - Processing file /home/airflow/.local/lib/python3.7/site-packages/airflow/example_dags/example_skip_dag.py for tasks to queue
[2025-06-20T13:15:50.874+0000] {logging_mixin.py:115} INFO - [2025-06-20T13:15:50.874+0000] {dagbag.py:508} INFO - Filling up the DagBag from /home/airflow/.local/lib/python3.7/site-packages/airflow/example_dags/example_skip_dag.py
[2025-06-20T13:15:50.877+0000] {processor.py:650} INFO - DAG(s) dict_keys(['example_skip_dag']) retrieved from /home/airflow/.local/lib/python3.7/site-packages/airflow/example_dags/example_skip_dag.py
[2025-06-20T13:15:50.888+0000] {logging_mixin.py:115} INFO - [2025-06-20T13:15:50.888+0000] {dag.py:2429} INFO - Sync 1 DAGs
[2025-06-20T13:15:50.896+0000] {logging_mixin.py:115} INFO - [2025-06-20T13:15:50.896+0000] {dag.py:2981} INFO - Setting next_dagrun for example_skip_dag to 2025-06-19T13:15:50.896790+00:00, run_after=2025-06-20T13:15:50.896790+00:00
[2025-06-20T13:15:50.901+0000] {processor.py:161} INFO - Processing /home/airflow/.local/lib/python3.7/site-packages/airflow/example_dags/example_skip_dag.py took 0.029 seconds
[2025-06-20T13:16:21.109+0000] {processor.py:153} INFO - Started process (PID=1535) to work on /home/airflow/.local/lib/python3.7/site-packages/airflow/example_dags/example_skip_dag.py
[2025-06-20T13:16:21.110+0000] {processor.py:640} INFO - Processing file /home/airflow/.local/lib/python3.7/site-packages/airflow/example_dags/example_skip_dag.py for tasks to queue
[2025-06-20T13:16:21.110+0000] {logging_mixin.py:115} INFO - [2025-06-20T13:16:21.110+0000] {dagbag.py:508} INFO - Filling up the DagBag from /home/airflow/.local/lib/python3.7/site-packages/airflow/example_dags/example_skip_dag.py
[2025-06-20T13:16:21.116+0000] {processor.py:650} INFO - DAG(s) dict_keys(['example_skip_dag']) retrieved from /home/airflow/.local/lib/python3.7/site-packages/airflow/example_dags/example_skip_dag.py
[2025-06-20T13:16:21.134+0000] {logging_mixin.py:115} INFO - [2025-06-20T13:16:21.134+0000] {dag.py:2429} INFO - Sync 1 DAGs
[2025-06-20T13:16:21.146+0000] {logging_mixin.py:115} INFO - [2025-06-20T13:16:21.145+0000] {dag.py:2981} INFO - Setting next_dagrun for example_skip_dag to 2025-06-19T13:16:21.145832+00:00, run_after=2025-06-20T13:16:21.145832+00:00
[2025-06-20T13:16:21.151+0000] {processor.py:161} INFO - Processing /home/airflow/.local/lib/python3.7/site-packages/airflow/example_dags/example_skip_dag.py took 0.044 seconds
[2025-06-20T13:16:51.328+0000] {processor.py:153} INFO - Started process (PID=1587) to work on /home/airflow/.local/lib/python3.7/site-packages/airflow/example_dags/example_skip_dag.py
[2025-06-20T13:16:51.330+0000] {processor.py:640} INFO - Processing file /home/airflow/.local/lib/python3.7/site-packages/airflow/example_dags/example_skip_dag.py for tasks to queue
[2025-06-20T13:16:51.333+0000] {logging_mixin.py:115} INFO - [2025-06-20T13:16:51.333+0000] {dagbag.py:508} INFO - Filling up the DagBag from /home/airflow/.local/lib/python3.7/site-packages/airflow/example_dags/example_skip_dag.py
[2025-06-20T13:16:51.336+0000] {processor.py:650} INFO - DAG(s) dict_keys(['example_skip_dag']) retrieved from /home/airflow/.local/lib/python3.7/site-packages/airflow/example_dags/example_skip_dag.py
[2025-06-20T13:16:51.349+0000] {logging_mixin.py:115} INFO - [2025-06-20T13:16:51.349+0000] {dag.py:2429} INFO - Sync 1 DAGs
[2025-06-20T13:16:51.360+0000] {logging_mixin.py:115} INFO - [2025-06-20T13:16:51.360+0000] {dag.py:2981} INFO - Setting next_dagrun for example_skip_dag to 2025-06-19T13:16:51.360540+00:00, run_after=2025-06-20T13:16:51.360540+00:00
[2025-06-20T13:16:51.365+0000] {processor.py:161} INFO - Processing /home/airflow/.local/lib/python3.7/site-packages/airflow/example_dags/example_skip_dag.py took 0.038 seconds
[2025-06-20T13:17:21.449+0000] {processor.py:153} INFO - Started process (PID=1648) to work on /home/airflow/.local/lib/python3.7/site-packages/airflow/example_dags/example_skip_dag.py
[2025-06-20T13:17:21.449+0000] {processor.py:640} INFO - Processing file /home/airflow/.local/lib/python3.7/site-packages/airflow/example_dags/example_skip_dag.py for tasks to queue
[2025-06-20T13:17:21.449+0000] {logging_mixin.py:115} INFO - [2025-06-20T13:17:21.449+0000] {dagbag.py:508} INFO - Filling up the DagBag from /home/airflow/.local/lib/python3.7/site-packages/airflow/example_dags/example_skip_dag.py
[2025-06-20T13:17:21.452+0000] {processor.py:650} INFO - DAG(s) dict_keys(['example_skip_dag']) retrieved from /home/airflow/.local/lib/python3.7/site-packages/airflow/example_dags/example_skip_dag.py
[2025-06-20T13:17:21.462+0000] {logging_mixin.py:115} INFO - [2025-06-20T13:17:21.462+0000] {dag.py:2429} INFO - Sync 1 DAGs
[2025-06-20T13:17:21.471+0000] {logging_mixin.py:115} INFO - [2025-06-20T13:17:21.471+0000] {dag.py:2981} INFO - Setting next_dagrun for example_skip_dag to 2025-06-19T13:17:21.471737+00:00, run_after=2025-06-20T13:17:21.471737+00:00
[2025-06-20T13:17:21.476+0000] {processor.py:161} INFO - Processing /home/airflow/.local/lib/python3.7/site-packages/airflow/example_dags/example_skip_dag.py took 0.029 seconds
[2025-06-20T13:17:51.559+0000] {processor.py:153} INFO - Started process (PID=1709) to work on /home/airflow/.local/lib/python3.7/site-packages/airflow/example_dags/example_skip_dag.py
[2025-06-20T13:17:51.559+0000] {processor.py:640} INFO - Processing file /home/airflow/.local/lib/python3.7/site-packages/airflow/example_dags/example_skip_dag.py for tasks to queue
[2025-06-20T13:17:51.559+0000] {logging_mixin.py:115} INFO - [2025-06-20T13:17:51.559+0000] {dagbag.py:508} INFO - Filling up the DagBag from /home/airflow/.local/lib/python3.7/site-packages/airflow/example_dags/example_skip_dag.py
[2025-06-20T13:17:51.562+0000] {processor.py:650} INFO - DAG(s) dict_keys(['example_skip_dag']) retrieved from /home/airflow/.local/lib/python3.7/site-packages/airflow/example_dags/example_skip_dag.py
[2025-06-20T13:17:51.571+0000] {logging_mixin.py:115} INFO - [2025-06-20T13:17:51.571+0000] {dag.py:2429} INFO - Sync 1 DAGs
[2025-06-20T13:17:51.580+0000] {logging_mixin.py:115} INFO - [2025-06-20T13:17:51.580+0000] {dag.py:2981} INFO - Setting next_dagrun for example_skip_dag to 2025-06-19T13:17:51.580308+00:00, run_after=2025-06-20T13:17:51.580308+00:00
[2025-06-20T13:17:51.584+0000] {processor.py:161} INFO - Processing /home/airflow/.local/lib/python3.7/site-packages/airflow/example_dags/example_skip_dag.py took 0.027 seconds
[2025-06-20T13:18:21.665+0000] {processor.py:153} INFO - Started process (PID=1770) to work on /home/airflow/.local/lib/python3.7/site-packages/airflow/example_dags/example_skip_dag.py
[2025-06-20T13:18:21.666+0000] {processor.py:640} INFO - Processing file /home/airflow/.local/lib/python3.7/site-packages/airflow/example_dags/example_skip_dag.py for tasks to queue
[2025-06-20T13:18:21.666+0000] {logging_mixin.py:115} INFO - [2025-06-20T13:18:21.666+0000] {dagbag.py:508} INFO - Filling up the DagBag from /home/airflow/.local/lib/python3.7/site-packages/airflow/example_dags/example_skip_dag.py
[2025-06-20T13:18:21.668+0000] {processor.py:650} INFO - DAG(s) dict_keys(['example_skip_dag']) retrieved from /home/airflow/.local/lib/python3.7/site-packages/airflow/example_dags/example_skip_dag.py
[2025-06-20T13:18:21.679+0000] {logging_mixin.py:115} INFO - [2025-06-20T13:18:21.679+0000] {dag.py:2429} INFO - Sync 1 DAGs
[2025-06-20T13:18:21.688+0000] {logging_mixin.py:115} INFO - [2025-06-20T13:18:21.688+0000] {dag.py:2981} INFO - Setting next_dagrun for example_skip_dag to 2025-06-19T13:18:21.688451+00:00, run_after=2025-06-20T13:18:21.688451+00:00
[2025-06-20T13:18:21.692+0000] {processor.py:161} INFO - Processing /home/airflow/.local/lib/python3.7/site-packages/airflow/example_dags/example_skip_dag.py took 0.029 seconds
[2025-06-20T13:18:51.894+0000] {processor.py:153} INFO - Started process (PID=1831) to work on /home/airflow/.local/lib/python3.7/site-packages/airflow/example_dags/example_skip_dag.py
[2025-06-20T13:18:51.894+0000] {processor.py:640} INFO - Processing file /home/airflow/.local/lib/python3.7/site-packages/airflow/example_dags/example_skip_dag.py for tasks to queue
[2025-06-20T13:18:51.895+0000] {logging_mixin.py:115} INFO - [2025-06-20T13:18:51.895+0000] {dagbag.py:508} INFO - Filling up the DagBag from /home/airflow/.local/lib/python3.7/site-packages/airflow/example_dags/example_skip_dag.py
[2025-06-20T13:18:51.897+0000] {processor.py:650} INFO - DAG(s) dict_keys(['example_skip_dag']) retrieved from /home/airflow/.local/lib/python3.7/site-packages/airflow/example_dags/example_skip_dag.py
[2025-06-20T13:18:51.908+0000] {logging_mixin.py:115} INFO - [2025-06-20T13:18:51.908+0000] {dag.py:2429} INFO - Sync 1 DAGs
[2025-06-20T13:18:51.920+0000] {logging_mixin.py:115} INFO - [2025-06-20T13:18:51.920+0000] {dag.py:2981} INFO - Setting next_dagrun for example_skip_dag to 2025-06-19T13:18:51.920571+00:00, run_after=2025-06-20T13:18:51.920571+00:00
[2025-06-20T13:18:51.925+0000] {processor.py:161} INFO - Processing /home/airflow/.local/lib/python3.7/site-packages/airflow/example_dags/example_skip_dag.py took 0.033 seconds
[2025-06-20T13:19:22.057+0000] {processor.py:153} INFO - Started process (PID=1892) to work on /home/airflow/.local/lib/python3.7/site-packages/airflow/example_dags/example_skip_dag.py
[2025-06-20T13:19:22.058+0000] {processor.py:640} INFO - Processing file /home/airflow/.local/lib/python3.7/site-packages/airflow/example_dags/example_skip_dag.py for tasks to queue
[2025-06-20T13:19:22.059+0000] {logging_mixin.py:115} INFO - [2025-06-20T13:19:22.059+0000] {dagbag.py:508} INFO - Filling up the DagBag from /home/airflow/.local/lib/python3.7/site-packages/airflow/example_dags/example_skip_dag.py
[2025-06-20T13:19:22.061+0000] {processor.py:650} INFO - DAG(s) dict_keys(['example_skip_dag']) retrieved from /home/airflow/.local/lib/python3.7/site-packages/airflow/example_dags/example_skip_dag.py
[2025-06-20T13:19:22.075+0000] {logging_mixin.py:115} INFO - [2025-06-20T13:19:22.075+0000] {dag.py:2429} INFO - Sync 1 DAGs
[2025-06-20T13:19:22.088+0000] {logging_mixin.py:115} INFO - [2025-06-20T13:19:22.088+0000] {dag.py:2981} INFO - Setting next_dagrun for example_skip_dag to 2025-06-19T13:19:22.088470+00:00, run_after=2025-06-20T13:19:22.088470+00:00
[2025-06-20T13:19:22.094+0000] {processor.py:161} INFO - Processing /home/airflow/.local/lib/python3.7/site-packages/airflow/example_dags/example_skip_dag.py took 0.038 seconds
[2025-06-20T13:19:52.169+0000] {processor.py:153} INFO - Started process (PID=1944) to work on /home/airflow/.local/lib/python3.7/site-packages/airflow/example_dags/example_skip_dag.py
[2025-06-20T13:19:52.169+0000] {processor.py:640} INFO - Processing file /home/airflow/.local/lib/python3.7/site-packages/airflow/example_dags/example_skip_dag.py for tasks to queue
[2025-06-20T13:19:52.169+0000] {logging_mixin.py:115} INFO - [2025-06-20T13:19:52.169+0000] {dagbag.py:508} INFO - Filling up the DagBag from /home/airflow/.local/lib/python3.7/site-packages/airflow/example_dags/example_skip_dag.py
[2025-06-20T13:19:52.172+0000] {processor.py:650} INFO - DAG(s) dict_keys(['example_skip_dag']) retrieved from /home/airflow/.local/lib/python3.7/site-packages/airflow/example_dags/example_skip_dag.py
[2025-06-20T13:19:52.182+0000] {logging_mixin.py:115} INFO - [2025-06-20T13:19:52.182+0000] {dag.py:2429} INFO - Sync 1 DAGs
[2025-06-20T13:19:52.191+0000] {logging_mixin.py:115} INFO - [2025-06-20T13:19:52.191+0000] {dag.py:2981} INFO - Setting next_dagrun for example_skip_dag to 2025-06-19T13:19:52.191649+00:00, run_after=2025-06-20T13:19:52.191649+00:00
[2025-06-20T13:19:52.196+0000] {processor.py:161} INFO - Processing /home/airflow/.local/lib/python3.7/site-packages/airflow/example_dags/example_skip_dag.py took 0.029 seconds
[2025-06-20T13:20:22.210+0000] {processor.py:153} INFO - Started process (PID=2004) to work on /home/airflow/.local/lib/python3.7/site-packages/airflow/example_dags/example_skip_dag.py
[2025-06-20T13:20:22.211+0000] {processor.py:640} INFO - Processing file /home/airflow/.local/lib/python3.7/site-packages/airflow/example_dags/example_skip_dag.py for tasks to queue
[2025-06-20T13:20:22.211+0000] {logging_mixin.py:115} INFO - [2025-06-20T13:20:22.211+0000] {dagbag.py:508} INFO - Filling up the DagBag from /home/airflow/.local/lib/python3.7/site-packages/airflow/example_dags/example_skip_dag.py
[2025-06-20T13:20:22.213+0000] {processor.py:650} INFO - DAG(s) dict_keys(['example_skip_dag']) retrieved from /home/airflow/.local/lib/python3.7/site-packages/airflow/example_dags/example_skip_dag.py
[2025-06-20T13:20:22.224+0000] {logging_mixin.py:115} INFO - [2025-06-20T13:20:22.224+0000] {dag.py:2429} INFO - Sync 1 DAGs
[2025-06-20T13:20:22.236+0000] {logging_mixin.py:115} INFO - [2025-06-20T13:20:22.235+0000] {dag.py:2981} INFO - Setting next_dagrun for example_skip_dag to 2025-06-19T13:20:22.235873+00:00, run_after=2025-06-20T13:20:22.235873+00:00
[2025-06-20T13:20:22.241+0000] {processor.py:161} INFO - Processing /home/airflow/.local/lib/python3.7/site-packages/airflow/example_dags/example_skip_dag.py took 0.033 seconds
[2025-06-20T13:20:52.433+0000] {processor.py:153} INFO - Started process (PID=2066) to work on /home/airflow/.local/lib/python3.7/site-packages/airflow/example_dags/example_skip_dag.py
[2025-06-20T13:20:52.436+0000] {processor.py:640} INFO - Processing file /home/airflow/.local/lib/python3.7/site-packages/airflow/example_dags/example_skip_dag.py for tasks to queue
[2025-06-20T13:20:52.437+0000] {logging_mixin.py:115} INFO - [2025-06-20T13:20:52.437+0000] {dagbag.py:508} INFO - Filling up the DagBag from /home/airflow/.local/lib/python3.7/site-packages/airflow/example_dags/example_skip_dag.py
[2025-06-20T13:20:52.439+0000] {processor.py:650} INFO - DAG(s) dict_keys(['example_skip_dag']) retrieved from /home/airflow/.local/lib/python3.7/site-packages/airflow/example_dags/example_skip_dag.py
[2025-06-20T13:20:52.451+0000] {logging_mixin.py:115} INFO - [2025-06-20T13:20:52.451+0000] {dag.py:2429} INFO - Sync 1 DAGs
[2025-06-20T13:20:52.461+0000] {logging_mixin.py:115} INFO - [2025-06-20T13:20:52.461+0000] {dag.py:2981} INFO - Setting next_dagrun for example_skip_dag to 2025-06-19T13:20:52.461506+00:00, run_after=2025-06-20T13:20:52.461506+00:00
[2025-06-20T13:20:52.469+0000] {processor.py:161} INFO - Processing /home/airflow/.local/lib/python3.7/site-packages/airflow/example_dags/example_skip_dag.py took 0.037 seconds
[2025-06-20T13:21:22.546+0000] {processor.py:153} INFO - Started process (PID=2126) to work on /home/airflow/.local/lib/python3.7/site-packages/airflow/example_dags/example_skip_dag.py
[2025-06-20T13:21:22.547+0000] {processor.py:640} INFO - Processing file /home/airflow/.local/lib/python3.7/site-packages/airflow/example_dags/example_skip_dag.py for tasks to queue
[2025-06-20T13:21:22.547+0000] {logging_mixin.py:115} INFO - [2025-06-20T13:21:22.547+0000] {dagbag.py:508} INFO - Filling up the DagBag from /home/airflow/.local/lib/python3.7/site-packages/airflow/example_dags/example_skip_dag.py
[2025-06-20T13:21:22.550+0000] {processor.py:650} INFO - DAG(s) dict_keys(['example_skip_dag']) retrieved from /home/airflow/.local/lib/python3.7/site-packages/airflow/example_dags/example_skip_dag.py
[2025-06-20T13:21:22.563+0000] {logging_mixin.py:115} INFO - [2025-06-20T13:21:22.563+0000] {dag.py:2429} INFO - Sync 1 DAGs
[2025-06-20T13:21:22.576+0000] {logging_mixin.py:115} INFO - [2025-06-20T13:21:22.576+0000] {dag.py:2981} INFO - Setting next_dagrun for example_skip_dag to 2025-06-19T13:21:22.576168+00:00, run_after=2025-06-20T13:21:22.576168+00:00
[2025-06-20T13:21:22.583+0000] {processor.py:161} INFO - Processing /home/airflow/.local/lib/python3.7/site-packages/airflow/example_dags/example_skip_dag.py took 0.039 seconds
[2025-06-20T13:21:52.671+0000] {processor.py:153} INFO - Started process (PID=2187) to work on /home/airflow/.local/lib/python3.7/site-packages/airflow/example_dags/example_skip_dag.py
[2025-06-20T13:21:52.672+0000] {processor.py:640} INFO - Processing file /home/airflow/.local/lib/python3.7/site-packages/airflow/example_dags/example_skip_dag.py for tasks to queue
[2025-06-20T13:21:52.672+0000] {logging_mixin.py:115} INFO - [2025-06-20T13:21:52.672+0000] {dagbag.py:508} INFO - Filling up the DagBag from /home/airflow/.local/lib/python3.7/site-packages/airflow/example_dags/example_skip_dag.py
[2025-06-20T13:21:52.676+0000] {processor.py:650} INFO - DAG(s) dict_keys(['example_skip_dag']) retrieved from /home/airflow/.local/lib/python3.7/site-packages/airflow/example_dags/example_skip_dag.py
[2025-06-20T13:21:52.686+0000] {logging_mixin.py:115} INFO - [2025-06-20T13:21:52.686+0000] {dag.py:2429} INFO - Sync 1 DAGs
[2025-06-20T13:21:52.695+0000] {logging_mixin.py:115} INFO - [2025-06-20T13:21:52.695+0000] {dag.py:2981} INFO - Setting next_dagrun for example_skip_dag to 2025-06-19T13:21:52.695843+00:00, run_after=2025-06-20T13:21:52.695843+00:00
[2025-06-20T13:21:52.700+0000] {processor.py:161} INFO - Processing /home/airflow/.local/lib/python3.7/site-packages/airflow/example_dags/example_skip_dag.py took 0.030 seconds
[2025-06-20T13:22:22.821+0000] {processor.py:153} INFO - Started process (PID=2240) to work on /home/airflow/.local/lib/python3.7/site-packages/airflow/example_dags/example_skip_dag.py
[2025-06-20T13:22:22.822+0000] {processor.py:640} INFO - Processing file /home/airflow/.local/lib/python3.7/site-packages/airflow/example_dags/example_skip_dag.py for tasks to queue
[2025-06-20T13:22:22.822+0000] {logging_mixin.py:115} INFO - [2025-06-20T13:22:22.822+0000] {dagbag.py:508} INFO - Filling up the DagBag from /home/airflow/.local/lib/python3.7/site-packages/airflow/example_dags/example_skip_dag.py
[2025-06-20T13:22:22.824+0000] {processor.py:650} INFO - DAG(s) dict_keys(['example_skip_dag']) retrieved from /home/airflow/.local/lib/python3.7/site-packages/airflow/example_dags/example_skip_dag.py
[2025-06-20T13:22:22.836+0000] {logging_mixin.py:115} INFO - [2025-06-20T13:22:22.836+0000] {dag.py:2429} INFO - Sync 1 DAGs
[2025-06-20T13:22:22.844+0000] {logging_mixin.py:115} INFO - [2025-06-20T13:22:22.844+0000] {dag.py:2981} INFO - Setting next_dagrun for example_skip_dag to 2025-06-19T13:22:22.844632+00:00, run_after=2025-06-20T13:22:22.844632+00:00
[2025-06-20T13:22:22.849+0000] {processor.py:161} INFO - Processing /home/airflow/.local/lib/python3.7/site-packages/airflow/example_dags/example_skip_dag.py took 0.030 seconds
[2025-06-20T13:22:52.925+0000] {processor.py:153} INFO - Started process (PID=2301) to work on /home/airflow/.local/lib/python3.7/site-packages/airflow/example_dags/example_skip_dag.py
[2025-06-20T13:22:52.926+0000] {processor.py:640} INFO - Processing file /home/airflow/.local/lib/python3.7/site-packages/airflow/example_dags/example_skip_dag.py for tasks to queue
[2025-06-20T13:22:52.926+0000] {logging_mixin.py:115} INFO - [2025-06-20T13:22:52.926+0000] {dagbag.py:508} INFO - Filling up the DagBag from /home/airflow/.local/lib/python3.7/site-packages/airflow/example_dags/example_skip_dag.py
[2025-06-20T13:22:52.928+0000] {processor.py:650} INFO - DAG(s) dict_keys(['example_skip_dag']) retrieved from /home/airflow/.local/lib/python3.7/site-packages/airflow/example_dags/example_skip_dag.py
[2025-06-20T13:22:52.940+0000] {logging_mixin.py:115} INFO - [2025-06-20T13:22:52.940+0000] {dag.py:2429} INFO - Sync 1 DAGs
[2025-06-20T13:22:52.949+0000] {logging_mixin.py:115} INFO - [2025-06-20T13:22:52.949+0000] {dag.py:2981} INFO - Setting next_dagrun for example_skip_dag to 2025-06-19T13:22:52.949727+00:00, run_after=2025-06-20T13:22:52.949727+00:00
[2025-06-20T13:22:52.954+0000] {processor.py:161} INFO - Processing /home/airflow/.local/lib/python3.7/site-packages/airflow/example_dags/example_skip_dag.py took 0.032 seconds
[2025-06-20T13:23:23.100+0000] {processor.py:153} INFO - Started process (PID=2362) to work on /home/airflow/.local/lib/python3.7/site-packages/airflow/example_dags/example_skip_dag.py
[2025-06-20T13:23:23.100+0000] {processor.py:640} INFO - Processing file /home/airflow/.local/lib/python3.7/site-packages/airflow/example_dags/example_skip_dag.py for tasks to queue
[2025-06-20T13:23:23.101+0000] {logging_mixin.py:115} INFO - [2025-06-20T13:23:23.101+0000] {dagbag.py:508} INFO - Filling up the DagBag from /home/airflow/.local/lib/python3.7/site-packages/airflow/example_dags/example_skip_dag.py
[2025-06-20T13:23:23.103+0000] {processor.py:650} INFO - DAG(s) dict_keys(['example_skip_dag']) retrieved from /home/airflow/.local/lib/python3.7/site-packages/airflow/example_dags/example_skip_dag.py
[2025-06-20T13:23:23.114+0000] {logging_mixin.py:115} INFO - [2025-06-20T13:23:23.114+0000] {dag.py:2429} INFO - Sync 1 DAGs
[2025-06-20T13:23:23.123+0000] {logging_mixin.py:115} INFO - [2025-06-20T13:23:23.122+0000] {dag.py:2981} INFO - Setting next_dagrun for example_skip_dag to 2025-06-19T13:23:23.122840+00:00, run_after=2025-06-20T13:23:23.122840+00:00
[2025-06-20T13:23:23.128+0000] {processor.py:161} INFO - Processing /home/airflow/.local/lib/python3.7/site-packages/airflow/example_dags/example_skip_dag.py took 0.030 seconds
[2025-06-20T13:23:53.298+0000] {processor.py:153} INFO - Started process (PID=2423) to work on /home/airflow/.local/lib/python3.7/site-packages/airflow/example_dags/example_skip_dag.py
[2025-06-20T13:23:53.299+0000] {processor.py:640} INFO - Processing file /home/airflow/.local/lib/python3.7/site-packages/airflow/example_dags/example_skip_dag.py for tasks to queue
[2025-06-20T13:23:53.299+0000] {logging_mixin.py:115} INFO - [2025-06-20T13:23:53.299+0000] {dagbag.py:508} INFO - Filling up the DagBag from /home/airflow/.local/lib/python3.7/site-packages/airflow/example_dags/example_skip_dag.py
[2025-06-20T13:23:53.301+0000] {processor.py:650} INFO - DAG(s) dict_keys(['example_skip_dag']) retrieved from /home/airflow/.local/lib/python3.7/site-packages/airflow/example_dags/example_skip_dag.py
[2025-06-20T13:23:53.313+0000] {logging_mixin.py:115} INFO - [2025-06-20T13:23:53.313+0000] {dag.py:2429} INFO - Sync 1 DAGs
[2025-06-20T13:23:53.321+0000] {logging_mixin.py:115} INFO - [2025-06-20T13:23:53.321+0000] {dag.py:2981} INFO - Setting next_dagrun for example_skip_dag to 2025-06-19T13:23:53.321620+00:00, run_after=2025-06-20T13:23:53.321620+00:00
[2025-06-20T13:23:53.326+0000] {processor.py:161} INFO - Processing /home/airflow/.local/lib/python3.7/site-packages/airflow/example_dags/example_skip_dag.py took 0.029 seconds
[2025-06-20T13:24:23.485+0000] {processor.py:153} INFO - Started process (PID=2484) to work on /home/airflow/.local/lib/python3.7/site-packages/airflow/example_dags/example_skip_dag.py
[2025-06-20T13:24:23.487+0000] {processor.py:640} INFO - Processing file /home/airflow/.local/lib/python3.7/site-packages/airflow/example_dags/example_skip_dag.py for tasks to queue
[2025-06-20T13:24:23.488+0000] {logging_mixin.py:115} INFO - [2025-06-20T13:24:23.488+0000] {dagbag.py:508} INFO - Filling up the DagBag from /home/airflow/.local/lib/python3.7/site-packages/airflow/example_dags/example_skip_dag.py
[2025-06-20T13:24:23.491+0000] {processor.py:650} INFO - DAG(s) dict_keys(['example_skip_dag']) retrieved from /home/airflow/.local/lib/python3.7/site-packages/airflow/example_dags/example_skip_dag.py
[2025-06-20T13:24:23.505+0000] {logging_mixin.py:115} INFO - [2025-06-20T13:24:23.505+0000] {dag.py:2429} INFO - Sync 1 DAGs
[2025-06-20T13:24:23.517+0000] {logging_mixin.py:115} INFO - [2025-06-20T13:24:23.517+0000] {dag.py:2981} INFO - Setting next_dagrun for example_skip_dag to 2025-06-19T13:24:23.517252+00:00, run_after=2025-06-20T13:24:23.517252+00:00
[2025-06-20T13:24:23.524+0000] {processor.py:161} INFO - Processing /home/airflow/.local/lib/python3.7/site-packages/airflow/example_dags/example_skip_dag.py took 0.040 seconds
