[2025-06-20T12:58:52.227+0000] {processor.py:153} INFO - Started process (PID=44) to work on /home/airflow/.local/lib/python3.7/site-packages/airflow/example_dags/tutorial.py
[2025-06-20T12:58:52.228+0000] {processor.py:640} INFO - Processing file /home/airflow/.local/lib/python3.7/site-packages/airflow/example_dags/tutorial.py for tasks to queue
[2025-06-20T12:58:52.229+0000] {logging_mixin.py:115} INFO - [2025-06-20T12:58:52.229+0000] {dagbag.py:508} INFO - Filling up the DagBag from /home/airflow/.local/lib/python3.7/site-packages/airflow/example_dags/tutorial.py
[2025-06-20T12:58:52.232+0000] {processor.py:650} INFO - DAG(s) dict_keys(['tutorial']) retrieved from /home/airflow/.local/lib/python3.7/site-packages/airflow/example_dags/tutorial.py
[2025-06-20T12:58:52.282+0000] {logging_mixin.py:115} INFO - [2025-06-20T12:58:52.282+0000] {manager.py:508} INFO - Created Permission View: can read on DAG:tutorial
[2025-06-20T12:58:52.286+0000] {logging_mixin.py:115} INFO - [2025-06-20T12:58:52.286+0000] {manager.py:508} INFO - Created Permission View: can delete on DAG:tutorial
[2025-06-20T12:58:52.290+0000] {logging_mixin.py:115} INFO - [2025-06-20T12:58:52.290+0000] {manager.py:508} INFO - Created Permission View: can edit on DAG:tutorial
[2025-06-20T12:58:52.290+0000] {logging_mixin.py:115} INFO - [2025-06-20T12:58:52.290+0000] {dag.py:2429} INFO - Sync 1 DAGs
[2025-06-20T12:58:52.295+0000] {logging_mixin.py:115} INFO - [2025-06-20T12:58:52.295+0000] {dag.py:2448} INFO - Creating ORM DAG for tutorial
[2025-06-20T12:58:52.301+0000] {logging_mixin.py:115} INFO - [2025-06-20T12:58:52.301+0000] {dag.py:2981} INFO - Setting next_dagrun for tutorial to 2025-06-19T12:58:52.301227+00:00, run_after=2025-06-20T12:58:52.301227+00:00
[2025-06-20T12:58:52.313+0000] {processor.py:161} INFO - Processing /home/airflow/.local/lib/python3.7/site-packages/airflow/example_dags/tutorial.py took 0.088 seconds
[2025-06-20T12:59:22.464+0000] {processor.py:153} INFO - Started process (PID=104) to work on /home/airflow/.local/lib/python3.7/site-packages/airflow/example_dags/tutorial.py
[2025-06-20T12:59:22.464+0000] {processor.py:640} INFO - Processing file /home/airflow/.local/lib/python3.7/site-packages/airflow/example_dags/tutorial.py for tasks to queue
[2025-06-20T12:59:22.464+0000] {logging_mixin.py:115} INFO - [2025-06-20T12:59:22.464+0000] {dagbag.py:508} INFO - Filling up the DagBag from /home/airflow/.local/lib/python3.7/site-packages/airflow/example_dags/tutorial.py
[2025-06-20T12:59:22.466+0000] {processor.py:650} INFO - DAG(s) dict_keys(['tutorial']) retrieved from /home/airflow/.local/lib/python3.7/site-packages/airflow/example_dags/tutorial.py
[2025-06-20T12:59:22.480+0000] {logging_mixin.py:115} INFO - [2025-06-20T12:59:22.480+0000] {dag.py:2429} INFO - Sync 1 DAGs
[2025-06-20T12:59:22.490+0000] {logging_mixin.py:115} INFO - [2025-06-20T12:59:22.490+0000] {dag.py:2981} INFO - Setting next_dagrun for tutorial to 2025-06-19T12:59:22.489984+00:00, run_after=2025-06-20T12:59:22.489984+00:00
[2025-06-20T12:59:22.496+0000] {processor.py:161} INFO - Processing /home/airflow/.local/lib/python3.7/site-packages/airflow/example_dags/tutorial.py took 0.034 seconds
[2025-06-20T12:59:52.609+0000] {processor.py:153} INFO - Started process (PID=165) to work on /home/airflow/.local/lib/python3.7/site-packages/airflow/example_dags/tutorial.py
[2025-06-20T12:59:52.609+0000] {processor.py:640} INFO - Processing file /home/airflow/.local/lib/python3.7/site-packages/airflow/example_dags/tutorial.py for tasks to queue
[2025-06-20T12:59:52.609+0000] {logging_mixin.py:115} INFO - [2025-06-20T12:59:52.609+0000] {dagbag.py:508} INFO - Filling up the DagBag from /home/airflow/.local/lib/python3.7/site-packages/airflow/example_dags/tutorial.py
[2025-06-20T12:59:52.612+0000] {processor.py:650} INFO - DAG(s) dict_keys(['tutorial']) retrieved from /home/airflow/.local/lib/python3.7/site-packages/airflow/example_dags/tutorial.py
[2025-06-20T12:59:52.626+0000] {logging_mixin.py:115} INFO - [2025-06-20T12:59:52.626+0000] {dag.py:2429} INFO - Sync 1 DAGs
[2025-06-20T12:59:52.635+0000] {logging_mixin.py:115} INFO - [2025-06-20T12:59:52.635+0000] {dag.py:2981} INFO - Setting next_dagrun for tutorial to 2025-06-19T12:59:52.635759+00:00, run_after=2025-06-20T12:59:52.635759+00:00
[2025-06-20T12:59:52.641+0000] {processor.py:161} INFO - Processing /home/airflow/.local/lib/python3.7/site-packages/airflow/example_dags/tutorial.py took 0.034 seconds
[2025-06-20T13:03:46.838+0000] {processor.py:153} INFO - Started process (PID=43) to work on /home/airflow/.local/lib/python3.7/site-packages/airflow/example_dags/tutorial.py
[2025-06-20T13:03:46.840+0000] {processor.py:640} INFO - Processing file /home/airflow/.local/lib/python3.7/site-packages/airflow/example_dags/tutorial.py for tasks to queue
[2025-06-20T13:03:46.840+0000] {logging_mixin.py:115} INFO - [2025-06-20T13:03:46.840+0000] {dagbag.py:508} INFO - Filling up the DagBag from /home/airflow/.local/lib/python3.7/site-packages/airflow/example_dags/tutorial.py
[2025-06-20T13:03:46.843+0000] {processor.py:650} INFO - DAG(s) dict_keys(['tutorial']) retrieved from /home/airflow/.local/lib/python3.7/site-packages/airflow/example_dags/tutorial.py
[2025-06-20T13:03:46.889+0000] {logging_mixin.py:115} INFO - [2025-06-20T13:03:46.888+0000] {manager.py:508} INFO - Created Permission View: can delete on DAG:tutorial
[2025-06-20T13:03:46.894+0000] {logging_mixin.py:115} INFO - [2025-06-20T13:03:46.894+0000] {manager.py:508} INFO - Created Permission View: can edit on DAG:tutorial
[2025-06-20T13:03:46.898+0000] {logging_mixin.py:115} INFO - [2025-06-20T13:03:46.898+0000] {manager.py:508} INFO - Created Permission View: can read on DAG:tutorial
[2025-06-20T13:03:46.898+0000] {logging_mixin.py:115} INFO - [2025-06-20T13:03:46.898+0000] {dag.py:2429} INFO - Sync 1 DAGs
[2025-06-20T13:03:46.904+0000] {logging_mixin.py:115} INFO - [2025-06-20T13:03:46.904+0000] {dag.py:2448} INFO - Creating ORM DAG for tutorial
[2025-06-20T13:03:46.909+0000] {logging_mixin.py:115} INFO - [2025-06-20T13:03:46.909+0000] {dag.py:2981} INFO - Setting next_dagrun for tutorial to 2025-06-19T13:03:46.909181+00:00, run_after=2025-06-20T13:03:46.909181+00:00
[2025-06-20T13:03:46.918+0000] {processor.py:161} INFO - Processing /home/airflow/.local/lib/python3.7/site-packages/airflow/example_dags/tutorial.py took 0.086 seconds
[2025-06-20T13:04:17.281+0000] {processor.py:153} INFO - Started process (PID=104) to work on /home/airflow/.local/lib/python3.7/site-packages/airflow/example_dags/tutorial.py
[2025-06-20T13:04:17.284+0000] {processor.py:640} INFO - Processing file /home/airflow/.local/lib/python3.7/site-packages/airflow/example_dags/tutorial.py for tasks to queue
[2025-06-20T13:04:17.284+0000] {logging_mixin.py:115} INFO - [2025-06-20T13:04:17.284+0000] {dagbag.py:508} INFO - Filling up the DagBag from /home/airflow/.local/lib/python3.7/site-packages/airflow/example_dags/tutorial.py
[2025-06-20T13:04:17.286+0000] {processor.py:650} INFO - DAG(s) dict_keys(['tutorial']) retrieved from /home/airflow/.local/lib/python3.7/site-packages/airflow/example_dags/tutorial.py
[2025-06-20T13:04:17.298+0000] {logging_mixin.py:115} INFO - [2025-06-20T13:04:17.298+0000] {dag.py:2429} INFO - Sync 1 DAGs
[2025-06-20T13:04:17.308+0000] {logging_mixin.py:115} INFO - [2025-06-20T13:04:17.308+0000] {dag.py:2981} INFO - Setting next_dagrun for tutorial to 2025-06-19T13:04:17.307955+00:00, run_after=2025-06-20T13:04:17.307955+00:00
[2025-06-20T13:04:17.315+0000] {processor.py:161} INFO - Processing /home/airflow/.local/lib/python3.7/site-packages/airflow/example_dags/tutorial.py took 0.035 seconds
[2025-06-20T13:04:47.475+0000] {processor.py:153} INFO - Started process (PID=165) to work on /home/airflow/.local/lib/python3.7/site-packages/airflow/example_dags/tutorial.py
[2025-06-20T13:04:47.477+0000] {processor.py:640} INFO - Processing file /home/airflow/.local/lib/python3.7/site-packages/airflow/example_dags/tutorial.py for tasks to queue
[2025-06-20T13:04:47.477+0000] {logging_mixin.py:115} INFO - [2025-06-20T13:04:47.477+0000] {dagbag.py:508} INFO - Filling up the DagBag from /home/airflow/.local/lib/python3.7/site-packages/airflow/example_dags/tutorial.py
[2025-06-20T13:04:47.479+0000] {processor.py:650} INFO - DAG(s) dict_keys(['tutorial']) retrieved from /home/airflow/.local/lib/python3.7/site-packages/airflow/example_dags/tutorial.py
[2025-06-20T13:04:47.494+0000] {logging_mixin.py:115} INFO - [2025-06-20T13:04:47.494+0000] {dag.py:2429} INFO - Sync 1 DAGs
[2025-06-20T13:04:47.506+0000] {logging_mixin.py:115} INFO - [2025-06-20T13:04:47.506+0000] {dag.py:2981} INFO - Setting next_dagrun for tutorial to 2025-06-19T13:04:47.506505+00:00, run_after=2025-06-20T13:04:47.506505+00:00
[2025-06-20T13:04:47.512+0000] {processor.py:161} INFO - Processing /home/airflow/.local/lib/python3.7/site-packages/airflow/example_dags/tutorial.py took 0.039 seconds
[2025-06-20T13:05:17.710+0000] {processor.py:153} INFO - Started process (PID=225) to work on /home/airflow/.local/lib/python3.7/site-packages/airflow/example_dags/tutorial.py
[2025-06-20T13:05:17.711+0000] {processor.py:640} INFO - Processing file /home/airflow/.local/lib/python3.7/site-packages/airflow/example_dags/tutorial.py for tasks to queue
[2025-06-20T13:05:17.713+0000] {logging_mixin.py:115} INFO - [2025-06-20T13:05:17.713+0000] {dagbag.py:508} INFO - Filling up the DagBag from /home/airflow/.local/lib/python3.7/site-packages/airflow/example_dags/tutorial.py
[2025-06-20T13:05:17.716+0000] {processor.py:650} INFO - DAG(s) dict_keys(['tutorial']) retrieved from /home/airflow/.local/lib/python3.7/site-packages/airflow/example_dags/tutorial.py
[2025-06-20T13:05:17.733+0000] {logging_mixin.py:115} INFO - [2025-06-20T13:05:17.733+0000] {dag.py:2429} INFO - Sync 1 DAGs
[2025-06-20T13:05:17.742+0000] {logging_mixin.py:115} INFO - [2025-06-20T13:05:17.742+0000] {dag.py:2981} INFO - Setting next_dagrun for tutorial to 2025-06-19T13:05:17.742706+00:00, run_after=2025-06-20T13:05:17.742706+00:00
[2025-06-20T13:05:17.749+0000] {processor.py:161} INFO - Processing /home/airflow/.local/lib/python3.7/site-packages/airflow/example_dags/tutorial.py took 0.041 seconds
[2025-06-20T13:05:47.869+0000] {processor.py:153} INFO - Started process (PID=277) to work on /home/airflow/.local/lib/python3.7/site-packages/airflow/example_dags/tutorial.py
[2025-06-20T13:05:47.870+0000] {processor.py:640} INFO - Processing file /home/airflow/.local/lib/python3.7/site-packages/airflow/example_dags/tutorial.py for tasks to queue
[2025-06-20T13:05:47.871+0000] {logging_mixin.py:115} INFO - [2025-06-20T13:05:47.871+0000] {dagbag.py:508} INFO - Filling up the DagBag from /home/airflow/.local/lib/python3.7/site-packages/airflow/example_dags/tutorial.py
[2025-06-20T13:05:47.874+0000] {processor.py:650} INFO - DAG(s) dict_keys(['tutorial']) retrieved from /home/airflow/.local/lib/python3.7/site-packages/airflow/example_dags/tutorial.py
[2025-06-20T13:05:47.885+0000] {logging_mixin.py:115} INFO - [2025-06-20T13:05:47.885+0000] {dag.py:2429} INFO - Sync 1 DAGs
[2025-06-20T13:05:47.894+0000] {logging_mixin.py:115} INFO - [2025-06-20T13:05:47.894+0000] {dag.py:2981} INFO - Setting next_dagrun for tutorial to 2025-06-19T13:05:47.894136+00:00, run_after=2025-06-20T13:05:47.894136+00:00
[2025-06-20T13:05:47.899+0000] {processor.py:161} INFO - Processing /home/airflow/.local/lib/python3.7/site-packages/airflow/example_dags/tutorial.py took 0.031 seconds
[2025-06-20T13:06:18.216+0000] {processor.py:153} INFO - Started process (PID=338) to work on /home/airflow/.local/lib/python3.7/site-packages/airflow/example_dags/tutorial.py
[2025-06-20T13:06:18.217+0000] {processor.py:640} INFO - Processing file /home/airflow/.local/lib/python3.7/site-packages/airflow/example_dags/tutorial.py for tasks to queue
[2025-06-20T13:06:18.217+0000] {logging_mixin.py:115} INFO - [2025-06-20T13:06:18.217+0000] {dagbag.py:508} INFO - Filling up the DagBag from /home/airflow/.local/lib/python3.7/site-packages/airflow/example_dags/tutorial.py
[2025-06-20T13:06:18.220+0000] {processor.py:650} INFO - DAG(s) dict_keys(['tutorial']) retrieved from /home/airflow/.local/lib/python3.7/site-packages/airflow/example_dags/tutorial.py
[2025-06-20T13:06:18.237+0000] {logging_mixin.py:115} INFO - [2025-06-20T13:06:18.237+0000] {dag.py:2429} INFO - Sync 1 DAGs
[2025-06-20T13:06:18.252+0000] {logging_mixin.py:115} INFO - [2025-06-20T13:06:18.252+0000] {dag.py:2981} INFO - Setting next_dagrun for tutorial to 2025-06-19T13:06:18.252139+00:00, run_after=2025-06-20T13:06:18.252139+00:00
[2025-06-20T13:06:18.259+0000] {processor.py:161} INFO - Processing /home/airflow/.local/lib/python3.7/site-packages/airflow/example_dags/tutorial.py took 0.044 seconds
[2025-06-20T13:06:48.427+0000] {processor.py:153} INFO - Started process (PID=398) to work on /home/airflow/.local/lib/python3.7/site-packages/airflow/example_dags/tutorial.py
[2025-06-20T13:06:48.428+0000] {processor.py:640} INFO - Processing file /home/airflow/.local/lib/python3.7/site-packages/airflow/example_dags/tutorial.py for tasks to queue
[2025-06-20T13:06:48.429+0000] {logging_mixin.py:115} INFO - [2025-06-20T13:06:48.428+0000] {dagbag.py:508} INFO - Filling up the DagBag from /home/airflow/.local/lib/python3.7/site-packages/airflow/example_dags/tutorial.py
[2025-06-20T13:06:48.430+0000] {processor.py:650} INFO - DAG(s) dict_keys(['tutorial']) retrieved from /home/airflow/.local/lib/python3.7/site-packages/airflow/example_dags/tutorial.py
[2025-06-20T13:06:48.445+0000] {logging_mixin.py:115} INFO - [2025-06-20T13:06:48.445+0000] {dag.py:2429} INFO - Sync 1 DAGs
[2025-06-20T13:06:48.456+0000] {logging_mixin.py:115} INFO - [2025-06-20T13:06:48.456+0000] {dag.py:2981} INFO - Setting next_dagrun for tutorial to 2025-06-19T13:06:48.456631+00:00, run_after=2025-06-20T13:06:48.456631+00:00
[2025-06-20T13:06:48.466+0000] {processor.py:161} INFO - Processing /home/airflow/.local/lib/python3.7/site-packages/airflow/example_dags/tutorial.py took 0.040 seconds
[2025-06-20T13:07:18.528+0000] {processor.py:153} INFO - Started process (PID=459) to work on /home/airflow/.local/lib/python3.7/site-packages/airflow/example_dags/tutorial.py
[2025-06-20T13:07:18.528+0000] {processor.py:640} INFO - Processing file /home/airflow/.local/lib/python3.7/site-packages/airflow/example_dags/tutorial.py for tasks to queue
[2025-06-20T13:07:18.529+0000] {logging_mixin.py:115} INFO - [2025-06-20T13:07:18.529+0000] {dagbag.py:508} INFO - Filling up the DagBag from /home/airflow/.local/lib/python3.7/site-packages/airflow/example_dags/tutorial.py
[2025-06-20T13:07:18.531+0000] {processor.py:650} INFO - DAG(s) dict_keys(['tutorial']) retrieved from /home/airflow/.local/lib/python3.7/site-packages/airflow/example_dags/tutorial.py
[2025-06-20T13:07:18.541+0000] {logging_mixin.py:115} INFO - [2025-06-20T13:07:18.541+0000] {dag.py:2429} INFO - Sync 1 DAGs
[2025-06-20T13:07:18.550+0000] {logging_mixin.py:115} INFO - [2025-06-20T13:07:18.550+0000] {dag.py:2981} INFO - Setting next_dagrun for tutorial to 2025-06-19T13:07:18.550149+00:00, run_after=2025-06-20T13:07:18.550149+00:00
[2025-06-20T13:07:18.556+0000] {processor.py:161} INFO - Processing /home/airflow/.local/lib/python3.7/site-packages/airflow/example_dags/tutorial.py took 0.029 seconds
[2025-06-20T13:07:48.652+0000] {processor.py:153} INFO - Started process (PID=520) to work on /home/airflow/.local/lib/python3.7/site-packages/airflow/example_dags/tutorial.py
[2025-06-20T13:07:48.655+0000] {processor.py:640} INFO - Processing file /home/airflow/.local/lib/python3.7/site-packages/airflow/example_dags/tutorial.py for tasks to queue
[2025-06-20T13:07:48.656+0000] {logging_mixin.py:115} INFO - [2025-06-20T13:07:48.656+0000] {dagbag.py:508} INFO - Filling up the DagBag from /home/airflow/.local/lib/python3.7/site-packages/airflow/example_dags/tutorial.py
[2025-06-20T13:07:48.659+0000] {processor.py:650} INFO - DAG(s) dict_keys(['tutorial']) retrieved from /home/airflow/.local/lib/python3.7/site-packages/airflow/example_dags/tutorial.py
[2025-06-20T13:07:48.673+0000] {logging_mixin.py:115} INFO - [2025-06-20T13:07:48.673+0000] {dag.py:2429} INFO - Sync 1 DAGs
[2025-06-20T13:07:48.683+0000] {logging_mixin.py:115} INFO - [2025-06-20T13:07:48.683+0000] {dag.py:2981} INFO - Setting next_dagrun for tutorial to 2025-06-19T13:07:48.683050+00:00, run_after=2025-06-20T13:07:48.683050+00:00
[2025-06-20T13:07:48.688+0000] {processor.py:161} INFO - Processing /home/airflow/.local/lib/python3.7/site-packages/airflow/example_dags/tutorial.py took 0.037 seconds
[2025-06-20T13:08:18.733+0000] {processor.py:153} INFO - Started process (PID=572) to work on /home/airflow/.local/lib/python3.7/site-packages/airflow/example_dags/tutorial.py
[2025-06-20T13:08:18.733+0000] {processor.py:640} INFO - Processing file /home/airflow/.local/lib/python3.7/site-packages/airflow/example_dags/tutorial.py for tasks to queue
[2025-06-20T13:08:18.734+0000] {logging_mixin.py:115} INFO - [2025-06-20T13:08:18.734+0000] {dagbag.py:508} INFO - Filling up the DagBag from /home/airflow/.local/lib/python3.7/site-packages/airflow/example_dags/tutorial.py
[2025-06-20T13:08:18.736+0000] {processor.py:650} INFO - DAG(s) dict_keys(['tutorial']) retrieved from /home/airflow/.local/lib/python3.7/site-packages/airflow/example_dags/tutorial.py
[2025-06-20T13:08:18.748+0000] {logging_mixin.py:115} INFO - [2025-06-20T13:08:18.748+0000] {dag.py:2429} INFO - Sync 1 DAGs
[2025-06-20T13:08:18.758+0000] {logging_mixin.py:115} INFO - [2025-06-20T13:08:18.758+0000] {dag.py:2981} INFO - Setting next_dagrun for tutorial to 2025-06-19T13:08:18.758797+00:00, run_after=2025-06-20T13:08:18.758797+00:00
[2025-06-20T13:08:18.764+0000] {processor.py:161} INFO - Processing /home/airflow/.local/lib/python3.7/site-packages/airflow/example_dags/tutorial.py took 0.032 seconds
[2025-06-20T13:08:48.853+0000] {processor.py:153} INFO - Started process (PID=633) to work on /home/airflow/.local/lib/python3.7/site-packages/airflow/example_dags/tutorial.py
[2025-06-20T13:08:48.854+0000] {processor.py:640} INFO - Processing file /home/airflow/.local/lib/python3.7/site-packages/airflow/example_dags/tutorial.py for tasks to queue
[2025-06-20T13:08:48.854+0000] {logging_mixin.py:115} INFO - [2025-06-20T13:08:48.854+0000] {dagbag.py:508} INFO - Filling up the DagBag from /home/airflow/.local/lib/python3.7/site-packages/airflow/example_dags/tutorial.py
[2025-06-20T13:08:48.856+0000] {processor.py:650} INFO - DAG(s) dict_keys(['tutorial']) retrieved from /home/airflow/.local/lib/python3.7/site-packages/airflow/example_dags/tutorial.py
[2025-06-20T13:08:48.867+0000] {logging_mixin.py:115} INFO - [2025-06-20T13:08:48.866+0000] {dag.py:2429} INFO - Sync 1 DAGs
[2025-06-20T13:08:48.876+0000] {logging_mixin.py:115} INFO - [2025-06-20T13:08:48.876+0000] {dag.py:2981} INFO - Setting next_dagrun for tutorial to 2025-06-19T13:08:48.876663+00:00, run_after=2025-06-20T13:08:48.876663+00:00
[2025-06-20T13:08:48.881+0000] {processor.py:161} INFO - Processing /home/airflow/.local/lib/python3.7/site-packages/airflow/example_dags/tutorial.py took 0.029 seconds
[2025-06-20T13:09:18.980+0000] {processor.py:153} INFO - Started process (PID=694) to work on /home/airflow/.local/lib/python3.7/site-packages/airflow/example_dags/tutorial.py
[2025-06-20T13:09:18.983+0000] {processor.py:640} INFO - Processing file /home/airflow/.local/lib/python3.7/site-packages/airflow/example_dags/tutorial.py for tasks to queue
[2025-06-20T13:09:18.983+0000] {logging_mixin.py:115} INFO - [2025-06-20T13:09:18.983+0000] {dagbag.py:508} INFO - Filling up the DagBag from /home/airflow/.local/lib/python3.7/site-packages/airflow/example_dags/tutorial.py
[2025-06-20T13:09:18.985+0000] {processor.py:650} INFO - DAG(s) dict_keys(['tutorial']) retrieved from /home/airflow/.local/lib/python3.7/site-packages/airflow/example_dags/tutorial.py
[2025-06-20T13:09:18.996+0000] {logging_mixin.py:115} INFO - [2025-06-20T13:09:18.996+0000] {dag.py:2429} INFO - Sync 1 DAGs
[2025-06-20T13:09:19.006+0000] {logging_mixin.py:115} INFO - [2025-06-20T13:09:19.006+0000] {dag.py:2981} INFO - Setting next_dagrun for tutorial to 2025-06-19T13:09:19.006401+00:00, run_after=2025-06-20T13:09:19.006401+00:00
[2025-06-20T13:09:19.011+0000] {processor.py:161} INFO - Processing /home/airflow/.local/lib/python3.7/site-packages/airflow/example_dags/tutorial.py took 0.032 seconds
[2025-06-20T13:09:49.077+0000] {processor.py:153} INFO - Started process (PID=755) to work on /home/airflow/.local/lib/python3.7/site-packages/airflow/example_dags/tutorial.py
[2025-06-20T13:09:49.078+0000] {processor.py:640} INFO - Processing file /home/airflow/.local/lib/python3.7/site-packages/airflow/example_dags/tutorial.py for tasks to queue
[2025-06-20T13:09:49.078+0000] {logging_mixin.py:115} INFO - [2025-06-20T13:09:49.078+0000] {dagbag.py:508} INFO - Filling up the DagBag from /home/airflow/.local/lib/python3.7/site-packages/airflow/example_dags/tutorial.py
[2025-06-20T13:09:49.080+0000] {processor.py:650} INFO - DAG(s) dict_keys(['tutorial']) retrieved from /home/airflow/.local/lib/python3.7/site-packages/airflow/example_dags/tutorial.py
[2025-06-20T13:09:49.090+0000] {logging_mixin.py:115} INFO - [2025-06-20T13:09:49.090+0000] {dag.py:2429} INFO - Sync 1 DAGs
[2025-06-20T13:09:49.099+0000] {logging_mixin.py:115} INFO - [2025-06-20T13:09:49.099+0000] {dag.py:2981} INFO - Setting next_dagrun for tutorial to 2025-06-19T13:09:49.099387+00:00, run_after=2025-06-20T13:09:49.099387+00:00
[2025-06-20T13:09:49.106+0000] {processor.py:161} INFO - Processing /home/airflow/.local/lib/python3.7/site-packages/airflow/example_dags/tutorial.py took 0.030 seconds
[2025-06-20T13:10:19.169+0000] {processor.py:153} INFO - Started process (PID=816) to work on /home/airflow/.local/lib/python3.7/site-packages/airflow/example_dags/tutorial.py
[2025-06-20T13:10:19.169+0000] {processor.py:640} INFO - Processing file /home/airflow/.local/lib/python3.7/site-packages/airflow/example_dags/tutorial.py for tasks to queue
[2025-06-20T13:10:19.171+0000] {logging_mixin.py:115} INFO - [2025-06-20T13:10:19.171+0000] {dagbag.py:508} INFO - Filling up the DagBag from /home/airflow/.local/lib/python3.7/site-packages/airflow/example_dags/tutorial.py
[2025-06-20T13:10:19.174+0000] {processor.py:650} INFO - DAG(s) dict_keys(['tutorial']) retrieved from /home/airflow/.local/lib/python3.7/site-packages/airflow/example_dags/tutorial.py
[2025-06-20T13:10:19.186+0000] {logging_mixin.py:115} INFO - [2025-06-20T13:10:19.186+0000] {dag.py:2429} INFO - Sync 1 DAGs
[2025-06-20T13:10:19.196+0000] {logging_mixin.py:115} INFO - [2025-06-20T13:10:19.196+0000] {dag.py:2981} INFO - Setting next_dagrun for tutorial to 2025-06-19T13:10:19.196153+00:00, run_after=2025-06-20T13:10:19.196153+00:00
[2025-06-20T13:10:19.200+0000] {processor.py:161} INFO - Processing /home/airflow/.local/lib/python3.7/site-packages/airflow/example_dags/tutorial.py took 0.033 seconds
[2025-06-20T13:10:49.304+0000] {processor.py:153} INFO - Started process (PID=877) to work on /home/airflow/.local/lib/python3.7/site-packages/airflow/example_dags/tutorial.py
[2025-06-20T13:10:49.304+0000] {processor.py:640} INFO - Processing file /home/airflow/.local/lib/python3.7/site-packages/airflow/example_dags/tutorial.py for tasks to queue
[2025-06-20T13:10:49.305+0000] {logging_mixin.py:115} INFO - [2025-06-20T13:10:49.305+0000] {dagbag.py:508} INFO - Filling up the DagBag from /home/airflow/.local/lib/python3.7/site-packages/airflow/example_dags/tutorial.py
[2025-06-20T13:10:49.307+0000] {processor.py:650} INFO - DAG(s) dict_keys(['tutorial']) retrieved from /home/airflow/.local/lib/python3.7/site-packages/airflow/example_dags/tutorial.py
[2025-06-20T13:10:49.318+0000] {logging_mixin.py:115} INFO - [2025-06-20T13:10:49.318+0000] {dag.py:2429} INFO - Sync 1 DAGs
[2025-06-20T13:10:49.327+0000] {logging_mixin.py:115} INFO - [2025-06-20T13:10:49.327+0000] {dag.py:2981} INFO - Setting next_dagrun for tutorial to 2025-06-19T13:10:49.326955+00:00, run_after=2025-06-20T13:10:49.326955+00:00
[2025-06-20T13:10:49.333+0000] {processor.py:161} INFO - Processing /home/airflow/.local/lib/python3.7/site-packages/airflow/example_dags/tutorial.py took 0.031 seconds
[2025-06-20T13:11:19.397+0000] {processor.py:153} INFO - Started process (PID=929) to work on /home/airflow/.local/lib/python3.7/site-packages/airflow/example_dags/tutorial.py
[2025-06-20T13:11:19.398+0000] {processor.py:640} INFO - Processing file /home/airflow/.local/lib/python3.7/site-packages/airflow/example_dags/tutorial.py for tasks to queue
[2025-06-20T13:11:19.398+0000] {logging_mixin.py:115} INFO - [2025-06-20T13:11:19.398+0000] {dagbag.py:508} INFO - Filling up the DagBag from /home/airflow/.local/lib/python3.7/site-packages/airflow/example_dags/tutorial.py
[2025-06-20T13:11:19.401+0000] {processor.py:650} INFO - DAG(s) dict_keys(['tutorial']) retrieved from /home/airflow/.local/lib/python3.7/site-packages/airflow/example_dags/tutorial.py
[2025-06-20T13:11:19.412+0000] {logging_mixin.py:115} INFO - [2025-06-20T13:11:19.412+0000] {dag.py:2429} INFO - Sync 1 DAGs
[2025-06-20T13:11:19.421+0000] {logging_mixin.py:115} INFO - [2025-06-20T13:11:19.421+0000] {dag.py:2981} INFO - Setting next_dagrun for tutorial to 2025-06-19T13:11:19.421440+00:00, run_after=2025-06-20T13:11:19.421440+00:00
[2025-06-20T13:11:19.426+0000] {processor.py:161} INFO - Processing /home/airflow/.local/lib/python3.7/site-packages/airflow/example_dags/tutorial.py took 0.030 seconds
[2025-06-20T13:11:49.611+0000] {processor.py:153} INFO - Started process (PID=990) to work on /home/airflow/.local/lib/python3.7/site-packages/airflow/example_dags/tutorial.py
[2025-06-20T13:11:49.611+0000] {processor.py:640} INFO - Processing file /home/airflow/.local/lib/python3.7/site-packages/airflow/example_dags/tutorial.py for tasks to queue
[2025-06-20T13:11:49.612+0000] {logging_mixin.py:115} INFO - [2025-06-20T13:11:49.612+0000] {dagbag.py:508} INFO - Filling up the DagBag from /home/airflow/.local/lib/python3.7/site-packages/airflow/example_dags/tutorial.py
[2025-06-20T13:11:49.614+0000] {processor.py:650} INFO - DAG(s) dict_keys(['tutorial']) retrieved from /home/airflow/.local/lib/python3.7/site-packages/airflow/example_dags/tutorial.py
[2025-06-20T13:11:49.626+0000] {logging_mixin.py:115} INFO - [2025-06-20T13:11:49.626+0000] {dag.py:2429} INFO - Sync 1 DAGs
[2025-06-20T13:11:49.635+0000] {logging_mixin.py:115} INFO - [2025-06-20T13:11:49.635+0000] {dag.py:2981} INFO - Setting next_dagrun for tutorial to 2025-06-19T13:11:49.635430+00:00, run_after=2025-06-20T13:11:49.635430+00:00
[2025-06-20T13:11:49.640+0000] {processor.py:161} INFO - Processing /home/airflow/.local/lib/python3.7/site-packages/airflow/example_dags/tutorial.py took 0.030 seconds
[2025-06-20T13:12:19.736+0000] {processor.py:153} INFO - Started process (PID=1051) to work on /home/airflow/.local/lib/python3.7/site-packages/airflow/example_dags/tutorial.py
[2025-06-20T13:12:19.738+0000] {processor.py:640} INFO - Processing file /home/airflow/.local/lib/python3.7/site-packages/airflow/example_dags/tutorial.py for tasks to queue
[2025-06-20T13:12:19.738+0000] {logging_mixin.py:115} INFO - [2025-06-20T13:12:19.738+0000] {dagbag.py:508} INFO - Filling up the DagBag from /home/airflow/.local/lib/python3.7/site-packages/airflow/example_dags/tutorial.py
[2025-06-20T13:12:19.741+0000] {processor.py:650} INFO - DAG(s) dict_keys(['tutorial']) retrieved from /home/airflow/.local/lib/python3.7/site-packages/airflow/example_dags/tutorial.py
[2025-06-20T13:12:19.754+0000] {logging_mixin.py:115} INFO - [2025-06-20T13:12:19.754+0000] {dag.py:2429} INFO - Sync 1 DAGs
[2025-06-20T13:12:19.765+0000] {logging_mixin.py:115} INFO - [2025-06-20T13:12:19.765+0000] {dag.py:2981} INFO - Setting next_dagrun for tutorial to 2025-06-19T13:12:19.765062+00:00, run_after=2025-06-20T13:12:19.765062+00:00
[2025-06-20T13:12:19.770+0000] {processor.py:161} INFO - Processing /home/airflow/.local/lib/python3.7/site-packages/airflow/example_dags/tutorial.py took 0.035 seconds
[2025-06-20T13:12:49.901+0000] {processor.py:153} INFO - Started process (PID=1112) to work on /home/airflow/.local/lib/python3.7/site-packages/airflow/example_dags/tutorial.py
[2025-06-20T13:12:49.901+0000] {processor.py:640} INFO - Processing file /home/airflow/.local/lib/python3.7/site-packages/airflow/example_dags/tutorial.py for tasks to queue
[2025-06-20T13:12:49.902+0000] {logging_mixin.py:115} INFO - [2025-06-20T13:12:49.902+0000] {dagbag.py:508} INFO - Filling up the DagBag from /home/airflow/.local/lib/python3.7/site-packages/airflow/example_dags/tutorial.py
[2025-06-20T13:12:49.905+0000] {processor.py:650} INFO - DAG(s) dict_keys(['tutorial']) retrieved from /home/airflow/.local/lib/python3.7/site-packages/airflow/example_dags/tutorial.py
[2025-06-20T13:12:49.917+0000] {logging_mixin.py:115} INFO - [2025-06-20T13:12:49.917+0000] {dag.py:2429} INFO - Sync 1 DAGs
[2025-06-20T13:12:49.928+0000] {logging_mixin.py:115} INFO - [2025-06-20T13:12:49.928+0000] {dag.py:2981} INFO - Setting next_dagrun for tutorial to 2025-06-19T13:12:49.928189+00:00, run_after=2025-06-20T13:12:49.928189+00:00
[2025-06-20T13:12:49.933+0000] {processor.py:161} INFO - Processing /home/airflow/.local/lib/python3.7/site-packages/airflow/example_dags/tutorial.py took 0.034 seconds
[2025-06-20T13:13:19.983+0000] {processor.py:153} INFO - Started process (PID=1173) to work on /home/airflow/.local/lib/python3.7/site-packages/airflow/example_dags/tutorial.py
[2025-06-20T13:13:19.984+0000] {processor.py:640} INFO - Processing file /home/airflow/.local/lib/python3.7/site-packages/airflow/example_dags/tutorial.py for tasks to queue
[2025-06-20T13:13:19.984+0000] {logging_mixin.py:115} INFO - [2025-06-20T13:13:19.984+0000] {dagbag.py:508} INFO - Filling up the DagBag from /home/airflow/.local/lib/python3.7/site-packages/airflow/example_dags/tutorial.py
[2025-06-20T13:13:19.986+0000] {processor.py:650} INFO - DAG(s) dict_keys(['tutorial']) retrieved from /home/airflow/.local/lib/python3.7/site-packages/airflow/example_dags/tutorial.py
[2025-06-20T13:13:19.998+0000] {logging_mixin.py:115} INFO - [2025-06-20T13:13:19.998+0000] {dag.py:2429} INFO - Sync 1 DAGs
[2025-06-20T13:13:20.006+0000] {logging_mixin.py:115} INFO - [2025-06-20T13:13:20.006+0000] {dag.py:2981} INFO - Setting next_dagrun for tutorial to 2025-06-19T13:13:20.006639+00:00, run_after=2025-06-20T13:13:20.006639+00:00
[2025-06-20T13:13:20.011+0000] {processor.py:161} INFO - Processing /home/airflow/.local/lib/python3.7/site-packages/airflow/example_dags/tutorial.py took 0.029 seconds
[2025-06-20T13:13:50.163+0000] {processor.py:153} INFO - Started process (PID=1225) to work on /home/airflow/.local/lib/python3.7/site-packages/airflow/example_dags/tutorial.py
[2025-06-20T13:13:50.167+0000] {processor.py:640} INFO - Processing file /home/airflow/.local/lib/python3.7/site-packages/airflow/example_dags/tutorial.py for tasks to queue
[2025-06-20T13:13:50.167+0000] {logging_mixin.py:115} INFO - [2025-06-20T13:13:50.167+0000] {dagbag.py:508} INFO - Filling up the DagBag from /home/airflow/.local/lib/python3.7/site-packages/airflow/example_dags/tutorial.py
[2025-06-20T13:13:50.170+0000] {processor.py:650} INFO - DAG(s) dict_keys(['tutorial']) retrieved from /home/airflow/.local/lib/python3.7/site-packages/airflow/example_dags/tutorial.py
[2025-06-20T13:13:50.184+0000] {logging_mixin.py:115} INFO - [2025-06-20T13:13:50.184+0000] {dag.py:2429} INFO - Sync 1 DAGs
[2025-06-20T13:13:50.196+0000] {logging_mixin.py:115} INFO - [2025-06-20T13:13:50.196+0000] {dag.py:2981} INFO - Setting next_dagrun for tutorial to 2025-06-19T13:13:50.196651+00:00, run_after=2025-06-20T13:13:50.196651+00:00
[2025-06-20T13:13:50.201+0000] {processor.py:161} INFO - Processing /home/airflow/.local/lib/python3.7/site-packages/airflow/example_dags/tutorial.py took 0.040 seconds
[2025-06-20T13:14:20.432+0000] {processor.py:153} INFO - Started process (PID=1286) to work on /home/airflow/.local/lib/python3.7/site-packages/airflow/example_dags/tutorial.py
[2025-06-20T13:14:20.433+0000] {processor.py:640} INFO - Processing file /home/airflow/.local/lib/python3.7/site-packages/airflow/example_dags/tutorial.py for tasks to queue
[2025-06-20T13:14:20.434+0000] {logging_mixin.py:115} INFO - [2025-06-20T13:14:20.434+0000] {dagbag.py:508} INFO - Filling up the DagBag from /home/airflow/.local/lib/python3.7/site-packages/airflow/example_dags/tutorial.py
[2025-06-20T13:14:20.437+0000] {processor.py:650} INFO - DAG(s) dict_keys(['tutorial']) retrieved from /home/airflow/.local/lib/python3.7/site-packages/airflow/example_dags/tutorial.py
[2025-06-20T13:14:20.463+0000] {logging_mixin.py:115} INFO - [2025-06-20T13:14:20.463+0000] {dag.py:2429} INFO - Sync 1 DAGs
[2025-06-20T13:14:20.478+0000] {logging_mixin.py:115} INFO - [2025-06-20T13:14:20.478+0000] {dag.py:2981} INFO - Setting next_dagrun for tutorial to 2025-06-19T13:14:20.478436+00:00, run_after=2025-06-20T13:14:20.478436+00:00
[2025-06-20T13:14:20.484+0000] {processor.py:161} INFO - Processing /home/airflow/.local/lib/python3.7/site-packages/airflow/example_dags/tutorial.py took 0.054 seconds
[2025-06-20T13:14:50.515+0000] {processor.py:153} INFO - Started process (PID=1347) to work on /home/airflow/.local/lib/python3.7/site-packages/airflow/example_dags/tutorial.py
[2025-06-20T13:14:50.516+0000] {processor.py:640} INFO - Processing file /home/airflow/.local/lib/python3.7/site-packages/airflow/example_dags/tutorial.py for tasks to queue
[2025-06-20T13:14:50.516+0000] {logging_mixin.py:115} INFO - [2025-06-20T13:14:50.516+0000] {dagbag.py:508} INFO - Filling up the DagBag from /home/airflow/.local/lib/python3.7/site-packages/airflow/example_dags/tutorial.py
[2025-06-20T13:14:50.522+0000] {processor.py:650} INFO - DAG(s) dict_keys(['tutorial']) retrieved from /home/airflow/.local/lib/python3.7/site-packages/airflow/example_dags/tutorial.py
[2025-06-20T13:14:50.533+0000] {logging_mixin.py:115} INFO - [2025-06-20T13:14:50.532+0000] {dag.py:2429} INFO - Sync 1 DAGs
[2025-06-20T13:14:50.542+0000] {logging_mixin.py:115} INFO - [2025-06-20T13:14:50.542+0000] {dag.py:2981} INFO - Setting next_dagrun for tutorial to 2025-06-19T13:14:50.542136+00:00, run_after=2025-06-20T13:14:50.542136+00:00
[2025-06-20T13:14:50.546+0000] {processor.py:161} INFO - Processing /home/airflow/.local/lib/python3.7/site-packages/airflow/example_dags/tutorial.py took 0.032 seconds
[2025-06-20T13:15:20.619+0000] {processor.py:153} INFO - Started process (PID=1408) to work on /home/airflow/.local/lib/python3.7/site-packages/airflow/example_dags/tutorial.py
[2025-06-20T13:15:20.622+0000] {processor.py:640} INFO - Processing file /home/airflow/.local/lib/python3.7/site-packages/airflow/example_dags/tutorial.py for tasks to queue
[2025-06-20T13:15:20.622+0000] {logging_mixin.py:115} INFO - [2025-06-20T13:15:20.622+0000] {dagbag.py:508} INFO - Filling up the DagBag from /home/airflow/.local/lib/python3.7/site-packages/airflow/example_dags/tutorial.py
[2025-06-20T13:15:20.624+0000] {processor.py:650} INFO - DAG(s) dict_keys(['tutorial']) retrieved from /home/airflow/.local/lib/python3.7/site-packages/airflow/example_dags/tutorial.py
[2025-06-20T13:15:20.635+0000] {logging_mixin.py:115} INFO - [2025-06-20T13:15:20.635+0000] {dag.py:2429} INFO - Sync 1 DAGs
[2025-06-20T13:15:20.644+0000] {logging_mixin.py:115} INFO - [2025-06-20T13:15:20.644+0000] {dag.py:2981} INFO - Setting next_dagrun for tutorial to 2025-06-19T13:15:20.644417+00:00, run_after=2025-06-20T13:15:20.644417+00:00
[2025-06-20T13:15:20.649+0000] {processor.py:161} INFO - Processing /home/airflow/.local/lib/python3.7/site-packages/airflow/example_dags/tutorial.py took 0.032 seconds
[2025-06-20T13:15:50.771+0000] {processor.py:153} INFO - Started process (PID=1469) to work on /home/airflow/.local/lib/python3.7/site-packages/airflow/example_dags/tutorial.py
[2025-06-20T13:15:50.772+0000] {processor.py:640} INFO - Processing file /home/airflow/.local/lib/python3.7/site-packages/airflow/example_dags/tutorial.py for tasks to queue
[2025-06-20T13:15:50.772+0000] {logging_mixin.py:115} INFO - [2025-06-20T13:15:50.772+0000] {dagbag.py:508} INFO - Filling up the DagBag from /home/airflow/.local/lib/python3.7/site-packages/airflow/example_dags/tutorial.py
[2025-06-20T13:15:50.775+0000] {processor.py:650} INFO - DAG(s) dict_keys(['tutorial']) retrieved from /home/airflow/.local/lib/python3.7/site-packages/airflow/example_dags/tutorial.py
[2025-06-20T13:15:50.786+0000] {logging_mixin.py:115} INFO - [2025-06-20T13:15:50.786+0000] {dag.py:2429} INFO - Sync 1 DAGs
[2025-06-20T13:15:50.795+0000] {logging_mixin.py:115} INFO - [2025-06-20T13:15:50.795+0000] {dag.py:2981} INFO - Setting next_dagrun for tutorial to 2025-06-19T13:15:50.795580+00:00, run_after=2025-06-20T13:15:50.795580+00:00
[2025-06-20T13:15:50.800+0000] {processor.py:161} INFO - Processing /home/airflow/.local/lib/python3.7/site-packages/airflow/example_dags/tutorial.py took 0.031 seconds
[2025-06-20T13:16:20.905+0000] {processor.py:153} INFO - Started process (PID=1530) to work on /home/airflow/.local/lib/python3.7/site-packages/airflow/example_dags/tutorial.py
[2025-06-20T13:16:20.905+0000] {processor.py:640} INFO - Processing file /home/airflow/.local/lib/python3.7/site-packages/airflow/example_dags/tutorial.py for tasks to queue
[2025-06-20T13:16:20.906+0000] {logging_mixin.py:115} INFO - [2025-06-20T13:16:20.906+0000] {dagbag.py:508} INFO - Filling up the DagBag from /home/airflow/.local/lib/python3.7/site-packages/airflow/example_dags/tutorial.py
[2025-06-20T13:16:20.909+0000] {processor.py:650} INFO - DAG(s) dict_keys(['tutorial']) retrieved from /home/airflow/.local/lib/python3.7/site-packages/airflow/example_dags/tutorial.py
[2025-06-20T13:16:20.928+0000] {logging_mixin.py:115} INFO - [2025-06-20T13:16:20.927+0000] {dag.py:2429} INFO - Sync 1 DAGs
[2025-06-20T13:16:20.939+0000] {logging_mixin.py:115} INFO - [2025-06-20T13:16:20.939+0000] {dag.py:2981} INFO - Setting next_dagrun for tutorial to 2025-06-19T13:16:20.939222+00:00, run_after=2025-06-20T13:16:20.939222+00:00
[2025-06-20T13:16:20.947+0000] {processor.py:161} INFO - Processing /home/airflow/.local/lib/python3.7/site-packages/airflow/example_dags/tutorial.py took 0.044 seconds
[2025-06-20T13:16:51.192+0000] {processor.py:153} INFO - Started process (PID=1582) to work on /home/airflow/.local/lib/python3.7/site-packages/airflow/example_dags/tutorial.py
[2025-06-20T13:16:51.193+0000] {processor.py:640} INFO - Processing file /home/airflow/.local/lib/python3.7/site-packages/airflow/example_dags/tutorial.py for tasks to queue
[2025-06-20T13:16:51.193+0000] {logging_mixin.py:115} INFO - [2025-06-20T13:16:51.193+0000] {dagbag.py:508} INFO - Filling up the DagBag from /home/airflow/.local/lib/python3.7/site-packages/airflow/example_dags/tutorial.py
[2025-06-20T13:16:51.195+0000] {processor.py:650} INFO - DAG(s) dict_keys(['tutorial']) retrieved from /home/airflow/.local/lib/python3.7/site-packages/airflow/example_dags/tutorial.py
[2025-06-20T13:16:51.209+0000] {logging_mixin.py:115} INFO - [2025-06-20T13:16:51.208+0000] {dag.py:2429} INFO - Sync 1 DAGs
[2025-06-20T13:16:51.218+0000] {logging_mixin.py:115} INFO - [2025-06-20T13:16:51.218+0000] {dag.py:2981} INFO - Setting next_dagrun for tutorial to 2025-06-19T13:16:51.218748+00:00, run_after=2025-06-20T13:16:51.218748+00:00
[2025-06-20T13:16:51.224+0000] {processor.py:161} INFO - Processing /home/airflow/.local/lib/python3.7/site-packages/airflow/example_dags/tutorial.py took 0.034 seconds
[2025-06-20T13:17:21.327+0000] {processor.py:153} INFO - Started process (PID=1643) to work on /home/airflow/.local/lib/python3.7/site-packages/airflow/example_dags/tutorial.py
[2025-06-20T13:17:21.330+0000] {processor.py:640} INFO - Processing file /home/airflow/.local/lib/python3.7/site-packages/airflow/example_dags/tutorial.py for tasks to queue
[2025-06-20T13:17:21.330+0000] {logging_mixin.py:115} INFO - [2025-06-20T13:17:21.330+0000] {dagbag.py:508} INFO - Filling up the DagBag from /home/airflow/.local/lib/python3.7/site-packages/airflow/example_dags/tutorial.py
[2025-06-20T13:17:21.332+0000] {processor.py:650} INFO - DAG(s) dict_keys(['tutorial']) retrieved from /home/airflow/.local/lib/python3.7/site-packages/airflow/example_dags/tutorial.py
[2025-06-20T13:17:21.345+0000] {logging_mixin.py:115} INFO - [2025-06-20T13:17:21.345+0000] {dag.py:2429} INFO - Sync 1 DAGs
[2025-06-20T13:17:21.357+0000] {logging_mixin.py:115} INFO - [2025-06-20T13:17:21.357+0000] {dag.py:2981} INFO - Setting next_dagrun for tutorial to 2025-06-19T13:17:21.357600+00:00, run_after=2025-06-20T13:17:21.357600+00:00
[2025-06-20T13:17:21.362+0000] {processor.py:161} INFO - Processing /home/airflow/.local/lib/python3.7/site-packages/airflow/example_dags/tutorial.py took 0.036 seconds
[2025-06-20T13:17:51.441+0000] {processor.py:153} INFO - Started process (PID=1704) to work on /home/airflow/.local/lib/python3.7/site-packages/airflow/example_dags/tutorial.py
[2025-06-20T13:17:51.442+0000] {processor.py:640} INFO - Processing file /home/airflow/.local/lib/python3.7/site-packages/airflow/example_dags/tutorial.py for tasks to queue
[2025-06-20T13:17:51.442+0000] {logging_mixin.py:115} INFO - [2025-06-20T13:17:51.442+0000] {dagbag.py:508} INFO - Filling up the DagBag from /home/airflow/.local/lib/python3.7/site-packages/airflow/example_dags/tutorial.py
[2025-06-20T13:17:51.444+0000] {processor.py:650} INFO - DAG(s) dict_keys(['tutorial']) retrieved from /home/airflow/.local/lib/python3.7/site-packages/airflow/example_dags/tutorial.py
[2025-06-20T13:17:51.455+0000] {logging_mixin.py:115} INFO - [2025-06-20T13:17:51.455+0000] {dag.py:2429} INFO - Sync 1 DAGs
[2025-06-20T13:17:51.464+0000] {logging_mixin.py:115} INFO - [2025-06-20T13:17:51.464+0000] {dag.py:2981} INFO - Setting next_dagrun for tutorial to 2025-06-19T13:17:51.464227+00:00, run_after=2025-06-20T13:17:51.464227+00:00
[2025-06-20T13:17:51.469+0000] {processor.py:161} INFO - Processing /home/airflow/.local/lib/python3.7/site-packages/airflow/example_dags/tutorial.py took 0.029 seconds
[2025-06-20T13:18:21.550+0000] {processor.py:153} INFO - Started process (PID=1765) to work on /home/airflow/.local/lib/python3.7/site-packages/airflow/example_dags/tutorial.py
[2025-06-20T13:18:21.551+0000] {processor.py:640} INFO - Processing file /home/airflow/.local/lib/python3.7/site-packages/airflow/example_dags/tutorial.py for tasks to queue
[2025-06-20T13:18:21.552+0000] {logging_mixin.py:115} INFO - [2025-06-20T13:18:21.552+0000] {dagbag.py:508} INFO - Filling up the DagBag from /home/airflow/.local/lib/python3.7/site-packages/airflow/example_dags/tutorial.py
[2025-06-20T13:18:21.555+0000] {processor.py:650} INFO - DAG(s) dict_keys(['tutorial']) retrieved from /home/airflow/.local/lib/python3.7/site-packages/airflow/example_dags/tutorial.py
[2025-06-20T13:18:21.566+0000] {logging_mixin.py:115} INFO - [2025-06-20T13:18:21.566+0000] {dag.py:2429} INFO - Sync 1 DAGs
[2025-06-20T13:18:21.578+0000] {logging_mixin.py:115} INFO - [2025-06-20T13:18:21.578+0000] {dag.py:2981} INFO - Setting next_dagrun for tutorial to 2025-06-19T13:18:21.578283+00:00, run_after=2025-06-20T13:18:21.578283+00:00
[2025-06-20T13:18:21.582+0000] {processor.py:161} INFO - Processing /home/airflow/.local/lib/python3.7/site-packages/airflow/example_dags/tutorial.py took 0.034 seconds
[2025-06-20T13:18:51.762+0000] {processor.py:153} INFO - Started process (PID=1826) to work on /home/airflow/.local/lib/python3.7/site-packages/airflow/example_dags/tutorial.py
[2025-06-20T13:18:51.763+0000] {processor.py:640} INFO - Processing file /home/airflow/.local/lib/python3.7/site-packages/airflow/example_dags/tutorial.py for tasks to queue
[2025-06-20T13:18:51.763+0000] {logging_mixin.py:115} INFO - [2025-06-20T13:18:51.763+0000] {dagbag.py:508} INFO - Filling up the DagBag from /home/airflow/.local/lib/python3.7/site-packages/airflow/example_dags/tutorial.py
[2025-06-20T13:18:51.765+0000] {processor.py:650} INFO - DAG(s) dict_keys(['tutorial']) retrieved from /home/airflow/.local/lib/python3.7/site-packages/airflow/example_dags/tutorial.py
[2025-06-20T13:18:51.777+0000] {logging_mixin.py:115} INFO - [2025-06-20T13:18:51.777+0000] {dag.py:2429} INFO - Sync 1 DAGs
[2025-06-20T13:18:51.787+0000] {logging_mixin.py:115} INFO - [2025-06-20T13:18:51.786+0000] {dag.py:2981} INFO - Setting next_dagrun for tutorial to 2025-06-19T13:18:51.786877+00:00, run_after=2025-06-20T13:18:51.786877+00:00
[2025-06-20T13:18:51.792+0000] {processor.py:161} INFO - Processing /home/airflow/.local/lib/python3.7/site-packages/airflow/example_dags/tutorial.py took 0.031 seconds
[2025-06-20T13:19:21.915+0000] {processor.py:153} INFO - Started process (PID=1887) to work on /home/airflow/.local/lib/python3.7/site-packages/airflow/example_dags/tutorial.py
[2025-06-20T13:19:21.915+0000] {processor.py:640} INFO - Processing file /home/airflow/.local/lib/python3.7/site-packages/airflow/example_dags/tutorial.py for tasks to queue
[2025-06-20T13:19:21.919+0000] {logging_mixin.py:115} INFO - [2025-06-20T13:19:21.919+0000] {dagbag.py:508} INFO - Filling up the DagBag from /home/airflow/.local/lib/python3.7/site-packages/airflow/example_dags/tutorial.py
[2025-06-20T13:19:21.922+0000] {processor.py:650} INFO - DAG(s) dict_keys(['tutorial']) retrieved from /home/airflow/.local/lib/python3.7/site-packages/airflow/example_dags/tutorial.py
[2025-06-20T13:19:21.934+0000] {logging_mixin.py:115} INFO - [2025-06-20T13:19:21.934+0000] {dag.py:2429} INFO - Sync 1 DAGs
[2025-06-20T13:19:21.945+0000] {logging_mixin.py:115} INFO - [2025-06-20T13:19:21.945+0000] {dag.py:2981} INFO - Setting next_dagrun for tutorial to 2025-06-19T13:19:21.945032+00:00, run_after=2025-06-20T13:19:21.945032+00:00
[2025-06-20T13:19:21.950+0000] {processor.py:161} INFO - Processing /home/airflow/.local/lib/python3.7/site-packages/airflow/example_dags/tutorial.py took 0.037 seconds
[2025-06-20T13:19:52.048+0000] {processor.py:153} INFO - Started process (PID=1939) to work on /home/airflow/.local/lib/python3.7/site-packages/airflow/example_dags/tutorial.py
[2025-06-20T13:19:52.049+0000] {processor.py:640} INFO - Processing file /home/airflow/.local/lib/python3.7/site-packages/airflow/example_dags/tutorial.py for tasks to queue
[2025-06-20T13:19:52.049+0000] {logging_mixin.py:115} INFO - [2025-06-20T13:19:52.049+0000] {dagbag.py:508} INFO - Filling up the DagBag from /home/airflow/.local/lib/python3.7/site-packages/airflow/example_dags/tutorial.py
[2025-06-20T13:19:52.051+0000] {processor.py:650} INFO - DAG(s) dict_keys(['tutorial']) retrieved from /home/airflow/.local/lib/python3.7/site-packages/airflow/example_dags/tutorial.py
[2025-06-20T13:19:52.062+0000] {logging_mixin.py:115} INFO - [2025-06-20T13:19:52.062+0000] {dag.py:2429} INFO - Sync 1 DAGs
[2025-06-20T13:19:52.071+0000] {logging_mixin.py:115} INFO - [2025-06-20T13:19:52.071+0000] {dag.py:2981} INFO - Setting next_dagrun for tutorial to 2025-06-19T13:19:52.071250+00:00, run_after=2025-06-20T13:19:52.071250+00:00
[2025-06-20T13:19:52.078+0000] {processor.py:161} INFO - Processing /home/airflow/.local/lib/python3.7/site-packages/airflow/example_dags/tutorial.py took 0.031 seconds
[2025-06-20T13:20:22.127+0000] {processor.py:153} INFO - Started process (PID=2000) to work on /home/airflow/.local/lib/python3.7/site-packages/airflow/example_dags/tutorial.py
[2025-06-20T13:20:22.127+0000] {processor.py:640} INFO - Processing file /home/airflow/.local/lib/python3.7/site-packages/airflow/example_dags/tutorial.py for tasks to queue
[2025-06-20T13:20:22.128+0000] {logging_mixin.py:115} INFO - [2025-06-20T13:20:22.128+0000] {dagbag.py:508} INFO - Filling up the DagBag from /home/airflow/.local/lib/python3.7/site-packages/airflow/example_dags/tutorial.py
[2025-06-20T13:20:22.130+0000] {processor.py:650} INFO - DAG(s) dict_keys(['tutorial']) retrieved from /home/airflow/.local/lib/python3.7/site-packages/airflow/example_dags/tutorial.py
[2025-06-20T13:20:22.141+0000] {logging_mixin.py:115} INFO - [2025-06-20T13:20:22.141+0000] {dag.py:2429} INFO - Sync 1 DAGs
[2025-06-20T13:20:22.149+0000] {logging_mixin.py:115} INFO - [2025-06-20T13:20:22.149+0000] {dag.py:2981} INFO - Setting next_dagrun for tutorial to 2025-06-19T13:20:22.149611+00:00, run_after=2025-06-20T13:20:22.149611+00:00
[2025-06-20T13:20:22.154+0000] {processor.py:161} INFO - Processing /home/airflow/.local/lib/python3.7/site-packages/airflow/example_dags/tutorial.py took 0.029 seconds
[2025-06-20T13:20:52.315+0000] {processor.py:153} INFO - Started process (PID=2061) to work on /home/airflow/.local/lib/python3.7/site-packages/airflow/example_dags/tutorial.py
[2025-06-20T13:20:52.315+0000] {processor.py:640} INFO - Processing file /home/airflow/.local/lib/python3.7/site-packages/airflow/example_dags/tutorial.py for tasks to queue
[2025-06-20T13:20:52.316+0000] {logging_mixin.py:115} INFO - [2025-06-20T13:20:52.316+0000] {dagbag.py:508} INFO - Filling up the DagBag from /home/airflow/.local/lib/python3.7/site-packages/airflow/example_dags/tutorial.py
[2025-06-20T13:20:52.318+0000] {processor.py:650} INFO - DAG(s) dict_keys(['tutorial']) retrieved from /home/airflow/.local/lib/python3.7/site-packages/airflow/example_dags/tutorial.py
[2025-06-20T13:20:52.328+0000] {logging_mixin.py:115} INFO - [2025-06-20T13:20:52.328+0000] {dag.py:2429} INFO - Sync 1 DAGs
[2025-06-20T13:20:52.339+0000] {logging_mixin.py:115} INFO - [2025-06-20T13:20:52.339+0000] {dag.py:2981} INFO - Setting next_dagrun for tutorial to 2025-06-19T13:20:52.339513+00:00, run_after=2025-06-20T13:20:52.339513+00:00
[2025-06-20T13:20:52.344+0000] {processor.py:161} INFO - Processing /home/airflow/.local/lib/python3.7/site-packages/airflow/example_dags/tutorial.py took 0.031 seconds
[2025-06-20T13:21:22.455+0000] {processor.py:153} INFO - Started process (PID=2122) to work on /home/airflow/.local/lib/python3.7/site-packages/airflow/example_dags/tutorial.py
[2025-06-20T13:21:22.455+0000] {processor.py:640} INFO - Processing file /home/airflow/.local/lib/python3.7/site-packages/airflow/example_dags/tutorial.py for tasks to queue
[2025-06-20T13:21:22.456+0000] {logging_mixin.py:115} INFO - [2025-06-20T13:21:22.456+0000] {dagbag.py:508} INFO - Filling up the DagBag from /home/airflow/.local/lib/python3.7/site-packages/airflow/example_dags/tutorial.py
[2025-06-20T13:21:22.459+0000] {processor.py:650} INFO - DAG(s) dict_keys(['tutorial']) retrieved from /home/airflow/.local/lib/python3.7/site-packages/airflow/example_dags/tutorial.py
[2025-06-20T13:21:22.473+0000] {logging_mixin.py:115} INFO - [2025-06-20T13:21:22.473+0000] {dag.py:2429} INFO - Sync 1 DAGs
[2025-06-20T13:21:22.485+0000] {logging_mixin.py:115} INFO - [2025-06-20T13:21:22.485+0000] {dag.py:2981} INFO - Setting next_dagrun for tutorial to 2025-06-19T13:21:22.485107+00:00, run_after=2025-06-20T13:21:22.485107+00:00
[2025-06-20T13:21:22.490+0000] {processor.py:161} INFO - Processing /home/airflow/.local/lib/python3.7/site-packages/airflow/example_dags/tutorial.py took 0.037 seconds
[2025-06-20T13:21:52.589+0000] {processor.py:153} INFO - Started process (PID=2183) to work on /home/airflow/.local/lib/python3.7/site-packages/airflow/example_dags/tutorial.py
[2025-06-20T13:21:52.590+0000] {processor.py:640} INFO - Processing file /home/airflow/.local/lib/python3.7/site-packages/airflow/example_dags/tutorial.py for tasks to queue
[2025-06-20T13:21:52.590+0000] {logging_mixin.py:115} INFO - [2025-06-20T13:21:52.590+0000] {dagbag.py:508} INFO - Filling up the DagBag from /home/airflow/.local/lib/python3.7/site-packages/airflow/example_dags/tutorial.py
[2025-06-20T13:21:52.592+0000] {processor.py:650} INFO - DAG(s) dict_keys(['tutorial']) retrieved from /home/airflow/.local/lib/python3.7/site-packages/airflow/example_dags/tutorial.py
[2025-06-20T13:21:52.603+0000] {logging_mixin.py:115} INFO - [2025-06-20T13:21:52.603+0000] {dag.py:2429} INFO - Sync 1 DAGs
[2025-06-20T13:21:52.613+0000] {logging_mixin.py:115} INFO - [2025-06-20T13:21:52.613+0000] {dag.py:2981} INFO - Setting next_dagrun for tutorial to 2025-06-19T13:21:52.613647+00:00, run_after=2025-06-20T13:21:52.613647+00:00
[2025-06-20T13:21:52.618+0000] {processor.py:161} INFO - Processing /home/airflow/.local/lib/python3.7/site-packages/airflow/example_dags/tutorial.py took 0.030 seconds
[2025-06-20T13:22:22.719+0000] {processor.py:153} INFO - Started process (PID=2235) to work on /home/airflow/.local/lib/python3.7/site-packages/airflow/example_dags/tutorial.py
[2025-06-20T13:22:22.719+0000] {processor.py:640} INFO - Processing file /home/airflow/.local/lib/python3.7/site-packages/airflow/example_dags/tutorial.py for tasks to queue
[2025-06-20T13:22:22.719+0000] {logging_mixin.py:115} INFO - [2025-06-20T13:22:22.719+0000] {dagbag.py:508} INFO - Filling up the DagBag from /home/airflow/.local/lib/python3.7/site-packages/airflow/example_dags/tutorial.py
[2025-06-20T13:22:22.723+0000] {processor.py:650} INFO - DAG(s) dict_keys(['tutorial']) retrieved from /home/airflow/.local/lib/python3.7/site-packages/airflow/example_dags/tutorial.py
[2025-06-20T13:22:22.734+0000] {logging_mixin.py:115} INFO - [2025-06-20T13:22:22.734+0000] {dag.py:2429} INFO - Sync 1 DAGs
[2025-06-20T13:22:22.744+0000] {logging_mixin.py:115} INFO - [2025-06-20T13:22:22.744+0000] {dag.py:2981} INFO - Setting next_dagrun for tutorial to 2025-06-19T13:22:22.744177+00:00, run_after=2025-06-20T13:22:22.744177+00:00
[2025-06-20T13:22:22.749+0000] {processor.py:161} INFO - Processing /home/airflow/.local/lib/python3.7/site-packages/airflow/example_dags/tutorial.py took 0.032 seconds
[2025-06-20T13:22:52.779+0000] {processor.py:153} INFO - Started process (PID=2296) to work on /home/airflow/.local/lib/python3.7/site-packages/airflow/example_dags/tutorial.py
[2025-06-20T13:22:52.779+0000] {processor.py:640} INFO - Processing file /home/airflow/.local/lib/python3.7/site-packages/airflow/example_dags/tutorial.py for tasks to queue
[2025-06-20T13:22:52.779+0000] {logging_mixin.py:115} INFO - [2025-06-20T13:22:52.779+0000] {dagbag.py:508} INFO - Filling up the DagBag from /home/airflow/.local/lib/python3.7/site-packages/airflow/example_dags/tutorial.py
[2025-06-20T13:22:52.783+0000] {processor.py:650} INFO - DAG(s) dict_keys(['tutorial']) retrieved from /home/airflow/.local/lib/python3.7/site-packages/airflow/example_dags/tutorial.py
[2025-06-20T13:22:52.794+0000] {logging_mixin.py:115} INFO - [2025-06-20T13:22:52.794+0000] {dag.py:2429} INFO - Sync 1 DAGs
[2025-06-20T13:22:52.803+0000] {logging_mixin.py:115} INFO - [2025-06-20T13:22:52.803+0000] {dag.py:2981} INFO - Setting next_dagrun for tutorial to 2025-06-19T13:22:52.803232+00:00, run_after=2025-06-20T13:22:52.803232+00:00
[2025-06-20T13:22:52.808+0000] {processor.py:161} INFO - Processing /home/airflow/.local/lib/python3.7/site-packages/airflow/example_dags/tutorial.py took 0.031 seconds
[2025-06-20T13:23:23.005+0000] {processor.py:153} INFO - Started process (PID=2357) to work on /home/airflow/.local/lib/python3.7/site-packages/airflow/example_dags/tutorial.py
[2025-06-20T13:23:23.005+0000] {processor.py:640} INFO - Processing file /home/airflow/.local/lib/python3.7/site-packages/airflow/example_dags/tutorial.py for tasks to queue
[2025-06-20T13:23:23.005+0000] {logging_mixin.py:115} INFO - [2025-06-20T13:23:23.005+0000] {dagbag.py:508} INFO - Filling up the DagBag from /home/airflow/.local/lib/python3.7/site-packages/airflow/example_dags/tutorial.py
[2025-06-20T13:23:23.008+0000] {processor.py:650} INFO - DAG(s) dict_keys(['tutorial']) retrieved from /home/airflow/.local/lib/python3.7/site-packages/airflow/example_dags/tutorial.py
[2025-06-20T13:23:23.019+0000] {logging_mixin.py:115} INFO - [2025-06-20T13:23:23.019+0000] {dag.py:2429} INFO - Sync 1 DAGs
[2025-06-20T13:23:23.028+0000] {logging_mixin.py:115} INFO - [2025-06-20T13:23:23.028+0000] {dag.py:2981} INFO - Setting next_dagrun for tutorial to 2025-06-19T13:23:23.028745+00:00, run_after=2025-06-20T13:23:23.028745+00:00
[2025-06-20T13:23:23.033+0000] {processor.py:161} INFO - Processing /home/airflow/.local/lib/python3.7/site-packages/airflow/example_dags/tutorial.py took 0.031 seconds
[2025-06-20T13:23:53.176+0000] {processor.py:153} INFO - Started process (PID=2418) to work on /home/airflow/.local/lib/python3.7/site-packages/airflow/example_dags/tutorial.py
[2025-06-20T13:23:53.177+0000] {processor.py:640} INFO - Processing file /home/airflow/.local/lib/python3.7/site-packages/airflow/example_dags/tutorial.py for tasks to queue
[2025-06-20T13:23:53.178+0000] {logging_mixin.py:115} INFO - [2025-06-20T13:23:53.178+0000] {dagbag.py:508} INFO - Filling up the DagBag from /home/airflow/.local/lib/python3.7/site-packages/airflow/example_dags/tutorial.py
[2025-06-20T13:23:53.181+0000] {processor.py:650} INFO - DAG(s) dict_keys(['tutorial']) retrieved from /home/airflow/.local/lib/python3.7/site-packages/airflow/example_dags/tutorial.py
[2025-06-20T13:23:53.194+0000] {logging_mixin.py:115} INFO - [2025-06-20T13:23:53.194+0000] {dag.py:2429} INFO - Sync 1 DAGs
[2025-06-20T13:23:53.207+0000] {logging_mixin.py:115} INFO - [2025-06-20T13:23:53.207+0000] {dag.py:2981} INFO - Setting next_dagrun for tutorial to 2025-06-19T13:23:53.207181+00:00, run_after=2025-06-20T13:23:53.207181+00:00
[2025-06-20T13:23:53.214+0000] {processor.py:161} INFO - Processing /home/airflow/.local/lib/python3.7/site-packages/airflow/example_dags/tutorial.py took 0.039 seconds
[2025-06-20T13:24:23.375+0000] {processor.py:153} INFO - Started process (PID=2479) to work on /home/airflow/.local/lib/python3.7/site-packages/airflow/example_dags/tutorial.py
[2025-06-20T13:24:23.377+0000] {processor.py:640} INFO - Processing file /home/airflow/.local/lib/python3.7/site-packages/airflow/example_dags/tutorial.py for tasks to queue
[2025-06-20T13:24:23.377+0000] {logging_mixin.py:115} INFO - [2025-06-20T13:24:23.377+0000] {dagbag.py:508} INFO - Filling up the DagBag from /home/airflow/.local/lib/python3.7/site-packages/airflow/example_dags/tutorial.py
[2025-06-20T13:24:23.380+0000] {processor.py:650} INFO - DAG(s) dict_keys(['tutorial']) retrieved from /home/airflow/.local/lib/python3.7/site-packages/airflow/example_dags/tutorial.py
[2025-06-20T13:24:23.395+0000] {logging_mixin.py:115} INFO - [2025-06-20T13:24:23.395+0000] {dag.py:2429} INFO - Sync 1 DAGs
[2025-06-20T13:24:23.407+0000] {logging_mixin.py:115} INFO - [2025-06-20T13:24:23.407+0000] {dag.py:2981} INFO - Setting next_dagrun for tutorial to 2025-06-19T13:24:23.407383+00:00, run_after=2025-06-20T13:24:23.407383+00:00
[2025-06-20T13:24:23.412+0000] {processor.py:161} INFO - Processing /home/airflow/.local/lib/python3.7/site-packages/airflow/example_dags/tutorial.py took 0.040 seconds
