[2025-06-20T12:58:53.207+0000] {processor.py:153} INFO - Started process (PID=59) to work on /home/airflow/.local/lib/python3.7/site-packages/airflow/example_dags/tutorial_taskflow_api_etl.py
[2025-06-20T12:58:53.208+0000] {processor.py:640} INFO - Processing file /home/airflow/.local/lib/python3.7/site-packages/airflow/example_dags/tutorial_taskflow_api_etl.py for tasks to queue
[2025-06-20T12:58:53.212+0000] {logging_mixin.py:115} INFO - [2025-06-20T12:58:53.212+0000] {dagbag.py:508} INFO - Filling up the DagBag from /home/airflow/.local/lib/python3.7/site-packages/airflow/example_dags/tutorial_taskflow_api_etl.py
[2025-06-20T12:58:53.224+0000] {processor.py:650} INFO - DAG(s) dict_keys(['tutorial_taskflow_api_etl']) retrieved from /home/airflow/.local/lib/python3.7/site-packages/airflow/example_dags/tutorial_taskflow_api_etl.py
[2025-06-20T12:58:53.279+0000] {logging_mixin.py:115} INFO - [2025-06-20T12:58:53.278+0000] {manager.py:508} INFO - Created Permission View: can read on DAG:tutorial_taskflow_api_etl
[2025-06-20T12:58:53.286+0000] {logging_mixin.py:115} INFO - [2025-06-20T12:58:53.286+0000] {manager.py:508} INFO - Created Permission View: can delete on DAG:tutorial_taskflow_api_etl
[2025-06-20T12:58:53.292+0000] {logging_mixin.py:115} INFO - [2025-06-20T12:58:53.292+0000] {manager.py:508} INFO - Created Permission View: can edit on DAG:tutorial_taskflow_api_etl
[2025-06-20T12:58:53.292+0000] {logging_mixin.py:115} INFO - [2025-06-20T12:58:53.292+0000] {dag.py:2429} INFO - Sync 1 DAGs
[2025-06-20T12:58:53.298+0000] {logging_mixin.py:115} INFO - [2025-06-20T12:58:53.298+0000] {dag.py:2448} INFO - Creating ORM DAG for tutorial_taskflow_api_etl
[2025-06-20T12:58:53.310+0000] {logging_mixin.py:115} INFO - [2025-06-20T12:58:53.310+0000] {dag.py:2981} INFO - Setting next_dagrun for tutorial_taskflow_api_etl to None, run_after=None
[2025-06-20T12:58:53.326+0000] {processor.py:161} INFO - Processing /home/airflow/.local/lib/python3.7/site-packages/airflow/example_dags/tutorial_taskflow_api_etl.py took 0.122 seconds
[2025-06-20T12:59:23.983+0000] {processor.py:153} INFO - Started process (PID=119) to work on /home/airflow/.local/lib/python3.7/site-packages/airflow/example_dags/tutorial_taskflow_api_etl.py
[2025-06-20T12:59:23.984+0000] {processor.py:640} INFO - Processing file /home/airflow/.local/lib/python3.7/site-packages/airflow/example_dags/tutorial_taskflow_api_etl.py for tasks to queue
[2025-06-20T12:59:23.984+0000] {logging_mixin.py:115} INFO - [2025-06-20T12:59:23.984+0000] {dagbag.py:508} INFO - Filling up the DagBag from /home/airflow/.local/lib/python3.7/site-packages/airflow/example_dags/tutorial_taskflow_api_etl.py
[2025-06-20T12:59:23.991+0000] {processor.py:650} INFO - DAG(s) dict_keys(['tutorial_taskflow_api_etl']) retrieved from /home/airflow/.local/lib/python3.7/site-packages/airflow/example_dags/tutorial_taskflow_api_etl.py
[2025-06-20T12:59:24.022+0000] {logging_mixin.py:115} INFO - [2025-06-20T12:59:24.022+0000] {dag.py:2429} INFO - Sync 1 DAGs
[2025-06-20T12:59:24.031+0000] {logging_mixin.py:115} INFO - [2025-06-20T12:59:24.031+0000] {dag.py:2981} INFO - Setting next_dagrun for tutorial_taskflow_api_etl to None, run_after=None
[2025-06-20T12:59:24.036+0000] {processor.py:161} INFO - Processing /home/airflow/.local/lib/python3.7/site-packages/airflow/example_dags/tutorial_taskflow_api_etl.py took 0.055 seconds
[2025-06-20T12:59:55.053+0000] {processor.py:153} INFO - Started process (PID=180) to work on /home/airflow/.local/lib/python3.7/site-packages/airflow/example_dags/tutorial_taskflow_api_etl.py
[2025-06-20T12:59:55.054+0000] {processor.py:640} INFO - Processing file /home/airflow/.local/lib/python3.7/site-packages/airflow/example_dags/tutorial_taskflow_api_etl.py for tasks to queue
[2025-06-20T12:59:55.054+0000] {logging_mixin.py:115} INFO - [2025-06-20T12:59:55.054+0000] {dagbag.py:508} INFO - Filling up the DagBag from /home/airflow/.local/lib/python3.7/site-packages/airflow/example_dags/tutorial_taskflow_api_etl.py
[2025-06-20T12:59:55.061+0000] {processor.py:650} INFO - DAG(s) dict_keys(['tutorial_taskflow_api_etl']) retrieved from /home/airflow/.local/lib/python3.7/site-packages/airflow/example_dags/tutorial_taskflow_api_etl.py
[2025-06-20T12:59:55.073+0000] {logging_mixin.py:115} INFO - [2025-06-20T12:59:55.073+0000] {dag.py:2429} INFO - Sync 1 DAGs
[2025-06-20T12:59:55.081+0000] {logging_mixin.py:115} INFO - [2025-06-20T12:59:55.081+0000] {dag.py:2981} INFO - Setting next_dagrun for tutorial_taskflow_api_etl to None, run_after=None
[2025-06-20T12:59:55.086+0000] {processor.py:161} INFO - Processing /home/airflow/.local/lib/python3.7/site-packages/airflow/example_dags/tutorial_taskflow_api_etl.py took 0.034 seconds
[2025-06-20T13:03:48.049+0000] {processor.py:153} INFO - Started process (PID=58) to work on /home/airflow/.local/lib/python3.7/site-packages/airflow/example_dags/tutorial_taskflow_api_etl.py
[2025-06-20T13:03:48.050+0000] {processor.py:640} INFO - Processing file /home/airflow/.local/lib/python3.7/site-packages/airflow/example_dags/tutorial_taskflow_api_etl.py for tasks to queue
[2025-06-20T13:03:48.051+0000] {logging_mixin.py:115} INFO - [2025-06-20T13:03:48.051+0000] {dagbag.py:508} INFO - Filling up the DagBag from /home/airflow/.local/lib/python3.7/site-packages/airflow/example_dags/tutorial_taskflow_api_etl.py
[2025-06-20T13:03:48.072+0000] {processor.py:650} INFO - DAG(s) dict_keys(['tutorial_taskflow_api_etl']) retrieved from /home/airflow/.local/lib/python3.7/site-packages/airflow/example_dags/tutorial_taskflow_api_etl.py
[2025-06-20T13:03:48.144+0000] {logging_mixin.py:115} INFO - [2025-06-20T13:03:48.144+0000] {manager.py:508} INFO - Created Permission View: can delete on DAG:tutorial_taskflow_api_etl
[2025-06-20T13:03:48.149+0000] {logging_mixin.py:115} INFO - [2025-06-20T13:03:48.149+0000] {manager.py:508} INFO - Created Permission View: can edit on DAG:tutorial_taskflow_api_etl
[2025-06-20T13:03:48.153+0000] {logging_mixin.py:115} INFO - [2025-06-20T13:03:48.153+0000] {manager.py:508} INFO - Created Permission View: can read on DAG:tutorial_taskflow_api_etl
[2025-06-20T13:03:48.153+0000] {logging_mixin.py:115} INFO - [2025-06-20T13:03:48.153+0000] {dag.py:2429} INFO - Sync 1 DAGs
[2025-06-20T13:03:48.158+0000] {logging_mixin.py:115} INFO - [2025-06-20T13:03:48.158+0000] {dag.py:2448} INFO - Creating ORM DAG for tutorial_taskflow_api_etl
[2025-06-20T13:03:48.166+0000] {logging_mixin.py:115} INFO - [2025-06-20T13:03:48.166+0000] {dag.py:2981} INFO - Setting next_dagrun for tutorial_taskflow_api_etl to None, run_after=None
[2025-06-20T13:03:48.184+0000] {processor.py:161} INFO - Processing /home/airflow/.local/lib/python3.7/site-packages/airflow/example_dags/tutorial_taskflow_api_etl.py took 0.137 seconds
[2025-06-20T13:04:18.760+0000] {processor.py:153} INFO - Started process (PID=119) to work on /home/airflow/.local/lib/python3.7/site-packages/airflow/example_dags/tutorial_taskflow_api_etl.py
[2025-06-20T13:04:18.762+0000] {processor.py:640} INFO - Processing file /home/airflow/.local/lib/python3.7/site-packages/airflow/example_dags/tutorial_taskflow_api_etl.py for tasks to queue
[2025-06-20T13:04:18.762+0000] {logging_mixin.py:115} INFO - [2025-06-20T13:04:18.762+0000] {dagbag.py:508} INFO - Filling up the DagBag from /home/airflow/.local/lib/python3.7/site-packages/airflow/example_dags/tutorial_taskflow_api_etl.py
[2025-06-20T13:04:18.772+0000] {processor.py:650} INFO - DAG(s) dict_keys(['tutorial_taskflow_api_etl']) retrieved from /home/airflow/.local/lib/python3.7/site-packages/airflow/example_dags/tutorial_taskflow_api_etl.py
[2025-06-20T13:04:18.805+0000] {logging_mixin.py:115} INFO - [2025-06-20T13:04:18.805+0000] {dag.py:2429} INFO - Sync 1 DAGs
[2025-06-20T13:04:18.815+0000] {logging_mixin.py:115} INFO - [2025-06-20T13:04:18.815+0000] {dag.py:2981} INFO - Setting next_dagrun for tutorial_taskflow_api_etl to None, run_after=None
[2025-06-20T13:04:18.825+0000] {processor.py:161} INFO - Processing /home/airflow/.local/lib/python3.7/site-packages/airflow/example_dags/tutorial_taskflow_api_etl.py took 0.066 seconds
[2025-06-20T13:04:48.962+0000] {processor.py:153} INFO - Started process (PID=180) to work on /home/airflow/.local/lib/python3.7/site-packages/airflow/example_dags/tutorial_taskflow_api_etl.py
[2025-06-20T13:04:48.963+0000] {processor.py:640} INFO - Processing file /home/airflow/.local/lib/python3.7/site-packages/airflow/example_dags/tutorial_taskflow_api_etl.py for tasks to queue
[2025-06-20T13:04:48.963+0000] {logging_mixin.py:115} INFO - [2025-06-20T13:04:48.963+0000] {dagbag.py:508} INFO - Filling up the DagBag from /home/airflow/.local/lib/python3.7/site-packages/airflow/example_dags/tutorial_taskflow_api_etl.py
[2025-06-20T13:04:48.972+0000] {processor.py:650} INFO - DAG(s) dict_keys(['tutorial_taskflow_api_etl']) retrieved from /home/airflow/.local/lib/python3.7/site-packages/airflow/example_dags/tutorial_taskflow_api_etl.py
[2025-06-20T13:04:48.990+0000] {logging_mixin.py:115} INFO - [2025-06-20T13:04:48.989+0000] {dag.py:2429} INFO - Sync 1 DAGs
[2025-06-20T13:04:49.001+0000] {logging_mixin.py:115} INFO - [2025-06-20T13:04:49.001+0000] {dag.py:2981} INFO - Setting next_dagrun for tutorial_taskflow_api_etl to None, run_after=None
[2025-06-20T13:04:49.007+0000] {processor.py:161} INFO - Processing /home/airflow/.local/lib/python3.7/site-packages/airflow/example_dags/tutorial_taskflow_api_etl.py took 0.046 seconds
[2025-06-20T13:05:19.194+0000] {processor.py:153} INFO - Started process (PID=240) to work on /home/airflow/.local/lib/python3.7/site-packages/airflow/example_dags/tutorial_taskflow_api_etl.py
[2025-06-20T13:05:19.194+0000] {processor.py:640} INFO - Processing file /home/airflow/.local/lib/python3.7/site-packages/airflow/example_dags/tutorial_taskflow_api_etl.py for tasks to queue
[2025-06-20T13:05:19.195+0000] {logging_mixin.py:115} INFO - [2025-06-20T13:05:19.195+0000] {dagbag.py:508} INFO - Filling up the DagBag from /home/airflow/.local/lib/python3.7/site-packages/airflow/example_dags/tutorial_taskflow_api_etl.py
[2025-06-20T13:05:19.204+0000] {processor.py:650} INFO - DAG(s) dict_keys(['tutorial_taskflow_api_etl']) retrieved from /home/airflow/.local/lib/python3.7/site-packages/airflow/example_dags/tutorial_taskflow_api_etl.py
[2025-06-20T13:05:19.231+0000] {logging_mixin.py:115} INFO - [2025-06-20T13:05:19.231+0000] {dag.py:2429} INFO - Sync 1 DAGs
[2025-06-20T13:05:19.240+0000] {logging_mixin.py:115} INFO - [2025-06-20T13:05:19.240+0000] {dag.py:2981} INFO - Setting next_dagrun for tutorial_taskflow_api_etl to None, run_after=None
[2025-06-20T13:05:19.246+0000] {processor.py:161} INFO - Processing /home/airflow/.local/lib/python3.7/site-packages/airflow/example_dags/tutorial_taskflow_api_etl.py took 0.054 seconds
[2025-06-20T13:05:49.375+0000] {processor.py:153} INFO - Started process (PID=301) to work on /home/airflow/.local/lib/python3.7/site-packages/airflow/example_dags/tutorial_taskflow_api_etl.py
[2025-06-20T13:05:49.376+0000] {processor.py:640} INFO - Processing file /home/airflow/.local/lib/python3.7/site-packages/airflow/example_dags/tutorial_taskflow_api_etl.py for tasks to queue
[2025-06-20T13:05:49.376+0000] {logging_mixin.py:115} INFO - [2025-06-20T13:05:49.376+0000] {dagbag.py:508} INFO - Filling up the DagBag from /home/airflow/.local/lib/python3.7/site-packages/airflow/example_dags/tutorial_taskflow_api_etl.py
[2025-06-20T13:05:49.383+0000] {processor.py:650} INFO - DAG(s) dict_keys(['tutorial_taskflow_api_etl']) retrieved from /home/airflow/.local/lib/python3.7/site-packages/airflow/example_dags/tutorial_taskflow_api_etl.py
[2025-06-20T13:05:49.419+0000] {logging_mixin.py:115} INFO - [2025-06-20T13:05:49.419+0000] {dag.py:2429} INFO - Sync 1 DAGs
[2025-06-20T13:05:49.427+0000] {logging_mixin.py:115} INFO - [2025-06-20T13:05:49.427+0000] {dag.py:2981} INFO - Setting next_dagrun for tutorial_taskflow_api_etl to None, run_after=None
[2025-06-20T13:05:49.435+0000] {processor.py:161} INFO - Processing /home/airflow/.local/lib/python3.7/site-packages/airflow/example_dags/tutorial_taskflow_api_etl.py took 0.062 seconds
[2025-06-20T13:06:19.712+0000] {processor.py:153} INFO - Started process (PID=353) to work on /home/airflow/.local/lib/python3.7/site-packages/airflow/example_dags/tutorial_taskflow_api_etl.py
[2025-06-20T13:06:19.713+0000] {processor.py:640} INFO - Processing file /home/airflow/.local/lib/python3.7/site-packages/airflow/example_dags/tutorial_taskflow_api_etl.py for tasks to queue
[2025-06-20T13:06:19.713+0000] {logging_mixin.py:115} INFO - [2025-06-20T13:06:19.713+0000] {dagbag.py:508} INFO - Filling up the DagBag from /home/airflow/.local/lib/python3.7/site-packages/airflow/example_dags/tutorial_taskflow_api_etl.py
[2025-06-20T13:06:19.720+0000] {processor.py:650} INFO - DAG(s) dict_keys(['tutorial_taskflow_api_etl']) retrieved from /home/airflow/.local/lib/python3.7/site-packages/airflow/example_dags/tutorial_taskflow_api_etl.py
[2025-06-20T13:06:19.757+0000] {logging_mixin.py:115} INFO - [2025-06-20T13:06:19.757+0000] {dag.py:2429} INFO - Sync 1 DAGs
[2025-06-20T13:06:19.764+0000] {logging_mixin.py:115} INFO - [2025-06-20T13:06:19.764+0000] {dag.py:2981} INFO - Setting next_dagrun for tutorial_taskflow_api_etl to None, run_after=None
[2025-06-20T13:06:19.772+0000] {processor.py:161} INFO - Processing /home/airflow/.local/lib/python3.7/site-packages/airflow/example_dags/tutorial_taskflow_api_etl.py took 0.062 seconds
[2025-06-20T13:06:49.918+0000] {processor.py:153} INFO - Started process (PID=413) to work on /home/airflow/.local/lib/python3.7/site-packages/airflow/example_dags/tutorial_taskflow_api_etl.py
[2025-06-20T13:06:49.919+0000] {processor.py:640} INFO - Processing file /home/airflow/.local/lib/python3.7/site-packages/airflow/example_dags/tutorial_taskflow_api_etl.py for tasks to queue
[2025-06-20T13:06:49.919+0000] {logging_mixin.py:115} INFO - [2025-06-20T13:06:49.919+0000] {dagbag.py:508} INFO - Filling up the DagBag from /home/airflow/.local/lib/python3.7/site-packages/airflow/example_dags/tutorial_taskflow_api_etl.py
[2025-06-20T13:06:49.925+0000] {processor.py:650} INFO - DAG(s) dict_keys(['tutorial_taskflow_api_etl']) retrieved from /home/airflow/.local/lib/python3.7/site-packages/airflow/example_dags/tutorial_taskflow_api_etl.py
[2025-06-20T13:06:49.935+0000] {logging_mixin.py:115} INFO - [2025-06-20T13:06:49.935+0000] {dag.py:2429} INFO - Sync 1 DAGs
[2025-06-20T13:06:49.943+0000] {logging_mixin.py:115} INFO - [2025-06-20T13:06:49.942+0000] {dag.py:2981} INFO - Setting next_dagrun for tutorial_taskflow_api_etl to None, run_after=None
[2025-06-20T13:06:49.947+0000] {processor.py:161} INFO - Processing /home/airflow/.local/lib/python3.7/site-packages/airflow/example_dags/tutorial_taskflow_api_etl.py took 0.030 seconds
[2025-06-20T13:07:19.981+0000] {processor.py:153} INFO - Started process (PID=474) to work on /home/airflow/.local/lib/python3.7/site-packages/airflow/example_dags/tutorial_taskflow_api_etl.py
[2025-06-20T13:07:19.983+0000] {processor.py:640} INFO - Processing file /home/airflow/.local/lib/python3.7/site-packages/airflow/example_dags/tutorial_taskflow_api_etl.py for tasks to queue
[2025-06-20T13:07:19.985+0000] {logging_mixin.py:115} INFO - [2025-06-20T13:07:19.985+0000] {dagbag.py:508} INFO - Filling up the DagBag from /home/airflow/.local/lib/python3.7/site-packages/airflow/example_dags/tutorial_taskflow_api_etl.py
[2025-06-20T13:07:19.993+0000] {processor.py:650} INFO - DAG(s) dict_keys(['tutorial_taskflow_api_etl']) retrieved from /home/airflow/.local/lib/python3.7/site-packages/airflow/example_dags/tutorial_taskflow_api_etl.py
[2025-06-20T13:07:20.003+0000] {logging_mixin.py:115} INFO - [2025-06-20T13:07:20.003+0000] {dag.py:2429} INFO - Sync 1 DAGs
[2025-06-20T13:07:20.011+0000] {logging_mixin.py:115} INFO - [2025-06-20T13:07:20.011+0000] {dag.py:2981} INFO - Setting next_dagrun for tutorial_taskflow_api_etl to None, run_after=None
[2025-06-20T13:07:20.015+0000] {processor.py:161} INFO - Processing /home/airflow/.local/lib/python3.7/site-packages/airflow/example_dags/tutorial_taskflow_api_etl.py took 0.036 seconds
[2025-06-20T13:07:50.057+0000] {processor.py:153} INFO - Started process (PID=535) to work on /home/airflow/.local/lib/python3.7/site-packages/airflow/example_dags/tutorial_taskflow_api_etl.py
[2025-06-20T13:07:50.057+0000] {processor.py:640} INFO - Processing file /home/airflow/.local/lib/python3.7/site-packages/airflow/example_dags/tutorial_taskflow_api_etl.py for tasks to queue
[2025-06-20T13:07:50.058+0000] {logging_mixin.py:115} INFO - [2025-06-20T13:07:50.058+0000] {dagbag.py:508} INFO - Filling up the DagBag from /home/airflow/.local/lib/python3.7/site-packages/airflow/example_dags/tutorial_taskflow_api_etl.py
[2025-06-20T13:07:50.066+0000] {processor.py:650} INFO - DAG(s) dict_keys(['tutorial_taskflow_api_etl']) retrieved from /home/airflow/.local/lib/python3.7/site-packages/airflow/example_dags/tutorial_taskflow_api_etl.py
[2025-06-20T13:07:50.080+0000] {logging_mixin.py:115} INFO - [2025-06-20T13:07:50.080+0000] {dag.py:2429} INFO - Sync 1 DAGs
[2025-06-20T13:07:50.089+0000] {logging_mixin.py:115} INFO - [2025-06-20T13:07:50.089+0000] {dag.py:2981} INFO - Setting next_dagrun for tutorial_taskflow_api_etl to None, run_after=None
[2025-06-20T13:07:50.098+0000] {processor.py:161} INFO - Processing /home/airflow/.local/lib/python3.7/site-packages/airflow/example_dags/tutorial_taskflow_api_etl.py took 0.043 seconds
[2025-06-20T13:08:20.126+0000] {processor.py:153} INFO - Started process (PID=595) to work on /home/airflow/.local/lib/python3.7/site-packages/airflow/example_dags/tutorial_taskflow_api_etl.py
[2025-06-20T13:08:20.127+0000] {processor.py:640} INFO - Processing file /home/airflow/.local/lib/python3.7/site-packages/airflow/example_dags/tutorial_taskflow_api_etl.py for tasks to queue
[2025-06-20T13:08:20.127+0000] {logging_mixin.py:115} INFO - [2025-06-20T13:08:20.127+0000] {dagbag.py:508} INFO - Filling up the DagBag from /home/airflow/.local/lib/python3.7/site-packages/airflow/example_dags/tutorial_taskflow_api_etl.py
[2025-06-20T13:08:20.134+0000] {processor.py:650} INFO - DAG(s) dict_keys(['tutorial_taskflow_api_etl']) retrieved from /home/airflow/.local/lib/python3.7/site-packages/airflow/example_dags/tutorial_taskflow_api_etl.py
[2025-06-20T13:08:20.167+0000] {logging_mixin.py:115} INFO - [2025-06-20T13:08:20.167+0000] {dag.py:2429} INFO - Sync 1 DAGs
[2025-06-20T13:08:20.176+0000] {logging_mixin.py:115} INFO - [2025-06-20T13:08:20.176+0000] {dag.py:2981} INFO - Setting next_dagrun for tutorial_taskflow_api_etl to None, run_after=None
[2025-06-20T13:08:20.181+0000] {processor.py:161} INFO - Processing /home/airflow/.local/lib/python3.7/site-packages/airflow/example_dags/tutorial_taskflow_api_etl.py took 0.057 seconds
[2025-06-20T13:08:50.218+0000] {processor.py:153} INFO - Started process (PID=647) to work on /home/airflow/.local/lib/python3.7/site-packages/airflow/example_dags/tutorial_taskflow_api_etl.py
[2025-06-20T13:08:50.218+0000] {processor.py:640} INFO - Processing file /home/airflow/.local/lib/python3.7/site-packages/airflow/example_dags/tutorial_taskflow_api_etl.py for tasks to queue
[2025-06-20T13:08:50.219+0000] {logging_mixin.py:115} INFO - [2025-06-20T13:08:50.219+0000] {dagbag.py:508} INFO - Filling up the DagBag from /home/airflow/.local/lib/python3.7/site-packages/airflow/example_dags/tutorial_taskflow_api_etl.py
[2025-06-20T13:08:50.225+0000] {processor.py:650} INFO - DAG(s) dict_keys(['tutorial_taskflow_api_etl']) retrieved from /home/airflow/.local/lib/python3.7/site-packages/airflow/example_dags/tutorial_taskflow_api_etl.py
[2025-06-20T13:08:50.251+0000] {logging_mixin.py:115} INFO - [2025-06-20T13:08:50.251+0000] {dag.py:2429} INFO - Sync 1 DAGs
[2025-06-20T13:08:50.258+0000] {logging_mixin.py:115} INFO - [2025-06-20T13:08:50.258+0000] {dag.py:2981} INFO - Setting next_dagrun for tutorial_taskflow_api_etl to None, run_after=None
[2025-06-20T13:08:50.262+0000] {processor.py:161} INFO - Processing /home/airflow/.local/lib/python3.7/site-packages/airflow/example_dags/tutorial_taskflow_api_etl.py took 0.046 seconds
[2025-06-20T13:09:20.344+0000] {processor.py:153} INFO - Started process (PID=708) to work on /home/airflow/.local/lib/python3.7/site-packages/airflow/example_dags/tutorial_taskflow_api_etl.py
[2025-06-20T13:09:20.346+0000] {processor.py:640} INFO - Processing file /home/airflow/.local/lib/python3.7/site-packages/airflow/example_dags/tutorial_taskflow_api_etl.py for tasks to queue
[2025-06-20T13:09:20.347+0000] {logging_mixin.py:115} INFO - [2025-06-20T13:09:20.347+0000] {dagbag.py:508} INFO - Filling up the DagBag from /home/airflow/.local/lib/python3.7/site-packages/airflow/example_dags/tutorial_taskflow_api_etl.py
[2025-06-20T13:09:20.355+0000] {processor.py:650} INFO - DAG(s) dict_keys(['tutorial_taskflow_api_etl']) retrieved from /home/airflow/.local/lib/python3.7/site-packages/airflow/example_dags/tutorial_taskflow_api_etl.py
[2025-06-20T13:09:20.365+0000] {logging_mixin.py:115} INFO - [2025-06-20T13:09:20.365+0000] {dag.py:2429} INFO - Sync 1 DAGs
[2025-06-20T13:09:20.374+0000] {logging_mixin.py:115} INFO - [2025-06-20T13:09:20.374+0000] {dag.py:2981} INFO - Setting next_dagrun for tutorial_taskflow_api_etl to None, run_after=None
[2025-06-20T13:09:20.379+0000] {processor.py:161} INFO - Processing /home/airflow/.local/lib/python3.7/site-packages/airflow/example_dags/tutorial_taskflow_api_etl.py took 0.037 seconds
[2025-06-20T13:09:50.452+0000] {processor.py:153} INFO - Started process (PID=769) to work on /home/airflow/.local/lib/python3.7/site-packages/airflow/example_dags/tutorial_taskflow_api_etl.py
[2025-06-20T13:09:50.455+0000] {processor.py:640} INFO - Processing file /home/airflow/.local/lib/python3.7/site-packages/airflow/example_dags/tutorial_taskflow_api_etl.py for tasks to queue
[2025-06-20T13:09:50.455+0000] {logging_mixin.py:115} INFO - [2025-06-20T13:09:50.455+0000] {dagbag.py:508} INFO - Filling up the DagBag from /home/airflow/.local/lib/python3.7/site-packages/airflow/example_dags/tutorial_taskflow_api_etl.py
[2025-06-20T13:09:50.462+0000] {processor.py:650} INFO - DAG(s) dict_keys(['tutorial_taskflow_api_etl']) retrieved from /home/airflow/.local/lib/python3.7/site-packages/airflow/example_dags/tutorial_taskflow_api_etl.py
[2025-06-20T13:09:50.472+0000] {logging_mixin.py:115} INFO - [2025-06-20T13:09:50.472+0000] {dag.py:2429} INFO - Sync 1 DAGs
[2025-06-20T13:09:50.482+0000] {logging_mixin.py:115} INFO - [2025-06-20T13:09:50.482+0000] {dag.py:2981} INFO - Setting next_dagrun for tutorial_taskflow_api_etl to None, run_after=None
[2025-06-20T13:09:50.488+0000] {processor.py:161} INFO - Processing /home/airflow/.local/lib/python3.7/site-packages/airflow/example_dags/tutorial_taskflow_api_etl.py took 0.037 seconds
[2025-06-20T13:10:20.587+0000] {processor.py:153} INFO - Started process (PID=830) to work on /home/airflow/.local/lib/python3.7/site-packages/airflow/example_dags/tutorial_taskflow_api_etl.py
[2025-06-20T13:10:20.588+0000] {processor.py:640} INFO - Processing file /home/airflow/.local/lib/python3.7/site-packages/airflow/example_dags/tutorial_taskflow_api_etl.py for tasks to queue
[2025-06-20T13:10:20.588+0000] {logging_mixin.py:115} INFO - [2025-06-20T13:10:20.588+0000] {dagbag.py:508} INFO - Filling up the DagBag from /home/airflow/.local/lib/python3.7/site-packages/airflow/example_dags/tutorial_taskflow_api_etl.py
[2025-06-20T13:10:20.596+0000] {processor.py:650} INFO - DAG(s) dict_keys(['tutorial_taskflow_api_etl']) retrieved from /home/airflow/.local/lib/python3.7/site-packages/airflow/example_dags/tutorial_taskflow_api_etl.py
[2025-06-20T13:10:20.606+0000] {logging_mixin.py:115} INFO - [2025-06-20T13:10:20.606+0000] {dag.py:2429} INFO - Sync 1 DAGs
[2025-06-20T13:10:20.614+0000] {logging_mixin.py:115} INFO - [2025-06-20T13:10:20.614+0000] {dag.py:2981} INFO - Setting next_dagrun for tutorial_taskflow_api_etl to None, run_after=None
[2025-06-20T13:10:20.620+0000] {processor.py:161} INFO - Processing /home/airflow/.local/lib/python3.7/site-packages/airflow/example_dags/tutorial_taskflow_api_etl.py took 0.034 seconds
[2025-06-20T13:10:50.719+0000] {processor.py:153} INFO - Started process (PID=891) to work on /home/airflow/.local/lib/python3.7/site-packages/airflow/example_dags/tutorial_taskflow_api_etl.py
[2025-06-20T13:10:50.719+0000] {processor.py:640} INFO - Processing file /home/airflow/.local/lib/python3.7/site-packages/airflow/example_dags/tutorial_taskflow_api_etl.py for tasks to queue
[2025-06-20T13:10:50.721+0000] {logging_mixin.py:115} INFO - [2025-06-20T13:10:50.721+0000] {dagbag.py:508} INFO - Filling up the DagBag from /home/airflow/.local/lib/python3.7/site-packages/airflow/example_dags/tutorial_taskflow_api_etl.py
[2025-06-20T13:10:50.727+0000] {processor.py:650} INFO - DAG(s) dict_keys(['tutorial_taskflow_api_etl']) retrieved from /home/airflow/.local/lib/python3.7/site-packages/airflow/example_dags/tutorial_taskflow_api_etl.py
[2025-06-20T13:10:50.738+0000] {logging_mixin.py:115} INFO - [2025-06-20T13:10:50.738+0000] {dag.py:2429} INFO - Sync 1 DAGs
[2025-06-20T13:10:50.750+0000] {logging_mixin.py:115} INFO - [2025-06-20T13:10:50.750+0000] {dag.py:2981} INFO - Setting next_dagrun for tutorial_taskflow_api_etl to None, run_after=None
[2025-06-20T13:10:50.756+0000] {processor.py:161} INFO - Processing /home/airflow/.local/lib/python3.7/site-packages/airflow/example_dags/tutorial_taskflow_api_etl.py took 0.039 seconds
[2025-06-20T13:11:20.929+0000] {processor.py:153} INFO - Started process (PID=952) to work on /home/airflow/.local/lib/python3.7/site-packages/airflow/example_dags/tutorial_taskflow_api_etl.py
[2025-06-20T13:11:20.932+0000] {processor.py:640} INFO - Processing file /home/airflow/.local/lib/python3.7/site-packages/airflow/example_dags/tutorial_taskflow_api_etl.py for tasks to queue
[2025-06-20T13:11:20.934+0000] {logging_mixin.py:115} INFO - [2025-06-20T13:11:20.934+0000] {dagbag.py:508} INFO - Filling up the DagBag from /home/airflow/.local/lib/python3.7/site-packages/airflow/example_dags/tutorial_taskflow_api_etl.py
[2025-06-20T13:11:20.941+0000] {processor.py:650} INFO - DAG(s) dict_keys(['tutorial_taskflow_api_etl']) retrieved from /home/airflow/.local/lib/python3.7/site-packages/airflow/example_dags/tutorial_taskflow_api_etl.py
[2025-06-20T13:11:20.953+0000] {logging_mixin.py:115} INFO - [2025-06-20T13:11:20.953+0000] {dag.py:2429} INFO - Sync 1 DAGs
[2025-06-20T13:11:20.964+0000] {logging_mixin.py:115} INFO - [2025-06-20T13:11:20.964+0000] {dag.py:2981} INFO - Setting next_dagrun for tutorial_taskflow_api_etl to None, run_after=None
[2025-06-20T13:11:20.971+0000] {processor.py:161} INFO - Processing /home/airflow/.local/lib/python3.7/site-packages/airflow/example_dags/tutorial_taskflow_api_etl.py took 0.043 seconds
[2025-06-20T13:11:51.052+0000] {processor.py:153} INFO - Started process (PID=1004) to work on /home/airflow/.local/lib/python3.7/site-packages/airflow/example_dags/tutorial_taskflow_api_etl.py
[2025-06-20T13:11:51.053+0000] {processor.py:640} INFO - Processing file /home/airflow/.local/lib/python3.7/site-packages/airflow/example_dags/tutorial_taskflow_api_etl.py for tasks to queue
[2025-06-20T13:11:51.053+0000] {logging_mixin.py:115} INFO - [2025-06-20T13:11:51.053+0000] {dagbag.py:508} INFO - Filling up the DagBag from /home/airflow/.local/lib/python3.7/site-packages/airflow/example_dags/tutorial_taskflow_api_etl.py
[2025-06-20T13:11:51.061+0000] {processor.py:650} INFO - DAG(s) dict_keys(['tutorial_taskflow_api_etl']) retrieved from /home/airflow/.local/lib/python3.7/site-packages/airflow/example_dags/tutorial_taskflow_api_etl.py
[2025-06-20T13:11:51.072+0000] {logging_mixin.py:115} INFO - [2025-06-20T13:11:51.072+0000] {dag.py:2429} INFO - Sync 1 DAGs
[2025-06-20T13:11:51.082+0000] {logging_mixin.py:115} INFO - [2025-06-20T13:11:51.082+0000] {dag.py:2981} INFO - Setting next_dagrun for tutorial_taskflow_api_etl to None, run_after=None
[2025-06-20T13:11:51.088+0000] {processor.py:161} INFO - Processing /home/airflow/.local/lib/python3.7/site-packages/airflow/example_dags/tutorial_taskflow_api_etl.py took 0.037 seconds
[2025-06-20T13:12:21.150+0000] {processor.py:153} INFO - Started process (PID=1065) to work on /home/airflow/.local/lib/python3.7/site-packages/airflow/example_dags/tutorial_taskflow_api_etl.py
[2025-06-20T13:12:21.151+0000] {processor.py:640} INFO - Processing file /home/airflow/.local/lib/python3.7/site-packages/airflow/example_dags/tutorial_taskflow_api_etl.py for tasks to queue
[2025-06-20T13:12:21.152+0000] {logging_mixin.py:115} INFO - [2025-06-20T13:12:21.152+0000] {dagbag.py:508} INFO - Filling up the DagBag from /home/airflow/.local/lib/python3.7/site-packages/airflow/example_dags/tutorial_taskflow_api_etl.py
[2025-06-20T13:12:21.159+0000] {processor.py:650} INFO - DAG(s) dict_keys(['tutorial_taskflow_api_etl']) retrieved from /home/airflow/.local/lib/python3.7/site-packages/airflow/example_dags/tutorial_taskflow_api_etl.py
[2025-06-20T13:12:21.170+0000] {logging_mixin.py:115} INFO - [2025-06-20T13:12:21.170+0000] {dag.py:2429} INFO - Sync 1 DAGs
[2025-06-20T13:12:21.180+0000] {logging_mixin.py:115} INFO - [2025-06-20T13:12:21.180+0000] {dag.py:2981} INFO - Setting next_dagrun for tutorial_taskflow_api_etl to None, run_after=None
[2025-06-20T13:12:21.189+0000] {processor.py:161} INFO - Processing /home/airflow/.local/lib/python3.7/site-packages/airflow/example_dags/tutorial_taskflow_api_etl.py took 0.040 seconds
[2025-06-20T13:12:51.265+0000] {processor.py:153} INFO - Started process (PID=1126) to work on /home/airflow/.local/lib/python3.7/site-packages/airflow/example_dags/tutorial_taskflow_api_etl.py
[2025-06-20T13:12:51.265+0000] {processor.py:640} INFO - Processing file /home/airflow/.local/lib/python3.7/site-packages/airflow/example_dags/tutorial_taskflow_api_etl.py for tasks to queue
[2025-06-20T13:12:51.266+0000] {logging_mixin.py:115} INFO - [2025-06-20T13:12:51.266+0000] {dagbag.py:508} INFO - Filling up the DagBag from /home/airflow/.local/lib/python3.7/site-packages/airflow/example_dags/tutorial_taskflow_api_etl.py
[2025-06-20T13:12:51.273+0000] {processor.py:650} INFO - DAG(s) dict_keys(['tutorial_taskflow_api_etl']) retrieved from /home/airflow/.local/lib/python3.7/site-packages/airflow/example_dags/tutorial_taskflow_api_etl.py
[2025-06-20T13:12:51.284+0000] {logging_mixin.py:115} INFO - [2025-06-20T13:12:51.283+0000] {dag.py:2429} INFO - Sync 1 DAGs
[2025-06-20T13:12:51.307+0000] {logging_mixin.py:115} INFO - [2025-06-20T13:12:51.307+0000] {dag.py:2981} INFO - Setting next_dagrun for tutorial_taskflow_api_etl to None, run_after=None
[2025-06-20T13:12:51.313+0000] {processor.py:161} INFO - Processing /home/airflow/.local/lib/python3.7/site-packages/airflow/example_dags/tutorial_taskflow_api_etl.py took 0.050 seconds
[2025-06-20T13:13:21.382+0000] {processor.py:153} INFO - Started process (PID=1187) to work on /home/airflow/.local/lib/python3.7/site-packages/airflow/example_dags/tutorial_taskflow_api_etl.py
[2025-06-20T13:13:21.384+0000] {processor.py:640} INFO - Processing file /home/airflow/.local/lib/python3.7/site-packages/airflow/example_dags/tutorial_taskflow_api_etl.py for tasks to queue
[2025-06-20T13:13:21.385+0000] {logging_mixin.py:115} INFO - [2025-06-20T13:13:21.385+0000] {dagbag.py:508} INFO - Filling up the DagBag from /home/airflow/.local/lib/python3.7/site-packages/airflow/example_dags/tutorial_taskflow_api_etl.py
[2025-06-20T13:13:21.393+0000] {processor.py:650} INFO - DAG(s) dict_keys(['tutorial_taskflow_api_etl']) retrieved from /home/airflow/.local/lib/python3.7/site-packages/airflow/example_dags/tutorial_taskflow_api_etl.py
[2025-06-20T13:13:21.422+0000] {logging_mixin.py:115} INFO - [2025-06-20T13:13:21.422+0000] {dag.py:2429} INFO - Sync 1 DAGs
[2025-06-20T13:13:21.430+0000] {logging_mixin.py:115} INFO - [2025-06-20T13:13:21.430+0000] {dag.py:2981} INFO - Setting next_dagrun for tutorial_taskflow_api_etl to None, run_after=None
[2025-06-20T13:13:21.437+0000] {processor.py:161} INFO - Processing /home/airflow/.local/lib/python3.7/site-packages/airflow/example_dags/tutorial_taskflow_api_etl.py took 0.057 seconds
[2025-06-20T13:13:51.694+0000] {processor.py:153} INFO - Started process (PID=1248) to work on /home/airflow/.local/lib/python3.7/site-packages/airflow/example_dags/tutorial_taskflow_api_etl.py
[2025-06-20T13:13:51.694+0000] {processor.py:640} INFO - Processing file /home/airflow/.local/lib/python3.7/site-packages/airflow/example_dags/tutorial_taskflow_api_etl.py for tasks to queue
[2025-06-20T13:13:51.695+0000] {logging_mixin.py:115} INFO - [2025-06-20T13:13:51.695+0000] {dagbag.py:508} INFO - Filling up the DagBag from /home/airflow/.local/lib/python3.7/site-packages/airflow/example_dags/tutorial_taskflow_api_etl.py
[2025-06-20T13:13:51.709+0000] {processor.py:650} INFO - DAG(s) dict_keys(['tutorial_taskflow_api_etl']) retrieved from /home/airflow/.local/lib/python3.7/site-packages/airflow/example_dags/tutorial_taskflow_api_etl.py
[2025-06-20T13:13:51.747+0000] {logging_mixin.py:115} INFO - [2025-06-20T13:13:51.747+0000] {dag.py:2429} INFO - Sync 1 DAGs
[2025-06-20T13:13:51.756+0000] {logging_mixin.py:115} INFO - [2025-06-20T13:13:51.756+0000] {dag.py:2981} INFO - Setting next_dagrun for tutorial_taskflow_api_etl to None, run_after=None
[2025-06-20T13:13:51.763+0000] {processor.py:161} INFO - Processing /home/airflow/.local/lib/python3.7/site-packages/airflow/example_dags/tutorial_taskflow_api_etl.py took 0.071 seconds
[2025-06-20T13:14:21.834+0000] {processor.py:153} INFO - Started process (PID=1300) to work on /home/airflow/.local/lib/python3.7/site-packages/airflow/example_dags/tutorial_taskflow_api_etl.py
[2025-06-20T13:14:21.834+0000] {processor.py:640} INFO - Processing file /home/airflow/.local/lib/python3.7/site-packages/airflow/example_dags/tutorial_taskflow_api_etl.py for tasks to queue
[2025-06-20T13:14:21.835+0000] {logging_mixin.py:115} INFO - [2025-06-20T13:14:21.835+0000] {dagbag.py:508} INFO - Filling up the DagBag from /home/airflow/.local/lib/python3.7/site-packages/airflow/example_dags/tutorial_taskflow_api_etl.py
[2025-06-20T13:14:21.841+0000] {processor.py:650} INFO - DAG(s) dict_keys(['tutorial_taskflow_api_etl']) retrieved from /home/airflow/.local/lib/python3.7/site-packages/airflow/example_dags/tutorial_taskflow_api_etl.py
[2025-06-20T13:14:21.866+0000] {logging_mixin.py:115} INFO - [2025-06-20T13:14:21.866+0000] {dag.py:2429} INFO - Sync 1 DAGs
[2025-06-20T13:14:21.873+0000] {logging_mixin.py:115} INFO - [2025-06-20T13:14:21.873+0000] {dag.py:2981} INFO - Setting next_dagrun for tutorial_taskflow_api_etl to None, run_after=None
[2025-06-20T13:14:21.878+0000] {processor.py:161} INFO - Processing /home/airflow/.local/lib/python3.7/site-packages/airflow/example_dags/tutorial_taskflow_api_etl.py took 0.045 seconds
[2025-06-20T13:14:51.993+0000] {processor.py:153} INFO - Started process (PID=1361) to work on /home/airflow/.local/lib/python3.7/site-packages/airflow/example_dags/tutorial_taskflow_api_etl.py
[2025-06-20T13:14:51.993+0000] {processor.py:640} INFO - Processing file /home/airflow/.local/lib/python3.7/site-packages/airflow/example_dags/tutorial_taskflow_api_etl.py for tasks to queue
[2025-06-20T13:14:51.994+0000] {logging_mixin.py:115} INFO - [2025-06-20T13:14:51.994+0000] {dagbag.py:508} INFO - Filling up the DagBag from /home/airflow/.local/lib/python3.7/site-packages/airflow/example_dags/tutorial_taskflow_api_etl.py
[2025-06-20T13:14:52.000+0000] {processor.py:650} INFO - DAG(s) dict_keys(['tutorial_taskflow_api_etl']) retrieved from /home/airflow/.local/lib/python3.7/site-packages/airflow/example_dags/tutorial_taskflow_api_etl.py
[2025-06-20T13:14:52.027+0000] {logging_mixin.py:115} INFO - [2025-06-20T13:14:52.027+0000] {dag.py:2429} INFO - Sync 1 DAGs
[2025-06-20T13:14:52.035+0000] {logging_mixin.py:115} INFO - [2025-06-20T13:14:52.035+0000] {dag.py:2981} INFO - Setting next_dagrun for tutorial_taskflow_api_etl to None, run_after=None
[2025-06-20T13:14:52.040+0000] {processor.py:161} INFO - Processing /home/airflow/.local/lib/python3.7/site-packages/airflow/example_dags/tutorial_taskflow_api_etl.py took 0.048 seconds
[2025-06-20T13:15:22.067+0000] {processor.py:153} INFO - Started process (PID=1422) to work on /home/airflow/.local/lib/python3.7/site-packages/airflow/example_dags/tutorial_taskflow_api_etl.py
[2025-06-20T13:15:22.068+0000] {processor.py:640} INFO - Processing file /home/airflow/.local/lib/python3.7/site-packages/airflow/example_dags/tutorial_taskflow_api_etl.py for tasks to queue
[2025-06-20T13:15:22.068+0000] {logging_mixin.py:115} INFO - [2025-06-20T13:15:22.068+0000] {dagbag.py:508} INFO - Filling up the DagBag from /home/airflow/.local/lib/python3.7/site-packages/airflow/example_dags/tutorial_taskflow_api_etl.py
[2025-06-20T13:15:22.075+0000] {processor.py:650} INFO - DAG(s) dict_keys(['tutorial_taskflow_api_etl']) retrieved from /home/airflow/.local/lib/python3.7/site-packages/airflow/example_dags/tutorial_taskflow_api_etl.py
[2025-06-20T13:15:22.108+0000] {logging_mixin.py:115} INFO - [2025-06-20T13:15:22.108+0000] {dag.py:2429} INFO - Sync 1 DAGs
[2025-06-20T13:15:22.117+0000] {logging_mixin.py:115} INFO - [2025-06-20T13:15:22.117+0000] {dag.py:2981} INFO - Setting next_dagrun for tutorial_taskflow_api_etl to None, run_after=None
[2025-06-20T13:15:22.122+0000] {processor.py:161} INFO - Processing /home/airflow/.local/lib/python3.7/site-packages/airflow/example_dags/tutorial_taskflow_api_etl.py took 0.057 seconds
[2025-06-20T13:15:52.166+0000] {processor.py:153} INFO - Started process (PID=1483) to work on /home/airflow/.local/lib/python3.7/site-packages/airflow/example_dags/tutorial_taskflow_api_etl.py
[2025-06-20T13:15:52.167+0000] {processor.py:640} INFO - Processing file /home/airflow/.local/lib/python3.7/site-packages/airflow/example_dags/tutorial_taskflow_api_etl.py for tasks to queue
[2025-06-20T13:15:52.169+0000] {logging_mixin.py:115} INFO - [2025-06-20T13:15:52.169+0000] {dagbag.py:508} INFO - Filling up the DagBag from /home/airflow/.local/lib/python3.7/site-packages/airflow/example_dags/tutorial_taskflow_api_etl.py
[2025-06-20T13:15:52.177+0000] {processor.py:650} INFO - DAG(s) dict_keys(['tutorial_taskflow_api_etl']) retrieved from /home/airflow/.local/lib/python3.7/site-packages/airflow/example_dags/tutorial_taskflow_api_etl.py
[2025-06-20T13:15:52.204+0000] {logging_mixin.py:115} INFO - [2025-06-20T13:15:52.204+0000] {dag.py:2429} INFO - Sync 1 DAGs
[2025-06-20T13:15:52.212+0000] {logging_mixin.py:115} INFO - [2025-06-20T13:15:52.212+0000] {dag.py:2981} INFO - Setting next_dagrun for tutorial_taskflow_api_etl to None, run_after=None
[2025-06-20T13:15:52.217+0000] {processor.py:161} INFO - Processing /home/airflow/.local/lib/python3.7/site-packages/airflow/example_dags/tutorial_taskflow_api_etl.py took 0.053 seconds
[2025-06-20T13:16:22.425+0000] {processor.py:153} INFO - Started process (PID=1544) to work on /home/airflow/.local/lib/python3.7/site-packages/airflow/example_dags/tutorial_taskflow_api_etl.py
[2025-06-20T13:16:22.427+0000] {processor.py:640} INFO - Processing file /home/airflow/.local/lib/python3.7/site-packages/airflow/example_dags/tutorial_taskflow_api_etl.py for tasks to queue
[2025-06-20T13:16:22.427+0000] {logging_mixin.py:115} INFO - [2025-06-20T13:16:22.427+0000] {dagbag.py:508} INFO - Filling up the DagBag from /home/airflow/.local/lib/python3.7/site-packages/airflow/example_dags/tutorial_taskflow_api_etl.py
[2025-06-20T13:16:22.436+0000] {processor.py:650} INFO - DAG(s) dict_keys(['tutorial_taskflow_api_etl']) retrieved from /home/airflow/.local/lib/python3.7/site-packages/airflow/example_dags/tutorial_taskflow_api_etl.py
[2025-06-20T13:16:22.449+0000] {logging_mixin.py:115} INFO - [2025-06-20T13:16:22.449+0000] {dag.py:2429} INFO - Sync 1 DAGs
[2025-06-20T13:16:22.461+0000] {logging_mixin.py:115} INFO - [2025-06-20T13:16:22.461+0000] {dag.py:2981} INFO - Setting next_dagrun for tutorial_taskflow_api_etl to None, run_after=None
[2025-06-20T13:16:22.470+0000] {processor.py:161} INFO - Processing /home/airflow/.local/lib/python3.7/site-packages/airflow/example_dags/tutorial_taskflow_api_etl.py took 0.047 seconds
[2025-06-20T13:16:52.650+0000] {processor.py:153} INFO - Started process (PID=1605) to work on /home/airflow/.local/lib/python3.7/site-packages/airflow/example_dags/tutorial_taskflow_api_etl.py
[2025-06-20T13:16:52.651+0000] {processor.py:640} INFO - Processing file /home/airflow/.local/lib/python3.7/site-packages/airflow/example_dags/tutorial_taskflow_api_etl.py for tasks to queue
[2025-06-20T13:16:52.652+0000] {logging_mixin.py:115} INFO - [2025-06-20T13:16:52.651+0000] {dagbag.py:508} INFO - Filling up the DagBag from /home/airflow/.local/lib/python3.7/site-packages/airflow/example_dags/tutorial_taskflow_api_etl.py
[2025-06-20T13:16:52.659+0000] {processor.py:650} INFO - DAG(s) dict_keys(['tutorial_taskflow_api_etl']) retrieved from /home/airflow/.local/lib/python3.7/site-packages/airflow/example_dags/tutorial_taskflow_api_etl.py
[2025-06-20T13:16:52.690+0000] {logging_mixin.py:115} INFO - [2025-06-20T13:16:52.690+0000] {dag.py:2429} INFO - Sync 1 DAGs
[2025-06-20T13:16:52.700+0000] {logging_mixin.py:115} INFO - [2025-06-20T13:16:52.700+0000] {dag.py:2981} INFO - Setting next_dagrun for tutorial_taskflow_api_etl to None, run_after=None
[2025-06-20T13:16:52.705+0000] {processor.py:161} INFO - Processing /home/airflow/.local/lib/python3.7/site-packages/airflow/example_dags/tutorial_taskflow_api_etl.py took 0.057 seconds
[2025-06-20T13:17:22.751+0000] {processor.py:153} INFO - Started process (PID=1658) to work on /home/airflow/.local/lib/python3.7/site-packages/airflow/example_dags/tutorial_taskflow_api_etl.py
[2025-06-20T13:17:22.753+0000] {processor.py:640} INFO - Processing file /home/airflow/.local/lib/python3.7/site-packages/airflow/example_dags/tutorial_taskflow_api_etl.py for tasks to queue
[2025-06-20T13:17:22.753+0000] {logging_mixin.py:115} INFO - [2025-06-20T13:17:22.753+0000] {dagbag.py:508} INFO - Filling up the DagBag from /home/airflow/.local/lib/python3.7/site-packages/airflow/example_dags/tutorial_taskflow_api_etl.py
[2025-06-20T13:17:22.760+0000] {processor.py:650} INFO - DAG(s) dict_keys(['tutorial_taskflow_api_etl']) retrieved from /home/airflow/.local/lib/python3.7/site-packages/airflow/example_dags/tutorial_taskflow_api_etl.py
[2025-06-20T13:17:22.770+0000] {logging_mixin.py:115} INFO - [2025-06-20T13:17:22.770+0000] {dag.py:2429} INFO - Sync 1 DAGs
[2025-06-20T13:17:22.778+0000] {logging_mixin.py:115} INFO - [2025-06-20T13:17:22.778+0000] {dag.py:2981} INFO - Setting next_dagrun for tutorial_taskflow_api_etl to None, run_after=None
[2025-06-20T13:17:22.783+0000] {processor.py:161} INFO - Processing /home/airflow/.local/lib/python3.7/site-packages/airflow/example_dags/tutorial_taskflow_api_etl.py took 0.034 seconds
[2025-06-20T13:17:52.793+0000] {processor.py:153} INFO - Started process (PID=1719) to work on /home/airflow/.local/lib/python3.7/site-packages/airflow/example_dags/tutorial_taskflow_api_etl.py
[2025-06-20T13:17:52.793+0000] {processor.py:640} INFO - Processing file /home/airflow/.local/lib/python3.7/site-packages/airflow/example_dags/tutorial_taskflow_api_etl.py for tasks to queue
[2025-06-20T13:17:52.795+0000] {logging_mixin.py:115} INFO - [2025-06-20T13:17:52.795+0000] {dagbag.py:508} INFO - Filling up the DagBag from /home/airflow/.local/lib/python3.7/site-packages/airflow/example_dags/tutorial_taskflow_api_etl.py
[2025-06-20T13:17:52.801+0000] {processor.py:650} INFO - DAG(s) dict_keys(['tutorial_taskflow_api_etl']) retrieved from /home/airflow/.local/lib/python3.7/site-packages/airflow/example_dags/tutorial_taskflow_api_etl.py
[2025-06-20T13:17:52.811+0000] {logging_mixin.py:115} INFO - [2025-06-20T13:17:52.811+0000] {dag.py:2429} INFO - Sync 1 DAGs
[2025-06-20T13:17:52.822+0000] {logging_mixin.py:115} INFO - [2025-06-20T13:17:52.822+0000] {dag.py:2981} INFO - Setting next_dagrun for tutorial_taskflow_api_etl to None, run_after=None
[2025-06-20T13:17:52.829+0000] {processor.py:161} INFO - Processing /home/airflow/.local/lib/python3.7/site-packages/airflow/example_dags/tutorial_taskflow_api_etl.py took 0.037 seconds
[2025-06-20T13:18:22.880+0000] {processor.py:153} INFO - Started process (PID=1778) to work on /home/airflow/.local/lib/python3.7/site-packages/airflow/example_dags/tutorial_taskflow_api_etl.py
[2025-06-20T13:18:22.881+0000] {processor.py:640} INFO - Processing file /home/airflow/.local/lib/python3.7/site-packages/airflow/example_dags/tutorial_taskflow_api_etl.py for tasks to queue
[2025-06-20T13:18:22.882+0000] {logging_mixin.py:115} INFO - [2025-06-20T13:18:22.882+0000] {dagbag.py:508} INFO - Filling up the DagBag from /home/airflow/.local/lib/python3.7/site-packages/airflow/example_dags/tutorial_taskflow_api_etl.py
[2025-06-20T13:18:22.890+0000] {processor.py:650} INFO - DAG(s) dict_keys(['tutorial_taskflow_api_etl']) retrieved from /home/airflow/.local/lib/python3.7/site-packages/airflow/example_dags/tutorial_taskflow_api_etl.py
[2025-06-20T13:18:22.920+0000] {logging_mixin.py:115} INFO - [2025-06-20T13:18:22.920+0000] {dag.py:2429} INFO - Sync 1 DAGs
[2025-06-20T13:18:22.929+0000] {logging_mixin.py:115} INFO - [2025-06-20T13:18:22.928+0000] {dag.py:2981} INFO - Setting next_dagrun for tutorial_taskflow_api_etl to None, run_after=None
[2025-06-20T13:18:22.934+0000] {processor.py:161} INFO - Processing /home/airflow/.local/lib/python3.7/site-packages/airflow/example_dags/tutorial_taskflow_api_etl.py took 0.056 seconds
[2025-06-20T13:18:53.149+0000] {processor.py:153} INFO - Started process (PID=1840) to work on /home/airflow/.local/lib/python3.7/site-packages/airflow/example_dags/tutorial_taskflow_api_etl.py
[2025-06-20T13:18:53.150+0000] {processor.py:640} INFO - Processing file /home/airflow/.local/lib/python3.7/site-packages/airflow/example_dags/tutorial_taskflow_api_etl.py for tasks to queue
[2025-06-20T13:18:53.151+0000] {logging_mixin.py:115} INFO - [2025-06-20T13:18:53.150+0000] {dagbag.py:508} INFO - Filling up the DagBag from /home/airflow/.local/lib/python3.7/site-packages/airflow/example_dags/tutorial_taskflow_api_etl.py
[2025-06-20T13:18:53.160+0000] {processor.py:650} INFO - DAG(s) dict_keys(['tutorial_taskflow_api_etl']) retrieved from /home/airflow/.local/lib/python3.7/site-packages/airflow/example_dags/tutorial_taskflow_api_etl.py
[2025-06-20T13:18:53.187+0000] {logging_mixin.py:115} INFO - [2025-06-20T13:18:53.187+0000] {dag.py:2429} INFO - Sync 1 DAGs
[2025-06-20T13:18:53.196+0000] {logging_mixin.py:115} INFO - [2025-06-20T13:18:53.196+0000] {dag.py:2981} INFO - Setting next_dagrun for tutorial_taskflow_api_etl to None, run_after=None
[2025-06-20T13:18:53.201+0000] {processor.py:161} INFO - Processing /home/airflow/.local/lib/python3.7/site-packages/airflow/example_dags/tutorial_taskflow_api_etl.py took 0.054 seconds
[2025-06-20T13:19:23.302+0000] {processor.py:153} INFO - Started process (PID=1900) to work on /home/airflow/.local/lib/python3.7/site-packages/airflow/example_dags/tutorial_taskflow_api_etl.py
[2025-06-20T13:19:23.303+0000] {processor.py:640} INFO - Processing file /home/airflow/.local/lib/python3.7/site-packages/airflow/example_dags/tutorial_taskflow_api_etl.py for tasks to queue
[2025-06-20T13:19:23.303+0000] {logging_mixin.py:115} INFO - [2025-06-20T13:19:23.303+0000] {dagbag.py:508} INFO - Filling up the DagBag from /home/airflow/.local/lib/python3.7/site-packages/airflow/example_dags/tutorial_taskflow_api_etl.py
[2025-06-20T13:19:23.310+0000] {processor.py:650} INFO - DAG(s) dict_keys(['tutorial_taskflow_api_etl']) retrieved from /home/airflow/.local/lib/python3.7/site-packages/airflow/example_dags/tutorial_taskflow_api_etl.py
[2025-06-20T13:19:23.321+0000] {logging_mixin.py:115} INFO - [2025-06-20T13:19:23.321+0000] {dag.py:2429} INFO - Sync 1 DAGs
[2025-06-20T13:19:23.331+0000] {logging_mixin.py:115} INFO - [2025-06-20T13:19:23.331+0000] {dag.py:2981} INFO - Setting next_dagrun for tutorial_taskflow_api_etl to None, run_after=None
[2025-06-20T13:19:23.335+0000] {processor.py:161} INFO - Processing /home/airflow/.local/lib/python3.7/site-packages/airflow/example_dags/tutorial_taskflow_api_etl.py took 0.034 seconds
[2025-06-20T13:19:53.411+0000] {processor.py:153} INFO - Started process (PID=1952) to work on /home/airflow/.local/lib/python3.7/site-packages/airflow/example_dags/tutorial_taskflow_api_etl.py
[2025-06-20T13:19:53.412+0000] {processor.py:640} INFO - Processing file /home/airflow/.local/lib/python3.7/site-packages/airflow/example_dags/tutorial_taskflow_api_etl.py for tasks to queue
[2025-06-20T13:19:53.412+0000] {logging_mixin.py:115} INFO - [2025-06-20T13:19:53.412+0000] {dagbag.py:508} INFO - Filling up the DagBag from /home/airflow/.local/lib/python3.7/site-packages/airflow/example_dags/tutorial_taskflow_api_etl.py
[2025-06-20T13:19:53.419+0000] {processor.py:650} INFO - DAG(s) dict_keys(['tutorial_taskflow_api_etl']) retrieved from /home/airflow/.local/lib/python3.7/site-packages/airflow/example_dags/tutorial_taskflow_api_etl.py
[2025-06-20T13:19:53.430+0000] {logging_mixin.py:115} INFO - [2025-06-20T13:19:53.430+0000] {dag.py:2429} INFO - Sync 1 DAGs
[2025-06-20T13:19:53.440+0000] {logging_mixin.py:115} INFO - [2025-06-20T13:19:53.440+0000] {dag.py:2981} INFO - Setting next_dagrun for tutorial_taskflow_api_etl to None, run_after=None
[2025-06-20T13:19:53.445+0000] {processor.py:161} INFO - Processing /home/airflow/.local/lib/python3.7/site-packages/airflow/example_dags/tutorial_taskflow_api_etl.py took 0.035 seconds
[2025-06-20T13:20:23.540+0000] {processor.py:153} INFO - Started process (PID=2014) to work on /home/airflow/.local/lib/python3.7/site-packages/airflow/example_dags/tutorial_taskflow_api_etl.py
[2025-06-20T13:20:23.540+0000] {processor.py:640} INFO - Processing file /home/airflow/.local/lib/python3.7/site-packages/airflow/example_dags/tutorial_taskflow_api_etl.py for tasks to queue
[2025-06-20T13:20:23.540+0000] {logging_mixin.py:115} INFO - [2025-06-20T13:20:23.540+0000] {dagbag.py:508} INFO - Filling up the DagBag from /home/airflow/.local/lib/python3.7/site-packages/airflow/example_dags/tutorial_taskflow_api_etl.py
[2025-06-20T13:20:23.549+0000] {processor.py:650} INFO - DAG(s) dict_keys(['tutorial_taskflow_api_etl']) retrieved from /home/airflow/.local/lib/python3.7/site-packages/airflow/example_dags/tutorial_taskflow_api_etl.py
[2025-06-20T13:20:23.561+0000] {logging_mixin.py:115} INFO - [2025-06-20T13:20:23.561+0000] {dag.py:2429} INFO - Sync 1 DAGs
[2025-06-20T13:20:23.573+0000] {logging_mixin.py:115} INFO - [2025-06-20T13:20:23.573+0000] {dag.py:2981} INFO - Setting next_dagrun for tutorial_taskflow_api_etl to None, run_after=None
[2025-06-20T13:20:23.580+0000] {processor.py:161} INFO - Processing /home/airflow/.local/lib/python3.7/site-packages/airflow/example_dags/tutorial_taskflow_api_etl.py took 0.041 seconds
[2025-06-20T13:20:53.661+0000] {processor.py:153} INFO - Started process (PID=2074) to work on /home/airflow/.local/lib/python3.7/site-packages/airflow/example_dags/tutorial_taskflow_api_etl.py
[2025-06-20T13:20:53.661+0000] {processor.py:640} INFO - Processing file /home/airflow/.local/lib/python3.7/site-packages/airflow/example_dags/tutorial_taskflow_api_etl.py for tasks to queue
[2025-06-20T13:20:53.662+0000] {logging_mixin.py:115} INFO - [2025-06-20T13:20:53.662+0000] {dagbag.py:508} INFO - Filling up the DagBag from /home/airflow/.local/lib/python3.7/site-packages/airflow/example_dags/tutorial_taskflow_api_etl.py
[2025-06-20T13:20:53.670+0000] {processor.py:650} INFO - DAG(s) dict_keys(['tutorial_taskflow_api_etl']) retrieved from /home/airflow/.local/lib/python3.7/site-packages/airflow/example_dags/tutorial_taskflow_api_etl.py
[2025-06-20T13:20:53.679+0000] {logging_mixin.py:115} INFO - [2025-06-20T13:20:53.679+0000] {dag.py:2429} INFO - Sync 1 DAGs
[2025-06-20T13:20:53.689+0000] {logging_mixin.py:115} INFO - [2025-06-20T13:20:53.689+0000] {dag.py:2981} INFO - Setting next_dagrun for tutorial_taskflow_api_etl to None, run_after=None
[2025-06-20T13:20:53.694+0000] {processor.py:161} INFO - Processing /home/airflow/.local/lib/python3.7/site-packages/airflow/example_dags/tutorial_taskflow_api_etl.py took 0.034 seconds
[2025-06-20T13:21:23.802+0000] {processor.py:153} INFO - Started process (PID=2136) to work on /home/airflow/.local/lib/python3.7/site-packages/airflow/example_dags/tutorial_taskflow_api_etl.py
[2025-06-20T13:21:23.803+0000] {processor.py:640} INFO - Processing file /home/airflow/.local/lib/python3.7/site-packages/airflow/example_dags/tutorial_taskflow_api_etl.py for tasks to queue
[2025-06-20T13:21:23.805+0000] {logging_mixin.py:115} INFO - [2025-06-20T13:21:23.805+0000] {dagbag.py:508} INFO - Filling up the DagBag from /home/airflow/.local/lib/python3.7/site-packages/airflow/example_dags/tutorial_taskflow_api_etl.py
[2025-06-20T13:21:23.812+0000] {processor.py:650} INFO - DAG(s) dict_keys(['tutorial_taskflow_api_etl']) retrieved from /home/airflow/.local/lib/python3.7/site-packages/airflow/example_dags/tutorial_taskflow_api_etl.py
[2025-06-20T13:21:23.823+0000] {logging_mixin.py:115} INFO - [2025-06-20T13:21:23.823+0000] {dag.py:2429} INFO - Sync 1 DAGs
[2025-06-20T13:21:23.833+0000] {logging_mixin.py:115} INFO - [2025-06-20T13:21:23.833+0000] {dag.py:2981} INFO - Setting next_dagrun for tutorial_taskflow_api_etl to None, run_after=None
[2025-06-20T13:21:23.841+0000] {processor.py:161} INFO - Processing /home/airflow/.local/lib/python3.7/site-packages/airflow/example_dags/tutorial_taskflow_api_etl.py took 0.041 seconds
[2025-06-20T13:21:53.902+0000] {processor.py:153} INFO - Started process (PID=2196) to work on /home/airflow/.local/lib/python3.7/site-packages/airflow/example_dags/tutorial_taskflow_api_etl.py
[2025-06-20T13:21:53.904+0000] {processor.py:640} INFO - Processing file /home/airflow/.local/lib/python3.7/site-packages/airflow/example_dags/tutorial_taskflow_api_etl.py for tasks to queue
[2025-06-20T13:21:53.905+0000] {logging_mixin.py:115} INFO - [2025-06-20T13:21:53.905+0000] {dagbag.py:508} INFO - Filling up the DagBag from /home/airflow/.local/lib/python3.7/site-packages/airflow/example_dags/tutorial_taskflow_api_etl.py
[2025-06-20T13:21:53.913+0000] {processor.py:650} INFO - DAG(s) dict_keys(['tutorial_taskflow_api_etl']) retrieved from /home/airflow/.local/lib/python3.7/site-packages/airflow/example_dags/tutorial_taskflow_api_etl.py
[2025-06-20T13:21:53.922+0000] {logging_mixin.py:115} INFO - [2025-06-20T13:21:53.922+0000] {dag.py:2429} INFO - Sync 1 DAGs
[2025-06-20T13:21:53.932+0000] {logging_mixin.py:115} INFO - [2025-06-20T13:21:53.932+0000] {dag.py:2981} INFO - Setting next_dagrun for tutorial_taskflow_api_etl to None, run_after=None
[2025-06-20T13:21:53.936+0000] {processor.py:161} INFO - Processing /home/airflow/.local/lib/python3.7/site-packages/airflow/example_dags/tutorial_taskflow_api_etl.py took 0.036 seconds
[2025-06-20T13:22:24.071+0000] {processor.py:153} INFO - Started process (PID=2257) to work on /home/airflow/.local/lib/python3.7/site-packages/airflow/example_dags/tutorial_taskflow_api_etl.py
[2025-06-20T13:22:24.071+0000] {processor.py:640} INFO - Processing file /home/airflow/.local/lib/python3.7/site-packages/airflow/example_dags/tutorial_taskflow_api_etl.py for tasks to queue
[2025-06-20T13:22:24.072+0000] {logging_mixin.py:115} INFO - [2025-06-20T13:22:24.072+0000] {dagbag.py:508} INFO - Filling up the DagBag from /home/airflow/.local/lib/python3.7/site-packages/airflow/example_dags/tutorial_taskflow_api_etl.py
[2025-06-20T13:22:24.080+0000] {processor.py:650} INFO - DAG(s) dict_keys(['tutorial_taskflow_api_etl']) retrieved from /home/airflow/.local/lib/python3.7/site-packages/airflow/example_dags/tutorial_taskflow_api_etl.py
[2025-06-20T13:22:24.094+0000] {logging_mixin.py:115} INFO - [2025-06-20T13:22:24.094+0000] {dag.py:2429} INFO - Sync 1 DAGs
[2025-06-20T13:22:24.106+0000] {logging_mixin.py:115} INFO - [2025-06-20T13:22:24.106+0000] {dag.py:2981} INFO - Setting next_dagrun for tutorial_taskflow_api_etl to None, run_after=None
[2025-06-20T13:22:24.112+0000] {processor.py:161} INFO - Processing /home/airflow/.local/lib/python3.7/site-packages/airflow/example_dags/tutorial_taskflow_api_etl.py took 0.043 seconds
[2025-06-20T13:22:54.153+0000] {processor.py:153} INFO - Started process (PID=2309) to work on /home/airflow/.local/lib/python3.7/site-packages/airflow/example_dags/tutorial_taskflow_api_etl.py
[2025-06-20T13:22:54.154+0000] {processor.py:640} INFO - Processing file /home/airflow/.local/lib/python3.7/site-packages/airflow/example_dags/tutorial_taskflow_api_etl.py for tasks to queue
[2025-06-20T13:22:54.155+0000] {logging_mixin.py:115} INFO - [2025-06-20T13:22:54.155+0000] {dagbag.py:508} INFO - Filling up the DagBag from /home/airflow/.local/lib/python3.7/site-packages/airflow/example_dags/tutorial_taskflow_api_etl.py
[2025-06-20T13:22:54.162+0000] {processor.py:650} INFO - DAG(s) dict_keys(['tutorial_taskflow_api_etl']) retrieved from /home/airflow/.local/lib/python3.7/site-packages/airflow/example_dags/tutorial_taskflow_api_etl.py
[2025-06-20T13:22:54.171+0000] {logging_mixin.py:115} INFO - [2025-06-20T13:22:54.171+0000] {dag.py:2429} INFO - Sync 1 DAGs
[2025-06-20T13:22:54.180+0000] {logging_mixin.py:115} INFO - [2025-06-20T13:22:54.180+0000] {dag.py:2981} INFO - Setting next_dagrun for tutorial_taskflow_api_etl to None, run_after=None
[2025-06-20T13:22:54.184+0000] {processor.py:161} INFO - Processing /home/airflow/.local/lib/python3.7/site-packages/airflow/example_dags/tutorial_taskflow_api_etl.py took 0.032 seconds
[2025-06-20T13:23:24.329+0000] {processor.py:153} INFO - Started process (PID=2370) to work on /home/airflow/.local/lib/python3.7/site-packages/airflow/example_dags/tutorial_taskflow_api_etl.py
[2025-06-20T13:23:24.331+0000] {processor.py:640} INFO - Processing file /home/airflow/.local/lib/python3.7/site-packages/airflow/example_dags/tutorial_taskflow_api_etl.py for tasks to queue
[2025-06-20T13:23:24.332+0000] {logging_mixin.py:115} INFO - [2025-06-20T13:23:24.332+0000] {dagbag.py:508} INFO - Filling up the DagBag from /home/airflow/.local/lib/python3.7/site-packages/airflow/example_dags/tutorial_taskflow_api_etl.py
[2025-06-20T13:23:24.339+0000] {processor.py:650} INFO - DAG(s) dict_keys(['tutorial_taskflow_api_etl']) retrieved from /home/airflow/.local/lib/python3.7/site-packages/airflow/example_dags/tutorial_taskflow_api_etl.py
[2025-06-20T13:23:24.350+0000] {logging_mixin.py:115} INFO - [2025-06-20T13:23:24.350+0000] {dag.py:2429} INFO - Sync 1 DAGs
[2025-06-20T13:23:24.360+0000] {logging_mixin.py:115} INFO - [2025-06-20T13:23:24.360+0000] {dag.py:2981} INFO - Setting next_dagrun for tutorial_taskflow_api_etl to None, run_after=None
[2025-06-20T13:23:24.365+0000] {processor.py:161} INFO - Processing /home/airflow/.local/lib/python3.7/site-packages/airflow/example_dags/tutorial_taskflow_api_etl.py took 0.038 seconds
[2025-06-20T13:23:54.562+0000] {processor.py:153} INFO - Started process (PID=2432) to work on /home/airflow/.local/lib/python3.7/site-packages/airflow/example_dags/tutorial_taskflow_api_etl.py
[2025-06-20T13:23:54.564+0000] {processor.py:640} INFO - Processing file /home/airflow/.local/lib/python3.7/site-packages/airflow/example_dags/tutorial_taskflow_api_etl.py for tasks to queue
[2025-06-20T13:23:54.564+0000] {logging_mixin.py:115} INFO - [2025-06-20T13:23:54.564+0000] {dagbag.py:508} INFO - Filling up the DagBag from /home/airflow/.local/lib/python3.7/site-packages/airflow/example_dags/tutorial_taskflow_api_etl.py
[2025-06-20T13:23:54.571+0000] {processor.py:650} INFO - DAG(s) dict_keys(['tutorial_taskflow_api_etl']) retrieved from /home/airflow/.local/lib/python3.7/site-packages/airflow/example_dags/tutorial_taskflow_api_etl.py
[2025-06-20T13:23:54.600+0000] {logging_mixin.py:115} INFO - [2025-06-20T13:23:54.600+0000] {dag.py:2429} INFO - Sync 1 DAGs
[2025-06-20T13:23:54.609+0000] {logging_mixin.py:115} INFO - [2025-06-20T13:23:54.609+0000] {dag.py:2981} INFO - Setting next_dagrun for tutorial_taskflow_api_etl to None, run_after=None
[2025-06-20T13:23:54.614+0000] {processor.py:161} INFO - Processing /home/airflow/.local/lib/python3.7/site-packages/airflow/example_dags/tutorial_taskflow_api_etl.py took 0.054 seconds
[2025-06-20T13:24:24.759+0000] {processor.py:153} INFO - Started process (PID=2493) to work on /home/airflow/.local/lib/python3.7/site-packages/airflow/example_dags/tutorial_taskflow_api_etl.py
[2025-06-20T13:24:24.761+0000] {processor.py:640} INFO - Processing file /home/airflow/.local/lib/python3.7/site-packages/airflow/example_dags/tutorial_taskflow_api_etl.py for tasks to queue
[2025-06-20T13:24:24.762+0000] {logging_mixin.py:115} INFO - [2025-06-20T13:24:24.762+0000] {dagbag.py:508} INFO - Filling up the DagBag from /home/airflow/.local/lib/python3.7/site-packages/airflow/example_dags/tutorial_taskflow_api_etl.py
[2025-06-20T13:24:24.773+0000] {processor.py:650} INFO - DAG(s) dict_keys(['tutorial_taskflow_api_etl']) retrieved from /home/airflow/.local/lib/python3.7/site-packages/airflow/example_dags/tutorial_taskflow_api_etl.py
[2025-06-20T13:24:24.784+0000] {logging_mixin.py:115} INFO - [2025-06-20T13:24:24.784+0000] {dag.py:2429} INFO - Sync 1 DAGs
[2025-06-20T13:24:24.794+0000] {logging_mixin.py:115} INFO - [2025-06-20T13:24:24.794+0000] {dag.py:2981} INFO - Setting next_dagrun for tutorial_taskflow_api_etl to None, run_after=None
[2025-06-20T13:24:24.800+0000] {processor.py:161} INFO - Processing /home/airflow/.local/lib/python3.7/site-packages/airflow/example_dags/tutorial_taskflow_api_etl.py took 0.043 seconds
