[2025-06-20T12:58:52.658+0000] {processor.py:153} INFO - Started process (PID=51) to work on /home/airflow/.local/lib/python3.7/site-packages/airflow/example_dags/tutorial_taskflow_api_etl_virtualenv.py
[2025-06-20T12:58:52.659+0000] {processor.py:640} INFO - Processing file /home/airflow/.local/lib/python3.7/site-packages/airflow/example_dags/tutorial_taskflow_api_etl_virtualenv.py for tasks to queue
[2025-06-20T12:58:52.659+0000] {logging_mixin.py:115} INFO - [2025-06-20T12:58:52.659+0000] {dagbag.py:508} INFO - Filling up the DagBag from /home/airflow/.local/lib/python3.7/site-packages/airflow/example_dags/tutorial_taskflow_api_etl_virtualenv.py
[2025-06-20T12:58:52.669+0000] {processor.py:650} INFO - DAG(s) dict_keys(['tutorial_taskflow_api_etl_virtualenv']) retrieved from /home/airflow/.local/lib/python3.7/site-packages/airflow/example_dags/tutorial_taskflow_api_etl_virtualenv.py
[2025-06-20T12:58:52.721+0000] {logging_mixin.py:115} INFO - [2025-06-20T12:58:52.721+0000] {manager.py:508} INFO - Created Permission View: can read on DAG:tutorial_taskflow_api_etl_virtualenv
[2025-06-20T12:58:52.728+0000] {logging_mixin.py:115} INFO - [2025-06-20T12:58:52.728+0000] {manager.py:508} INFO - Created Permission View: can delete on DAG:tutorial_taskflow_api_etl_virtualenv
[2025-06-20T12:58:52.737+0000] {logging_mixin.py:115} INFO - [2025-06-20T12:58:52.737+0000] {manager.py:508} INFO - Created Permission View: can edit on DAG:tutorial_taskflow_api_etl_virtualenv
[2025-06-20T12:58:52.740+0000] {logging_mixin.py:115} INFO - [2025-06-20T12:58:52.740+0000] {dag.py:2429} INFO - Sync 1 DAGs
[2025-06-20T12:58:52.747+0000] {logging_mixin.py:115} INFO - [2025-06-20T12:58:52.747+0000] {dag.py:2448} INFO - Creating ORM DAG for tutorial_taskflow_api_etl_virtualenv
[2025-06-20T12:58:52.756+0000] {logging_mixin.py:115} INFO - [2025-06-20T12:58:52.756+0000] {dag.py:2981} INFO - Setting next_dagrun for tutorial_taskflow_api_etl_virtualenv to None, run_after=None
[2025-06-20T12:58:52.768+0000] {processor.py:161} INFO - Processing /home/airflow/.local/lib/python3.7/site-packages/airflow/example_dags/tutorial_taskflow_api_etl_virtualenv.py took 0.112 seconds
[2025-06-20T12:59:23.685+0000] {processor.py:153} INFO - Started process (PID=111) to work on /home/airflow/.local/lib/python3.7/site-packages/airflow/example_dags/tutorial_taskflow_api_etl_virtualenv.py
[2025-06-20T12:59:23.686+0000] {processor.py:640} INFO - Processing file /home/airflow/.local/lib/python3.7/site-packages/airflow/example_dags/tutorial_taskflow_api_etl_virtualenv.py for tasks to queue
[2025-06-20T12:59:23.686+0000] {logging_mixin.py:115} INFO - [2025-06-20T12:59:23.686+0000] {dagbag.py:508} INFO - Filling up the DagBag from /home/airflow/.local/lib/python3.7/site-packages/airflow/example_dags/tutorial_taskflow_api_etl_virtualenv.py
[2025-06-20T12:59:23.699+0000] {processor.py:650} INFO - DAG(s) dict_keys(['tutorial_taskflow_api_etl_virtualenv']) retrieved from /home/airflow/.local/lib/python3.7/site-packages/airflow/example_dags/tutorial_taskflow_api_etl_virtualenv.py
[2025-06-20T12:59:23.732+0000] {logging_mixin.py:115} INFO - [2025-06-20T12:59:23.732+0000] {dag.py:2429} INFO - Sync 1 DAGs
[2025-06-20T12:59:23.742+0000] {logging_mixin.py:115} INFO - [2025-06-20T12:59:23.742+0000] {dag.py:2981} INFO - Setting next_dagrun for tutorial_taskflow_api_etl_virtualenv to None, run_after=None
[2025-06-20T12:59:23.749+0000] {processor.py:161} INFO - Processing /home/airflow/.local/lib/python3.7/site-packages/airflow/example_dags/tutorial_taskflow_api_etl_virtualenv.py took 0.067 seconds
[2025-06-20T12:59:53.795+0000] {processor.py:153} INFO - Started process (PID=172) to work on /home/airflow/.local/lib/python3.7/site-packages/airflow/example_dags/tutorial_taskflow_api_etl_virtualenv.py
[2025-06-20T12:59:53.799+0000] {processor.py:640} INFO - Processing file /home/airflow/.local/lib/python3.7/site-packages/airflow/example_dags/tutorial_taskflow_api_etl_virtualenv.py for tasks to queue
[2025-06-20T12:59:53.799+0000] {logging_mixin.py:115} INFO - [2025-06-20T12:59:53.799+0000] {dagbag.py:508} INFO - Filling up the DagBag from /home/airflow/.local/lib/python3.7/site-packages/airflow/example_dags/tutorial_taskflow_api_etl_virtualenv.py
[2025-06-20T12:59:53.811+0000] {processor.py:650} INFO - DAG(s) dict_keys(['tutorial_taskflow_api_etl_virtualenv']) retrieved from /home/airflow/.local/lib/python3.7/site-packages/airflow/example_dags/tutorial_taskflow_api_etl_virtualenv.py
[2025-06-20T12:59:53.823+0000] {logging_mixin.py:115} INFO - [2025-06-20T12:59:53.823+0000] {dag.py:2429} INFO - Sync 1 DAGs
[2025-06-20T12:59:53.836+0000] {logging_mixin.py:115} INFO - [2025-06-20T12:59:53.836+0000] {dag.py:2981} INFO - Setting next_dagrun for tutorial_taskflow_api_etl_virtualenv to None, run_after=None
[2025-06-20T12:59:53.842+0000] {processor.py:161} INFO - Processing /home/airflow/.local/lib/python3.7/site-packages/airflow/example_dags/tutorial_taskflow_api_etl_virtualenv.py took 0.049 seconds
[2025-06-20T13:03:47.389+0000] {processor.py:153} INFO - Started process (PID=50) to work on /home/airflow/.local/lib/python3.7/site-packages/airflow/example_dags/tutorial_taskflow_api_etl_virtualenv.py
[2025-06-20T13:03:47.390+0000] {processor.py:640} INFO - Processing file /home/airflow/.local/lib/python3.7/site-packages/airflow/example_dags/tutorial_taskflow_api_etl_virtualenv.py for tasks to queue
[2025-06-20T13:03:47.390+0000] {logging_mixin.py:115} INFO - [2025-06-20T13:03:47.390+0000] {dagbag.py:508} INFO - Filling up the DagBag from /home/airflow/.local/lib/python3.7/site-packages/airflow/example_dags/tutorial_taskflow_api_etl_virtualenv.py
[2025-06-20T13:03:47.404+0000] {processor.py:650} INFO - DAG(s) dict_keys(['tutorial_taskflow_api_etl_virtualenv']) retrieved from /home/airflow/.local/lib/python3.7/site-packages/airflow/example_dags/tutorial_taskflow_api_etl_virtualenv.py
[2025-06-20T13:03:47.451+0000] {logging_mixin.py:115} INFO - [2025-06-20T13:03:47.451+0000] {manager.py:508} INFO - Created Permission View: can delete on DAG:tutorial_taskflow_api_etl_virtualenv
[2025-06-20T13:03:47.457+0000] {logging_mixin.py:115} INFO - [2025-06-20T13:03:47.457+0000] {manager.py:508} INFO - Created Permission View: can edit on DAG:tutorial_taskflow_api_etl_virtualenv
[2025-06-20T13:03:47.465+0000] {logging_mixin.py:115} INFO - [2025-06-20T13:03:47.465+0000] {manager.py:508} INFO - Created Permission View: can read on DAG:tutorial_taskflow_api_etl_virtualenv
[2025-06-20T13:03:47.465+0000] {logging_mixin.py:115} INFO - [2025-06-20T13:03:47.465+0000] {dag.py:2429} INFO - Sync 1 DAGs
[2025-06-20T13:03:47.477+0000] {logging_mixin.py:115} INFO - [2025-06-20T13:03:47.477+0000] {dag.py:2448} INFO - Creating ORM DAG for tutorial_taskflow_api_etl_virtualenv
[2025-06-20T13:03:47.488+0000] {logging_mixin.py:115} INFO - [2025-06-20T13:03:47.488+0000] {dag.py:2981} INFO - Setting next_dagrun for tutorial_taskflow_api_etl_virtualenv to None, run_after=None
[2025-06-20T13:03:47.500+0000] {processor.py:161} INFO - Processing /home/airflow/.local/lib/python3.7/site-packages/airflow/example_dags/tutorial_taskflow_api_etl_virtualenv.py took 0.112 seconds
[2025-06-20T13:04:18.505+0000] {processor.py:153} INFO - Started process (PID=111) to work on /home/airflow/.local/lib/python3.7/site-packages/airflow/example_dags/tutorial_taskflow_api_etl_virtualenv.py
[2025-06-20T13:04:18.507+0000] {processor.py:640} INFO - Processing file /home/airflow/.local/lib/python3.7/site-packages/airflow/example_dags/tutorial_taskflow_api_etl_virtualenv.py for tasks to queue
[2025-06-20T13:04:18.507+0000] {logging_mixin.py:115} INFO - [2025-06-20T13:04:18.507+0000] {dagbag.py:508} INFO - Filling up the DagBag from /home/airflow/.local/lib/python3.7/site-packages/airflow/example_dags/tutorial_taskflow_api_etl_virtualenv.py
[2025-06-20T13:04:18.519+0000] {processor.py:650} INFO - DAG(s) dict_keys(['tutorial_taskflow_api_etl_virtualenv']) retrieved from /home/airflow/.local/lib/python3.7/site-packages/airflow/example_dags/tutorial_taskflow_api_etl_virtualenv.py
[2025-06-20T13:04:18.535+0000] {logging_mixin.py:115} INFO - [2025-06-20T13:04:18.535+0000] {dag.py:2429} INFO - Sync 1 DAGs
[2025-06-20T13:04:18.549+0000] {logging_mixin.py:115} INFO - [2025-06-20T13:04:18.549+0000] {dag.py:2981} INFO - Setting next_dagrun for tutorial_taskflow_api_etl_virtualenv to None, run_after=None
[2025-06-20T13:04:18.557+0000] {processor.py:161} INFO - Processing /home/airflow/.local/lib/python3.7/site-packages/airflow/example_dags/tutorial_taskflow_api_etl_virtualenv.py took 0.054 seconds
[2025-06-20T13:04:48.723+0000] {processor.py:153} INFO - Started process (PID=172) to work on /home/airflow/.local/lib/python3.7/site-packages/airflow/example_dags/tutorial_taskflow_api_etl_virtualenv.py
[2025-06-20T13:04:48.724+0000] {processor.py:640} INFO - Processing file /home/airflow/.local/lib/python3.7/site-packages/airflow/example_dags/tutorial_taskflow_api_etl_virtualenv.py for tasks to queue
[2025-06-20T13:04:48.725+0000] {logging_mixin.py:115} INFO - [2025-06-20T13:04:48.725+0000] {dagbag.py:508} INFO - Filling up the DagBag from /home/airflow/.local/lib/python3.7/site-packages/airflow/example_dags/tutorial_taskflow_api_etl_virtualenv.py
[2025-06-20T13:04:48.732+0000] {processor.py:650} INFO - DAG(s) dict_keys(['tutorial_taskflow_api_etl_virtualenv']) retrieved from /home/airflow/.local/lib/python3.7/site-packages/airflow/example_dags/tutorial_taskflow_api_etl_virtualenv.py
[2025-06-20T13:04:48.766+0000] {logging_mixin.py:115} INFO - [2025-06-20T13:04:48.766+0000] {dag.py:2429} INFO - Sync 1 DAGs
[2025-06-20T13:04:48.775+0000] {logging_mixin.py:115} INFO - [2025-06-20T13:04:48.775+0000] {dag.py:2981} INFO - Setting next_dagrun for tutorial_taskflow_api_etl_virtualenv to None, run_after=None
[2025-06-20T13:04:48.781+0000] {processor.py:161} INFO - Processing /home/airflow/.local/lib/python3.7/site-packages/airflow/example_dags/tutorial_taskflow_api_etl_virtualenv.py took 0.059 seconds
[2025-06-20T13:05:18.948+0000] {processor.py:153} INFO - Started process (PID=232) to work on /home/airflow/.local/lib/python3.7/site-packages/airflow/example_dags/tutorial_taskflow_api_etl_virtualenv.py
[2025-06-20T13:05:18.949+0000] {processor.py:640} INFO - Processing file /home/airflow/.local/lib/python3.7/site-packages/airflow/example_dags/tutorial_taskflow_api_etl_virtualenv.py for tasks to queue
[2025-06-20T13:05:18.950+0000] {logging_mixin.py:115} INFO - [2025-06-20T13:05:18.950+0000] {dagbag.py:508} INFO - Filling up the DagBag from /home/airflow/.local/lib/python3.7/site-packages/airflow/example_dags/tutorial_taskflow_api_etl_virtualenv.py
[2025-06-20T13:05:18.965+0000] {processor.py:650} INFO - DAG(s) dict_keys(['tutorial_taskflow_api_etl_virtualenv']) retrieved from /home/airflow/.local/lib/python3.7/site-packages/airflow/example_dags/tutorial_taskflow_api_etl_virtualenv.py
[2025-06-20T13:05:19.004+0000] {logging_mixin.py:115} INFO - [2025-06-20T13:05:19.004+0000] {dag.py:2429} INFO - Sync 1 DAGs
[2025-06-20T13:05:19.013+0000] {logging_mixin.py:115} INFO - [2025-06-20T13:05:19.013+0000] {dag.py:2981} INFO - Setting next_dagrun for tutorial_taskflow_api_etl_virtualenv to None, run_after=None
[2025-06-20T13:05:19.021+0000] {processor.py:161} INFO - Processing /home/airflow/.local/lib/python3.7/site-packages/airflow/example_dags/tutorial_taskflow_api_etl_virtualenv.py took 0.078 seconds
[2025-06-20T13:05:49.104+0000] {processor.py:153} INFO - Started process (PID=284) to work on /home/airflow/.local/lib/python3.7/site-packages/airflow/example_dags/tutorial_taskflow_api_etl_virtualenv.py
[2025-06-20T13:05:49.107+0000] {processor.py:640} INFO - Processing file /home/airflow/.local/lib/python3.7/site-packages/airflow/example_dags/tutorial_taskflow_api_etl_virtualenv.py for tasks to queue
[2025-06-20T13:05:49.108+0000] {logging_mixin.py:115} INFO - [2025-06-20T13:05:49.108+0000] {dagbag.py:508} INFO - Filling up the DagBag from /home/airflow/.local/lib/python3.7/site-packages/airflow/example_dags/tutorial_taskflow_api_etl_virtualenv.py
[2025-06-20T13:05:49.122+0000] {processor.py:650} INFO - DAG(s) dict_keys(['tutorial_taskflow_api_etl_virtualenv']) retrieved from /home/airflow/.local/lib/python3.7/site-packages/airflow/example_dags/tutorial_taskflow_api_etl_virtualenv.py
[2025-06-20T13:05:49.160+0000] {logging_mixin.py:115} INFO - [2025-06-20T13:05:49.160+0000] {dag.py:2429} INFO - Sync 1 DAGs
[2025-06-20T13:05:49.170+0000] {logging_mixin.py:115} INFO - [2025-06-20T13:05:49.170+0000] {dag.py:2981} INFO - Setting next_dagrun for tutorial_taskflow_api_etl_virtualenv to None, run_after=None
[2025-06-20T13:05:49.181+0000] {processor.py:161} INFO - Processing /home/airflow/.local/lib/python3.7/site-packages/airflow/example_dags/tutorial_taskflow_api_etl_virtualenv.py took 0.080 seconds
[2025-06-20T13:06:19.474+0000] {processor.py:153} INFO - Started process (PID=345) to work on /home/airflow/.local/lib/python3.7/site-packages/airflow/example_dags/tutorial_taskflow_api_etl_virtualenv.py
[2025-06-20T13:06:19.475+0000] {processor.py:640} INFO - Processing file /home/airflow/.local/lib/python3.7/site-packages/airflow/example_dags/tutorial_taskflow_api_etl_virtualenv.py for tasks to queue
[2025-06-20T13:06:19.475+0000] {logging_mixin.py:115} INFO - [2025-06-20T13:06:19.475+0000] {dagbag.py:508} INFO - Filling up the DagBag from /home/airflow/.local/lib/python3.7/site-packages/airflow/example_dags/tutorial_taskflow_api_etl_virtualenv.py
[2025-06-20T13:06:19.489+0000] {processor.py:650} INFO - DAG(s) dict_keys(['tutorial_taskflow_api_etl_virtualenv']) retrieved from /home/airflow/.local/lib/python3.7/site-packages/airflow/example_dags/tutorial_taskflow_api_etl_virtualenv.py
[2025-06-20T13:06:19.529+0000] {logging_mixin.py:115} INFO - [2025-06-20T13:06:19.529+0000] {dag.py:2429} INFO - Sync 1 DAGs
[2025-06-20T13:06:19.537+0000] {logging_mixin.py:115} INFO - [2025-06-20T13:06:19.537+0000] {dag.py:2981} INFO - Setting next_dagrun for tutorial_taskflow_api_etl_virtualenv to None, run_after=None
[2025-06-20T13:06:19.545+0000] {processor.py:161} INFO - Processing /home/airflow/.local/lib/python3.7/site-packages/airflow/example_dags/tutorial_taskflow_api_etl_virtualenv.py took 0.074 seconds
[2025-06-20T13:06:49.664+0000] {processor.py:153} INFO - Started process (PID=405) to work on /home/airflow/.local/lib/python3.7/site-packages/airflow/example_dags/tutorial_taskflow_api_etl_virtualenv.py
[2025-06-20T13:06:49.667+0000] {processor.py:640} INFO - Processing file /home/airflow/.local/lib/python3.7/site-packages/airflow/example_dags/tutorial_taskflow_api_etl_virtualenv.py for tasks to queue
[2025-06-20T13:06:49.668+0000] {logging_mixin.py:115} INFO - [2025-06-20T13:06:49.668+0000] {dagbag.py:508} INFO - Filling up the DagBag from /home/airflow/.local/lib/python3.7/site-packages/airflow/example_dags/tutorial_taskflow_api_etl_virtualenv.py
[2025-06-20T13:06:49.683+0000] {processor.py:650} INFO - DAG(s) dict_keys(['tutorial_taskflow_api_etl_virtualenv']) retrieved from /home/airflow/.local/lib/python3.7/site-packages/airflow/example_dags/tutorial_taskflow_api_etl_virtualenv.py
[2025-06-20T13:06:49.698+0000] {logging_mixin.py:115} INFO - [2025-06-20T13:06:49.698+0000] {dag.py:2429} INFO - Sync 1 DAGs
[2025-06-20T13:06:49.709+0000] {logging_mixin.py:115} INFO - [2025-06-20T13:06:49.709+0000] {dag.py:2981} INFO - Setting next_dagrun for tutorial_taskflow_api_etl_virtualenv to None, run_after=None
[2025-06-20T13:06:49.714+0000] {processor.py:161} INFO - Processing /home/airflow/.local/lib/python3.7/site-packages/airflow/example_dags/tutorial_taskflow_api_etl_virtualenv.py took 0.054 seconds
[2025-06-20T13:07:19.758+0000] {processor.py:153} INFO - Started process (PID=466) to work on /home/airflow/.local/lib/python3.7/site-packages/airflow/example_dags/tutorial_taskflow_api_etl_virtualenv.py
[2025-06-20T13:07:19.761+0000] {processor.py:640} INFO - Processing file /home/airflow/.local/lib/python3.7/site-packages/airflow/example_dags/tutorial_taskflow_api_etl_virtualenv.py for tasks to queue
[2025-06-20T13:07:19.762+0000] {logging_mixin.py:115} INFO - [2025-06-20T13:07:19.762+0000] {dagbag.py:508} INFO - Filling up the DagBag from /home/airflow/.local/lib/python3.7/site-packages/airflow/example_dags/tutorial_taskflow_api_etl_virtualenv.py
[2025-06-20T13:07:19.775+0000] {processor.py:650} INFO - DAG(s) dict_keys(['tutorial_taskflow_api_etl_virtualenv']) retrieved from /home/airflow/.local/lib/python3.7/site-packages/airflow/example_dags/tutorial_taskflow_api_etl_virtualenv.py
[2025-06-20T13:07:19.792+0000] {logging_mixin.py:115} INFO - [2025-06-20T13:07:19.792+0000] {dag.py:2429} INFO - Sync 1 DAGs
[2025-06-20T13:07:19.802+0000] {logging_mixin.py:115} INFO - [2025-06-20T13:07:19.802+0000] {dag.py:2981} INFO - Setting next_dagrun for tutorial_taskflow_api_etl_virtualenv to None, run_after=None
[2025-06-20T13:07:19.810+0000] {processor.py:161} INFO - Processing /home/airflow/.local/lib/python3.7/site-packages/airflow/example_dags/tutorial_taskflow_api_etl_virtualenv.py took 0.055 seconds
[2025-06-20T13:07:49.870+0000] {processor.py:153} INFO - Started process (PID=527) to work on /home/airflow/.local/lib/python3.7/site-packages/airflow/example_dags/tutorial_taskflow_api_etl_virtualenv.py
[2025-06-20T13:07:49.871+0000] {processor.py:640} INFO - Processing file /home/airflow/.local/lib/python3.7/site-packages/airflow/example_dags/tutorial_taskflow_api_etl_virtualenv.py for tasks to queue
[2025-06-20T13:07:49.872+0000] {logging_mixin.py:115} INFO - [2025-06-20T13:07:49.872+0000] {dagbag.py:508} INFO - Filling up the DagBag from /home/airflow/.local/lib/python3.7/site-packages/airflow/example_dags/tutorial_taskflow_api_etl_virtualenv.py
[2025-06-20T13:07:49.885+0000] {processor.py:650} INFO - DAG(s) dict_keys(['tutorial_taskflow_api_etl_virtualenv']) retrieved from /home/airflow/.local/lib/python3.7/site-packages/airflow/example_dags/tutorial_taskflow_api_etl_virtualenv.py
[2025-06-20T13:07:49.924+0000] {logging_mixin.py:115} INFO - [2025-06-20T13:07:49.924+0000] {dag.py:2429} INFO - Sync 1 DAGs
[2025-06-20T13:07:49.932+0000] {logging_mixin.py:115} INFO - [2025-06-20T13:07:49.932+0000] {dag.py:2981} INFO - Setting next_dagrun for tutorial_taskflow_api_etl_virtualenv to None, run_after=None
[2025-06-20T13:07:49.939+0000] {processor.py:161} INFO - Processing /home/airflow/.local/lib/python3.7/site-packages/airflow/example_dags/tutorial_taskflow_api_etl_virtualenv.py took 0.073 seconds
[2025-06-20T13:08:19.973+0000] {processor.py:153} INFO - Started process (PID=588) to work on /home/airflow/.local/lib/python3.7/site-packages/airflow/example_dags/tutorial_taskflow_api_etl_virtualenv.py
[2025-06-20T13:08:19.974+0000] {processor.py:640} INFO - Processing file /home/airflow/.local/lib/python3.7/site-packages/airflow/example_dags/tutorial_taskflow_api_etl_virtualenv.py for tasks to queue
[2025-06-20T13:08:19.974+0000] {logging_mixin.py:115} INFO - [2025-06-20T13:08:19.974+0000] {dagbag.py:508} INFO - Filling up the DagBag from /home/airflow/.local/lib/python3.7/site-packages/airflow/example_dags/tutorial_taskflow_api_etl_virtualenv.py
[2025-06-20T13:08:19.982+0000] {processor.py:650} INFO - DAG(s) dict_keys(['tutorial_taskflow_api_etl_virtualenv']) retrieved from /home/airflow/.local/lib/python3.7/site-packages/airflow/example_dags/tutorial_taskflow_api_etl_virtualenv.py
[2025-06-20T13:08:19.996+0000] {logging_mixin.py:115} INFO - [2025-06-20T13:08:19.996+0000] {dag.py:2429} INFO - Sync 1 DAGs
[2025-06-20T13:08:20.006+0000] {logging_mixin.py:115} INFO - [2025-06-20T13:08:20.006+0000] {dag.py:2981} INFO - Setting next_dagrun for tutorial_taskflow_api_etl_virtualenv to None, run_after=None
[2025-06-20T13:08:20.012+0000] {processor.py:161} INFO - Processing /home/airflow/.local/lib/python3.7/site-packages/airflow/example_dags/tutorial_taskflow_api_etl_virtualenv.py took 0.040 seconds
[2025-06-20T13:08:50.041+0000] {processor.py:153} INFO - Started process (PID=640) to work on /home/airflow/.local/lib/python3.7/site-packages/airflow/example_dags/tutorial_taskflow_api_etl_virtualenv.py
[2025-06-20T13:08:50.043+0000] {processor.py:640} INFO - Processing file /home/airflow/.local/lib/python3.7/site-packages/airflow/example_dags/tutorial_taskflow_api_etl_virtualenv.py for tasks to queue
[2025-06-20T13:08:50.043+0000] {logging_mixin.py:115} INFO - [2025-06-20T13:08:50.043+0000] {dagbag.py:508} INFO - Filling up the DagBag from /home/airflow/.local/lib/python3.7/site-packages/airflow/example_dags/tutorial_taskflow_api_etl_virtualenv.py
[2025-06-20T13:08:50.057+0000] {processor.py:650} INFO - DAG(s) dict_keys(['tutorial_taskflow_api_etl_virtualenv']) retrieved from /home/airflow/.local/lib/python3.7/site-packages/airflow/example_dags/tutorial_taskflow_api_etl_virtualenv.py
[2025-06-20T13:08:50.091+0000] {logging_mixin.py:115} INFO - [2025-06-20T13:08:50.091+0000] {dag.py:2429} INFO - Sync 1 DAGs
[2025-06-20T13:08:50.100+0000] {logging_mixin.py:115} INFO - [2025-06-20T13:08:50.100+0000] {dag.py:2981} INFO - Setting next_dagrun for tutorial_taskflow_api_etl_virtualenv to None, run_after=None
[2025-06-20T13:08:50.105+0000] {processor.py:161} INFO - Processing /home/airflow/.local/lib/python3.7/site-packages/airflow/example_dags/tutorial_taskflow_api_etl_virtualenv.py took 0.068 seconds
[2025-06-20T13:09:20.174+0000] {processor.py:153} INFO - Started process (PID=701) to work on /home/airflow/.local/lib/python3.7/site-packages/airflow/example_dags/tutorial_taskflow_api_etl_virtualenv.py
[2025-06-20T13:09:20.175+0000] {processor.py:640} INFO - Processing file /home/airflow/.local/lib/python3.7/site-packages/airflow/example_dags/tutorial_taskflow_api_etl_virtualenv.py for tasks to queue
[2025-06-20T13:09:20.176+0000] {logging_mixin.py:115} INFO - [2025-06-20T13:09:20.176+0000] {dagbag.py:508} INFO - Filling up the DagBag from /home/airflow/.local/lib/python3.7/site-packages/airflow/example_dags/tutorial_taskflow_api_etl_virtualenv.py
[2025-06-20T13:09:20.190+0000] {processor.py:650} INFO - DAG(s) dict_keys(['tutorial_taskflow_api_etl_virtualenv']) retrieved from /home/airflow/.local/lib/python3.7/site-packages/airflow/example_dags/tutorial_taskflow_api_etl_virtualenv.py
[2025-06-20T13:09:20.206+0000] {logging_mixin.py:115} INFO - [2025-06-20T13:09:20.205+0000] {dag.py:2429} INFO - Sync 1 DAGs
[2025-06-20T13:09:20.217+0000] {logging_mixin.py:115} INFO - [2025-06-20T13:09:20.217+0000] {dag.py:2981} INFO - Setting next_dagrun for tutorial_taskflow_api_etl_virtualenv to None, run_after=None
[2025-06-20T13:09:20.223+0000] {processor.py:161} INFO - Processing /home/airflow/.local/lib/python3.7/site-packages/airflow/example_dags/tutorial_taskflow_api_etl_virtualenv.py took 0.053 seconds
[2025-06-20T13:09:50.267+0000] {processor.py:153} INFO - Started process (PID=762) to work on /home/airflow/.local/lib/python3.7/site-packages/airflow/example_dags/tutorial_taskflow_api_etl_virtualenv.py
[2025-06-20T13:09:50.270+0000] {processor.py:640} INFO - Processing file /home/airflow/.local/lib/python3.7/site-packages/airflow/example_dags/tutorial_taskflow_api_etl_virtualenv.py for tasks to queue
[2025-06-20T13:09:50.271+0000] {logging_mixin.py:115} INFO - [2025-06-20T13:09:50.271+0000] {dagbag.py:508} INFO - Filling up the DagBag from /home/airflow/.local/lib/python3.7/site-packages/airflow/example_dags/tutorial_taskflow_api_etl_virtualenv.py
[2025-06-20T13:09:50.286+0000] {processor.py:650} INFO - DAG(s) dict_keys(['tutorial_taskflow_api_etl_virtualenv']) retrieved from /home/airflow/.local/lib/python3.7/site-packages/airflow/example_dags/tutorial_taskflow_api_etl_virtualenv.py
[2025-06-20T13:09:50.321+0000] {logging_mixin.py:115} INFO - [2025-06-20T13:09:50.321+0000] {dag.py:2429} INFO - Sync 1 DAGs
[2025-06-20T13:09:50.331+0000] {logging_mixin.py:115} INFO - [2025-06-20T13:09:50.331+0000] {dag.py:2981} INFO - Setting next_dagrun for tutorial_taskflow_api_etl_virtualenv to None, run_after=None
[2025-06-20T13:09:50.338+0000] {processor.py:161} INFO - Processing /home/airflow/.local/lib/python3.7/site-packages/airflow/example_dags/tutorial_taskflow_api_etl_virtualenv.py took 0.075 seconds
[2025-06-20T13:10:20.431+0000] {processor.py:153} INFO - Started process (PID=823) to work on /home/airflow/.local/lib/python3.7/site-packages/airflow/example_dags/tutorial_taskflow_api_etl_virtualenv.py
[2025-06-20T13:10:20.431+0000] {processor.py:640} INFO - Processing file /home/airflow/.local/lib/python3.7/site-packages/airflow/example_dags/tutorial_taskflow_api_etl_virtualenv.py for tasks to queue
[2025-06-20T13:10:20.431+0000] {logging_mixin.py:115} INFO - [2025-06-20T13:10:20.431+0000] {dagbag.py:508} INFO - Filling up the DagBag from /home/airflow/.local/lib/python3.7/site-packages/airflow/example_dags/tutorial_taskflow_api_etl_virtualenv.py
[2025-06-20T13:10:20.438+0000] {processor.py:650} INFO - DAG(s) dict_keys(['tutorial_taskflow_api_etl_virtualenv']) retrieved from /home/airflow/.local/lib/python3.7/site-packages/airflow/example_dags/tutorial_taskflow_api_etl_virtualenv.py
[2025-06-20T13:10:20.471+0000] {logging_mixin.py:115} INFO - [2025-06-20T13:10:20.471+0000] {dag.py:2429} INFO - Sync 1 DAGs
[2025-06-20T13:10:20.479+0000] {logging_mixin.py:115} INFO - [2025-06-20T13:10:20.479+0000] {dag.py:2981} INFO - Setting next_dagrun for tutorial_taskflow_api_etl_virtualenv to None, run_after=None
[2025-06-20T13:10:20.486+0000] {processor.py:161} INFO - Processing /home/airflow/.local/lib/python3.7/site-packages/airflow/example_dags/tutorial_taskflow_api_etl_virtualenv.py took 0.056 seconds
[2025-06-20T13:10:50.571+0000] {processor.py:153} INFO - Started process (PID=884) to work on /home/airflow/.local/lib/python3.7/site-packages/airflow/example_dags/tutorial_taskflow_api_etl_virtualenv.py
[2025-06-20T13:10:50.571+0000] {processor.py:640} INFO - Processing file /home/airflow/.local/lib/python3.7/site-packages/airflow/example_dags/tutorial_taskflow_api_etl_virtualenv.py for tasks to queue
[2025-06-20T13:10:50.572+0000] {logging_mixin.py:115} INFO - [2025-06-20T13:10:50.571+0000] {dagbag.py:508} INFO - Filling up the DagBag from /home/airflow/.local/lib/python3.7/site-packages/airflow/example_dags/tutorial_taskflow_api_etl_virtualenv.py
[2025-06-20T13:10:50.578+0000] {processor.py:650} INFO - DAG(s) dict_keys(['tutorial_taskflow_api_etl_virtualenv']) retrieved from /home/airflow/.local/lib/python3.7/site-packages/airflow/example_dags/tutorial_taskflow_api_etl_virtualenv.py
[2025-06-20T13:10:50.606+0000] {logging_mixin.py:115} INFO - [2025-06-20T13:10:50.605+0000] {dag.py:2429} INFO - Sync 1 DAGs
[2025-06-20T13:10:50.613+0000] {logging_mixin.py:115} INFO - [2025-06-20T13:10:50.613+0000] {dag.py:2981} INFO - Setting next_dagrun for tutorial_taskflow_api_etl_virtualenv to None, run_after=None
[2025-06-20T13:10:50.618+0000] {processor.py:161} INFO - Processing /home/airflow/.local/lib/python3.7/site-packages/airflow/example_dags/tutorial_taskflow_api_etl_virtualenv.py took 0.049 seconds
[2025-06-20T13:11:20.719+0000] {processor.py:153} INFO - Started process (PID=943) to work on /home/airflow/.local/lib/python3.7/site-packages/airflow/example_dags/tutorial_taskflow_api_etl_virtualenv.py
[2025-06-20T13:11:20.720+0000] {processor.py:640} INFO - Processing file /home/airflow/.local/lib/python3.7/site-packages/airflow/example_dags/tutorial_taskflow_api_etl_virtualenv.py for tasks to queue
[2025-06-20T13:11:20.720+0000] {logging_mixin.py:115} INFO - [2025-06-20T13:11:20.720+0000] {dagbag.py:508} INFO - Filling up the DagBag from /home/airflow/.local/lib/python3.7/site-packages/airflow/example_dags/tutorial_taskflow_api_etl_virtualenv.py
[2025-06-20T13:11:20.728+0000] {processor.py:650} INFO - DAG(s) dict_keys(['tutorial_taskflow_api_etl_virtualenv']) retrieved from /home/airflow/.local/lib/python3.7/site-packages/airflow/example_dags/tutorial_taskflow_api_etl_virtualenv.py
[2025-06-20T13:11:20.772+0000] {logging_mixin.py:115} INFO - [2025-06-20T13:11:20.772+0000] {dag.py:2429} INFO - Sync 1 DAGs
[2025-06-20T13:11:20.789+0000] {logging_mixin.py:115} INFO - [2025-06-20T13:11:20.789+0000] {dag.py:2981} INFO - Setting next_dagrun for tutorial_taskflow_api_etl_virtualenv to None, run_after=None
[2025-06-20T13:11:20.798+0000] {processor.py:161} INFO - Processing /home/airflow/.local/lib/python3.7/site-packages/airflow/example_dags/tutorial_taskflow_api_etl_virtualenv.py took 0.080 seconds
[2025-06-20T13:11:50.857+0000] {processor.py:153} INFO - Started process (PID=997) to work on /home/airflow/.local/lib/python3.7/site-packages/airflow/example_dags/tutorial_taskflow_api_etl_virtualenv.py
[2025-06-20T13:11:50.858+0000] {processor.py:640} INFO - Processing file /home/airflow/.local/lib/python3.7/site-packages/airflow/example_dags/tutorial_taskflow_api_etl_virtualenv.py for tasks to queue
[2025-06-20T13:11:50.858+0000] {logging_mixin.py:115} INFO - [2025-06-20T13:11:50.858+0000] {dagbag.py:508} INFO - Filling up the DagBag from /home/airflow/.local/lib/python3.7/site-packages/airflow/example_dags/tutorial_taskflow_api_etl_virtualenv.py
[2025-06-20T13:11:50.865+0000] {processor.py:650} INFO - DAG(s) dict_keys(['tutorial_taskflow_api_etl_virtualenv']) retrieved from /home/airflow/.local/lib/python3.7/site-packages/airflow/example_dags/tutorial_taskflow_api_etl_virtualenv.py
[2025-06-20T13:11:50.894+0000] {logging_mixin.py:115} INFO - [2025-06-20T13:11:50.894+0000] {dag.py:2429} INFO - Sync 1 DAGs
[2025-06-20T13:11:50.904+0000] {logging_mixin.py:115} INFO - [2025-06-20T13:11:50.904+0000] {dag.py:2981} INFO - Setting next_dagrun for tutorial_taskflow_api_etl_virtualenv to None, run_after=None
[2025-06-20T13:11:50.909+0000] {processor.py:161} INFO - Processing /home/airflow/.local/lib/python3.7/site-packages/airflow/example_dags/tutorial_taskflow_api_etl_virtualenv.py took 0.053 seconds
[2025-06-20T13:12:20.984+0000] {processor.py:153} INFO - Started process (PID=1059) to work on /home/airflow/.local/lib/python3.7/site-packages/airflow/example_dags/tutorial_taskflow_api_etl_virtualenv.py
[2025-06-20T13:12:20.985+0000] {processor.py:640} INFO - Processing file /home/airflow/.local/lib/python3.7/site-packages/airflow/example_dags/tutorial_taskflow_api_etl_virtualenv.py for tasks to queue
[2025-06-20T13:12:20.985+0000] {logging_mixin.py:115} INFO - [2025-06-20T13:12:20.985+0000] {dagbag.py:508} INFO - Filling up the DagBag from /home/airflow/.local/lib/python3.7/site-packages/airflow/example_dags/tutorial_taskflow_api_etl_virtualenv.py
[2025-06-20T13:12:20.992+0000] {processor.py:650} INFO - DAG(s) dict_keys(['tutorial_taskflow_api_etl_virtualenv']) retrieved from /home/airflow/.local/lib/python3.7/site-packages/airflow/example_dags/tutorial_taskflow_api_etl_virtualenv.py
[2025-06-20T13:12:21.020+0000] {logging_mixin.py:115} INFO - [2025-06-20T13:12:21.020+0000] {dag.py:2429} INFO - Sync 1 DAGs
[2025-06-20T13:12:21.028+0000] {logging_mixin.py:115} INFO - [2025-06-20T13:12:21.028+0000] {dag.py:2981} INFO - Setting next_dagrun for tutorial_taskflow_api_etl_virtualenv to None, run_after=None
[2025-06-20T13:12:21.034+0000] {processor.py:161} INFO - Processing /home/airflow/.local/lib/python3.7/site-packages/airflow/example_dags/tutorial_taskflow_api_etl_virtualenv.py took 0.051 seconds
[2025-06-20T13:12:51.095+0000] {processor.py:153} INFO - Started process (PID=1120) to work on /home/airflow/.local/lib/python3.7/site-packages/airflow/example_dags/tutorial_taskflow_api_etl_virtualenv.py
[2025-06-20T13:12:51.096+0000] {processor.py:640} INFO - Processing file /home/airflow/.local/lib/python3.7/site-packages/airflow/example_dags/tutorial_taskflow_api_etl_virtualenv.py for tasks to queue
[2025-06-20T13:12:51.096+0000] {logging_mixin.py:115} INFO - [2025-06-20T13:12:51.096+0000] {dagbag.py:508} INFO - Filling up the DagBag from /home/airflow/.local/lib/python3.7/site-packages/airflow/example_dags/tutorial_taskflow_api_etl_virtualenv.py
[2025-06-20T13:12:51.103+0000] {processor.py:650} INFO - DAG(s) dict_keys(['tutorial_taskflow_api_etl_virtualenv']) retrieved from /home/airflow/.local/lib/python3.7/site-packages/airflow/example_dags/tutorial_taskflow_api_etl_virtualenv.py
[2025-06-20T13:12:51.113+0000] {logging_mixin.py:115} INFO - [2025-06-20T13:12:51.113+0000] {dag.py:2429} INFO - Sync 1 DAGs
[2025-06-20T13:12:51.122+0000] {logging_mixin.py:115} INFO - [2025-06-20T13:12:51.122+0000] {dag.py:2981} INFO - Setting next_dagrun for tutorial_taskflow_api_etl_virtualenv to None, run_after=None
[2025-06-20T13:12:51.128+0000] {processor.py:161} INFO - Processing /home/airflow/.local/lib/python3.7/site-packages/airflow/example_dags/tutorial_taskflow_api_etl_virtualenv.py took 0.035 seconds
[2025-06-20T13:13:21.156+0000] {processor.py:153} INFO - Started process (PID=1179) to work on /home/airflow/.local/lib/python3.7/site-packages/airflow/example_dags/tutorial_taskflow_api_etl_virtualenv.py
[2025-06-20T13:13:21.159+0000] {processor.py:640} INFO - Processing file /home/airflow/.local/lib/python3.7/site-packages/airflow/example_dags/tutorial_taskflow_api_etl_virtualenv.py for tasks to queue
[2025-06-20T13:13:21.159+0000] {logging_mixin.py:115} INFO - [2025-06-20T13:13:21.159+0000] {dagbag.py:508} INFO - Filling up the DagBag from /home/airflow/.local/lib/python3.7/site-packages/airflow/example_dags/tutorial_taskflow_api_etl_virtualenv.py
[2025-06-20T13:13:21.169+0000] {processor.py:650} INFO - DAG(s) dict_keys(['tutorial_taskflow_api_etl_virtualenv']) retrieved from /home/airflow/.local/lib/python3.7/site-packages/airflow/example_dags/tutorial_taskflow_api_etl_virtualenv.py
[2025-06-20T13:13:21.206+0000] {logging_mixin.py:115} INFO - [2025-06-20T13:13:21.206+0000] {dag.py:2429} INFO - Sync 1 DAGs
[2025-06-20T13:13:21.218+0000] {logging_mixin.py:115} INFO - [2025-06-20T13:13:21.218+0000] {dag.py:2981} INFO - Setting next_dagrun for tutorial_taskflow_api_etl_virtualenv to None, run_after=None
[2025-06-20T13:13:21.224+0000] {processor.py:161} INFO - Processing /home/airflow/.local/lib/python3.7/site-packages/airflow/example_dags/tutorial_taskflow_api_etl_virtualenv.py took 0.070 seconds
[2025-06-20T13:13:51.362+0000] {processor.py:153} INFO - Started process (PID=1241) to work on /home/airflow/.local/lib/python3.7/site-packages/airflow/example_dags/tutorial_taskflow_api_etl_virtualenv.py
[2025-06-20T13:13:51.363+0000] {processor.py:640} INFO - Processing file /home/airflow/.local/lib/python3.7/site-packages/airflow/example_dags/tutorial_taskflow_api_etl_virtualenv.py for tasks to queue
[2025-06-20T13:13:51.364+0000] {logging_mixin.py:115} INFO - [2025-06-20T13:13:51.363+0000] {dagbag.py:508} INFO - Filling up the DagBag from /home/airflow/.local/lib/python3.7/site-packages/airflow/example_dags/tutorial_taskflow_api_etl_virtualenv.py
[2025-06-20T13:13:51.392+0000] {processor.py:650} INFO - DAG(s) dict_keys(['tutorial_taskflow_api_etl_virtualenv']) retrieved from /home/airflow/.local/lib/python3.7/site-packages/airflow/example_dags/tutorial_taskflow_api_etl_virtualenv.py
[2025-06-20T13:13:51.464+0000] {logging_mixin.py:115} INFO - [2025-06-20T13:13:51.464+0000] {dag.py:2429} INFO - Sync 1 DAGs
[2025-06-20T13:13:51.476+0000] {logging_mixin.py:115} INFO - [2025-06-20T13:13:51.476+0000] {dag.py:2981} INFO - Setting next_dagrun for tutorial_taskflow_api_etl_virtualenv to None, run_after=None
[2025-06-20T13:13:51.482+0000] {processor.py:161} INFO - Processing /home/airflow/.local/lib/python3.7/site-packages/airflow/example_dags/tutorial_taskflow_api_etl_virtualenv.py took 0.123 seconds
[2025-06-20T13:14:21.606+0000] {processor.py:153} INFO - Started process (PID=1293) to work on /home/airflow/.local/lib/python3.7/site-packages/airflow/example_dags/tutorial_taskflow_api_etl_virtualenv.py
[2025-06-20T13:14:21.608+0000] {processor.py:640} INFO - Processing file /home/airflow/.local/lib/python3.7/site-packages/airflow/example_dags/tutorial_taskflow_api_etl_virtualenv.py for tasks to queue
[2025-06-20T13:14:21.609+0000] {logging_mixin.py:115} INFO - [2025-06-20T13:14:21.609+0000] {dagbag.py:508} INFO - Filling up the DagBag from /home/airflow/.local/lib/python3.7/site-packages/airflow/example_dags/tutorial_taskflow_api_etl_virtualenv.py
[2025-06-20T13:14:21.624+0000] {processor.py:650} INFO - DAG(s) dict_keys(['tutorial_taskflow_api_etl_virtualenv']) retrieved from /home/airflow/.local/lib/python3.7/site-packages/airflow/example_dags/tutorial_taskflow_api_etl_virtualenv.py
[2025-06-20T13:14:21.640+0000] {logging_mixin.py:115} INFO - [2025-06-20T13:14:21.640+0000] {dag.py:2429} INFO - Sync 1 DAGs
[2025-06-20T13:14:21.658+0000] {logging_mixin.py:115} INFO - [2025-06-20T13:14:21.658+0000] {dag.py:2981} INFO - Setting next_dagrun for tutorial_taskflow_api_etl_virtualenv to None, run_after=None
[2025-06-20T13:14:21.665+0000] {processor.py:161} INFO - Processing /home/airflow/.local/lib/python3.7/site-packages/airflow/example_dags/tutorial_taskflow_api_etl_virtualenv.py took 0.063 seconds
[2025-06-20T13:14:51.715+0000] {processor.py:153} INFO - Started process (PID=1353) to work on /home/airflow/.local/lib/python3.7/site-packages/airflow/example_dags/tutorial_taskflow_api_etl_virtualenv.py
[2025-06-20T13:14:51.717+0000] {processor.py:640} INFO - Processing file /home/airflow/.local/lib/python3.7/site-packages/airflow/example_dags/tutorial_taskflow_api_etl_virtualenv.py for tasks to queue
[2025-06-20T13:14:51.717+0000] {logging_mixin.py:115} INFO - [2025-06-20T13:14:51.717+0000] {dagbag.py:508} INFO - Filling up the DagBag from /home/airflow/.local/lib/python3.7/site-packages/airflow/example_dags/tutorial_taskflow_api_etl_virtualenv.py
[2025-06-20T13:14:51.732+0000] {processor.py:650} INFO - DAG(s) dict_keys(['tutorial_taskflow_api_etl_virtualenv']) retrieved from /home/airflow/.local/lib/python3.7/site-packages/airflow/example_dags/tutorial_taskflow_api_etl_virtualenv.py
[2025-06-20T13:14:51.769+0000] {logging_mixin.py:115} INFO - [2025-06-20T13:14:51.769+0000] {dag.py:2429} INFO - Sync 1 DAGs
[2025-06-20T13:14:51.777+0000] {logging_mixin.py:115} INFO - [2025-06-20T13:14:51.777+0000] {dag.py:2981} INFO - Setting next_dagrun for tutorial_taskflow_api_etl_virtualenv to None, run_after=None
[2025-06-20T13:14:51.783+0000] {processor.py:161} INFO - Processing /home/airflow/.local/lib/python3.7/site-packages/airflow/example_dags/tutorial_taskflow_api_etl_virtualenv.py took 0.072 seconds
[2025-06-20T13:15:21.805+0000] {processor.py:153} INFO - Started process (PID=1414) to work on /home/airflow/.local/lib/python3.7/site-packages/airflow/example_dags/tutorial_taskflow_api_etl_virtualenv.py
[2025-06-20T13:15:21.807+0000] {processor.py:640} INFO - Processing file /home/airflow/.local/lib/python3.7/site-packages/airflow/example_dags/tutorial_taskflow_api_etl_virtualenv.py for tasks to queue
[2025-06-20T13:15:21.808+0000] {logging_mixin.py:115} INFO - [2025-06-20T13:15:21.808+0000] {dagbag.py:508} INFO - Filling up the DagBag from /home/airflow/.local/lib/python3.7/site-packages/airflow/example_dags/tutorial_taskflow_api_etl_virtualenv.py
[2025-06-20T13:15:21.822+0000] {processor.py:650} INFO - DAG(s) dict_keys(['tutorial_taskflow_api_etl_virtualenv']) retrieved from /home/airflow/.local/lib/python3.7/site-packages/airflow/example_dags/tutorial_taskflow_api_etl_virtualenv.py
[2025-06-20T13:15:21.856+0000] {logging_mixin.py:115} INFO - [2025-06-20T13:15:21.856+0000] {dag.py:2429} INFO - Sync 1 DAGs
[2025-06-20T13:15:21.865+0000] {logging_mixin.py:115} INFO - [2025-06-20T13:15:21.865+0000] {dag.py:2981} INFO - Setting next_dagrun for tutorial_taskflow_api_etl_virtualenv to None, run_after=None
[2025-06-20T13:15:21.871+0000] {processor.py:161} INFO - Processing /home/airflow/.local/lib/python3.7/site-packages/airflow/example_dags/tutorial_taskflow_api_etl_virtualenv.py took 0.069 seconds
[2025-06-20T13:15:51.928+0000] {processor.py:153} INFO - Started process (PID=1475) to work on /home/airflow/.local/lib/python3.7/site-packages/airflow/example_dags/tutorial_taskflow_api_etl_virtualenv.py
[2025-06-20T13:15:51.929+0000] {processor.py:640} INFO - Processing file /home/airflow/.local/lib/python3.7/site-packages/airflow/example_dags/tutorial_taskflow_api_etl_virtualenv.py for tasks to queue
[2025-06-20T13:15:51.932+0000] {logging_mixin.py:115} INFO - [2025-06-20T13:15:51.932+0000] {dagbag.py:508} INFO - Filling up the DagBag from /home/airflow/.local/lib/python3.7/site-packages/airflow/example_dags/tutorial_taskflow_api_etl_virtualenv.py
[2025-06-20T13:15:51.945+0000] {processor.py:650} INFO - DAG(s) dict_keys(['tutorial_taskflow_api_etl_virtualenv']) retrieved from /home/airflow/.local/lib/python3.7/site-packages/airflow/example_dags/tutorial_taskflow_api_etl_virtualenv.py
[2025-06-20T13:15:51.959+0000] {logging_mixin.py:115} INFO - [2025-06-20T13:15:51.959+0000] {dag.py:2429} INFO - Sync 1 DAGs
[2025-06-20T13:15:51.973+0000] {logging_mixin.py:115} INFO - [2025-06-20T13:15:51.973+0000] {dag.py:2981} INFO - Setting next_dagrun for tutorial_taskflow_api_etl_virtualenv to None, run_after=None
[2025-06-20T13:15:51.979+0000] {processor.py:161} INFO - Processing /home/airflow/.local/lib/python3.7/site-packages/airflow/example_dags/tutorial_taskflow_api_etl_virtualenv.py took 0.055 seconds
[2025-06-20T13:16:22.124+0000] {processor.py:153} INFO - Started process (PID=1536) to work on /home/airflow/.local/lib/python3.7/site-packages/airflow/example_dags/tutorial_taskflow_api_etl_virtualenv.py
[2025-06-20T13:16:22.126+0000] {processor.py:640} INFO - Processing file /home/airflow/.local/lib/python3.7/site-packages/airflow/example_dags/tutorial_taskflow_api_etl_virtualenv.py for tasks to queue
[2025-06-20T13:16:22.126+0000] {logging_mixin.py:115} INFO - [2025-06-20T13:16:22.126+0000] {dagbag.py:508} INFO - Filling up the DagBag from /home/airflow/.local/lib/python3.7/site-packages/airflow/example_dags/tutorial_taskflow_api_etl_virtualenv.py
[2025-06-20T13:16:22.136+0000] {processor.py:650} INFO - DAG(s) dict_keys(['tutorial_taskflow_api_etl_virtualenv']) retrieved from /home/airflow/.local/lib/python3.7/site-packages/airflow/example_dags/tutorial_taskflow_api_etl_virtualenv.py
[2025-06-20T13:16:22.152+0000] {logging_mixin.py:115} INFO - [2025-06-20T13:16:22.152+0000] {dag.py:2429} INFO - Sync 1 DAGs
[2025-06-20T13:16:22.164+0000] {logging_mixin.py:115} INFO - [2025-06-20T13:16:22.164+0000] {dag.py:2981} INFO - Setting next_dagrun for tutorial_taskflow_api_etl_virtualenv to None, run_after=None
[2025-06-20T13:16:22.172+0000] {processor.py:161} INFO - Processing /home/airflow/.local/lib/python3.7/site-packages/airflow/example_dags/tutorial_taskflow_api_etl_virtualenv.py took 0.050 seconds
[2025-06-20T13:16:52.392+0000] {processor.py:153} INFO - Started process (PID=1588) to work on /home/airflow/.local/lib/python3.7/site-packages/airflow/example_dags/tutorial_taskflow_api_etl_virtualenv.py
[2025-06-20T13:16:52.395+0000] {processor.py:640} INFO - Processing file /home/airflow/.local/lib/python3.7/site-packages/airflow/example_dags/tutorial_taskflow_api_etl_virtualenv.py for tasks to queue
[2025-06-20T13:16:52.396+0000] {logging_mixin.py:115} INFO - [2025-06-20T13:16:52.396+0000] {dagbag.py:508} INFO - Filling up the DagBag from /home/airflow/.local/lib/python3.7/site-packages/airflow/example_dags/tutorial_taskflow_api_etl_virtualenv.py
[2025-06-20T13:16:52.410+0000] {processor.py:650} INFO - DAG(s) dict_keys(['tutorial_taskflow_api_etl_virtualenv']) retrieved from /home/airflow/.local/lib/python3.7/site-packages/airflow/example_dags/tutorial_taskflow_api_etl_virtualenv.py
[2025-06-20T13:16:52.451+0000] {logging_mixin.py:115} INFO - [2025-06-20T13:16:52.451+0000] {dag.py:2429} INFO - Sync 1 DAGs
[2025-06-20T13:16:52.460+0000] {logging_mixin.py:115} INFO - [2025-06-20T13:16:52.460+0000] {dag.py:2981} INFO - Setting next_dagrun for tutorial_taskflow_api_etl_virtualenv to None, run_after=None
[2025-06-20T13:16:52.467+0000] {processor.py:161} INFO - Processing /home/airflow/.local/lib/python3.7/site-packages/airflow/example_dags/tutorial_taskflow_api_etl_virtualenv.py took 0.079 seconds
[2025-06-20T13:17:22.500+0000] {processor.py:153} INFO - Started process (PID=1649) to work on /home/airflow/.local/lib/python3.7/site-packages/airflow/example_dags/tutorial_taskflow_api_etl_virtualenv.py
[2025-06-20T13:17:22.503+0000] {processor.py:640} INFO - Processing file /home/airflow/.local/lib/python3.7/site-packages/airflow/example_dags/tutorial_taskflow_api_etl_virtualenv.py for tasks to queue
[2025-06-20T13:17:22.504+0000] {logging_mixin.py:115} INFO - [2025-06-20T13:17:22.504+0000] {dagbag.py:508} INFO - Filling up the DagBag from /home/airflow/.local/lib/python3.7/site-packages/airflow/example_dags/tutorial_taskflow_api_etl_virtualenv.py
[2025-06-20T13:17:22.520+0000] {processor.py:650} INFO - DAG(s) dict_keys(['tutorial_taskflow_api_etl_virtualenv']) retrieved from /home/airflow/.local/lib/python3.7/site-packages/airflow/example_dags/tutorial_taskflow_api_etl_virtualenv.py
[2025-06-20T13:17:22.558+0000] {logging_mixin.py:115} INFO - [2025-06-20T13:17:22.558+0000] {dag.py:2429} INFO - Sync 1 DAGs
[2025-06-20T13:17:22.568+0000] {logging_mixin.py:115} INFO - [2025-06-20T13:17:22.568+0000] {dag.py:2981} INFO - Setting next_dagrun for tutorial_taskflow_api_etl_virtualenv to None, run_after=None
[2025-06-20T13:17:22.573+0000] {processor.py:161} INFO - Processing /home/airflow/.local/lib/python3.7/site-packages/airflow/example_dags/tutorial_taskflow_api_etl_virtualenv.py took 0.077 seconds
[2025-06-20T13:17:52.599+0000] {processor.py:153} INFO - Started process (PID=1711) to work on /home/airflow/.local/lib/python3.7/site-packages/airflow/example_dags/tutorial_taskflow_api_etl_virtualenv.py
[2025-06-20T13:17:52.601+0000] {processor.py:640} INFO - Processing file /home/airflow/.local/lib/python3.7/site-packages/airflow/example_dags/tutorial_taskflow_api_etl_virtualenv.py for tasks to queue
[2025-06-20T13:17:52.601+0000] {logging_mixin.py:115} INFO - [2025-06-20T13:17:52.601+0000] {dagbag.py:508} INFO - Filling up the DagBag from /home/airflow/.local/lib/python3.7/site-packages/airflow/example_dags/tutorial_taskflow_api_etl_virtualenv.py
[2025-06-20T13:17:52.611+0000] {processor.py:650} INFO - DAG(s) dict_keys(['tutorial_taskflow_api_etl_virtualenv']) retrieved from /home/airflow/.local/lib/python3.7/site-packages/airflow/example_dags/tutorial_taskflow_api_etl_virtualenv.py
[2025-06-20T13:17:52.643+0000] {logging_mixin.py:115} INFO - [2025-06-20T13:17:52.643+0000] {dag.py:2429} INFO - Sync 1 DAGs
[2025-06-20T13:17:52.653+0000] {logging_mixin.py:115} INFO - [2025-06-20T13:17:52.653+0000] {dag.py:2981} INFO - Setting next_dagrun for tutorial_taskflow_api_etl_virtualenv to None, run_after=None
[2025-06-20T13:17:52.658+0000] {processor.py:161} INFO - Processing /home/airflow/.local/lib/python3.7/site-packages/airflow/example_dags/tutorial_taskflow_api_etl_virtualenv.py took 0.062 seconds
[2025-06-20T13:18:22.689+0000] {processor.py:153} INFO - Started process (PID=1771) to work on /home/airflow/.local/lib/python3.7/site-packages/airflow/example_dags/tutorial_taskflow_api_etl_virtualenv.py
[2025-06-20T13:18:22.692+0000] {processor.py:640} INFO - Processing file /home/airflow/.local/lib/python3.7/site-packages/airflow/example_dags/tutorial_taskflow_api_etl_virtualenv.py for tasks to queue
[2025-06-20T13:18:22.692+0000] {logging_mixin.py:115} INFO - [2025-06-20T13:18:22.692+0000] {dagbag.py:508} INFO - Filling up the DagBag from /home/airflow/.local/lib/python3.7/site-packages/airflow/example_dags/tutorial_taskflow_api_etl_virtualenv.py
[2025-06-20T13:18:22.706+0000] {processor.py:650} INFO - DAG(s) dict_keys(['tutorial_taskflow_api_etl_virtualenv']) retrieved from /home/airflow/.local/lib/python3.7/site-packages/airflow/example_dags/tutorial_taskflow_api_etl_virtualenv.py
[2025-06-20T13:18:22.750+0000] {logging_mixin.py:115} INFO - [2025-06-20T13:18:22.750+0000] {dag.py:2429} INFO - Sync 1 DAGs
[2025-06-20T13:18:22.761+0000] {logging_mixin.py:115} INFO - [2025-06-20T13:18:22.761+0000] {dag.py:2981} INFO - Setting next_dagrun for tutorial_taskflow_api_etl_virtualenv to None, run_after=None
[2025-06-20T13:18:22.768+0000] {processor.py:161} INFO - Processing /home/airflow/.local/lib/python3.7/site-packages/airflow/example_dags/tutorial_taskflow_api_etl_virtualenv.py took 0.082 seconds
[2025-06-20T13:18:52.957+0000] {processor.py:153} INFO - Started process (PID=1832) to work on /home/airflow/.local/lib/python3.7/site-packages/airflow/example_dags/tutorial_taskflow_api_etl_virtualenv.py
[2025-06-20T13:18:52.959+0000] {processor.py:640} INFO - Processing file /home/airflow/.local/lib/python3.7/site-packages/airflow/example_dags/tutorial_taskflow_api_etl_virtualenv.py for tasks to queue
[2025-06-20T13:18:52.959+0000] {logging_mixin.py:115} INFO - [2025-06-20T13:18:52.959+0000] {dagbag.py:508} INFO - Filling up the DagBag from /home/airflow/.local/lib/python3.7/site-packages/airflow/example_dags/tutorial_taskflow_api_etl_virtualenv.py
[2025-06-20T13:18:52.974+0000] {processor.py:650} INFO - DAG(s) dict_keys(['tutorial_taskflow_api_etl_virtualenv']) retrieved from /home/airflow/.local/lib/python3.7/site-packages/airflow/example_dags/tutorial_taskflow_api_etl_virtualenv.py
[2025-06-20T13:18:53.015+0000] {logging_mixin.py:115} INFO - [2025-06-20T13:18:53.015+0000] {dag.py:2429} INFO - Sync 1 DAGs
[2025-06-20T13:18:53.024+0000] {logging_mixin.py:115} INFO - [2025-06-20T13:18:53.024+0000] {dag.py:2981} INFO - Setting next_dagrun for tutorial_taskflow_api_etl_virtualenv to None, run_after=None
[2025-06-20T13:18:53.029+0000] {processor.py:161} INFO - Processing /home/airflow/.local/lib/python3.7/site-packages/airflow/example_dags/tutorial_taskflow_api_etl_virtualenv.py took 0.076 seconds
[2025-06-20T13:19:23.105+0000] {processor.py:153} INFO - Started process (PID=1893) to work on /home/airflow/.local/lib/python3.7/site-packages/airflow/example_dags/tutorial_taskflow_api_etl_virtualenv.py
[2025-06-20T13:19:23.108+0000] {processor.py:640} INFO - Processing file /home/airflow/.local/lib/python3.7/site-packages/airflow/example_dags/tutorial_taskflow_api_etl_virtualenv.py for tasks to queue
[2025-06-20T13:19:23.109+0000] {logging_mixin.py:115} INFO - [2025-06-20T13:19:23.108+0000] {dagbag.py:508} INFO - Filling up the DagBag from /home/airflow/.local/lib/python3.7/site-packages/airflow/example_dags/tutorial_taskflow_api_etl_virtualenv.py
[2025-06-20T13:19:23.121+0000] {processor.py:650} INFO - DAG(s) dict_keys(['tutorial_taskflow_api_etl_virtualenv']) retrieved from /home/airflow/.local/lib/python3.7/site-packages/airflow/example_dags/tutorial_taskflow_api_etl_virtualenv.py
[2025-06-20T13:19:23.136+0000] {logging_mixin.py:115} INFO - [2025-06-20T13:19:23.136+0000] {dag.py:2429} INFO - Sync 1 DAGs
[2025-06-20T13:19:23.147+0000] {logging_mixin.py:115} INFO - [2025-06-20T13:19:23.147+0000] {dag.py:2981} INFO - Setting next_dagrun for tutorial_taskflow_api_etl_virtualenv to None, run_after=None
[2025-06-20T13:19:23.153+0000] {processor.py:161} INFO - Processing /home/airflow/.local/lib/python3.7/site-packages/airflow/example_dags/tutorial_taskflow_api_etl_virtualenv.py took 0.051 seconds
[2025-06-20T13:19:53.231+0000] {processor.py:153} INFO - Started process (PID=1945) to work on /home/airflow/.local/lib/python3.7/site-packages/airflow/example_dags/tutorial_taskflow_api_etl_virtualenv.py
[2025-06-20T13:19:53.232+0000] {processor.py:640} INFO - Processing file /home/airflow/.local/lib/python3.7/site-packages/airflow/example_dags/tutorial_taskflow_api_etl_virtualenv.py for tasks to queue
[2025-06-20T13:19:53.233+0000] {logging_mixin.py:115} INFO - [2025-06-20T13:19:53.233+0000] {dagbag.py:508} INFO - Filling up the DagBag from /home/airflow/.local/lib/python3.7/site-packages/airflow/example_dags/tutorial_taskflow_api_etl_virtualenv.py
[2025-06-20T13:19:53.247+0000] {processor.py:650} INFO - DAG(s) dict_keys(['tutorial_taskflow_api_etl_virtualenv']) retrieved from /home/airflow/.local/lib/python3.7/site-packages/airflow/example_dags/tutorial_taskflow_api_etl_virtualenv.py
[2025-06-20T13:19:53.283+0000] {logging_mixin.py:115} INFO - [2025-06-20T13:19:53.283+0000] {dag.py:2429} INFO - Sync 1 DAGs
[2025-06-20T13:19:53.292+0000] {logging_mixin.py:115} INFO - [2025-06-20T13:19:53.292+0000] {dag.py:2981} INFO - Setting next_dagrun for tutorial_taskflow_api_etl_virtualenv to None, run_after=None
[2025-06-20T13:19:53.298+0000] {processor.py:161} INFO - Processing /home/airflow/.local/lib/python3.7/site-packages/airflow/example_dags/tutorial_taskflow_api_etl_virtualenv.py took 0.072 seconds
[2025-06-20T13:20:23.372+0000] {processor.py:153} INFO - Started process (PID=2007) to work on /home/airflow/.local/lib/python3.7/site-packages/airflow/example_dags/tutorial_taskflow_api_etl_virtualenv.py
[2025-06-20T13:20:23.373+0000] {processor.py:640} INFO - Processing file /home/airflow/.local/lib/python3.7/site-packages/airflow/example_dags/tutorial_taskflow_api_etl_virtualenv.py for tasks to queue
[2025-06-20T13:20:23.373+0000] {logging_mixin.py:115} INFO - [2025-06-20T13:20:23.373+0000] {dagbag.py:508} INFO - Filling up the DagBag from /home/airflow/.local/lib/python3.7/site-packages/airflow/example_dags/tutorial_taskflow_api_etl_virtualenv.py
[2025-06-20T13:20:23.380+0000] {processor.py:650} INFO - DAG(s) dict_keys(['tutorial_taskflow_api_etl_virtualenv']) retrieved from /home/airflow/.local/lib/python3.7/site-packages/airflow/example_dags/tutorial_taskflow_api_etl_virtualenv.py
[2025-06-20T13:20:23.391+0000] {logging_mixin.py:115} INFO - [2025-06-20T13:20:23.391+0000] {dag.py:2429} INFO - Sync 1 DAGs
[2025-06-20T13:20:23.401+0000] {logging_mixin.py:115} INFO - [2025-06-20T13:20:23.401+0000] {dag.py:2981} INFO - Setting next_dagrun for tutorial_taskflow_api_etl_virtualenv to None, run_after=None
[2025-06-20T13:20:23.405+0000] {processor.py:161} INFO - Processing /home/airflow/.local/lib/python3.7/site-packages/airflow/example_dags/tutorial_taskflow_api_etl_virtualenv.py took 0.035 seconds
[2025-06-20T13:20:53.490+0000] {processor.py:153} INFO - Started process (PID=2067) to work on /home/airflow/.local/lib/python3.7/site-packages/airflow/example_dags/tutorial_taskflow_api_etl_virtualenv.py
[2025-06-20T13:20:53.492+0000] {processor.py:640} INFO - Processing file /home/airflow/.local/lib/python3.7/site-packages/airflow/example_dags/tutorial_taskflow_api_etl_virtualenv.py for tasks to queue
[2025-06-20T13:20:53.493+0000] {logging_mixin.py:115} INFO - [2025-06-20T13:20:53.493+0000] {dagbag.py:508} INFO - Filling up the DagBag from /home/airflow/.local/lib/python3.7/site-packages/airflow/example_dags/tutorial_taskflow_api_etl_virtualenv.py
[2025-06-20T13:20:53.507+0000] {processor.py:650} INFO - DAG(s) dict_keys(['tutorial_taskflow_api_etl_virtualenv']) retrieved from /home/airflow/.local/lib/python3.7/site-packages/airflow/example_dags/tutorial_taskflow_api_etl_virtualenv.py
[2025-06-20T13:20:53.525+0000] {logging_mixin.py:115} INFO - [2025-06-20T13:20:53.525+0000] {dag.py:2429} INFO - Sync 1 DAGs
[2025-06-20T13:20:53.538+0000] {logging_mixin.py:115} INFO - [2025-06-20T13:20:53.538+0000] {dag.py:2981} INFO - Setting next_dagrun for tutorial_taskflow_api_etl_virtualenv to None, run_after=None
[2025-06-20T13:20:53.543+0000] {processor.py:161} INFO - Processing /home/airflow/.local/lib/python3.7/site-packages/airflow/example_dags/tutorial_taskflow_api_etl_virtualenv.py took 0.056 seconds
[2025-06-20T13:21:23.605+0000] {processor.py:153} INFO - Started process (PID=2128) to work on /home/airflow/.local/lib/python3.7/site-packages/airflow/example_dags/tutorial_taskflow_api_etl_virtualenv.py
[2025-06-20T13:21:23.606+0000] {processor.py:640} INFO - Processing file /home/airflow/.local/lib/python3.7/site-packages/airflow/example_dags/tutorial_taskflow_api_etl_virtualenv.py for tasks to queue
[2025-06-20T13:21:23.607+0000] {logging_mixin.py:115} INFO - [2025-06-20T13:21:23.607+0000] {dagbag.py:508} INFO - Filling up the DagBag from /home/airflow/.local/lib/python3.7/site-packages/airflow/example_dags/tutorial_taskflow_api_etl_virtualenv.py
[2025-06-20T13:21:23.619+0000] {processor.py:650} INFO - DAG(s) dict_keys(['tutorial_taskflow_api_etl_virtualenv']) retrieved from /home/airflow/.local/lib/python3.7/site-packages/airflow/example_dags/tutorial_taskflow_api_etl_virtualenv.py
[2025-06-20T13:21:23.655+0000] {logging_mixin.py:115} INFO - [2025-06-20T13:21:23.655+0000] {dag.py:2429} INFO - Sync 1 DAGs
[2025-06-20T13:21:23.667+0000] {logging_mixin.py:115} INFO - [2025-06-20T13:21:23.667+0000] {dag.py:2981} INFO - Setting next_dagrun for tutorial_taskflow_api_etl_virtualenv to None, run_after=None
[2025-06-20T13:21:23.673+0000] {processor.py:161} INFO - Processing /home/airflow/.local/lib/python3.7/site-packages/airflow/example_dags/tutorial_taskflow_api_etl_virtualenv.py took 0.072 seconds
[2025-06-20T13:21:53.719+0000] {processor.py:153} INFO - Started process (PID=2189) to work on /home/airflow/.local/lib/python3.7/site-packages/airflow/example_dags/tutorial_taskflow_api_etl_virtualenv.py
[2025-06-20T13:21:53.720+0000] {processor.py:640} INFO - Processing file /home/airflow/.local/lib/python3.7/site-packages/airflow/example_dags/tutorial_taskflow_api_etl_virtualenv.py for tasks to queue
[2025-06-20T13:21:53.720+0000] {logging_mixin.py:115} INFO - [2025-06-20T13:21:53.720+0000] {dagbag.py:508} INFO - Filling up the DagBag from /home/airflow/.local/lib/python3.7/site-packages/airflow/example_dags/tutorial_taskflow_api_etl_virtualenv.py
[2025-06-20T13:21:53.733+0000] {processor.py:650} INFO - DAG(s) dict_keys(['tutorial_taskflow_api_etl_virtualenv']) retrieved from /home/airflow/.local/lib/python3.7/site-packages/airflow/example_dags/tutorial_taskflow_api_etl_virtualenv.py
[2025-06-20T13:21:53.770+0000] {logging_mixin.py:115} INFO - [2025-06-20T13:21:53.770+0000] {dag.py:2429} INFO - Sync 1 DAGs
[2025-06-20T13:21:53.780+0000] {logging_mixin.py:115} INFO - [2025-06-20T13:21:53.780+0000] {dag.py:2981} INFO - Setting next_dagrun for tutorial_taskflow_api_etl_virtualenv to None, run_after=None
[2025-06-20T13:21:53.786+0000] {processor.py:161} INFO - Processing /home/airflow/.local/lib/python3.7/site-packages/airflow/example_dags/tutorial_taskflow_api_etl_virtualenv.py took 0.071 seconds
[2025-06-20T13:22:23.860+0000] {processor.py:153} INFO - Started process (PID=2250) to work on /home/airflow/.local/lib/python3.7/site-packages/airflow/example_dags/tutorial_taskflow_api_etl_virtualenv.py
[2025-06-20T13:22:23.862+0000] {processor.py:640} INFO - Processing file /home/airflow/.local/lib/python3.7/site-packages/airflow/example_dags/tutorial_taskflow_api_etl_virtualenv.py for tasks to queue
[2025-06-20T13:22:23.862+0000] {logging_mixin.py:115} INFO - [2025-06-20T13:22:23.862+0000] {dagbag.py:508} INFO - Filling up the DagBag from /home/airflow/.local/lib/python3.7/site-packages/airflow/example_dags/tutorial_taskflow_api_etl_virtualenv.py
[2025-06-20T13:22:23.869+0000] {processor.py:650} INFO - DAG(s) dict_keys(['tutorial_taskflow_api_etl_virtualenv']) retrieved from /home/airflow/.local/lib/python3.7/site-packages/airflow/example_dags/tutorial_taskflow_api_etl_virtualenv.py
[2025-06-20T13:22:23.899+0000] {logging_mixin.py:115} INFO - [2025-06-20T13:22:23.899+0000] {dag.py:2429} INFO - Sync 1 DAGs
[2025-06-20T13:22:23.912+0000] {logging_mixin.py:115} INFO - [2025-06-20T13:22:23.911+0000] {dag.py:2981} INFO - Setting next_dagrun for tutorial_taskflow_api_etl_virtualenv to None, run_after=None
[2025-06-20T13:22:23.918+0000] {processor.py:161} INFO - Processing /home/airflow/.local/lib/python3.7/site-packages/airflow/example_dags/tutorial_taskflow_api_etl_virtualenv.py took 0.060 seconds
[2025-06-20T13:22:53.976+0000] {processor.py:153} INFO - Started process (PID=2302) to work on /home/airflow/.local/lib/python3.7/site-packages/airflow/example_dags/tutorial_taskflow_api_etl_virtualenv.py
[2025-06-20T13:22:53.979+0000] {processor.py:640} INFO - Processing file /home/airflow/.local/lib/python3.7/site-packages/airflow/example_dags/tutorial_taskflow_api_etl_virtualenv.py for tasks to queue
[2025-06-20T13:22:53.979+0000] {logging_mixin.py:115} INFO - [2025-06-20T13:22:53.979+0000] {dagbag.py:508} INFO - Filling up the DagBag from /home/airflow/.local/lib/python3.7/site-packages/airflow/example_dags/tutorial_taskflow_api_etl_virtualenv.py
[2025-06-20T13:22:53.991+0000] {processor.py:650} INFO - DAG(s) dict_keys(['tutorial_taskflow_api_etl_virtualenv']) retrieved from /home/airflow/.local/lib/python3.7/site-packages/airflow/example_dags/tutorial_taskflow_api_etl_virtualenv.py
[2025-06-20T13:22:54.006+0000] {logging_mixin.py:115} INFO - [2025-06-20T13:22:54.006+0000] {dag.py:2429} INFO - Sync 1 DAGs
[2025-06-20T13:22:54.018+0000] {logging_mixin.py:115} INFO - [2025-06-20T13:22:54.018+0000] {dag.py:2981} INFO - Setting next_dagrun for tutorial_taskflow_api_etl_virtualenv to None, run_after=None
[2025-06-20T13:22:54.023+0000] {processor.py:161} INFO - Processing /home/airflow/.local/lib/python3.7/site-packages/airflow/example_dags/tutorial_taskflow_api_etl_virtualenv.py took 0.050 seconds
[2025-06-20T13:23:24.152+0000] {processor.py:153} INFO - Started process (PID=2363) to work on /home/airflow/.local/lib/python3.7/site-packages/airflow/example_dags/tutorial_taskflow_api_etl_virtualenv.py
[2025-06-20T13:23:24.155+0000] {processor.py:640} INFO - Processing file /home/airflow/.local/lib/python3.7/site-packages/airflow/example_dags/tutorial_taskflow_api_etl_virtualenv.py for tasks to queue
[2025-06-20T13:23:24.155+0000] {logging_mixin.py:115} INFO - [2025-06-20T13:23:24.155+0000] {dagbag.py:508} INFO - Filling up the DagBag from /home/airflow/.local/lib/python3.7/site-packages/airflow/example_dags/tutorial_taskflow_api_etl_virtualenv.py
[2025-06-20T13:23:24.169+0000] {processor.py:650} INFO - DAG(s) dict_keys(['tutorial_taskflow_api_etl_virtualenv']) retrieved from /home/airflow/.local/lib/python3.7/site-packages/airflow/example_dags/tutorial_taskflow_api_etl_virtualenv.py
[2025-06-20T13:23:24.188+0000] {logging_mixin.py:115} INFO - [2025-06-20T13:23:24.187+0000] {dag.py:2429} INFO - Sync 1 DAGs
[2025-06-20T13:23:24.203+0000] {logging_mixin.py:115} INFO - [2025-06-20T13:23:24.203+0000] {dag.py:2981} INFO - Setting next_dagrun for tutorial_taskflow_api_etl_virtualenv to None, run_after=None
[2025-06-20T13:23:24.208+0000] {processor.py:161} INFO - Processing /home/airflow/.local/lib/python3.7/site-packages/airflow/example_dags/tutorial_taskflow_api_etl_virtualenv.py took 0.059 seconds
[2025-06-20T13:23:54.349+0000] {processor.py:153} INFO - Started process (PID=2424) to work on /home/airflow/.local/lib/python3.7/site-packages/airflow/example_dags/tutorial_taskflow_api_etl_virtualenv.py
[2025-06-20T13:23:54.350+0000] {processor.py:640} INFO - Processing file /home/airflow/.local/lib/python3.7/site-packages/airflow/example_dags/tutorial_taskflow_api_etl_virtualenv.py for tasks to queue
[2025-06-20T13:23:54.351+0000] {logging_mixin.py:115} INFO - [2025-06-20T13:23:54.351+0000] {dagbag.py:508} INFO - Filling up the DagBag from /home/airflow/.local/lib/python3.7/site-packages/airflow/example_dags/tutorial_taskflow_api_etl_virtualenv.py
[2025-06-20T13:23:54.363+0000] {processor.py:650} INFO - DAG(s) dict_keys(['tutorial_taskflow_api_etl_virtualenv']) retrieved from /home/airflow/.local/lib/python3.7/site-packages/airflow/example_dags/tutorial_taskflow_api_etl_virtualenv.py
[2025-06-20T13:23:54.397+0000] {logging_mixin.py:115} INFO - [2025-06-20T13:23:54.397+0000] {dag.py:2429} INFO - Sync 1 DAGs
[2025-06-20T13:23:54.406+0000] {logging_mixin.py:115} INFO - [2025-06-20T13:23:54.405+0000] {dag.py:2981} INFO - Setting next_dagrun for tutorial_taskflow_api_etl_virtualenv to None, run_after=None
[2025-06-20T13:23:54.411+0000] {processor.py:161} INFO - Processing /home/airflow/.local/lib/python3.7/site-packages/airflow/example_dags/tutorial_taskflow_api_etl_virtualenv.py took 0.065 seconds
[2025-06-20T13:24:24.541+0000] {processor.py:153} INFO - Started process (PID=2485) to work on /home/airflow/.local/lib/python3.7/site-packages/airflow/example_dags/tutorial_taskflow_api_etl_virtualenv.py
[2025-06-20T13:24:24.543+0000] {processor.py:640} INFO - Processing file /home/airflow/.local/lib/python3.7/site-packages/airflow/example_dags/tutorial_taskflow_api_etl_virtualenv.py for tasks to queue
[2025-06-20T13:24:24.547+0000] {logging_mixin.py:115} INFO - [2025-06-20T13:24:24.546+0000] {dagbag.py:508} INFO - Filling up the DagBag from /home/airflow/.local/lib/python3.7/site-packages/airflow/example_dags/tutorial_taskflow_api_etl_virtualenv.py
[2025-06-20T13:24:24.556+0000] {processor.py:650} INFO - DAG(s) dict_keys(['tutorial_taskflow_api_etl_virtualenv']) retrieved from /home/airflow/.local/lib/python3.7/site-packages/airflow/example_dags/tutorial_taskflow_api_etl_virtualenv.py
[2025-06-20T13:24:24.572+0000] {logging_mixin.py:115} INFO - [2025-06-20T13:24:24.572+0000] {dag.py:2429} INFO - Sync 1 DAGs
[2025-06-20T13:24:24.583+0000] {logging_mixin.py:115} INFO - [2025-06-20T13:24:24.583+0000] {dag.py:2981} INFO - Setting next_dagrun for tutorial_taskflow_api_etl_virtualenv to None, run_after=None
[2025-06-20T13:24:24.589+0000] {processor.py:161} INFO - Processing /home/airflow/.local/lib/python3.7/site-packages/airflow/example_dags/tutorial_taskflow_api_etl_virtualenv.py took 0.049 seconds
