[2025-06-20T12:58:52.900+0000] {processor.py:153} INFO - Started process (PID=55) to work on /home/airflow/.local/lib/python3.7/site-packages/airflow/example_dags/tutorial_etl_dag.py
[2025-06-20T12:58:52.901+0000] {processor.py:640} INFO - Processing file /home/airflow/.local/lib/python3.7/site-packages/airflow/example_dags/tutorial_etl_dag.py for tasks to queue
[2025-06-20T12:58:52.901+0000] {logging_mixin.py:115} INFO - [2025-06-20T12:58:52.901+0000] {dagbag.py:508} INFO - Filling up the DagBag from /home/airflow/.local/lib/python3.7/site-packages/airflow/example_dags/tutorial_etl_dag.py
[2025-06-20T12:58:52.906+0000] {processor.py:650} INFO - DAG(s) dict_keys(['tutorial_etl_dag']) retrieved from /home/airflow/.local/lib/python3.7/site-packages/airflow/example_dags/tutorial_etl_dag.py
[2025-06-20T12:58:52.968+0000] {logging_mixin.py:115} INFO - [2025-06-20T12:58:52.968+0000] {manager.py:508} INFO - Created Permission View: can read on DAG:tutorial_etl_dag
[2025-06-20T12:58:52.973+0000] {logging_mixin.py:115} INFO - [2025-06-20T12:58:52.973+0000] {manager.py:508} INFO - Created Permission View: can delete on DAG:tutorial_etl_dag
[2025-06-20T12:58:52.978+0000] {logging_mixin.py:115} INFO - [2025-06-20T12:58:52.978+0000] {manager.py:508} INFO - Created Permission View: can edit on DAG:tutorial_etl_dag
[2025-06-20T12:58:52.978+0000] {logging_mixin.py:115} INFO - [2025-06-20T12:58:52.978+0000] {dag.py:2429} INFO - Sync 1 DAGs
[2025-06-20T12:58:52.986+0000] {logging_mixin.py:115} INFO - [2025-06-20T12:58:52.986+0000] {dag.py:2448} INFO - Creating ORM DAG for tutorial_etl_dag
[2025-06-20T12:58:52.993+0000] {logging_mixin.py:115} INFO - [2025-06-20T12:58:52.993+0000] {dag.py:2981} INFO - Setting next_dagrun for tutorial_etl_dag to None, run_after=None
[2025-06-20T12:58:53.006+0000] {processor.py:161} INFO - Processing /home/airflow/.local/lib/python3.7/site-packages/airflow/example_dags/tutorial_etl_dag.py took 0.108 seconds
[2025-06-20T12:59:23.800+0000] {processor.py:153} INFO - Started process (PID=115) to work on /home/airflow/.local/lib/python3.7/site-packages/airflow/example_dags/tutorial_etl_dag.py
[2025-06-20T12:59:23.801+0000] {processor.py:640} INFO - Processing file /home/airflow/.local/lib/python3.7/site-packages/airflow/example_dags/tutorial_etl_dag.py for tasks to queue
[2025-06-20T12:59:23.802+0000] {logging_mixin.py:115} INFO - [2025-06-20T12:59:23.801+0000] {dagbag.py:508} INFO - Filling up the DagBag from /home/airflow/.local/lib/python3.7/site-packages/airflow/example_dags/tutorial_etl_dag.py
[2025-06-20T12:59:23.805+0000] {processor.py:650} INFO - DAG(s) dict_keys(['tutorial_etl_dag']) retrieved from /home/airflow/.local/lib/python3.7/site-packages/airflow/example_dags/tutorial_etl_dag.py
[2025-06-20T12:59:23.821+0000] {logging_mixin.py:115} INFO - [2025-06-20T12:59:23.821+0000] {dag.py:2429} INFO - Sync 1 DAGs
[2025-06-20T12:59:23.831+0000] {logging_mixin.py:115} INFO - [2025-06-20T12:59:23.831+0000] {dag.py:2981} INFO - Setting next_dagrun for tutorial_etl_dag to None, run_after=None
[2025-06-20T12:59:23.836+0000] {processor.py:161} INFO - Processing /home/airflow/.local/lib/python3.7/site-packages/airflow/example_dags/tutorial_etl_dag.py took 0.037 seconds
[2025-06-20T12:59:53.892+0000] {processor.py:153} INFO - Started process (PID=176) to work on /home/airflow/.local/lib/python3.7/site-packages/airflow/example_dags/tutorial_etl_dag.py
[2025-06-20T12:59:53.894+0000] {processor.py:640} INFO - Processing file /home/airflow/.local/lib/python3.7/site-packages/airflow/example_dags/tutorial_etl_dag.py for tasks to queue
[2025-06-20T12:59:53.894+0000] {logging_mixin.py:115} INFO - [2025-06-20T12:59:53.894+0000] {dagbag.py:508} INFO - Filling up the DagBag from /home/airflow/.local/lib/python3.7/site-packages/airflow/example_dags/tutorial_etl_dag.py
[2025-06-20T12:59:53.901+0000] {processor.py:650} INFO - DAG(s) dict_keys(['tutorial_etl_dag']) retrieved from /home/airflow/.local/lib/python3.7/site-packages/airflow/example_dags/tutorial_etl_dag.py
[2025-06-20T12:59:53.914+0000] {logging_mixin.py:115} INFO - [2025-06-20T12:59:53.914+0000] {dag.py:2429} INFO - Sync 1 DAGs
[2025-06-20T12:59:53.922+0000] {logging_mixin.py:115} INFO - [2025-06-20T12:59:53.922+0000] {dag.py:2981} INFO - Setting next_dagrun for tutorial_etl_dag to None, run_after=None
[2025-06-20T12:59:53.926+0000] {processor.py:161} INFO - Processing /home/airflow/.local/lib/python3.7/site-packages/airflow/example_dags/tutorial_etl_dag.py took 0.036 seconds
[2025-06-20T13:03:47.689+0000] {processor.py:153} INFO - Started process (PID=54) to work on /home/airflow/.local/lib/python3.7/site-packages/airflow/example_dags/tutorial_etl_dag.py
[2025-06-20T13:03:47.693+0000] {processor.py:640} INFO - Processing file /home/airflow/.local/lib/python3.7/site-packages/airflow/example_dags/tutorial_etl_dag.py for tasks to queue
[2025-06-20T13:03:47.694+0000] {logging_mixin.py:115} INFO - [2025-06-20T13:03:47.694+0000] {dagbag.py:508} INFO - Filling up the DagBag from /home/airflow/.local/lib/python3.7/site-packages/airflow/example_dags/tutorial_etl_dag.py
[2025-06-20T13:03:47.699+0000] {processor.py:650} INFO - DAG(s) dict_keys(['tutorial_etl_dag']) retrieved from /home/airflow/.local/lib/python3.7/site-packages/airflow/example_dags/tutorial_etl_dag.py
[2025-06-20T13:03:47.747+0000] {logging_mixin.py:115} INFO - [2025-06-20T13:03:47.747+0000] {manager.py:508} INFO - Created Permission View: can delete on DAG:tutorial_etl_dag
[2025-06-20T13:03:47.757+0000] {logging_mixin.py:115} INFO - [2025-06-20T13:03:47.757+0000] {manager.py:508} INFO - Created Permission View: can edit on DAG:tutorial_etl_dag
[2025-06-20T13:03:47.769+0000] {logging_mixin.py:115} INFO - [2025-06-20T13:03:47.769+0000] {manager.py:508} INFO - Created Permission View: can read on DAG:tutorial_etl_dag
[2025-06-20T13:03:47.769+0000] {logging_mixin.py:115} INFO - [2025-06-20T13:03:47.769+0000] {dag.py:2429} INFO - Sync 1 DAGs
[2025-06-20T13:03:47.776+0000] {logging_mixin.py:115} INFO - [2025-06-20T13:03:47.776+0000] {dag.py:2448} INFO - Creating ORM DAG for tutorial_etl_dag
[2025-06-20T13:03:47.789+0000] {logging_mixin.py:115} INFO - [2025-06-20T13:03:47.788+0000] {dag.py:2981} INFO - Setting next_dagrun for tutorial_etl_dag to None, run_after=None
[2025-06-20T13:03:47.799+0000] {processor.py:161} INFO - Processing /home/airflow/.local/lib/python3.7/site-packages/airflow/example_dags/tutorial_etl_dag.py took 0.113 seconds
[2025-06-20T13:04:18.600+0000] {processor.py:153} INFO - Started process (PID=115) to work on /home/airflow/.local/lib/python3.7/site-packages/airflow/example_dags/tutorial_etl_dag.py
[2025-06-20T13:04:18.604+0000] {processor.py:640} INFO - Processing file /home/airflow/.local/lib/python3.7/site-packages/airflow/example_dags/tutorial_etl_dag.py for tasks to queue
[2025-06-20T13:04:18.605+0000] {logging_mixin.py:115} INFO - [2025-06-20T13:04:18.605+0000] {dagbag.py:508} INFO - Filling up the DagBag from /home/airflow/.local/lib/python3.7/site-packages/airflow/example_dags/tutorial_etl_dag.py
[2025-06-20T13:04:18.609+0000] {processor.py:650} INFO - DAG(s) dict_keys(['tutorial_etl_dag']) retrieved from /home/airflow/.local/lib/python3.7/site-packages/airflow/example_dags/tutorial_etl_dag.py
[2025-06-20T13:04:18.622+0000] {logging_mixin.py:115} INFO - [2025-06-20T13:04:18.622+0000] {dag.py:2429} INFO - Sync 1 DAGs
[2025-06-20T13:04:18.633+0000] {logging_mixin.py:115} INFO - [2025-06-20T13:04:18.633+0000] {dag.py:2981} INFO - Setting next_dagrun for tutorial_etl_dag to None, run_after=None
[2025-06-20T13:04:18.640+0000] {processor.py:161} INFO - Processing /home/airflow/.local/lib/python3.7/site-packages/airflow/example_dags/tutorial_etl_dag.py took 0.041 seconds
[2025-06-20T13:04:48.815+0000] {processor.py:153} INFO - Started process (PID=176) to work on /home/airflow/.local/lib/python3.7/site-packages/airflow/example_dags/tutorial_etl_dag.py
[2025-06-20T13:04:48.817+0000] {processor.py:640} INFO - Processing file /home/airflow/.local/lib/python3.7/site-packages/airflow/example_dags/tutorial_etl_dag.py for tasks to queue
[2025-06-20T13:04:48.817+0000] {logging_mixin.py:115} INFO - [2025-06-20T13:04:48.817+0000] {dagbag.py:508} INFO - Filling up the DagBag from /home/airflow/.local/lib/python3.7/site-packages/airflow/example_dags/tutorial_etl_dag.py
[2025-06-20T13:04:48.822+0000] {processor.py:650} INFO - DAG(s) dict_keys(['tutorial_etl_dag']) retrieved from /home/airflow/.local/lib/python3.7/site-packages/airflow/example_dags/tutorial_etl_dag.py
[2025-06-20T13:04:48.834+0000] {logging_mixin.py:115} INFO - [2025-06-20T13:04:48.834+0000] {dag.py:2429} INFO - Sync 1 DAGs
[2025-06-20T13:04:48.845+0000] {logging_mixin.py:115} INFO - [2025-06-20T13:04:48.845+0000] {dag.py:2981} INFO - Setting next_dagrun for tutorial_etl_dag to None, run_after=None
[2025-06-20T13:04:48.854+0000] {processor.py:161} INFO - Processing /home/airflow/.local/lib/python3.7/site-packages/airflow/example_dags/tutorial_etl_dag.py took 0.041 seconds
[2025-06-20T13:05:19.054+0000] {processor.py:153} INFO - Started process (PID=236) to work on /home/airflow/.local/lib/python3.7/site-packages/airflow/example_dags/tutorial_etl_dag.py
[2025-06-20T13:05:19.056+0000] {processor.py:640} INFO - Processing file /home/airflow/.local/lib/python3.7/site-packages/airflow/example_dags/tutorial_etl_dag.py for tasks to queue
[2025-06-20T13:05:19.057+0000] {logging_mixin.py:115} INFO - [2025-06-20T13:05:19.057+0000] {dagbag.py:508} INFO - Filling up the DagBag from /home/airflow/.local/lib/python3.7/site-packages/airflow/example_dags/tutorial_etl_dag.py
[2025-06-20T13:05:19.060+0000] {processor.py:650} INFO - DAG(s) dict_keys(['tutorial_etl_dag']) retrieved from /home/airflow/.local/lib/python3.7/site-packages/airflow/example_dags/tutorial_etl_dag.py
[2025-06-20T13:05:19.071+0000] {logging_mixin.py:115} INFO - [2025-06-20T13:05:19.070+0000] {dag.py:2429} INFO - Sync 1 DAGs
[2025-06-20T13:05:19.081+0000] {logging_mixin.py:115} INFO - [2025-06-20T13:05:19.081+0000] {dag.py:2981} INFO - Setting next_dagrun for tutorial_etl_dag to None, run_after=None
[2025-06-20T13:05:19.085+0000] {processor.py:161} INFO - Processing /home/airflow/.local/lib/python3.7/site-packages/airflow/example_dags/tutorial_etl_dag.py took 0.032 seconds
[2025-06-20T13:05:49.217+0000] {processor.py:153} INFO - Started process (PID=295) to work on /home/airflow/.local/lib/python3.7/site-packages/airflow/example_dags/tutorial_etl_dag.py
[2025-06-20T13:05:49.218+0000] {processor.py:640} INFO - Processing file /home/airflow/.local/lib/python3.7/site-packages/airflow/example_dags/tutorial_etl_dag.py for tasks to queue
[2025-06-20T13:05:49.219+0000] {logging_mixin.py:115} INFO - [2025-06-20T13:05:49.219+0000] {dagbag.py:508} INFO - Filling up the DagBag from /home/airflow/.local/lib/python3.7/site-packages/airflow/example_dags/tutorial_etl_dag.py
[2025-06-20T13:05:49.224+0000] {processor.py:650} INFO - DAG(s) dict_keys(['tutorial_etl_dag']) retrieved from /home/airflow/.local/lib/python3.7/site-packages/airflow/example_dags/tutorial_etl_dag.py
[2025-06-20T13:05:49.238+0000] {logging_mixin.py:115} INFO - [2025-06-20T13:05:49.238+0000] {dag.py:2429} INFO - Sync 1 DAGs
[2025-06-20T13:05:49.250+0000] {logging_mixin.py:115} INFO - [2025-06-20T13:05:49.250+0000] {dag.py:2981} INFO - Setting next_dagrun for tutorial_etl_dag to None, run_after=None
[2025-06-20T13:05:49.255+0000] {processor.py:161} INFO - Processing /home/airflow/.local/lib/python3.7/site-packages/airflow/example_dags/tutorial_etl_dag.py took 0.039 seconds
[2025-06-20T13:06:19.591+0000] {processor.py:153} INFO - Started process (PID=349) to work on /home/airflow/.local/lib/python3.7/site-packages/airflow/example_dags/tutorial_etl_dag.py
[2025-06-20T13:06:19.592+0000] {processor.py:640} INFO - Processing file /home/airflow/.local/lib/python3.7/site-packages/airflow/example_dags/tutorial_etl_dag.py for tasks to queue
[2025-06-20T13:06:19.593+0000] {logging_mixin.py:115} INFO - [2025-06-20T13:06:19.593+0000] {dagbag.py:508} INFO - Filling up the DagBag from /home/airflow/.local/lib/python3.7/site-packages/airflow/example_dags/tutorial_etl_dag.py
[2025-06-20T13:06:19.596+0000] {processor.py:650} INFO - DAG(s) dict_keys(['tutorial_etl_dag']) retrieved from /home/airflow/.local/lib/python3.7/site-packages/airflow/example_dags/tutorial_etl_dag.py
[2025-06-20T13:06:19.610+0000] {logging_mixin.py:115} INFO - [2025-06-20T13:06:19.610+0000] {dag.py:2429} INFO - Sync 1 DAGs
[2025-06-20T13:06:19.618+0000] {logging_mixin.py:115} INFO - [2025-06-20T13:06:19.618+0000] {dag.py:2981} INFO - Setting next_dagrun for tutorial_etl_dag to None, run_after=None
[2025-06-20T13:06:19.623+0000] {processor.py:161} INFO - Processing /home/airflow/.local/lib/python3.7/site-packages/airflow/example_dags/tutorial_etl_dag.py took 0.033 seconds
[2025-06-20T13:06:49.772+0000] {processor.py:153} INFO - Started process (PID=409) to work on /home/airflow/.local/lib/python3.7/site-packages/airflow/example_dags/tutorial_etl_dag.py
[2025-06-20T13:06:49.772+0000] {processor.py:640} INFO - Processing file /home/airflow/.local/lib/python3.7/site-packages/airflow/example_dags/tutorial_etl_dag.py for tasks to queue
[2025-06-20T13:06:49.773+0000] {logging_mixin.py:115} INFO - [2025-06-20T13:06:49.772+0000] {dagbag.py:508} INFO - Filling up the DagBag from /home/airflow/.local/lib/python3.7/site-packages/airflow/example_dags/tutorial_etl_dag.py
[2025-06-20T13:06:49.775+0000] {processor.py:650} INFO - DAG(s) dict_keys(['tutorial_etl_dag']) retrieved from /home/airflow/.local/lib/python3.7/site-packages/airflow/example_dags/tutorial_etl_dag.py
[2025-06-20T13:06:49.790+0000] {logging_mixin.py:115} INFO - [2025-06-20T13:06:49.790+0000] {dag.py:2429} INFO - Sync 1 DAGs
[2025-06-20T13:06:49.801+0000] {logging_mixin.py:115} INFO - [2025-06-20T13:06:49.801+0000] {dag.py:2981} INFO - Setting next_dagrun for tutorial_etl_dag to None, run_after=None
[2025-06-20T13:06:49.809+0000] {processor.py:161} INFO - Processing /home/airflow/.local/lib/python3.7/site-packages/airflow/example_dags/tutorial_etl_dag.py took 0.038 seconds
[2025-06-20T13:07:19.855+0000] {processor.py:153} INFO - Started process (PID=470) to work on /home/airflow/.local/lib/python3.7/site-packages/airflow/example_dags/tutorial_etl_dag.py
[2025-06-20T13:07:19.855+0000] {processor.py:640} INFO - Processing file /home/airflow/.local/lib/python3.7/site-packages/airflow/example_dags/tutorial_etl_dag.py for tasks to queue
[2025-06-20T13:07:19.855+0000] {logging_mixin.py:115} INFO - [2025-06-20T13:07:19.855+0000] {dagbag.py:508} INFO - Filling up the DagBag from /home/airflow/.local/lib/python3.7/site-packages/airflow/example_dags/tutorial_etl_dag.py
[2025-06-20T13:07:19.858+0000] {processor.py:650} INFO - DAG(s) dict_keys(['tutorial_etl_dag']) retrieved from /home/airflow/.local/lib/python3.7/site-packages/airflow/example_dags/tutorial_etl_dag.py
[2025-06-20T13:07:19.869+0000] {logging_mixin.py:115} INFO - [2025-06-20T13:07:19.869+0000] {dag.py:2429} INFO - Sync 1 DAGs
[2025-06-20T13:07:19.879+0000] {logging_mixin.py:115} INFO - [2025-06-20T13:07:19.879+0000] {dag.py:2981} INFO - Setting next_dagrun for tutorial_etl_dag to None, run_after=None
[2025-06-20T13:07:19.886+0000] {processor.py:161} INFO - Processing /home/airflow/.local/lib/python3.7/site-packages/airflow/example_dags/tutorial_etl_dag.py took 0.032 seconds
[2025-06-20T13:07:49.973+0000] {processor.py:153} INFO - Started process (PID=531) to work on /home/airflow/.local/lib/python3.7/site-packages/airflow/example_dags/tutorial_etl_dag.py
[2025-06-20T13:07:49.974+0000] {processor.py:640} INFO - Processing file /home/airflow/.local/lib/python3.7/site-packages/airflow/example_dags/tutorial_etl_dag.py for tasks to queue
[2025-06-20T13:07:49.974+0000] {logging_mixin.py:115} INFO - [2025-06-20T13:07:49.974+0000] {dagbag.py:508} INFO - Filling up the DagBag from /home/airflow/.local/lib/python3.7/site-packages/airflow/example_dags/tutorial_etl_dag.py
[2025-06-20T13:07:49.978+0000] {processor.py:650} INFO - DAG(s) dict_keys(['tutorial_etl_dag']) retrieved from /home/airflow/.local/lib/python3.7/site-packages/airflow/example_dags/tutorial_etl_dag.py
[2025-06-20T13:07:49.991+0000] {logging_mixin.py:115} INFO - [2025-06-20T13:07:49.991+0000] {dag.py:2429} INFO - Sync 1 DAGs
[2025-06-20T13:07:50.000+0000] {logging_mixin.py:115} INFO - [2025-06-20T13:07:50.000+0000] {dag.py:2981} INFO - Setting next_dagrun for tutorial_etl_dag to None, run_after=None
[2025-06-20T13:07:50.005+0000] {processor.py:161} INFO - Processing /home/airflow/.local/lib/python3.7/site-packages/airflow/example_dags/tutorial_etl_dag.py took 0.033 seconds
[2025-06-20T13:08:20.072+0000] {processor.py:153} INFO - Started process (PID=592) to work on /home/airflow/.local/lib/python3.7/site-packages/airflow/example_dags/tutorial_etl_dag.py
[2025-06-20T13:08:20.073+0000] {processor.py:640} INFO - Processing file /home/airflow/.local/lib/python3.7/site-packages/airflow/example_dags/tutorial_etl_dag.py for tasks to queue
[2025-06-20T13:08:20.074+0000] {logging_mixin.py:115} INFO - [2025-06-20T13:08:20.074+0000] {dagbag.py:508} INFO - Filling up the DagBag from /home/airflow/.local/lib/python3.7/site-packages/airflow/example_dags/tutorial_etl_dag.py
[2025-06-20T13:08:20.077+0000] {processor.py:650} INFO - DAG(s) dict_keys(['tutorial_etl_dag']) retrieved from /home/airflow/.local/lib/python3.7/site-packages/airflow/example_dags/tutorial_etl_dag.py
[2025-06-20T13:08:20.093+0000] {logging_mixin.py:115} INFO - [2025-06-20T13:08:20.092+0000] {dag.py:2429} INFO - Sync 1 DAGs
[2025-06-20T13:08:20.105+0000] {logging_mixin.py:115} INFO - [2025-06-20T13:08:20.105+0000] {dag.py:2981} INFO - Setting next_dagrun for tutorial_etl_dag to None, run_after=None
[2025-06-20T13:08:20.113+0000] {processor.py:161} INFO - Processing /home/airflow/.local/lib/python3.7/site-packages/airflow/example_dags/tutorial_etl_dag.py took 0.042 seconds
[2025-06-20T13:08:50.148+0000] {processor.py:153} INFO - Started process (PID=644) to work on /home/airflow/.local/lib/python3.7/site-packages/airflow/example_dags/tutorial_etl_dag.py
[2025-06-20T13:08:50.149+0000] {processor.py:640} INFO - Processing file /home/airflow/.local/lib/python3.7/site-packages/airflow/example_dags/tutorial_etl_dag.py for tasks to queue
[2025-06-20T13:08:50.150+0000] {logging_mixin.py:115} INFO - [2025-06-20T13:08:50.150+0000] {dagbag.py:508} INFO - Filling up the DagBag from /home/airflow/.local/lib/python3.7/site-packages/airflow/example_dags/tutorial_etl_dag.py
[2025-06-20T13:08:50.154+0000] {processor.py:650} INFO - DAG(s) dict_keys(['tutorial_etl_dag']) retrieved from /home/airflow/.local/lib/python3.7/site-packages/airflow/example_dags/tutorial_etl_dag.py
[2025-06-20T13:08:50.165+0000] {logging_mixin.py:115} INFO - [2025-06-20T13:08:50.165+0000] {dag.py:2429} INFO - Sync 1 DAGs
[2025-06-20T13:08:50.177+0000] {logging_mixin.py:115} INFO - [2025-06-20T13:08:50.177+0000] {dag.py:2981} INFO - Setting next_dagrun for tutorial_etl_dag to None, run_after=None
[2025-06-20T13:08:50.182+0000] {processor.py:161} INFO - Processing /home/airflow/.local/lib/python3.7/site-packages/airflow/example_dags/tutorial_etl_dag.py took 0.036 seconds
[2025-06-20T13:09:20.269+0000] {processor.py:153} INFO - Started process (PID=705) to work on /home/airflow/.local/lib/python3.7/site-packages/airflow/example_dags/tutorial_etl_dag.py
[2025-06-20T13:09:20.269+0000] {processor.py:640} INFO - Processing file /home/airflow/.local/lib/python3.7/site-packages/airflow/example_dags/tutorial_etl_dag.py for tasks to queue
[2025-06-20T13:09:20.269+0000] {logging_mixin.py:115} INFO - [2025-06-20T13:09:20.269+0000] {dagbag.py:508} INFO - Filling up the DagBag from /home/airflow/.local/lib/python3.7/site-packages/airflow/example_dags/tutorial_etl_dag.py
[2025-06-20T13:09:20.272+0000] {processor.py:650} INFO - DAG(s) dict_keys(['tutorial_etl_dag']) retrieved from /home/airflow/.local/lib/python3.7/site-packages/airflow/example_dags/tutorial_etl_dag.py
[2025-06-20T13:09:20.282+0000] {logging_mixin.py:115} INFO - [2025-06-20T13:09:20.282+0000] {dag.py:2429} INFO - Sync 1 DAGs
[2025-06-20T13:09:20.292+0000] {logging_mixin.py:115} INFO - [2025-06-20T13:09:20.292+0000] {dag.py:2981} INFO - Setting next_dagrun for tutorial_etl_dag to None, run_after=None
[2025-06-20T13:09:20.297+0000] {processor.py:161} INFO - Processing /home/airflow/.local/lib/python3.7/site-packages/airflow/example_dags/tutorial_etl_dag.py took 0.030 seconds
[2025-06-20T13:09:50.365+0000] {processor.py:153} INFO - Started process (PID=766) to work on /home/airflow/.local/lib/python3.7/site-packages/airflow/example_dags/tutorial_etl_dag.py
[2025-06-20T13:09:50.366+0000] {processor.py:640} INFO - Processing file /home/airflow/.local/lib/python3.7/site-packages/airflow/example_dags/tutorial_etl_dag.py for tasks to queue
[2025-06-20T13:09:50.366+0000] {logging_mixin.py:115} INFO - [2025-06-20T13:09:50.366+0000] {dagbag.py:508} INFO - Filling up the DagBag from /home/airflow/.local/lib/python3.7/site-packages/airflow/example_dags/tutorial_etl_dag.py
[2025-06-20T13:09:50.369+0000] {processor.py:650} INFO - DAG(s) dict_keys(['tutorial_etl_dag']) retrieved from /home/airflow/.local/lib/python3.7/site-packages/airflow/example_dags/tutorial_etl_dag.py
[2025-06-20T13:09:50.379+0000] {logging_mixin.py:115} INFO - [2025-06-20T13:09:50.379+0000] {dag.py:2429} INFO - Sync 1 DAGs
[2025-06-20T13:09:50.388+0000] {logging_mixin.py:115} INFO - [2025-06-20T13:09:50.388+0000] {dag.py:2981} INFO - Setting next_dagrun for tutorial_etl_dag to None, run_after=None
[2025-06-20T13:09:50.393+0000] {processor.py:161} INFO - Processing /home/airflow/.local/lib/python3.7/site-packages/airflow/example_dags/tutorial_etl_dag.py took 0.029 seconds
[2025-06-20T13:10:20.522+0000] {processor.py:153} INFO - Started process (PID=827) to work on /home/airflow/.local/lib/python3.7/site-packages/airflow/example_dags/tutorial_etl_dag.py
[2025-06-20T13:10:20.524+0000] {processor.py:640} INFO - Processing file /home/airflow/.local/lib/python3.7/site-packages/airflow/example_dags/tutorial_etl_dag.py for tasks to queue
[2025-06-20T13:10:20.524+0000] {logging_mixin.py:115} INFO - [2025-06-20T13:10:20.524+0000] {dagbag.py:508} INFO - Filling up the DagBag from /home/airflow/.local/lib/python3.7/site-packages/airflow/example_dags/tutorial_etl_dag.py
[2025-06-20T13:10:20.527+0000] {processor.py:650} INFO - DAG(s) dict_keys(['tutorial_etl_dag']) retrieved from /home/airflow/.local/lib/python3.7/site-packages/airflow/example_dags/tutorial_etl_dag.py
[2025-06-20T13:10:20.537+0000] {logging_mixin.py:115} INFO - [2025-06-20T13:10:20.537+0000] {dag.py:2429} INFO - Sync 1 DAGs
[2025-06-20T13:10:20.548+0000] {logging_mixin.py:115} INFO - [2025-06-20T13:10:20.547+0000] {dag.py:2981} INFO - Setting next_dagrun for tutorial_etl_dag to None, run_after=None
[2025-06-20T13:10:20.552+0000] {processor.py:161} INFO - Processing /home/airflow/.local/lib/python3.7/site-packages/airflow/example_dags/tutorial_etl_dag.py took 0.031 seconds
[2025-06-20T13:10:50.657+0000] {processor.py:153} INFO - Started process (PID=888) to work on /home/airflow/.local/lib/python3.7/site-packages/airflow/example_dags/tutorial_etl_dag.py
[2025-06-20T13:10:50.658+0000] {processor.py:640} INFO - Processing file /home/airflow/.local/lib/python3.7/site-packages/airflow/example_dags/tutorial_etl_dag.py for tasks to queue
[2025-06-20T13:10:50.659+0000] {logging_mixin.py:115} INFO - [2025-06-20T13:10:50.658+0000] {dagbag.py:508} INFO - Filling up the DagBag from /home/airflow/.local/lib/python3.7/site-packages/airflow/example_dags/tutorial_etl_dag.py
[2025-06-20T13:10:50.661+0000] {processor.py:650} INFO - DAG(s) dict_keys(['tutorial_etl_dag']) retrieved from /home/airflow/.local/lib/python3.7/site-packages/airflow/example_dags/tutorial_etl_dag.py
[2025-06-20T13:10:50.673+0000] {logging_mixin.py:115} INFO - [2025-06-20T13:10:50.673+0000] {dag.py:2429} INFO - Sync 1 DAGs
[2025-06-20T13:10:50.682+0000] {logging_mixin.py:115} INFO - [2025-06-20T13:10:50.682+0000] {dag.py:2981} INFO - Setting next_dagrun for tutorial_etl_dag to None, run_after=None
[2025-06-20T13:10:50.686+0000] {processor.py:161} INFO - Processing /home/airflow/.local/lib/python3.7/site-packages/airflow/example_dags/tutorial_etl_dag.py took 0.030 seconds
[2025-06-20T13:11:20.844+0000] {processor.py:153} INFO - Started process (PID=949) to work on /home/airflow/.local/lib/python3.7/site-packages/airflow/example_dags/tutorial_etl_dag.py
[2025-06-20T13:11:20.845+0000] {processor.py:640} INFO - Processing file /home/airflow/.local/lib/python3.7/site-packages/airflow/example_dags/tutorial_etl_dag.py for tasks to queue
[2025-06-20T13:11:20.845+0000] {logging_mixin.py:115} INFO - [2025-06-20T13:11:20.845+0000] {dagbag.py:508} INFO - Filling up the DagBag from /home/airflow/.local/lib/python3.7/site-packages/airflow/example_dags/tutorial_etl_dag.py
[2025-06-20T13:11:20.848+0000] {processor.py:650} INFO - DAG(s) dict_keys(['tutorial_etl_dag']) retrieved from /home/airflow/.local/lib/python3.7/site-packages/airflow/example_dags/tutorial_etl_dag.py
[2025-06-20T13:11:20.861+0000] {logging_mixin.py:115} INFO - [2025-06-20T13:11:20.861+0000] {dag.py:2429} INFO - Sync 1 DAGs
[2025-06-20T13:11:20.874+0000] {logging_mixin.py:115} INFO - [2025-06-20T13:11:20.874+0000] {dag.py:2981} INFO - Setting next_dagrun for tutorial_etl_dag to None, run_after=None
[2025-06-20T13:11:20.881+0000] {processor.py:161} INFO - Processing /home/airflow/.local/lib/python3.7/site-packages/airflow/example_dags/tutorial_etl_dag.py took 0.039 seconds
[2025-06-20T13:11:50.947+0000] {processor.py:153} INFO - Started process (PID=1001) to work on /home/airflow/.local/lib/python3.7/site-packages/airflow/example_dags/tutorial_etl_dag.py
[2025-06-20T13:11:50.948+0000] {processor.py:640} INFO - Processing file /home/airflow/.local/lib/python3.7/site-packages/airflow/example_dags/tutorial_etl_dag.py for tasks to queue
[2025-06-20T13:11:50.948+0000] {logging_mixin.py:115} INFO - [2025-06-20T13:11:50.948+0000] {dagbag.py:508} INFO - Filling up the DagBag from /home/airflow/.local/lib/python3.7/site-packages/airflow/example_dags/tutorial_etl_dag.py
[2025-06-20T13:11:50.952+0000] {processor.py:650} INFO - DAG(s) dict_keys(['tutorial_etl_dag']) retrieved from /home/airflow/.local/lib/python3.7/site-packages/airflow/example_dags/tutorial_etl_dag.py
[2025-06-20T13:11:50.963+0000] {logging_mixin.py:115} INFO - [2025-06-20T13:11:50.963+0000] {dag.py:2429} INFO - Sync 1 DAGs
[2025-06-20T13:11:50.977+0000] {logging_mixin.py:115} INFO - [2025-06-20T13:11:50.977+0000] {dag.py:2981} INFO - Setting next_dagrun for tutorial_etl_dag to None, run_after=None
[2025-06-20T13:11:50.984+0000] {processor.py:161} INFO - Processing /home/airflow/.local/lib/python3.7/site-packages/airflow/example_dags/tutorial_etl_dag.py took 0.038 seconds
[2025-06-20T13:12:21.076+0000] {processor.py:153} INFO - Started process (PID=1062) to work on /home/airflow/.local/lib/python3.7/site-packages/airflow/example_dags/tutorial_etl_dag.py
[2025-06-20T13:12:21.077+0000] {processor.py:640} INFO - Processing file /home/airflow/.local/lib/python3.7/site-packages/airflow/example_dags/tutorial_etl_dag.py for tasks to queue
[2025-06-20T13:12:21.077+0000] {logging_mixin.py:115} INFO - [2025-06-20T13:12:21.077+0000] {dagbag.py:508} INFO - Filling up the DagBag from /home/airflow/.local/lib/python3.7/site-packages/airflow/example_dags/tutorial_etl_dag.py
[2025-06-20T13:12:21.080+0000] {processor.py:650} INFO - DAG(s) dict_keys(['tutorial_etl_dag']) retrieved from /home/airflow/.local/lib/python3.7/site-packages/airflow/example_dags/tutorial_etl_dag.py
[2025-06-20T13:12:21.092+0000] {logging_mixin.py:115} INFO - [2025-06-20T13:12:21.092+0000] {dag.py:2429} INFO - Sync 1 DAGs
[2025-06-20T13:12:21.101+0000] {logging_mixin.py:115} INFO - [2025-06-20T13:12:21.101+0000] {dag.py:2981} INFO - Setting next_dagrun for tutorial_etl_dag to None, run_after=None
[2025-06-20T13:12:21.105+0000] {processor.py:161} INFO - Processing /home/airflow/.local/lib/python3.7/site-packages/airflow/example_dags/tutorial_etl_dag.py took 0.030 seconds
[2025-06-20T13:12:51.171+0000] {processor.py:153} INFO - Started process (PID=1123) to work on /home/airflow/.local/lib/python3.7/site-packages/airflow/example_dags/tutorial_etl_dag.py
[2025-06-20T13:12:51.172+0000] {processor.py:640} INFO - Processing file /home/airflow/.local/lib/python3.7/site-packages/airflow/example_dags/tutorial_etl_dag.py for tasks to queue
[2025-06-20T13:12:51.172+0000] {logging_mixin.py:115} INFO - [2025-06-20T13:12:51.172+0000] {dagbag.py:508} INFO - Filling up the DagBag from /home/airflow/.local/lib/python3.7/site-packages/airflow/example_dags/tutorial_etl_dag.py
[2025-06-20T13:12:51.175+0000] {processor.py:650} INFO - DAG(s) dict_keys(['tutorial_etl_dag']) retrieved from /home/airflow/.local/lib/python3.7/site-packages/airflow/example_dags/tutorial_etl_dag.py
[2025-06-20T13:12:51.185+0000] {logging_mixin.py:115} INFO - [2025-06-20T13:12:51.185+0000] {dag.py:2429} INFO - Sync 1 DAGs
[2025-06-20T13:12:51.196+0000] {logging_mixin.py:115} INFO - [2025-06-20T13:12:51.196+0000] {dag.py:2981} INFO - Setting next_dagrun for tutorial_etl_dag to None, run_after=None
[2025-06-20T13:12:51.200+0000] {processor.py:161} INFO - Processing /home/airflow/.local/lib/python3.7/site-packages/airflow/example_dags/tutorial_etl_dag.py took 0.031 seconds
[2025-06-20T13:13:21.322+0000] {processor.py:153} INFO - Started process (PID=1184) to work on /home/airflow/.local/lib/python3.7/site-packages/airflow/example_dags/tutorial_etl_dag.py
[2025-06-20T13:13:21.324+0000] {processor.py:640} INFO - Processing file /home/airflow/.local/lib/python3.7/site-packages/airflow/example_dags/tutorial_etl_dag.py for tasks to queue
[2025-06-20T13:13:21.324+0000] {logging_mixin.py:115} INFO - [2025-06-20T13:13:21.324+0000] {dagbag.py:508} INFO - Filling up the DagBag from /home/airflow/.local/lib/python3.7/site-packages/airflow/example_dags/tutorial_etl_dag.py
[2025-06-20T13:13:21.328+0000] {processor.py:650} INFO - DAG(s) dict_keys(['tutorial_etl_dag']) retrieved from /home/airflow/.local/lib/python3.7/site-packages/airflow/example_dags/tutorial_etl_dag.py
[2025-06-20T13:13:21.339+0000] {logging_mixin.py:115} INFO - [2025-06-20T13:13:21.339+0000] {dag.py:2429} INFO - Sync 1 DAGs
[2025-06-20T13:13:21.349+0000] {logging_mixin.py:115} INFO - [2025-06-20T13:13:21.349+0000] {dag.py:2981} INFO - Setting next_dagrun for tutorial_etl_dag to None, run_after=None
[2025-06-20T13:13:21.354+0000] {processor.py:161} INFO - Processing /home/airflow/.local/lib/python3.7/site-packages/airflow/example_dags/tutorial_etl_dag.py took 0.034 seconds
[2025-06-20T13:13:51.595+0000] {processor.py:153} INFO - Started process (PID=1245) to work on /home/airflow/.local/lib/python3.7/site-packages/airflow/example_dags/tutorial_etl_dag.py
[2025-06-20T13:13:51.596+0000] {processor.py:640} INFO - Processing file /home/airflow/.local/lib/python3.7/site-packages/airflow/example_dags/tutorial_etl_dag.py for tasks to queue
[2025-06-20T13:13:51.597+0000] {logging_mixin.py:115} INFO - [2025-06-20T13:13:51.597+0000] {dagbag.py:508} INFO - Filling up the DagBag from /home/airflow/.local/lib/python3.7/site-packages/airflow/example_dags/tutorial_etl_dag.py
[2025-06-20T13:13:51.602+0000] {processor.py:650} INFO - DAG(s) dict_keys(['tutorial_etl_dag']) retrieved from /home/airflow/.local/lib/python3.7/site-packages/airflow/example_dags/tutorial_etl_dag.py
[2025-06-20T13:13:51.619+0000] {logging_mixin.py:115} INFO - [2025-06-20T13:13:51.619+0000] {dag.py:2429} INFO - Sync 1 DAGs
[2025-06-20T13:13:51.629+0000] {logging_mixin.py:115} INFO - [2025-06-20T13:13:51.629+0000] {dag.py:2981} INFO - Setting next_dagrun for tutorial_etl_dag to None, run_after=None
[2025-06-20T13:13:51.636+0000] {processor.py:161} INFO - Processing /home/airflow/.local/lib/python3.7/site-packages/airflow/example_dags/tutorial_etl_dag.py took 0.043 seconds
[2025-06-20T13:14:21.760+0000] {processor.py:153} INFO - Started process (PID=1297) to work on /home/airflow/.local/lib/python3.7/site-packages/airflow/example_dags/tutorial_etl_dag.py
[2025-06-20T13:14:21.761+0000] {processor.py:640} INFO - Processing file /home/airflow/.local/lib/python3.7/site-packages/airflow/example_dags/tutorial_etl_dag.py for tasks to queue
[2025-06-20T13:14:21.761+0000] {logging_mixin.py:115} INFO - [2025-06-20T13:14:21.761+0000] {dagbag.py:508} INFO - Filling up the DagBag from /home/airflow/.local/lib/python3.7/site-packages/airflow/example_dags/tutorial_etl_dag.py
[2025-06-20T13:14:21.765+0000] {processor.py:650} INFO - DAG(s) dict_keys(['tutorial_etl_dag']) retrieved from /home/airflow/.local/lib/python3.7/site-packages/airflow/example_dags/tutorial_etl_dag.py
[2025-06-20T13:14:21.776+0000] {logging_mixin.py:115} INFO - [2025-06-20T13:14:21.776+0000] {dag.py:2429} INFO - Sync 1 DAGs
[2025-06-20T13:14:21.785+0000] {logging_mixin.py:115} INFO - [2025-06-20T13:14:21.785+0000] {dag.py:2981} INFO - Setting next_dagrun for tutorial_etl_dag to None, run_after=None
[2025-06-20T13:14:21.790+0000] {processor.py:161} INFO - Processing /home/airflow/.local/lib/python3.7/site-packages/airflow/example_dags/tutorial_etl_dag.py took 0.032 seconds
[2025-06-20T13:14:51.889+0000] {processor.py:153} INFO - Started process (PID=1358) to work on /home/airflow/.local/lib/python3.7/site-packages/airflow/example_dags/tutorial_etl_dag.py
[2025-06-20T13:14:51.889+0000] {processor.py:640} INFO - Processing file /home/airflow/.local/lib/python3.7/site-packages/airflow/example_dags/tutorial_etl_dag.py for tasks to queue
[2025-06-20T13:14:51.889+0000] {logging_mixin.py:115} INFO - [2025-06-20T13:14:51.889+0000] {dagbag.py:508} INFO - Filling up the DagBag from /home/airflow/.local/lib/python3.7/site-packages/airflow/example_dags/tutorial_etl_dag.py
[2025-06-20T13:14:51.892+0000] {processor.py:650} INFO - DAG(s) dict_keys(['tutorial_etl_dag']) retrieved from /home/airflow/.local/lib/python3.7/site-packages/airflow/example_dags/tutorial_etl_dag.py
[2025-06-20T13:14:51.903+0000] {logging_mixin.py:115} INFO - [2025-06-20T13:14:51.903+0000] {dag.py:2429} INFO - Sync 1 DAGs
[2025-06-20T13:14:51.912+0000] {logging_mixin.py:115} INFO - [2025-06-20T13:14:51.912+0000] {dag.py:2981} INFO - Setting next_dagrun for tutorial_etl_dag to None, run_after=None
[2025-06-20T13:14:51.917+0000] {processor.py:161} INFO - Processing /home/airflow/.local/lib/python3.7/site-packages/airflow/example_dags/tutorial_etl_dag.py took 0.029 seconds
[2025-06-20T13:15:22.009+0000] {processor.py:153} INFO - Started process (PID=1419) to work on /home/airflow/.local/lib/python3.7/site-packages/airflow/example_dags/tutorial_etl_dag.py
[2025-06-20T13:15:22.010+0000] {processor.py:640} INFO - Processing file /home/airflow/.local/lib/python3.7/site-packages/airflow/example_dags/tutorial_etl_dag.py for tasks to queue
[2025-06-20T13:15:22.010+0000] {logging_mixin.py:115} INFO - [2025-06-20T13:15:22.010+0000] {dagbag.py:508} INFO - Filling up the DagBag from /home/airflow/.local/lib/python3.7/site-packages/airflow/example_dags/tutorial_etl_dag.py
[2025-06-20T13:15:22.014+0000] {processor.py:650} INFO - DAG(s) dict_keys(['tutorial_etl_dag']) retrieved from /home/airflow/.local/lib/python3.7/site-packages/airflow/example_dags/tutorial_etl_dag.py
[2025-06-20T13:15:22.025+0000] {logging_mixin.py:115} INFO - [2025-06-20T13:15:22.025+0000] {dag.py:2429} INFO - Sync 1 DAGs
[2025-06-20T13:15:22.040+0000] {logging_mixin.py:115} INFO - [2025-06-20T13:15:22.040+0000] {dag.py:2981} INFO - Setting next_dagrun for tutorial_etl_dag to None, run_after=None
[2025-06-20T13:15:22.046+0000] {processor.py:161} INFO - Processing /home/airflow/.local/lib/python3.7/site-packages/airflow/example_dags/tutorial_etl_dag.py took 0.039 seconds
[2025-06-20T13:15:52.074+0000] {processor.py:153} INFO - Started process (PID=1480) to work on /home/airflow/.local/lib/python3.7/site-packages/airflow/example_dags/tutorial_etl_dag.py
[2025-06-20T13:15:52.076+0000] {processor.py:640} INFO - Processing file /home/airflow/.local/lib/python3.7/site-packages/airflow/example_dags/tutorial_etl_dag.py for tasks to queue
[2025-06-20T13:15:52.076+0000] {logging_mixin.py:115} INFO - [2025-06-20T13:15:52.076+0000] {dagbag.py:508} INFO - Filling up the DagBag from /home/airflow/.local/lib/python3.7/site-packages/airflow/example_dags/tutorial_etl_dag.py
[2025-06-20T13:15:52.079+0000] {processor.py:650} INFO - DAG(s) dict_keys(['tutorial_etl_dag']) retrieved from /home/airflow/.local/lib/python3.7/site-packages/airflow/example_dags/tutorial_etl_dag.py
[2025-06-20T13:15:52.090+0000] {logging_mixin.py:115} INFO - [2025-06-20T13:15:52.090+0000] {dag.py:2429} INFO - Sync 1 DAGs
[2025-06-20T13:15:52.100+0000] {logging_mixin.py:115} INFO - [2025-06-20T13:15:52.100+0000] {dag.py:2981} INFO - Setting next_dagrun for tutorial_etl_dag to None, run_after=None
[2025-06-20T13:15:52.106+0000] {processor.py:161} INFO - Processing /home/airflow/.local/lib/python3.7/site-packages/airflow/example_dags/tutorial_etl_dag.py took 0.033 seconds
[2025-06-20T13:16:22.234+0000] {processor.py:153} INFO - Started process (PID=1540) to work on /home/airflow/.local/lib/python3.7/site-packages/airflow/example_dags/tutorial_etl_dag.py
[2025-06-20T13:16:22.235+0000] {processor.py:640} INFO - Processing file /home/airflow/.local/lib/python3.7/site-packages/airflow/example_dags/tutorial_etl_dag.py for tasks to queue
[2025-06-20T13:16:22.235+0000] {logging_mixin.py:115} INFO - [2025-06-20T13:16:22.235+0000] {dagbag.py:508} INFO - Filling up the DagBag from /home/airflow/.local/lib/python3.7/site-packages/airflow/example_dags/tutorial_etl_dag.py
[2025-06-20T13:16:22.239+0000] {processor.py:650} INFO - DAG(s) dict_keys(['tutorial_etl_dag']) retrieved from /home/airflow/.local/lib/python3.7/site-packages/airflow/example_dags/tutorial_etl_dag.py
[2025-06-20T13:16:22.252+0000] {logging_mixin.py:115} INFO - [2025-06-20T13:16:22.251+0000] {dag.py:2429} INFO - Sync 1 DAGs
[2025-06-20T13:16:22.263+0000] {logging_mixin.py:115} INFO - [2025-06-20T13:16:22.263+0000] {dag.py:2981} INFO - Setting next_dagrun for tutorial_etl_dag to None, run_after=None
[2025-06-20T13:16:22.271+0000] {processor.py:161} INFO - Processing /home/airflow/.local/lib/python3.7/site-packages/airflow/example_dags/tutorial_etl_dag.py took 0.039 seconds
[2025-06-20T13:16:52.499+0000] {processor.py:153} INFO - Started process (PID=1599) to work on /home/airflow/.local/lib/python3.7/site-packages/airflow/example_dags/tutorial_etl_dag.py
[2025-06-20T13:16:52.500+0000] {processor.py:640} INFO - Processing file /home/airflow/.local/lib/python3.7/site-packages/airflow/example_dags/tutorial_etl_dag.py for tasks to queue
[2025-06-20T13:16:52.500+0000] {logging_mixin.py:115} INFO - [2025-06-20T13:16:52.500+0000] {dagbag.py:508} INFO - Filling up the DagBag from /home/airflow/.local/lib/python3.7/site-packages/airflow/example_dags/tutorial_etl_dag.py
[2025-06-20T13:16:52.504+0000] {processor.py:650} INFO - DAG(s) dict_keys(['tutorial_etl_dag']) retrieved from /home/airflow/.local/lib/python3.7/site-packages/airflow/example_dags/tutorial_etl_dag.py
[2025-06-20T13:16:52.517+0000] {logging_mixin.py:115} INFO - [2025-06-20T13:16:52.517+0000] {dag.py:2429} INFO - Sync 1 DAGs
[2025-06-20T13:16:52.528+0000] {logging_mixin.py:115} INFO - [2025-06-20T13:16:52.528+0000] {dag.py:2981} INFO - Setting next_dagrun for tutorial_etl_dag to None, run_after=None
[2025-06-20T13:16:52.534+0000] {processor.py:161} INFO - Processing /home/airflow/.local/lib/python3.7/site-packages/airflow/example_dags/tutorial_etl_dag.py took 0.036 seconds
[2025-06-20T13:17:22.614+0000] {processor.py:153} INFO - Started process (PID=1653) to work on /home/airflow/.local/lib/python3.7/site-packages/airflow/example_dags/tutorial_etl_dag.py
[2025-06-20T13:17:22.615+0000] {processor.py:640} INFO - Processing file /home/airflow/.local/lib/python3.7/site-packages/airflow/example_dags/tutorial_etl_dag.py for tasks to queue
[2025-06-20T13:17:22.615+0000] {logging_mixin.py:115} INFO - [2025-06-20T13:17:22.615+0000] {dagbag.py:508} INFO - Filling up the DagBag from /home/airflow/.local/lib/python3.7/site-packages/airflow/example_dags/tutorial_etl_dag.py
[2025-06-20T13:17:22.618+0000] {processor.py:650} INFO - DAG(s) dict_keys(['tutorial_etl_dag']) retrieved from /home/airflow/.local/lib/python3.7/site-packages/airflow/example_dags/tutorial_etl_dag.py
[2025-06-20T13:17:22.629+0000] {logging_mixin.py:115} INFO - [2025-06-20T13:17:22.629+0000] {dag.py:2429} INFO - Sync 1 DAGs
[2025-06-20T13:17:22.641+0000] {logging_mixin.py:115} INFO - [2025-06-20T13:17:22.641+0000] {dag.py:2981} INFO - Setting next_dagrun for tutorial_etl_dag to None, run_after=None
[2025-06-20T13:17:22.647+0000] {processor.py:161} INFO - Processing /home/airflow/.local/lib/python3.7/site-packages/airflow/example_dags/tutorial_etl_dag.py took 0.034 seconds
[2025-06-20T13:17:52.676+0000] {processor.py:153} INFO - Started process (PID=1714) to work on /home/airflow/.local/lib/python3.7/site-packages/airflow/example_dags/tutorial_etl_dag.py
[2025-06-20T13:17:52.676+0000] {processor.py:640} INFO - Processing file /home/airflow/.local/lib/python3.7/site-packages/airflow/example_dags/tutorial_etl_dag.py for tasks to queue
[2025-06-20T13:17:52.677+0000] {logging_mixin.py:115} INFO - [2025-06-20T13:17:52.677+0000] {dagbag.py:508} INFO - Filling up the DagBag from /home/airflow/.local/lib/python3.7/site-packages/airflow/example_dags/tutorial_etl_dag.py
[2025-06-20T13:17:52.679+0000] {processor.py:650} INFO - DAG(s) dict_keys(['tutorial_etl_dag']) retrieved from /home/airflow/.local/lib/python3.7/site-packages/airflow/example_dags/tutorial_etl_dag.py
[2025-06-20T13:17:52.690+0000] {logging_mixin.py:115} INFO - [2025-06-20T13:17:52.690+0000] {dag.py:2429} INFO - Sync 1 DAGs
[2025-06-20T13:17:52.698+0000] {logging_mixin.py:115} INFO - [2025-06-20T13:17:52.698+0000] {dag.py:2981} INFO - Setting next_dagrun for tutorial_etl_dag to None, run_after=None
[2025-06-20T13:17:52.703+0000] {processor.py:161} INFO - Processing /home/airflow/.local/lib/python3.7/site-packages/airflow/example_dags/tutorial_etl_dag.py took 0.028 seconds
[2025-06-20T13:18:22.801+0000] {processor.py:153} INFO - Started process (PID=1775) to work on /home/airflow/.local/lib/python3.7/site-packages/airflow/example_dags/tutorial_etl_dag.py
[2025-06-20T13:18:22.802+0000] {processor.py:640} INFO - Processing file /home/airflow/.local/lib/python3.7/site-packages/airflow/example_dags/tutorial_etl_dag.py for tasks to queue
[2025-06-20T13:18:22.802+0000] {logging_mixin.py:115} INFO - [2025-06-20T13:18:22.802+0000] {dagbag.py:508} INFO - Filling up the DagBag from /home/airflow/.local/lib/python3.7/site-packages/airflow/example_dags/tutorial_etl_dag.py
[2025-06-20T13:18:22.805+0000] {processor.py:650} INFO - DAG(s) dict_keys(['tutorial_etl_dag']) retrieved from /home/airflow/.local/lib/python3.7/site-packages/airflow/example_dags/tutorial_etl_dag.py
[2025-06-20T13:18:22.817+0000] {logging_mixin.py:115} INFO - [2025-06-20T13:18:22.817+0000] {dag.py:2429} INFO - Sync 1 DAGs
[2025-06-20T13:18:22.827+0000] {logging_mixin.py:115} INFO - [2025-06-20T13:18:22.827+0000] {dag.py:2981} INFO - Setting next_dagrun for tutorial_etl_dag to None, run_after=None
[2025-06-20T13:18:22.832+0000] {processor.py:161} INFO - Processing /home/airflow/.local/lib/python3.7/site-packages/airflow/example_dags/tutorial_etl_dag.py took 0.033 seconds
[2025-06-20T13:18:53.070+0000] {processor.py:153} INFO - Started process (PID=1836) to work on /home/airflow/.local/lib/python3.7/site-packages/airflow/example_dags/tutorial_etl_dag.py
[2025-06-20T13:18:53.071+0000] {processor.py:640} INFO - Processing file /home/airflow/.local/lib/python3.7/site-packages/airflow/example_dags/tutorial_etl_dag.py for tasks to queue
[2025-06-20T13:18:53.071+0000] {logging_mixin.py:115} INFO - [2025-06-20T13:18:53.071+0000] {dagbag.py:508} INFO - Filling up the DagBag from /home/airflow/.local/lib/python3.7/site-packages/airflow/example_dags/tutorial_etl_dag.py
[2025-06-20T13:18:53.074+0000] {processor.py:650} INFO - DAG(s) dict_keys(['tutorial_etl_dag']) retrieved from /home/airflow/.local/lib/python3.7/site-packages/airflow/example_dags/tutorial_etl_dag.py
[2025-06-20T13:18:53.085+0000] {logging_mixin.py:115} INFO - [2025-06-20T13:18:53.085+0000] {dag.py:2429} INFO - Sync 1 DAGs
[2025-06-20T13:18:53.094+0000] {logging_mixin.py:115} INFO - [2025-06-20T13:18:53.094+0000] {dag.py:2981} INFO - Setting next_dagrun for tutorial_etl_dag to None, run_after=None
[2025-06-20T13:18:53.099+0000] {processor.py:161} INFO - Processing /home/airflow/.local/lib/python3.7/site-packages/airflow/example_dags/tutorial_etl_dag.py took 0.030 seconds
[2025-06-20T13:19:23.237+0000] {processor.py:153} INFO - Started process (PID=1897) to work on /home/airflow/.local/lib/python3.7/site-packages/airflow/example_dags/tutorial_etl_dag.py
[2025-06-20T13:19:23.239+0000] {processor.py:640} INFO - Processing file /home/airflow/.local/lib/python3.7/site-packages/airflow/example_dags/tutorial_etl_dag.py for tasks to queue
[2025-06-20T13:19:23.239+0000] {logging_mixin.py:115} INFO - [2025-06-20T13:19:23.239+0000] {dagbag.py:508} INFO - Filling up the DagBag from /home/airflow/.local/lib/python3.7/site-packages/airflow/example_dags/tutorial_etl_dag.py
[2025-06-20T13:19:23.242+0000] {processor.py:650} INFO - DAG(s) dict_keys(['tutorial_etl_dag']) retrieved from /home/airflow/.local/lib/python3.7/site-packages/airflow/example_dags/tutorial_etl_dag.py
[2025-06-20T13:19:23.252+0000] {logging_mixin.py:115} INFO - [2025-06-20T13:19:23.252+0000] {dag.py:2429} INFO - Sync 1 DAGs
[2025-06-20T13:19:23.261+0000] {logging_mixin.py:115} INFO - [2025-06-20T13:19:23.261+0000] {dag.py:2981} INFO - Setting next_dagrun for tutorial_etl_dag to None, run_after=None
[2025-06-20T13:19:23.266+0000] {processor.py:161} INFO - Processing /home/airflow/.local/lib/python3.7/site-packages/airflow/example_dags/tutorial_etl_dag.py took 0.031 seconds
[2025-06-20T13:19:53.336+0000] {processor.py:153} INFO - Started process (PID=1949) to work on /home/airflow/.local/lib/python3.7/site-packages/airflow/example_dags/tutorial_etl_dag.py
[2025-06-20T13:19:53.337+0000] {processor.py:640} INFO - Processing file /home/airflow/.local/lib/python3.7/site-packages/airflow/example_dags/tutorial_etl_dag.py for tasks to queue
[2025-06-20T13:19:53.337+0000] {logging_mixin.py:115} INFO - [2025-06-20T13:19:53.337+0000] {dagbag.py:508} INFO - Filling up the DagBag from /home/airflow/.local/lib/python3.7/site-packages/airflow/example_dags/tutorial_etl_dag.py
[2025-06-20T13:19:53.340+0000] {processor.py:650} INFO - DAG(s) dict_keys(['tutorial_etl_dag']) retrieved from /home/airflow/.local/lib/python3.7/site-packages/airflow/example_dags/tutorial_etl_dag.py
[2025-06-20T13:19:53.352+0000] {logging_mixin.py:115} INFO - [2025-06-20T13:19:53.352+0000] {dag.py:2429} INFO - Sync 1 DAGs
[2025-06-20T13:19:53.361+0000] {logging_mixin.py:115} INFO - [2025-06-20T13:19:53.361+0000] {dag.py:2981} INFO - Setting next_dagrun for tutorial_etl_dag to None, run_after=None
[2025-06-20T13:19:53.367+0000] {processor.py:161} INFO - Processing /home/airflow/.local/lib/python3.7/site-packages/airflow/example_dags/tutorial_etl_dag.py took 0.032 seconds
[2025-06-20T13:20:23.419+0000] {processor.py:153} INFO - Started process (PID=2010) to work on /home/airflow/.local/lib/python3.7/site-packages/airflow/example_dags/tutorial_etl_dag.py
[2025-06-20T13:20:23.420+0000] {processor.py:640} INFO - Processing file /home/airflow/.local/lib/python3.7/site-packages/airflow/example_dags/tutorial_etl_dag.py for tasks to queue
[2025-06-20T13:20:23.421+0000] {logging_mixin.py:115} INFO - [2025-06-20T13:20:23.421+0000] {dagbag.py:508} INFO - Filling up the DagBag from /home/airflow/.local/lib/python3.7/site-packages/airflow/example_dags/tutorial_etl_dag.py
[2025-06-20T13:20:23.423+0000] {processor.py:650} INFO - DAG(s) dict_keys(['tutorial_etl_dag']) retrieved from /home/airflow/.local/lib/python3.7/site-packages/airflow/example_dags/tutorial_etl_dag.py
[2025-06-20T13:20:23.434+0000] {logging_mixin.py:115} INFO - [2025-06-20T13:20:23.434+0000] {dag.py:2429} INFO - Sync 1 DAGs
[2025-06-20T13:20:23.442+0000] {logging_mixin.py:115} INFO - [2025-06-20T13:20:23.442+0000] {dag.py:2981} INFO - Setting next_dagrun for tutorial_etl_dag to None, run_after=None
[2025-06-20T13:20:23.447+0000] {processor.py:161} INFO - Processing /home/airflow/.local/lib/python3.7/site-packages/airflow/example_dags/tutorial_etl_dag.py took 0.030 seconds
[2025-06-20T13:20:53.592+0000] {processor.py:153} INFO - Started process (PID=2071) to work on /home/airflow/.local/lib/python3.7/site-packages/airflow/example_dags/tutorial_etl_dag.py
[2025-06-20T13:20:53.592+0000] {processor.py:640} INFO - Processing file /home/airflow/.local/lib/python3.7/site-packages/airflow/example_dags/tutorial_etl_dag.py for tasks to queue
[2025-06-20T13:20:53.593+0000] {logging_mixin.py:115} INFO - [2025-06-20T13:20:53.593+0000] {dagbag.py:508} INFO - Filling up the DagBag from /home/airflow/.local/lib/python3.7/site-packages/airflow/example_dags/tutorial_etl_dag.py
[2025-06-20T13:20:53.595+0000] {processor.py:650} INFO - DAG(s) dict_keys(['tutorial_etl_dag']) retrieved from /home/airflow/.local/lib/python3.7/site-packages/airflow/example_dags/tutorial_etl_dag.py
[2025-06-20T13:20:53.606+0000] {logging_mixin.py:115} INFO - [2025-06-20T13:20:53.606+0000] {dag.py:2429} INFO - Sync 1 DAGs
[2025-06-20T13:20:53.615+0000] {logging_mixin.py:115} INFO - [2025-06-20T13:20:53.615+0000] {dag.py:2981} INFO - Setting next_dagrun for tutorial_etl_dag to None, run_after=None
[2025-06-20T13:20:53.619+0000] {processor.py:161} INFO - Processing /home/airflow/.local/lib/python3.7/site-packages/airflow/example_dags/tutorial_etl_dag.py took 0.029 seconds
[2025-06-20T13:21:23.709+0000] {processor.py:153} INFO - Started process (PID=2132) to work on /home/airflow/.local/lib/python3.7/site-packages/airflow/example_dags/tutorial_etl_dag.py
[2025-06-20T13:21:23.712+0000] {processor.py:640} INFO - Processing file /home/airflow/.local/lib/python3.7/site-packages/airflow/example_dags/tutorial_etl_dag.py for tasks to queue
[2025-06-20T13:21:23.713+0000] {logging_mixin.py:115} INFO - [2025-06-20T13:21:23.713+0000] {dagbag.py:508} INFO - Filling up the DagBag from /home/airflow/.local/lib/python3.7/site-packages/airflow/example_dags/tutorial_etl_dag.py
[2025-06-20T13:21:23.717+0000] {processor.py:650} INFO - DAG(s) dict_keys(['tutorial_etl_dag']) retrieved from /home/airflow/.local/lib/python3.7/site-packages/airflow/example_dags/tutorial_etl_dag.py
[2025-06-20T13:21:23.729+0000] {logging_mixin.py:115} INFO - [2025-06-20T13:21:23.729+0000] {dag.py:2429} INFO - Sync 1 DAGs
[2025-06-20T13:21:23.739+0000] {logging_mixin.py:115} INFO - [2025-06-20T13:21:23.739+0000] {dag.py:2981} INFO - Setting next_dagrun for tutorial_etl_dag to None, run_after=None
[2025-06-20T13:21:23.744+0000] {processor.py:161} INFO - Processing /home/airflow/.local/lib/python3.7/site-packages/airflow/example_dags/tutorial_etl_dag.py took 0.037 seconds
[2025-06-20T13:21:53.828+0000] {processor.py:153} INFO - Started process (PID=2193) to work on /home/airflow/.local/lib/python3.7/site-packages/airflow/example_dags/tutorial_etl_dag.py
[2025-06-20T13:21:53.828+0000] {processor.py:640} INFO - Processing file /home/airflow/.local/lib/python3.7/site-packages/airflow/example_dags/tutorial_etl_dag.py for tasks to queue
[2025-06-20T13:21:53.829+0000] {logging_mixin.py:115} INFO - [2025-06-20T13:21:53.829+0000] {dagbag.py:508} INFO - Filling up the DagBag from /home/airflow/.local/lib/python3.7/site-packages/airflow/example_dags/tutorial_etl_dag.py
[2025-06-20T13:21:53.833+0000] {processor.py:650} INFO - DAG(s) dict_keys(['tutorial_etl_dag']) retrieved from /home/airflow/.local/lib/python3.7/site-packages/airflow/example_dags/tutorial_etl_dag.py
[2025-06-20T13:21:53.844+0000] {logging_mixin.py:115} INFO - [2025-06-20T13:21:53.844+0000] {dag.py:2429} INFO - Sync 1 DAGs
[2025-06-20T13:21:53.856+0000] {logging_mixin.py:115} INFO - [2025-06-20T13:21:53.856+0000] {dag.py:2981} INFO - Setting next_dagrun for tutorial_etl_dag to None, run_after=None
[2025-06-20T13:21:53.861+0000] {processor.py:161} INFO - Processing /home/airflow/.local/lib/python3.7/site-packages/airflow/example_dags/tutorial_etl_dag.py took 0.035 seconds
[2025-06-20T13:22:23.961+0000] {processor.py:153} INFO - Started process (PID=2254) to work on /home/airflow/.local/lib/python3.7/site-packages/airflow/example_dags/tutorial_etl_dag.py
[2025-06-20T13:22:23.965+0000] {processor.py:640} INFO - Processing file /home/airflow/.local/lib/python3.7/site-packages/airflow/example_dags/tutorial_etl_dag.py for tasks to queue
[2025-06-20T13:22:23.965+0000] {logging_mixin.py:115} INFO - [2025-06-20T13:22:23.965+0000] {dagbag.py:508} INFO - Filling up the DagBag from /home/airflow/.local/lib/python3.7/site-packages/airflow/example_dags/tutorial_etl_dag.py
[2025-06-20T13:22:23.972+0000] {processor.py:650} INFO - DAG(s) dict_keys(['tutorial_etl_dag']) retrieved from /home/airflow/.local/lib/python3.7/site-packages/airflow/example_dags/tutorial_etl_dag.py
[2025-06-20T13:22:23.988+0000] {logging_mixin.py:115} INFO - [2025-06-20T13:22:23.988+0000] {dag.py:2429} INFO - Sync 1 DAGs
[2025-06-20T13:22:24.003+0000] {logging_mixin.py:115} INFO - [2025-06-20T13:22:24.003+0000] {dag.py:2981} INFO - Setting next_dagrun for tutorial_etl_dag to None, run_after=None
[2025-06-20T13:22:24.010+0000] {processor.py:161} INFO - Processing /home/airflow/.local/lib/python3.7/site-packages/airflow/example_dags/tutorial_etl_dag.py took 0.051 seconds
[2025-06-20T13:22:54.067+0000] {processor.py:153} INFO - Started process (PID=2306) to work on /home/airflow/.local/lib/python3.7/site-packages/airflow/example_dags/tutorial_etl_dag.py
[2025-06-20T13:22:54.067+0000] {processor.py:640} INFO - Processing file /home/airflow/.local/lib/python3.7/site-packages/airflow/example_dags/tutorial_etl_dag.py for tasks to queue
[2025-06-20T13:22:54.068+0000] {logging_mixin.py:115} INFO - [2025-06-20T13:22:54.068+0000] {dagbag.py:508} INFO - Filling up the DagBag from /home/airflow/.local/lib/python3.7/site-packages/airflow/example_dags/tutorial_etl_dag.py
[2025-06-20T13:22:54.071+0000] {processor.py:650} INFO - DAG(s) dict_keys(['tutorial_etl_dag']) retrieved from /home/airflow/.local/lib/python3.7/site-packages/airflow/example_dags/tutorial_etl_dag.py
[2025-06-20T13:22:54.081+0000] {logging_mixin.py:115} INFO - [2025-06-20T13:22:54.081+0000] {dag.py:2429} INFO - Sync 1 DAGs
[2025-06-20T13:22:54.091+0000] {logging_mixin.py:115} INFO - [2025-06-20T13:22:54.090+0000] {dag.py:2981} INFO - Setting next_dagrun for tutorial_etl_dag to None, run_after=None
[2025-06-20T13:22:54.096+0000] {processor.py:161} INFO - Processing /home/airflow/.local/lib/python3.7/site-packages/airflow/example_dags/tutorial_etl_dag.py took 0.031 seconds
[2025-06-20T13:23:24.255+0000] {processor.py:153} INFO - Started process (PID=2367) to work on /home/airflow/.local/lib/python3.7/site-packages/airflow/example_dags/tutorial_etl_dag.py
[2025-06-20T13:23:24.255+0000] {processor.py:640} INFO - Processing file /home/airflow/.local/lib/python3.7/site-packages/airflow/example_dags/tutorial_etl_dag.py for tasks to queue
[2025-06-20T13:23:24.256+0000] {logging_mixin.py:115} INFO - [2025-06-20T13:23:24.256+0000] {dagbag.py:508} INFO - Filling up the DagBag from /home/airflow/.local/lib/python3.7/site-packages/airflow/example_dags/tutorial_etl_dag.py
[2025-06-20T13:23:24.259+0000] {processor.py:650} INFO - DAG(s) dict_keys(['tutorial_etl_dag']) retrieved from /home/airflow/.local/lib/python3.7/site-packages/airflow/example_dags/tutorial_etl_dag.py
[2025-06-20T13:23:24.270+0000] {logging_mixin.py:115} INFO - [2025-06-20T13:23:24.270+0000] {dag.py:2429} INFO - Sync 1 DAGs
[2025-06-20T13:23:24.279+0000] {logging_mixin.py:115} INFO - [2025-06-20T13:23:24.279+0000] {dag.py:2981} INFO - Setting next_dagrun for tutorial_etl_dag to None, run_after=None
[2025-06-20T13:23:24.283+0000] {processor.py:161} INFO - Processing /home/airflow/.local/lib/python3.7/site-packages/airflow/example_dags/tutorial_etl_dag.py took 0.030 seconds
[2025-06-20T13:23:54.448+0000] {processor.py:153} INFO - Started process (PID=2428) to work on /home/airflow/.local/lib/python3.7/site-packages/airflow/example_dags/tutorial_etl_dag.py
[2025-06-20T13:23:54.448+0000] {processor.py:640} INFO - Processing file /home/airflow/.local/lib/python3.7/site-packages/airflow/example_dags/tutorial_etl_dag.py for tasks to queue
[2025-06-20T13:23:54.449+0000] {logging_mixin.py:115} INFO - [2025-06-20T13:23:54.448+0000] {dagbag.py:508} INFO - Filling up the DagBag from /home/airflow/.local/lib/python3.7/site-packages/airflow/example_dags/tutorial_etl_dag.py
[2025-06-20T13:23:54.451+0000] {processor.py:650} INFO - DAG(s) dict_keys(['tutorial_etl_dag']) retrieved from /home/airflow/.local/lib/python3.7/site-packages/airflow/example_dags/tutorial_etl_dag.py
[2025-06-20T13:23:54.462+0000] {logging_mixin.py:115} INFO - [2025-06-20T13:23:54.462+0000] {dag.py:2429} INFO - Sync 1 DAGs
[2025-06-20T13:23:54.472+0000] {logging_mixin.py:115} INFO - [2025-06-20T13:23:54.471+0000] {dag.py:2981} INFO - Setting next_dagrun for tutorial_etl_dag to None, run_after=None
[2025-06-20T13:23:54.476+0000] {processor.py:161} INFO - Processing /home/airflow/.local/lib/python3.7/site-packages/airflow/example_dags/tutorial_etl_dag.py took 0.030 seconds
[2025-06-20T13:24:24.649+0000] {processor.py:153} INFO - Started process (PID=2489) to work on /home/airflow/.local/lib/python3.7/site-packages/airflow/example_dags/tutorial_etl_dag.py
[2025-06-20T13:24:24.650+0000] {processor.py:640} INFO - Processing file /home/airflow/.local/lib/python3.7/site-packages/airflow/example_dags/tutorial_etl_dag.py for tasks to queue
[2025-06-20T13:24:24.651+0000] {logging_mixin.py:115} INFO - [2025-06-20T13:24:24.651+0000] {dagbag.py:508} INFO - Filling up the DagBag from /home/airflow/.local/lib/python3.7/site-packages/airflow/example_dags/tutorial_etl_dag.py
[2025-06-20T13:24:24.654+0000] {processor.py:650} INFO - DAG(s) dict_keys(['tutorial_etl_dag']) retrieved from /home/airflow/.local/lib/python3.7/site-packages/airflow/example_dags/tutorial_etl_dag.py
[2025-06-20T13:24:24.667+0000] {logging_mixin.py:115} INFO - [2025-06-20T13:24:24.667+0000] {dag.py:2429} INFO - Sync 1 DAGs
[2025-06-20T13:24:24.679+0000] {logging_mixin.py:115} INFO - [2025-06-20T13:24:24.679+0000] {dag.py:2981} INFO - Setting next_dagrun for tutorial_etl_dag to None, run_after=None
[2025-06-20T13:24:24.686+0000] {processor.py:161} INFO - Processing /home/airflow/.local/lib/python3.7/site-packages/airflow/example_dags/tutorial_etl_dag.py took 0.038 seconds
