[2025-06-20T18:17:20.501+0000] {processor.py:157} INFO - Started process (PID=50) to work on /home/airflow/.local/lib/python3.7/site-packages/airflow/example_dags/example_short_circuit_decorator.py
[2025-06-20T18:17:20.502+0000] {processor.py:826} INFO - Processing file /home/airflow/.local/lib/python3.7/site-packages/airflow/example_dags/example_short_circuit_decorator.py for tasks to queue
[2025-06-20T18:17:20.503+0000] {logging_mixin.py:150} INFO - [2025-06-20T18:17:20.503+0000] {dagbag.py:541} INFO - Filling up the DagBag from /home/airflow/.local/lib/python3.7/site-packages/airflow/example_dags/example_short_circuit_decorator.py
[2025-06-20T18:17:20.509+0000] {processor.py:836} INFO - DAG(s) dict_keys(['example_short_circuit_decorator']) retrieved from /home/airflow/.local/lib/python3.7/site-packages/airflow/example_dags/example_short_circuit_decorator.py
[2025-06-20T18:17:20.519+0000] {logging_mixin.py:150} INFO - [2025-06-20T18:17:20.519+0000] {dag.py:2742} INFO - Sync 1 DAGs
[2025-06-20T18:17:20.532+0000] {logging_mixin.py:150} INFO - [2025-06-20T18:17:20.532+0000] {dag.py:3508} INFO - Setting next_dagrun for example_short_circuit_decorator to 2025-06-19T18:17:20.532096+00:00, run_after=2025-06-20T18:17:20.532096+00:00
[2025-06-20T18:17:20.541+0000] {processor.py:179} INFO - Processing /home/airflow/.local/lib/python3.7/site-packages/airflow/example_dags/example_short_circuit_decorator.py took 0.041 seconds
[2025-06-20T18:17:50.930+0000] {processor.py:157} INFO - Started process (PID=104) to work on /home/airflow/.local/lib/python3.7/site-packages/airflow/example_dags/example_short_circuit_decorator.py
[2025-06-20T18:17:50.931+0000] {processor.py:826} INFO - Processing file /home/airflow/.local/lib/python3.7/site-packages/airflow/example_dags/example_short_circuit_decorator.py for tasks to queue
[2025-06-20T18:17:50.932+0000] {logging_mixin.py:150} INFO - [2025-06-20T18:17:50.932+0000] {dagbag.py:541} INFO - Filling up the DagBag from /home/airflow/.local/lib/python3.7/site-packages/airflow/example_dags/example_short_circuit_decorator.py
[2025-06-20T18:17:50.939+0000] {processor.py:836} INFO - DAG(s) dict_keys(['example_short_circuit_decorator']) retrieved from /home/airflow/.local/lib/python3.7/site-packages/airflow/example_dags/example_short_circuit_decorator.py
[2025-06-20T18:17:50.954+0000] {logging_mixin.py:150} INFO - [2025-06-20T18:17:50.954+0000] {dag.py:2742} INFO - Sync 1 DAGs
[2025-06-20T18:17:50.968+0000] {logging_mixin.py:150} INFO - [2025-06-20T18:17:50.968+0000] {dag.py:3508} INFO - Setting next_dagrun for example_short_circuit_decorator to 2025-06-19T18:17:50.968320+00:00, run_after=2025-06-20T18:17:50.968320+00:00
[2025-06-20T18:17:50.976+0000] {processor.py:179} INFO - Processing /home/airflow/.local/lib/python3.7/site-packages/airflow/example_dags/example_short_circuit_decorator.py took 0.048 seconds
[2025-06-20T18:18:21.837+0000] {processor.py:157} INFO - Started process (PID=167) to work on /home/airflow/.local/lib/python3.7/site-packages/airflow/example_dags/example_short_circuit_decorator.py
[2025-06-20T18:18:21.838+0000] {processor.py:826} INFO - Processing file /home/airflow/.local/lib/python3.7/site-packages/airflow/example_dags/example_short_circuit_decorator.py for tasks to queue
[2025-06-20T18:18:21.839+0000] {logging_mixin.py:150} INFO - [2025-06-20T18:18:21.839+0000] {dagbag.py:541} INFO - Filling up the DagBag from /home/airflow/.local/lib/python3.7/site-packages/airflow/example_dags/example_short_circuit_decorator.py
[2025-06-20T18:18:21.845+0000] {processor.py:836} INFO - DAG(s) dict_keys(['example_short_circuit_decorator']) retrieved from /home/airflow/.local/lib/python3.7/site-packages/airflow/example_dags/example_short_circuit_decorator.py
[2025-06-20T18:18:21.861+0000] {logging_mixin.py:150} INFO - [2025-06-20T18:18:21.861+0000] {dag.py:2742} INFO - Sync 1 DAGs
[2025-06-20T18:18:21.876+0000] {logging_mixin.py:150} INFO - [2025-06-20T18:18:21.876+0000] {dag.py:3508} INFO - Setting next_dagrun for example_short_circuit_decorator to 2025-06-19T18:18:21.876137+00:00, run_after=2025-06-20T18:18:21.876137+00:00
[2025-06-20T18:18:21.886+0000] {processor.py:179} INFO - Processing /home/airflow/.local/lib/python3.7/site-packages/airflow/example_dags/example_short_circuit_decorator.py took 0.051 seconds
[2025-06-20T18:18:52.583+0000] {processor.py:157} INFO - Started process (PID=230) to work on /home/airflow/.local/lib/python3.7/site-packages/airflow/example_dags/example_short_circuit_decorator.py
[2025-06-20T18:18:52.584+0000] {processor.py:826} INFO - Processing file /home/airflow/.local/lib/python3.7/site-packages/airflow/example_dags/example_short_circuit_decorator.py for tasks to queue
[2025-06-20T18:18:52.585+0000] {logging_mixin.py:150} INFO - [2025-06-20T18:18:52.585+0000] {dagbag.py:541} INFO - Filling up the DagBag from /home/airflow/.local/lib/python3.7/site-packages/airflow/example_dags/example_short_circuit_decorator.py
[2025-06-20T18:18:52.590+0000] {processor.py:836} INFO - DAG(s) dict_keys(['example_short_circuit_decorator']) retrieved from /home/airflow/.local/lib/python3.7/site-packages/airflow/example_dags/example_short_circuit_decorator.py
[2025-06-20T18:18:52.606+0000] {logging_mixin.py:150} INFO - [2025-06-20T18:18:52.606+0000] {dag.py:2742} INFO - Sync 1 DAGs
[2025-06-20T18:18:52.620+0000] {logging_mixin.py:150} INFO - [2025-06-20T18:18:52.620+0000] {dag.py:3508} INFO - Setting next_dagrun for example_short_circuit_decorator to 2025-06-19T18:18:52.620119+00:00, run_after=2025-06-20T18:18:52.620119+00:00
[2025-06-20T18:18:52.629+0000] {processor.py:179} INFO - Processing /home/airflow/.local/lib/python3.7/site-packages/airflow/example_dags/example_short_circuit_decorator.py took 0.048 seconds
[2025-06-20T18:19:23.379+0000] {processor.py:157} INFO - Started process (PID=284) to work on /home/airflow/.local/lib/python3.7/site-packages/airflow/example_dags/example_short_circuit_decorator.py
[2025-06-20T18:19:23.380+0000] {processor.py:826} INFO - Processing file /home/airflow/.local/lib/python3.7/site-packages/airflow/example_dags/example_short_circuit_decorator.py for tasks to queue
[2025-06-20T18:19:23.381+0000] {logging_mixin.py:150} INFO - [2025-06-20T18:19:23.381+0000] {dagbag.py:541} INFO - Filling up the DagBag from /home/airflow/.local/lib/python3.7/site-packages/airflow/example_dags/example_short_circuit_decorator.py
[2025-06-20T18:19:23.385+0000] {processor.py:836} INFO - DAG(s) dict_keys(['example_short_circuit_decorator']) retrieved from /home/airflow/.local/lib/python3.7/site-packages/airflow/example_dags/example_short_circuit_decorator.py
[2025-06-20T18:19:23.401+0000] {logging_mixin.py:150} INFO - [2025-06-20T18:19:23.400+0000] {dag.py:2742} INFO - Sync 1 DAGs
[2025-06-20T18:19:23.414+0000] {logging_mixin.py:150} INFO - [2025-06-20T18:19:23.414+0000] {dag.py:3508} INFO - Setting next_dagrun for example_short_circuit_decorator to 2025-06-19T18:19:23.414016+00:00, run_after=2025-06-20T18:19:23.414016+00:00
[2025-06-20T18:19:23.422+0000] {processor.py:179} INFO - Processing /home/airflow/.local/lib/python3.7/site-packages/airflow/example_dags/example_short_circuit_decorator.py took 0.045 seconds
[2025-06-20T18:19:54.129+0000] {processor.py:157} INFO - Started process (PID=347) to work on /home/airflow/.local/lib/python3.7/site-packages/airflow/example_dags/example_short_circuit_decorator.py
[2025-06-20T18:19:54.131+0000] {processor.py:826} INFO - Processing file /home/airflow/.local/lib/python3.7/site-packages/airflow/example_dags/example_short_circuit_decorator.py for tasks to queue
[2025-06-20T18:19:54.132+0000] {logging_mixin.py:150} INFO - [2025-06-20T18:19:54.132+0000] {dagbag.py:541} INFO - Filling up the DagBag from /home/airflow/.local/lib/python3.7/site-packages/airflow/example_dags/example_short_circuit_decorator.py
[2025-06-20T18:19:54.137+0000] {processor.py:836} INFO - DAG(s) dict_keys(['example_short_circuit_decorator']) retrieved from /home/airflow/.local/lib/python3.7/site-packages/airflow/example_dags/example_short_circuit_decorator.py
[2025-06-20T18:19:54.150+0000] {logging_mixin.py:150} INFO - [2025-06-20T18:19:54.150+0000] {dag.py:2742} INFO - Sync 1 DAGs
[2025-06-20T18:19:54.162+0000] {logging_mixin.py:150} INFO - [2025-06-20T18:19:54.162+0000] {dag.py:3508} INFO - Setting next_dagrun for example_short_circuit_decorator to 2025-06-19T18:19:54.161929+00:00, run_after=2025-06-20T18:19:54.161929+00:00
[2025-06-20T18:19:54.170+0000] {processor.py:179} INFO - Processing /home/airflow/.local/lib/python3.7/site-packages/airflow/example_dags/example_short_circuit_decorator.py took 0.044 seconds
[2025-06-20T18:20:24.929+0000] {processor.py:157} INFO - Started process (PID=410) to work on /home/airflow/.local/lib/python3.7/site-packages/airflow/example_dags/example_short_circuit_decorator.py
[2025-06-20T18:20:24.930+0000] {processor.py:826} INFO - Processing file /home/airflow/.local/lib/python3.7/site-packages/airflow/example_dags/example_short_circuit_decorator.py for tasks to queue
[2025-06-20T18:20:24.931+0000] {logging_mixin.py:150} INFO - [2025-06-20T18:20:24.931+0000] {dagbag.py:541} INFO - Filling up the DagBag from /home/airflow/.local/lib/python3.7/site-packages/airflow/example_dags/example_short_circuit_decorator.py
[2025-06-20T18:20:24.936+0000] {processor.py:836} INFO - DAG(s) dict_keys(['example_short_circuit_decorator']) retrieved from /home/airflow/.local/lib/python3.7/site-packages/airflow/example_dags/example_short_circuit_decorator.py
[2025-06-20T18:20:24.952+0000] {logging_mixin.py:150} INFO - [2025-06-20T18:20:24.952+0000] {dag.py:2742} INFO - Sync 1 DAGs
[2025-06-20T18:20:24.966+0000] {logging_mixin.py:150} INFO - [2025-06-20T18:20:24.966+0000] {dag.py:3508} INFO - Setting next_dagrun for example_short_circuit_decorator to 2025-06-19T18:20:24.966095+00:00, run_after=2025-06-20T18:20:24.966095+00:00
[2025-06-20T18:20:24.975+0000] {processor.py:179} INFO - Processing /home/airflow/.local/lib/python3.7/site-packages/airflow/example_dags/example_short_circuit_decorator.py took 0.048 seconds
[2025-06-20T18:20:55.781+0000] {processor.py:157} INFO - Started process (PID=464) to work on /home/airflow/.local/lib/python3.7/site-packages/airflow/example_dags/example_short_circuit_decorator.py
[2025-06-20T18:20:55.781+0000] {processor.py:826} INFO - Processing file /home/airflow/.local/lib/python3.7/site-packages/airflow/example_dags/example_short_circuit_decorator.py for tasks to queue
[2025-06-20T18:20:55.782+0000] {logging_mixin.py:150} INFO - [2025-06-20T18:20:55.782+0000] {dagbag.py:541} INFO - Filling up the DagBag from /home/airflow/.local/lib/python3.7/site-packages/airflow/example_dags/example_short_circuit_decorator.py
[2025-06-20T18:20:55.787+0000] {processor.py:836} INFO - DAG(s) dict_keys(['example_short_circuit_decorator']) retrieved from /home/airflow/.local/lib/python3.7/site-packages/airflow/example_dags/example_short_circuit_decorator.py
[2025-06-20T18:20:55.800+0000] {logging_mixin.py:150} INFO - [2025-06-20T18:20:55.800+0000] {dag.py:2742} INFO - Sync 1 DAGs
[2025-06-20T18:20:55.812+0000] {logging_mixin.py:150} INFO - [2025-06-20T18:20:55.812+0000] {dag.py:3508} INFO - Setting next_dagrun for example_short_circuit_decorator to 2025-06-19T18:20:55.812688+00:00, run_after=2025-06-20T18:20:55.812688+00:00
[2025-06-20T18:20:55.820+0000] {processor.py:179} INFO - Processing /home/airflow/.local/lib/python3.7/site-packages/airflow/example_dags/example_short_circuit_decorator.py took 0.042 seconds
[2025-06-20T18:21:26.557+0000] {processor.py:157} INFO - Started process (PID=527) to work on /home/airflow/.local/lib/python3.7/site-packages/airflow/example_dags/example_short_circuit_decorator.py
[2025-06-20T18:21:26.558+0000] {processor.py:826} INFO - Processing file /home/airflow/.local/lib/python3.7/site-packages/airflow/example_dags/example_short_circuit_decorator.py for tasks to queue
[2025-06-20T18:21:26.559+0000] {logging_mixin.py:150} INFO - [2025-06-20T18:21:26.559+0000] {dagbag.py:541} INFO - Filling up the DagBag from /home/airflow/.local/lib/python3.7/site-packages/airflow/example_dags/example_short_circuit_decorator.py
[2025-06-20T18:21:26.563+0000] {processor.py:836} INFO - DAG(s) dict_keys(['example_short_circuit_decorator']) retrieved from /home/airflow/.local/lib/python3.7/site-packages/airflow/example_dags/example_short_circuit_decorator.py
[2025-06-20T18:21:26.577+0000] {logging_mixin.py:150} INFO - [2025-06-20T18:21:26.577+0000] {dag.py:2742} INFO - Sync 1 DAGs
[2025-06-20T18:21:26.588+0000] {logging_mixin.py:150} INFO - [2025-06-20T18:21:26.588+0000] {dag.py:3508} INFO - Setting next_dagrun for example_short_circuit_decorator to 2025-06-19T18:21:26.588515+00:00, run_after=2025-06-20T18:21:26.588515+00:00
[2025-06-20T18:21:26.596+0000] {processor.py:179} INFO - Processing /home/airflow/.local/lib/python3.7/site-packages/airflow/example_dags/example_short_circuit_decorator.py took 0.040 seconds
[2025-06-20T18:21:57.271+0000] {processor.py:157} INFO - Started process (PID=590) to work on /home/airflow/.local/lib/python3.7/site-packages/airflow/example_dags/example_short_circuit_decorator.py
[2025-06-20T18:21:57.272+0000] {processor.py:826} INFO - Processing file /home/airflow/.local/lib/python3.7/site-packages/airflow/example_dags/example_short_circuit_decorator.py for tasks to queue
[2025-06-20T18:21:57.273+0000] {logging_mixin.py:150} INFO - [2025-06-20T18:21:57.272+0000] {dagbag.py:541} INFO - Filling up the DagBag from /home/airflow/.local/lib/python3.7/site-packages/airflow/example_dags/example_short_circuit_decorator.py
[2025-06-20T18:21:57.277+0000] {processor.py:836} INFO - DAG(s) dict_keys(['example_short_circuit_decorator']) retrieved from /home/airflow/.local/lib/python3.7/site-packages/airflow/example_dags/example_short_circuit_decorator.py
[2025-06-20T18:21:57.291+0000] {logging_mixin.py:150} INFO - [2025-06-20T18:21:57.291+0000] {dag.py:2742} INFO - Sync 1 DAGs
[2025-06-20T18:21:57.304+0000] {logging_mixin.py:150} INFO - [2025-06-20T18:21:57.304+0000] {dag.py:3508} INFO - Setting next_dagrun for example_short_circuit_decorator to 2025-06-19T18:21:57.304718+00:00, run_after=2025-06-20T18:21:57.304718+00:00
[2025-06-20T18:21:57.314+0000] {processor.py:179} INFO - Processing /home/airflow/.local/lib/python3.7/site-packages/airflow/example_dags/example_short_circuit_decorator.py took 0.044 seconds
[2025-06-20T18:22:27.964+0000] {processor.py:157} INFO - Started process (PID=644) to work on /home/airflow/.local/lib/python3.7/site-packages/airflow/example_dags/example_short_circuit_decorator.py
[2025-06-20T18:22:27.965+0000] {processor.py:826} INFO - Processing file /home/airflow/.local/lib/python3.7/site-packages/airflow/example_dags/example_short_circuit_decorator.py for tasks to queue
[2025-06-20T18:22:27.965+0000] {logging_mixin.py:150} INFO - [2025-06-20T18:22:27.965+0000] {dagbag.py:541} INFO - Filling up the DagBag from /home/airflow/.local/lib/python3.7/site-packages/airflow/example_dags/example_short_circuit_decorator.py
[2025-06-20T18:22:27.970+0000] {processor.py:836} INFO - DAG(s) dict_keys(['example_short_circuit_decorator']) retrieved from /home/airflow/.local/lib/python3.7/site-packages/airflow/example_dags/example_short_circuit_decorator.py
[2025-06-20T18:22:27.983+0000] {logging_mixin.py:150} INFO - [2025-06-20T18:22:27.983+0000] {dag.py:2742} INFO - Sync 1 DAGs
[2025-06-20T18:22:27.995+0000] {logging_mixin.py:150} INFO - [2025-06-20T18:22:27.994+0000] {dag.py:3508} INFO - Setting next_dagrun for example_short_circuit_decorator to 2025-06-19T18:22:27.994795+00:00, run_after=2025-06-20T18:22:27.994795+00:00
[2025-06-20T18:22:28.002+0000] {processor.py:179} INFO - Processing /home/airflow/.local/lib/python3.7/site-packages/airflow/example_dags/example_short_circuit_decorator.py took 0.040 seconds
