[2025-06-20T18:17:21.202+0000] {processor.py:157} INFO - Started process (PID=73) to work on /home/airflow/.local/lib/python3.7/site-packages/airflow/example_dags/example_datasets.py
[2025-06-20T18:17:21.202+0000] {processor.py:826} INFO - Processing file /home/airflow/.local/lib/python3.7/site-packages/airflow/example_dags/example_datasets.py for tasks to queue
[2025-06-20T18:17:21.203+0000] {logging_mixin.py:150} INFO - [2025-06-20T18:17:21.203+0000] {dagbag.py:541} INFO - Filling up the DagBag from /home/airflow/.local/lib/python3.7/site-packages/airflow/example_dags/example_datasets.py
[2025-06-20T18:17:21.208+0000] {processor.py:836} INFO - DAG(s) dict_keys(['dataset_consumes_unknown_never_scheduled', 'dataset_consumes_1_and_2', 'dataset_consumes_1_never_scheduled', 'dataset_consumes_1', 'dataset_produces_1', 'dataset_produces_2']) retrieved from /home/airflow/.local/lib/python3.7/site-packages/airflow/example_dags/example_datasets.py
[2025-06-20T18:17:21.221+0000] {logging_mixin.py:150} INFO - [2025-06-20T18:17:21.221+0000] {dag.py:2742} INFO - Sync 6 DAGs
[2025-06-20T18:17:21.236+0000] {logging_mixin.py:150} INFO - [2025-06-20T18:17:21.235+0000] {dag.py:3508} INFO - Setting next_dagrun for dataset_consumes_1 to None, run_after=None
[2025-06-20T18:17:21.239+0000] {logging_mixin.py:150} INFO - [2025-06-20T18:17:21.239+0000] {dag.py:3508} INFO - Setting next_dagrun for dataset_consumes_1_and_2 to None, run_after=None
[2025-06-20T18:17:21.241+0000] {logging_mixin.py:150} INFO - [2025-06-20T18:17:21.241+0000] {dag.py:3508} INFO - Setting next_dagrun for dataset_consumes_1_never_scheduled to None, run_after=None
[2025-06-20T18:17:21.243+0000] {logging_mixin.py:150} INFO - [2025-06-20T18:17:21.243+0000] {dag.py:3508} INFO - Setting next_dagrun for dataset_consumes_unknown_never_scheduled to None, run_after=None
[2025-06-20T18:17:21.246+0000] {logging_mixin.py:150} INFO - [2025-06-20T18:17:21.246+0000] {dag.py:3508} INFO - Setting next_dagrun for dataset_produces_1 to 2025-06-19T00:00:00+00:00, run_after=2025-06-20T00:00:00+00:00
[2025-06-20T18:17:21.247+0000] {logging_mixin.py:150} INFO - [2025-06-20T18:17:21.247+0000] {dag.py:3508} INFO - Setting next_dagrun for dataset_produces_2 to None, run_after=None
[2025-06-20T18:17:21.269+0000] {processor.py:179} INFO - Processing /home/airflow/.local/lib/python3.7/site-packages/airflow/example_dags/example_datasets.py took 0.070 seconds
[2025-06-20T18:17:51.629+0000] {processor.py:157} INFO - Started process (PID=126) to work on /home/airflow/.local/lib/python3.7/site-packages/airflow/example_dags/example_datasets.py
[2025-06-20T18:17:51.631+0000] {processor.py:826} INFO - Processing file /home/airflow/.local/lib/python3.7/site-packages/airflow/example_dags/example_datasets.py for tasks to queue
[2025-06-20T18:17:51.632+0000] {logging_mixin.py:150} INFO - [2025-06-20T18:17:51.632+0000] {dagbag.py:541} INFO - Filling up the DagBag from /home/airflow/.local/lib/python3.7/site-packages/airflow/example_dags/example_datasets.py
[2025-06-20T18:17:51.637+0000] {processor.py:836} INFO - DAG(s) dict_keys(['dataset_consumes_1', 'dataset_consumes_1_and_2', 'dataset_produces_1', 'dataset_produces_2', 'dataset_consumes_unknown_never_scheduled', 'dataset_consumes_1_never_scheduled']) retrieved from /home/airflow/.local/lib/python3.7/site-packages/airflow/example_dags/example_datasets.py
[2025-06-20T18:17:51.653+0000] {logging_mixin.py:150} INFO - [2025-06-20T18:17:51.653+0000] {dag.py:2742} INFO - Sync 6 DAGs
[2025-06-20T18:17:51.664+0000] {logging_mixin.py:150} INFO - [2025-06-20T18:17:51.664+0000] {dag.py:3508} INFO - Setting next_dagrun for dataset_consumes_1 to None, run_after=None
[2025-06-20T18:17:51.666+0000] {logging_mixin.py:150} INFO - [2025-06-20T18:17:51.666+0000] {dag.py:3508} INFO - Setting next_dagrun for dataset_consumes_1_and_2 to None, run_after=None
[2025-06-20T18:17:51.666+0000] {logging_mixin.py:150} INFO - [2025-06-20T18:17:51.666+0000] {dag.py:3508} INFO - Setting next_dagrun for dataset_consumes_1_never_scheduled to None, run_after=None
[2025-06-20T18:17:51.667+0000] {logging_mixin.py:150} INFO - [2025-06-20T18:17:51.667+0000] {dag.py:3508} INFO - Setting next_dagrun for dataset_consumes_unknown_never_scheduled to None, run_after=None
[2025-06-20T18:17:51.668+0000] {logging_mixin.py:150} INFO - [2025-06-20T18:17:51.668+0000] {dag.py:3508} INFO - Setting next_dagrun for dataset_produces_1 to 2025-06-19T00:00:00+00:00, run_after=2025-06-20T00:00:00+00:00
[2025-06-20T18:17:51.669+0000] {logging_mixin.py:150} INFO - [2025-06-20T18:17:51.669+0000] {dag.py:3508} INFO - Setting next_dagrun for dataset_produces_2 to None, run_after=None
[2025-06-20T18:17:51.681+0000] {processor.py:179} INFO - Processing /home/airflow/.local/lib/python3.7/site-packages/airflow/example_dags/example_datasets.py took 0.053 seconds
[2025-06-20T18:18:22.479+0000] {processor.py:157} INFO - Started process (PID=189) to work on /home/airflow/.local/lib/python3.7/site-packages/airflow/example_dags/example_datasets.py
[2025-06-20T18:18:22.479+0000] {processor.py:826} INFO - Processing file /home/airflow/.local/lib/python3.7/site-packages/airflow/example_dags/example_datasets.py for tasks to queue
[2025-06-20T18:18:22.480+0000] {logging_mixin.py:150} INFO - [2025-06-20T18:18:22.480+0000] {dagbag.py:541} INFO - Filling up the DagBag from /home/airflow/.local/lib/python3.7/site-packages/airflow/example_dags/example_datasets.py
[2025-06-20T18:18:22.484+0000] {processor.py:836} INFO - DAG(s) dict_keys(['dataset_consumes_1_and_2', 'dataset_consumes_1', 'dataset_produces_1', 'dataset_consumes_unknown_never_scheduled', 'dataset_produces_2', 'dataset_consumes_1_never_scheduled']) retrieved from /home/airflow/.local/lib/python3.7/site-packages/airflow/example_dags/example_datasets.py
[2025-06-20T18:18:22.499+0000] {logging_mixin.py:150} INFO - [2025-06-20T18:18:22.499+0000] {dag.py:2742} INFO - Sync 6 DAGs
[2025-06-20T18:18:22.509+0000] {logging_mixin.py:150} INFO - [2025-06-20T18:18:22.509+0000] {dag.py:3508} INFO - Setting next_dagrun for dataset_consumes_1 to None, run_after=None
[2025-06-20T18:18:22.511+0000] {logging_mixin.py:150} INFO - [2025-06-20T18:18:22.511+0000] {dag.py:3508} INFO - Setting next_dagrun for dataset_consumes_1_and_2 to None, run_after=None
[2025-06-20T18:18:22.511+0000] {logging_mixin.py:150} INFO - [2025-06-20T18:18:22.511+0000] {dag.py:3508} INFO - Setting next_dagrun for dataset_consumes_1_never_scheduled to None, run_after=None
[2025-06-20T18:18:22.512+0000] {logging_mixin.py:150} INFO - [2025-06-20T18:18:22.512+0000] {dag.py:3508} INFO - Setting next_dagrun for dataset_consumes_unknown_never_scheduled to None, run_after=None
[2025-06-20T18:18:22.513+0000] {logging_mixin.py:150} INFO - [2025-06-20T18:18:22.513+0000] {dag.py:3508} INFO - Setting next_dagrun for dataset_produces_1 to 2025-06-19T00:00:00+00:00, run_after=2025-06-20T00:00:00+00:00
[2025-06-20T18:18:22.513+0000] {logging_mixin.py:150} INFO - [2025-06-20T18:18:22.513+0000] {dag.py:3508} INFO - Setting next_dagrun for dataset_produces_2 to None, run_after=None
[2025-06-20T18:18:22.525+0000] {processor.py:179} INFO - Processing /home/airflow/.local/lib/python3.7/site-packages/airflow/example_dags/example_datasets.py took 0.048 seconds
[2025-06-20T18:18:53.237+0000] {processor.py:157} INFO - Started process (PID=252) to work on /home/airflow/.local/lib/python3.7/site-packages/airflow/example_dags/example_datasets.py
[2025-06-20T18:18:53.238+0000] {processor.py:826} INFO - Processing file /home/airflow/.local/lib/python3.7/site-packages/airflow/example_dags/example_datasets.py for tasks to queue
[2025-06-20T18:18:53.239+0000] {logging_mixin.py:150} INFO - [2025-06-20T18:18:53.239+0000] {dagbag.py:541} INFO - Filling up the DagBag from /home/airflow/.local/lib/python3.7/site-packages/airflow/example_dags/example_datasets.py
[2025-06-20T18:18:53.245+0000] {processor.py:836} INFO - DAG(s) dict_keys(['dataset_consumes_1_and_2', 'dataset_produces_1', 'dataset_produces_2', 'dataset_consumes_unknown_never_scheduled', 'dataset_consumes_1', 'dataset_consumes_1_never_scheduled']) retrieved from /home/airflow/.local/lib/python3.7/site-packages/airflow/example_dags/example_datasets.py
[2025-06-20T18:18:53.260+0000] {logging_mixin.py:150} INFO - [2025-06-20T18:18:53.260+0000] {dag.py:2742} INFO - Sync 6 DAGs
[2025-06-20T18:18:53.271+0000] {logging_mixin.py:150} INFO - [2025-06-20T18:18:53.271+0000] {dag.py:3508} INFO - Setting next_dagrun for dataset_consumes_1 to None, run_after=None
[2025-06-20T18:18:53.272+0000] {logging_mixin.py:150} INFO - [2025-06-20T18:18:53.272+0000] {dag.py:3508} INFO - Setting next_dagrun for dataset_consumes_1_and_2 to None, run_after=None
[2025-06-20T18:18:53.273+0000] {logging_mixin.py:150} INFO - [2025-06-20T18:18:53.272+0000] {dag.py:3508} INFO - Setting next_dagrun for dataset_consumes_1_never_scheduled to None, run_after=None
[2025-06-20T18:18:53.273+0000] {logging_mixin.py:150} INFO - [2025-06-20T18:18:53.273+0000] {dag.py:3508} INFO - Setting next_dagrun for dataset_consumes_unknown_never_scheduled to None, run_after=None
[2025-06-20T18:18:53.274+0000] {logging_mixin.py:150} INFO - [2025-06-20T18:18:53.274+0000] {dag.py:3508} INFO - Setting next_dagrun for dataset_produces_1 to 2025-06-19T00:00:00+00:00, run_after=2025-06-20T00:00:00+00:00
[2025-06-20T18:18:53.275+0000] {logging_mixin.py:150} INFO - [2025-06-20T18:18:53.275+0000] {dag.py:3508} INFO - Setting next_dagrun for dataset_produces_2 to None, run_after=None
[2025-06-20T18:18:53.287+0000] {processor.py:179} INFO - Processing /home/airflow/.local/lib/python3.7/site-packages/airflow/example_dags/example_datasets.py took 0.052 seconds
[2025-06-20T18:19:24.027+0000] {processor.py:157} INFO - Started process (PID=306) to work on /home/airflow/.local/lib/python3.7/site-packages/airflow/example_dags/example_datasets.py
[2025-06-20T18:19:24.029+0000] {processor.py:826} INFO - Processing file /home/airflow/.local/lib/python3.7/site-packages/airflow/example_dags/example_datasets.py for tasks to queue
[2025-06-20T18:19:24.030+0000] {logging_mixin.py:150} INFO - [2025-06-20T18:19:24.030+0000] {dagbag.py:541} INFO - Filling up the DagBag from /home/airflow/.local/lib/python3.7/site-packages/airflow/example_dags/example_datasets.py
[2025-06-20T18:19:24.038+0000] {processor.py:836} INFO - DAG(s) dict_keys(['dataset_produces_1', 'dataset_produces_2', 'dataset_consumes_1_and_2', 'dataset_consumes_1_never_scheduled', 'dataset_consumes_unknown_never_scheduled', 'dataset_consumes_1']) retrieved from /home/airflow/.local/lib/python3.7/site-packages/airflow/example_dags/example_datasets.py
[2025-06-20T18:19:24.057+0000] {logging_mixin.py:150} INFO - [2025-06-20T18:19:24.057+0000] {dag.py:2742} INFO - Sync 6 DAGs
[2025-06-20T18:19:24.079+0000] {logging_mixin.py:150} INFO - [2025-06-20T18:19:24.079+0000] {dag.py:3508} INFO - Setting next_dagrun for dataset_consumes_1 to None, run_after=None
[2025-06-20T18:19:24.081+0000] {logging_mixin.py:150} INFO - [2025-06-20T18:19:24.081+0000] {dag.py:3508} INFO - Setting next_dagrun for dataset_consumes_1_and_2 to None, run_after=None
[2025-06-20T18:19:24.081+0000] {logging_mixin.py:150} INFO - [2025-06-20T18:19:24.081+0000] {dag.py:3508} INFO - Setting next_dagrun for dataset_consumes_1_never_scheduled to None, run_after=None
[2025-06-20T18:19:24.082+0000] {logging_mixin.py:150} INFO - [2025-06-20T18:19:24.082+0000] {dag.py:3508} INFO - Setting next_dagrun for dataset_consumes_unknown_never_scheduled to None, run_after=None
[2025-06-20T18:19:24.083+0000] {logging_mixin.py:150} INFO - [2025-06-20T18:19:24.083+0000] {dag.py:3508} INFO - Setting next_dagrun for dataset_produces_1 to 2025-06-19T00:00:00+00:00, run_after=2025-06-20T00:00:00+00:00
[2025-06-20T18:19:24.084+0000] {logging_mixin.py:150} INFO - [2025-06-20T18:19:24.084+0000] {dag.py:3508} INFO - Setting next_dagrun for dataset_produces_2 to None, run_after=None
[2025-06-20T18:19:24.099+0000] {processor.py:179} INFO - Processing /home/airflow/.local/lib/python3.7/site-packages/airflow/example_dags/example_datasets.py took 0.075 seconds
[2025-06-20T18:19:54.838+0000] {processor.py:157} INFO - Started process (PID=369) to work on /home/airflow/.local/lib/python3.7/site-packages/airflow/example_dags/example_datasets.py
[2025-06-20T18:19:54.839+0000] {processor.py:826} INFO - Processing file /home/airflow/.local/lib/python3.7/site-packages/airflow/example_dags/example_datasets.py for tasks to queue
[2025-06-20T18:19:54.840+0000] {logging_mixin.py:150} INFO - [2025-06-20T18:19:54.840+0000] {dagbag.py:541} INFO - Filling up the DagBag from /home/airflow/.local/lib/python3.7/site-packages/airflow/example_dags/example_datasets.py
[2025-06-20T18:19:54.845+0000] {processor.py:836} INFO - DAG(s) dict_keys(['dataset_consumes_unknown_never_scheduled', 'dataset_consumes_1', 'dataset_consumes_1_and_2', 'dataset_produces_2', 'dataset_produces_1', 'dataset_consumes_1_never_scheduled']) retrieved from /home/airflow/.local/lib/python3.7/site-packages/airflow/example_dags/example_datasets.py
[2025-06-20T18:19:54.861+0000] {logging_mixin.py:150} INFO - [2025-06-20T18:19:54.861+0000] {dag.py:2742} INFO - Sync 6 DAGs
[2025-06-20T18:19:54.873+0000] {logging_mixin.py:150} INFO - [2025-06-20T18:19:54.873+0000] {dag.py:3508} INFO - Setting next_dagrun for dataset_consumes_1 to None, run_after=None
[2025-06-20T18:19:54.874+0000] {logging_mixin.py:150} INFO - [2025-06-20T18:19:54.874+0000] {dag.py:3508} INFO - Setting next_dagrun for dataset_consumes_1_and_2 to None, run_after=None
[2025-06-20T18:19:54.875+0000] {logging_mixin.py:150} INFO - [2025-06-20T18:19:54.875+0000] {dag.py:3508} INFO - Setting next_dagrun for dataset_consumes_1_never_scheduled to None, run_after=None
[2025-06-20T18:19:54.875+0000] {logging_mixin.py:150} INFO - [2025-06-20T18:19:54.875+0000] {dag.py:3508} INFO - Setting next_dagrun for dataset_consumes_unknown_never_scheduled to None, run_after=None
[2025-06-20T18:19:54.876+0000] {logging_mixin.py:150} INFO - [2025-06-20T18:19:54.876+0000] {dag.py:3508} INFO - Setting next_dagrun for dataset_produces_1 to 2025-06-19T00:00:00+00:00, run_after=2025-06-20T00:00:00+00:00
[2025-06-20T18:19:54.877+0000] {logging_mixin.py:150} INFO - [2025-06-20T18:19:54.876+0000] {dag.py:3508} INFO - Setting next_dagrun for dataset_produces_2 to None, run_after=None
[2025-06-20T18:19:54.890+0000] {processor.py:179} INFO - Processing /home/airflow/.local/lib/python3.7/site-packages/airflow/example_dags/example_datasets.py took 0.054 seconds
[2025-06-20T18:20:25.620+0000] {processor.py:157} INFO - Started process (PID=432) to work on /home/airflow/.local/lib/python3.7/site-packages/airflow/example_dags/example_datasets.py
[2025-06-20T18:20:25.622+0000] {processor.py:826} INFO - Processing file /home/airflow/.local/lib/python3.7/site-packages/airflow/example_dags/example_datasets.py for tasks to queue
[2025-06-20T18:20:25.623+0000] {logging_mixin.py:150} INFO - [2025-06-20T18:20:25.623+0000] {dagbag.py:541} INFO - Filling up the DagBag from /home/airflow/.local/lib/python3.7/site-packages/airflow/example_dags/example_datasets.py
[2025-06-20T18:20:25.628+0000] {processor.py:836} INFO - DAG(s) dict_keys(['dataset_consumes_1_never_scheduled', 'dataset_consumes_unknown_never_scheduled', 'dataset_consumes_1_and_2', 'dataset_produces_1', 'dataset_produces_2', 'dataset_consumes_1']) retrieved from /home/airflow/.local/lib/python3.7/site-packages/airflow/example_dags/example_datasets.py
[2025-06-20T18:20:25.643+0000] {logging_mixin.py:150} INFO - [2025-06-20T18:20:25.643+0000] {dag.py:2742} INFO - Sync 6 DAGs
[2025-06-20T18:20:25.653+0000] {logging_mixin.py:150} INFO - [2025-06-20T18:20:25.653+0000] {dag.py:3508} INFO - Setting next_dagrun for dataset_consumes_1 to None, run_after=None
[2025-06-20T18:20:25.655+0000] {logging_mixin.py:150} INFO - [2025-06-20T18:20:25.655+0000] {dag.py:3508} INFO - Setting next_dagrun for dataset_consumes_1_and_2 to None, run_after=None
[2025-06-20T18:20:25.655+0000] {logging_mixin.py:150} INFO - [2025-06-20T18:20:25.655+0000] {dag.py:3508} INFO - Setting next_dagrun for dataset_consumes_1_never_scheduled to None, run_after=None
[2025-06-20T18:20:25.656+0000] {logging_mixin.py:150} INFO - [2025-06-20T18:20:25.656+0000] {dag.py:3508} INFO - Setting next_dagrun for dataset_consumes_unknown_never_scheduled to None, run_after=None
[2025-06-20T18:20:25.657+0000] {logging_mixin.py:150} INFO - [2025-06-20T18:20:25.657+0000] {dag.py:3508} INFO - Setting next_dagrun for dataset_produces_1 to 2025-06-19T00:00:00+00:00, run_after=2025-06-20T00:00:00+00:00
[2025-06-20T18:20:25.657+0000] {logging_mixin.py:150} INFO - [2025-06-20T18:20:25.657+0000] {dag.py:3508} INFO - Setting next_dagrun for dataset_produces_2 to None, run_after=None
[2025-06-20T18:20:25.670+0000] {processor.py:179} INFO - Processing /home/airflow/.local/lib/python3.7/site-packages/airflow/example_dags/example_datasets.py took 0.052 seconds
[2025-06-20T18:20:56.431+0000] {processor.py:157} INFO - Started process (PID=486) to work on /home/airflow/.local/lib/python3.7/site-packages/airflow/example_dags/example_datasets.py
[2025-06-20T18:20:56.431+0000] {processor.py:826} INFO - Processing file /home/airflow/.local/lib/python3.7/site-packages/airflow/example_dags/example_datasets.py for tasks to queue
[2025-06-20T18:20:56.432+0000] {logging_mixin.py:150} INFO - [2025-06-20T18:20:56.432+0000] {dagbag.py:541} INFO - Filling up the DagBag from /home/airflow/.local/lib/python3.7/site-packages/airflow/example_dags/example_datasets.py
[2025-06-20T18:20:56.436+0000] {processor.py:836} INFO - DAG(s) dict_keys(['dataset_produces_1', 'dataset_consumes_1', 'dataset_consumes_1_and_2', 'dataset_consumes_1_never_scheduled', 'dataset_produces_2', 'dataset_consumes_unknown_never_scheduled']) retrieved from /home/airflow/.local/lib/python3.7/site-packages/airflow/example_dags/example_datasets.py
[2025-06-20T18:20:56.452+0000] {logging_mixin.py:150} INFO - [2025-06-20T18:20:56.451+0000] {dag.py:2742} INFO - Sync 6 DAGs
[2025-06-20T18:20:56.462+0000] {logging_mixin.py:150} INFO - [2025-06-20T18:20:56.462+0000] {dag.py:3508} INFO - Setting next_dagrun for dataset_consumes_1 to None, run_after=None
[2025-06-20T18:20:56.464+0000] {logging_mixin.py:150} INFO - [2025-06-20T18:20:56.464+0000] {dag.py:3508} INFO - Setting next_dagrun for dataset_consumes_1_and_2 to None, run_after=None
[2025-06-20T18:20:56.464+0000] {logging_mixin.py:150} INFO - [2025-06-20T18:20:56.464+0000] {dag.py:3508} INFO - Setting next_dagrun for dataset_consumes_1_never_scheduled to None, run_after=None
[2025-06-20T18:20:56.465+0000] {logging_mixin.py:150} INFO - [2025-06-20T18:20:56.465+0000] {dag.py:3508} INFO - Setting next_dagrun for dataset_consumes_unknown_never_scheduled to None, run_after=None
[2025-06-20T18:20:56.466+0000] {logging_mixin.py:150} INFO - [2025-06-20T18:20:56.466+0000] {dag.py:3508} INFO - Setting next_dagrun for dataset_produces_1 to 2025-06-19T00:00:00+00:00, run_after=2025-06-20T00:00:00+00:00
[2025-06-20T18:20:56.466+0000] {logging_mixin.py:150} INFO - [2025-06-20T18:20:56.466+0000] {dag.py:3508} INFO - Setting next_dagrun for dataset_produces_2 to None, run_after=None
[2025-06-20T18:20:56.479+0000] {processor.py:179} INFO - Processing /home/airflow/.local/lib/python3.7/site-packages/airflow/example_dags/example_datasets.py took 0.050 seconds
[2025-06-20T18:21:27.209+0000] {processor.py:157} INFO - Started process (PID=549) to work on /home/airflow/.local/lib/python3.7/site-packages/airflow/example_dags/example_datasets.py
[2025-06-20T18:21:27.210+0000] {processor.py:826} INFO - Processing file /home/airflow/.local/lib/python3.7/site-packages/airflow/example_dags/example_datasets.py for tasks to queue
[2025-06-20T18:21:27.210+0000] {logging_mixin.py:150} INFO - [2025-06-20T18:21:27.210+0000] {dagbag.py:541} INFO - Filling up the DagBag from /home/airflow/.local/lib/python3.7/site-packages/airflow/example_dags/example_datasets.py
[2025-06-20T18:21:27.215+0000] {processor.py:836} INFO - DAG(s) dict_keys(['dataset_produces_2', 'dataset_consumes_1_never_scheduled', 'dataset_consumes_unknown_never_scheduled', 'dataset_produces_1', 'dataset_consumes_1_and_2', 'dataset_consumes_1']) retrieved from /home/airflow/.local/lib/python3.7/site-packages/airflow/example_dags/example_datasets.py
[2025-06-20T18:21:27.233+0000] {logging_mixin.py:150} INFO - [2025-06-20T18:21:27.233+0000] {dag.py:2742} INFO - Sync 6 DAGs
[2025-06-20T18:21:27.243+0000] {logging_mixin.py:150} INFO - [2025-06-20T18:21:27.243+0000] {dag.py:3508} INFO - Setting next_dagrun for dataset_consumes_1 to None, run_after=None
[2025-06-20T18:21:27.245+0000] {logging_mixin.py:150} INFO - [2025-06-20T18:21:27.245+0000] {dag.py:3508} INFO - Setting next_dagrun for dataset_consumes_1_and_2 to None, run_after=None
[2025-06-20T18:21:27.245+0000] {logging_mixin.py:150} INFO - [2025-06-20T18:21:27.245+0000] {dag.py:3508} INFO - Setting next_dagrun for dataset_consumes_1_never_scheduled to None, run_after=None
[2025-06-20T18:21:27.246+0000] {logging_mixin.py:150} INFO - [2025-06-20T18:21:27.246+0000] {dag.py:3508} INFO - Setting next_dagrun for dataset_consumes_unknown_never_scheduled to None, run_after=None
[2025-06-20T18:21:27.247+0000] {logging_mixin.py:150} INFO - [2025-06-20T18:21:27.247+0000] {dag.py:3508} INFO - Setting next_dagrun for dataset_produces_1 to 2025-06-19T00:00:00+00:00, run_after=2025-06-20T00:00:00+00:00
[2025-06-20T18:21:27.248+0000] {logging_mixin.py:150} INFO - [2025-06-20T18:21:27.247+0000] {dag.py:3508} INFO - Setting next_dagrun for dataset_produces_2 to None, run_after=None
[2025-06-20T18:21:27.260+0000] {processor.py:179} INFO - Processing /home/airflow/.local/lib/python3.7/site-packages/airflow/example_dags/example_datasets.py took 0.052 seconds
[2025-06-20T18:21:57.888+0000] {processor.py:157} INFO - Started process (PID=612) to work on /home/airflow/.local/lib/python3.7/site-packages/airflow/example_dags/example_datasets.py
[2025-06-20T18:21:57.888+0000] {processor.py:826} INFO - Processing file /home/airflow/.local/lib/python3.7/site-packages/airflow/example_dags/example_datasets.py for tasks to queue
[2025-06-20T18:21:57.892+0000] {logging_mixin.py:150} INFO - [2025-06-20T18:21:57.892+0000] {dagbag.py:541} INFO - Filling up the DagBag from /home/airflow/.local/lib/python3.7/site-packages/airflow/example_dags/example_datasets.py
[2025-06-20T18:21:57.897+0000] {processor.py:836} INFO - DAG(s) dict_keys(['dataset_consumes_1', 'dataset_consumes_1_never_scheduled', 'dataset_consumes_unknown_never_scheduled', 'dataset_consumes_1_and_2', 'dataset_produces_2', 'dataset_produces_1']) retrieved from /home/airflow/.local/lib/python3.7/site-packages/airflow/example_dags/example_datasets.py
[2025-06-20T18:21:57.914+0000] {logging_mixin.py:150} INFO - [2025-06-20T18:21:57.914+0000] {dag.py:2742} INFO - Sync 6 DAGs
[2025-06-20T18:21:57.925+0000] {logging_mixin.py:150} INFO - [2025-06-20T18:21:57.925+0000] {dag.py:3508} INFO - Setting next_dagrun for dataset_consumes_1 to None, run_after=None
[2025-06-20T18:21:57.926+0000] {logging_mixin.py:150} INFO - [2025-06-20T18:21:57.926+0000] {dag.py:3508} INFO - Setting next_dagrun for dataset_consumes_1_and_2 to None, run_after=None
[2025-06-20T18:21:57.927+0000] {logging_mixin.py:150} INFO - [2025-06-20T18:21:57.927+0000] {dag.py:3508} INFO - Setting next_dagrun for dataset_consumes_1_never_scheduled to None, run_after=None
[2025-06-20T18:21:57.927+0000] {logging_mixin.py:150} INFO - [2025-06-20T18:21:57.927+0000] {dag.py:3508} INFO - Setting next_dagrun for dataset_consumes_unknown_never_scheduled to None, run_after=None
[2025-06-20T18:21:57.928+0000] {logging_mixin.py:150} INFO - [2025-06-20T18:21:57.928+0000] {dag.py:3508} INFO - Setting next_dagrun for dataset_produces_1 to 2025-06-19T00:00:00+00:00, run_after=2025-06-20T00:00:00+00:00
[2025-06-20T18:21:57.929+0000] {logging_mixin.py:150} INFO - [2025-06-20T18:21:57.929+0000] {dag.py:3508} INFO - Setting next_dagrun for dataset_produces_2 to None, run_after=None
[2025-06-20T18:21:57.944+0000] {processor.py:179} INFO - Processing /home/airflow/.local/lib/python3.7/site-packages/airflow/example_dags/example_datasets.py took 0.058 seconds
[2025-06-20T18:22:28.594+0000] {processor.py:157} INFO - Started process (PID=666) to work on /home/airflow/.local/lib/python3.7/site-packages/airflow/example_dags/example_datasets.py
[2025-06-20T18:22:28.595+0000] {processor.py:826} INFO - Processing file /home/airflow/.local/lib/python3.7/site-packages/airflow/example_dags/example_datasets.py for tasks to queue
[2025-06-20T18:22:28.598+0000] {logging_mixin.py:150} INFO - [2025-06-20T18:22:28.598+0000] {dagbag.py:541} INFO - Filling up the DagBag from /home/airflow/.local/lib/python3.7/site-packages/airflow/example_dags/example_datasets.py
[2025-06-20T18:22:28.603+0000] {processor.py:836} INFO - DAG(s) dict_keys(['dataset_consumes_1_never_scheduled', 'dataset_produces_2', 'dataset_consumes_1_and_2', 'dataset_produces_1', 'dataset_consumes_1', 'dataset_consumes_unknown_never_scheduled']) retrieved from /home/airflow/.local/lib/python3.7/site-packages/airflow/example_dags/example_datasets.py
[2025-06-20T18:22:28.617+0000] {logging_mixin.py:150} INFO - [2025-06-20T18:22:28.617+0000] {dag.py:2742} INFO - Sync 6 DAGs
[2025-06-20T18:22:28.628+0000] {logging_mixin.py:150} INFO - [2025-06-20T18:22:28.628+0000] {dag.py:3508} INFO - Setting next_dagrun for dataset_consumes_1 to None, run_after=None
[2025-06-20T18:22:28.630+0000] {logging_mixin.py:150} INFO - [2025-06-20T18:22:28.629+0000] {dag.py:3508} INFO - Setting next_dagrun for dataset_consumes_1_and_2 to None, run_after=None
[2025-06-20T18:22:28.630+0000] {logging_mixin.py:150} INFO - [2025-06-20T18:22:28.630+0000] {dag.py:3508} INFO - Setting next_dagrun for dataset_consumes_1_never_scheduled to None, run_after=None
[2025-06-20T18:22:28.631+0000] {logging_mixin.py:150} INFO - [2025-06-20T18:22:28.630+0000] {dag.py:3508} INFO - Setting next_dagrun for dataset_consumes_unknown_never_scheduled to None, run_after=None
[2025-06-20T18:22:28.632+0000] {logging_mixin.py:150} INFO - [2025-06-20T18:22:28.632+0000] {dag.py:3508} INFO - Setting next_dagrun for dataset_produces_1 to 2025-06-19T00:00:00+00:00, run_after=2025-06-20T00:00:00+00:00
[2025-06-20T18:22:28.632+0000] {logging_mixin.py:150} INFO - [2025-06-20T18:22:28.632+0000] {dag.py:3508} INFO - Setting next_dagrun for dataset_produces_2 to None, run_after=None
[2025-06-20T18:22:28.644+0000] {processor.py:179} INFO - Processing /home/airflow/.local/lib/python3.7/site-packages/airflow/example_dags/example_datasets.py took 0.052 seconds
