[2025-06-20T18:17:20.585+0000] {processor.py:157} INFO - Started process (PID=53) to work on /home/airflow/.local/lib/python3.7/site-packages/airflow/example_dags/example_sensor_decorator.py
[2025-06-20T18:17:20.585+0000] {processor.py:826} INFO - Processing file /home/airflow/.local/lib/python3.7/site-packages/airflow/example_dags/example_sensor_decorator.py for tasks to queue
[2025-06-20T18:17:20.587+0000] {logging_mixin.py:150} INFO - [2025-06-20T18:17:20.587+0000] {dagbag.py:541} INFO - Filling up the DagBag from /home/airflow/.local/lib/python3.7/site-packages/airflow/example_dags/example_sensor_decorator.py
[2025-06-20T18:17:20.591+0000] {processor.py:836} INFO - DAG(s) dict_keys(['example_sensor_decorator']) retrieved from /home/airflow/.local/lib/python3.7/site-packages/airflow/example_dags/example_sensor_decorator.py
[2025-06-20T18:17:20.599+0000] {logging_mixin.py:150} INFO - [2025-06-20T18:17:20.599+0000] {dag.py:2742} INFO - Sync 1 DAGs
[2025-06-20T18:17:20.612+0000] {logging_mixin.py:150} INFO - [2025-06-20T18:17:20.612+0000] {dag.py:3508} INFO - Setting next_dagrun for example_sensor_decorator to None, run_after=None
[2025-06-20T18:17:20.622+0000] {processor.py:179} INFO - Processing /home/airflow/.local/lib/python3.7/site-packages/airflow/example_dags/example_sensor_decorator.py took 0.041 seconds
[2025-06-20T18:17:51.052+0000] {processor.py:157} INFO - Started process (PID=107) to work on /home/airflow/.local/lib/python3.7/site-packages/airflow/example_dags/example_sensor_decorator.py
[2025-06-20T18:17:51.054+0000] {processor.py:826} INFO - Processing file /home/airflow/.local/lib/python3.7/site-packages/airflow/example_dags/example_sensor_decorator.py for tasks to queue
[2025-06-20T18:17:51.058+0000] {logging_mixin.py:150} INFO - [2025-06-20T18:17:51.058+0000] {dagbag.py:541} INFO - Filling up the DagBag from /home/airflow/.local/lib/python3.7/site-packages/airflow/example_dags/example_sensor_decorator.py
[2025-06-20T18:17:51.062+0000] {processor.py:836} INFO - DAG(s) dict_keys(['example_sensor_decorator']) retrieved from /home/airflow/.local/lib/python3.7/site-packages/airflow/example_dags/example_sensor_decorator.py
[2025-06-20T18:17:51.073+0000] {logging_mixin.py:150} INFO - [2025-06-20T18:17:51.073+0000] {dag.py:2742} INFO - Sync 1 DAGs
[2025-06-20T18:17:51.085+0000] {logging_mixin.py:150} INFO - [2025-06-20T18:17:51.084+0000] {dag.py:3508} INFO - Setting next_dagrun for example_sensor_decorator to None, run_after=None
[2025-06-20T18:17:51.092+0000] {processor.py:179} INFO - Processing /home/airflow/.local/lib/python3.7/site-packages/airflow/example_dags/example_sensor_decorator.py took 0.041 seconds
[2025-06-20T18:18:21.966+0000] {processor.py:157} INFO - Started process (PID=170) to work on /home/airflow/.local/lib/python3.7/site-packages/airflow/example_dags/example_sensor_decorator.py
[2025-06-20T18:18:21.968+0000] {processor.py:826} INFO - Processing file /home/airflow/.local/lib/python3.7/site-packages/airflow/example_dags/example_sensor_decorator.py for tasks to queue
[2025-06-20T18:18:21.969+0000] {logging_mixin.py:150} INFO - [2025-06-20T18:18:21.969+0000] {dagbag.py:541} INFO - Filling up the DagBag from /home/airflow/.local/lib/python3.7/site-packages/airflow/example_dags/example_sensor_decorator.py
[2025-06-20T18:18:21.972+0000] {processor.py:836} INFO - DAG(s) dict_keys(['example_sensor_decorator']) retrieved from /home/airflow/.local/lib/python3.7/site-packages/airflow/example_dags/example_sensor_decorator.py
[2025-06-20T18:18:21.983+0000] {logging_mixin.py:150} INFO - [2025-06-20T18:18:21.983+0000] {dag.py:2742} INFO - Sync 1 DAGs
[2025-06-20T18:18:21.995+0000] {logging_mixin.py:150} INFO - [2025-06-20T18:18:21.995+0000] {dag.py:3508} INFO - Setting next_dagrun for example_sensor_decorator to None, run_after=None
[2025-06-20T18:18:22.004+0000] {processor.py:179} INFO - Processing /home/airflow/.local/lib/python3.7/site-packages/airflow/example_dags/example_sensor_decorator.py took 0.039 seconds
[2025-06-20T18:18:52.732+0000] {processor.py:157} INFO - Started process (PID=233) to work on /home/airflow/.local/lib/python3.7/site-packages/airflow/example_dags/example_sensor_decorator.py
[2025-06-20T18:18:52.734+0000] {processor.py:826} INFO - Processing file /home/airflow/.local/lib/python3.7/site-packages/airflow/example_dags/example_sensor_decorator.py for tasks to queue
[2025-06-20T18:18:52.735+0000] {logging_mixin.py:150} INFO - [2025-06-20T18:18:52.734+0000] {dagbag.py:541} INFO - Filling up the DagBag from /home/airflow/.local/lib/python3.7/site-packages/airflow/example_dags/example_sensor_decorator.py
[2025-06-20T18:18:52.740+0000] {processor.py:836} INFO - DAG(s) dict_keys(['example_sensor_decorator']) retrieved from /home/airflow/.local/lib/python3.7/site-packages/airflow/example_dags/example_sensor_decorator.py
[2025-06-20T18:18:52.749+0000] {logging_mixin.py:150} INFO - [2025-06-20T18:18:52.749+0000] {dag.py:2742} INFO - Sync 1 DAGs
[2025-06-20T18:18:52.760+0000] {logging_mixin.py:150} INFO - [2025-06-20T18:18:52.760+0000] {dag.py:3508} INFO - Setting next_dagrun for example_sensor_decorator to None, run_after=None
[2025-06-20T18:18:52.768+0000] {processor.py:179} INFO - Processing /home/airflow/.local/lib/python3.7/site-packages/airflow/example_dags/example_sensor_decorator.py took 0.038 seconds
[2025-06-20T18:19:23.533+0000] {processor.py:157} INFO - Started process (PID=287) to work on /home/airflow/.local/lib/python3.7/site-packages/airflow/example_dags/example_sensor_decorator.py
[2025-06-20T18:19:23.534+0000] {processor.py:826} INFO - Processing file /home/airflow/.local/lib/python3.7/site-packages/airflow/example_dags/example_sensor_decorator.py for tasks to queue
[2025-06-20T18:19:23.535+0000] {logging_mixin.py:150} INFO - [2025-06-20T18:19:23.534+0000] {dagbag.py:541} INFO - Filling up the DagBag from /home/airflow/.local/lib/python3.7/site-packages/airflow/example_dags/example_sensor_decorator.py
[2025-06-20T18:19:23.537+0000] {processor.py:836} INFO - DAG(s) dict_keys(['example_sensor_decorator']) retrieved from /home/airflow/.local/lib/python3.7/site-packages/airflow/example_dags/example_sensor_decorator.py
[2025-06-20T18:19:23.548+0000] {logging_mixin.py:150} INFO - [2025-06-20T18:19:23.548+0000] {dag.py:2742} INFO - Sync 1 DAGs
[2025-06-20T18:19:23.559+0000] {logging_mixin.py:150} INFO - [2025-06-20T18:19:23.559+0000] {dag.py:3508} INFO - Setting next_dagrun for example_sensor_decorator to None, run_after=None
[2025-06-20T18:19:23.567+0000] {processor.py:179} INFO - Processing /home/airflow/.local/lib/python3.7/site-packages/airflow/example_dags/example_sensor_decorator.py took 0.035 seconds
[2025-06-20T18:19:54.238+0000] {processor.py:157} INFO - Started process (PID=350) to work on /home/airflow/.local/lib/python3.7/site-packages/airflow/example_dags/example_sensor_decorator.py
[2025-06-20T18:19:54.240+0000] {processor.py:826} INFO - Processing file /home/airflow/.local/lib/python3.7/site-packages/airflow/example_dags/example_sensor_decorator.py for tasks to queue
[2025-06-20T18:19:54.241+0000] {logging_mixin.py:150} INFO - [2025-06-20T18:19:54.241+0000] {dagbag.py:541} INFO - Filling up the DagBag from /home/airflow/.local/lib/python3.7/site-packages/airflow/example_dags/example_sensor_decorator.py
[2025-06-20T18:19:54.245+0000] {processor.py:836} INFO - DAG(s) dict_keys(['example_sensor_decorator']) retrieved from /home/airflow/.local/lib/python3.7/site-packages/airflow/example_dags/example_sensor_decorator.py
[2025-06-20T18:19:54.255+0000] {logging_mixin.py:150} INFO - [2025-06-20T18:19:54.255+0000] {dag.py:2742} INFO - Sync 1 DAGs
[2025-06-20T18:19:54.268+0000] {logging_mixin.py:150} INFO - [2025-06-20T18:19:54.268+0000] {dag.py:3508} INFO - Setting next_dagrun for example_sensor_decorator to None, run_after=None
[2025-06-20T18:19:54.276+0000] {processor.py:179} INFO - Processing /home/airflow/.local/lib/python3.7/site-packages/airflow/example_dags/example_sensor_decorator.py took 0.041 seconds
[2025-06-20T18:20:25.094+0000] {processor.py:157} INFO - Started process (PID=413) to work on /home/airflow/.local/lib/python3.7/site-packages/airflow/example_dags/example_sensor_decorator.py
[2025-06-20T18:20:25.095+0000] {processor.py:826} INFO - Processing file /home/airflow/.local/lib/python3.7/site-packages/airflow/example_dags/example_sensor_decorator.py for tasks to queue
[2025-06-20T18:20:25.096+0000] {logging_mixin.py:150} INFO - [2025-06-20T18:20:25.095+0000] {dagbag.py:541} INFO - Filling up the DagBag from /home/airflow/.local/lib/python3.7/site-packages/airflow/example_dags/example_sensor_decorator.py
[2025-06-20T18:20:25.098+0000] {processor.py:836} INFO - DAG(s) dict_keys(['example_sensor_decorator']) retrieved from /home/airflow/.local/lib/python3.7/site-packages/airflow/example_dags/example_sensor_decorator.py
[2025-06-20T18:20:25.108+0000] {logging_mixin.py:150} INFO - [2025-06-20T18:20:25.108+0000] {dag.py:2742} INFO - Sync 1 DAGs
[2025-06-20T18:20:25.118+0000] {logging_mixin.py:150} INFO - [2025-06-20T18:20:25.118+0000] {dag.py:3508} INFO - Setting next_dagrun for example_sensor_decorator to None, run_after=None
[2025-06-20T18:20:25.125+0000] {processor.py:179} INFO - Processing /home/airflow/.local/lib/python3.7/site-packages/airflow/example_dags/example_sensor_decorator.py took 0.032 seconds
[2025-06-20T18:20:55.910+0000] {processor.py:157} INFO - Started process (PID=467) to work on /home/airflow/.local/lib/python3.7/site-packages/airflow/example_dags/example_sensor_decorator.py
[2025-06-20T18:20:55.910+0000] {processor.py:826} INFO - Processing file /home/airflow/.local/lib/python3.7/site-packages/airflow/example_dags/example_sensor_decorator.py for tasks to queue
[2025-06-20T18:20:55.911+0000] {logging_mixin.py:150} INFO - [2025-06-20T18:20:55.911+0000] {dagbag.py:541} INFO - Filling up the DagBag from /home/airflow/.local/lib/python3.7/site-packages/airflow/example_dags/example_sensor_decorator.py
[2025-06-20T18:20:55.915+0000] {processor.py:836} INFO - DAG(s) dict_keys(['example_sensor_decorator']) retrieved from /home/airflow/.local/lib/python3.7/site-packages/airflow/example_dags/example_sensor_decorator.py
[2025-06-20T18:20:55.926+0000] {logging_mixin.py:150} INFO - [2025-06-20T18:20:55.926+0000] {dag.py:2742} INFO - Sync 1 DAGs
[2025-06-20T18:20:55.937+0000] {logging_mixin.py:150} INFO - [2025-06-20T18:20:55.937+0000] {dag.py:3508} INFO - Setting next_dagrun for example_sensor_decorator to None, run_after=None
[2025-06-20T18:20:55.945+0000] {processor.py:179} INFO - Processing /home/airflow/.local/lib/python3.7/site-packages/airflow/example_dags/example_sensor_decorator.py took 0.037 seconds
[2025-06-20T18:21:26.673+0000] {processor.py:157} INFO - Started process (PID=530) to work on /home/airflow/.local/lib/python3.7/site-packages/airflow/example_dags/example_sensor_decorator.py
[2025-06-20T18:21:26.674+0000] {processor.py:826} INFO - Processing file /home/airflow/.local/lib/python3.7/site-packages/airflow/example_dags/example_sensor_decorator.py for tasks to queue
[2025-06-20T18:21:26.674+0000] {logging_mixin.py:150} INFO - [2025-06-20T18:21:26.674+0000] {dagbag.py:541} INFO - Filling up the DagBag from /home/airflow/.local/lib/python3.7/site-packages/airflow/example_dags/example_sensor_decorator.py
[2025-06-20T18:21:26.677+0000] {processor.py:836} INFO - DAG(s) dict_keys(['example_sensor_decorator']) retrieved from /home/airflow/.local/lib/python3.7/site-packages/airflow/example_dags/example_sensor_decorator.py
[2025-06-20T18:21:26.690+0000] {logging_mixin.py:150} INFO - [2025-06-20T18:21:26.690+0000] {dag.py:2742} INFO - Sync 1 DAGs
[2025-06-20T18:21:26.703+0000] {logging_mixin.py:150} INFO - [2025-06-20T18:21:26.703+0000] {dag.py:3508} INFO - Setting next_dagrun for example_sensor_decorator to None, run_after=None
[2025-06-20T18:21:26.711+0000] {processor.py:179} INFO - Processing /home/airflow/.local/lib/python3.7/site-packages/airflow/example_dags/example_sensor_decorator.py took 0.039 seconds
[2025-06-20T18:21:57.387+0000] {processor.py:157} INFO - Started process (PID=593) to work on /home/airflow/.local/lib/python3.7/site-packages/airflow/example_dags/example_sensor_decorator.py
[2025-06-20T18:21:57.387+0000] {processor.py:826} INFO - Processing file /home/airflow/.local/lib/python3.7/site-packages/airflow/example_dags/example_sensor_decorator.py for tasks to queue
[2025-06-20T18:21:57.388+0000] {logging_mixin.py:150} INFO - [2025-06-20T18:21:57.388+0000] {dagbag.py:541} INFO - Filling up the DagBag from /home/airflow/.local/lib/python3.7/site-packages/airflow/example_dags/example_sensor_decorator.py
[2025-06-20T18:21:57.391+0000] {processor.py:836} INFO - DAG(s) dict_keys(['example_sensor_decorator']) retrieved from /home/airflow/.local/lib/python3.7/site-packages/airflow/example_dags/example_sensor_decorator.py
[2025-06-20T18:21:57.401+0000] {logging_mixin.py:150} INFO - [2025-06-20T18:21:57.401+0000] {dag.py:2742} INFO - Sync 1 DAGs
[2025-06-20T18:21:57.412+0000] {logging_mixin.py:150} INFO - [2025-06-20T18:21:57.412+0000] {dag.py:3508} INFO - Setting next_dagrun for example_sensor_decorator to None, run_after=None
[2025-06-20T18:21:57.420+0000] {processor.py:179} INFO - Processing /home/airflow/.local/lib/python3.7/site-packages/airflow/example_dags/example_sensor_decorator.py took 0.035 seconds
[2025-06-20T18:22:28.081+0000] {processor.py:157} INFO - Started process (PID=647) to work on /home/airflow/.local/lib/python3.7/site-packages/airflow/example_dags/example_sensor_decorator.py
[2025-06-20T18:22:28.082+0000] {processor.py:826} INFO - Processing file /home/airflow/.local/lib/python3.7/site-packages/airflow/example_dags/example_sensor_decorator.py for tasks to queue
[2025-06-20T18:22:28.083+0000] {logging_mixin.py:150} INFO - [2025-06-20T18:22:28.082+0000] {dagbag.py:541} INFO - Filling up the DagBag from /home/airflow/.local/lib/python3.7/site-packages/airflow/example_dags/example_sensor_decorator.py
[2025-06-20T18:22:28.085+0000] {processor.py:836} INFO - DAG(s) dict_keys(['example_sensor_decorator']) retrieved from /home/airflow/.local/lib/python3.7/site-packages/airflow/example_dags/example_sensor_decorator.py
[2025-06-20T18:22:28.096+0000] {logging_mixin.py:150} INFO - [2025-06-20T18:22:28.096+0000] {dag.py:2742} INFO - Sync 1 DAGs
[2025-06-20T18:22:28.108+0000] {logging_mixin.py:150} INFO - [2025-06-20T18:22:28.108+0000] {dag.py:3508} INFO - Setting next_dagrun for example_sensor_decorator to None, run_after=None
[2025-06-20T18:22:28.119+0000] {processor.py:179} INFO - Processing /home/airflow/.local/lib/python3.7/site-packages/airflow/example_dags/example_sensor_decorator.py took 0.039 seconds
