[2025-06-20T18:17:21.093+0000] {processor.py:157} INFO - Started process (PID=70) to work on /home/airflow/.local/lib/python3.7/site-packages/airflow/example_dags/example_params_trigger_ui.py
[2025-06-20T18:17:21.094+0000] {processor.py:826} INFO - Processing file /home/airflow/.local/lib/python3.7/site-packages/airflow/example_dags/example_params_trigger_ui.py for tasks to queue
[2025-06-20T18:17:21.095+0000] {logging_mixin.py:150} INFO - [2025-06-20T18:17:21.095+0000] {dagbag.py:541} INFO - Filling up the DagBag from /home/airflow/.local/lib/python3.7/site-packages/airflow/example_dags/example_params_trigger_ui.py
[2025-06-20T18:17:21.106+0000] {processor.py:836} INFO - DAG(s) dict_keys(['example_params_trigger_ui']) retrieved from /home/airflow/.local/lib/python3.7/site-packages/airflow/example_dags/example_params_trigger_ui.py
[2025-06-20T18:17:21.114+0000] {logging_mixin.py:150} INFO - [2025-06-20T18:17:21.113+0000] {dag.py:2742} INFO - Sync 1 DAGs
[2025-06-20T18:17:21.127+0000] {logging_mixin.py:150} INFO - [2025-06-20T18:17:21.127+0000] {dag.py:3508} INFO - Setting next_dagrun for example_params_trigger_ui to None, run_after=None
[2025-06-20T18:17:21.136+0000] {processor.py:179} INFO - Processing /home/airflow/.local/lib/python3.7/site-packages/airflow/example_dags/example_params_trigger_ui.py took 0.045 seconds
[2025-06-20T18:17:51.568+0000] {processor.py:157} INFO - Started process (PID=124) to work on /home/airflow/.local/lib/python3.7/site-packages/airflow/example_dags/example_params_trigger_ui.py
[2025-06-20T18:17:51.570+0000] {processor.py:826} INFO - Processing file /home/airflow/.local/lib/python3.7/site-packages/airflow/example_dags/example_params_trigger_ui.py for tasks to queue
[2025-06-20T18:17:51.572+0000] {logging_mixin.py:150} INFO - [2025-06-20T18:17:51.571+0000] {dagbag.py:541} INFO - Filling up the DagBag from /home/airflow/.local/lib/python3.7/site-packages/airflow/example_dags/example_params_trigger_ui.py
[2025-06-20T18:17:51.581+0000] {processor.py:836} INFO - DAG(s) dict_keys(['example_params_trigger_ui']) retrieved from /home/airflow/.local/lib/python3.7/site-packages/airflow/example_dags/example_params_trigger_ui.py
[2025-06-20T18:17:51.616+0000] {logging_mixin.py:150} INFO - [2025-06-20T18:17:51.615+0000] {dag.py:2742} INFO - Sync 1 DAGs
[2025-06-20T18:17:51.627+0000] {logging_mixin.py:150} INFO - [2025-06-20T18:17:51.627+0000] {dag.py:3508} INFO - Setting next_dagrun for example_params_trigger_ui to None, run_after=None
[2025-06-20T18:17:51.635+0000] {processor.py:179} INFO - Processing /home/airflow/.local/lib/python3.7/site-packages/airflow/example_dags/example_params_trigger_ui.py took 0.069 seconds
[2025-06-20T18:18:22.399+0000] {processor.py:157} INFO - Started process (PID=187) to work on /home/airflow/.local/lib/python3.7/site-packages/airflow/example_dags/example_params_trigger_ui.py
[2025-06-20T18:18:22.400+0000] {processor.py:826} INFO - Processing file /home/airflow/.local/lib/python3.7/site-packages/airflow/example_dags/example_params_trigger_ui.py for tasks to queue
[2025-06-20T18:18:22.400+0000] {logging_mixin.py:150} INFO - [2025-06-20T18:18:22.400+0000] {dagbag.py:541} INFO - Filling up the DagBag from /home/airflow/.local/lib/python3.7/site-packages/airflow/example_dags/example_params_trigger_ui.py
[2025-06-20T18:18:22.409+0000] {processor.py:836} INFO - DAG(s) dict_keys(['example_params_trigger_ui']) retrieved from /home/airflow/.local/lib/python3.7/site-packages/airflow/example_dags/example_params_trigger_ui.py
[2025-06-20T18:18:22.445+0000] {logging_mixin.py:150} INFO - [2025-06-20T18:18:22.445+0000] {dag.py:2742} INFO - Sync 1 DAGs
[2025-06-20T18:18:22.457+0000] {logging_mixin.py:150} INFO - [2025-06-20T18:18:22.457+0000] {dag.py:3508} INFO - Setting next_dagrun for example_params_trigger_ui to None, run_after=None
[2025-06-20T18:18:22.467+0000] {processor.py:179} INFO - Processing /home/airflow/.local/lib/python3.7/site-packages/airflow/example_dags/example_params_trigger_ui.py took 0.069 seconds
[2025-06-20T18:18:53.181+0000] {processor.py:157} INFO - Started process (PID=250) to work on /home/airflow/.local/lib/python3.7/site-packages/airflow/example_dags/example_params_trigger_ui.py
[2025-06-20T18:18:53.181+0000] {processor.py:826} INFO - Processing file /home/airflow/.local/lib/python3.7/site-packages/airflow/example_dags/example_params_trigger_ui.py for tasks to queue
[2025-06-20T18:18:53.182+0000] {logging_mixin.py:150} INFO - [2025-06-20T18:18:53.182+0000] {dagbag.py:541} INFO - Filling up the DagBag from /home/airflow/.local/lib/python3.7/site-packages/airflow/example_dags/example_params_trigger_ui.py
[2025-06-20T18:18:53.192+0000] {processor.py:836} INFO - DAG(s) dict_keys(['example_params_trigger_ui']) retrieved from /home/airflow/.local/lib/python3.7/site-packages/airflow/example_dags/example_params_trigger_ui.py
[2025-06-20T18:18:53.226+0000] {logging_mixin.py:150} INFO - [2025-06-20T18:18:53.226+0000] {dag.py:2742} INFO - Sync 1 DAGs
[2025-06-20T18:18:53.237+0000] {logging_mixin.py:150} INFO - [2025-06-20T18:18:53.237+0000] {dag.py:3508} INFO - Setting next_dagrun for example_params_trigger_ui to None, run_after=None
[2025-06-20T18:18:53.245+0000] {processor.py:179} INFO - Processing /home/airflow/.local/lib/python3.7/site-packages/airflow/example_dags/example_params_trigger_ui.py took 0.066 seconds
[2025-06-20T18:19:23.971+0000] {processor.py:157} INFO - Started process (PID=304) to work on /home/airflow/.local/lib/python3.7/site-packages/airflow/example_dags/example_params_trigger_ui.py
[2025-06-20T18:19:23.972+0000] {processor.py:826} INFO - Processing file /home/airflow/.local/lib/python3.7/site-packages/airflow/example_dags/example_params_trigger_ui.py for tasks to queue
[2025-06-20T18:19:23.973+0000] {logging_mixin.py:150} INFO - [2025-06-20T18:19:23.972+0000] {dagbag.py:541} INFO - Filling up the DagBag from /home/airflow/.local/lib/python3.7/site-packages/airflow/example_dags/example_params_trigger_ui.py
[2025-06-20T18:19:23.981+0000] {processor.py:836} INFO - DAG(s) dict_keys(['example_params_trigger_ui']) retrieved from /home/airflow/.local/lib/python3.7/site-packages/airflow/example_dags/example_params_trigger_ui.py
[2025-06-20T18:19:24.015+0000] {logging_mixin.py:150} INFO - [2025-06-20T18:19:24.015+0000] {dag.py:2742} INFO - Sync 1 DAGs
[2025-06-20T18:19:24.027+0000] {logging_mixin.py:150} INFO - [2025-06-20T18:19:24.026+0000] {dag.py:3508} INFO - Setting next_dagrun for example_params_trigger_ui to None, run_after=None
[2025-06-20T18:19:24.038+0000] {processor.py:179} INFO - Processing /home/airflow/.local/lib/python3.7/site-packages/airflow/example_dags/example_params_trigger_ui.py took 0.068 seconds
[2025-06-20T18:19:54.783+0000] {processor.py:157} INFO - Started process (PID=367) to work on /home/airflow/.local/lib/python3.7/site-packages/airflow/example_dags/example_params_trigger_ui.py
[2025-06-20T18:19:54.784+0000] {processor.py:826} INFO - Processing file /home/airflow/.local/lib/python3.7/site-packages/airflow/example_dags/example_params_trigger_ui.py for tasks to queue
[2025-06-20T18:19:54.785+0000] {logging_mixin.py:150} INFO - [2025-06-20T18:19:54.785+0000] {dagbag.py:541} INFO - Filling up the DagBag from /home/airflow/.local/lib/python3.7/site-packages/airflow/example_dags/example_params_trigger_ui.py
[2025-06-20T18:19:54.794+0000] {processor.py:836} INFO - DAG(s) dict_keys(['example_params_trigger_ui']) retrieved from /home/airflow/.local/lib/python3.7/site-packages/airflow/example_dags/example_params_trigger_ui.py
[2025-06-20T18:19:54.829+0000] {logging_mixin.py:150} INFO - [2025-06-20T18:19:54.829+0000] {dag.py:2742} INFO - Sync 1 DAGs
[2025-06-20T18:19:54.842+0000] {logging_mixin.py:150} INFO - [2025-06-20T18:19:54.841+0000] {dag.py:3508} INFO - Setting next_dagrun for example_params_trigger_ui to None, run_after=None
[2025-06-20T18:19:54.851+0000] {processor.py:179} INFO - Processing /home/airflow/.local/lib/python3.7/site-packages/airflow/example_dags/example_params_trigger_ui.py took 0.070 seconds
[2025-06-20T18:20:25.555+0000] {processor.py:157} INFO - Started process (PID=430) to work on /home/airflow/.local/lib/python3.7/site-packages/airflow/example_dags/example_params_trigger_ui.py
[2025-06-20T18:20:25.556+0000] {processor.py:826} INFO - Processing file /home/airflow/.local/lib/python3.7/site-packages/airflow/example_dags/example_params_trigger_ui.py for tasks to queue
[2025-06-20T18:20:25.557+0000] {logging_mixin.py:150} INFO - [2025-06-20T18:20:25.557+0000] {dagbag.py:541} INFO - Filling up the DagBag from /home/airflow/.local/lib/python3.7/site-packages/airflow/example_dags/example_params_trigger_ui.py
[2025-06-20T18:20:25.566+0000] {processor.py:836} INFO - DAG(s) dict_keys(['example_params_trigger_ui']) retrieved from /home/airflow/.local/lib/python3.7/site-packages/airflow/example_dags/example_params_trigger_ui.py
[2025-06-20T18:20:25.601+0000] {logging_mixin.py:150} INFO - [2025-06-20T18:20:25.601+0000] {dag.py:2742} INFO - Sync 1 DAGs
[2025-06-20T18:20:25.612+0000] {logging_mixin.py:150} INFO - [2025-06-20T18:20:25.612+0000] {dag.py:3508} INFO - Setting next_dagrun for example_params_trigger_ui to None, run_after=None
[2025-06-20T18:20:25.620+0000] {processor.py:179} INFO - Processing /home/airflow/.local/lib/python3.7/site-packages/airflow/example_dags/example_params_trigger_ui.py took 0.066 seconds
[2025-06-20T18:20:56.375+0000] {processor.py:157} INFO - Started process (PID=484) to work on /home/airflow/.local/lib/python3.7/site-packages/airflow/example_dags/example_params_trigger_ui.py
[2025-06-20T18:20:56.376+0000] {processor.py:826} INFO - Processing file /home/airflow/.local/lib/python3.7/site-packages/airflow/example_dags/example_params_trigger_ui.py for tasks to queue
[2025-06-20T18:20:56.377+0000] {logging_mixin.py:150} INFO - [2025-06-20T18:20:56.376+0000] {dagbag.py:541} INFO - Filling up the DagBag from /home/airflow/.local/lib/python3.7/site-packages/airflow/example_dags/example_params_trigger_ui.py
[2025-06-20T18:20:56.386+0000] {processor.py:836} INFO - DAG(s) dict_keys(['example_params_trigger_ui']) retrieved from /home/airflow/.local/lib/python3.7/site-packages/airflow/example_dags/example_params_trigger_ui.py
[2025-06-20T18:20:56.420+0000] {logging_mixin.py:150} INFO - [2025-06-20T18:20:56.420+0000] {dag.py:2742} INFO - Sync 1 DAGs
[2025-06-20T18:20:56.431+0000] {logging_mixin.py:150} INFO - [2025-06-20T18:20:56.431+0000] {dag.py:3508} INFO - Setting next_dagrun for example_params_trigger_ui to None, run_after=None
[2025-06-20T18:20:56.438+0000] {processor.py:179} INFO - Processing /home/airflow/.local/lib/python3.7/site-packages/airflow/example_dags/example_params_trigger_ui.py took 0.066 seconds
[2025-06-20T18:21:27.156+0000] {processor.py:157} INFO - Started process (PID=547) to work on /home/airflow/.local/lib/python3.7/site-packages/airflow/example_dags/example_params_trigger_ui.py
[2025-06-20T18:21:27.158+0000] {processor.py:826} INFO - Processing file /home/airflow/.local/lib/python3.7/site-packages/airflow/example_dags/example_params_trigger_ui.py for tasks to queue
[2025-06-20T18:21:27.159+0000] {logging_mixin.py:150} INFO - [2025-06-20T18:21:27.159+0000] {dagbag.py:541} INFO - Filling up the DagBag from /home/airflow/.local/lib/python3.7/site-packages/airflow/example_dags/example_params_trigger_ui.py
[2025-06-20T18:21:27.169+0000] {processor.py:836} INFO - DAG(s) dict_keys(['example_params_trigger_ui']) retrieved from /home/airflow/.local/lib/python3.7/site-packages/airflow/example_dags/example_params_trigger_ui.py
[2025-06-20T18:21:27.204+0000] {logging_mixin.py:150} INFO - [2025-06-20T18:21:27.203+0000] {dag.py:2742} INFO - Sync 1 DAGs
[2025-06-20T18:21:27.215+0000] {logging_mixin.py:150} INFO - [2025-06-20T18:21:27.215+0000] {dag.py:3508} INFO - Setting next_dagrun for example_params_trigger_ui to None, run_after=None
[2025-06-20T18:21:27.223+0000] {processor.py:179} INFO - Processing /home/airflow/.local/lib/python3.7/site-packages/airflow/example_dags/example_params_trigger_ui.py took 0.069 seconds
[2025-06-20T18:21:57.836+0000] {processor.py:157} INFO - Started process (PID=610) to work on /home/airflow/.local/lib/python3.7/site-packages/airflow/example_dags/example_params_trigger_ui.py
[2025-06-20T18:21:57.837+0000] {processor.py:826} INFO - Processing file /home/airflow/.local/lib/python3.7/site-packages/airflow/example_dags/example_params_trigger_ui.py for tasks to queue
[2025-06-20T18:21:57.837+0000] {logging_mixin.py:150} INFO - [2025-06-20T18:21:57.837+0000] {dagbag.py:541} INFO - Filling up the DagBag from /home/airflow/.local/lib/python3.7/site-packages/airflow/example_dags/example_params_trigger_ui.py
[2025-06-20T18:21:57.847+0000] {processor.py:836} INFO - DAG(s) dict_keys(['example_params_trigger_ui']) retrieved from /home/airflow/.local/lib/python3.7/site-packages/airflow/example_dags/example_params_trigger_ui.py
[2025-06-20T18:21:57.881+0000] {logging_mixin.py:150} INFO - [2025-06-20T18:21:57.881+0000] {dag.py:2742} INFO - Sync 1 DAGs
[2025-06-20T18:21:57.894+0000] {logging_mixin.py:150} INFO - [2025-06-20T18:21:57.894+0000] {dag.py:3508} INFO - Setting next_dagrun for example_params_trigger_ui to None, run_after=None
[2025-06-20T18:21:57.902+0000] {processor.py:179} INFO - Processing /home/airflow/.local/lib/python3.7/site-packages/airflow/example_dags/example_params_trigger_ui.py took 0.068 seconds
[2025-06-20T18:22:28.518+0000] {processor.py:157} INFO - Started process (PID=664) to work on /home/airflow/.local/lib/python3.7/site-packages/airflow/example_dags/example_params_trigger_ui.py
[2025-06-20T18:22:28.518+0000] {processor.py:826} INFO - Processing file /home/airflow/.local/lib/python3.7/site-packages/airflow/example_dags/example_params_trigger_ui.py for tasks to queue
[2025-06-20T18:22:28.519+0000] {logging_mixin.py:150} INFO - [2025-06-20T18:22:28.519+0000] {dagbag.py:541} INFO - Filling up the DagBag from /home/airflow/.local/lib/python3.7/site-packages/airflow/example_dags/example_params_trigger_ui.py
[2025-06-20T18:22:28.529+0000] {processor.py:836} INFO - DAG(s) dict_keys(['example_params_trigger_ui']) retrieved from /home/airflow/.local/lib/python3.7/site-packages/airflow/example_dags/example_params_trigger_ui.py
[2025-06-20T18:22:28.563+0000] {logging_mixin.py:150} INFO - [2025-06-20T18:22:28.563+0000] {dag.py:2742} INFO - Sync 1 DAGs
[2025-06-20T18:22:28.574+0000] {logging_mixin.py:150} INFO - [2025-06-20T18:22:28.574+0000] {dag.py:3508} INFO - Setting next_dagrun for example_params_trigger_ui to None, run_after=None
[2025-06-20T18:22:28.583+0000] {processor.py:179} INFO - Processing /home/airflow/.local/lib/python3.7/site-packages/airflow/example_dags/example_params_trigger_ui.py took 0.067 seconds
