[2025-06-20T18:17:21.150+0000] {processor.py:157} INFO - Started process (PID=72) to work on /home/airflow/.local/lib/python3.7/site-packages/airflow/example_dags/example_dynamic_task_mapping_with_no_taskflow_operators.py
[2025-06-20T18:17:21.152+0000] {processor.py:826} INFO - Processing file /home/airflow/.local/lib/python3.7/site-packages/airflow/example_dags/example_dynamic_task_mapping_with_no_taskflow_operators.py for tasks to queue
[2025-06-20T18:17:21.153+0000] {logging_mixin.py:150} INFO - [2025-06-20T18:17:21.153+0000] {dagbag.py:541} INFO - Filling up the DagBag from /home/airflow/.local/lib/python3.7/site-packages/airflow/example_dags/example_dynamic_task_mapping_with_no_taskflow_operators.py
[2025-06-20T18:17:21.157+0000] {processor.py:836} INFO - DAG(s) dict_keys(['example_dynamic_task_mapping_with_no_taskflow_operators']) retrieved from /home/airflow/.local/lib/python3.7/site-packages/airflow/example_dags/example_dynamic_task_mapping_with_no_taskflow_operators.py
[2025-06-20T18:17:21.166+0000] {logging_mixin.py:150} INFO - [2025-06-20T18:17:21.166+0000] {dag.py:2742} INFO - Sync 1 DAGs
[2025-06-20T18:17:21.179+0000] {logging_mixin.py:150} INFO - [2025-06-20T18:17:21.179+0000] {dag.py:3508} INFO - Setting next_dagrun for example_dynamic_task_mapping_with_no_taskflow_operators to 2025-06-19T18:17:21.179144+00:00, run_after=2025-06-20T18:17:21.179144+00:00
[2025-06-20T18:17:21.189+0000] {processor.py:179} INFO - Processing /home/airflow/.local/lib/python3.7/site-packages/airflow/example_dags/example_dynamic_task_mapping_with_no_taskflow_operators.py took 0.041 seconds
[2025-06-20T18:17:51.580+0000] {processor.py:157} INFO - Started process (PID=125) to work on /home/airflow/.local/lib/python3.7/site-packages/airflow/example_dags/example_dynamic_task_mapping_with_no_taskflow_operators.py
[2025-06-20T18:17:51.581+0000] {processor.py:826} INFO - Processing file /home/airflow/.local/lib/python3.7/site-packages/airflow/example_dags/example_dynamic_task_mapping_with_no_taskflow_operators.py for tasks to queue
[2025-06-20T18:17:51.581+0000] {logging_mixin.py:150} INFO - [2025-06-20T18:17:51.581+0000] {dagbag.py:541} INFO - Filling up the DagBag from /home/airflow/.local/lib/python3.7/site-packages/airflow/example_dags/example_dynamic_task_mapping_with_no_taskflow_operators.py
[2025-06-20T18:17:51.586+0000] {processor.py:836} INFO - DAG(s) dict_keys(['example_dynamic_task_mapping_with_no_taskflow_operators']) retrieved from /home/airflow/.local/lib/python3.7/site-packages/airflow/example_dags/example_dynamic_task_mapping_with_no_taskflow_operators.py
[2025-06-20T18:17:51.596+0000] {logging_mixin.py:150} INFO - [2025-06-20T18:17:51.596+0000] {dag.py:2742} INFO - Sync 1 DAGs
[2025-06-20T18:17:51.608+0000] {logging_mixin.py:150} INFO - [2025-06-20T18:17:51.608+0000] {dag.py:3508} INFO - Setting next_dagrun for example_dynamic_task_mapping_with_no_taskflow_operators to 2025-06-19T18:17:51.608000+00:00, run_after=2025-06-20T18:17:51.608000+00:00
[2025-06-20T18:17:51.615+0000] {processor.py:179} INFO - Processing /home/airflow/.local/lib/python3.7/site-packages/airflow/example_dags/example_dynamic_task_mapping_with_no_taskflow_operators.py took 0.037 seconds
[2025-06-20T18:18:22.442+0000] {processor.py:157} INFO - Started process (PID=188) to work on /home/airflow/.local/lib/python3.7/site-packages/airflow/example_dags/example_dynamic_task_mapping_with_no_taskflow_operators.py
[2025-06-20T18:18:22.442+0000] {processor.py:826} INFO - Processing file /home/airflow/.local/lib/python3.7/site-packages/airflow/example_dags/example_dynamic_task_mapping_with_no_taskflow_operators.py for tasks to queue
[2025-06-20T18:18:22.443+0000] {logging_mixin.py:150} INFO - [2025-06-20T18:18:22.443+0000] {dagbag.py:541} INFO - Filling up the DagBag from /home/airflow/.local/lib/python3.7/site-packages/airflow/example_dags/example_dynamic_task_mapping_with_no_taskflow_operators.py
[2025-06-20T18:18:22.445+0000] {processor.py:836} INFO - DAG(s) dict_keys(['example_dynamic_task_mapping_with_no_taskflow_operators']) retrieved from /home/airflow/.local/lib/python3.7/site-packages/airflow/example_dags/example_dynamic_task_mapping_with_no_taskflow_operators.py
[2025-06-20T18:18:22.456+0000] {logging_mixin.py:150} INFO - [2025-06-20T18:18:22.456+0000] {dag.py:2742} INFO - Sync 1 DAGs
[2025-06-20T18:18:22.466+0000] {logging_mixin.py:150} INFO - [2025-06-20T18:18:22.466+0000] {dag.py:3508} INFO - Setting next_dagrun for example_dynamic_task_mapping_with_no_taskflow_operators to 2025-06-19T18:18:22.466247+00:00, run_after=2025-06-20T18:18:22.466247+00:00
[2025-06-20T18:18:22.475+0000] {processor.py:179} INFO - Processing /home/airflow/.local/lib/python3.7/site-packages/airflow/example_dags/example_dynamic_task_mapping_with_no_taskflow_operators.py took 0.035 seconds
[2025-06-20T18:18:53.193+0000] {processor.py:157} INFO - Started process (PID=251) to work on /home/airflow/.local/lib/python3.7/site-packages/airflow/example_dags/example_dynamic_task_mapping_with_no_taskflow_operators.py
[2025-06-20T18:18:53.194+0000] {processor.py:826} INFO - Processing file /home/airflow/.local/lib/python3.7/site-packages/airflow/example_dags/example_dynamic_task_mapping_with_no_taskflow_operators.py for tasks to queue
[2025-06-20T18:18:53.194+0000] {logging_mixin.py:150} INFO - [2025-06-20T18:18:53.194+0000] {dagbag.py:541} INFO - Filling up the DagBag from /home/airflow/.local/lib/python3.7/site-packages/airflow/example_dags/example_dynamic_task_mapping_with_no_taskflow_operators.py
[2025-06-20T18:18:53.197+0000] {processor.py:836} INFO - DAG(s) dict_keys(['example_dynamic_task_mapping_with_no_taskflow_operators']) retrieved from /home/airflow/.local/lib/python3.7/site-packages/airflow/example_dags/example_dynamic_task_mapping_with_no_taskflow_operators.py
[2025-06-20T18:18:53.207+0000] {logging_mixin.py:150} INFO - [2025-06-20T18:18:53.207+0000] {dag.py:2742} INFO - Sync 1 DAGs
[2025-06-20T18:18:53.218+0000] {logging_mixin.py:150} INFO - [2025-06-20T18:18:53.218+0000] {dag.py:3508} INFO - Setting next_dagrun for example_dynamic_task_mapping_with_no_taskflow_operators to 2025-06-19T18:18:53.218082+00:00, run_after=2025-06-20T18:18:53.218082+00:00
[2025-06-20T18:18:53.225+0000] {processor.py:179} INFO - Processing /home/airflow/.local/lib/python3.7/site-packages/airflow/example_dags/example_dynamic_task_mapping_with_no_taskflow_operators.py took 0.033 seconds
[2025-06-20T18:19:23.972+0000] {processor.py:157} INFO - Started process (PID=305) to work on /home/airflow/.local/lib/python3.7/site-packages/airflow/example_dags/example_dynamic_task_mapping_with_no_taskflow_operators.py
[2025-06-20T18:19:23.976+0000] {processor.py:826} INFO - Processing file /home/airflow/.local/lib/python3.7/site-packages/airflow/example_dags/example_dynamic_task_mapping_with_no_taskflow_operators.py for tasks to queue
[2025-06-20T18:19:23.977+0000] {logging_mixin.py:150} INFO - [2025-06-20T18:19:23.977+0000] {dagbag.py:541} INFO - Filling up the DagBag from /home/airflow/.local/lib/python3.7/site-packages/airflow/example_dags/example_dynamic_task_mapping_with_no_taskflow_operators.py
[2025-06-20T18:19:23.979+0000] {processor.py:836} INFO - DAG(s) dict_keys(['example_dynamic_task_mapping_with_no_taskflow_operators']) retrieved from /home/airflow/.local/lib/python3.7/site-packages/airflow/example_dags/example_dynamic_task_mapping_with_no_taskflow_operators.py
[2025-06-20T18:19:23.990+0000] {logging_mixin.py:150} INFO - [2025-06-20T18:19:23.990+0000] {dag.py:2742} INFO - Sync 1 DAGs
[2025-06-20T18:19:24.004+0000] {logging_mixin.py:150} INFO - [2025-06-20T18:19:24.004+0000] {dag.py:3508} INFO - Setting next_dagrun for example_dynamic_task_mapping_with_no_taskflow_operators to 2025-06-19T18:19:24.004228+00:00, run_after=2025-06-20T18:19:24.004228+00:00
[2025-06-20T18:19:24.012+0000] {processor.py:179} INFO - Processing /home/airflow/.local/lib/python3.7/site-packages/airflow/example_dags/example_dynamic_task_mapping_with_no_taskflow_operators.py took 0.041 seconds
[2025-06-20T18:19:54.792+0000] {processor.py:157} INFO - Started process (PID=368) to work on /home/airflow/.local/lib/python3.7/site-packages/airflow/example_dags/example_dynamic_task_mapping_with_no_taskflow_operators.py
[2025-06-20T18:19:54.792+0000] {processor.py:826} INFO - Processing file /home/airflow/.local/lib/python3.7/site-packages/airflow/example_dags/example_dynamic_task_mapping_with_no_taskflow_operators.py for tasks to queue
[2025-06-20T18:19:54.793+0000] {logging_mixin.py:150} INFO - [2025-06-20T18:19:54.793+0000] {dagbag.py:541} INFO - Filling up the DagBag from /home/airflow/.local/lib/python3.7/site-packages/airflow/example_dags/example_dynamic_task_mapping_with_no_taskflow_operators.py
[2025-06-20T18:19:54.795+0000] {processor.py:836} INFO - DAG(s) dict_keys(['example_dynamic_task_mapping_with_no_taskflow_operators']) retrieved from /home/airflow/.local/lib/python3.7/site-packages/airflow/example_dags/example_dynamic_task_mapping_with_no_taskflow_operators.py
[2025-06-20T18:19:54.805+0000] {logging_mixin.py:150} INFO - [2025-06-20T18:19:54.805+0000] {dag.py:2742} INFO - Sync 1 DAGs
[2025-06-20T18:19:54.816+0000] {logging_mixin.py:150} INFO - [2025-06-20T18:19:54.816+0000] {dag.py:3508} INFO - Setting next_dagrun for example_dynamic_task_mapping_with_no_taskflow_operators to 2025-06-19T18:19:54.816392+00:00, run_after=2025-06-20T18:19:54.816392+00:00
[2025-06-20T18:19:54.826+0000] {processor.py:179} INFO - Processing /home/airflow/.local/lib/python3.7/site-packages/airflow/example_dags/example_dynamic_task_mapping_with_no_taskflow_operators.py took 0.036 seconds
[2025-06-20T18:20:25.571+0000] {processor.py:157} INFO - Started process (PID=431) to work on /home/airflow/.local/lib/python3.7/site-packages/airflow/example_dags/example_dynamic_task_mapping_with_no_taskflow_operators.py
[2025-06-20T18:20:25.572+0000] {processor.py:826} INFO - Processing file /home/airflow/.local/lib/python3.7/site-packages/airflow/example_dags/example_dynamic_task_mapping_with_no_taskflow_operators.py for tasks to queue
[2025-06-20T18:20:25.576+0000] {logging_mixin.py:150} INFO - [2025-06-20T18:20:25.576+0000] {dagbag.py:541} INFO - Filling up the DagBag from /home/airflow/.local/lib/python3.7/site-packages/airflow/example_dags/example_dynamic_task_mapping_with_no_taskflow_operators.py
[2025-06-20T18:20:25.578+0000] {processor.py:836} INFO - DAG(s) dict_keys(['example_dynamic_task_mapping_with_no_taskflow_operators']) retrieved from /home/airflow/.local/lib/python3.7/site-packages/airflow/example_dags/example_dynamic_task_mapping_with_no_taskflow_operators.py
[2025-06-20T18:20:25.588+0000] {logging_mixin.py:150} INFO - [2025-06-20T18:20:25.588+0000] {dag.py:2742} INFO - Sync 1 DAGs
[2025-06-20T18:20:25.599+0000] {logging_mixin.py:150} INFO - [2025-06-20T18:20:25.599+0000] {dag.py:3508} INFO - Setting next_dagrun for example_dynamic_task_mapping_with_no_taskflow_operators to 2025-06-19T18:20:25.599241+00:00, run_after=2025-06-20T18:20:25.599241+00:00
[2025-06-20T18:20:25.607+0000] {processor.py:179} INFO - Processing /home/airflow/.local/lib/python3.7/site-packages/airflow/example_dags/example_dynamic_task_mapping_with_no_taskflow_operators.py took 0.037 seconds
[2025-06-20T18:20:56.383+0000] {processor.py:157} INFO - Started process (PID=485) to work on /home/airflow/.local/lib/python3.7/site-packages/airflow/example_dags/example_dynamic_task_mapping_with_no_taskflow_operators.py
[2025-06-20T18:20:56.384+0000] {processor.py:826} INFO - Processing file /home/airflow/.local/lib/python3.7/site-packages/airflow/example_dags/example_dynamic_task_mapping_with_no_taskflow_operators.py for tasks to queue
[2025-06-20T18:20:56.384+0000] {logging_mixin.py:150} INFO - [2025-06-20T18:20:56.384+0000] {dagbag.py:541} INFO - Filling up the DagBag from /home/airflow/.local/lib/python3.7/site-packages/airflow/example_dags/example_dynamic_task_mapping_with_no_taskflow_operators.py
[2025-06-20T18:20:56.387+0000] {processor.py:836} INFO - DAG(s) dict_keys(['example_dynamic_task_mapping_with_no_taskflow_operators']) retrieved from /home/airflow/.local/lib/python3.7/site-packages/airflow/example_dags/example_dynamic_task_mapping_with_no_taskflow_operators.py
[2025-06-20T18:20:56.397+0000] {logging_mixin.py:150} INFO - [2025-06-20T18:20:56.397+0000] {dag.py:2742} INFO - Sync 1 DAGs
[2025-06-20T18:20:56.411+0000] {logging_mixin.py:150} INFO - [2025-06-20T18:20:56.411+0000] {dag.py:3508} INFO - Setting next_dagrun for example_dynamic_task_mapping_with_no_taskflow_operators to 2025-06-19T18:20:56.411048+00:00, run_after=2025-06-20T18:20:56.411048+00:00
[2025-06-20T18:20:56.418+0000] {processor.py:179} INFO - Processing /home/airflow/.local/lib/python3.7/site-packages/airflow/example_dags/example_dynamic_task_mapping_with_no_taskflow_operators.py took 0.037 seconds
[2025-06-20T18:21:27.162+0000] {processor.py:157} INFO - Started process (PID=548) to work on /home/airflow/.local/lib/python3.7/site-packages/airflow/example_dags/example_dynamic_task_mapping_with_no_taskflow_operators.py
[2025-06-20T18:21:27.162+0000] {processor.py:826} INFO - Processing file /home/airflow/.local/lib/python3.7/site-packages/airflow/example_dags/example_dynamic_task_mapping_with_no_taskflow_operators.py for tasks to queue
[2025-06-20T18:21:27.163+0000] {logging_mixin.py:150} INFO - [2025-06-20T18:21:27.163+0000] {dagbag.py:541} INFO - Filling up the DagBag from /home/airflow/.local/lib/python3.7/site-packages/airflow/example_dags/example_dynamic_task_mapping_with_no_taskflow_operators.py
[2025-06-20T18:21:27.166+0000] {processor.py:836} INFO - DAG(s) dict_keys(['example_dynamic_task_mapping_with_no_taskflow_operators']) retrieved from /home/airflow/.local/lib/python3.7/site-packages/airflow/example_dags/example_dynamic_task_mapping_with_no_taskflow_operators.py
[2025-06-20T18:21:27.177+0000] {logging_mixin.py:150} INFO - [2025-06-20T18:21:27.177+0000] {dag.py:2742} INFO - Sync 1 DAGs
[2025-06-20T18:21:27.190+0000] {logging_mixin.py:150} INFO - [2025-06-20T18:21:27.190+0000] {dag.py:3508} INFO - Setting next_dagrun for example_dynamic_task_mapping_with_no_taskflow_operators to 2025-06-19T18:21:27.190143+00:00, run_after=2025-06-20T18:21:27.190143+00:00
[2025-06-20T18:21:27.197+0000] {processor.py:179} INFO - Processing /home/airflow/.local/lib/python3.7/site-packages/airflow/example_dags/example_dynamic_task_mapping_with_no_taskflow_operators.py took 0.037 seconds
[2025-06-20T18:21:57.844+0000] {processor.py:157} INFO - Started process (PID=611) to work on /home/airflow/.local/lib/python3.7/site-packages/airflow/example_dags/example_dynamic_task_mapping_with_no_taskflow_operators.py
[2025-06-20T18:21:57.844+0000] {processor.py:826} INFO - Processing file /home/airflow/.local/lib/python3.7/site-packages/airflow/example_dags/example_dynamic_task_mapping_with_no_taskflow_operators.py for tasks to queue
[2025-06-20T18:21:57.845+0000] {logging_mixin.py:150} INFO - [2025-06-20T18:21:57.845+0000] {dagbag.py:541} INFO - Filling up the DagBag from /home/airflow/.local/lib/python3.7/site-packages/airflow/example_dags/example_dynamic_task_mapping_with_no_taskflow_operators.py
[2025-06-20T18:21:57.848+0000] {processor.py:836} INFO - DAG(s) dict_keys(['example_dynamic_task_mapping_with_no_taskflow_operators']) retrieved from /home/airflow/.local/lib/python3.7/site-packages/airflow/example_dags/example_dynamic_task_mapping_with_no_taskflow_operators.py
[2025-06-20T18:21:57.858+0000] {logging_mixin.py:150} INFO - [2025-06-20T18:21:57.857+0000] {dag.py:2742} INFO - Sync 1 DAGs
[2025-06-20T18:21:57.869+0000] {logging_mixin.py:150} INFO - [2025-06-20T18:21:57.868+0000] {dag.py:3508} INFO - Setting next_dagrun for example_dynamic_task_mapping_with_no_taskflow_operators to 2025-06-19T18:21:57.868824+00:00, run_after=2025-06-20T18:21:57.868824+00:00
[2025-06-20T18:21:57.875+0000] {processor.py:179} INFO - Processing /home/airflow/.local/lib/python3.7/site-packages/airflow/example_dags/example_dynamic_task_mapping_with_no_taskflow_operators.py took 0.033 seconds
[2025-06-20T18:22:28.562+0000] {processor.py:157} INFO - Started process (PID=665) to work on /home/airflow/.local/lib/python3.7/site-packages/airflow/example_dags/example_dynamic_task_mapping_with_no_taskflow_operators.py
[2025-06-20T18:22:28.562+0000] {processor.py:826} INFO - Processing file /home/airflow/.local/lib/python3.7/site-packages/airflow/example_dags/example_dynamic_task_mapping_with_no_taskflow_operators.py for tasks to queue
[2025-06-20T18:22:28.563+0000] {logging_mixin.py:150} INFO - [2025-06-20T18:22:28.563+0000] {dagbag.py:541} INFO - Filling up the DagBag from /home/airflow/.local/lib/python3.7/site-packages/airflow/example_dags/example_dynamic_task_mapping_with_no_taskflow_operators.py
[2025-06-20T18:22:28.566+0000] {processor.py:836} INFO - DAG(s) dict_keys(['example_dynamic_task_mapping_with_no_taskflow_operators']) retrieved from /home/airflow/.local/lib/python3.7/site-packages/airflow/example_dags/example_dynamic_task_mapping_with_no_taskflow_operators.py
[2025-06-20T18:22:28.576+0000] {logging_mixin.py:150} INFO - [2025-06-20T18:22:28.576+0000] {dag.py:2742} INFO - Sync 1 DAGs
[2025-06-20T18:22:28.587+0000] {logging_mixin.py:150} INFO - [2025-06-20T18:22:28.587+0000] {dag.py:3508} INFO - Setting next_dagrun for example_dynamic_task_mapping_with_no_taskflow_operators to 2025-06-19T18:22:28.586906+00:00, run_after=2025-06-20T18:22:28.586906+00:00
[2025-06-20T18:22:28.595+0000] {processor.py:179} INFO - Processing /home/airflow/.local/lib/python3.7/site-packages/airflow/example_dags/example_dynamic_task_mapping_with_no_taskflow_operators.py took 0.035 seconds
