[2025-06-20T18:17:22.032+0000] {processor.py:157} INFO - Started process (PID=75) to work on /home/airflow/.local/lib/python3.7/site-packages/airflow/example_dags/example_dynamic_task_mapping.py
[2025-06-20T18:17:22.033+0000] {processor.py:826} INFO - Processing file /home/airflow/.local/lib/python3.7/site-packages/airflow/example_dags/example_dynamic_task_mapping.py for tasks to queue
[2025-06-20T18:17:22.035+0000] {logging_mixin.py:150} INFO - [2025-06-20T18:17:22.035+0000] {dagbag.py:541} INFO - Filling up the DagBag from /home/airflow/.local/lib/python3.7/site-packages/airflow/example_dags/example_dynamic_task_mapping.py
[2025-06-20T18:17:22.038+0000] {processor.py:836} INFO - DAG(s) dict_keys(['example_dynamic_task_mapping']) retrieved from /home/airflow/.local/lib/python3.7/site-packages/airflow/example_dags/example_dynamic_task_mapping.py
[2025-06-20T18:17:22.049+0000] {logging_mixin.py:150} INFO - [2025-06-20T18:17:22.049+0000] {dag.py:2742} INFO - Sync 1 DAGs
[2025-06-20T18:17:22.064+0000] {logging_mixin.py:150} INFO - [2025-06-20T18:17:22.064+0000] {dag.py:3508} INFO - Setting next_dagrun for example_dynamic_task_mapping to 2022-03-04T00:00:00+00:00, run_after=2022-03-05T00:00:00+00:00
[2025-06-20T18:17:22.074+0000] {processor.py:179} INFO - Processing /home/airflow/.local/lib/python3.7/site-packages/airflow/example_dags/example_dynamic_task_mapping.py took 0.044 seconds
[2025-06-20T18:17:52.932+0000] {processor.py:157} INFO - Started process (PID=129) to work on /home/airflow/.local/lib/python3.7/site-packages/airflow/example_dags/example_dynamic_task_mapping.py
[2025-06-20T18:17:52.934+0000] {processor.py:826} INFO - Processing file /home/airflow/.local/lib/python3.7/site-packages/airflow/example_dags/example_dynamic_task_mapping.py for tasks to queue
[2025-06-20T18:17:52.935+0000] {logging_mixin.py:150} INFO - [2025-06-20T18:17:52.935+0000] {dagbag.py:541} INFO - Filling up the DagBag from /home/airflow/.local/lib/python3.7/site-packages/airflow/example_dags/example_dynamic_task_mapping.py
[2025-06-20T18:17:52.939+0000] {processor.py:836} INFO - DAG(s) dict_keys(['example_dynamic_task_mapping']) retrieved from /home/airflow/.local/lib/python3.7/site-packages/airflow/example_dags/example_dynamic_task_mapping.py
[2025-06-20T18:17:52.949+0000] {logging_mixin.py:150} INFO - [2025-06-20T18:17:52.949+0000] {dag.py:2742} INFO - Sync 1 DAGs
[2025-06-20T18:17:52.962+0000] {logging_mixin.py:150} INFO - [2025-06-20T18:17:52.962+0000] {dag.py:3508} INFO - Setting next_dagrun for example_dynamic_task_mapping to 2022-03-04T00:00:00+00:00, run_after=2022-03-05T00:00:00+00:00
[2025-06-20T18:17:52.972+0000] {processor.py:179} INFO - Processing /home/airflow/.local/lib/python3.7/site-packages/airflow/example_dags/example_dynamic_task_mapping.py took 0.042 seconds
[2025-06-20T18:18:23.729+0000] {processor.py:157} INFO - Started process (PID=192) to work on /home/airflow/.local/lib/python3.7/site-packages/airflow/example_dags/example_dynamic_task_mapping.py
[2025-06-20T18:18:23.730+0000] {processor.py:826} INFO - Processing file /home/airflow/.local/lib/python3.7/site-packages/airflow/example_dags/example_dynamic_task_mapping.py for tasks to queue
[2025-06-20T18:18:23.730+0000] {logging_mixin.py:150} INFO - [2025-06-20T18:18:23.730+0000] {dagbag.py:541} INFO - Filling up the DagBag from /home/airflow/.local/lib/python3.7/site-packages/airflow/example_dags/example_dynamic_task_mapping.py
[2025-06-20T18:18:23.733+0000] {processor.py:836} INFO - DAG(s) dict_keys(['example_dynamic_task_mapping']) retrieved from /home/airflow/.local/lib/python3.7/site-packages/airflow/example_dags/example_dynamic_task_mapping.py
[2025-06-20T18:18:23.744+0000] {logging_mixin.py:150} INFO - [2025-06-20T18:18:23.743+0000] {dag.py:2742} INFO - Sync 1 DAGs
[2025-06-20T18:18:23.755+0000] {logging_mixin.py:150} INFO - [2025-06-20T18:18:23.755+0000] {dag.py:3508} INFO - Setting next_dagrun for example_dynamic_task_mapping to 2022-03-04T00:00:00+00:00, run_after=2022-03-05T00:00:00+00:00
[2025-06-20T18:18:23.763+0000] {processor.py:179} INFO - Processing /home/airflow/.local/lib/python3.7/site-packages/airflow/example_dags/example_dynamic_task_mapping.py took 0.035 seconds
[2025-06-20T18:18:54.487+0000] {processor.py:157} INFO - Started process (PID=255) to work on /home/airflow/.local/lib/python3.7/site-packages/airflow/example_dags/example_dynamic_task_mapping.py
[2025-06-20T18:18:54.488+0000] {processor.py:826} INFO - Processing file /home/airflow/.local/lib/python3.7/site-packages/airflow/example_dags/example_dynamic_task_mapping.py for tasks to queue
[2025-06-20T18:18:54.489+0000] {logging_mixin.py:150} INFO - [2025-06-20T18:18:54.489+0000] {dagbag.py:541} INFO - Filling up the DagBag from /home/airflow/.local/lib/python3.7/site-packages/airflow/example_dags/example_dynamic_task_mapping.py
[2025-06-20T18:18:54.492+0000] {processor.py:836} INFO - DAG(s) dict_keys(['example_dynamic_task_mapping']) retrieved from /home/airflow/.local/lib/python3.7/site-packages/airflow/example_dags/example_dynamic_task_mapping.py
[2025-06-20T18:18:54.504+0000] {logging_mixin.py:150} INFO - [2025-06-20T18:18:54.504+0000] {dag.py:2742} INFO - Sync 1 DAGs
[2025-06-20T18:18:54.516+0000] {logging_mixin.py:150} INFO - [2025-06-20T18:18:54.516+0000] {dag.py:3508} INFO - Setting next_dagrun for example_dynamic_task_mapping to 2022-03-04T00:00:00+00:00, run_after=2022-03-05T00:00:00+00:00
[2025-06-20T18:18:54.523+0000] {processor.py:179} INFO - Processing /home/airflow/.local/lib/python3.7/site-packages/airflow/example_dags/example_dynamic_task_mapping.py took 0.038 seconds
[2025-06-20T18:19:25.294+0000] {processor.py:157} INFO - Started process (PID=309) to work on /home/airflow/.local/lib/python3.7/site-packages/airflow/example_dags/example_dynamic_task_mapping.py
[2025-06-20T18:19:25.295+0000] {processor.py:826} INFO - Processing file /home/airflow/.local/lib/python3.7/site-packages/airflow/example_dags/example_dynamic_task_mapping.py for tasks to queue
[2025-06-20T18:19:25.296+0000] {logging_mixin.py:150} INFO - [2025-06-20T18:19:25.296+0000] {dagbag.py:541} INFO - Filling up the DagBag from /home/airflow/.local/lib/python3.7/site-packages/airflow/example_dags/example_dynamic_task_mapping.py
[2025-06-20T18:19:25.299+0000] {processor.py:836} INFO - DAG(s) dict_keys(['example_dynamic_task_mapping']) retrieved from /home/airflow/.local/lib/python3.7/site-packages/airflow/example_dags/example_dynamic_task_mapping.py
[2025-06-20T18:19:25.310+0000] {logging_mixin.py:150} INFO - [2025-06-20T18:19:25.310+0000] {dag.py:2742} INFO - Sync 1 DAGs
[2025-06-20T18:19:25.321+0000] {logging_mixin.py:150} INFO - [2025-06-20T18:19:25.321+0000] {dag.py:3508} INFO - Setting next_dagrun for example_dynamic_task_mapping to 2022-03-04T00:00:00+00:00, run_after=2022-03-05T00:00:00+00:00
[2025-06-20T18:19:25.328+0000] {processor.py:179} INFO - Processing /home/airflow/.local/lib/python3.7/site-packages/airflow/example_dags/example_dynamic_task_mapping.py took 0.036 seconds
[2025-06-20T18:19:56.090+0000] {processor.py:157} INFO - Started process (PID=372) to work on /home/airflow/.local/lib/python3.7/site-packages/airflow/example_dags/example_dynamic_task_mapping.py
[2025-06-20T18:19:56.093+0000] {processor.py:826} INFO - Processing file /home/airflow/.local/lib/python3.7/site-packages/airflow/example_dags/example_dynamic_task_mapping.py for tasks to queue
[2025-06-20T18:19:56.095+0000] {logging_mixin.py:150} INFO - [2025-06-20T18:19:56.094+0000] {dagbag.py:541} INFO - Filling up the DagBag from /home/airflow/.local/lib/python3.7/site-packages/airflow/example_dags/example_dynamic_task_mapping.py
[2025-06-20T18:19:56.101+0000] {processor.py:836} INFO - DAG(s) dict_keys(['example_dynamic_task_mapping']) retrieved from /home/airflow/.local/lib/python3.7/site-packages/airflow/example_dags/example_dynamic_task_mapping.py
[2025-06-20T18:19:56.117+0000] {logging_mixin.py:150} INFO - [2025-06-20T18:19:56.116+0000] {dag.py:2742} INFO - Sync 1 DAGs
[2025-06-20T18:19:56.128+0000] {logging_mixin.py:150} INFO - [2025-06-20T18:19:56.128+0000] {dag.py:3508} INFO - Setting next_dagrun for example_dynamic_task_mapping to 2022-03-04T00:00:00+00:00, run_after=2022-03-05T00:00:00+00:00
[2025-06-20T18:19:56.137+0000] {processor.py:179} INFO - Processing /home/airflow/.local/lib/python3.7/site-packages/airflow/example_dags/example_dynamic_task_mapping.py took 0.049 seconds
[2025-06-20T18:20:26.927+0000] {processor.py:157} INFO - Started process (PID=435) to work on /home/airflow/.local/lib/python3.7/site-packages/airflow/example_dags/example_dynamic_task_mapping.py
[2025-06-20T18:20:26.928+0000] {processor.py:826} INFO - Processing file /home/airflow/.local/lib/python3.7/site-packages/airflow/example_dags/example_dynamic_task_mapping.py for tasks to queue
[2025-06-20T18:20:26.929+0000] {logging_mixin.py:150} INFO - [2025-06-20T18:20:26.929+0000] {dagbag.py:541} INFO - Filling up the DagBag from /home/airflow/.local/lib/python3.7/site-packages/airflow/example_dags/example_dynamic_task_mapping.py
[2025-06-20T18:20:26.931+0000] {processor.py:836} INFO - DAG(s) dict_keys(['example_dynamic_task_mapping']) retrieved from /home/airflow/.local/lib/python3.7/site-packages/airflow/example_dags/example_dynamic_task_mapping.py
[2025-06-20T18:20:26.942+0000] {logging_mixin.py:150} INFO - [2025-06-20T18:20:26.942+0000] {dag.py:2742} INFO - Sync 1 DAGs
[2025-06-20T18:20:26.952+0000] {logging_mixin.py:150} INFO - [2025-06-20T18:20:26.952+0000] {dag.py:3508} INFO - Setting next_dagrun for example_dynamic_task_mapping to 2022-03-04T00:00:00+00:00, run_after=2022-03-05T00:00:00+00:00
[2025-06-20T18:20:26.959+0000] {processor.py:179} INFO - Processing /home/airflow/.local/lib/python3.7/site-packages/airflow/example_dags/example_dynamic_task_mapping.py took 0.033 seconds
[2025-06-20T18:20:57.654+0000] {processor.py:157} INFO - Started process (PID=489) to work on /home/airflow/.local/lib/python3.7/site-packages/airflow/example_dags/example_dynamic_task_mapping.py
[2025-06-20T18:20:57.657+0000] {processor.py:826} INFO - Processing file /home/airflow/.local/lib/python3.7/site-packages/airflow/example_dags/example_dynamic_task_mapping.py for tasks to queue
[2025-06-20T18:20:57.658+0000] {logging_mixin.py:150} INFO - [2025-06-20T18:20:57.657+0000] {dagbag.py:541} INFO - Filling up the DagBag from /home/airflow/.local/lib/python3.7/site-packages/airflow/example_dags/example_dynamic_task_mapping.py
[2025-06-20T18:20:57.661+0000] {processor.py:836} INFO - DAG(s) dict_keys(['example_dynamic_task_mapping']) retrieved from /home/airflow/.local/lib/python3.7/site-packages/airflow/example_dags/example_dynamic_task_mapping.py
[2025-06-20T18:20:57.671+0000] {logging_mixin.py:150} INFO - [2025-06-20T18:20:57.671+0000] {dag.py:2742} INFO - Sync 1 DAGs
[2025-06-20T18:20:57.682+0000] {logging_mixin.py:150} INFO - [2025-06-20T18:20:57.682+0000] {dag.py:3508} INFO - Setting next_dagrun for example_dynamic_task_mapping to 2022-03-04T00:00:00+00:00, run_after=2022-03-05T00:00:00+00:00
[2025-06-20T18:20:57.690+0000] {processor.py:179} INFO - Processing /home/airflow/.local/lib/python3.7/site-packages/airflow/example_dags/example_dynamic_task_mapping.py took 0.037 seconds
[2025-06-20T18:21:28.456+0000] {processor.py:157} INFO - Started process (PID=552) to work on /home/airflow/.local/lib/python3.7/site-packages/airflow/example_dags/example_dynamic_task_mapping.py
[2025-06-20T18:21:28.456+0000] {processor.py:826} INFO - Processing file /home/airflow/.local/lib/python3.7/site-packages/airflow/example_dags/example_dynamic_task_mapping.py for tasks to queue
[2025-06-20T18:21:28.457+0000] {logging_mixin.py:150} INFO - [2025-06-20T18:21:28.457+0000] {dagbag.py:541} INFO - Filling up the DagBag from /home/airflow/.local/lib/python3.7/site-packages/airflow/example_dags/example_dynamic_task_mapping.py
[2025-06-20T18:21:28.460+0000] {processor.py:836} INFO - DAG(s) dict_keys(['example_dynamic_task_mapping']) retrieved from /home/airflow/.local/lib/python3.7/site-packages/airflow/example_dags/example_dynamic_task_mapping.py
[2025-06-20T18:21:28.470+0000] {logging_mixin.py:150} INFO - [2025-06-20T18:21:28.470+0000] {dag.py:2742} INFO - Sync 1 DAGs
[2025-06-20T18:21:28.480+0000] {logging_mixin.py:150} INFO - [2025-06-20T18:21:28.480+0000] {dag.py:3508} INFO - Setting next_dagrun for example_dynamic_task_mapping to 2022-03-04T00:00:00+00:00, run_after=2022-03-05T00:00:00+00:00
[2025-06-20T18:21:28.490+0000] {processor.py:179} INFO - Processing /home/airflow/.local/lib/python3.7/site-packages/airflow/example_dags/example_dynamic_task_mapping.py took 0.035 seconds
[2025-06-20T18:21:59.131+0000] {processor.py:157} INFO - Started process (PID=615) to work on /home/airflow/.local/lib/python3.7/site-packages/airflow/example_dags/example_dynamic_task_mapping.py
[2025-06-20T18:21:59.133+0000] {processor.py:826} INFO - Processing file /home/airflow/.local/lib/python3.7/site-packages/airflow/example_dags/example_dynamic_task_mapping.py for tasks to queue
[2025-06-20T18:21:59.133+0000] {logging_mixin.py:150} INFO - [2025-06-20T18:21:59.133+0000] {dagbag.py:541} INFO - Filling up the DagBag from /home/airflow/.local/lib/python3.7/site-packages/airflow/example_dags/example_dynamic_task_mapping.py
[2025-06-20T18:21:59.136+0000] {processor.py:836} INFO - DAG(s) dict_keys(['example_dynamic_task_mapping']) retrieved from /home/airflow/.local/lib/python3.7/site-packages/airflow/example_dags/example_dynamic_task_mapping.py
[2025-06-20T18:21:59.147+0000] {logging_mixin.py:150} INFO - [2025-06-20T18:21:59.147+0000] {dag.py:2742} INFO - Sync 1 DAGs
[2025-06-20T18:21:59.158+0000] {logging_mixin.py:150} INFO - [2025-06-20T18:21:59.158+0000] {dag.py:3508} INFO - Setting next_dagrun for example_dynamic_task_mapping to 2022-03-04T00:00:00+00:00, run_after=2022-03-05T00:00:00+00:00
[2025-06-20T18:21:59.165+0000] {processor.py:179} INFO - Processing /home/airflow/.local/lib/python3.7/site-packages/airflow/example_dags/example_dynamic_task_mapping.py took 0.035 seconds
[2025-06-20T18:22:29.841+0000] {processor.py:157} INFO - Started process (PID=669) to work on /home/airflow/.local/lib/python3.7/site-packages/airflow/example_dags/example_dynamic_task_mapping.py
[2025-06-20T18:22:29.842+0000] {processor.py:826} INFO - Processing file /home/airflow/.local/lib/python3.7/site-packages/airflow/example_dags/example_dynamic_task_mapping.py for tasks to queue
[2025-06-20T18:22:29.843+0000] {logging_mixin.py:150} INFO - [2025-06-20T18:22:29.843+0000] {dagbag.py:541} INFO - Filling up the DagBag from /home/airflow/.local/lib/python3.7/site-packages/airflow/example_dags/example_dynamic_task_mapping.py
[2025-06-20T18:22:29.846+0000] {processor.py:836} INFO - DAG(s) dict_keys(['example_dynamic_task_mapping']) retrieved from /home/airflow/.local/lib/python3.7/site-packages/airflow/example_dags/example_dynamic_task_mapping.py
[2025-06-20T18:22:29.857+0000] {logging_mixin.py:150} INFO - [2025-06-20T18:22:29.857+0000] {dag.py:2742} INFO - Sync 1 DAGs
[2025-06-20T18:22:29.870+0000] {logging_mixin.py:150} INFO - [2025-06-20T18:22:29.870+0000] {dag.py:3508} INFO - Setting next_dagrun for example_dynamic_task_mapping to 2022-03-04T00:00:00+00:00, run_after=2022-03-05T00:00:00+00:00
[2025-06-20T18:22:29.878+0000] {processor.py:179} INFO - Processing /home/airflow/.local/lib/python3.7/site-packages/airflow/example_dags/example_dynamic_task_mapping.py took 0.039 seconds
