[2025-06-20T18:17:18.783+0000] {processor.py:157} INFO - Started process (PID=30) to work on /home/airflow/.local/lib/python3.7/site-packages/airflow/example_dags/tutorial_taskflow_api.py
[2025-06-20T18:17:18.787+0000] {processor.py:826} INFO - Processing file /home/airflow/.local/lib/python3.7/site-packages/airflow/example_dags/tutorial_taskflow_api.py for tasks to queue
[2025-06-20T18:17:18.792+0000] {logging_mixin.py:150} INFO - [2025-06-20T18:17:18.791+0000] {dagbag.py:541} INFO - Filling up the DagBag from /home/airflow/.local/lib/python3.7/site-packages/airflow/example_dags/tutorial_taskflow_api.py
[2025-06-20T18:17:18.814+0000] {processor.py:836} INFO - DAG(s) dict_keys(['tutorial_taskflow_api']) retrieved from /home/airflow/.local/lib/python3.7/site-packages/airflow/example_dags/tutorial_taskflow_api.py
[2025-06-20T18:17:18.845+0000] {logging_mixin.py:150} INFO - [2025-06-20T18:17:18.845+0000] {dag.py:2742} INFO - Sync 1 DAGs
[2025-06-20T18:17:18.886+0000] {logging_mixin.py:150} INFO - [2025-06-20T18:17:18.886+0000] {dag.py:3508} INFO - Setting next_dagrun for tutorial_taskflow_api to None, run_after=None
[2025-06-20T18:17:18.905+0000] {processor.py:179} INFO - Processing /home/airflow/.local/lib/python3.7/site-packages/airflow/example_dags/tutorial_taskflow_api.py took 0.136 seconds
[2025-06-20T18:17:49.557+0000] {processor.py:157} INFO - Started process (PID=84) to work on /home/airflow/.local/lib/python3.7/site-packages/airflow/example_dags/tutorial_taskflow_api.py
[2025-06-20T18:17:49.558+0000] {processor.py:826} INFO - Processing file /home/airflow/.local/lib/python3.7/site-packages/airflow/example_dags/tutorial_taskflow_api.py for tasks to queue
[2025-06-20T18:17:49.560+0000] {logging_mixin.py:150} INFO - [2025-06-20T18:17:49.559+0000] {dagbag.py:541} INFO - Filling up the DagBag from /home/airflow/.local/lib/python3.7/site-packages/airflow/example_dags/tutorial_taskflow_api.py
[2025-06-20T18:17:49.565+0000] {processor.py:836} INFO - DAG(s) dict_keys(['tutorial_taskflow_api']) retrieved from /home/airflow/.local/lib/python3.7/site-packages/airflow/example_dags/tutorial_taskflow_api.py
[2025-06-20T18:17:49.581+0000] {logging_mixin.py:150} INFO - [2025-06-20T18:17:49.581+0000] {dag.py:2742} INFO - Sync 1 DAGs
[2025-06-20T18:17:49.594+0000] {logging_mixin.py:150} INFO - [2025-06-20T18:17:49.594+0000] {dag.py:3508} INFO - Setting next_dagrun for tutorial_taskflow_api to None, run_after=None
[2025-06-20T18:17:49.603+0000] {processor.py:179} INFO - Processing /home/airflow/.local/lib/python3.7/site-packages/airflow/example_dags/tutorial_taskflow_api.py took 0.051 seconds
[2025-06-20T18:18:20.420+0000] {processor.py:157} INFO - Started process (PID=147) to work on /home/airflow/.local/lib/python3.7/site-packages/airflow/example_dags/tutorial_taskflow_api.py
[2025-06-20T18:18:20.421+0000] {processor.py:826} INFO - Processing file /home/airflow/.local/lib/python3.7/site-packages/airflow/example_dags/tutorial_taskflow_api.py for tasks to queue
[2025-06-20T18:18:20.424+0000] {logging_mixin.py:150} INFO - [2025-06-20T18:18:20.424+0000] {dagbag.py:541} INFO - Filling up the DagBag from /home/airflow/.local/lib/python3.7/site-packages/airflow/example_dags/tutorial_taskflow_api.py
[2025-06-20T18:18:20.436+0000] {processor.py:836} INFO - DAG(s) dict_keys(['tutorial_taskflow_api']) retrieved from /home/airflow/.local/lib/python3.7/site-packages/airflow/example_dags/tutorial_taskflow_api.py
[2025-06-20T18:18:20.452+0000] {logging_mixin.py:150} INFO - [2025-06-20T18:18:20.452+0000] {dag.py:2742} INFO - Sync 1 DAGs
[2025-06-20T18:18:20.469+0000] {logging_mixin.py:150} INFO - [2025-06-20T18:18:20.469+0000] {dag.py:3508} INFO - Setting next_dagrun for tutorial_taskflow_api to None, run_after=None
[2025-06-20T18:18:20.480+0000] {processor.py:179} INFO - Processing /home/airflow/.local/lib/python3.7/site-packages/airflow/example_dags/tutorial_taskflow_api.py took 0.065 seconds
[2025-06-20T18:18:51.240+0000] {processor.py:157} INFO - Started process (PID=210) to work on /home/airflow/.local/lib/python3.7/site-packages/airflow/example_dags/tutorial_taskflow_api.py
[2025-06-20T18:18:51.241+0000] {processor.py:826} INFO - Processing file /home/airflow/.local/lib/python3.7/site-packages/airflow/example_dags/tutorial_taskflow_api.py for tasks to queue
[2025-06-20T18:18:51.244+0000] {logging_mixin.py:150} INFO - [2025-06-20T18:18:51.244+0000] {dagbag.py:541} INFO - Filling up the DagBag from /home/airflow/.local/lib/python3.7/site-packages/airflow/example_dags/tutorial_taskflow_api.py
[2025-06-20T18:18:51.250+0000] {processor.py:836} INFO - DAG(s) dict_keys(['tutorial_taskflow_api']) retrieved from /home/airflow/.local/lib/python3.7/site-packages/airflow/example_dags/tutorial_taskflow_api.py
[2025-06-20T18:18:51.265+0000] {logging_mixin.py:150} INFO - [2025-06-20T18:18:51.265+0000] {dag.py:2742} INFO - Sync 1 DAGs
[2025-06-20T18:18:51.279+0000] {logging_mixin.py:150} INFO - [2025-06-20T18:18:51.279+0000] {dag.py:3508} INFO - Setting next_dagrun for tutorial_taskflow_api to None, run_after=None
[2025-06-20T18:18:51.289+0000] {processor.py:179} INFO - Processing /home/airflow/.local/lib/python3.7/site-packages/airflow/example_dags/tutorial_taskflow_api.py took 0.052 seconds
[2025-06-20T18:19:22.008+0000] {processor.py:157} INFO - Started process (PID=264) to work on /home/airflow/.local/lib/python3.7/site-packages/airflow/example_dags/tutorial_taskflow_api.py
[2025-06-20T18:19:22.009+0000] {processor.py:826} INFO - Processing file /home/airflow/.local/lib/python3.7/site-packages/airflow/example_dags/tutorial_taskflow_api.py for tasks to queue
[2025-06-20T18:19:22.010+0000] {logging_mixin.py:150} INFO - [2025-06-20T18:19:22.010+0000] {dagbag.py:541} INFO - Filling up the DagBag from /home/airflow/.local/lib/python3.7/site-packages/airflow/example_dags/tutorial_taskflow_api.py
[2025-06-20T18:19:22.019+0000] {processor.py:836} INFO - DAG(s) dict_keys(['tutorial_taskflow_api']) retrieved from /home/airflow/.local/lib/python3.7/site-packages/airflow/example_dags/tutorial_taskflow_api.py
[2025-06-20T18:19:22.035+0000] {logging_mixin.py:150} INFO - [2025-06-20T18:19:22.035+0000] {dag.py:2742} INFO - Sync 1 DAGs
[2025-06-20T18:19:22.049+0000] {logging_mixin.py:150} INFO - [2025-06-20T18:19:22.049+0000] {dag.py:3508} INFO - Setting next_dagrun for tutorial_taskflow_api to None, run_after=None
[2025-06-20T18:19:22.058+0000] {processor.py:179} INFO - Processing /home/airflow/.local/lib/python3.7/site-packages/airflow/example_dags/tutorial_taskflow_api.py took 0.055 seconds
[2025-06-20T18:19:52.744+0000] {processor.py:157} INFO - Started process (PID=327) to work on /home/airflow/.local/lib/python3.7/site-packages/airflow/example_dags/tutorial_taskflow_api.py
[2025-06-20T18:19:52.744+0000] {processor.py:826} INFO - Processing file /home/airflow/.local/lib/python3.7/site-packages/airflow/example_dags/tutorial_taskflow_api.py for tasks to queue
[2025-06-20T18:19:52.746+0000] {logging_mixin.py:150} INFO - [2025-06-20T18:19:52.745+0000] {dagbag.py:541} INFO - Filling up the DagBag from /home/airflow/.local/lib/python3.7/site-packages/airflow/example_dags/tutorial_taskflow_api.py
[2025-06-20T18:19:52.751+0000] {processor.py:836} INFO - DAG(s) dict_keys(['tutorial_taskflow_api']) retrieved from /home/airflow/.local/lib/python3.7/site-packages/airflow/example_dags/tutorial_taskflow_api.py
[2025-06-20T18:19:52.766+0000] {logging_mixin.py:150} INFO - [2025-06-20T18:19:52.766+0000] {dag.py:2742} INFO - Sync 1 DAGs
[2025-06-20T18:19:52.781+0000] {logging_mixin.py:150} INFO - [2025-06-20T18:19:52.781+0000] {dag.py:3508} INFO - Setting next_dagrun for tutorial_taskflow_api to None, run_after=None
[2025-06-20T18:19:52.790+0000] {processor.py:179} INFO - Processing /home/airflow/.local/lib/python3.7/site-packages/airflow/example_dags/tutorial_taskflow_api.py took 0.049 seconds
[2025-06-20T18:20:23.548+0000] {processor.py:157} INFO - Started process (PID=390) to work on /home/airflow/.local/lib/python3.7/site-packages/airflow/example_dags/tutorial_taskflow_api.py
[2025-06-20T18:20:23.550+0000] {processor.py:826} INFO - Processing file /home/airflow/.local/lib/python3.7/site-packages/airflow/example_dags/tutorial_taskflow_api.py for tasks to queue
[2025-06-20T18:20:23.554+0000] {logging_mixin.py:150} INFO - [2025-06-20T18:20:23.553+0000] {dagbag.py:541} INFO - Filling up the DagBag from /home/airflow/.local/lib/python3.7/site-packages/airflow/example_dags/tutorial_taskflow_api.py
[2025-06-20T18:20:23.563+0000] {processor.py:836} INFO - DAG(s) dict_keys(['tutorial_taskflow_api']) retrieved from /home/airflow/.local/lib/python3.7/site-packages/airflow/example_dags/tutorial_taskflow_api.py
[2025-06-20T18:20:23.577+0000] {logging_mixin.py:150} INFO - [2025-06-20T18:20:23.577+0000] {dag.py:2742} INFO - Sync 1 DAGs
[2025-06-20T18:20:23.592+0000] {logging_mixin.py:150} INFO - [2025-06-20T18:20:23.592+0000] {dag.py:3508} INFO - Setting next_dagrun for tutorial_taskflow_api to None, run_after=None
[2025-06-20T18:20:23.602+0000] {processor.py:179} INFO - Processing /home/airflow/.local/lib/python3.7/site-packages/airflow/example_dags/tutorial_taskflow_api.py took 0.058 seconds
[2025-06-20T18:20:54.407+0000] {processor.py:157} INFO - Started process (PID=444) to work on /home/airflow/.local/lib/python3.7/site-packages/airflow/example_dags/tutorial_taskflow_api.py
[2025-06-20T18:20:54.407+0000] {processor.py:826} INFO - Processing file /home/airflow/.local/lib/python3.7/site-packages/airflow/example_dags/tutorial_taskflow_api.py for tasks to queue
[2025-06-20T18:20:54.409+0000] {logging_mixin.py:150} INFO - [2025-06-20T18:20:54.408+0000] {dagbag.py:541} INFO - Filling up the DagBag from /home/airflow/.local/lib/python3.7/site-packages/airflow/example_dags/tutorial_taskflow_api.py
[2025-06-20T18:20:54.415+0000] {processor.py:836} INFO - DAG(s) dict_keys(['tutorial_taskflow_api']) retrieved from /home/airflow/.local/lib/python3.7/site-packages/airflow/example_dags/tutorial_taskflow_api.py
[2025-06-20T18:20:54.430+0000] {logging_mixin.py:150} INFO - [2025-06-20T18:20:54.430+0000] {dag.py:2742} INFO - Sync 1 DAGs
[2025-06-20T18:20:54.445+0000] {logging_mixin.py:150} INFO - [2025-06-20T18:20:54.445+0000] {dag.py:3508} INFO - Setting next_dagrun for tutorial_taskflow_api to None, run_after=None
[2025-06-20T18:20:54.454+0000] {processor.py:179} INFO - Processing /home/airflow/.local/lib/python3.7/site-packages/airflow/example_dags/tutorial_taskflow_api.py took 0.051 seconds
[2025-06-20T18:21:25.194+0000] {processor.py:157} INFO - Started process (PID=507) to work on /home/airflow/.local/lib/python3.7/site-packages/airflow/example_dags/tutorial_taskflow_api.py
[2025-06-20T18:21:25.195+0000] {processor.py:826} INFO - Processing file /home/airflow/.local/lib/python3.7/site-packages/airflow/example_dags/tutorial_taskflow_api.py for tasks to queue
[2025-06-20T18:21:25.196+0000] {logging_mixin.py:150} INFO - [2025-06-20T18:21:25.196+0000] {dagbag.py:541} INFO - Filling up the DagBag from /home/airflow/.local/lib/python3.7/site-packages/airflow/example_dags/tutorial_taskflow_api.py
[2025-06-20T18:21:25.202+0000] {processor.py:836} INFO - DAG(s) dict_keys(['tutorial_taskflow_api']) retrieved from /home/airflow/.local/lib/python3.7/site-packages/airflow/example_dags/tutorial_taskflow_api.py
[2025-06-20T18:21:25.215+0000] {logging_mixin.py:150} INFO - [2025-06-20T18:21:25.215+0000] {dag.py:2742} INFO - Sync 1 DAGs
[2025-06-20T18:21:25.230+0000] {logging_mixin.py:150} INFO - [2025-06-20T18:21:25.230+0000] {dag.py:3508} INFO - Setting next_dagrun for tutorial_taskflow_api to None, run_after=None
[2025-06-20T18:21:25.239+0000] {processor.py:179} INFO - Processing /home/airflow/.local/lib/python3.7/site-packages/airflow/example_dags/tutorial_taskflow_api.py took 0.048 seconds
[2025-06-20T18:21:55.870+0000] {processor.py:157} INFO - Started process (PID=570) to work on /home/airflow/.local/lib/python3.7/site-packages/airflow/example_dags/tutorial_taskflow_api.py
[2025-06-20T18:21:55.873+0000] {processor.py:826} INFO - Processing file /home/airflow/.local/lib/python3.7/site-packages/airflow/example_dags/tutorial_taskflow_api.py for tasks to queue
[2025-06-20T18:21:55.875+0000] {logging_mixin.py:150} INFO - [2025-06-20T18:21:55.875+0000] {dagbag.py:541} INFO - Filling up the DagBag from /home/airflow/.local/lib/python3.7/site-packages/airflow/example_dags/tutorial_taskflow_api.py
[2025-06-20T18:21:55.881+0000] {processor.py:836} INFO - DAG(s) dict_keys(['tutorial_taskflow_api']) retrieved from /home/airflow/.local/lib/python3.7/site-packages/airflow/example_dags/tutorial_taskflow_api.py
[2025-06-20T18:21:55.894+0000] {logging_mixin.py:150} INFO - [2025-06-20T18:21:55.894+0000] {dag.py:2742} INFO - Sync 1 DAGs
[2025-06-20T18:21:55.909+0000] {logging_mixin.py:150} INFO - [2025-06-20T18:21:55.909+0000] {dag.py:3508} INFO - Setting next_dagrun for tutorial_taskflow_api to None, run_after=None
[2025-06-20T18:21:55.918+0000] {processor.py:179} INFO - Processing /home/airflow/.local/lib/python3.7/site-packages/airflow/example_dags/tutorial_taskflow_api.py took 0.052 seconds
[2025-06-20T18:22:26.596+0000] {processor.py:157} INFO - Started process (PID=624) to work on /home/airflow/.local/lib/python3.7/site-packages/airflow/example_dags/tutorial_taskflow_api.py
[2025-06-20T18:22:26.597+0000] {processor.py:826} INFO - Processing file /home/airflow/.local/lib/python3.7/site-packages/airflow/example_dags/tutorial_taskflow_api.py for tasks to queue
[2025-06-20T18:22:26.598+0000] {logging_mixin.py:150} INFO - [2025-06-20T18:22:26.598+0000] {dagbag.py:541} INFO - Filling up the DagBag from /home/airflow/.local/lib/python3.7/site-packages/airflow/example_dags/tutorial_taskflow_api.py
[2025-06-20T18:22:26.603+0000] {processor.py:836} INFO - DAG(s) dict_keys(['tutorial_taskflow_api']) retrieved from /home/airflow/.local/lib/python3.7/site-packages/airflow/example_dags/tutorial_taskflow_api.py
[2025-06-20T18:22:26.617+0000] {logging_mixin.py:150} INFO - [2025-06-20T18:22:26.617+0000] {dag.py:2742} INFO - Sync 1 DAGs
[2025-06-20T18:22:26.634+0000] {logging_mixin.py:150} INFO - [2025-06-20T18:22:26.634+0000] {dag.py:3508} INFO - Setting next_dagrun for tutorial_taskflow_api to None, run_after=None
[2025-06-20T18:22:26.643+0000] {processor.py:179} INFO - Processing /home/airflow/.local/lib/python3.7/site-packages/airflow/example_dags/tutorial_taskflow_api.py took 0.050 seconds
